*********************************************************************
* LD Score Regression (LDSC)
* Version 1.0.1
* (C) 2014-2019 Brendan Bulik-Sullivan and Hilary Finucane
* Broad Institute of MIT and Harvard / MIT Department of Mathematics
* GNU General Public License v3
*********************************************************************
Call: 
./ldsc.py \
--ref-ld-chr ../input_files/eur_w_ld_chr/ \
--out ../output_ld_regression/output_pmid27989323_SDF1_eur_ldReg \
--rg ../output_sumstats/output_pmid27989323_SDF1_eur.sumstats.gz,../output_sumstats/output_pmid27989323_SDF1_eur.sumstats.gz,../output_sumstats/output_pmid21833088_MS_eur.sumstats.gz,../output_sumstats/output_pmid24076602_MS_eur.sumstats.gz,../output_sumstats/output_pmid24816252_acetylcarnitine_eur.sumstats.gz,../output_sumstats/output_pmid24816252_alanine_eur.sumstats.gz,../output_sumstats/output_pmid24816252_arginine_eur.sumstats.gz,../output_sumstats/output_pmid24816252_asparagine_eur.sumstats.gz,../output_sumstats/output_pmid24816252_cholesterol_eur.sumstats.gz,../output_sumstats/output_pmid24816252_citrate_eur.sumstats.gz,../output_sumstats/output_pmid24816252_glutamate_eur.sumstats.gz,../output_sumstats/output_pmid24816252_glycerol_eur.sumstats.gz,../output_sumstats/output_pmid24816252_histidine_eur.sumstats.gz,../output_sumstats/output_pmid24816252_isoleucine_eur.sumstats.gz,../output_sumstats/output_pmid24816252_phenylalanine_eur.sumstats.gz,../output_sumstats/output_pmid24816252_proline_eur.sumstats.gz,../output_sumstats/output_pmid24816252_pyruvate_eur.sumstats.gz,../output_sumstats/output_pmid24816252_threonine_eur.sumstats.gz,../output_sumstats/output_pmid24816252_tryptophan_eur.sumstats.gz,../output_sumstats/output_pmid24816252_tyrosine_eur.sumstats.gz,../output_sumstats/output_pmid24816252_urea_eur.sumstats.gz,../output_sumstats/output_pmid27386562_MS_eur.sumstats.gz,../output_sumstats/output_pmid27455348_ALS_eur.sumstats.gz,../output_sumstats/output_pmid27989323_CTACK_eur.sumstats.gz,../output_sumstats/output_pmid27989323_GCSF_eur.sumstats.gz,../output_sumstats/output_pmid27989323_GROa_eur.sumstats.gz,../output_sumstats/output_pmid27989323_HGF_eur.sumstats.gz,../output_sumstats/output_pmid27989323_IFNg_eur.sumstats.gz,../output_sumstats/output_pmid27989323_IL10_eur.sumstats.gz,../output_sumstats/output_pmid27989323_IL12p70_eur.sumstats.gz,../output_sumstats/output_pmid27989323_IL13_eur.sumstats.gz,../output_sumstats/output_pmid27989323_IL16_eur.sumstats.gz,../output_sumstats/output_pmid27989323_IL17_eur.sumstats.gz,../output_sumstats/output_pmid27989323_IL18_eur.sumstats.gz,../output_sumstats/output_pmid27989323_IL1ra_eur.sumstats.gz,../output_sumstats/output_pmid27989323_IL2_eur.sumstats.gz,../output_sumstats/output_pmid27989323_IL2ra_eur.sumstats.gz,../output_sumstats/output_pmid27989323_IL4_eur.sumstats.gz,../output_sumstats/output_pmid27989323_IL5_eur.sumstats.gz,../output_sumstats/output_pmid27989323_IL6_eur.sumstats.gz,../output_sumstats/output_pmid27989323_IL7_eur.sumstats.gz,../output_sumstats/output_pmid27989323_IL8_eur.sumstats.gz,../output_sumstats/output_pmid27989323_IL9_eur.sumstats.gz,../output_sumstats/output_pmid27989323_MCP1_eur.sumstats.gz,../output_sumstats/output_pmid27989323_MCP3_eur.sumstats.gz,../output_sumstats/output_pmid27989323_MCSF_eur.sumstats.gz,../output_sumstats/output_pmid27989323_MIF_eur.sumstats.gz,../output_sumstats/output_pmid27989323_MIG_eur.sumstats.gz,../output_sumstats/output_pmid27989323_MIP1a_eur.sumstats.gz,../output_sumstats/output_pmid27989323_MIP1b_eur.sumstats.gz,../output_sumstats/output_pmid27989323_PDGFbb_eur.sumstats.gz,../output_sumstats/output_pmid27989323_RANTES_eur.sumstats.gz,../output_sumstats/output_pmid27989323_SCF_eur.sumstats.gz,../output_sumstats/output_pmid27989323_SCGFb_eur.sumstats.gz,../output_sumstats/output_pmid27989323_TNFa_eur.sumstats.gz,../output_sumstats/output_pmid27989323_TNFb_eur.sumstats.gz,../output_sumstats/output_pmid27989323_TRAIL_eur.sumstats.gz,../output_sumstats/output_pmid27989323_bNGF_eur.sumstats.gz,../output_sumstats/output_pmid27989323_eotaxin_eur.sumstats.gz,../output_sumstats/output_pmid27989323_ip10_eur.sumstats.gz,../output_sumstats/output_pmid29566793_ALS_eur.sumstats.gz,../output_sumstats/output_pmid29632382_T2d-BMIadj_eur.sumstats.gz,../output_sumstats/output_pmid30054458_T2d_eur.sumstats.gz,../output_sumstats/output_pmid33111402_PD_eur.sumstats.gz,../output_sumstats/output_pmid33310728_RA_eur.sumstats.gz,../output_sumstats/output_pmid33589841_LBD_eur.sumstats.gz,../output_sumstats/output_pmid33987465_PD_eur.sumstats.gz,../output_sumstats/output_pmid34737426_APH_eur.sumstats.gz \
--w-ld-chr ../input_files/eur_w_ld_chr/ 

Beginning analysis at Sat Feb 24 20:54:18 2024
Reading summary statistics from ../output_sumstats/output_pmid27989323_SDF1_eur.sumstats.gz ...
Read summary statistics for 1178758 SNPs.
Reading reference panel LD Score from ../input_files/eur_w_ld_chr/[1-22] ... (ldscore_fromlist)
Read reference panel LD Scores for 1290028 SNPs.
Removing partitioned LD Scores with zero variance.
Reading regression weight LD Score from ../input_files/eur_w_ld_chr/[1-22] ... (ldscore_fromlist)
Read regression weight LD Scores for 1290028 SNPs.
After merging with reference panel LD, 1166609 SNPs remain.
After merging with regression SNP LD, 1166609 SNPs remain.
Computing rg for phenotype 2/68
Reading summary statistics from ../output_sumstats/output_pmid27989323_SDF1_eur.sumstats.gz ...
Read summary statistics for 1217311 SNPs.
After merging with summary statistics, 1166609 SNPs remain.
1166609 SNPs with valid alleles.

Heritability of phenotype 1
---------------------------
Total Observed scale h2: -0.0124 (0.0753)
Lambda GC: 0.9898
Mean Chi^2: 0.9973
Intercept: 0.9987 (0.0071)
Ratio: NA (mean chi^2 < 1)

Heritability of phenotype 2/68
------------------------------
Total Observed scale h2: -0.0124 (0.0753)
Lambda GC: 0.9898
Mean Chi^2: 0.9973
Intercept: 0.9987 (0.0071)
Ratio: NA (mean chi^2 < 1)

Genetic Covariance
------------------
Total Observed scale gencov: -0.0123 (0.0753)
Mean z1*z2: 0.9973
Intercept: 0.9987 (0.0071)

Genetic Correlation
-------------------
Genetic Correlation: nan (nan) (h2  out of bounds) 
Z-score: nan (nan) (h2  out of bounds)
P: nan (nan) (h2  out of bounds)
WARNING: One of the h2's was out of bounds.
This usually indicates a data-munging error or that h2 or N is low.

Computing rg for phenotype 3/68
Reading summary statistics from ../output_sumstats/output_pmid21833088_MS_eur.sumstats.gz ...
Read summary statistics for 1217311 SNPs.
After merging with summary statistics, 1166609 SNPs remain.
449779 SNPs with valid alleles.

Heritability of phenotype 3/68
------------------------------
Total Observed scale h2: 0.0561 (0.0281)
Lambda GC: 1.0405
Mean Chi^2: 1.0857
Intercept: 1.0588 (0.009)
Ratio: 0.6861 (0.1051)

Genetic Covariance
------------------
Total Observed scale gencov: -0.0115 (0.0266)
Mean z1*z2: 0.0011
Intercept: 0.0038 (0.0052)

Genetic Correlation
-------------------
Genetic Correlation: nan (nan) (h2  out of bounds) 
Z-score: nan (nan) (h2  out of bounds)
P: nan (nan) (h2  out of bounds)
WARNING: One of the h2's was out of bounds.
This usually indicates a data-munging error or that h2 or N is low.

Computing rg for phenotype 4/68
Reading summary statistics from ../output_sumstats/output_pmid24076602_MS_eur.sumstats.gz ...
Read summary statistics for 1217311 SNPs.
After merging with summary statistics, 1166609 SNPs remain.
49464 SNPs with valid alleles.
WARNING: number of SNPs less than 200k; this is almost always bad.
ERROR computing rg for phenotype 4/68, from file ../output_sumstats/output_pmid24076602_MS_eur.sumstats.gz.
Traceback (most recent call last):
  File "/Users/as/Documents/UNI/Bioinformatik/2023:24_WS/GoBi_Lokal/BlockTeil_Metabolomics/ldsc/ldscore/sumstats.py", line 410, in estimate_rg
    rghat = _rg(loop, args, log, M_annot, ref_ld_cnames, w_ld_cname, i)
  File "/Users/as/Documents/UNI/Bioinformatik/2023:24_WS/GoBi_Lokal/BlockTeil_Metabolomics/ldsc/ldscore/sumstats.py", line 539, in _rg
    intercept_gencov=intercepts[2], n_blocks=n_blocks, twostep=args.two_step)
  File "/Users/as/Documents/UNI/Bioinformatik/2023:24_WS/GoBi_Lokal/BlockTeil_Metabolomics/ldsc/ldscore/regressions.py", line 705, in __init__
    np.multiply(hsq1.tot_delete_values, hsq2.tot_delete_values))
FloatingPointError: invalid value encountered in sqrt


Computing rg for phenotype 5/68
Reading summary statistics from ../output_sumstats/output_pmid24816252_acetylcarnitine_eur.sumstats.gz ...
Read summary statistics for 1217311 SNPs.
After merging with summary statistics, 1166609 SNPs remain.
1022802 SNPs with valid alleles.

Heritability of phenotype 5/68
------------------------------
Total Observed scale h2: -0.2386 (0.0826)
Lambda GC: 0.9721
Mean Chi^2: 0.9854
Intercept: 1.0204 (0.0076)
Ratio: NA (mean chi^2 < 1)

Genetic Covariance
------------------
Total Observed scale gencov: 0.0249 (0.0477)
Mean z1*z2: 0.0044
Intercept: 0.0011 (0.0047)

Genetic Correlation
-------------------
Genetic Correlation: nan (nan) (h2  out of bounds) 
Z-score: nan (nan) (h2  out of bounds)
P: nan (nan) (h2  out of bounds)
WARNING: One of the h2's was out of bounds.
This usually indicates a data-munging error or that h2 or N is low.

Computing rg for phenotype 6/68
Reading summary statistics from ../output_sumstats/output_pmid24816252_alanine_eur.sumstats.gz ...
Read summary statistics for 1217311 SNPs.
After merging with summary statistics, 1166609 SNPs remain.
1022802 SNPs with valid alleles.
ERROR computing rg for phenotype 6/68, from file ../output_sumstats/output_pmid24816252_alanine_eur.sumstats.gz.
Traceback (most recent call last):
  File "/Users/as/Documents/UNI/Bioinformatik/2023:24_WS/GoBi_Lokal/BlockTeil_Metabolomics/ldsc/ldscore/sumstats.py", line 410, in estimate_rg
    rghat = _rg(loop, args, log, M_annot, ref_ld_cnames, w_ld_cname, i)
  File "/Users/as/Documents/UNI/Bioinformatik/2023:24_WS/GoBi_Lokal/BlockTeil_Metabolomics/ldsc/ldscore/sumstats.py", line 539, in _rg
    intercept_gencov=intercepts[2], n_blocks=n_blocks, twostep=args.two_step)
  File "/Users/as/Documents/UNI/Bioinformatik/2023:24_WS/GoBi_Lokal/BlockTeil_Metabolomics/ldsc/ldscore/regressions.py", line 705, in __init__
    np.multiply(hsq1.tot_delete_values, hsq2.tot_delete_values))
FloatingPointError: invalid value encountered in sqrt


Computing rg for phenotype 7/68
Reading summary statistics from ../output_sumstats/output_pmid24816252_arginine_eur.sumstats.gz ...
Read summary statistics for 1217311 SNPs.
After merging with summary statistics, 1166609 SNPs remain.
1022802 SNPs with valid alleles.

Heritability of phenotype 7/68
------------------------------
Total Observed scale h2: -0.0065 (0.0639)
Lambda GC: 1.0255
Mean Chi^2: 1.0368
Intercept: 1.0376 (0.0072)
Ratio: 1.023 (0.1966)

Genetic Covariance
------------------
Total Observed scale gencov: 0.0202 (0.0454)
Mean z1*z2: -0.0019
Intercept: -0.0045 (0.0042)

Genetic Correlation
-------------------
Genetic Correlation: nan (nan) (h2  out of bounds) 
Z-score: nan (nan) (h2  out of bounds)
P: nan (nan) (h2  out of bounds)
WARNING: One of the h2's was out of bounds.
This usually indicates a data-munging error or that h2 or N is low.

Computing rg for phenotype 8/68
Reading summary statistics from ../output_sumstats/output_pmid24816252_asparagine_eur.sumstats.gz ...
Read summary statistics for 1217311 SNPs.
After merging with summary statistics, 1166609 SNPs remain.
1022802 SNPs with valid alleles.
ERROR computing rg for phenotype 8/68, from file ../output_sumstats/output_pmid24816252_asparagine_eur.sumstats.gz.
Traceback (most recent call last):
  File "/Users/as/Documents/UNI/Bioinformatik/2023:24_WS/GoBi_Lokal/BlockTeil_Metabolomics/ldsc/ldscore/sumstats.py", line 410, in estimate_rg
    rghat = _rg(loop, args, log, M_annot, ref_ld_cnames, w_ld_cname, i)
  File "/Users/as/Documents/UNI/Bioinformatik/2023:24_WS/GoBi_Lokal/BlockTeil_Metabolomics/ldsc/ldscore/sumstats.py", line 539, in _rg
    intercept_gencov=intercepts[2], n_blocks=n_blocks, twostep=args.two_step)
  File "/Users/as/Documents/UNI/Bioinformatik/2023:24_WS/GoBi_Lokal/BlockTeil_Metabolomics/ldsc/ldscore/regressions.py", line 705, in __init__
    np.multiply(hsq1.tot_delete_values, hsq2.tot_delete_values))
FloatingPointError: invalid value encountered in sqrt


Computing rg for phenotype 9/68
Reading summary statistics from ../output_sumstats/output_pmid24816252_cholesterol_eur.sumstats.gz ...
Read summary statistics for 1217311 SNPs.
After merging with summary statistics, 1166609 SNPs remain.
1022802 SNPs with valid alleles.
ERROR computing rg for phenotype 9/68, from file ../output_sumstats/output_pmid24816252_cholesterol_eur.sumstats.gz.
Traceback (most recent call last):
  File "/Users/as/Documents/UNI/Bioinformatik/2023:24_WS/GoBi_Lokal/BlockTeil_Metabolomics/ldsc/ldscore/sumstats.py", line 410, in estimate_rg
    rghat = _rg(loop, args, log, M_annot, ref_ld_cnames, w_ld_cname, i)
  File "/Users/as/Documents/UNI/Bioinformatik/2023:24_WS/GoBi_Lokal/BlockTeil_Metabolomics/ldsc/ldscore/sumstats.py", line 539, in _rg
    intercept_gencov=intercepts[2], n_blocks=n_blocks, twostep=args.two_step)
  File "/Users/as/Documents/UNI/Bioinformatik/2023:24_WS/GoBi_Lokal/BlockTeil_Metabolomics/ldsc/ldscore/regressions.py", line 705, in __init__
    np.multiply(hsq1.tot_delete_values, hsq2.tot_delete_values))
FloatingPointError: invalid value encountered in sqrt


Computing rg for phenotype 10/68
Reading summary statistics from ../output_sumstats/output_pmid24816252_citrate_eur.sumstats.gz ...
Read summary statistics for 1217311 SNPs.
After merging with summary statistics, 1166609 SNPs remain.
1022802 SNPs with valid alleles.
ERROR computing rg for phenotype 10/68, from file ../output_sumstats/output_pmid24816252_citrate_eur.sumstats.gz.
Traceback (most recent call last):
  File "/Users/as/Documents/UNI/Bioinformatik/2023:24_WS/GoBi_Lokal/BlockTeil_Metabolomics/ldsc/ldscore/sumstats.py", line 410, in estimate_rg
    rghat = _rg(loop, args, log, M_annot, ref_ld_cnames, w_ld_cname, i)
  File "/Users/as/Documents/UNI/Bioinformatik/2023:24_WS/GoBi_Lokal/BlockTeil_Metabolomics/ldsc/ldscore/sumstats.py", line 539, in _rg
    intercept_gencov=intercepts[2], n_blocks=n_blocks, twostep=args.two_step)
  File "/Users/as/Documents/UNI/Bioinformatik/2023:24_WS/GoBi_Lokal/BlockTeil_Metabolomics/ldsc/ldscore/regressions.py", line 705, in __init__
    np.multiply(hsq1.tot_delete_values, hsq2.tot_delete_values))
FloatingPointError: invalid value encountered in sqrt


Computing rg for phenotype 11/68
Reading summary statistics from ../output_sumstats/output_pmid24816252_glutamate_eur.sumstats.gz ...
Read summary statistics for 1217311 SNPs.
After merging with summary statistics, 1166609 SNPs remain.
1022802 SNPs with valid alleles.
ERROR computing rg for phenotype 11/68, from file ../output_sumstats/output_pmid24816252_glutamate_eur.sumstats.gz.
Traceback (most recent call last):
  File "/Users/as/Documents/UNI/Bioinformatik/2023:24_WS/GoBi_Lokal/BlockTeil_Metabolomics/ldsc/ldscore/sumstats.py", line 410, in estimate_rg
    rghat = _rg(loop, args, log, M_annot, ref_ld_cnames, w_ld_cname, i)
  File "/Users/as/Documents/UNI/Bioinformatik/2023:24_WS/GoBi_Lokal/BlockTeil_Metabolomics/ldsc/ldscore/sumstats.py", line 539, in _rg
    intercept_gencov=intercepts[2], n_blocks=n_blocks, twostep=args.two_step)
  File "/Users/as/Documents/UNI/Bioinformatik/2023:24_WS/GoBi_Lokal/BlockTeil_Metabolomics/ldsc/ldscore/regressions.py", line 705, in __init__
    np.multiply(hsq1.tot_delete_values, hsq2.tot_delete_values))
FloatingPointError: invalid value encountered in sqrt


Computing rg for phenotype 12/68
Reading summary statistics from ../output_sumstats/output_pmid24816252_glycerol_eur.sumstats.gz ...
Read summary statistics for 1217311 SNPs.
After merging with summary statistics, 1166609 SNPs remain.
1022802 SNPs with valid alleles.

Heritability of phenotype 12/68
-------------------------------
Total Observed scale h2: -0.1298 (0.0607)
Lambda GC: 0.9868
Mean Chi^2: 0.9975
Intercept: 1.0164 (0.0069)
Ratio: NA (mean chi^2 < 1)

Genetic Covariance
------------------
Total Observed scale gencov: -0.0424 (0.0425)
Mean z1*z2: -0.0002
Intercept: 0.0055 (0.0042)

Genetic Correlation
-------------------
Genetic Correlation: nan (nan) (h2  out of bounds) 
Z-score: nan (nan) (h2  out of bounds)
P: nan (nan) (h2  out of bounds)
WARNING: One of the h2's was out of bounds.
This usually indicates a data-munging error or that h2 or N is low.

Computing rg for phenotype 13/68
Reading summary statistics from ../output_sumstats/output_pmid24816252_histidine_eur.sumstats.gz ...
Read summary statistics for 1217311 SNPs.
After merging with summary statistics, 1166609 SNPs remain.
1022802 SNPs with valid alleles.
ERROR computing rg for phenotype 13/68, from file ../output_sumstats/output_pmid24816252_histidine_eur.sumstats.gz.
Traceback (most recent call last):
  File "/Users/as/Documents/UNI/Bioinformatik/2023:24_WS/GoBi_Lokal/BlockTeil_Metabolomics/ldsc/ldscore/sumstats.py", line 410, in estimate_rg
    rghat = _rg(loop, args, log, M_annot, ref_ld_cnames, w_ld_cname, i)
  File "/Users/as/Documents/UNI/Bioinformatik/2023:24_WS/GoBi_Lokal/BlockTeil_Metabolomics/ldsc/ldscore/sumstats.py", line 539, in _rg
    intercept_gencov=intercepts[2], n_blocks=n_blocks, twostep=args.two_step)
  File "/Users/as/Documents/UNI/Bioinformatik/2023:24_WS/GoBi_Lokal/BlockTeil_Metabolomics/ldsc/ldscore/regressions.py", line 705, in __init__
    np.multiply(hsq1.tot_delete_values, hsq2.tot_delete_values))
FloatingPointError: invalid value encountered in sqrt


Computing rg for phenotype 14/68
Reading summary statistics from ../output_sumstats/output_pmid24816252_isoleucine_eur.sumstats.gz ...
Read summary statistics for 1217311 SNPs.
After merging with summary statistics, 1166609 SNPs remain.
1022802 SNPs with valid alleles.

Heritability of phenotype 14/68
-------------------------------
Total Observed scale h2: -0.2784 (0.0587)
Lambda GC: 0.9489
Mean Chi^2: 0.9588
Intercept: 0.9997 (0.0065)
Ratio: NA (mean chi^2 < 1)

Genetic Covariance
------------------
Total Observed scale gencov: -0.0141 (0.0465)
Mean z1*z2: -0.0038
Intercept: -0.0019 (0.0046)

Genetic Correlation
-------------------
Genetic Correlation: nan (nan) (h2  out of bounds) 
Z-score: nan (nan) (h2  out of bounds)
P: nan (nan) (h2  out of bounds)
WARNING: One of the h2's was out of bounds.
This usually indicates a data-munging error or that h2 or N is low.

Computing rg for phenotype 15/68
Reading summary statistics from ../output_sumstats/output_pmid24816252_phenylalanine_eur.sumstats.gz ...
Read summary statistics for 1217311 SNPs.
After merging with summary statistics, 1166609 SNPs remain.
1022802 SNPs with valid alleles.
ERROR computing rg for phenotype 15/68, from file ../output_sumstats/output_pmid24816252_phenylalanine_eur.sumstats.gz.
Traceback (most recent call last):
  File "/Users/as/Documents/UNI/Bioinformatik/2023:24_WS/GoBi_Lokal/BlockTeil_Metabolomics/ldsc/ldscore/sumstats.py", line 410, in estimate_rg
    rghat = _rg(loop, args, log, M_annot, ref_ld_cnames, w_ld_cname, i)
  File "/Users/as/Documents/UNI/Bioinformatik/2023:24_WS/GoBi_Lokal/BlockTeil_Metabolomics/ldsc/ldscore/sumstats.py", line 539, in _rg
    intercept_gencov=intercepts[2], n_blocks=n_blocks, twostep=args.two_step)
  File "/Users/as/Documents/UNI/Bioinformatik/2023:24_WS/GoBi_Lokal/BlockTeil_Metabolomics/ldsc/ldscore/regressions.py", line 705, in __init__
    np.multiply(hsq1.tot_delete_values, hsq2.tot_delete_values))
FloatingPointError: invalid value encountered in sqrt


Computing rg for phenotype 16/68
Reading summary statistics from ../output_sumstats/output_pmid24816252_proline_eur.sumstats.gz ...
Read summary statistics for 1217311 SNPs.
After merging with summary statistics, 1166609 SNPs remain.
1022802 SNPs with valid alleles.
ERROR computing rg for phenotype 16/68, from file ../output_sumstats/output_pmid24816252_proline_eur.sumstats.gz.
Traceback (most recent call last):
  File "/Users/as/Documents/UNI/Bioinformatik/2023:24_WS/GoBi_Lokal/BlockTeil_Metabolomics/ldsc/ldscore/sumstats.py", line 410, in estimate_rg
    rghat = _rg(loop, args, log, M_annot, ref_ld_cnames, w_ld_cname, i)
  File "/Users/as/Documents/UNI/Bioinformatik/2023:24_WS/GoBi_Lokal/BlockTeil_Metabolomics/ldsc/ldscore/sumstats.py", line 539, in _rg
    intercept_gencov=intercepts[2], n_blocks=n_blocks, twostep=args.two_step)
  File "/Users/as/Documents/UNI/Bioinformatik/2023:24_WS/GoBi_Lokal/BlockTeil_Metabolomics/ldsc/ldscore/regressions.py", line 705, in __init__
    np.multiply(hsq1.tot_delete_values, hsq2.tot_delete_values))
FloatingPointError: invalid value encountered in sqrt


Computing rg for phenotype 17/68
Reading summary statistics from ../output_sumstats/output_pmid24816252_pyruvate_eur.sumstats.gz ...
Read summary statistics for 1217311 SNPs.
After merging with summary statistics, 1166609 SNPs remain.
1022802 SNPs with valid alleles.
ERROR computing rg for phenotype 17/68, from file ../output_sumstats/output_pmid24816252_pyruvate_eur.sumstats.gz.
Traceback (most recent call last):
  File "/Users/as/Documents/UNI/Bioinformatik/2023:24_WS/GoBi_Lokal/BlockTeil_Metabolomics/ldsc/ldscore/sumstats.py", line 410, in estimate_rg
    rghat = _rg(loop, args, log, M_annot, ref_ld_cnames, w_ld_cname, i)
  File "/Users/as/Documents/UNI/Bioinformatik/2023:24_WS/GoBi_Lokal/BlockTeil_Metabolomics/ldsc/ldscore/sumstats.py", line 539, in _rg
    intercept_gencov=intercepts[2], n_blocks=n_blocks, twostep=args.two_step)
  File "/Users/as/Documents/UNI/Bioinformatik/2023:24_WS/GoBi_Lokal/BlockTeil_Metabolomics/ldsc/ldscore/regressions.py", line 705, in __init__
    np.multiply(hsq1.tot_delete_values, hsq2.tot_delete_values))
FloatingPointError: invalid value encountered in sqrt


Computing rg for phenotype 18/68
Reading summary statistics from ../output_sumstats/output_pmid24816252_threonine_eur.sumstats.gz ...
Read summary statistics for 1217311 SNPs.
After merging with summary statistics, 1166609 SNPs remain.
1022802 SNPs with valid alleles.
ERROR computing rg for phenotype 18/68, from file ../output_sumstats/output_pmid24816252_threonine_eur.sumstats.gz.
Traceback (most recent call last):
  File "/Users/as/Documents/UNI/Bioinformatik/2023:24_WS/GoBi_Lokal/BlockTeil_Metabolomics/ldsc/ldscore/sumstats.py", line 410, in estimate_rg
    rghat = _rg(loop, args, log, M_annot, ref_ld_cnames, w_ld_cname, i)
  File "/Users/as/Documents/UNI/Bioinformatik/2023:24_WS/GoBi_Lokal/BlockTeil_Metabolomics/ldsc/ldscore/sumstats.py", line 539, in _rg
    intercept_gencov=intercepts[2], n_blocks=n_blocks, twostep=args.two_step)
  File "/Users/as/Documents/UNI/Bioinformatik/2023:24_WS/GoBi_Lokal/BlockTeil_Metabolomics/ldsc/ldscore/regressions.py", line 705, in __init__
    np.multiply(hsq1.tot_delete_values, hsq2.tot_delete_values))
FloatingPointError: invalid value encountered in sqrt


Computing rg for phenotype 19/68
Reading summary statistics from ../output_sumstats/output_pmid24816252_tryptophan_eur.sumstats.gz ...
Read summary statistics for 1217311 SNPs.
After merging with summary statistics, 1166609 SNPs remain.
1022802 SNPs with valid alleles.
ERROR computing rg for phenotype 19/68, from file ../output_sumstats/output_pmid24816252_tryptophan_eur.sumstats.gz.
Traceback (most recent call last):
  File "/Users/as/Documents/UNI/Bioinformatik/2023:24_WS/GoBi_Lokal/BlockTeil_Metabolomics/ldsc/ldscore/sumstats.py", line 410, in estimate_rg
    rghat = _rg(loop, args, log, M_annot, ref_ld_cnames, w_ld_cname, i)
  File "/Users/as/Documents/UNI/Bioinformatik/2023:24_WS/GoBi_Lokal/BlockTeil_Metabolomics/ldsc/ldscore/sumstats.py", line 539, in _rg
    intercept_gencov=intercepts[2], n_blocks=n_blocks, twostep=args.two_step)
  File "/Users/as/Documents/UNI/Bioinformatik/2023:24_WS/GoBi_Lokal/BlockTeil_Metabolomics/ldsc/ldscore/regressions.py", line 705, in __init__
    np.multiply(hsq1.tot_delete_values, hsq2.tot_delete_values))
FloatingPointError: invalid value encountered in sqrt


Computing rg for phenotype 20/68
Reading summary statistics from ../output_sumstats/output_pmid24816252_tyrosine_eur.sumstats.gz ...
Read summary statistics for 1217311 SNPs.
After merging with summary statistics, 1166609 SNPs remain.
1022802 SNPs with valid alleles.
ERROR computing rg for phenotype 20/68, from file ../output_sumstats/output_pmid24816252_tyrosine_eur.sumstats.gz.
Traceback (most recent call last):
  File "/Users/as/Documents/UNI/Bioinformatik/2023:24_WS/GoBi_Lokal/BlockTeil_Metabolomics/ldsc/ldscore/sumstats.py", line 410, in estimate_rg
    rghat = _rg(loop, args, log, M_annot, ref_ld_cnames, w_ld_cname, i)
  File "/Users/as/Documents/UNI/Bioinformatik/2023:24_WS/GoBi_Lokal/BlockTeil_Metabolomics/ldsc/ldscore/sumstats.py", line 539, in _rg
    intercept_gencov=intercepts[2], n_blocks=n_blocks, twostep=args.two_step)
  File "/Users/as/Documents/UNI/Bioinformatik/2023:24_WS/GoBi_Lokal/BlockTeil_Metabolomics/ldsc/ldscore/regressions.py", line 705, in __init__
    np.multiply(hsq1.tot_delete_values, hsq2.tot_delete_values))
FloatingPointError: invalid value encountered in sqrt


Computing rg for phenotype 21/68
Reading summary statistics from ../output_sumstats/output_pmid24816252_urea_eur.sumstats.gz ...
Read summary statistics for 1217311 SNPs.
After merging with summary statistics, 1166609 SNPs remain.
1022802 SNPs with valid alleles.

Heritability of phenotype 21/68
-------------------------------
Total Observed scale h2: -0.0791 (0.053)
Lambda GC: 0.9898
Mean Chi^2: 1.001
Intercept: 1.0125 (0.0063)
Ratio: 12.4929 (6.321)

Genetic Covariance
------------------
Total Observed scale gencov: 0.021 (0.0477)
Mean z1*z2: 0.0013
Intercept: -0.0015 (0.0047)

Genetic Correlation
-------------------
Genetic Correlation: nan (nan) (h2  out of bounds) 
Z-score: nan (nan) (h2  out of bounds)
P: nan (nan) (h2  out of bounds)
WARNING: One of the h2's was out of bounds.
This usually indicates a data-munging error or that h2 or N is low.

Computing rg for phenotype 22/68
Reading summary statistics from ../output_sumstats/output_pmid27386562_MS_eur.sumstats.gz ...
Read summary statistics for 1217311 SNPs.
After merging with summary statistics, 1166609 SNPs remain.
1136429 SNPs with valid alleles.

Heritability of phenotype 22/68
-------------------------------
Total Observed scale h2: 0.2419 (0.0473)
Lambda GC: 1.1207
Mean Chi^2: 1.1416
Intercept: 1.0668 (0.0089)
Ratio: 0.4714 (0.063)

Genetic Covariance
------------------
Total Observed scale gencov: -0.0317 (0.0339)
Mean z1*z2: -0.0003
Intercept: 0.0058 (0.0051)

Genetic Correlation
-------------------
Genetic Correlation: nan (nan) (h2  out of bounds) 
Z-score: nan (nan) (h2  out of bounds)
P: nan (nan) (h2  out of bounds)
WARNING: One of the h2's was out of bounds.
This usually indicates a data-munging error or that h2 or N is low.

Computing rg for phenotype 23/68
Reading summary statistics from ../output_sumstats/output_pmid27455348_ALS_eur.sumstats.gz ...
Read summary statistics for 1217311 SNPs.
After merging with summary statistics, 1166609 SNPs remain.
1152966 SNPs with valid alleles.

Heritability of phenotype 23/68
-------------------------------
Total Observed scale h2: 0.0476 (0.0128)
Lambda GC: 1.0285
Mean Chi^2: 1.0316
Intercept: 0.9977 (0.0063)
Ratio < 0 (usually indicates GC correction).

Genetic Covariance
------------------
Total Observed scale gencov: 0.0085 (0.0233)
Mean z1*z2: 0.0013
Intercept: -0.0011 (0.0047)

Genetic Correlation
-------------------
Genetic Correlation: nan (nan) (h2  out of bounds) 
Z-score: nan (nan) (h2  out of bounds)
P: nan (nan) (h2  out of bounds)
WARNING: One of the h2's was out of bounds.
This usually indicates a data-munging error or that h2 or N is low.

Computing rg for phenotype 24/68
Reading summary statistics from ../output_sumstats/output_pmid27989323_CTACK_eur.sumstats.gz ...
Read summary statistics for 1217311 SNPs.
After merging with summary statistics, 1166609 SNPs remain.
1163177 SNPs with valid alleles.

Heritability of phenotype 24/68
-------------------------------
Total Observed scale h2: -0.0084 (0.1172)
Lambda GC: 0.9957
Mean Chi^2: 1.0032
Intercept: 1.0038 (0.0071)
Ratio: 1.1931 (2.2344)

Genetic Covariance
------------------
Total Observed scale gencov: 0.0168 (0.0633)
Mean z1*z2: 0.0098
Intercept: 0.0083 (0.0047)

Genetic Correlation
-------------------
Genetic Correlation: nan (nan) (h2  out of bounds) 
Z-score: nan (nan) (h2  out of bounds)
P: nan (nan) (h2  out of bounds)
WARNING: One of the h2's was out of bounds.
This usually indicates a data-munging error or that h2 or N is low.

Computing rg for phenotype 25/68
Reading summary statistics from ../output_sumstats/output_pmid27989323_GCSF_eur.sumstats.gz ...
Read summary statistics for 1217311 SNPs.
After merging with summary statistics, 1166609 SNPs remain.
1163900 SNPs with valid alleles.

Heritability of phenotype 25/68
-------------------------------
Total Observed scale h2: 0.0196 (0.0617)
Lambda GC: 1.0195
Mean Chi^2: 1.0112
Intercept: 1.0082 (0.008)
Ratio: 0.7265 (0.7094)

Genetic Covariance
------------------
Total Observed scale gencov: 0.0337 (0.0487)
Mean z1*z2: 0.4353
Intercept: 0.4307 (0.0054)

Genetic Correlation
-------------------
Genetic Correlation: nan (nan) (h2  out of bounds) 
Z-score: nan (nan) (h2  out of bounds)
P: nan (nan) (h2  out of bounds)
WARNING: One of the h2's was out of bounds.
This usually indicates a data-munging error or that h2 or N is low.

Computing rg for phenotype 26/68
Reading summary statistics from ../output_sumstats/output_pmid27989323_GROa_eur.sumstats.gz ...
Read summary statistics for 1217311 SNPs.
After merging with summary statistics, 1166609 SNPs remain.
63 SNPs with valid alleles.
WARNING: number of SNPs less than 200k; this is almost always bad.

Heritability of phenotype 26/68
-------------------------------
Total Observed scale h2: -45.2997 (20.7723)
Lambda GC: 0.3141
Mean Chi^2: 0.4167
Intercept: 1.381 (0.479)
Ratio: NA (mean chi^2 < 1)

Genetic Covariance
------------------
Total Observed scale gencov: 6.7196 (9.7769)
Mean z1*z2: -0.0495
Intercept: -0.2364 (0.2913)

Genetic Correlation
-------------------
Genetic Correlation: nan (nan) (h2  out of bounds) 
Z-score: nan (nan) (h2  out of bounds)
P: nan (nan) (h2  out of bounds)
WARNING: One of the h2's was out of bounds.
This usually indicates a data-munging error or that h2 or N is low.

Computing rg for phenotype 27/68
Reading summary statistics from ../output_sumstats/output_pmid27989323_HGF_eur.sumstats.gz ...
Read summary statistics for 1217311 SNPs.
After merging with summary statistics, 1166609 SNPs remain.
1163873 SNPs with valid alleles.

Heritability of phenotype 27/68
-------------------------------
Total Observed scale h2: -0.0308 (0.0588)
Lambda GC: 1.0046
Mean Chi^2: 1.0064
Intercept: 1.0115 (0.0081)
Ratio: 1.79 (1.2674)

Genetic Covariance
------------------
Total Observed scale gencov: -0.0359 (0.0418)
Mean z1*z2: 0.2997
Intercept: 0.3047 (0.0051)

Genetic Correlation
-------------------
Genetic Correlation: nan (nan) (h2  out of bounds) 
Z-score: nan (nan) (h2  out of bounds)
P: nan (nan) (h2  out of bounds)
WARNING: One of the h2's was out of bounds.
This usually indicates a data-munging error or that h2 or N is low.

Computing rg for phenotype 28/68
Reading summary statistics from ../output_sumstats/output_pmid27989323_IFNg_eur.sumstats.gz ...
Read summary statistics for 1217311 SNPs.
After merging with summary statistics, 1166609 SNPs remain.
1163907 SNPs with valid alleles.

Heritability of phenotype 28/68
-------------------------------
Total Observed scale h2: 0.0098 (0.0624)
Lambda GC: 1.0075
Mean Chi^2: 1.0014
Intercept: 0.9999 (0.0073)
Ratio < 0 (usually indicates GC correction).

Genetic Covariance
------------------
Total Observed scale gencov: 0.0234 (0.0522)
Mean z1*z2: 0.4556
Intercept: 0.4525 (0.0058)

Genetic Correlation
-------------------
Genetic Correlation: nan (nan) (h2  out of bounds) 
Z-score: nan (nan) (h2  out of bounds)
P: nan (nan) (h2  out of bounds)
WARNING: One of the h2's was out of bounds.
This usually indicates a data-munging error or that h2 or N is low.

Computing rg for phenotype 29/68
Reading summary statistics from ../output_sumstats/output_pmid27989323_IL10_eur.sumstats.gz ...
Read summary statistics for 1217311 SNPs.
After merging with summary statistics, 1166609 SNPs remain.
1163985 SNPs with valid alleles.

Heritability of phenotype 29/68
-------------------------------
Total Observed scale h2: -0.0108 (0.0795)
Lambda GC: 1.0016
Mean Chi^2: 1.017
Intercept: 1.0187 (0.0123)
Ratio: 1.0966 (0.7221)

Genetic Covariance
------------------
Total Observed scale gencov: 0.0704 (0.0501)
Mean z1*z2: 0.3992
Intercept: 0.3897 (0.0052)

Genetic Correlation
-------------------
Genetic Correlation: nan (nan) (h2  out of bounds) 
Z-score: nan (nan) (h2  out of bounds)
P: nan (nan) (h2  out of bounds)
WARNING: One of the h2's was out of bounds.
This usually indicates a data-munging error or that h2 or N is low.

Computing rg for phenotype 30/68
Reading summary statistics from ../output_sumstats/output_pmid27989323_IL12p70_eur.sumstats.gz ...
Read summary statistics for 1217311 SNPs.
After merging with summary statistics, 1166609 SNPs remain.
1163854 SNPs with valid alleles.

Heritability of phenotype 30/68
-------------------------------
Total Observed scale h2: -0.023 (0.0896)
Lambda GC: 1.0255
Mean Chi^2: 1.0309
Intercept: 1.0347 (0.0193)
Ratio: 1.122 (0.6256)

Genetic Covariance
------------------
Total Observed scale gencov: 0.0863 (0.0509)
Mean z1*z2: 0.4904
Intercept: 0.4783 (0.0056)

Genetic Correlation
-------------------
Genetic Correlation: nan (nan) (h2  out of bounds) 
Z-score: nan (nan) (h2  out of bounds)
P: nan (nan) (h2  out of bounds)
WARNING: One of the h2's was out of bounds.
This usually indicates a data-munging error or that h2 or N is low.

Computing rg for phenotype 31/68
Reading summary statistics from ../output_sumstats/output_pmid27989323_IL13_eur.sumstats.gz ...
Read summary statistics for 1217311 SNPs.
After merging with summary statistics, 1166609 SNPs remain.
1162932 SNPs with valid alleles.

Heritability of phenotype 31/68
-------------------------------
Total Observed scale h2: -0.1646 (0.1632)
Lambda GC: 1.0046
Mean Chi^2: 1.0053
Intercept: 1.0169 (0.0125)
Ratio: 3.1838 (2.3433)

Genetic Covariance
------------------
Total Observed scale gencov: 0.0981 (0.0653)
Mean z1*z2: 0.083
Intercept: 0.074 (0.0049)

Genetic Correlation
-------------------
Genetic Correlation: nan (nan) (h2  out of bounds) 
Z-score: nan (nan) (h2  out of bounds)
P: nan (nan) (h2  out of bounds)
WARNING: One of the h2's was out of bounds.
This usually indicates a data-munging error or that h2 or N is low.

Computing rg for phenotype 32/68
Reading summary statistics from ../output_sumstats/output_pmid27989323_IL16_eur.sumstats.gz ...
Read summary statistics for 1217311 SNPs.
After merging with summary statistics, 1166609 SNPs remain.
1163137 SNPs with valid alleles.

Heritability of phenotype 32/68
-------------------------------
Total Observed scale h2: -0.0713 (0.128)
Lambda GC: 0.9898
Mean Chi^2: 0.9902
Intercept: 0.9952 (0.0073)
Ratio: NA (mean chi^2 < 1)

Genetic Covariance
------------------
Total Observed scale gencov: -0.1129 (0.0655)
Mean z1*z2: 0.0711
Intercept: 0.0813 (0.005)

Genetic Correlation
-------------------
Genetic Correlation: nan (nan) (h2  out of bounds) 
Z-score: nan (nan) (h2  out of bounds)
P: nan (nan) (h2  out of bounds)
WARNING: One of the h2's was out of bounds.
This usually indicates a data-munging error or that h2 or N is low.

Computing rg for phenotype 33/68
Reading summary statistics from ../output_sumstats/output_pmid27989323_IL17_eur.sumstats.gz ...
Read summary statistics for 1217311 SNPs.
After merging with summary statistics, 1166609 SNPs remain.
2123 SNPs with valid alleles.
WARNING: number of SNPs less than 200k; this is almost always bad.

Heritability of phenotype 33/68
-------------------------------
Total Observed scale h2: -3.3395 (1.4153)
Lambda GC: 1.1301
Mean Chi^2: 1.1987
Intercept: 1.4825 (0.1406)
Ratio: 2.4279 (0.7073)

Genetic Covariance
------------------
Total Observed scale gencov: -3.0529 (1.0267)
Mean z1*z2: 0.6264
Intercept: 0.8539 (0.0878)

Genetic Correlation
-------------------
Genetic Correlation: nan (nan) (h2  out of bounds) 
Z-score: nan (nan) (h2  out of bounds)
P: nan (nan) (h2  out of bounds)
WARNING: One of the h2's was out of bounds.
This usually indicates a data-munging error or that h2 or N is low.

Computing rg for phenotype 34/68
Reading summary statistics from ../output_sumstats/output_pmid27989323_IL18_eur.sumstats.gz ...
Read summary statistics for 1217311 SNPs.
After merging with summary statistics, 1166609 SNPs remain.
388723 SNPs with valid alleles.

Heritability of phenotype 34/68
-------------------------------
Total Observed scale h2: 0.3384 (0.5844)
Lambda GC: 0.9986
Mean Chi^2: 1.0253
Intercept: 0.9983 (0.0229)
Ratio < 0 (usually indicates GC correction).

Genetic Covariance
------------------
Total Observed scale gencov: 0.0458 (0.1158)
Mean z1*z2: 0.0568
Intercept: 0.0524 (0.0083)

Genetic Correlation
-------------------
Genetic Correlation: nan (nan) (h2  out of bounds) 
Z-score: nan (nan) (h2  out of bounds)
P: nan (nan) (h2  out of bounds)
WARNING: One of the h2's was out of bounds.
This usually indicates a data-munging error or that h2 or N is low.

Computing rg for phenotype 35/68
Reading summary statistics from ../output_sumstats/output_pmid27989323_IL1ra_eur.sumstats.gz ...
Read summary statistics for 1217311 SNPs.
After merging with summary statistics, 1166609 SNPs remain.
1163202 SNPs with valid alleles.

Heritability of phenotype 35/68
-------------------------------
Total Observed scale h2: 0.0138 (0.1443)
Lambda GC: 1.0105
Mean Chi^2: 1.0082
Intercept: 1.0072 (0.008)
Ratio: 0.8795 (0.9819)

Genetic Covariance
------------------
Total Observed scale gencov: 0.0957 (0.0659)
Mean z1*z2: 0.0661
Intercept: 0.0572 (0.0053)

Genetic Correlation
-------------------
Genetic Correlation: nan (nan) (h2  out of bounds) 
Z-score: nan (nan) (h2  out of bounds)
P: nan (nan) (h2  out of bounds)
WARNING: One of the h2's was out of bounds.
This usually indicates a data-munging error or that h2 or N is low.

Computing rg for phenotype 36/68
Reading summary statistics from ../output_sumstats/output_pmid27989323_IL2_eur.sumstats.gz ...
Read summary statistics for 1217311 SNPs.
After merging with summary statistics, 1166609 SNPs remain.
1162763 SNPs with valid alleles.

Heritability of phenotype 36/68
-------------------------------
Total Observed scale h2: -0.0884 (0.1305)
Lambda GC: 1.0165
Mean Chi^2: 1.0072
Intercept: 1.0133 (0.0071)
Ratio: 1.8509 (0.9855)

Genetic Covariance
------------------
Total Observed scale gencov: -0.0113 (0.0716)
Mean z1*z2: 0.0671
Intercept: 0.0681 (0.005)

Genetic Correlation
-------------------
Genetic Correlation: nan (nan) (h2  out of bounds) 
Z-score: nan (nan) (h2  out of bounds)
P: nan (nan) (h2  out of bounds)
WARNING: One of the h2's was out of bounds.
This usually indicates a data-munging error or that h2 or N is low.

Computing rg for phenotype 37/68
Reading summary statistics from ../output_sumstats/output_pmid27989323_IL2ra_eur.sumstats.gz ...
Read summary statistics for 1217311 SNPs.
After merging with summary statistics, 1166609 SNPs remain.
1163276 SNPs with valid alleles.

Heritability of phenotype 37/68
-------------------------------
Total Observed scale h2: 0.0601 (0.1191)
Lambda GC: 1.0105
Mean Chi^2: 1.0077
Intercept: 1.0034 (0.0067)
Ratio: 0.4373 (0.8668)

Genetic Covariance
------------------
Total Observed scale gencov: -0.0341 (0.0705)
Mean z1*z2: 0.1147
Intercept: 0.1178 (0.0052)

Genetic Correlation
-------------------
Genetic Correlation: nan (nan) (h2  out of bounds) 
Z-score: nan (nan) (h2  out of bounds)
P: nan (nan) (h2  out of bounds)
WARNING: One of the h2's was out of bounds.
This usually indicates a data-munging error or that h2 or N is low.

Computing rg for phenotype 38/68
Reading summary statistics from ../output_sumstats/output_pmid27989323_IL4_eur.sumstats.gz ...
Read summary statistics for 1217311 SNPs.
After merging with summary statistics, 1166609 SNPs remain.
1163723 SNPs with valid alleles.

Heritability of phenotype 38/68
-------------------------------
Total Observed scale h2: -0.0419 (0.0598)
Lambda GC: 1.0016
Mean Chi^2: 1.004
Intercept: 1.0108 (0.0079)
Ratio: 2.6663 (1.9567)

Genetic Covariance
------------------
Total Observed scale gencov: -0.0123 (0.0514)
Mean z1*z2: 0.5156
Intercept: 0.5173 (0.006)

Genetic Correlation
-------------------
Genetic Correlation: nan (nan) (h2  out of bounds) 
Z-score: nan (nan) (h2  out of bounds)
P: nan (nan) (h2  out of bounds)
WARNING: One of the h2's was out of bounds.
This usually indicates a data-munging error or that h2 or N is low.

Computing rg for phenotype 39/68
Reading summary statistics from ../output_sumstats/output_pmid27989323_IL5_eur.sumstats.gz ...
Read summary statistics for 1217311 SNPs.
After merging with summary statistics, 1166609 SNPs remain.
1161511 SNPs with valid alleles.

Heritability of phenotype 39/68
-------------------------------
Total Observed scale h2: -0.12 (0.1373)
Lambda GC: 1.0075
Mean Chi^2: 1.0039
Intercept: 1.0119 (0.0074)
Ratio: 3.0779 (1.9148)

Genetic Covariance
------------------
Total Observed scale gencov: 0.0498 (0.0678)
Mean z1*z2: 0.0643
Intercept: 0.0598 (0.0053)

Genetic Correlation
-------------------
Genetic Correlation: nan (nan) (h2  out of bounds) 
Z-score: nan (nan) (h2  out of bounds)
P: nan (nan) (h2  out of bounds)
WARNING: One of the h2's was out of bounds.
This usually indicates a data-munging error or that h2 or N is low.

Computing rg for phenotype 40/68
Reading summary statistics from ../output_sumstats/output_pmid27989323_IL6_eur.sumstats.gz ...
Read summary statistics for 1217311 SNPs.
After merging with summary statistics, 1166609 SNPs remain.
1163924 SNPs with valid alleles.

Heritability of phenotype 40/68
-------------------------------
Total Observed scale h2: -0.0056 (0.0566)
Lambda GC: 1.0105
Mean Chi^2: 1.008
Intercept: 1.0089 (0.007)
Ratio: 1.1126 (0.8669)

Genetic Covariance
------------------
Total Observed scale gencov: 0.0081 (0.0482)
Mean z1*z2: 0.4779
Intercept: 0.4767 (0.0056)

Genetic Correlation
-------------------
Genetic Correlation: nan (nan) (h2  out of bounds) 
Z-score: nan (nan) (h2  out of bounds)
P: nan (nan) (h2  out of bounds)
WARNING: One of the h2's was out of bounds.
This usually indicates a data-munging error or that h2 or N is low.

Computing rg for phenotype 41/68
Reading summary statistics from ../output_sumstats/output_pmid27989323_IL7_eur.sumstats.gz ...
Read summary statistics for 1217311 SNPs.
After merging with summary statistics, 1166609 SNPs remain.
1163591 SNPs with valid alleles.

Heritability of phenotype 41/68
-------------------------------
Total Observed scale h2: -0.0355 (0.1586)
Lambda GC: 1.0046
Mean Chi^2: 1.0104
Intercept: 1.0128 (0.009)
Ratio: 1.2308 (0.8632)

Genetic Covariance
------------------
Total Observed scale gencov: 0.0512 (0.0696)
Mean z1*z2: 0.0575
Intercept: 0.0529 (0.0053)

Genetic Correlation
-------------------
Genetic Correlation: nan (nan) (h2  out of bounds) 
Z-score: nan (nan) (h2  out of bounds)
P: nan (nan) (h2  out of bounds)
WARNING: One of the h2's was out of bounds.
This usually indicates a data-munging error or that h2 or N is low.

Computing rg for phenotype 42/68
Reading summary statistics from ../output_sumstats/output_pmid27989323_IL8_eur.sumstats.gz ...
Read summary statistics for 1217311 SNPs.
After merging with summary statistics, 1166609 SNPs remain.
1162418 SNPs with valid alleles.

Heritability of phenotype 42/68
-------------------------------
Total Observed scale h2: -0.0341 (0.1273)
Lambda GC: 1.0016
Mean Chi^2: 1.0058
Intercept: 1.0082 (0.0068)
Ratio: 1.4118 (1.1696)

Genetic Covariance
------------------
Total Observed scale gencov: 0.0504 (0.069)
Mean z1*z2: 0.0519
Intercept: 0.0473 (0.0052)

Genetic Correlation
-------------------
Genetic Correlation: nan (nan) (h2  out of bounds) 
Z-score: nan (nan) (h2  out of bounds)
P: nan (nan) (h2  out of bounds)
WARNING: One of the h2's was out of bounds.
This usually indicates a data-munging error or that h2 or N is low.

Computing rg for phenotype 43/68
Reading summary statistics from ../output_sumstats/output_pmid27989323_IL9_eur.sumstats.gz ...
Read summary statistics for 1217311 SNPs.
After merging with summary statistics, 1166609 SNPs remain.
1163203 SNPs with valid alleles.

Heritability of phenotype 43/68
-------------------------------
Total Observed scale h2: -0.1775 (0.126)
Lambda GC: 1.0135
Mean Chi^2: 1.001
Intercept: 1.0138 (0.007)
Ratio: 13.8293 (7.0491)

Genetic Covariance
------------------
Total Observed scale gencov: 0.0542 (0.0663)
Mean z1*z2: 0.0615
Intercept: 0.0565 (0.0052)

Genetic Correlation
-------------------
Genetic Correlation: nan (nan) (h2  out of bounds) 
Z-score: nan (nan) (h2  out of bounds)
P: nan (nan) (h2  out of bounds)
WARNING: One of the h2's was out of bounds.
This usually indicates a data-munging error or that h2 or N is low.

Computing rg for phenotype 44/68
Reading summary statistics from ../output_sumstats/output_pmid27989323_MCP1_eur.sumstats.gz ...
Read summary statistics for 1217311 SNPs.
After merging with summary statistics, 1166609 SNPs remain.
1163976 SNPs with valid alleles.

Heritability of phenotype 44/68
-------------------------------
Total Observed scale h2: 0.1717 (0.0821)
Lambda GC: 1.0105
Mean Chi^2: 1.0226
Intercept: 0.9945 (0.0079)
Ratio < 0 (usually indicates GC correction).

Genetic Covariance
------------------
Total Observed scale gencov: 0.0385 (0.0469)
Mean z1*z2: 0.2047
Intercept: 0.1994 (0.0054)

Genetic Correlation
-------------------
Genetic Correlation: nan (nan) (h2  out of bounds) 
Z-score: nan (nan) (h2  out of bounds)
P: nan (nan) (h2  out of bounds)
WARNING: One of the h2's was out of bounds.
This usually indicates a data-munging error or that h2 or N is low.

Computing rg for phenotype 45/68
Reading summary statistics from ../output_sumstats/output_pmid27989323_MCP3_eur.sumstats.gz ...
Read summary statistics for 1217311 SNPs.
After merging with summary statistics, 1166609 SNPs remain.
1125782 SNPs with valid alleles.

Heritability of phenotype 45/68
-------------------------------
Total Observed scale h2: -0.8781 (0.5717)
Lambda GC: 0.9986
Mean Chi^2: 0.9992
Intercept: 1.0142 (0.0078)
Ratio: NA (mean chi^2 < 1)

Genetic Covariance
------------------
Total Observed scale gencov: -0.1855 (0.1472)
Mean z1*z2: 0.0987
Intercept: 0.1071 (0.0053)

Genetic Correlation
-------------------
Genetic Correlation: nan (nan) (h2  out of bounds) 
Z-score: nan (nan) (h2  out of bounds)
P: nan (nan) (h2  out of bounds)
WARNING: One of the h2's was out of bounds.
This usually indicates a data-munging error or that h2 or N is low.

Computing rg for phenotype 46/68
Reading summary statistics from ../output_sumstats/output_pmid27989323_MCSF_eur.sumstats.gz ...
Read summary statistics for 1217311 SNPs.
After merging with summary statistics, 1166609 SNPs remain.
1159693 SNPs with valid alleles.

Heritability of phenotype 46/68
-------------------------------
Total Observed scale h2: 0.1148 (0.4995)
Lambda GC: 0.9986
Mean Chi^2: 0.9931
Intercept: 0.9912 (0.0069)
Ratio: NA (mean chi^2 < 1)

Genetic Covariance
------------------
Total Observed scale gencov: -0.1881 (0.124)
Mean z1*z2: 0.0905
Intercept: 0.0989 (0.0049)

Genetic Correlation
-------------------
Genetic Correlation: nan (nan) (h2  out of bounds) 
Z-score: nan (nan) (h2  out of bounds)
P: nan (nan) (h2  out of bounds)
WARNING: One of the h2's was out of bounds.
This usually indicates a data-munging error or that h2 or N is low.

Computing rg for phenotype 47/68
Reading summary statistics from ../output_sumstats/output_pmid27989323_MIF_eur.sumstats.gz ...
Read summary statistics for 1217311 SNPs.
After merging with summary statistics, 1166609 SNPs remain.
1163107 SNPs with valid alleles.

Heritability of phenotype 47/68
-------------------------------
Total Observed scale h2: 0.0918 (0.1364)
Lambda GC: 1.0075
Mean Chi^2: 1.0109
Intercept: 1.0045 (0.0069)
Ratio: 0.4149 (0.6354)

Genetic Covariance
------------------
Total Observed scale gencov: 0.0457 (0.0691)
Mean z1*z2: 0.0222
Intercept: 0.0181 (0.0051)

Genetic Correlation
-------------------
Genetic Correlation: nan (nan) (h2  out of bounds) 
Z-score: nan (nan) (h2  out of bounds)
P: nan (nan) (h2  out of bounds)
WARNING: One of the h2's was out of bounds.
This usually indicates a data-munging error or that h2 or N is low.

Computing rg for phenotype 48/68
Reading summary statistics from ../output_sumstats/output_pmid27989323_MIG_eur.sumstats.gz ...
Read summary statistics for 1217311 SNPs.
After merging with summary statistics, 1166609 SNPs remain.
1163076 SNPs with valid alleles.

Heritability of phenotype 48/68
-------------------------------
Total Observed scale h2: -0.1332 (0.1091)
Lambda GC: 1.0046
Mean Chi^2: 1.0044
Intercept: 1.0142 (0.0064)
Ratio: 3.1908 (1.4458)

Genetic Covariance
------------------
Total Observed scale gencov: 0.0224 (0.0691)
Mean z1*z2: 0.106
Intercept: 0.1039 (0.0049)

Genetic Correlation
-------------------
Genetic Correlation: nan (nan) (h2  out of bounds) 
Z-score: nan (nan) (h2  out of bounds)
P: nan (nan) (h2  out of bounds)
WARNING: One of the h2's was out of bounds.
This usually indicates a data-munging error or that h2 or N is low.

Computing rg for phenotype 49/68
Reading summary statistics from ../output_sumstats/output_pmid27989323_MIP1a_eur.sumstats.gz ...
Read summary statistics for 1217311 SNPs.
After merging with summary statistics, 1166609 SNPs remain.
1162509 SNPs with valid alleles.

Heritability of phenotype 49/68
-------------------------------
Total Observed scale h2: -0.1369 (0.1418)
Lambda GC: 0.9957
Mean Chi^2: 0.9992
Intercept: 1.0088 (0.0071)
Ratio: NA (mean chi^2 < 1)

Genetic Covariance
------------------
Total Observed scale gencov: 0.083 (0.061)
Mean z1*z2: 0.0774
Intercept: 0.0698 (0.0049)

Genetic Correlation
-------------------
Genetic Correlation: nan (nan) (h2  out of bounds) 
Z-score: nan (nan) (h2  out of bounds)
P: nan (nan) (h2  out of bounds)
WARNING: One of the h2's was out of bounds.
This usually indicates a data-munging error or that h2 or N is low.

Computing rg for phenotype 50/68
Reading summary statistics from ../output_sumstats/output_pmid27989323_MIP1b_eur.sumstats.gz ...
Read summary statistics for 1217311 SNPs.
After merging with summary statistics, 1166609 SNPs remain.
1163910 SNPs with valid alleles.

Heritability of phenotype 50/68
-------------------------------
Total Observed scale h2: 0.2181 (0.2757)
Lambda GC: 1.0165
Mean Chi^2: 1.0553
Intercept: 1.0193 (0.0296)
Ratio: 0.3491 (0.5342)

Genetic Covariance
------------------
Total Observed scale gencov: -0.0268 (0.0538)
Mean z1*z2: 0.3071
Intercept: 0.311 (0.0053)

Genetic Correlation
-------------------
Genetic Correlation: nan (nan) (h2  out of bounds) 
Z-score: nan (nan) (h2  out of bounds)
P: nan (nan) (h2  out of bounds)
WARNING: One of the h2's was out of bounds.
This usually indicates a data-munging error or that h2 or N is low.

Computing rg for phenotype 51/68
Reading summary statistics from ../output_sumstats/output_pmid27989323_PDGFbb_eur.sumstats.gz ...
Read summary statistics for 1217311 SNPs.
After merging with summary statistics, 1166609 SNPs remain.
1163923 SNPs with valid alleles.

Heritability of phenotype 51/68
-------------------------------
Total Observed scale h2: -0.0053 (0.0626)
Lambda GC: 1.0225
Mean Chi^2: 1.0214
Intercept: 1.0222 (0.0087)
Ratio: 1.0409 (0.4057)

Genetic Covariance
------------------
Total Observed scale gencov: 0.0266 (0.052)
Mean z1*z2: 0.5301
Intercept: 0.5264 (0.0057)

Genetic Correlation
-------------------
Genetic Correlation: nan (nan) (h2  out of bounds) 
Z-score: nan (nan) (h2  out of bounds)
P: nan (nan) (h2  out of bounds)
WARNING: One of the h2's was out of bounds.
This usually indicates a data-munging error or that h2 or N is low.

Computing rg for phenotype 52/68
Reading summary statistics from ../output_sumstats/output_pmid27989323_RANTES_eur.sumstats.gz ...
Read summary statistics for 1217311 SNPs.
After merging with summary statistics, 1166609 SNPs remain.
1162813 SNPs with valid alleles.

Heritability of phenotype 52/68
-------------------------------
Total Observed scale h2: 0.1242 (0.128)
Lambda GC: 1.0046
Mean Chi^2: 1.0082
Intercept: 0.9997 (0.0068)
Ratio < 0 (usually indicates GC correction).

Genetic Covariance
------------------
Total Observed scale gencov: 0.0734 (0.068)
Mean z1*z2: 0.0179
Intercept: 0.0113 (0.0049)

Genetic Correlation
-------------------
Genetic Correlation: nan (nan) (h2  out of bounds) 
Z-score: nan (nan) (h2  out of bounds)
P: nan (nan) (h2  out of bounds)
WARNING: One of the h2's was out of bounds.
This usually indicates a data-munging error or that h2 or N is low.

Computing rg for phenotype 53/68
Reading summary statistics from ../output_sumstats/output_pmid27989323_SCF_eur.sumstats.gz ...
Read summary statistics for 1217311 SNPs.
After merging with summary statistics, 1166609 SNPs remain.
1163761 SNPs with valid alleles.

Heritability of phenotype 53/68
-------------------------------
Total Observed scale h2: -0.0556 (0.0565)
Lambda GC: 1.0046
Mean Chi^2: 1.0095
Intercept: 1.0187 (0.0072)
Ratio: 1.9616 (0.7604)

Genetic Covariance
------------------
Total Observed scale gencov: -0.0383 (0.0451)
Mean z1*z2: 0.1876
Intercept: 0.1929 (0.0049)

Genetic Correlation
-------------------
Genetic Correlation: nan (nan) (h2  out of bounds) 
Z-score: nan (nan) (h2  out of bounds)
P: nan (nan) (h2  out of bounds)
WARNING: One of the h2's was out of bounds.
This usually indicates a data-munging error or that h2 or N is low.

Computing rg for phenotype 54/68
Reading summary statistics from ../output_sumstats/output_pmid27989323_SCGFb_eur.sumstats.gz ...
Read summary statistics for 1217311 SNPs.
After merging with summary statistics, 1166609 SNPs remain.
518016 SNPs with valid alleles.

Heritability of phenotype 54/68
-------------------------------
Total Observed scale h2: 0.0893 (0.1788)
Lambda GC: 1.0165
Mean Chi^2: 1.0187
Intercept: 1.012 (0.0099)
Ratio: 0.6383 (0.5296)

Genetic Covariance
------------------
Total Observed scale gencov: -0.1643 (0.1078)
Mean z1*z2: 0.0503
Intercept: 0.0662 (0.0079)

Genetic Correlation
-------------------
Genetic Correlation: nan (nan) (h2  out of bounds) 
Z-score: nan (nan) (h2  out of bounds)
P: nan (nan) (h2  out of bounds)
WARNING: One of the h2's was out of bounds.
This usually indicates a data-munging error or that h2 or N is low.

Computing rg for phenotype 55/68
Reading summary statistics from ../output_sumstats/output_pmid27989323_TNFa_eur.sumstats.gz ...
Read summary statistics for 1217311 SNPs.
After merging with summary statistics, 1166609 SNPs remain.
1162578 SNPs with valid alleles.

Heritability of phenotype 55/68
-------------------------------
Total Observed scale h2: -0.0528 (0.1339)
Lambda GC: 0.9868
Mean Chi^2: 0.9939
Intercept: 0.9975 (0.0069)
Ratio: NA (mean chi^2 < 1)

Genetic Covariance
------------------
Total Observed scale gencov: 0.001 (0.0668)
Mean z1*z2: 0.077
Intercept: 0.0769 (0.005)

Genetic Correlation
-------------------
Genetic Correlation: nan (nan) (h2  out of bounds) 
Z-score: nan (nan) (h2  out of bounds)
P: nan (nan) (h2  out of bounds)
WARNING: One of the h2's was out of bounds.
This usually indicates a data-munging error or that h2 or N is low.

Computing rg for phenotype 56/68
Reading summary statistics from ../output_sumstats/output_pmid27989323_TNFb_eur.sumstats.gz ...
Read summary statistics for 1217311 SNPs.
After merging with summary statistics, 1166609 SNPs remain.
1048146 SNPs with valid alleles.

Heritability of phenotype 56/68
-------------------------------
Total Observed scale h2: -0.4589 (0.3086)
Lambda GC: 1.0075
Mean Chi^2: 0.9959
Intercept: 1.0107 (0.0075)
Ratio: NA (mean chi^2 < 1)

Genetic Covariance
------------------
Total Observed scale gencov: 0.1368 (0.0967)
Mean z1*z2: 0.0737
Intercept: 0.065 (0.0054)

Genetic Correlation
-------------------
Genetic Correlation: nan (nan) (h2  out of bounds) 
Z-score: nan (nan) (h2  out of bounds)
P: nan (nan) (h2  out of bounds)
WARNING: One of the h2's was out of bounds.
This usually indicates a data-munging error or that h2 or N is low.

Computing rg for phenotype 57/68
Reading summary statistics from ../output_sumstats/output_pmid27989323_TRAIL_eur.sumstats.gz ...
Read summary statistics for 1217311 SNPs.
After merging with summary statistics, 1166609 SNPs remain.
1163857 SNPs with valid alleles.

Heritability of phenotype 57/68
-------------------------------
Total Observed scale h2: -0.0188 (0.0554)
Lambda GC: 1.0195
Mean Chi^2: 1.0176
Intercept: 1.0207 (0.0117)
Ratio: 1.1731 (0.6646)

Genetic Covariance
------------------
Total Observed scale gencov: -0.0268 (0.0463)
Mean z1*z2: 0.1745
Intercept: 0.1782 (0.0051)

Genetic Correlation
-------------------
Genetic Correlation: nan (nan) (h2  out of bounds) 
Z-score: nan (nan) (h2  out of bounds)
P: nan (nan) (h2  out of bounds)
WARNING: One of the h2's was out of bounds.
This usually indicates a data-munging error or that h2 or N is low.

Computing rg for phenotype 58/68
Reading summary statistics from ../output_sumstats/output_pmid27989323_bNGF_eur.sumstats.gz ...
Read summary statistics for 1217311 SNPs.
After merging with summary statistics, 1166609 SNPs remain.
1162789 SNPs with valid alleles.

Heritability of phenotype 58/68
-------------------------------
Total Observed scale h2: 0.2657 (0.1387)
Lambda GC: 1.0165
Mean Chi^2: 1.0129
Intercept: 0.9942 (0.0077)
Ratio < 0 (usually indicates GC correction).

Genetic Covariance
------------------
Total Observed scale gencov: -0.0123 (0.069)
Mean z1*z2: 0.144
Intercept: 0.1451 (0.0051)

Genetic Correlation
-------------------
Genetic Correlation: nan (nan) (h2  out of bounds) 
Z-score: nan (nan) (h2  out of bounds)
P: nan (nan) (h2  out of bounds)
WARNING: One of the h2's was out of bounds.
This usually indicates a data-munging error or that h2 or N is low.

Computing rg for phenotype 59/68
Reading summary statistics from ../output_sumstats/output_pmid27989323_eotaxin_eur.sumstats.gz ...
Read summary statistics for 1217311 SNPs.
After merging with summary statistics, 1166609 SNPs remain.
1163805 SNPs with valid alleles.

Heritability of phenotype 59/68
-------------------------------
Total Observed scale h2: 0.1021 (0.0658)
Lambda GC: 1.0135
Mean Chi^2: 1.0254
Intercept: 1.0088 (0.0076)
Ratio: 0.348 (0.3001)

Genetic Covariance
------------------
Total Observed scale gencov: 0.039 (0.0511)
Mean z1*z2: 0.2648
Intercept: 0.2593 (0.0055)

Genetic Correlation
-------------------
Genetic Correlation: nan (nan) (h2  out of bounds) 
Z-score: nan (nan) (h2  out of bounds)
P: nan (nan) (h2  out of bounds)
WARNING: One of the h2's was out of bounds.
This usually indicates a data-munging error or that h2 or N is low.

Computing rg for phenotype 60/68
Reading summary statistics from ../output_sumstats/output_pmid27989323_ip10_eur.sumstats.gz ...
Read summary statistics for 1217311 SNPs.
After merging with summary statistics, 1166609 SNPs remain.
1163099 SNPs with valid alleles.

Heritability of phenotype 60/68
-------------------------------
Total Observed scale h2: 0.1287 (0.1232)
Lambda GC: 1.0225
Mean Chi^2: 1.0176
Intercept: 1.0082 (0.0073)
Ratio: 0.4656 (0.4137)

Genetic Covariance
------------------
Total Observed scale gencov: 0.0854 (0.0664)
Mean z1*z2: 0.0682
Intercept: 0.0601 (0.0045)

Genetic Correlation
-------------------
Genetic Correlation: nan (nan) (h2  out of bounds) 
Z-score: nan (nan) (h2  out of bounds)
P: nan (nan) (h2  out of bounds)
WARNING: One of the h2's was out of bounds.
This usually indicates a data-munging error or that h2 or N is low.

Computing rg for phenotype 61/68
Reading summary statistics from ../output_sumstats/output_pmid29566793_ALS_eur.sumstats.gz ...
Read summary statistics for 1217311 SNPs.
After merging with summary statistics, 1166609 SNPs remain.
1160748 SNPs with valid alleles.

Heritability of phenotype 61/68
-------------------------------
Total Observed scale h2: 0.0316 (0.0072)
Lambda GC: 1.0496
Mean Chi^2: 1.0739
Intercept: 1.0226 (0.0072)
Ratio: 0.3056 (0.0981)

Genetic Covariance
------------------
Total Observed scale gencov: -0.0023 (0.0155)
Mean z1*z2: -0.0029
Intercept: -0.0016 (0.0047)

Genetic Correlation
-------------------
Genetic Correlation: nan (nan) (h2  out of bounds) 
Z-score: nan (nan) (h2  out of bounds)
P: nan (nan) (h2  out of bounds)
WARNING: One of the h2's was out of bounds.
This usually indicates a data-munging error or that h2 or N is low.

Computing rg for phenotype 62/68
Reading summary statistics from ../output_sumstats/output_pmid29632382_T2d-BMIadj_eur.sumstats.gz ...
Read summary statistics for 1217311 SNPs.
After merging with summary statistics, 1166609 SNPs remain.
25896 SNPs with valid alleles.
WARNING: number of SNPs less than 200k; this is almost always bad.

Heritability of phenotype 62/68
-------------------------------
Total Observed scale h2: 0.101 (0.0273)
Lambda GC: 1.2136
Mean Chi^2: 1.7912
Intercept: 1.0128 (0.0828)
Ratio: 0.0162 (0.1046)

Genetic Covariance
------------------
Total Observed scale gencov: 0.0291 (0.0272)
Mean z1*z2: 0.0115
Intercept: -0.0144 (0.0227)

Genetic Correlation
-------------------
Genetic Correlation: nan (nan) (h2  out of bounds) 
Z-score: nan (nan) (h2  out of bounds)
P: nan (nan) (h2  out of bounds)
WARNING: One of the h2's was out of bounds.
This usually indicates a data-munging error or that h2 or N is low.

Computing rg for phenotype 63/68
Reading summary statistics from ../output_sumstats/output_pmid30054458_T2d_eur.sumstats.gz ...
Read summary statistics for 1217311 SNPs.
After merging with summary statistics, 1166609 SNPs remain.
997704 SNPs with valid alleles.
ERROR computing rg for phenotype 63/68, from file ../output_sumstats/output_pmid30054458_T2d_eur.sumstats.gz.
Traceback (most recent call last):
  File "/Users/as/Documents/UNI/Bioinformatik/2023:24_WS/GoBi_Lokal/BlockTeil_Metabolomics/ldsc/ldscore/sumstats.py", line 410, in estimate_rg
    rghat = _rg(loop, args, log, M_annot, ref_ld_cnames, w_ld_cname, i)
  File "/Users/as/Documents/UNI/Bioinformatik/2023:24_WS/GoBi_Lokal/BlockTeil_Metabolomics/ldsc/ldscore/sumstats.py", line 539, in _rg
    intercept_gencov=intercepts[2], n_blocks=n_blocks, twostep=args.two_step)
  File "/Users/as/Documents/UNI/Bioinformatik/2023:24_WS/GoBi_Lokal/BlockTeil_Metabolomics/ldsc/ldscore/regressions.py", line 705, in __init__
    np.multiply(hsq1.tot_delete_values, hsq2.tot_delete_values))
FloatingPointError: invalid value encountered in sqrt


Computing rg for phenotype 64/68
Reading summary statistics from ../output_sumstats/output_pmid33111402_PD_eur.sumstats.gz ...
Read summary statistics for 1217311 SNPs.
After merging with summary statistics, 1166609 SNPs remain.
9901 SNPs with valid alleles.
WARNING: number of SNPs less than 200k; this is almost always bad.

Heritability of phenotype 64/68
-------------------------------
Total Observed scale h2: -2.6692 (1.1452)
Lambda GC: 0.9547
Mean Chi^2: 0.9491
Intercept: 1.0872 (0.0596)
Ratio: NA (mean chi^2 < 1)

Genetic Covariance
------------------
Total Observed scale gencov: 0.1935 (0.464)
Mean z1*z2: 0.0193
Intercept: 0.0045 (0.0339)

Genetic Correlation
-------------------
Genetic Correlation: nan (nan) (h2  out of bounds) 
Z-score: nan (nan) (h2  out of bounds)
P: nan (nan) (h2  out of bounds)
WARNING: One of the h2's was out of bounds.
This usually indicates a data-munging error or that h2 or N is low.

Computing rg for phenotype 65/68
Reading summary statistics from ../output_sumstats/output_pmid33310728_RA_eur.sumstats.gz ...
Read summary statistics for 1217311 SNPs.
After merging with summary statistics, 1166609 SNPs remain.
1157244 SNPs with valid alleles.

Heritability of phenotype 65/68
-------------------------------
Total Observed scale h2: 0.0367 (0.0042)
Lambda GC: 1.0741
Mean Chi^2: 1.2001
Intercept: 0.9742 (0.012)
Ratio < 0 (usually indicates GC correction).

Genetic Covariance
------------------
Total Observed scale gencov: 0.015 (0.0085)
Mean z1*z2: 0.0113
Intercept: -0.002 (0.0042)

Genetic Correlation
-------------------
Genetic Correlation: nan (nan) (h2  out of bounds) 
Z-score: nan (nan) (h2  out of bounds)
P: nan (nan) (h2  out of bounds)
WARNING: One of the h2's was out of bounds.
This usually indicates a data-munging error or that h2 or N is low.

Computing rg for phenotype 66/68
Reading summary statistics from ../output_sumstats/output_pmid33589841_LBD_eur.sumstats.gz ...
Read summary statistics for 1217311 SNPs.
After merging with summary statistics, 1166609 SNPs remain.
1059933 SNPs with valid alleles.

Heritability of phenotype 66/68
-------------------------------
Total Observed scale h2: 0.1647 (0.0808)
Lambda GC: 1.0225
Mean Chi^2: 1.025
Intercept: 1.0032 (0.0085)
Ratio: 0.1266 (0.3413)

Genetic Covariance
------------------
Total Observed scale gencov: -0.0842 (0.0492)
Mean z1*z2: -0.0036
Intercept: 0.0068 (0.0047)

Genetic Correlation
-------------------
Genetic Correlation: nan (nan) (h2  out of bounds) 
Z-score: nan (nan) (h2  out of bounds)
P: nan (nan) (h2  out of bounds)
WARNING: One of the h2's was out of bounds.
This usually indicates a data-munging error or that h2 or N is low.

Computing rg for phenotype 67/68
Reading summary statistics from ../output_sumstats/output_pmid33987465_PD_eur.sumstats.gz ...
Read summary statistics for 1217311 SNPs.
After merging with summary statistics, 1166609 SNPs remain.
1163939 SNPs with valid alleles.

Heritability of phenotype 67/68
-------------------------------
Total Observed scale h2: 0.4102 (0.145)
Lambda GC: 1.0016
Mean Chi^2: 1.0049
Intercept: 0.9818 (0.0062)
Ratio < 0 (usually indicates GC correction).

Genetic Covariance
------------------
Total Observed scale gencov: -0.109 (0.0731)
Mean z1*z2: -0.0056
Intercept: 0.0033 (0.0046)

Genetic Correlation
-------------------
Genetic Correlation: nan (nan) (h2  out of bounds) 
Z-score: nan (nan) (h2  out of bounds)
P: nan (nan) (h2  out of bounds)
WARNING: One of the h2's was out of bounds.
This usually indicates a data-munging error or that h2 or N is low.

Computing rg for phenotype 68/68
Reading summary statistics from ../output_sumstats/output_pmid34737426_APH_eur.sumstats.gz ...
Read summary statistics for 1217311 SNPs.
After merging with summary statistics, 1166609 SNPs remain.
1140903 SNPs with valid alleles.

Heritability of phenotype 68/68
-------------------------------
Total Observed scale h2: -6.1356e-05 (0.0009)
Lambda GC: 0.9957
Mean Chi^2: 0.9851
Intercept: 0.9857 (0.0061)
Ratio: NA (mean chi^2 < 1)

Genetic Covariance
------------------
Total Observed scale gencov: 0.0016 (0.0063)
Mean z1*z2: -0.0009
Intercept: -0.0026 (0.0048)

Genetic Correlation
-------------------
Genetic Correlation: nan (nan) (h2  out of bounds) 
Z-score: nan (nan) (h2  out of bounds)
P: nan (nan) (h2  out of bounds)
WARNING: One of the h2's was out of bounds.
This usually indicates a data-munging error or that h2 or N is low.


Summary of Genetic Correlation Results
                                                          p1                                                                      p2  rg  se   z   p     h2_obs  h2_obs_se  h2_int h2_int_se  gcov_int gcov_int_se
 ../output_sumstats/output_pmid27989323_SDF1_eur.sumstats.gz             ../output_sumstats/output_pmid27989323_SDF1_eur.sumstats.gz  NA  NA  NA  NA   -0.01242    0.07532  0.9987  0.007137    0.9987    0.007137
 ../output_sumstats/output_pmid27989323_SDF1_eur.sumstats.gz               ../output_sumstats/output_pmid21833088_MS_eur.sumstats.gz  NA  NA  NA  NA    0.05614    0.02813   1.059  0.009008  0.003776    0.005223
 ../output_sumstats/output_pmid27989323_SDF1_eur.sumstats.gz               ../output_sumstats/output_pmid24076602_MS_eur.sumstats.gz  NA  NA  NA  NA         NA         NA      NA        NA        NA          NA
 ../output_sumstats/output_pmid27989323_SDF1_eur.sumstats.gz  ../output_sumstats/output_pmid24816252_acetylcarnitine_eur.sumstats.gz  NA  NA  NA  NA    -0.2386    0.08263    1.02  0.007555  0.001094    0.004742
 ../output_sumstats/output_pmid27989323_SDF1_eur.sumstats.gz          ../output_sumstats/output_pmid24816252_alanine_eur.sumstats.gz  NA  NA  NA  NA         NA         NA      NA        NA        NA          NA
 ../output_sumstats/output_pmid27989323_SDF1_eur.sumstats.gz         ../output_sumstats/output_pmid24816252_arginine_eur.sumstats.gz  NA  NA  NA  NA  -0.006545    0.06393   1.038  0.007227 -0.004515    0.004159
 ../output_sumstats/output_pmid27989323_SDF1_eur.sumstats.gz       ../output_sumstats/output_pmid24816252_asparagine_eur.sumstats.gz  NA  NA  NA  NA         NA         NA      NA        NA        NA          NA
 ../output_sumstats/output_pmid27989323_SDF1_eur.sumstats.gz      ../output_sumstats/output_pmid24816252_cholesterol_eur.sumstats.gz  NA  NA  NA  NA         NA         NA      NA        NA        NA          NA
 ../output_sumstats/output_pmid27989323_SDF1_eur.sumstats.gz          ../output_sumstats/output_pmid24816252_citrate_eur.sumstats.gz  NA  NA  NA  NA         NA         NA      NA        NA        NA          NA
 ../output_sumstats/output_pmid27989323_SDF1_eur.sumstats.gz        ../output_sumstats/output_pmid24816252_glutamate_eur.sumstats.gz  NA  NA  NA  NA         NA         NA      NA        NA        NA          NA
 ../output_sumstats/output_pmid27989323_SDF1_eur.sumstats.gz         ../output_sumstats/output_pmid24816252_glycerol_eur.sumstats.gz  NA  NA  NA  NA    -0.1298    0.06066   1.016  0.006936  0.005452    0.004212
 ../output_sumstats/output_pmid27989323_SDF1_eur.sumstats.gz        ../output_sumstats/output_pmid24816252_histidine_eur.sumstats.gz  NA  NA  NA  NA         NA         NA      NA        NA        NA          NA
 ../output_sumstats/output_pmid27989323_SDF1_eur.sumstats.gz       ../output_sumstats/output_pmid24816252_isoleucine_eur.sumstats.gz  NA  NA  NA  NA    -0.2784    0.05873  0.9997  0.006452 -0.001906    0.004594
 ../output_sumstats/output_pmid27989323_SDF1_eur.sumstats.gz    ../output_sumstats/output_pmid24816252_phenylalanine_eur.sumstats.gz  NA  NA  NA  NA         NA         NA      NA        NA        NA          NA
 ../output_sumstats/output_pmid27989323_SDF1_eur.sumstats.gz          ../output_sumstats/output_pmid24816252_proline_eur.sumstats.gz  NA  NA  NA  NA         NA         NA      NA        NA        NA          NA
 ../output_sumstats/output_pmid27989323_SDF1_eur.sumstats.gz         ../output_sumstats/output_pmid24816252_pyruvate_eur.sumstats.gz  NA  NA  NA  NA         NA         NA      NA        NA        NA          NA
 ../output_sumstats/output_pmid27989323_SDF1_eur.sumstats.gz        ../output_sumstats/output_pmid24816252_threonine_eur.sumstats.gz  NA  NA  NA  NA         NA         NA      NA        NA        NA          NA
 ../output_sumstats/output_pmid27989323_SDF1_eur.sumstats.gz       ../output_sumstats/output_pmid24816252_tryptophan_eur.sumstats.gz  NA  NA  NA  NA         NA         NA      NA        NA        NA          NA
 ../output_sumstats/output_pmid27989323_SDF1_eur.sumstats.gz         ../output_sumstats/output_pmid24816252_tyrosine_eur.sumstats.gz  NA  NA  NA  NA         NA         NA      NA        NA        NA          NA
 ../output_sumstats/output_pmid27989323_SDF1_eur.sumstats.gz             ../output_sumstats/output_pmid24816252_urea_eur.sumstats.gz  NA  NA  NA  NA   -0.07908    0.05304   1.013  0.006332 -0.001538    0.004689
 ../output_sumstats/output_pmid27989323_SDF1_eur.sumstats.gz               ../output_sumstats/output_pmid27386562_MS_eur.sumstats.gz  NA  NA  NA  NA     0.2419    0.04728   1.067  0.008921  0.005802    0.005088
 ../output_sumstats/output_pmid27989323_SDF1_eur.sumstats.gz              ../output_sumstats/output_pmid27455348_ALS_eur.sumstats.gz  NA  NA  NA  NA    0.04763    0.01282  0.9977  0.006309 -0.001108      0.0047
 ../output_sumstats/output_pmid27989323_SDF1_eur.sumstats.gz            ../output_sumstats/output_pmid27989323_CTACK_eur.sumstats.gz  NA  NA  NA  NA  -0.008434     0.1172   1.004  0.007053  0.008288    0.004668
 ../output_sumstats/output_pmid27989323_SDF1_eur.sumstats.gz             ../output_sumstats/output_pmid27989323_GCSF_eur.sumstats.gz  NA  NA  NA  NA    0.01964    0.06172   1.008   0.00797    0.4307    0.005435
 ../output_sumstats/output_pmid27989323_SDF1_eur.sumstats.gz             ../output_sumstats/output_pmid27989323_GROa_eur.sumstats.gz  NA  NA  NA  NA      -45.3      20.77   1.381     0.479   -0.2364      0.2913
 ../output_sumstats/output_pmid27989323_SDF1_eur.sumstats.gz              ../output_sumstats/output_pmid27989323_HGF_eur.sumstats.gz  NA  NA  NA  NA   -0.03078    0.05883   1.011  0.008125    0.3047    0.005073
 ../output_sumstats/output_pmid27989323_SDF1_eur.sumstats.gz             ../output_sumstats/output_pmid27989323_IFNg_eur.sumstats.gz  NA  NA  NA  NA   0.009823    0.06235  0.9999  0.007337    0.4525    0.005771
 ../output_sumstats/output_pmid27989323_SDF1_eur.sumstats.gz             ../output_sumstats/output_pmid27989323_IL10_eur.sumstats.gz  NA  NA  NA  NA   -0.01077    0.07947   1.019   0.01231    0.3897    0.005239
 ../output_sumstats/output_pmid27989323_SDF1_eur.sumstats.gz          ../output_sumstats/output_pmid27989323_IL12p70_eur.sumstats.gz  NA  NA  NA  NA   -0.02299    0.08964   1.035   0.01933    0.4783    0.005638
 ../output_sumstats/output_pmid27989323_SDF1_eur.sumstats.gz             ../output_sumstats/output_pmid27989323_IL13_eur.sumstats.gz  NA  NA  NA  NA    -0.1646     0.1632   1.017   0.01247   0.07397    0.004884
 ../output_sumstats/output_pmid27989323_SDF1_eur.sumstats.gz             ../output_sumstats/output_pmid27989323_IL16_eur.sumstats.gz  NA  NA  NA  NA   -0.07127      0.128  0.9952  0.007302   0.08131    0.005023
 ../output_sumstats/output_pmid27989323_SDF1_eur.sumstats.gz             ../output_sumstats/output_pmid27989323_IL17_eur.sumstats.gz  NA  NA  NA  NA      -3.34      1.415   1.483    0.1406    0.8539     0.08778
 ../output_sumstats/output_pmid27989323_SDF1_eur.sumstats.gz             ../output_sumstats/output_pmid27989323_IL18_eur.sumstats.gz  NA  NA  NA  NA     0.3384     0.5844  0.9983   0.02293   0.05244    0.008345
 ../output_sumstats/output_pmid27989323_SDF1_eur.sumstats.gz            ../output_sumstats/output_pmid27989323_IL1ra_eur.sumstats.gz  NA  NA  NA  NA    0.01378     0.1443   1.007  0.008013   0.05719    0.005262
 ../output_sumstats/output_pmid27989323_SDF1_eur.sumstats.gz              ../output_sumstats/output_pmid27989323_IL2_eur.sumstats.gz  NA  NA  NA  NA   -0.08841     0.1305   1.013  0.007067   0.06812     0.00504
 ../output_sumstats/output_pmid27989323_SDF1_eur.sumstats.gz            ../output_sumstats/output_pmid27989323_IL2ra_eur.sumstats.gz  NA  NA  NA  NA    0.06013     0.1191   1.003   0.00665    0.1178     0.00523
 ../output_sumstats/output_pmid27989323_SDF1_eur.sumstats.gz              ../output_sumstats/output_pmid27989323_IL4_eur.sumstats.gz  NA  NA  NA  NA   -0.04185    0.05977   1.011  0.007918    0.5173     0.00602
 ../output_sumstats/output_pmid27989323_SDF1_eur.sumstats.gz              ../output_sumstats/output_pmid27989323_IL5_eur.sumstats.gz  NA  NA  NA  NA      -0.12     0.1373   1.012  0.007395   0.05984     0.00526
 ../output_sumstats/output_pmid27989323_SDF1_eur.sumstats.gz              ../output_sumstats/output_pmid27989323_IL6_eur.sumstats.gz  NA  NA  NA  NA  -0.005599    0.05656   1.009  0.006968    0.4767    0.005595
 ../output_sumstats/output_pmid27989323_SDF1_eur.sumstats.gz              ../output_sumstats/output_pmid27989323_IL7_eur.sumstats.gz  NA  NA  NA  NA   -0.03553     0.1586   1.013  0.009005    0.0529    0.005269
 ../output_sumstats/output_pmid27989323_SDF1_eur.sumstats.gz              ../output_sumstats/output_pmid27989323_IL8_eur.sumstats.gz  NA  NA  NA  NA   -0.03411     0.1273   1.008  0.006788   0.04729    0.005249
 ../output_sumstats/output_pmid27989323_SDF1_eur.sumstats.gz              ../output_sumstats/output_pmid27989323_IL9_eur.sumstats.gz  NA  NA  NA  NA    -0.1775      0.126   1.014  0.007035   0.05649    0.005222
 ../output_sumstats/output_pmid27989323_SDF1_eur.sumstats.gz             ../output_sumstats/output_pmid27989323_MCP1_eur.sumstats.gz  NA  NA  NA  NA     0.1717    0.08207  0.9945  0.007917    0.1994    0.005435
 ../output_sumstats/output_pmid27989323_SDF1_eur.sumstats.gz             ../output_sumstats/output_pmid27989323_MCP3_eur.sumstats.gz  NA  NA  NA  NA    -0.8781     0.5717   1.014  0.007763    0.1071    0.005329
 ../output_sumstats/output_pmid27989323_SDF1_eur.sumstats.gz             ../output_sumstats/output_pmid27989323_MCSF_eur.sumstats.gz  NA  NA  NA  NA     0.1148     0.4995  0.9912  0.006943   0.09894    0.004893
 ../output_sumstats/output_pmid27989323_SDF1_eur.sumstats.gz              ../output_sumstats/output_pmid27989323_MIF_eur.sumstats.gz  NA  NA  NA  NA    0.09182     0.1364   1.005  0.006942    0.0181     0.00511
 ../output_sumstats/output_pmid27989323_SDF1_eur.sumstats.gz              ../output_sumstats/output_pmid27989323_MIG_eur.sumstats.gz  NA  NA  NA  NA    -0.1332     0.1091   1.014  0.006434    0.1039    0.004875
 ../output_sumstats/output_pmid27989323_SDF1_eur.sumstats.gz            ../output_sumstats/output_pmid27989323_MIP1a_eur.sumstats.gz  NA  NA  NA  NA    -0.1369     0.1418   1.009  0.007114   0.06981    0.004857
 ../output_sumstats/output_pmid27989323_SDF1_eur.sumstats.gz            ../output_sumstats/output_pmid27989323_MIP1b_eur.sumstats.gz  NA  NA  NA  NA     0.2181     0.2757   1.019   0.02955     0.311    0.005334
 ../output_sumstats/output_pmid27989323_SDF1_eur.sumstats.gz           ../output_sumstats/output_pmid27989323_PDGFbb_eur.sumstats.gz  NA  NA  NA  NA   -0.00531    0.06263   1.022  0.008668    0.5264    0.005711
 ../output_sumstats/output_pmid27989323_SDF1_eur.sumstats.gz           ../output_sumstats/output_pmid27989323_RANTES_eur.sumstats.gz  NA  NA  NA  NA     0.1242      0.128  0.9997  0.006803   0.01134    0.004924
 ../output_sumstats/output_pmid27989323_SDF1_eur.sumstats.gz              ../output_sumstats/output_pmid27989323_SCF_eur.sumstats.gz  NA  NA  NA  NA   -0.05564    0.05647   1.019   0.00723    0.1929     0.00485
 ../output_sumstats/output_pmid27989323_SDF1_eur.sumstats.gz            ../output_sumstats/output_pmid27989323_SCGFb_eur.sumstats.gz  NA  NA  NA  NA    0.08926     0.1788   1.012  0.009918   0.06616    0.007866
 ../output_sumstats/output_pmid27989323_SDF1_eur.sumstats.gz             ../output_sumstats/output_pmid27989323_TNFa_eur.sumstats.gz  NA  NA  NA  NA   -0.05281     0.1339  0.9975  0.006927   0.07688    0.004965
 ../output_sumstats/output_pmid27989323_SDF1_eur.sumstats.gz             ../output_sumstats/output_pmid27989323_TNFb_eur.sumstats.gz  NA  NA  NA  NA    -0.4589     0.3086   1.011  0.007513   0.06505    0.005361
 ../output_sumstats/output_pmid27989323_SDF1_eur.sumstats.gz            ../output_sumstats/output_pmid27989323_TRAIL_eur.sumstats.gz  NA  NA  NA  NA   -0.01879    0.05537   1.021    0.0117    0.1782    0.005103
 ../output_sumstats/output_pmid27989323_SDF1_eur.sumstats.gz             ../output_sumstats/output_pmid27989323_bNGF_eur.sumstats.gz  NA  NA  NA  NA     0.2657     0.1387  0.9942  0.007732    0.1451    0.005103
 ../output_sumstats/output_pmid27989323_SDF1_eur.sumstats.gz          ../output_sumstats/output_pmid27989323_eotaxin_eur.sumstats.gz  NA  NA  NA  NA     0.1021    0.06584   1.009  0.007627    0.2593    0.005452
 ../output_sumstats/output_pmid27989323_SDF1_eur.sumstats.gz             ../output_sumstats/output_pmid27989323_ip10_eur.sumstats.gz  NA  NA  NA  NA     0.1287     0.1232   1.008  0.007281   0.06014    0.004455
 ../output_sumstats/output_pmid27989323_SDF1_eur.sumstats.gz              ../output_sumstats/output_pmid29566793_ALS_eur.sumstats.gz  NA  NA  NA  NA    0.03164   0.007241   1.023  0.007249 -0.001611    0.004713
 ../output_sumstats/output_pmid27989323_SDF1_eur.sumstats.gz       ../output_sumstats/output_pmid29632382_T2d-BMIadj_eur.sumstats.gz  NA  NA  NA  NA      0.101    0.02728   1.013   0.08279  -0.01444     0.02272
 ../output_sumstats/output_pmid27989323_SDF1_eur.sumstats.gz              ../output_sumstats/output_pmid30054458_T2d_eur.sumstats.gz  NA  NA  NA  NA         NA         NA      NA        NA        NA          NA
 ../output_sumstats/output_pmid27989323_SDF1_eur.sumstats.gz               ../output_sumstats/output_pmid33111402_PD_eur.sumstats.gz  NA  NA  NA  NA     -2.669      1.145   1.087   0.05962  0.004524     0.03387
 ../output_sumstats/output_pmid27989323_SDF1_eur.sumstats.gz               ../output_sumstats/output_pmid33310728_RA_eur.sumstats.gz  NA  NA  NA  NA    0.03673   0.004188  0.9742   0.01195 -0.002018    0.004182
 ../output_sumstats/output_pmid27989323_SDF1_eur.sumstats.gz              ../output_sumstats/output_pmid33589841_LBD_eur.sumstats.gz  NA  NA  NA  NA     0.1647    0.08083   1.003  0.008547  0.006773    0.004669
 ../output_sumstats/output_pmid27989323_SDF1_eur.sumstats.gz               ../output_sumstats/output_pmid33987465_PD_eur.sumstats.gz  NA  NA  NA  NA     0.4102      0.145  0.9818  0.006187  0.003293    0.004556
 ../output_sumstats/output_pmid27989323_SDF1_eur.sumstats.gz              ../output_sumstats/output_pmid34737426_APH_eur.sumstats.gz  NA  NA  NA  NA -6.136e-05  0.0009344  0.9857  0.006116 -0.002617    0.004752

Analysis finished at Sat Feb 24 21:01:05 2024
Total time elapsed: 6.0m:46.43s
