*********************************************************************
* LD Score Regression (LDSC)
* Version 1.0.1
* (C) 2014-2019 Brendan Bulik-Sullivan and Hilary Finucane
* Broad Institute of MIT and Harvard / MIT Department of Mathematics
* GNU General Public License v3
*********************************************************************
Call: 
./ldsc.py \
--ref-ld-chr ../input_files/eur_w_ld_chr/ \
--out ../output_ld_regression/output_pmid33987465_PD_eur_ldReg \
--rg ../output_sumstats/output_pmid33987465_PD_eur.sumstats.gz,../output_sumstats/output_pmid33987465_PD_eur.sumstats.gz,../output_sumstats/output_pmid21833088_MS_eur.sumstats.gz,../output_sumstats/output_pmid24076602_MS_eur.sumstats.gz,../output_sumstats/output_pmid24816252_acetylcarnitine_eur.sumstats.gz,../output_sumstats/output_pmid24816252_alanine_eur.sumstats.gz,../output_sumstats/output_pmid24816252_arginine_eur.sumstats.gz,../output_sumstats/output_pmid24816252_asparagine_eur.sumstats.gz,../output_sumstats/output_pmid24816252_cholesterol_eur.sumstats.gz,../output_sumstats/output_pmid24816252_citrate_eur.sumstats.gz,../output_sumstats/output_pmid24816252_glutamate_eur.sumstats.gz,../output_sumstats/output_pmid24816252_glycerol_eur.sumstats.gz,../output_sumstats/output_pmid24816252_histidine_eur.sumstats.gz,../output_sumstats/output_pmid24816252_isoleucine_eur.sumstats.gz,../output_sumstats/output_pmid24816252_phenylalanine_eur.sumstats.gz,../output_sumstats/output_pmid24816252_proline_eur.sumstats.gz,../output_sumstats/output_pmid24816252_pyruvate_eur.sumstats.gz,../output_sumstats/output_pmid24816252_threonine_eur.sumstats.gz,../output_sumstats/output_pmid24816252_tryptophan_eur.sumstats.gz,../output_sumstats/output_pmid24816252_tyrosine_eur.sumstats.gz,../output_sumstats/output_pmid24816252_urea_eur.sumstats.gz,../output_sumstats/output_pmid27386562_MS_eur.sumstats.gz,../output_sumstats/output_pmid27455348_ALS_eur.sumstats.gz,../output_sumstats/output_pmid27989323_CTACK_eur.sumstats.gz,../output_sumstats/output_pmid27989323_GCSF_eur.sumstats.gz,../output_sumstats/output_pmid27989323_GROa_eur.sumstats.gz,../output_sumstats/output_pmid27989323_HGF_eur.sumstats.gz,../output_sumstats/output_pmid27989323_IFNg_eur.sumstats.gz,../output_sumstats/output_pmid27989323_IL10_eur.sumstats.gz,../output_sumstats/output_pmid27989323_IL12p70_eur.sumstats.gz,../output_sumstats/output_pmid27989323_IL13_eur.sumstats.gz,../output_sumstats/output_pmid27989323_IL16_eur.sumstats.gz,../output_sumstats/output_pmid27989323_IL17_eur.sumstats.gz,../output_sumstats/output_pmid27989323_IL18_eur.sumstats.gz,../output_sumstats/output_pmid27989323_IL1ra_eur.sumstats.gz,../output_sumstats/output_pmid27989323_IL2_eur.sumstats.gz,../output_sumstats/output_pmid27989323_IL2ra_eur.sumstats.gz,../output_sumstats/output_pmid27989323_IL4_eur.sumstats.gz,../output_sumstats/output_pmid27989323_IL5_eur.sumstats.gz,../output_sumstats/output_pmid27989323_IL6_eur.sumstats.gz,../output_sumstats/output_pmid27989323_IL7_eur.sumstats.gz,../output_sumstats/output_pmid27989323_IL8_eur.sumstats.gz,../output_sumstats/output_pmid27989323_IL9_eur.sumstats.gz,../output_sumstats/output_pmid27989323_MCP1_eur.sumstats.gz,../output_sumstats/output_pmid27989323_MCP3_eur.sumstats.gz,../output_sumstats/output_pmid27989323_MCSF_eur.sumstats.gz,../output_sumstats/output_pmid27989323_MIF_eur.sumstats.gz,../output_sumstats/output_pmid27989323_MIG_eur.sumstats.gz,../output_sumstats/output_pmid27989323_MIP1a_eur.sumstats.gz,../output_sumstats/output_pmid27989323_MIP1b_eur.sumstats.gz,../output_sumstats/output_pmid27989323_PDGFbb_eur.sumstats.gz,../output_sumstats/output_pmid27989323_RANTES_eur.sumstats.gz,../output_sumstats/output_pmid27989323_SCF_eur.sumstats.gz,../output_sumstats/output_pmid27989323_SCGFb_eur.sumstats.gz,../output_sumstats/output_pmid27989323_SDF1_eur.sumstats.gz,../output_sumstats/output_pmid27989323_TNFa_eur.sumstats.gz,../output_sumstats/output_pmid27989323_TNFb_eur.sumstats.gz,../output_sumstats/output_pmid27989323_TRAIL_eur.sumstats.gz,../output_sumstats/output_pmid27989323_bNGF_eur.sumstats.gz,../output_sumstats/output_pmid27989323_eotaxin_eur.sumstats.gz,../output_sumstats/output_pmid27989323_ip10_eur.sumstats.gz,../output_sumstats/output_pmid29566793_ALS_eur.sumstats.gz,../output_sumstats/output_pmid29632382_T2d-BMIadj_eur.sumstats.gz,../output_sumstats/output_pmid30054458_T2d_eur.sumstats.gz,../output_sumstats/output_pmid33111402_PD_eur.sumstats.gz,../output_sumstats/output_pmid33310728_RA_eur.sumstats.gz,../output_sumstats/output_pmid33589841_LBD_eur.sumstats.gz,../output_sumstats/output_pmid34737426_APH_eur.sumstats.gz \
--w-ld-chr ../input_files/eur_w_ld_chr/ 

Beginning analysis at Sun Feb 25 00:45:55 2024
Reading summary statistics from ../output_sumstats/output_pmid33987465_PD_eur.sumstats.gz ...
Read summary statistics for 1200028 SNPs.
Reading reference panel LD Score from ../input_files/eur_w_ld_chr/[1-22] ... (ldscore_fromlist)
Read reference panel LD Scores for 1290028 SNPs.
Removing partitioned LD Scores with zero variance.
Reading regression weight LD Score from ../input_files/eur_w_ld_chr/[1-22] ... (ldscore_fromlist)
Read regression weight LD Scores for 1290028 SNPs.
After merging with reference panel LD, 1176238 SNPs remain.
After merging with regression SNP LD, 1176238 SNPs remain.
Computing rg for phenotype 2/68
Reading summary statistics from ../output_sumstats/output_pmid33987465_PD_eur.sumstats.gz ...
Read summary statistics for 1217311 SNPs.
After merging with summary statistics, 1176238 SNPs remain.
1176238 SNPs with valid alleles.

Heritability of phenotype 1
---------------------------
Total Observed scale h2: 0.4291 (0.1459)
Lambda GC: 1.0016
Mean Chi^2: 1.0048
Intercept: 0.9809 (0.0064)
Ratio < 0 (usually indicates GC correction).

Heritability of phenotype 2/68
------------------------------
Total Observed scale h2: 0.4291 (0.1459)
Lambda GC: 1.0016
Mean Chi^2: 1.0048
Intercept: 0.9809 (0.0064)
Ratio < 0 (usually indicates GC correction).

Genetic Covariance
------------------
Total Observed scale gencov: 0.4291 (0.1459)
Mean z1*z2: 1.0048
Intercept: 0.9809 (0.0064)

Genetic Correlation
-------------------
Genetic Correlation: 1. (1.7765e-08)
Z-score: 56290831.638
P: 0.

Computing rg for phenotype 3/68
Reading summary statistics from ../output_sumstats/output_pmid21833088_MS_eur.sumstats.gz ...
Read summary statistics for 1217311 SNPs.
After merging with summary statistics, 1176238 SNPs remain.
451071 SNPs with valid alleles.

Heritability of phenotype 3/68
------------------------------
Total Observed scale h2: 0.0566 (0.0283)
Lambda GC: 1.0405
Mean Chi^2: 1.0857
Intercept: 1.0587 (0.0091)
Ratio: 0.6843 (0.1057)

Genetic Covariance
------------------
Total Observed scale gencov: 0.024 (0.0407)
Mean z1*z2: -0.0061
Intercept: -0.0097 (0.0057)

Genetic Correlation
-------------------
Genetic Correlation: 0.1915 (0.3516)
Z-score: 0.5447
P: 0.5859

Computing rg for phenotype 4/68
Reading summary statistics from ../output_sumstats/output_pmid24076602_MS_eur.sumstats.gz ...
Read summary statistics for 1217311 SNPs.
After merging with summary statistics, 1176238 SNPs remain.
49783 SNPs with valid alleles.
WARNING: number of SNPs less than 200k; this is almost always bad.

Heritability of phenotype 4/68
------------------------------
Total Observed scale h2: 1.5465 (0.2523)
Lambda GC: 1.4602
Mean Chi^2: 2.1964
Intercept: 1.0345 (0.1027)
Ratio: 0.0288 (0.0859)

Genetic Covariance
------------------
Total Observed scale gencov: 0.1754 (0.1596)
Mean z1*z2: 0.0453
Intercept: -0.0074 (0.0206)

Genetic Correlation
-------------------
Genetic Correlation: 0.1434 (0.1442)
Z-score: 0.9944
P: 0.32

Computing rg for phenotype 5/68
Reading summary statistics from ../output_sumstats/output_pmid24816252_acetylcarnitine_eur.sumstats.gz ...
Read summary statistics for 1217311 SNPs.
After merging with summary statistics, 1176238 SNPs remain.
1024934 SNPs with valid alleles.

Heritability of phenotype 5/68
------------------------------
Total Observed scale h2: -0.2387 (0.0832)
Lambda GC: 0.9721
Mean Chi^2: 0.9855
Intercept: 1.0205 (0.0076)
Ratio: NA (mean chi^2 < 1)

Genetic Covariance
------------------
Total Observed scale gencov: -0.0286 (0.0724)
Mean z1*z2: -0.0038
Intercept: -0.0011 (0.0048)

Genetic Correlation
-------------------
Genetic Correlation: nan (nan) (h2  out of bounds) 
Z-score: nan (nan) (h2  out of bounds)
P: nan (nan) (h2  out of bounds)
WARNING: One of the h2's was out of bounds.
This usually indicates a data-munging error or that h2 or N is low.

Computing rg for phenotype 6/68
Reading summary statistics from ../output_sumstats/output_pmid24816252_alanine_eur.sumstats.gz ...
Read summary statistics for 1217311 SNPs.
After merging with summary statistics, 1176238 SNPs remain.
1024934 SNPs with valid alleles.

Heritability of phenotype 6/68
------------------------------
Total Observed scale h2: 0.5311 (0.0709)
Lambda GC: 1.0649
Mean Chi^2: 1.0873
Intercept: 1.0109 (0.0072)
Ratio: 0.1246 (0.0819)

Genetic Covariance
------------------
Total Observed scale gencov: 0.0115 (0.0729)
Mean z1*z2: 0.0019
Intercept: 0.0013 (0.0047)

Genetic Correlation
-------------------
Genetic Correlation: 0.0301 (0.191)
Z-score: 0.1574
P: 0.875

Computing rg for phenotype 7/68
Reading summary statistics from ../output_sumstats/output_pmid24816252_arginine_eur.sumstats.gz ...
Read summary statistics for 1217311 SNPs.
After merging with summary statistics, 1176238 SNPs remain.
1024934 SNPs with valid alleles.

Heritability of phenotype 7/68
------------------------------
Total Observed scale h2: -0.0039 (0.0644)
Lambda GC: 1.0255
Mean Chi^2: 1.0367
Intercept: 1.0372 (0.0072)
Ratio: 1.0127 (0.1971)

Genetic Covariance
------------------
Total Observed scale gencov: -0.0102 (0.0652)
Mean z1*z2: -0.0041
Intercept: -0.0032 (0.0043)

Genetic Correlation
-------------------
Genetic Correlation: nan (nan) (h2  out of bounds) 
Z-score: nan (nan) (h2  out of bounds)
P: nan (nan) (h2  out of bounds)
WARNING: One of the h2's was out of bounds.
This usually indicates a data-munging error or that h2 or N is low.

Computing rg for phenotype 8/68
Reading summary statistics from ../output_sumstats/output_pmid24816252_asparagine_eur.sumstats.gz ...
Read summary statistics for 1217311 SNPs.
After merging with summary statistics, 1176238 SNPs remain.
1024934 SNPs with valid alleles.

Heritability of phenotype 8/68
------------------------------
Total Observed scale h2: 0.5001 (0.0668)
Lambda GC: 1.0679
Mean Chi^2: 1.0904
Intercept: 1.0185 (0.0072)
Ratio: 0.2042 (0.0793)

Genetic Covariance
------------------
Total Observed scale gencov: 0.0157 (0.069)
Mean z1*z2: 0.0043
Intercept: 0.0031 (0.0048)

Genetic Correlation
-------------------
Genetic Correlation: 0.0422 (0.1866)
Z-score: 0.2264
P: 0.8209

Computing rg for phenotype 9/68
Reading summary statistics from ../output_sumstats/output_pmid24816252_cholesterol_eur.sumstats.gz ...
Read summary statistics for 1217311 SNPs.
After merging with summary statistics, 1176238 SNPs remain.
1024934 SNPs with valid alleles.

Heritability of phenotype 9/68
------------------------------
Total Observed scale h2: 0.1353 (0.0673)
Lambda GC: 1.0496
Mean Chi^2: 1.0633
Intercept: 1.0434 (0.0066)
Ratio: 0.6867 (0.1037)

Genetic Covariance
------------------
Total Observed scale gencov: -0.1548 (0.0745)
Mean z1*z2: -0.0085
Intercept: 0.0054 (0.0048)

Genetic Correlation
-------------------
Genetic Correlation: -0.7987 (0.5108)
Z-score: -1.5637
P: 0.1179

Computing rg for phenotype 10/68
Reading summary statistics from ../output_sumstats/output_pmid24816252_citrate_eur.sumstats.gz ...
Read summary statistics for 1217311 SNPs.
After merging with summary statistics, 1176238 SNPs remain.
1024934 SNPs with valid alleles.

Heritability of phenotype 10/68
-------------------------------
Total Observed scale h2: 0.4553 (0.0785)
Lambda GC: 1.0957
Mean Chi^2: 1.1226
Intercept: 1.0581 (0.0077)
Ratio: 0.474 (0.063)

Genetic Covariance
------------------
Total Observed scale gencov: -0.091 (0.0688)
Mean z1*z2: 0.0015
Intercept: 0.0098 (0.0047)

Genetic Correlation
-------------------
Genetic Correlation: -0.2559 (0.2013)
Z-score: -1.2712
P: 0.2037

Computing rg for phenotype 11/68
Reading summary statistics from ../output_sumstats/output_pmid24816252_glutamate_eur.sumstats.gz ...
Read summary statistics for 1217311 SNPs.
After merging with summary statistics, 1176238 SNPs remain.
1024934 SNPs with valid alleles.

Heritability of phenotype 11/68
-------------------------------
Total Observed scale h2: 0.158 (0.0558)
Lambda GC: 0.9576
Mean Chi^2: 0.9554
Intercept: 0.9327 (0.0059)
Ratio: NA (mean chi^2 < 1)

Genetic Covariance
------------------
Total Observed scale gencov: -0.03 (0.0661)
Mean z1*z2: 0.0039
Intercept: 0.0066 (0.0047)

Genetic Correlation
-------------------
Genetic Correlation: -0.1431 (0.3276)
Z-score: -0.4367
P: 0.6623

Computing rg for phenotype 12/68
Reading summary statistics from ../output_sumstats/output_pmid24816252_glycerol_eur.sumstats.gz ...
Read summary statistics for 1217311 SNPs.
After merging with summary statistics, 1176238 SNPs remain.
1024934 SNPs with valid alleles.

Heritability of phenotype 12/68
-------------------------------
Total Observed scale h2: -0.1346 (0.0602)
Lambda GC: 0.9868
Mean Chi^2: 0.9974
Intercept: 1.017 (0.0069)
Ratio: NA (mean chi^2 < 1)

Genetic Covariance
------------------
Total Observed scale gencov: 0.0152 (0.0706)
Mean z1*z2: 0.0049
Intercept: 0.0034 (0.0049)

Genetic Correlation
-------------------
Genetic Correlation: nan (nan) (h2  out of bounds) 
Z-score: nan (nan) (h2  out of bounds)
P: nan (nan) (h2  out of bounds)
WARNING: One of the h2's was out of bounds.
This usually indicates a data-munging error or that h2 or N is low.

Computing rg for phenotype 13/68
Reading summary statistics from ../output_sumstats/output_pmid24816252_histidine_eur.sumstats.gz ...
Read summary statistics for 1217311 SNPs.
After merging with summary statistics, 1176238 SNPs remain.
1024934 SNPs with valid alleles.

Heritability of phenotype 13/68
-------------------------------
Total Observed scale h2: 0.4423 (0.0691)
Lambda GC: 0.81
Mean Chi^2: 0.8192
Intercept: 0.7572 (0.0062)
Ratio: NA (mean chi^2 < 1)

Genetic Covariance
------------------
Total Observed scale gencov: -0.0393 (0.0733)
Mean z1*z2: -0.0064
Intercept: -0.0024 (0.0044)

Genetic Correlation
-------------------
Genetic Correlation: -0.1123 (0.2086)
Z-score: -0.5382
P: 0.5904

Computing rg for phenotype 14/68
Reading summary statistics from ../output_sumstats/output_pmid24816252_isoleucine_eur.sumstats.gz ...
Read summary statistics for 1217311 SNPs.
After merging with summary statistics, 1176238 SNPs remain.
1024934 SNPs with valid alleles.

Heritability of phenotype 14/68
-------------------------------
Total Observed scale h2: -0.2869 (0.0589)
Lambda GC: 0.9489
Mean Chi^2: 0.9593
Intercept: 1.0013 (0.0065)
Ratio: NA (mean chi^2 < 1)

Genetic Covariance
------------------
Total Observed scale gencov: -0.0624 (0.0678)
Mean z1*z2: 0.0026
Intercept: 0.0083 (0.0044)

Genetic Correlation
-------------------
Genetic Correlation: nan (nan) (h2  out of bounds) 
Z-score: nan (nan) (h2  out of bounds)
P: nan (nan) (h2  out of bounds)
WARNING: One of the h2's was out of bounds.
This usually indicates a data-munging error or that h2 or N is low.

Computing rg for phenotype 15/68
Reading summary statistics from ../output_sumstats/output_pmid24816252_phenylalanine_eur.sumstats.gz ...
Read summary statistics for 1217311 SNPs.
After merging with summary statistics, 1176238 SNPs remain.
1024934 SNPs with valid alleles.

Heritability of phenotype 15/68
-------------------------------
Total Observed scale h2: 0.3367 (0.0444)
Lambda GC: 0.8207
Mean Chi^2: 0.8232
Intercept: 0.7765 (0.005)
Ratio: NA (mean chi^2 < 1)

Genetic Covariance
------------------
Total Observed scale gencov: 0.0017 (0.0627)
Mean z1*z2: 0.0045
Intercept: 0.0041 (0.0042)

Genetic Correlation
-------------------
Genetic Correlation: 0.0056 (0.206)
Z-score: 0.027
P: 0.9785

Computing rg for phenotype 16/68
Reading summary statistics from ../output_sumstats/output_pmid24816252_proline_eur.sumstats.gz ...
Read summary statistics for 1217311 SNPs.
After merging with summary statistics, 1176238 SNPs remain.
1024934 SNPs with valid alleles.

Heritability of phenotype 16/68
-------------------------------
Total Observed scale h2: 0.3794 (0.0884)
Lambda GC: 1.0649
Mean Chi^2: 1.0919
Intercept: 1.037 (0.0123)
Ratio: 0.4022 (0.134)

Genetic Covariance
------------------
Total Observed scale gencov: -0.0065 (0.0794)
Mean z1*z2: 0.0033
Intercept: 0.004 (0.0053)

Genetic Correlation
-------------------
Genetic Correlation: -0.0201 (0.2459)
Z-score: -0.0818
P: 0.9348

Computing rg for phenotype 17/68
Reading summary statistics from ../output_sumstats/output_pmid24816252_pyruvate_eur.sumstats.gz ...
Read summary statistics for 1217311 SNPs.
After merging with summary statistics, 1176238 SNPs remain.
1024934 SNPs with valid alleles.

Heritability of phenotype 17/68
-------------------------------
Total Observed scale h2: 0.1409 (0.0555)
Lambda GC: 1.0195
Mean Chi^2: 1.0206
Intercept: 1.0006 (0.006)
Ratio: 0.0288 (0.2906)

Genetic Covariance
------------------
Total Observed scale gencov: -0.0185 (0.0679)
Mean z1*z2: -0.0027
Intercept: -0.0011 (0.0046)

Genetic Correlation
-------------------
Genetic Correlation: -0.0936 (0.3502)
Z-score: -0.2673
P: 0.7893

Computing rg for phenotype 18/68
Reading summary statistics from ../output_sumstats/output_pmid24816252_threonine_eur.sumstats.gz ...
Read summary statistics for 1217311 SNPs.
After merging with summary statistics, 1176238 SNPs remain.
1024934 SNPs with valid alleles.

Heritability of phenotype 18/68
-------------------------------
Total Observed scale h2: 0.0563 (0.0832)
Lambda GC: 1.0016
Mean Chi^2: 1.015
Intercept: 1.0086 (0.0067)
Ratio: 0.5723 (0.4445)

Genetic Covariance
------------------
Total Observed scale gencov: -0.0326 (0.0737)
Mean z1*z2: -0.0053
Intercept: -0.0026 (0.0047)

Genetic Correlation
-------------------
Genetic Correlation: -0.2609 (0.6044)
Z-score: -0.4316
P: 0.666

Computing rg for phenotype 19/68
Reading summary statistics from ../output_sumstats/output_pmid24816252_tryptophan_eur.sumstats.gz ...
Read summary statistics for 1217311 SNPs.
After merging with summary statistics, 1176238 SNPs remain.
1024934 SNPs with valid alleles.

Heritability of phenotype 19/68
-------------------------------
Total Observed scale h2: 0.9232 (0.0754)
Lambda GC: 1.0864
Mean Chi^2: 1.1816
Intercept: 1.0489 (0.0081)
Ratio: 0.2693 (0.0444)

Genetic Covariance
------------------
Total Observed scale gencov: -0.0294 (0.0732)
Mean z1*z2: -0.0004
Intercept: 0.0026 (0.0048)

Genetic Correlation
-------------------
Genetic Correlation: -0.0581 (0.1446)
Z-score: -0.4019
P: 0.6878

Computing rg for phenotype 20/68
Reading summary statistics from ../output_sumstats/output_pmid24816252_tyrosine_eur.sumstats.gz ...
Read summary statistics for 1217311 SNPs.
After merging with summary statistics, 1176238 SNPs remain.
1024934 SNPs with valid alleles.

Heritability of phenotype 20/68
-------------------------------
Total Observed scale h2: 0.1701 (0.071)
Lambda GC: 1.0466
Mean Chi^2: 1.0566
Intercept: 1.0318 (0.0071)
Ratio: 0.5622 (0.1262)

Genetic Covariance
------------------
Total Observed scale gencov: 0.0038 (0.0673)
Mean z1*z2: -0.0005
Intercept: -0.0008 (0.005)

Genetic Correlation
-------------------
Genetic Correlation: 0.0176 (0.3116)
Z-score: 0.0564
P: 0.9551

Computing rg for phenotype 21/68
Reading summary statistics from ../output_sumstats/output_pmid24816252_urea_eur.sumstats.gz ...
Read summary statistics for 1217311 SNPs.
After merging with summary statistics, 1176238 SNPs remain.
1024934 SNPs with valid alleles.

Heritability of phenotype 21/68
-------------------------------
Total Observed scale h2: -0.0808 (0.053)
Lambda GC: 0.9898
Mean Chi^2: 1.0011
Intercept: 1.0128 (0.0062)
Ratio: 12.108 (5.8944)

Genetic Covariance
------------------
Total Observed scale gencov: -0.0038 (0.0683)
Mean z1*z2: 0.0043
Intercept: 0.0046 (0.0048)

Genetic Correlation
-------------------
Genetic Correlation: nan (nan) (h2  out of bounds) 
Z-score: nan (nan) (h2  out of bounds)
P: nan (nan) (h2  out of bounds)
WARNING: One of the h2's was out of bounds.
This usually indicates a data-munging error or that h2 or N is low.

Computing rg for phenotype 22/68
Reading summary statistics from ../output_sumstats/output_pmid27386562_MS_eur.sumstats.gz ...
Read summary statistics for 1217311 SNPs.
After merging with summary statistics, 1176238 SNPs remain.
1139049 SNPs with valid alleles.

Heritability of phenotype 22/68
-------------------------------
Total Observed scale h2: 0.2434 (0.0476)
Lambda GC: 1.1207
Mean Chi^2: 1.1413
Intercept: 1.0661 (0.0089)
Ratio: 0.4679 (0.0629)

Genetic Covariance
------------------
Total Observed scale gencov: -0.0791 (0.0552)
Mean z1*z2: -0.0018
Intercept: 0.0093 (0.0049)

Genetic Correlation
-------------------
Genetic Correlation: -0.2721 (0.211)
Z-score: -1.2893
P: 0.1973

Computing rg for phenotype 23/68
Reading summary statistics from ../output_sumstats/output_pmid27455348_ALS_eur.sumstats.gz ...
Read summary statistics for 1217311 SNPs.
After merging with summary statistics, 1176238 SNPs remain.
1160612 SNPs with valid alleles.

Heritability of phenotype 23/68
-------------------------------
Total Observed scale h2: 0.0481 (0.0127)
Lambda GC: 1.0285
Mean Chi^2: 1.0314
Intercept: 0.9973 (0.0061)
Ratio < 0 (usually indicates GC correction).

Genetic Covariance
------------------
Total Observed scale gencov: 0.018 (0.0289)
Mean z1*z2: 0.0051
Intercept: 0.0013 (0.004)

Genetic Correlation
-------------------
Genetic Correlation: 0.1402 (0.2286)
Z-score: 0.6132
P: 0.5397

Computing rg for phenotype 24/68
Reading summary statistics from ../output_sumstats/output_pmid27989323_CTACK_eur.sumstats.gz ...
Read summary statistics for 1217311 SNPs.
After merging with summary statistics, 1176238 SNPs remain.
1163450 SNPs with valid alleles.

Heritability of phenotype 24/68
-------------------------------
Total Observed scale h2: -0.0099 (0.1165)
Lambda GC: 0.9957
Mean Chi^2: 1.0033
Intercept: 1.004 (0.0069)
Ratio: 1.2163 (2.0886)

Genetic Covariance
------------------
Total Observed scale gencov: 0.0885 (0.099)
Mean z1*z2: -0.0011
Intercept: -0.0068 (0.0041)

Genetic Correlation
-------------------
Genetic Correlation: nan (nan) (h2  out of bounds) 
Z-score: nan (nan) (h2  out of bounds)
P: nan (nan) (h2  out of bounds)
WARNING: One of the h2's was out of bounds.
This usually indicates a data-munging error or that h2 or N is low.

Computing rg for phenotype 25/68
Reading summary statistics from ../output_sumstats/output_pmid27989323_GCSF_eur.sumstats.gz ...
Read summary statistics for 1217311 SNPs.
After merging with summary statistics, 1176238 SNPs remain.
1164369 SNPs with valid alleles.

Heritability of phenotype 25/68
-------------------------------
Total Observed scale h2: 0.0232 (0.0611)
Lambda GC: 1.0165
Mean Chi^2: 1.0106
Intercept: 1.007 (0.0078)
Ratio: 0.6596 (0.737)

Genetic Covariance
------------------
Total Observed scale gencov: -0.0099 (0.0694)
Mean z1*z2: -0.0048
Intercept: -0.0037 (0.0046)

Genetic Correlation
-------------------
Genetic Correlation: -0.1016 (0.7579)
Z-score: -0.134
P: 0.8934

Computing rg for phenotype 26/68
Reading summary statistics from ../output_sumstats/output_pmid27989323_GROa_eur.sumstats.gz ...
Read summary statistics for 1217311 SNPs.
After merging with summary statistics, 1176238 SNPs remain.
62 SNPs with valid alleles.
WARNING: number of SNPs less than 200k; this is almost always bad.

Heritability of phenotype 26/68
-------------------------------
Total Observed scale h2: -44.1899 (21.2986)
Lambda GC: 0.3059
Mean Chi^2: 0.3953
Intercept: 1.3426 (0.4934)
Ratio: NA (mean chi^2 < 1)

Genetic Covariance
------------------
Total Observed scale gencov: 14.7853 (23.2811)
Mean z1*z2: -0.1612
Intercept: -0.4462 (0.4828)

Genetic Correlation
-------------------
Genetic Correlation: nan (nan) (h2  out of bounds) 
Z-score: nan (nan) (h2  out of bounds)
P: nan (nan) (h2  out of bounds)
WARNING: One of the h2's was out of bounds.
This usually indicates a data-munging error or that h2 or N is low.

Computing rg for phenotype 27/68
Reading summary statistics from ../output_sumstats/output_pmid27989323_HGF_eur.sumstats.gz ...
Read summary statistics for 1217311 SNPs.
After merging with summary statistics, 1176238 SNPs remain.
1164412 SNPs with valid alleles.

Heritability of phenotype 27/68
-------------------------------
Total Observed scale h2: -0.0253 (0.059)
Lambda GC: 1.0046
Mean Chi^2: 1.0063
Intercept: 1.0104 (0.0082)
Ratio: 1.6613 (1.3006)

Genetic Covariance
------------------
Total Observed scale gencov: -0.0049 (0.0595)
Mean z1*z2: -0.0008
Intercept: -0.0005 (0.0046)

Genetic Correlation
-------------------
Genetic Correlation: nan (nan) (h2  out of bounds) 
Z-score: nan (nan) (h2  out of bounds)
P: nan (nan) (h2  out of bounds)
WARNING: One of the h2's was out of bounds.
This usually indicates a data-munging error or that h2 or N is low.

Computing rg for phenotype 28/68
Reading summary statistics from ../output_sumstats/output_pmid27989323_IFNg_eur.sumstats.gz ...
Read summary statistics for 1217311 SNPs.
After merging with summary statistics, 1176238 SNPs remain.
1164365 SNPs with valid alleles.
ERROR computing rg for phenotype 28/68, from file ../output_sumstats/output_pmid27989323_IFNg_eur.sumstats.gz.
Traceback (most recent call last):
  File "/Users/as/Documents/UNI/Bioinformatik/2023:24_WS/GoBi_Lokal/BlockTeil_Metabolomics/ldsc/ldscore/sumstats.py", line 410, in estimate_rg
    rghat = _rg(loop, args, log, M_annot, ref_ld_cnames, w_ld_cname, i)
  File "/Users/as/Documents/UNI/Bioinformatik/2023:24_WS/GoBi_Lokal/BlockTeil_Metabolomics/ldsc/ldscore/sumstats.py", line 539, in _rg
    intercept_gencov=intercepts[2], n_blocks=n_blocks, twostep=args.two_step)
  File "/Users/as/Documents/UNI/Bioinformatik/2023:24_WS/GoBi_Lokal/BlockTeil_Metabolomics/ldsc/ldscore/regressions.py", line 705, in __init__
    np.multiply(hsq1.tot_delete_values, hsq2.tot_delete_values))
FloatingPointError: invalid value encountered in sqrt


Computing rg for phenotype 29/68
Reading summary statistics from ../output_sumstats/output_pmid27989323_IL10_eur.sumstats.gz ...
Read summary statistics for 1217311 SNPs.
After merging with summary statistics, 1176238 SNPs remain.
1164518 SNPs with valid alleles.

Heritability of phenotype 29/68
-------------------------------
Total Observed scale h2: -0.006 (0.0786)
Lambda GC: 1.0016
Mean Chi^2: 1.0168
Intercept: 1.0177 (0.0124)
Ratio: 1.0544 (0.7352)

Genetic Covariance
------------------
Total Observed scale gencov: 0.0071 (0.0704)
Mean z1*z2: -0.0009
Intercept: -0.0018 (0.005)

Genetic Correlation
-------------------
Genetic Correlation: nan (nan) (h2  out of bounds) 
Z-score: nan (nan) (h2  out of bounds)
P: nan (nan) (h2  out of bounds)
WARNING: One of the h2's was out of bounds.
This usually indicates a data-munging error or that h2 or N is low.

Computing rg for phenotype 30/68
Reading summary statistics from ../output_sumstats/output_pmid27989323_IL12p70_eur.sumstats.gz ...
Read summary statistics for 1217311 SNPs.
After merging with summary statistics, 1176238 SNPs remain.
1164341 SNPs with valid alleles.

Heritability of phenotype 30/68
-------------------------------
Total Observed scale h2: -0.0176 (0.0895)
Lambda GC: 1.0255
Mean Chi^2: 1.0306
Intercept: 1.0335 (0.0195)
Ratio: 1.0942 (0.6379)

Genetic Covariance
------------------
Total Observed scale gencov: -0.1263 (0.071)
Mean z1*z2: -0.0089
Intercept: 0.0032 (0.0052)

Genetic Correlation
-------------------
Genetic Correlation: nan (nan) (h2  out of bounds) 
Z-score: nan (nan) (h2  out of bounds)
P: nan (nan) (h2  out of bounds)
WARNING: One of the h2's was out of bounds.
This usually indicates a data-munging error or that h2 or N is low.

Computing rg for phenotype 31/68
Reading summary statistics from ../output_sumstats/output_pmid27989323_IL13_eur.sumstats.gz ...
Read summary statistics for 1217311 SNPs.
After merging with summary statistics, 1176238 SNPs remain.
1163118 SNPs with valid alleles.

Heritability of phenotype 31/68
-------------------------------
Total Observed scale h2: -0.1574 (0.1599)
Lambda GC: 1.0046
Mean Chi^2: 1.0052
Intercept: 1.0163 (0.0123)
Ratio: 3.1495 (2.3853)

Genetic Covariance
------------------
Total Observed scale gencov: -0.0439 (0.0959)
Mean z1*z2: -0.0063
Intercept: -0.0036 (0.0041)

Genetic Correlation
-------------------
Genetic Correlation: nan (nan) (h2  out of bounds) 
Z-score: nan (nan) (h2  out of bounds)
P: nan (nan) (h2  out of bounds)
WARNING: One of the h2's was out of bounds.
This usually indicates a data-munging error or that h2 or N is low.

Computing rg for phenotype 32/68
Reading summary statistics from ../output_sumstats/output_pmid27989323_IL16_eur.sumstats.gz ...
Read summary statistics for 1217311 SNPs.
After merging with summary statistics, 1176238 SNPs remain.
1163340 SNPs with valid alleles.

Heritability of phenotype 32/68
-------------------------------
Total Observed scale h2: -0.0769 (0.1309)
Lambda GC: 0.9898
Mean Chi^2: 0.9902
Intercept: 0.9955 (0.0074)
Ratio: NA (mean chi^2 < 1)

Genetic Covariance
------------------
Total Observed scale gencov: -0.0659 (0.1019)
Mean z1*z2: -0.001
Intercept: 0.0032 (0.0046)

Genetic Correlation
-------------------
Genetic Correlation: nan (nan) (h2  out of bounds) 
Z-score: nan (nan) (h2  out of bounds)
P: nan (nan) (h2  out of bounds)
WARNING: One of the h2's was out of bounds.
This usually indicates a data-munging error or that h2 or N is low.

Computing rg for phenotype 33/68
Reading summary statistics from ../output_sumstats/output_pmid27989323_IL17_eur.sumstats.gz ...
Read summary statistics for 1217311 SNPs.
After merging with summary statistics, 1176238 SNPs remain.
2126 SNPs with valid alleles.
WARNING: number of SNPs less than 200k; this is almost always bad.

Heritability of phenotype 33/68
-------------------------------
Total Observed scale h2: -3.1308 (1.353)
Lambda GC: 1.1333
Mean Chi^2: 1.1973
Intercept: 1.4629 (0.1339)
Ratio: 2.3462 (0.6784)

Genetic Covariance
------------------
Total Observed scale gencov: -1.0643 (1.4285)
Mean z1*z2: 0.0449
Intercept: 0.0975 (0.0747)

Genetic Correlation
-------------------
Genetic Correlation: nan (nan) (h2  out of bounds) 
Z-score: nan (nan) (h2  out of bounds)
P: nan (nan) (h2  out of bounds)
WARNING: One of the h2's was out of bounds.
This usually indicates a data-munging error or that h2 or N is low.

Computing rg for phenotype 34/68
Reading summary statistics from ../output_sumstats/output_pmid27989323_IL18_eur.sumstats.gz ...
Read summary statistics for 1217311 SNPs.
After merging with summary statistics, 1176238 SNPs remain.
389202 SNPs with valid alleles.
ERROR computing rg for phenotype 34/68, from file ../output_sumstats/output_pmid27989323_IL18_eur.sumstats.gz.
Traceback (most recent call last):
  File "/Users/as/Documents/UNI/Bioinformatik/2023:24_WS/GoBi_Lokal/BlockTeil_Metabolomics/ldsc/ldscore/sumstats.py", line 410, in estimate_rg
    rghat = _rg(loop, args, log, M_annot, ref_ld_cnames, w_ld_cname, i)
  File "/Users/as/Documents/UNI/Bioinformatik/2023:24_WS/GoBi_Lokal/BlockTeil_Metabolomics/ldsc/ldscore/sumstats.py", line 539, in _rg
    intercept_gencov=intercepts[2], n_blocks=n_blocks, twostep=args.two_step)
  File "/Users/as/Documents/UNI/Bioinformatik/2023:24_WS/GoBi_Lokal/BlockTeil_Metabolomics/ldsc/ldscore/regressions.py", line 705, in __init__
    np.multiply(hsq1.tot_delete_values, hsq2.tot_delete_values))
FloatingPointError: invalid value encountered in sqrt


Computing rg for phenotype 35/68
Reading summary statistics from ../output_sumstats/output_pmid27989323_IL1ra_eur.sumstats.gz ...
Read summary statistics for 1217311 SNPs.
After merging with summary statistics, 1176238 SNPs remain.
1163448 SNPs with valid alleles.
ERROR computing rg for phenotype 35/68, from file ../output_sumstats/output_pmid27989323_IL1ra_eur.sumstats.gz.
Traceback (most recent call last):
  File "/Users/as/Documents/UNI/Bioinformatik/2023:24_WS/GoBi_Lokal/BlockTeil_Metabolomics/ldsc/ldscore/sumstats.py", line 410, in estimate_rg
    rghat = _rg(loop, args, log, M_annot, ref_ld_cnames, w_ld_cname, i)
  File "/Users/as/Documents/UNI/Bioinformatik/2023:24_WS/GoBi_Lokal/BlockTeil_Metabolomics/ldsc/ldscore/sumstats.py", line 539, in _rg
    intercept_gencov=intercepts[2], n_blocks=n_blocks, twostep=args.two_step)
  File "/Users/as/Documents/UNI/Bioinformatik/2023:24_WS/GoBi_Lokal/BlockTeil_Metabolomics/ldsc/ldscore/regressions.py", line 705, in __init__
    np.multiply(hsq1.tot_delete_values, hsq2.tot_delete_values))
FloatingPointError: invalid value encountered in sqrt


Computing rg for phenotype 36/68
Reading summary statistics from ../output_sumstats/output_pmid27989323_IL2_eur.sumstats.gz ...
Read summary statistics for 1217311 SNPs.
After merging with summary statistics, 1176238 SNPs remain.
1162946 SNPs with valid alleles.

Heritability of phenotype 36/68
-------------------------------
Total Observed scale h2: -0.0888 (0.13)
Lambda GC: 1.0165
Mean Chi^2: 1.0072
Intercept: 1.0133 (0.0071)
Ratio: 1.8546 (0.9874)

Genetic Covariance
------------------
Total Observed scale gencov: -0.0861 (0.103)
Mean z1*z2: -0.007
Intercept: -0.0017 (0.0047)

Genetic Correlation
-------------------
Genetic Correlation: nan (nan) (h2  out of bounds) 
Z-score: nan (nan) (h2  out of bounds)
P: nan (nan) (h2  out of bounds)
WARNING: One of the h2's was out of bounds.
This usually indicates a data-munging error or that h2 or N is low.

Computing rg for phenotype 37/68
Reading summary statistics from ../output_sumstats/output_pmid27989323_IL2ra_eur.sumstats.gz ...
Read summary statistics for 1217311 SNPs.
After merging with summary statistics, 1176238 SNPs remain.
1163530 SNPs with valid alleles.

Heritability of phenotype 37/68
-------------------------------
Total Observed scale h2: 0.0607 (0.1187)
Lambda GC: 1.0105
Mean Chi^2: 1.0077
Intercept: 1.0034 (0.0066)
Ratio: 0.4372 (0.8527)

Genetic Covariance
------------------
Total Observed scale gencov: -0.08 (0.0937)
Mean z1*z2: -0.0028
Intercept: 0.0022 (0.004)

Genetic Correlation
-------------------
Genetic Correlation: -0.5157 (0.8086)
Z-score: -0.6378
P: 0.5236

Computing rg for phenotype 38/68
Reading summary statistics from ../output_sumstats/output_pmid27989323_IL4_eur.sumstats.gz ...
Read summary statistics for 1217311 SNPs.
After merging with summary statistics, 1176238 SNPs remain.
1164154 SNPs with valid alleles.

Heritability of phenotype 38/68
-------------------------------
Total Observed scale h2: -0.038 (0.0602)
Lambda GC: 1.0016
Mean Chi^2: 1.0034
Intercept: 1.0095 (0.0079)
Ratio: 2.7875 (2.316)

Genetic Covariance
------------------
Total Observed scale gencov: -0.0241 (0.0636)
Mean z1*z2: -0.004
Intercept: -0.0018 (0.0047)

Genetic Correlation
-------------------
Genetic Correlation: nan (nan) (h2  out of bounds) 
Z-score: nan (nan) (h2  out of bounds)
P: nan (nan) (h2  out of bounds)
WARNING: One of the h2's was out of bounds.
This usually indicates a data-munging error or that h2 or N is low.

Computing rg for phenotype 39/68
Reading summary statistics from ../output_sumstats/output_pmid27989323_IL5_eur.sumstats.gz ...
Read summary statistics for 1217311 SNPs.
After merging with summary statistics, 1176238 SNPs remain.
1161571 SNPs with valid alleles.

Heritability of phenotype 39/68
-------------------------------
Total Observed scale h2: -0.1218 (0.1379)
Lambda GC: 1.0075
Mean Chi^2: 1.0036
Intercept: 1.0117 (0.0074)
Ratio: 3.2622 (2.0693)

Genetic Covariance
------------------
Total Observed scale gencov: 0.0741 (0.0968)
Mean z1*z2: -0.003
Intercept: -0.0076 (0.0043)

Genetic Correlation
-------------------
Genetic Correlation: nan (nan) (h2  out of bounds) 
Z-score: nan (nan) (h2  out of bounds)
P: nan (nan) (h2  out of bounds)
WARNING: One of the h2's was out of bounds.
This usually indicates a data-munging error or that h2 or N is low.

Computing rg for phenotype 40/68
Reading summary statistics from ../output_sumstats/output_pmid27989323_IL6_eur.sumstats.gz ...
Read summary statistics for 1217311 SNPs.
After merging with summary statistics, 1176238 SNPs remain.
1164457 SNPs with valid alleles.

Heritability of phenotype 40/68
-------------------------------
Total Observed scale h2: -0.0035 (0.0562)
Lambda GC: 1.0105
Mean Chi^2: 1.0074
Intercept: 1.0079 (0.0069)
Ratio: 1.0769 (0.9398)

Genetic Covariance
------------------
Total Observed scale gencov: 0.0087 (0.0652)
Mean z1*z2: -0.0047
Intercept: -0.0057 (0.0048)

Genetic Correlation
-------------------
Genetic Correlation: nan (nan) (h2  out of bounds) 
Z-score: nan (nan) (h2  out of bounds)
P: nan (nan) (h2  out of bounds)
WARNING: One of the h2's was out of bounds.
This usually indicates a data-munging error or that h2 or N is low.

Computing rg for phenotype 41/68
Reading summary statistics from ../output_sumstats/output_pmid27989323_IL7_eur.sumstats.gz ...
Read summary statistics for 1217311 SNPs.
After merging with summary statistics, 1176238 SNPs remain.
1163961 SNPs with valid alleles.

Heritability of phenotype 41/68
-------------------------------
Total Observed scale h2: -0.0303 (0.1574)
Lambda GC: 1.0046
Mean Chi^2: 1.0104
Intercept: 1.0124 (0.0089)
Ratio: 1.1975 (0.8549)

Genetic Covariance
------------------
Total Observed scale gencov: 0.0174 (0.1004)
Mean z1*z2: -0.0058
Intercept: -0.0069 (0.0044)

Genetic Correlation
-------------------
Genetic Correlation: nan (nan) (h2  out of bounds) 
Z-score: nan (nan) (h2  out of bounds)
P: nan (nan) (h2  out of bounds)
WARNING: One of the h2's was out of bounds.
This usually indicates a data-munging error or that h2 or N is low.

Computing rg for phenotype 42/68
Reading summary statistics from ../output_sumstats/output_pmid27989323_IL8_eur.sumstats.gz ...
Read summary statistics for 1217311 SNPs.
After merging with summary statistics, 1176238 SNPs remain.
1162540 SNPs with valid alleles.

Heritability of phenotype 42/68
-------------------------------
Total Observed scale h2: -0.0285 (0.1248)
Lambda GC: 1.0016
Mean Chi^2: 1.0056
Intercept: 1.0076 (0.0068)
Ratio: 1.3553 (1.2132)

Genetic Covariance
------------------
Total Observed scale gencov: -0.022 (0.1004)
Mean z1*z2: -0.0016
Intercept: -0.0002 (0.0042)

Genetic Correlation
-------------------
Genetic Correlation: nan (nan) (h2  out of bounds) 
Z-score: nan (nan) (h2  out of bounds)
P: nan (nan) (h2  out of bounds)
WARNING: One of the h2's was out of bounds.
This usually indicates a data-munging error or that h2 or N is low.

Computing rg for phenotype 43/68
Reading summary statistics from ../output_sumstats/output_pmid27989323_IL9_eur.sumstats.gz ...
Read summary statistics for 1217311 SNPs.
After merging with summary statistics, 1176238 SNPs remain.
1163462 SNPs with valid alleles.

Heritability of phenotype 43/68
-------------------------------
Total Observed scale h2: -0.1619 (0.1236)
Lambda GC: 1.0135
Mean Chi^2: 1.0008
Intercept: 1.0125 (0.007)
Ratio: 14.746 (8.2556)

Genetic Covariance
------------------
Total Observed scale gencov: -0.1456 (0.0834)
Mean z1*z2: -0.0071
Intercept: 0.002 (0.0043)

Genetic Correlation
-------------------
Genetic Correlation: nan (nan) (h2  out of bounds) 
Z-score: nan (nan) (h2  out of bounds)
P: nan (nan) (h2  out of bounds)
WARNING: One of the h2's was out of bounds.
This usually indicates a data-munging error or that h2 or N is low.

Computing rg for phenotype 44/68
Reading summary statistics from ../output_sumstats/output_pmid27989323_MCP1_eur.sumstats.gz ...
Read summary statistics for 1217311 SNPs.
After merging with summary statistics, 1176238 SNPs remain.
1164515 SNPs with valid alleles.

Heritability of phenotype 44/68
-------------------------------
Total Observed scale h2: 0.1724 (0.0827)
Lambda GC: 1.0105
Mean Chi^2: 1.0225
Intercept: 0.9943 (0.008)
Ratio < 0 (usually indicates GC correction).

Genetic Covariance
------------------
Total Observed scale gencov: 0.025 (0.0648)
Mean z1*z2: -0.0009
Intercept: -0.0035 (0.0042)

Genetic Correlation
-------------------
Genetic Correlation: 0.0945 (0.2461)
Z-score: 0.384
P: 0.701

Computing rg for phenotype 45/68
Reading summary statistics from ../output_sumstats/output_pmid27989323_MCP3_eur.sumstats.gz ...
Read summary statistics for 1217311 SNPs.
After merging with summary statistics, 1176238 SNPs remain.
1125926 SNPs with valid alleles.

Heritability of phenotype 45/68
-------------------------------
Total Observed scale h2: -0.8501 (0.5772)
Lambda GC: 0.9986
Mean Chi^2: 0.9988
Intercept: 1.0132 (0.0079)
Ratio: NA (mean chi^2 < 1)

Genetic Covariance
------------------
Total Observed scale gencov: -0.1808 (0.19)
Mean z1*z2: 0.0015
Intercept: 0.0071 (0.0045)

Genetic Correlation
-------------------
Genetic Correlation: nan (nan) (h2  out of bounds) 
Z-score: nan (nan) (h2  out of bounds)
P: nan (nan) (h2  out of bounds)
WARNING: One of the h2's was out of bounds.
This usually indicates a data-munging error or that h2 or N is low.

Computing rg for phenotype 46/68
Reading summary statistics from ../output_sumstats/output_pmid27989323_MCSF_eur.sumstats.gz ...
Read summary statistics for 1217311 SNPs.
After merging with summary statistics, 1176238 SNPs remain.
1160706 SNPs with valid alleles.

Heritability of phenotype 46/68
-------------------------------
Total Observed scale h2: 0.1471 (0.5073)
Lambda GC: 0.9986
Mean Chi^2: 0.9932
Intercept: 0.9908 (0.0069)
Ratio: NA (mean chi^2 < 1)

Genetic Covariance
------------------
Total Observed scale gencov: 0.1715 (0.1971)
Mean z1*z2: 0.0012
Intercept: -0.004 (0.0044)

Genetic Correlation
-------------------
Genetic Correlation: 0.7109 (3.0768)
Z-score: 0.2311
P: 0.8173

Computing rg for phenotype 47/68
Reading summary statistics from ../output_sumstats/output_pmid27989323_MIF_eur.sumstats.gz ...
Read summary statistics for 1217311 SNPs.
After merging with summary statistics, 1176238 SNPs remain.
1163434 SNPs with valid alleles.

Heritability of phenotype 47/68
-------------------------------
Total Observed scale h2: 0.0886 (0.135)
Lambda GC: 1.0105
Mean Chi^2: 1.0112
Intercept: 1.005 (0.007)
Ratio: 0.4492 (0.6271)

Genetic Covariance
------------------
Total Observed scale gencov: -0.0787 (0.1091)
Mean z1*z2: -0.0101
Intercept: -0.005 (0.0045)

Genetic Correlation
-------------------
Genetic Correlation: -0.4131 (0.7121)
Z-score: -0.58
P: 0.5619

Computing rg for phenotype 48/68
Reading summary statistics from ../output_sumstats/output_pmid27989323_MIG_eur.sumstats.gz ...
Read summary statistics for 1217311 SNPs.
After merging with summary statistics, 1176238 SNPs remain.
1163304 SNPs with valid alleles.

Heritability of phenotype 48/68
-------------------------------
Total Observed scale h2: -0.1326 (0.108)
Lambda GC: 1.0046
Mean Chi^2: 1.0046
Intercept: 1.0143 (0.0064)
Ratio: 3.1024 (1.3807)

Genetic Covariance
------------------
Total Observed scale gencov: -0.1329 (0.1054)
Mean z1*z2: -0.0057
Intercept: 0.0029 (0.0047)

Genetic Correlation
-------------------
Genetic Correlation: nan (nan) (h2  out of bounds) 
Z-score: nan (nan) (h2  out of bounds)
P: nan (nan) (h2  out of bounds)
WARNING: One of the h2's was out of bounds.
This usually indicates a data-munging error or that h2 or N is low.

Computing rg for phenotype 49/68
Reading summary statistics from ../output_sumstats/output_pmid27989323_MIP1a_eur.sumstats.gz ...
Read summary statistics for 1217311 SNPs.
After merging with summary statistics, 1176238 SNPs remain.
1162614 SNPs with valid alleles.

Heritability of phenotype 49/68
-------------------------------
Total Observed scale h2: -0.1321 (0.1401)
Lambda GC: 0.9957
Mean Chi^2: 0.999
Intercept: 1.0082 (0.0071)
Ratio: NA (mean chi^2 < 1)

Genetic Covariance
------------------
Total Observed scale gencov: -0.0833 (0.0948)
Mean z1*z2: -0.0076
Intercept: -0.0024 (0.0043)

Genetic Correlation
-------------------
Genetic Correlation: nan (nan) (h2  out of bounds) 
Z-score: nan (nan) (h2  out of bounds)
P: nan (nan) (h2  out of bounds)
WARNING: One of the h2's was out of bounds.
This usually indicates a data-munging error or that h2 or N is low.

Computing rg for phenotype 50/68
Reading summary statistics from ../output_sumstats/output_pmid27989323_MIP1b_eur.sumstats.gz ...
Read summary statistics for 1217311 SNPs.
After merging with summary statistics, 1176238 SNPs remain.
1164438 SNPs with valid alleles.
ERROR computing rg for phenotype 50/68, from file ../output_sumstats/output_pmid27989323_MIP1b_eur.sumstats.gz.
Traceback (most recent call last):
  File "/Users/as/Documents/UNI/Bioinformatik/2023:24_WS/GoBi_Lokal/BlockTeil_Metabolomics/ldsc/ldscore/sumstats.py", line 410, in estimate_rg
    rghat = _rg(loop, args, log, M_annot, ref_ld_cnames, w_ld_cname, i)
  File "/Users/as/Documents/UNI/Bioinformatik/2023:24_WS/GoBi_Lokal/BlockTeil_Metabolomics/ldsc/ldscore/sumstats.py", line 539, in _rg
    intercept_gencov=intercepts[2], n_blocks=n_blocks, twostep=args.two_step)
  File "/Users/as/Documents/UNI/Bioinformatik/2023:24_WS/GoBi_Lokal/BlockTeil_Metabolomics/ldsc/ldscore/regressions.py", line 705, in __init__
    np.multiply(hsq1.tot_delete_values, hsq2.tot_delete_values))
FloatingPointError: invalid value encountered in sqrt


Computing rg for phenotype 51/68
Reading summary statistics from ../output_sumstats/output_pmid27989323_PDGFbb_eur.sumstats.gz ...
Read summary statistics for 1217311 SNPs.
After merging with summary statistics, 1176238 SNPs remain.
1164454 SNPs with valid alleles.

Heritability of phenotype 51/68
-------------------------------
Total Observed scale h2: -0.005 (0.0635)
Lambda GC: 1.0225
Mean Chi^2: 1.021
Intercept: 1.0219 (0.0087)
Ratio: 1.0388 (0.4119)

Genetic Covariance
------------------
Total Observed scale gencov: -0.043 (0.0671)
Mean z1*z2: -0.0035
Intercept: 0.0005 (0.0049)

Genetic Correlation
-------------------
Genetic Correlation: nan (nan) (h2  out of bounds) 
Z-score: nan (nan) (h2  out of bounds)
P: nan (nan) (h2  out of bounds)
WARNING: One of the h2's was out of bounds.
This usually indicates a data-munging error or that h2 or N is low.

Computing rg for phenotype 52/68
Reading summary statistics from ../output_sumstats/output_pmid27989323_RANTES_eur.sumstats.gz ...
Read summary statistics for 1217311 SNPs.
After merging with summary statistics, 1176238 SNPs remain.
1163015 SNPs with valid alleles.

Heritability of phenotype 52/68
-------------------------------
Total Observed scale h2: 0.1251 (0.1278)
Lambda GC: 1.0046
Mean Chi^2: 1.0083
Intercept: 0.9997 (0.0068)
Ratio < 0 (usually indicates GC correction).

Genetic Covariance
------------------
Total Observed scale gencov: -0.1034 (0.1132)
Mean z1*z2: -0.0133
Intercept: -0.0069 (0.0048)

Genetic Correlation
-------------------
Genetic Correlation: -0.4585 (0.5842)
Z-score: -0.7848
P: 0.4326

Computing rg for phenotype 53/68
Reading summary statistics from ../output_sumstats/output_pmid27989323_SCF_eur.sumstats.gz ...
Read summary statistics for 1217311 SNPs.
After merging with summary statistics, 1176238 SNPs remain.
1164290 SNPs with valid alleles.

Heritability of phenotype 53/68
-------------------------------
Total Observed scale h2: -0.0557 (0.056)
Lambda GC: 1.0046
Mean Chi^2: 1.0092
Intercept: 1.0184 (0.0071)
Ratio: 1.9916 (0.7683)

Genetic Covariance
------------------
Total Observed scale gencov: 0.0315 (0.0636)
Mean z1*z2: 0.0065
Intercept: 0.0035 (0.0042)

Genetic Correlation
-------------------
Genetic Correlation: nan (nan) (h2  out of bounds) 
Z-score: nan (nan) (h2  out of bounds)
P: nan (nan) (h2  out of bounds)
WARNING: One of the h2's was out of bounds.
This usually indicates a data-munging error or that h2 or N is low.

Computing rg for phenotype 54/68
Reading summary statistics from ../output_sumstats/output_pmid27989323_SCGFb_eur.sumstats.gz ...
Read summary statistics for 1217311 SNPs.
After merging with summary statistics, 1176238 SNPs remain.
518266 SNPs with valid alleles.

Heritability of phenotype 54/68
-------------------------------
Total Observed scale h2: 0.0981 (0.1813)
Lambda GC: 1.0165
Mean Chi^2: 1.0189
Intercept: 1.0115 (0.0102)
Ratio: 0.6069 (0.5387)

Genetic Covariance
------------------
Total Observed scale gencov: 0.153 (0.1719)
Mean z1*z2: -0.0016
Intercept: -0.0113 (0.0075)

Genetic Correlation
-------------------
Genetic Correlation: 0.8193 (1.3789)
Z-score: 0.5941
P: 0.5524

Computing rg for phenotype 55/68
Reading summary statistics from ../output_sumstats/output_pmid27989323_SDF1_eur.sumstats.gz ...
Read summary statistics for 1217311 SNPs.
After merging with summary statistics, 1176238 SNPs remain.
1163939 SNPs with valid alleles.

Heritability of phenotype 55/68
-------------------------------
Total Observed scale h2: -0.0123 (0.0765)
Lambda GC: 0.9898
Mean Chi^2: 0.9972
Intercept: 0.9987 (0.0071)
Ratio: NA (mean chi^2 < 1)

Genetic Covariance
------------------
Total Observed scale gencov: -0.109 (0.0731)
Mean z1*z2: -0.0056
Intercept: 0.0033 (0.0046)

Genetic Correlation
-------------------
Genetic Correlation: nan (nan) (h2  out of bounds) 
Z-score: nan (nan) (h2  out of bounds)
P: nan (nan) (h2  out of bounds)
WARNING: One of the h2's was out of bounds.
This usually indicates a data-munging error or that h2 or N is low.

Computing rg for phenotype 56/68
Reading summary statistics from ../output_sumstats/output_pmid27989323_TNFa_eur.sumstats.gz ...
Read summary statistics for 1217311 SNPs.
After merging with summary statistics, 1176238 SNPs remain.
1162704 SNPs with valid alleles.

Heritability of phenotype 56/68
-------------------------------
Total Observed scale h2: -0.0554 (0.1315)
Lambda GC: 0.9868
Mean Chi^2: 0.9938
Intercept: 0.9976 (0.0069)
Ratio: NA (mean chi^2 < 1)

Genetic Covariance
------------------
Total Observed scale gencov: -0.141 (0.1038)
Mean z1*z2: -0.0122
Intercept: -0.0036 (0.0045)

Genetic Correlation
-------------------
Genetic Correlation: nan (nan) (h2  out of bounds) 
Z-score: nan (nan) (h2  out of bounds)
P: nan (nan) (h2  out of bounds)
WARNING: One of the h2's was out of bounds.
This usually indicates a data-munging error or that h2 or N is low.

Computing rg for phenotype 57/68
Reading summary statistics from ../output_sumstats/output_pmid27989323_TNFb_eur.sumstats.gz ...
Read summary statistics for 1217311 SNPs.
After merging with summary statistics, 1176238 SNPs remain.
1048141 SNPs with valid alleles.

Heritability of phenotype 57/68
-------------------------------
Total Observed scale h2: -0.4488 (0.3113)
Lambda GC: 1.0075
Mean Chi^2: 0.9958
Intercept: 1.0103 (0.0076)
Ratio: NA (mean chi^2 < 1)

Genetic Covariance
------------------
Total Observed scale gencov: -0.1257 (0.1517)
Mean z1*z2: -0.0037
Intercept: 0.0016 (0.0053)

Genetic Correlation
-------------------
Genetic Correlation: nan (nan) (h2  out of bounds) 
Z-score: nan (nan) (h2  out of bounds)
P: nan (nan) (h2  out of bounds)
WARNING: One of the h2's was out of bounds.
This usually indicates a data-munging error or that h2 or N is low.

Computing rg for phenotype 58/68
Reading summary statistics from ../output_sumstats/output_pmid27989323_TRAIL_eur.sumstats.gz ...
Read summary statistics for 1217311 SNPs.
After merging with summary statistics, 1176238 SNPs remain.
1164369 SNPs with valid alleles.

Heritability of phenotype 58/68
-------------------------------
Total Observed scale h2: -0.021 (0.0548)
Lambda GC: 1.0195
Mean Chi^2: 1.0176
Intercept: 1.021 (0.0115)
Ratio: 1.1933 (0.6555)

Genetic Covariance
------------------
Total Observed scale gencov: -0.116 (0.0684)
Mean z1*z2: -0.0056
Intercept: 0.0053 (0.0051)

Genetic Correlation
-------------------
Genetic Correlation: nan (nan) (h2  out of bounds) 
Z-score: nan (nan) (h2  out of bounds)
P: nan (nan) (h2  out of bounds)
WARNING: One of the h2's was out of bounds.
This usually indicates a data-munging error or that h2 or N is low.

Computing rg for phenotype 59/68
Reading summary statistics from ../output_sumstats/output_pmid27989323_bNGF_eur.sumstats.gz ...
Read summary statistics for 1217311 SNPs.
After merging with summary statistics, 1176238 SNPs remain.
1162910 SNPs with valid alleles.

Heritability of phenotype 59/68
-------------------------------
Total Observed scale h2: 0.2615 (0.1366)
Lambda GC: 1.0165
Mean Chi^2: 1.0125
Intercept: 0.9941 (0.0077)
Ratio < 0 (usually indicates GC correction).

Genetic Covariance
------------------
Total Observed scale gencov: -0.3077 (0.11)
Mean z1*z2: -0.011
Intercept: 0.0082 (0.0049)

Genetic Correlation
-------------------
Genetic Correlation: -0.9535 (0.4556)
Z-score: -2.0926
P: 0.0364

Computing rg for phenotype 60/68
Reading summary statistics from ../output_sumstats/output_pmid27989323_eotaxin_eur.sumstats.gz ...
Read summary statistics for 1217311 SNPs.
After merging with summary statistics, 1176238 SNPs remain.
1164250 SNPs with valid alleles.

Heritability of phenotype 60/68
-------------------------------
Total Observed scale h2: 0.1055 (0.0667)
Lambda GC: 1.0135
Mean Chi^2: 1.0249
Intercept: 1.0078 (0.0078)
Ratio: 0.3138 (0.3118)

Genetic Covariance
------------------
Total Observed scale gencov: -0.0629 (0.06)
Mean z1*z2: -0.0032
Intercept: 0.0023 (0.0043)

Genetic Correlation
-------------------
Genetic Correlation: -0.3043 (0.3043)
Z-score: -0.9999
P: 0.3174

Computing rg for phenotype 61/68
Reading summary statistics from ../output_sumstats/output_pmid27989323_ip10_eur.sumstats.gz ...
Read summary statistics for 1217311 SNPs.
After merging with summary statistics, 1176238 SNPs remain.
1163317 SNPs with valid alleles.

Heritability of phenotype 61/68
-------------------------------
Total Observed scale h2: 0.1353 (0.123)
Lambda GC: 1.0225
Mean Chi^2: 1.0179
Intercept: 1.008 (0.0074)
Ratio: 0.4479 (0.416)

Genetic Covariance
------------------
Total Observed scale gencov: -0.1493 (0.0937)
Mean z1*z2: -0.0033
Intercept: 0.0061 (0.0041)

Genetic Correlation
-------------------
Genetic Correlation: -0.6324 (0.5193)
Z-score: -1.2179
P: 0.2233

Computing rg for phenotype 62/68
Reading summary statistics from ../output_sumstats/output_pmid29566793_ALS_eur.sumstats.gz ...
Read summary statistics for 1217311 SNPs.
After merging with summary statistics, 1176238 SNPs remain.
1170823 SNPs with valid alleles.

Heritability of phenotype 62/68
-------------------------------
Total Observed scale h2: 0.031 (0.0068)
Lambda GC: 1.0496
Mean Chi^2: 1.0736
Intercept: 1.0236 (0.0068)
Ratio: 0.3206 (0.0918)

Genetic Covariance
------------------
Total Observed scale gencov: -0.0285 (0.0189)
Mean z1*z2: 0.0017
Intercept: 0.0096 (0.004)

Genetic Correlation
-------------------
Genetic Correlation: -0.2539 (0.1897)
Z-score: -1.3386
P: 0.1807

Computing rg for phenotype 63/68
Reading summary statistics from ../output_sumstats/output_pmid29632382_T2d-BMIadj_eur.sumstats.gz ...
Read summary statistics for 1217311 SNPs.
After merging with summary statistics, 1176238 SNPs remain.
26141 SNPs with valid alleles.
WARNING: number of SNPs less than 200k; this is almost always bad.

Heritability of phenotype 63/68
-------------------------------
Total Observed scale h2: 0.0963 (0.0266)
Lambda GC: 1.2136
Mean Chi^2: 1.7853
Intercept: 1.0383 (0.0776)
Ratio: 0.0488 (0.0988)

Genetic Covariance
------------------
Total Observed scale gencov: -0.0286 (0.0407)
Mean z1*z2: 0.0173
Intercept: 0.0366 (0.0226)

Genetic Correlation
-------------------
Genetic Correlation: -0.1217 (0.1921)
Z-score: -0.6335
P: 0.5264

Computing rg for phenotype 64/68
Reading summary statistics from ../output_sumstats/output_pmid30054458_T2d_eur.sumstats.gz ...
Read summary statistics for 1217311 SNPs.
After merging with summary statistics, 1176238 SNPs remain.
999559 SNPs with valid alleles.

Heritability of phenotype 64/68
-------------------------------
Total Observed scale h2: 0.0459 (0.003)
Lambda GC: 1.4602
Mean Chi^2: 1.6889
Intercept: 1.0525 (0.0188)
Ratio: 0.0762 (0.0273)

Genetic Covariance
------------------
Total Observed scale gencov: 0.0122 (0.0121)
Mean z1*z2: 0.0133
Intercept: -0.0004 (0.0072)

Genetic Correlation
-------------------
Genetic Correlation: 0.1132 (0.117)
Z-score: 0.9672
P: 0.3334

Computing rg for phenotype 65/68
Reading summary statistics from ../output_sumstats/output_pmid33111402_PD_eur.sumstats.gz ...
Read summary statistics for 1217311 SNPs.
After merging with summary statistics, 1176238 SNPs remain.
9938 SNPs with valid alleles.
WARNING: number of SNPs less than 200k; this is almost always bad.

Heritability of phenotype 65/68
-------------------------------
Total Observed scale h2: -2.5949 (1.1624)
Lambda GC: 0.9547
Mean Chi^2: 0.9496
Intercept: 1.0837 (0.0606)
Ratio: NA (mean chi^2 < 1)

Genetic Covariance
------------------
Total Observed scale gencov: 0.5289 (0.9606)
Mean z1*z2: 0.085
Intercept: 0.057 (0.0421)

Genetic Correlation
-------------------
Genetic Correlation: nan (nan) (h2  out of bounds) 
Z-score: nan (nan) (h2  out of bounds)
P: nan (nan) (h2  out of bounds)
WARNING: One of the h2's was out of bounds.
This usually indicates a data-munging error or that h2 or N is low.

Computing rg for phenotype 66/68
Reading summary statistics from ../output_sumstats/output_pmid33310728_RA_eur.sumstats.gz ...
Read summary statistics for 1217311 SNPs.
After merging with summary statistics, 1176238 SNPs remain.
1165625 SNPs with valid alleles.

Heritability of phenotype 66/68
-------------------------------
Total Observed scale h2: 0.0365 (0.0042)
Lambda GC: 1.0741
Mean Chi^2: 1.1989
Intercept: 0.9757 (0.0118)
Ratio < 0 (usually indicates GC correction).

Genetic Covariance
------------------
Total Observed scale gencov: 0.0018 (0.013)
Mean z1*z2: 0.0006
Intercept: -0.0002 (0.0049)

Genetic Correlation
-------------------
Genetic Correlation: 0.0158 (0.1124)
Z-score: 0.1402
P: 0.8885

Computing rg for phenotype 67/68
Reading summary statistics from ../output_sumstats/output_pmid33589841_LBD_eur.sumstats.gz ...
Read summary statistics for 1217311 SNPs.
After merging with summary statistics, 1176238 SNPs remain.
1067383 SNPs with valid alleles.

Heritability of phenotype 67/68
-------------------------------
Total Observed scale h2: 0.1571 (0.0794)
Lambda GC: 1.0225
Mean Chi^2: 1.0247
Intercept: 1.0039 (0.0083)
Ratio: 0.1596 (0.3378)

Genetic Covariance
------------------
Total Observed scale gencov: 0.0679 (0.0756)
Mean z1*z2: 0.0093
Intercept: 0.0035 (0.0045)

Genetic Correlation
-------------------
Genetic Correlation: 0.2776 (0.3192)
Z-score: 0.8698
P: 0.3844

Computing rg for phenotype 68/68
Reading summary statistics from ../output_sumstats/output_pmid34737426_APH_eur.sumstats.gz ...
Read summary statistics for 1217311 SNPs.
After merging with summary statistics, 1176238 SNPs remain.
1148912 SNPs with valid alleles.

Heritability of phenotype 68/68
-------------------------------
Total Observed scale h2: -0.0002 (0.001)
Lambda GC: 0.9957
Mean Chi^2: 0.9854
Intercept: 0.9872 (0.0062)
Ratio: NA (mean chi^2 < 1)

Genetic Covariance
------------------
Total Observed scale gencov: -0.004 (0.0082)
Mean z1*z2: -0.0076
Intercept: -0.0048 (0.0046)

Genetic Correlation
-------------------
Genetic Correlation: nan (nan) (h2  out of bounds) 
Z-score: nan (nan) (h2  out of bounds)
P: nan (nan) (h2  out of bounds)
WARNING: One of the h2's was out of bounds.
This usually indicates a data-munging error or that h2 or N is low.


Summary of Genetic Correlation Results
                                                        p1                                                                      p2        rg         se          z        p     h2_obs  h2_obs_se  h2_int h2_int_se   gcov_int gcov_int_se
 ../output_sumstats/output_pmid33987465_PD_eur.sumstats.gz               ../output_sumstats/output_pmid33987465_PD_eur.sumstats.gz         1  1.776e-08  5.629e+07        0     0.4291     0.1459  0.9809  0.006419     0.9809    0.006419
 ../output_sumstats/output_pmid33987465_PD_eur.sumstats.gz               ../output_sumstats/output_pmid21833088_MS_eur.sumstats.gz    0.1915     0.3516     0.5447   0.5859    0.05663    0.02825   1.059  0.009062  -0.009695    0.005713
 ../output_sumstats/output_pmid33987465_PD_eur.sumstats.gz               ../output_sumstats/output_pmid24076602_MS_eur.sumstats.gz    0.1434     0.1442     0.9944     0.32      1.546     0.2523   1.034    0.1027  -0.007409     0.02063
 ../output_sumstats/output_pmid33987465_PD_eur.sumstats.gz  ../output_sumstats/output_pmid24816252_acetylcarnitine_eur.sumstats.gz        NA         NA         NA       NA    -0.2387    0.08322    1.02  0.007554  -0.001134    0.004792
 ../output_sumstats/output_pmid33987465_PD_eur.sumstats.gz          ../output_sumstats/output_pmid24816252_alanine_eur.sumstats.gz   0.03005      0.191     0.1574    0.875     0.5311    0.07086   1.011  0.007157   0.001257    0.004735
 ../output_sumstats/output_pmid33987465_PD_eur.sumstats.gz         ../output_sumstats/output_pmid24816252_arginine_eur.sumstats.gz        NA         NA         NA       NA  -0.003861    0.06438   1.037   0.00723  -0.003183    0.004272
 ../output_sumstats/output_pmid33987465_PD_eur.sumstats.gz       ../output_sumstats/output_pmid24816252_asparagine_eur.sumstats.gz   0.04224     0.1866     0.2264   0.8209     0.5001    0.06679   1.018  0.007166   0.003104    0.004802
 ../output_sumstats/output_pmid33987465_PD_eur.sumstats.gz      ../output_sumstats/output_pmid24816252_cholesterol_eur.sumstats.gz   -0.7987     0.5108     -1.564   0.1179     0.1353    0.06731   1.043   0.00656   0.005358    0.004763
 ../output_sumstats/output_pmid33987465_PD_eur.sumstats.gz          ../output_sumstats/output_pmid24816252_citrate_eur.sumstats.gz   -0.2559     0.2013     -1.271   0.2037     0.4553    0.07854   1.058  0.007731   0.009843    0.004686
 ../output_sumstats/output_pmid33987465_PD_eur.sumstats.gz        ../output_sumstats/output_pmid24816252_glutamate_eur.sumstats.gz   -0.1431     0.3276    -0.4367   0.6623      0.158    0.05579  0.9327  0.005889   0.006593     0.00466
 ../output_sumstats/output_pmid33987465_PD_eur.sumstats.gz         ../output_sumstats/output_pmid24816252_glycerol_eur.sumstats.gz        NA         NA         NA       NA    -0.1346    0.06019   1.017  0.006862   0.003424    0.004859
 ../output_sumstats/output_pmid33987465_PD_eur.sumstats.gz        ../output_sumstats/output_pmid24816252_histidine_eur.sumstats.gz   -0.1123     0.2086    -0.5382   0.5904     0.4423    0.06914  0.7572  0.006166  -0.002363    0.004389
 ../output_sumstats/output_pmid33987465_PD_eur.sumstats.gz       ../output_sumstats/output_pmid24816252_isoleucine_eur.sumstats.gz        NA         NA         NA       NA    -0.2869    0.05889   1.001  0.006481   0.008297    0.004404
 ../output_sumstats/output_pmid33987465_PD_eur.sumstats.gz    ../output_sumstats/output_pmid24816252_phenylalanine_eur.sumstats.gz  0.005554      0.206    0.02696   0.9785     0.3367    0.04441  0.7765  0.005013   0.004085    0.004164
 ../output_sumstats/output_pmid33987465_PD_eur.sumstats.gz          ../output_sumstats/output_pmid24816252_proline_eur.sumstats.gz  -0.02011     0.2459   -0.08177   0.9348     0.3794    0.08843   1.037   0.01231   0.003964    0.005312
 ../output_sumstats/output_pmid33987465_PD_eur.sumstats.gz         ../output_sumstats/output_pmid24816252_pyruvate_eur.sumstats.gz  -0.09359     0.3502    -0.2673   0.7893     0.1409    0.05555   1.001   0.00598   -0.00106    0.004623
 ../output_sumstats/output_pmid33987465_PD_eur.sumstats.gz        ../output_sumstats/output_pmid24816252_threonine_eur.sumstats.gz   -0.2609     0.6044    -0.4316    0.666    0.05627    0.08317   1.009  0.006666  -0.002571    0.004724
 ../output_sumstats/output_pmid33987465_PD_eur.sumstats.gz       ../output_sumstats/output_pmid24816252_tryptophan_eur.sumstats.gz   -0.0581     0.1446    -0.4019   0.6878     0.9232    0.07542   1.049   0.00807   0.002563    0.004762
 ../output_sumstats/output_pmid33987465_PD_eur.sumstats.gz         ../output_sumstats/output_pmid24816252_tyrosine_eur.sumstats.gz   0.01757     0.3116    0.05637   0.9551     0.1701    0.07103   1.032  0.007141 -0.0007815    0.004985
 ../output_sumstats/output_pmid33987465_PD_eur.sumstats.gz             ../output_sumstats/output_pmid24816252_urea_eur.sumstats.gz        NA         NA         NA       NA   -0.08084      0.053   1.013  0.006233   0.004623    0.004786
 ../output_sumstats/output_pmid33987465_PD_eur.sumstats.gz               ../output_sumstats/output_pmid27386562_MS_eur.sumstats.gz   -0.2721      0.211     -1.289   0.1973     0.2434    0.04764   1.066  0.008878   0.009252    0.004869
 ../output_sumstats/output_pmid33987465_PD_eur.sumstats.gz              ../output_sumstats/output_pmid27455348_ALS_eur.sumstats.gz    0.1402     0.2286     0.6132   0.5397    0.04813    0.01274  0.9973  0.006133   0.001316    0.003983
 ../output_sumstats/output_pmid33987465_PD_eur.sumstats.gz            ../output_sumstats/output_pmid27989323_CTACK_eur.sumstats.gz        NA         NA         NA       NA  -0.009949     0.1165   1.004  0.006937  -0.006794    0.004087
 ../output_sumstats/output_pmid33987465_PD_eur.sumstats.gz             ../output_sumstats/output_pmid27989323_GCSF_eur.sumstats.gz   -0.1016     0.7579     -0.134   0.8934     0.0232     0.0611   1.007  0.007847  -0.003749    0.004565
 ../output_sumstats/output_pmid33987465_PD_eur.sumstats.gz             ../output_sumstats/output_pmid27989323_GROa_eur.sumstats.gz        NA         NA         NA       NA     -44.19       21.3   1.343    0.4934    -0.4462      0.4828
 ../output_sumstats/output_pmid33987465_PD_eur.sumstats.gz              ../output_sumstats/output_pmid27989323_HGF_eur.sumstats.gz        NA         NA         NA       NA   -0.02527    0.05903    1.01  0.008169 -0.0004524    0.004576
 ../output_sumstats/output_pmid33987465_PD_eur.sumstats.gz             ../output_sumstats/output_pmid27989323_IFNg_eur.sumstats.gz        NA         NA         NA       NA         NA         NA      NA        NA         NA          NA
 ../output_sumstats/output_pmid33987465_PD_eur.sumstats.gz             ../output_sumstats/output_pmid27989323_IL10_eur.sumstats.gz        NA         NA         NA       NA  -0.005965    0.07859   1.018   0.01236  -0.001766    0.004982
 ../output_sumstats/output_pmid33987465_PD_eur.sumstats.gz          ../output_sumstats/output_pmid27989323_IL12p70_eur.sumstats.gz        NA         NA         NA       NA   -0.01758    0.08949   1.033   0.01951   0.003172    0.005187
 ../output_sumstats/output_pmid33987465_PD_eur.sumstats.gz             ../output_sumstats/output_pmid27989323_IL13_eur.sumstats.gz        NA         NA         NA       NA    -0.1574     0.1599   1.016   0.01233  -0.003584    0.004131
 ../output_sumstats/output_pmid33987465_PD_eur.sumstats.gz             ../output_sumstats/output_pmid27989323_IL16_eur.sumstats.gz        NA         NA         NA       NA   -0.07693     0.1309  0.9955  0.007444   0.003206    0.004586
 ../output_sumstats/output_pmid33987465_PD_eur.sumstats.gz             ../output_sumstats/output_pmid27989323_IL17_eur.sumstats.gz        NA         NA         NA       NA     -3.131      1.353   1.463    0.1339    0.09747     0.07473
 ../output_sumstats/output_pmid33987465_PD_eur.sumstats.gz             ../output_sumstats/output_pmid27989323_IL18_eur.sumstats.gz        NA         NA         NA       NA         NA         NA      NA        NA         NA          NA
 ../output_sumstats/output_pmid33987465_PD_eur.sumstats.gz            ../output_sumstats/output_pmid27989323_IL1ra_eur.sumstats.gz        NA         NA         NA       NA         NA         NA      NA        NA         NA          NA
 ../output_sumstats/output_pmid33987465_PD_eur.sumstats.gz              ../output_sumstats/output_pmid27989323_IL2_eur.sumstats.gz        NA         NA         NA       NA   -0.08876       0.13   1.013  0.007072  -0.001731    0.004733
 ../output_sumstats/output_pmid33987465_PD_eur.sumstats.gz            ../output_sumstats/output_pmid27989323_IL2ra_eur.sumstats.gz   -0.5157     0.8086    -0.6378   0.5236    0.06065     0.1187   1.003  0.006596   0.002206    0.004017
 ../output_sumstats/output_pmid33987465_PD_eur.sumstats.gz              ../output_sumstats/output_pmid27989323_IL4_eur.sumstats.gz        NA         NA         NA       NA   -0.03797    0.06025    1.01  0.007918   -0.00177    0.004734
 ../output_sumstats/output_pmid33987465_PD_eur.sumstats.gz              ../output_sumstats/output_pmid27989323_IL5_eur.sumstats.gz        NA         NA         NA       NA    -0.1218     0.1379   1.012  0.007443  -0.007591    0.004256
 ../output_sumstats/output_pmid33987465_PD_eur.sumstats.gz              ../output_sumstats/output_pmid27989323_IL6_eur.sumstats.gz        NA         NA         NA       NA  -0.003508    0.05625   1.008  0.006913  -0.005743    0.004772
 ../output_sumstats/output_pmid33987465_PD_eur.sumstats.gz              ../output_sumstats/output_pmid27989323_IL7_eur.sumstats.gz        NA         NA         NA       NA   -0.03026     0.1574   1.012  0.008872   -0.00695    0.004437
 ../output_sumstats/output_pmid33987465_PD_eur.sumstats.gz              ../output_sumstats/output_pmid27989323_IL8_eur.sumstats.gz        NA         NA         NA       NA   -0.02849     0.1248   1.008  0.006812  -0.000215    0.004224
 ../output_sumstats/output_pmid33987465_PD_eur.sumstats.gz              ../output_sumstats/output_pmid27989323_IL9_eur.sumstats.gz        NA         NA         NA       NA    -0.1619     0.1236   1.013  0.007009   0.001978    0.004278
 ../output_sumstats/output_pmid33987465_PD_eur.sumstats.gz             ../output_sumstats/output_pmid27989323_MCP1_eur.sumstats.gz    0.0945     0.2461      0.384    0.701     0.1724    0.08272  0.9943  0.008003  -0.003486    0.004235
 ../output_sumstats/output_pmid33987465_PD_eur.sumstats.gz             ../output_sumstats/output_pmid27989323_MCP3_eur.sumstats.gz        NA         NA         NA       NA    -0.8501     0.5772   1.013  0.007926   0.007131    0.004463
 ../output_sumstats/output_pmid33987465_PD_eur.sumstats.gz             ../output_sumstats/output_pmid27989323_MCSF_eur.sumstats.gz    0.7109      3.077     0.2311   0.8173     0.1471     0.5073  0.9908   0.00686  -0.004028    0.004437
 ../output_sumstats/output_pmid33987465_PD_eur.sumstats.gz              ../output_sumstats/output_pmid27989323_MIF_eur.sumstats.gz   -0.4131     0.7121      -0.58   0.5619    0.08861      0.135   1.005  0.007021  -0.004967    0.004528
 ../output_sumstats/output_pmid33987465_PD_eur.sumstats.gz              ../output_sumstats/output_pmid27989323_MIG_eur.sumstats.gz        NA         NA         NA       NA    -0.1326      0.108   1.014  0.006366   0.002933    0.004716
 ../output_sumstats/output_pmid33987465_PD_eur.sumstats.gz            ../output_sumstats/output_pmid27989323_MIP1a_eur.sumstats.gz        NA         NA         NA       NA    -0.1321     0.1401   1.008  0.007103  -0.002422    0.004337
 ../output_sumstats/output_pmid33987465_PD_eur.sumstats.gz            ../output_sumstats/output_pmid27989323_MIP1b_eur.sumstats.gz        NA         NA         NA       NA         NA         NA      NA        NA         NA          NA
 ../output_sumstats/output_pmid33987465_PD_eur.sumstats.gz           ../output_sumstats/output_pmid27989323_PDGFbb_eur.sumstats.gz        NA         NA         NA       NA  -0.004958    0.06346   1.022  0.008668  0.0005431    0.004852
 ../output_sumstats/output_pmid33987465_PD_eur.sumstats.gz           ../output_sumstats/output_pmid27989323_RANTES_eur.sumstats.gz   -0.4585     0.5842    -0.7848   0.4326     0.1251     0.1278  0.9997  0.006824  -0.006869    0.004782
 ../output_sumstats/output_pmid33987465_PD_eur.sumstats.gz              ../output_sumstats/output_pmid27989323_SCF_eur.sumstats.gz        NA         NA         NA       NA   -0.05574    0.05597   1.018  0.007091    0.00351    0.004217
 ../output_sumstats/output_pmid33987465_PD_eur.sumstats.gz            ../output_sumstats/output_pmid27989323_SCGFb_eur.sumstats.gz    0.8193      1.379     0.5941   0.5524    0.09808     0.1813   1.011   0.01018   -0.01133    0.007469
 ../output_sumstats/output_pmid33987465_PD_eur.sumstats.gz             ../output_sumstats/output_pmid27989323_SDF1_eur.sumstats.gz        NA         NA         NA       NA   -0.01234    0.07646  0.9987  0.007122   0.003293    0.004556
 ../output_sumstats/output_pmid33987465_PD_eur.sumstats.gz             ../output_sumstats/output_pmid27989323_TNFa_eur.sumstats.gz        NA         NA         NA       NA   -0.05535     0.1315  0.9976  0.006871  -0.003564    0.004459
 ../output_sumstats/output_pmid33987465_PD_eur.sumstats.gz             ../output_sumstats/output_pmid27989323_TNFb_eur.sumstats.gz        NA         NA         NA       NA    -0.4488     0.3113    1.01  0.007582    0.00163    0.005303
 ../output_sumstats/output_pmid33987465_PD_eur.sumstats.gz            ../output_sumstats/output_pmid27989323_TRAIL_eur.sumstats.gz        NA         NA         NA       NA     -0.021    0.05482   1.021   0.01155   0.005334    0.005055
 ../output_sumstats/output_pmid33987465_PD_eur.sumstats.gz             ../output_sumstats/output_pmid27989323_bNGF_eur.sumstats.gz   -0.9535     0.4556     -2.093  0.03638     0.2615     0.1366  0.9941  0.007684   0.008233    0.004861
 ../output_sumstats/output_pmid33987465_PD_eur.sumstats.gz          ../output_sumstats/output_pmid27989323_eotaxin_eur.sumstats.gz   -0.3043     0.3043    -0.9999   0.3174     0.1055    0.06672   1.008  0.007772   0.002307    0.004346
 ../output_sumstats/output_pmid33987465_PD_eur.sumstats.gz             ../output_sumstats/output_pmid27989323_ip10_eur.sumstats.gz   -0.6324     0.5193     -1.218   0.2233     0.1353      0.123   1.008  0.007444   0.006105    0.004127
 ../output_sumstats/output_pmid33987465_PD_eur.sumstats.gz              ../output_sumstats/output_pmid29566793_ALS_eur.sumstats.gz   -0.2539     0.1897     -1.339   0.1807    0.03098   0.006845   1.024  0.006755   0.009553    0.004046
 ../output_sumstats/output_pmid33987465_PD_eur.sumstats.gz       ../output_sumstats/output_pmid29632382_T2d-BMIadj_eur.sumstats.gz   -0.1217     0.1921    -0.6335   0.5264    0.09629    0.02658   1.038   0.07757    0.03656     0.02257
 ../output_sumstats/output_pmid33987465_PD_eur.sumstats.gz              ../output_sumstats/output_pmid30054458_T2d_eur.sumstats.gz    0.1132      0.117     0.9672   0.3334    0.04591   0.003045   1.052   0.01879 -0.0004055    0.007156
 ../output_sumstats/output_pmid33987465_PD_eur.sumstats.gz               ../output_sumstats/output_pmid33111402_PD_eur.sumstats.gz        NA         NA         NA       NA     -2.595      1.162   1.084    0.0606    0.05703     0.04211
 ../output_sumstats/output_pmid33987465_PD_eur.sumstats.gz               ../output_sumstats/output_pmid33310728_RA_eur.sumstats.gz   0.01576     0.1124     0.1402   0.8885    0.03646   0.004159  0.9757    0.0118 -0.0001709    0.004852
 ../output_sumstats/output_pmid33987465_PD_eur.sumstats.gz              ../output_sumstats/output_pmid33589841_LBD_eur.sumstats.gz    0.2776     0.3192     0.8698   0.3844     0.1571    0.07945   1.004  0.008347   0.003476    0.004464
 ../output_sumstats/output_pmid33987465_PD_eur.sumstats.gz              ../output_sumstats/output_pmid34737426_APH_eur.sumstats.gz        NA         NA         NA       NA -0.0001934  0.0009516  0.9872  0.006176  -0.004793    0.004564

Analysis finished at Sun Feb 25 00:56:59 2024
Total time elapsed: 11.0m:4.02s
