*********************************************************************
* LD Score Regression (LDSC)
* Version 1.0.1
* (C) 2014-2019 Brendan Bulik-Sullivan and Hilary Finucane
* Broad Institute of MIT and Harvard / MIT Department of Mathematics
* GNU General Public License v3
*********************************************************************
Call: 
./ldsc.py \
--ref-ld-chr ../input_files/eur_w_ld_chr/ \
--out ../output_ld_regression/output_pmid24816252_tyrosine_eur_ldReg \
--rg ../output_sumstats/output_pmid24816252_tyrosine_eur.sumstats.gz,../output_sumstats/output_pmid24816252_tyrosine_eur.sumstats.gz,../output_sumstats/output_pmid21833088_MS_eur.sumstats.gz,../output_sumstats/output_pmid24076602_MS_eur.sumstats.gz,../output_sumstats/output_pmid24816252_acetylcarnitine_eur.sumstats.gz,../output_sumstats/output_pmid24816252_alanine_eur.sumstats.gz,../output_sumstats/output_pmid24816252_arginine_eur.sumstats.gz,../output_sumstats/output_pmid24816252_asparagine_eur.sumstats.gz,../output_sumstats/output_pmid24816252_cholesterol_eur.sumstats.gz,../output_sumstats/output_pmid24816252_citrate_eur.sumstats.gz,../output_sumstats/output_pmid24816252_glutamate_eur.sumstats.gz,../output_sumstats/output_pmid24816252_glycerol_eur.sumstats.gz,../output_sumstats/output_pmid24816252_histidine_eur.sumstats.gz,../output_sumstats/output_pmid24816252_isoleucine_eur.sumstats.gz,../output_sumstats/output_pmid24816252_phenylalanine_eur.sumstats.gz,../output_sumstats/output_pmid24816252_proline_eur.sumstats.gz,../output_sumstats/output_pmid24816252_pyruvate_eur.sumstats.gz,../output_sumstats/output_pmid24816252_threonine_eur.sumstats.gz,../output_sumstats/output_pmid24816252_tryptophan_eur.sumstats.gz,../output_sumstats/output_pmid24816252_urea_eur.sumstats.gz,../output_sumstats/output_pmid27386562_MS_eur.sumstats.gz,../output_sumstats/output_pmid27455348_ALS_eur.sumstats.gz,../output_sumstats/output_pmid27989323_CTACK_eur.sumstats.gz,../output_sumstats/output_pmid27989323_GCSF_eur.sumstats.gz,../output_sumstats/output_pmid27989323_GROa_eur.sumstats.gz,../output_sumstats/output_pmid27989323_HGF_eur.sumstats.gz,../output_sumstats/output_pmid27989323_IFNg_eur.sumstats.gz,../output_sumstats/output_pmid27989323_IL10_eur.sumstats.gz,../output_sumstats/output_pmid27989323_IL12p70_eur.sumstats.gz,../output_sumstats/output_pmid27989323_IL13_eur.sumstats.gz,../output_sumstats/output_pmid27989323_IL16_eur.sumstats.gz,../output_sumstats/output_pmid27989323_IL17_eur.sumstats.gz,../output_sumstats/output_pmid27989323_IL18_eur.sumstats.gz,../output_sumstats/output_pmid27989323_IL1ra_eur.sumstats.gz,../output_sumstats/output_pmid27989323_IL2_eur.sumstats.gz,../output_sumstats/output_pmid27989323_IL2ra_eur.sumstats.gz,../output_sumstats/output_pmid27989323_IL4_eur.sumstats.gz,../output_sumstats/output_pmid27989323_IL5_eur.sumstats.gz,../output_sumstats/output_pmid27989323_IL6_eur.sumstats.gz,../output_sumstats/output_pmid27989323_IL7_eur.sumstats.gz,../output_sumstats/output_pmid27989323_IL8_eur.sumstats.gz,../output_sumstats/output_pmid27989323_IL9_eur.sumstats.gz,../output_sumstats/output_pmid27989323_MCP1_eur.sumstats.gz,../output_sumstats/output_pmid27989323_MCP3_eur.sumstats.gz,../output_sumstats/output_pmid27989323_MCSF_eur.sumstats.gz,../output_sumstats/output_pmid27989323_MIF_eur.sumstats.gz,../output_sumstats/output_pmid27989323_MIG_eur.sumstats.gz,../output_sumstats/output_pmid27989323_MIP1a_eur.sumstats.gz,../output_sumstats/output_pmid27989323_MIP1b_eur.sumstats.gz,../output_sumstats/output_pmid27989323_PDGFbb_eur.sumstats.gz,../output_sumstats/output_pmid27989323_RANTES_eur.sumstats.gz,../output_sumstats/output_pmid27989323_SCF_eur.sumstats.gz,../output_sumstats/output_pmid27989323_SCGFb_eur.sumstats.gz,../output_sumstats/output_pmid27989323_SDF1_eur.sumstats.gz,../output_sumstats/output_pmid27989323_TNFa_eur.sumstats.gz,../output_sumstats/output_pmid27989323_TNFb_eur.sumstats.gz,../output_sumstats/output_pmid27989323_TRAIL_eur.sumstats.gz,../output_sumstats/output_pmid27989323_bNGF_eur.sumstats.gz,../output_sumstats/output_pmid27989323_eotaxin_eur.sumstats.gz,../output_sumstats/output_pmid27989323_ip10_eur.sumstats.gz,../output_sumstats/output_pmid29566793_ALS_eur.sumstats.gz,../output_sumstats/output_pmid29632382_T2d-BMIadj_eur.sumstats.gz,../output_sumstats/output_pmid30054458_T2d_eur.sumstats.gz,../output_sumstats/output_pmid33111402_PD_eur.sumstats.gz,../output_sumstats/output_pmid33310728_RA_eur.sumstats.gz,../output_sumstats/output_pmid33589841_LBD_eur.sumstats.gz,../output_sumstats/output_pmid33987465_PD_eur.sumstats.gz,../output_sumstats/output_pmid34737426_APH_eur.sumstats.gz \
--w-ld-chr ../input_files/eur_w_ld_chr/ 

Beginning analysis at Sat Feb 24 07:41:15 2024
Reading summary statistics from ../output_sumstats/output_pmid24816252_tyrosine_eur.sumstats.gz ...
Read summary statistics for 1033561 SNPs.
Reading reference panel LD Score from ../input_files/eur_w_ld_chr/[1-22] ... (ldscore_fromlist)
Read reference panel LD Scores for 1290028 SNPs.
Removing partitioned LD Scores with zero variance.
Reading regression weight LD Score from ../input_files/eur_w_ld_chr/[1-22] ... (ldscore_fromlist)
Read regression weight LD Scores for 1290028 SNPs.
After merging with reference panel LD, 1030075 SNPs remain.
After merging with regression SNP LD, 1030075 SNPs remain.
Computing rg for phenotype 2/68
Reading summary statistics from ../output_sumstats/output_pmid24816252_tyrosine_eur.sumstats.gz ...
Read summary statistics for 1217311 SNPs.
After merging with summary statistics, 1030075 SNPs remain.
1030075 SNPs with valid alleles.

Heritability of phenotype 1
---------------------------
Total Observed scale h2: 0.1747 (0.0734)
Lambda GC: 1.0466
Mean Chi^2: 1.0567
Intercept: 1.0312 (0.0073)
Ratio: 0.5513 (0.1295)

Heritability of phenotype 2/68
------------------------------
Total Observed scale h2: 0.1747 (0.0734)
Lambda GC: 1.0466
Mean Chi^2: 1.0567
Intercept: 1.0312 (0.0073)
Ratio: 0.5513 (0.1295)

Genetic Covariance
------------------
Total Observed scale gencov: 0.1747 (0.0734)
Mean z1*z2: 1.0567
Intercept: 1.0312 (0.0073)

Genetic Correlation
-------------------
Genetic Correlation: 1. (2.0091e-06)
Z-score: 497740.31
P: 0.

Computing rg for phenotype 3/68
Reading summary statistics from ../output_sumstats/output_pmid21833088_MS_eur.sumstats.gz ...
Read summary statistics for 1217311 SNPs.
After merging with summary statistics, 1030075 SNPs remain.
448189 SNPs with valid alleles.

Heritability of phenotype 3/68
------------------------------
Total Observed scale h2: 0.0653 (0.028)
Lambda GC: 1.0375
Mean Chi^2: 1.0848
Intercept: 1.0536 (0.009)
Ratio: 0.6317 (0.1064)

Genetic Covariance
------------------
Total Observed scale gencov: -0.0085 (0.0251)
Mean z1*z2: 0.0008
Intercept: 0.0029 (0.0056)

Genetic Correlation
-------------------
Genetic Correlation: -0.1142 (0.354)
Z-score: -0.3226
P: 0.747

Computing rg for phenotype 4/68
Reading summary statistics from ../output_sumstats/output_pmid24076602_MS_eur.sumstats.gz ...
Read summary statistics for 1217311 SNPs.
After merging with summary statistics, 1030075 SNPs remain.
44921 SNPs with valid alleles.
WARNING: number of SNPs less than 200k; this is almost always bad.

Heritability of phenotype 4/68
------------------------------
Total Observed scale h2: 1.5254 (0.2708)
Lambda GC: 1.4602
Mean Chi^2: 2.1802
Intercept: 1.0306 (0.0902)
Ratio: 0.0259 (0.0765)

Genetic Covariance
------------------
Total Observed scale gencov: -0.1559 (0.099)
Mean z1*z2: -0.0179
Intercept: 0.0272 (0.0196)

Genetic Correlation
-------------------
Genetic Correlation: -0.1852 (0.9322)
Z-score: -0.1986
P: 0.8425

Computing rg for phenotype 5/68
Reading summary statistics from ../output_sumstats/output_pmid24816252_acetylcarnitine_eur.sumstats.gz ...
Read summary statistics for 1217311 SNPs.
After merging with summary statistics, 1030075 SNPs remain.
1030075 SNPs with valid alleles.

Heritability of phenotype 5/68
------------------------------
Total Observed scale h2: -0.2399 (0.0823)
Lambda GC: 0.9721
Mean Chi^2: 0.9856
Intercept: 1.0207 (0.0076)
Ratio: NA (mean chi^2 < 1)

Genetic Covariance
------------------
Total Observed scale gencov: -0.0248 (0.0426)
Mean z1*z2: 0.0013
Intercept: 0.0049 (0.0043)

Genetic Correlation
-------------------
Genetic Correlation: nan (nan) (h2  out of bounds) 
Z-score: nan (nan) (h2  out of bounds)
P: nan (nan) (h2  out of bounds)
WARNING: One of the h2's was out of bounds.
This usually indicates a data-munging error or that h2 or N is low.

Computing rg for phenotype 6/68
Reading summary statistics from ../output_sumstats/output_pmid24816252_alanine_eur.sumstats.gz ...
Read summary statistics for 1217311 SNPs.
After merging with summary statistics, 1030075 SNPs remain.
1030075 SNPs with valid alleles.

Heritability of phenotype 6/68
------------------------------
Total Observed scale h2: 0.5276 (0.0707)
Lambda GC: 1.0649
Mean Chi^2: 1.0877
Intercept: 1.0117 (0.0069)
Ratio: 0.1337 (0.0788)

Genetic Covariance
------------------
Total Observed scale gencov: 0.0915 (0.0454)
Mean z1*z2: 0.3235
Intercept: 0.3101 (0.0048)

Genetic Correlation
-------------------
Genetic Correlation: 0.3012 (0.1397)
Z-score: 2.1566
P: 0.031

Computing rg for phenotype 7/68
Reading summary statistics from ../output_sumstats/output_pmid24816252_arginine_eur.sumstats.gz ...
Read summary statistics for 1217311 SNPs.
After merging with summary statistics, 1030075 SNPs remain.
1030075 SNPs with valid alleles.

Heritability of phenotype 7/68
------------------------------
Total Observed scale h2: -0.006 (0.0636)
Lambda GC: 1.0255
Mean Chi^2: 1.0366
Intercept: 1.0374 (0.0073)
Ratio: 1.0212 (0.198)

Genetic Covariance
------------------
Total Observed scale gencov: 0.0805 (0.0368)
Mean z1*z2: 0.0596
Intercept: 0.048 (0.0042)

Genetic Correlation
-------------------
Genetic Correlation: nan (nan) (h2  out of bounds) 
Z-score: nan (nan) (h2  out of bounds)
P: nan (nan) (h2  out of bounds)
WARNING: One of the h2's was out of bounds.
This usually indicates a data-munging error or that h2 or N is low.

Computing rg for phenotype 8/68
Reading summary statistics from ../output_sumstats/output_pmid24816252_asparagine_eur.sumstats.gz ...
Read summary statistics for 1217311 SNPs.
After merging with summary statistics, 1030075 SNPs remain.
1030075 SNPs with valid alleles.

Heritability of phenotype 8/68
------------------------------
Total Observed scale h2: 0.4987 (0.0662)
Lambda GC: 1.0679
Mean Chi^2: 1.0905
Intercept: 1.0188 (0.007)
Ratio: 0.2074 (0.0777)

Genetic Covariance
------------------
Total Observed scale gencov: 0.0441 (0.0449)
Mean z1*z2: 0.0667
Intercept: 0.06 (0.0048)

Genetic Correlation
-------------------
Genetic Correlation: 0.1495 (0.1516)
Z-score: 0.9859
P: 0.3242

Computing rg for phenotype 9/68
Reading summary statistics from ../output_sumstats/output_pmid24816252_cholesterol_eur.sumstats.gz ...
Read summary statistics for 1217311 SNPs.
After merging with summary statistics, 1030075 SNPs remain.
1030075 SNPs with valid alleles.

Heritability of phenotype 9/68
------------------------------
Total Observed scale h2: 0.1371 (0.071)
Lambda GC: 1.0496
Mean Chi^2: 1.0636
Intercept: 1.0435 (0.0068)
Ratio: 0.684 (0.1063)

Genetic Covariance
------------------
Total Observed scale gencov: 0.074 (0.0467)
Mean z1*z2: 0.0595
Intercept: 0.0489 (0.0044)

Genetic Correlation
-------------------
Genetic Correlation: 0.478 (0.34)
Z-score: 1.4057
P: 0.1598

Computing rg for phenotype 10/68
Reading summary statistics from ../output_sumstats/output_pmid24816252_citrate_eur.sumstats.gz ...
Read summary statistics for 1217311 SNPs.
After merging with summary statistics, 1030075 SNPs remain.
1030075 SNPs with valid alleles.

Heritability of phenotype 10/68
-------------------------------
Total Observed scale h2: 0.4515 (0.0776)
Lambda GC: 1.0957
Mean Chi^2: 1.1228
Intercept: 1.0588 (0.0078)
Ratio: 0.4791 (0.0635)

Genetic Covariance
------------------
Total Observed scale gencov: 0.0033 (0.0465)
Mean z1*z2: -0.0424
Intercept: -0.0433 (0.0048)

Genetic Correlation
-------------------
Genetic Correlation: 0.0117 (0.1665)
Z-score: 0.0703
P: 0.9439

Computing rg for phenotype 11/68
Reading summary statistics from ../output_sumstats/output_pmid24816252_glutamate_eur.sumstats.gz ...
Read summary statistics for 1217311 SNPs.
After merging with summary statistics, 1030075 SNPs remain.
1030075 SNPs with valid alleles.

Heritability of phenotype 11/68
-------------------------------
Total Observed scale h2: 0.1583 (0.0573)
Lambda GC: 0.9576
Mean Chi^2: 0.9553
Intercept: 0.9325 (0.006)
Ratio: NA (mean chi^2 < 1)

Genetic Covariance
------------------
Total Observed scale gencov: 0.0208 (0.04)
Mean z1*z2: 0.2112
Intercept: 0.2086 (0.0044)

Genetic Correlation
-------------------
Genetic Correlation: 0.1248 (0.233)
Z-score: 0.5358
P: 0.5921

Computing rg for phenotype 12/68
Reading summary statistics from ../output_sumstats/output_pmid24816252_glycerol_eur.sumstats.gz ...
Read summary statistics for 1217311 SNPs.
After merging with summary statistics, 1030075 SNPs remain.
1030075 SNPs with valid alleles.

Heritability of phenotype 12/68
-------------------------------
Total Observed scale h2: -0.1305 (0.0608)
Lambda GC: 0.9868
Mean Chi^2: 0.9976
Intercept: 1.0166 (0.007)
Ratio: NA (mean chi^2 < 1)

Genetic Covariance
------------------
Total Observed scale gencov: -0.0192 (0.0431)
Mean z1*z2: 0.1296
Intercept: 0.1324 (0.0044)

Genetic Correlation
-------------------
Genetic Correlation: nan (nan) (h2  out of bounds) 
Z-score: nan (nan) (h2  out of bounds)
P: nan (nan) (h2  out of bounds)
WARNING: One of the h2's was out of bounds.
This usually indicates a data-munging error or that h2 or N is low.

Computing rg for phenotype 13/68
Reading summary statistics from ../output_sumstats/output_pmid24816252_histidine_eur.sumstats.gz ...
Read summary statistics for 1217311 SNPs.
After merging with summary statistics, 1030075 SNPs remain.
1030075 SNPs with valid alleles.

Heritability of phenotype 13/68
-------------------------------
Total Observed scale h2: 0.4424 (0.072)
Lambda GC: 0.81
Mean Chi^2: 0.8189
Intercept: 0.757 (0.0063)
Ratio: NA (mean chi^2 < 1)

Genetic Covariance
------------------
Total Observed scale gencov: 0.057 (0.0408)
Mean z1*z2: 0.1045
Intercept: 0.0965 (0.0041)

Genetic Correlation
-------------------
Genetic Correlation: 0.2049 (0.1546)
Z-score: 1.3254
P: 0.185

Computing rg for phenotype 14/68
Reading summary statistics from ../output_sumstats/output_pmid24816252_isoleucine_eur.sumstats.gz ...
Read summary statistics for 1217311 SNPs.
After merging with summary statistics, 1030075 SNPs remain.
1030075 SNPs with valid alleles.

Heritability of phenotype 14/68
-------------------------------
Total Observed scale h2: -0.2844 (0.0592)
Lambda GC: 0.9489
Mean Chi^2: 0.959
Intercept: 1.0007 (0.0063)
Ratio: NA (mean chi^2 < 1)

Genetic Covariance
------------------
Total Observed scale gencov: -0.0137 (0.0454)
Mean z1*z2: 0.4179
Intercept: 0.4199 (0.0051)

Genetic Correlation
-------------------
Genetic Correlation: nan (nan) (h2  out of bounds) 
Z-score: nan (nan) (h2  out of bounds)
P: nan (nan) (h2  out of bounds)
WARNING: One of the h2's was out of bounds.
This usually indicates a data-munging error or that h2 or N is low.

Computing rg for phenotype 15/68
Reading summary statistics from ../output_sumstats/output_pmid24816252_phenylalanine_eur.sumstats.gz ...
Read summary statistics for 1217311 SNPs.
After merging with summary statistics, 1030075 SNPs remain.
1030075 SNPs with valid alleles.

Heritability of phenotype 15/68
-------------------------------
Total Observed scale h2: 0.3394 (0.0447)
Lambda GC: 0.8207
Mean Chi^2: 0.8233
Intercept: 0.7761 (0.0052)
Ratio: NA (mean chi^2 < 1)

Genetic Covariance
------------------
Total Observed scale gencov: 0.145 (0.0393)
Mean z1*z2: 0.4721
Intercept: 0.4517 (0.0046)

Genetic Correlation
-------------------
Genetic Correlation: 0.5953 (0.126)
Z-score: 4.7232
P: 2.3211e-06

Computing rg for phenotype 16/68
Reading summary statistics from ../output_sumstats/output_pmid24816252_proline_eur.sumstats.gz ...
Read summary statistics for 1217311 SNPs.
After merging with summary statistics, 1030075 SNPs remain.
1030075 SNPs with valid alleles.

Heritability of phenotype 16/68
-------------------------------
Total Observed scale h2: 0.3879 (0.0883)
Lambda GC: 1.0679
Mean Chi^2: 1.0922
Intercept: 1.0361 (0.0122)
Ratio: 0.3913 (0.1319)

Genetic Covariance
------------------
Total Observed scale gencov: 0.1275 (0.0535)
Mean z1*z2: 0.357
Intercept: 0.3381 (0.0056)

Genetic Correlation
-------------------
Genetic Correlation: 0.4897 (0.1866)
Z-score: 2.6248
P: 0.0087

Computing rg for phenotype 17/68
Reading summary statistics from ../output_sumstats/output_pmid24816252_pyruvate_eur.sumstats.gz ...
Read summary statistics for 1217311 SNPs.
After merging with summary statistics, 1030075 SNPs remain.
1030075 SNPs with valid alleles.

Heritability of phenotype 17/68
-------------------------------
Total Observed scale h2: 0.137 (0.0539)
Lambda GC: 1.0195
Mean Chi^2: 1.0204
Intercept: 1.001 (0.0056)
Ratio: 0.0501 (0.2761)

Genetic Covariance
------------------
Total Observed scale gencov: 0.0231 (0.0445)
Mean z1*z2: 0.0938
Intercept: 0.0903 (0.0051)

Genetic Correlation
-------------------
Genetic Correlation: 0.1496 (0.2836)
Z-score: 0.5276
P: 0.5978

Computing rg for phenotype 18/68
Reading summary statistics from ../output_sumstats/output_pmid24816252_threonine_eur.sumstats.gz ...
Read summary statistics for 1217311 SNPs.
After merging with summary statistics, 1030075 SNPs remain.
1030075 SNPs with valid alleles.

Heritability of phenotype 18/68
-------------------------------
Total Observed scale h2: 0.054 (0.0827)
Lambda GC: 1.0016
Mean Chi^2: 1.0149
Intercept: 1.0087 (0.0065)
Ratio: 0.5851 (0.4401)

Genetic Covariance
------------------
Total Observed scale gencov: 0.0383 (0.0482)
Mean z1*z2: 0.1285
Intercept: 0.1236 (0.0045)

Genetic Correlation
-------------------
Genetic Correlation: 0.3943 (0.5159)
Z-score: 0.7642
P: 0.4447

Computing rg for phenotype 19/68
Reading summary statistics from ../output_sumstats/output_pmid24816252_tryptophan_eur.sumstats.gz ...
Read summary statistics for 1217311 SNPs.
After merging with summary statistics, 1030075 SNPs remain.
1030075 SNPs with valid alleles.

Heritability of phenotype 19/68
-------------------------------
Total Observed scale h2: 0.9201 (0.0742)
Lambda GC: 1.0864
Mean Chi^2: 1.1811
Intercept: 1.0489 (0.0078)
Ratio: 0.2699 (0.0432)

Genetic Covariance
------------------
Total Observed scale gencov: 0.1366 (0.0523)
Mean z1*z2: 0.5672
Intercept: 0.5474 (0.0055)

Genetic Correlation
-------------------
Genetic Correlation: 0.3406 (0.0981)
Z-score: 3.4723
P: 0.0005

Computing rg for phenotype 20/68
Reading summary statistics from ../output_sumstats/output_pmid24816252_urea_eur.sumstats.gz ...
Read summary statistics for 1217311 SNPs.
After merging with summary statistics, 1030075 SNPs remain.
1030075 SNPs with valid alleles.

Heritability of phenotype 20/68
-------------------------------
Total Observed scale h2: -0.0814 (0.0529)
Lambda GC: 0.9898
Mean Chi^2: 1.0011
Intercept: 1.0129 (0.0062)
Ratio: 12.0371 (5.8145)

Genetic Covariance
------------------
Total Observed scale gencov: 0.0737 (0.0452)
Mean z1*z2: 0.1341
Intercept: 0.1233 (0.0043)

Genetic Correlation
-------------------
Genetic Correlation: nan (nan) (h2  out of bounds) 
Z-score: nan (nan) (h2  out of bounds)
P: nan (nan) (h2  out of bounds)
WARNING: One of the h2's was out of bounds.
This usually indicates a data-munging error or that h2 or N is low.

Computing rg for phenotype 21/68
Reading summary statistics from ../output_sumstats/output_pmid27386562_MS_eur.sumstats.gz ...
Read summary statistics for 1217311 SNPs.
After merging with summary statistics, 1030075 SNPs remain.
1013618 SNPs with valid alleles.

Heritability of phenotype 21/68
-------------------------------
Total Observed scale h2: 0.2309 (0.0466)
Lambda GC: 1.1207
Mean Chi^2: 1.1405
Intercept: 1.0692 (0.0087)
Ratio: 0.4926 (0.0617)

Genetic Covariance
------------------
Total Observed scale gencov: 0.0063 (0.0351)
Mean z1*z2: 0.0008
Intercept: -0.0007 (0.0052)

Genetic Correlation
-------------------
Genetic Correlation: 0.0325 (0.1861)
Z-score: 0.1749
P: 0.8612

Computing rg for phenotype 22/68
Reading summary statistics from ../output_sumstats/output_pmid27455348_ALS_eur.sumstats.gz ...
Read summary statistics for 1217311 SNPs.
After merging with summary statistics, 1030075 SNPs remain.
1022293 SNPs with valid alleles.

Heritability of phenotype 22/68
-------------------------------
Total Observed scale h2: 0.0414 (0.013)
Lambda GC: 1.0255
Mean Chi^2: 1.0313
Intercept: 1.0017 (0.0068)
Ratio: 0.0558 (0.2177)

Genetic Covariance
------------------
Total Observed scale gencov: -0.0039 (0.0203)
Mean z1*z2: 0.0002
Intercept: 0.0016 (0.005)

Genetic Correlation
-------------------
Genetic Correlation: -0.0463 (0.2438)
Z-score: -0.1898
P: 0.8495

Computing rg for phenotype 23/68
Reading summary statistics from ../output_sumstats/output_pmid27989323_CTACK_eur.sumstats.gz ...
Read summary statistics for 1217311 SNPs.
After merging with summary statistics, 1030075 SNPs remain.
1023065 SNPs with valid alleles.
ERROR computing rg for phenotype 23/68, from file ../output_sumstats/output_pmid27989323_CTACK_eur.sumstats.gz.
Traceback (most recent call last):
  File "/Users/as/Documents/UNI/Bioinformatik/2023:24_WS/GoBi_Lokal/BlockTeil_Metabolomics/ldsc/ldscore/sumstats.py", line 410, in estimate_rg
    rghat = _rg(loop, args, log, M_annot, ref_ld_cnames, w_ld_cname, i)
  File "/Users/as/Documents/UNI/Bioinformatik/2023:24_WS/GoBi_Lokal/BlockTeil_Metabolomics/ldsc/ldscore/sumstats.py", line 539, in _rg
    intercept_gencov=intercepts[2], n_blocks=n_blocks, twostep=args.two_step)
  File "/Users/as/Documents/UNI/Bioinformatik/2023:24_WS/GoBi_Lokal/BlockTeil_Metabolomics/ldsc/ldscore/regressions.py", line 705, in __init__
    np.multiply(hsq1.tot_delete_values, hsq2.tot_delete_values))
FloatingPointError: invalid value encountered in sqrt


Computing rg for phenotype 24/68
Reading summary statistics from ../output_sumstats/output_pmid27989323_GCSF_eur.sumstats.gz ...
Read summary statistics for 1217311 SNPs.
After merging with summary statistics, 1030075 SNPs remain.
1022980 SNPs with valid alleles.

Heritability of phenotype 24/68
-------------------------------
Total Observed scale h2: 0.0202 (0.0581)
Lambda GC: 1.0165
Mean Chi^2: 1.0111
Intercept: 1.0079 (0.0079)
Ratio: 0.7134 (0.7138)

Genetic Covariance
------------------
Total Observed scale gencov: 0.0775 (0.0381)
Mean z1*z2: 0.0082
Intercept: -0.0034 (0.0044)

Genetic Correlation
-------------------
Genetic Correlation: nan (nan) (rg out of bounds) 
Z-score: nan (nan) (rg out of bounds)
P: nan (nan) (rg out of bounds)
WARNING: rg was out of bounds.
This often means that h2 is not significantly different from zero.

Computing rg for phenotype 25/68
Reading summary statistics from ../output_sumstats/output_pmid27989323_GROa_eur.sumstats.gz ...
Read summary statistics for 1217311 SNPs.
After merging with summary statistics, 1030075 SNPs remain.
35 SNPs with valid alleles.
WARNING: number of SNPs less than 200k; this is almost always bad.

Heritability of phenotype 25/68
-------------------------------
Total Observed scale h2: -73.4871 (22.4436)
Lambda GC: 0.3275
Mean Chi^2: 0.5205
Intercept: 2.133 (0.5225)
Ratio: NA (mean chi^2 < 1)

Genetic Covariance
------------------
Total Observed scale gencov: 36.9467 (46.1984)
Mean z1*z2: -0.0213
Intercept: -1.1768 (1.5583)

Genetic Correlation
-------------------
Genetic Correlation: nan (nan) (h2  out of bounds) 
Z-score: nan (nan) (h2  out of bounds)
P: nan (nan) (h2  out of bounds)
WARNING: One of the h2's was out of bounds.
This usually indicates a data-munging error or that h2 or N is low.

Computing rg for phenotype 26/68
Reading summary statistics from ../output_sumstats/output_pmid27989323_HGF_eur.sumstats.gz ...
Read summary statistics for 1217311 SNPs.
After merging with summary statistics, 1030075 SNPs remain.
1023003 SNPs with valid alleles.

Heritability of phenotype 26/68
-------------------------------
Total Observed scale h2: -0.0196 (0.0576)
Lambda GC: 1.0046
Mean Chi^2: 1.0061
Intercept: 1.0094 (0.008)
Ratio: 1.5278 (1.2948)

Genetic Covariance
------------------
Total Observed scale gencov: 0.0261 (0.0429)
Mean z1*z2: 0.0065
Intercept: 0.0024 (0.005)

Genetic Correlation
-------------------
Genetic Correlation: nan (nan) (h2  out of bounds) 
Z-score: nan (nan) (h2  out of bounds)
P: nan (nan) (h2  out of bounds)
WARNING: One of the h2's was out of bounds.
This usually indicates a data-munging error or that h2 or N is low.

Computing rg for phenotype 27/68
Reading summary statistics from ../output_sumstats/output_pmid27989323_IFNg_eur.sumstats.gz ...
Read summary statistics for 1217311 SNPs.
After merging with summary statistics, 1030075 SNPs remain.
1022955 SNPs with valid alleles.
ERROR computing rg for phenotype 27/68, from file ../output_sumstats/output_pmid27989323_IFNg_eur.sumstats.gz.
Traceback (most recent call last):
  File "/Users/as/Documents/UNI/Bioinformatik/2023:24_WS/GoBi_Lokal/BlockTeil_Metabolomics/ldsc/ldscore/sumstats.py", line 410, in estimate_rg
    rghat = _rg(loop, args, log, M_annot, ref_ld_cnames, w_ld_cname, i)
  File "/Users/as/Documents/UNI/Bioinformatik/2023:24_WS/GoBi_Lokal/BlockTeil_Metabolomics/ldsc/ldscore/sumstats.py", line 539, in _rg
    intercept_gencov=intercepts[2], n_blocks=n_blocks, twostep=args.two_step)
  File "/Users/as/Documents/UNI/Bioinformatik/2023:24_WS/GoBi_Lokal/BlockTeil_Metabolomics/ldsc/ldscore/regressions.py", line 705, in __init__
    np.multiply(hsq1.tot_delete_values, hsq2.tot_delete_values))
FloatingPointError: invalid value encountered in sqrt


Computing rg for phenotype 28/68
Reading summary statistics from ../output_sumstats/output_pmid27989323_IL10_eur.sumstats.gz ...
Read summary statistics for 1217311 SNPs.
After merging with summary statistics, 1030075 SNPs remain.
1023134 SNPs with valid alleles.

Heritability of phenotype 28/68
-------------------------------
Total Observed scale h2: -0.013 (0.0883)
Lambda GC: 1.0016
Mean Chi^2: 1.0164
Intercept: 1.0184 (0.0136)
Ratio: 1.1215 (0.8266)

Genetic Covariance
------------------
Total Observed scale gencov: 0.0127 (0.0379)
Mean z1*z2: 0.0018
Intercept: -9.2644e-06 (0.004)

Genetic Correlation
-------------------
Genetic Correlation: nan (nan) (h2  out of bounds) 
Z-score: nan (nan) (h2  out of bounds)
P: nan (nan) (h2  out of bounds)
WARNING: One of the h2's was out of bounds.
This usually indicates a data-munging error or that h2 or N is low.

Computing rg for phenotype 29/68
Reading summary statistics from ../output_sumstats/output_pmid27989323_IL12p70_eur.sumstats.gz ...
Read summary statistics for 1217311 SNPs.
After merging with summary statistics, 1030075 SNPs remain.
1022938 SNPs with valid alleles.

Heritability of phenotype 29/68
-------------------------------
Total Observed scale h2: -0.0307 (0.1141)
Lambda GC: 1.0255
Mean Chi^2: 1.031
Intercept: 1.036 (0.0229)
Ratio: 1.1631 (0.7401)

Genetic Covariance
------------------
Total Observed scale gencov: -0.005 (0.0401)
Mean z1*z2: 0.0003
Intercept: 0.0011 (0.0048)

Genetic Correlation
-------------------
Genetic Correlation: nan (nan) (h2  out of bounds) 
Z-score: nan (nan) (h2  out of bounds)
P: nan (nan) (h2  out of bounds)
WARNING: One of the h2's was out of bounds.
This usually indicates a data-munging error or that h2 or N is low.

Computing rg for phenotype 30/68
Reading summary statistics from ../output_sumstats/output_pmid27989323_IL13_eur.sumstats.gz ...
Read summary statistics for 1217311 SNPs.
After merging with summary statistics, 1030075 SNPs remain.
1022943 SNPs with valid alleles.

Heritability of phenotype 30/68
-------------------------------
Total Observed scale h2: -0.1681 (0.1663)
Lambda GC: 1.0046
Mean Chi^2: 1.0049
Intercept: 1.0168 (0.0128)
Ratio: 3.4308 (2.6205)

Genetic Covariance
------------------
Total Observed scale gencov: 0.0949 (0.0655)
Mean z1*z2: 0.0098
Intercept: 0.0002 (0.0046)

Genetic Correlation
-------------------
Genetic Correlation: nan (nan) (h2  out of bounds) 
Z-score: nan (nan) (h2  out of bounds)
P: nan (nan) (h2  out of bounds)
WARNING: One of the h2's was out of bounds.
This usually indicates a data-munging error or that h2 or N is low.

Computing rg for phenotype 31/68
Reading summary statistics from ../output_sumstats/output_pmid27989323_IL16_eur.sumstats.gz ...
Read summary statistics for 1217311 SNPs.
After merging with summary statistics, 1030075 SNPs remain.
1023090 SNPs with valid alleles.

Heritability of phenotype 31/68
-------------------------------
Total Observed scale h2: -0.0499 (0.1319)
Lambda GC: 0.9898
Mean Chi^2: 0.9898
Intercept: 0.9933 (0.0077)
Ratio: NA (mean chi^2 < 1)

Genetic Covariance
------------------
Total Observed scale gencov: -0.0814 (0.0621)
Mean z1*z2: -0.0024
Intercept: 0.0058 (0.0048)

Genetic Correlation
-------------------
Genetic Correlation: nan (nan) (h2  out of bounds) 
Z-score: nan (nan) (h2  out of bounds)
P: nan (nan) (h2  out of bounds)
WARNING: One of the h2's was out of bounds.
This usually indicates a data-munging error or that h2 or N is low.

Computing rg for phenotype 32/68
Reading summary statistics from ../output_sumstats/output_pmid27989323_IL17_eur.sumstats.gz ...
Read summary statistics for 1217311 SNPs.
After merging with summary statistics, 1030075 SNPs remain.
1648 SNPs with valid alleles.
WARNING: number of SNPs less than 200k; this is almost always bad.

Heritability of phenotype 32/68
-------------------------------
Total Observed scale h2: -4.1071 (1.4819)
Lambda GC: 1.0557
Mean Chi^2: 1.152
Intercept: 1.499 (0.1364)
Ratio: 3.2818 (0.8973)

Genetic Covariance
------------------
Total Observed scale gencov: 0.5153 (0.9749)
Mean z1*z2: 0.0496
Intercept: 0.0076 (0.0843)

Genetic Correlation
-------------------
Genetic Correlation: nan (nan) (h2  out of bounds) 
Z-score: nan (nan) (h2  out of bounds)
P: nan (nan) (h2  out of bounds)
WARNING: One of the h2's was out of bounds.
This usually indicates a data-munging error or that h2 or N is low.

Computing rg for phenotype 33/68
Reading summary statistics from ../output_sumstats/output_pmid27989323_IL18_eur.sumstats.gz ...
Read summary statistics for 1217311 SNPs.
After merging with summary statistics, 1030075 SNPs remain.
340270 SNPs with valid alleles.

Heritability of phenotype 33/68
-------------------------------
Total Observed scale h2: 0.4099 (0.585)
Lambda GC: 0.9957
Mean Chi^2: 1.0228
Intercept: 0.9902 (0.0237)
Ratio < 0 (usually indicates GC correction).

Genetic Covariance
------------------
Total Observed scale gencov: -0.1237 (0.1074)
Mean z1*z2: 0.0016
Intercept: 0.0148 (0.0083)

Genetic Correlation
-------------------
Genetic Correlation: nan (nan) (h2  out of bounds) 
Z-score: nan (nan) (h2  out of bounds)
P: nan (nan) (h2  out of bounds)
WARNING: One of the h2's was out of bounds.
This usually indicates a data-munging error or that h2 or N is low.

Computing rg for phenotype 34/68
Reading summary statistics from ../output_sumstats/output_pmid27989323_IL1ra_eur.sumstats.gz ...
Read summary statistics for 1217311 SNPs.
After merging with summary statistics, 1030075 SNPs remain.
1023123 SNPs with valid alleles.

Heritability of phenotype 34/68
-------------------------------
Total Observed scale h2: 0.0491 (0.1362)
Lambda GC: 1.0105
Mean Chi^2: 1.0097
Intercept: 1.0062 (0.0084)
Ratio: 0.6378 (0.8614)

Genetic Covariance
------------------
Total Observed scale gencov: 0.0309 (0.061)
Mean z1*z2: 0.01
Intercept: 0.0071 (0.0044)

Genetic Correlation
-------------------
Genetic Correlation: 0.342 (1.1964)
Z-score: 0.2858
P: 0.775

Computing rg for phenotype 35/68
Reading summary statistics from ../output_sumstats/output_pmid27989323_IL2_eur.sumstats.gz ...
Read summary statistics for 1217311 SNPs.
After merging with summary statistics, 1030075 SNPs remain.
1022881 SNPs with valid alleles.

Heritability of phenotype 35/68
-------------------------------
Total Observed scale h2: -0.0456 (0.1333)
Lambda GC: 1.0165
Mean Chi^2: 1.0081
Intercept: 1.0113 (0.0079)
Ratio: 1.3884 (0.967)

Genetic Covariance
------------------
Total Observed scale gencov: 0.0074 (0.0618)
Mean z1*z2: 0.0086
Intercept: 0.0079 (0.0044)

Genetic Correlation
-------------------
Genetic Correlation: nan (nan) (h2  out of bounds) 
Z-score: nan (nan) (h2  out of bounds)
P: nan (nan) (h2  out of bounds)
WARNING: One of the h2's was out of bounds.
This usually indicates a data-munging error or that h2 or N is low.

Computing rg for phenotype 36/68
Reading summary statistics from ../output_sumstats/output_pmid27989323_IL2ra_eur.sumstats.gz ...
Read summary statistics for 1217311 SNPs.
After merging with summary statistics, 1030075 SNPs remain.
1023141 SNPs with valid alleles.

Heritability of phenotype 36/68
-------------------------------
Total Observed scale h2: 0.0247 (0.1174)
Lambda GC: 1.0105
Mean Chi^2: 1.0068
Intercept: 1.005 (0.0071)
Ratio: 0.7358 (1.0518)

Genetic Covariance
------------------
Total Observed scale gencov: 0.0056 (0.0572)
Mean z1*z2: 0.003
Intercept: 0.0024 (0.0047)

Genetic Correlation
-------------------
Genetic Correlation: 0.0866 (1.0161)
Z-score: 0.0853
P: 0.9321

Computing rg for phenotype 37/68
Reading summary statistics from ../output_sumstats/output_pmid27989323_IL4_eur.sumstats.gz ...
Read summary statistics for 1217311 SNPs.
After merging with summary statistics, 1030075 SNPs remain.
1022835 SNPs with valid alleles.

Heritability of phenotype 37/68
-------------------------------
Total Observed scale h2: -0.0558 (0.0583)
Lambda GC: 1.0016
Mean Chi^2: 1.0037
Intercept: 1.0127 (0.0083)
Ratio: 3.4531 (2.25)

Genetic Covariance
------------------
Total Observed scale gencov: -0.0242 (0.0389)
Mean z1*z2: 0.0013
Intercept: 0.0051 (0.0045)

Genetic Correlation
-------------------
Genetic Correlation: nan (nan) (h2  out of bounds) 
Z-score: nan (nan) (h2  out of bounds)
P: nan (nan) (h2  out of bounds)
WARNING: One of the h2's was out of bounds.
This usually indicates a data-munging error or that h2 or N is low.

Computing rg for phenotype 38/68
Reading summary statistics from ../output_sumstats/output_pmid27989323_IL5_eur.sumstats.gz ...
Read summary statistics for 1217311 SNPs.
After merging with summary statistics, 1030075 SNPs remain.
1022034 SNPs with valid alleles.

Heritability of phenotype 38/68
-------------------------------
Total Observed scale h2: -0.1335 (0.14)
Lambda GC: 1.0105
Mean Chi^2: 1.0049
Intercept: 1.0139 (0.0084)
Ratio: 2.8341 (1.7103)

Genetic Covariance
------------------
Total Observed scale gencov: 0.0841 (0.0585)
Mean z1*z2: 0.0078
Intercept: -0.0005 (0.0044)

Genetic Correlation
-------------------
Genetic Correlation: nan (nan) (h2  out of bounds) 
Z-score: nan (nan) (h2  out of bounds)
P: nan (nan) (h2  out of bounds)
WARNING: One of the h2's was out of bounds.
This usually indicates a data-munging error or that h2 or N is low.

Computing rg for phenotype 39/68
Reading summary statistics from ../output_sumstats/output_pmid27989323_IL6_eur.sumstats.gz ...
Read summary statistics for 1217311 SNPs.
After merging with summary statistics, 1030075 SNPs remain.
1023066 SNPs with valid alleles.

Heritability of phenotype 39/68
-------------------------------
Total Observed scale h2: -0.0079 (0.0573)
Lambda GC: 1.0135
Mean Chi^2: 1.0082
Intercept: 1.0095 (0.0074)
Ratio: 1.158 (0.9077)

Genetic Covariance
------------------
Total Observed scale gencov: -0.0317 (0.0408)
Mean z1*z2: 0.0007
Intercept: 0.0058 (0.0045)

Genetic Correlation
-------------------
Genetic Correlation: nan (nan) (h2  out of bounds) 
Z-score: nan (nan) (h2  out of bounds)
P: nan (nan) (h2  out of bounds)
WARNING: One of the h2's was out of bounds.
This usually indicates a data-munging error or that h2 or N is low.

Computing rg for phenotype 40/68
Reading summary statistics from ../output_sumstats/output_pmid27989323_IL7_eur.sumstats.gz ...
Read summary statistics for 1217311 SNPs.
After merging with summary statistics, 1030075 SNPs remain.
1023264 SNPs with valid alleles.

Heritability of phenotype 40/68
-------------------------------
Total Observed scale h2: -0.0387 (0.1478)
Lambda GC: 1.0075
Mean Chi^2: 1.0107
Intercept: 1.0134 (0.0095)
Ratio: 1.2449 (0.8833)

Genetic Covariance
------------------
Total Observed scale gencov: 0.0746 (0.0619)
Mean z1*z2: 0.01
Intercept: 0.0027 (0.0047)

Genetic Correlation
-------------------
Genetic Correlation: nan (nan) (h2  out of bounds) 
Z-score: nan (nan) (h2  out of bounds)
P: nan (nan) (h2  out of bounds)
WARNING: One of the h2's was out of bounds.
This usually indicates a data-munging error or that h2 or N is low.

Computing rg for phenotype 41/68
Reading summary statistics from ../output_sumstats/output_pmid27989323_IL8_eur.sumstats.gz ...
Read summary statistics for 1217311 SNPs.
After merging with summary statistics, 1030075 SNPs remain.
1022610 SNPs with valid alleles.

Heritability of phenotype 41/68
-------------------------------
Total Observed scale h2: -0.0416 (0.1303)
Lambda GC: 1.0046
Mean Chi^2: 1.006
Intercept: 1.0089 (0.0074)
Ratio: 1.487 (1.2253)

Genetic Covariance
------------------
Total Observed scale gencov: 0.0261 (0.056)
Mean z1*z2: 0.0037
Intercept: 0.001 (0.0045)

Genetic Correlation
-------------------
Genetic Correlation: nan (nan) (h2  out of bounds) 
Z-score: nan (nan) (h2  out of bounds)
P: nan (nan) (h2  out of bounds)
WARNING: One of the h2's was out of bounds.
This usually indicates a data-munging error or that h2 or N is low.

Computing rg for phenotype 42/68
Reading summary statistics from ../output_sumstats/output_pmid27989323_IL9_eur.sumstats.gz ...
Read summary statistics for 1217311 SNPs.
After merging with summary statistics, 1030075 SNPs remain.
1023103 SNPs with valid alleles.

Heritability of phenotype 42/68
-------------------------------
Total Observed scale h2: -0.1422 (0.1325)
Lambda GC: 1.0135
Mean Chi^2: 1.0016
Intercept: 1.0119 (0.0076)
Ratio: 7.4235 (4.7402)

Genetic Covariance
------------------
Total Observed scale gencov: 0.0312 (0.0556)
Mean z1*z2: 0.0048
Intercept: 0.0017 (0.0045)

Genetic Correlation
-------------------
Genetic Correlation: nan (nan) (h2  out of bounds) 
Z-score: nan (nan) (h2  out of bounds)
P: nan (nan) (h2  out of bounds)
WARNING: One of the h2's was out of bounds.
This usually indicates a data-munging error or that h2 or N is low.

Computing rg for phenotype 43/68
Reading summary statistics from ../output_sumstats/output_pmid27989323_MCP1_eur.sumstats.gz ...
Read summary statistics for 1217311 SNPs.
After merging with summary statistics, 1030075 SNPs remain.
1023059 SNPs with valid alleles.

Heritability of phenotype 43/68
-------------------------------
Total Observed scale h2: 0.1513 (0.0719)
Lambda GC: 1.0105
Mean Chi^2: 1.0219
Intercept: 0.997 (0.0084)
Ratio < 0 (usually indicates GC correction).

Genetic Covariance
------------------
Total Observed scale gencov: -0.0436 (0.0365)
Mean z1*z2: -0.0015
Intercept: 0.0053 (0.0044)

Genetic Correlation
-------------------
Genetic Correlation: -0.2764 (0.2495)
Z-score: -1.1079
P: 0.2679

Computing rg for phenotype 44/68
Reading summary statistics from ../output_sumstats/output_pmid27989323_MCP3_eur.sumstats.gz ...
Read summary statistics for 1217311 SNPs.
After merging with summary statistics, 1030075 SNPs remain.
999998 SNPs with valid alleles.

Heritability of phenotype 44/68
-------------------------------
Total Observed scale h2: -0.9191 (0.5644)
Lambda GC: 0.9986
Mean Chi^2: 0.9971
Intercept: 1.0127 (0.008)
Ratio: NA (mean chi^2 < 1)

Genetic Covariance
------------------
Total Observed scale gencov: 0.2052 (0.1373)
Mean z1*z2: 0.0002
Intercept: -0.0102 (0.0047)

Genetic Correlation
-------------------
Genetic Correlation: nan (nan) (h2  out of bounds) 
Z-score: nan (nan) (h2  out of bounds)
P: nan (nan) (h2  out of bounds)
WARNING: One of the h2's was out of bounds.
This usually indicates a data-munging error or that h2 or N is low.

Computing rg for phenotype 45/68
Reading summary statistics from ../output_sumstats/output_pmid27989323_MCSF_eur.sumstats.gz ...
Read summary statistics for 1217311 SNPs.
After merging with summary statistics, 1030075 SNPs remain.
1021905 SNPs with valid alleles.

Heritability of phenotype 45/68
-------------------------------
Total Observed scale h2: 0.2348 (0.5785)
Lambda GC: 0.9957
Mean Chi^2: 0.992
Intercept: 0.9881 (0.0071)
Ratio: NA (mean chi^2 < 1)

Genetic Covariance
------------------
Total Observed scale gencov: 0.1592 (0.1302)
Mean z1*z2: 0.0016
Intercept: -0.0064 (0.0045)

Genetic Correlation
-------------------
Genetic Correlation: 0.7849 (1.9908)
Z-score: 0.3943
P: 0.6934

Computing rg for phenotype 46/68
Reading summary statistics from ../output_sumstats/output_pmid27989323_MIF_eur.sumstats.gz ...
Read summary statistics for 1217311 SNPs.
After merging with summary statistics, 1030075 SNPs remain.
1023178 SNPs with valid alleles.

Heritability of phenotype 46/68
-------------------------------
Total Observed scale h2: 0.0976 (0.1329)
Lambda GC: 1.0105
Mean Chi^2: 1.0116
Intercept: 1.0048 (0.0075)
Ratio: 0.4151 (0.6417)

Genetic Covariance
------------------
Total Observed scale gencov: -0.0817 (0.0612)
Mean z1*z2: 0.0047
Intercept: 0.0129 (0.0045)

Genetic Correlation
-------------------
Genetic Correlation: -0.641 (0.696)
Z-score: -0.9209
P: 0.3571

Computing rg for phenotype 47/68
Reading summary statistics from ../output_sumstats/output_pmid27989323_MIG_eur.sumstats.gz ...
Read summary statistics for 1217311 SNPs.
After merging with summary statistics, 1030075 SNPs remain.
1023038 SNPs with valid alleles.

Heritability of phenotype 47/68
-------------------------------
Total Observed scale h2: -0.1726 (0.1277)
Lambda GC: 1.0046
Mean Chi^2: 1.0041
Intercept: 1.0168 (0.007)
Ratio: 4.0952 (1.6971)

Genetic Covariance
------------------
Total Observed scale gencov: 0.0198 (0.0621)
Mean z1*z2: 0.0028
Intercept: 0.0006 (0.0046)

Genetic Correlation
-------------------
Genetic Correlation: nan (nan) (h2  out of bounds) 
Z-score: nan (nan) (h2  out of bounds)
P: nan (nan) (h2  out of bounds)
WARNING: One of the h2's was out of bounds.
This usually indicates a data-munging error or that h2 or N is low.

Computing rg for phenotype 48/68
Reading summary statistics from ../output_sumstats/output_pmid27989323_MIP1a_eur.sumstats.gz ...
Read summary statistics for 1217311 SNPs.
After merging with summary statistics, 1030075 SNPs remain.
1022651 SNPs with valid alleles.

Heritability of phenotype 48/68
-------------------------------
Total Observed scale h2: -0.0783 (0.1426)
Lambda GC: 0.9957
Mean Chi^2: 1.
Intercept: 1.0055 (0.008)
Ratio: NA (mean chi^2 < 1)

Genetic Covariance
------------------
Total Observed scale gencov: 0.0802 (0.0559)
Mean z1*z2: 0.0078
Intercept: -0.0002 (0.0045)

Genetic Correlation
-------------------
Genetic Correlation: nan (nan) (h2  out of bounds) 
Z-score: nan (nan) (h2  out of bounds)
P: nan (nan) (h2  out of bounds)
WARNING: One of the h2's was out of bounds.
This usually indicates a data-munging error or that h2 or N is low.

Computing rg for phenotype 49/68
Reading summary statistics from ../output_sumstats/output_pmid27989323_MIP1b_eur.sumstats.gz ...
Read summary statistics for 1217311 SNPs.
After merging with summary statistics, 1030075 SNPs remain.
1023047 SNPs with valid alleles.
ERROR computing rg for phenotype 49/68, from file ../output_sumstats/output_pmid27989323_MIP1b_eur.sumstats.gz.
Traceback (most recent call last):
  File "/Users/as/Documents/UNI/Bioinformatik/2023:24_WS/GoBi_Lokal/BlockTeil_Metabolomics/ldsc/ldscore/sumstats.py", line 410, in estimate_rg
    rghat = _rg(loop, args, log, M_annot, ref_ld_cnames, w_ld_cname, i)
  File "/Users/as/Documents/UNI/Bioinformatik/2023:24_WS/GoBi_Lokal/BlockTeil_Metabolomics/ldsc/ldscore/sumstats.py", line 539, in _rg
    intercept_gencov=intercepts[2], n_blocks=n_blocks, twostep=args.two_step)
  File "/Users/as/Documents/UNI/Bioinformatik/2023:24_WS/GoBi_Lokal/BlockTeil_Metabolomics/ldsc/ldscore/regressions.py", line 705, in __init__
    np.multiply(hsq1.tot_delete_values, hsq2.tot_delete_values))
FloatingPointError: invalid value encountered in sqrt


Computing rg for phenotype 50/68
Reading summary statistics from ../output_sumstats/output_pmid27989323_PDGFbb_eur.sumstats.gz ...
Read summary statistics for 1217311 SNPs.
After merging with summary statistics, 1030075 SNPs remain.
1023057 SNPs with valid alleles.

Heritability of phenotype 50/68
-------------------------------
Total Observed scale h2: -0.0206 (0.0617)
Lambda GC: 1.0225
Mean Chi^2: 1.0219
Intercept: 1.0253 (0.0095)
Ratio: 1.1558 (0.4334)

Genetic Covariance
------------------
Total Observed scale gencov: -0.0094 (0.0364)
Mean z1*z2: 0.0012
Intercept: 0.0026 (0.0045)

Genetic Correlation
-------------------
Genetic Correlation: nan (nan) (h2  out of bounds) 
Z-score: nan (nan) (h2  out of bounds)
P: nan (nan) (h2  out of bounds)
WARNING: One of the h2's was out of bounds.
This usually indicates a data-munging error or that h2 or N is low.

Computing rg for phenotype 51/68
Reading summary statistics from ../output_sumstats/output_pmid27989323_RANTES_eur.sumstats.gz ...
Read summary statistics for 1217311 SNPs.
After merging with summary statistics, 1030075 SNPs remain.
1022909 SNPs with valid alleles.

Heritability of phenotype 51/68
-------------------------------
Total Observed scale h2: 0.1259 (0.1278)
Lambda GC: 1.0016
Mean Chi^2: 1.0071
Intercept: 0.9985 (0.0071)
Ratio < 0 (usually indicates GC correction).

Genetic Covariance
------------------
Total Observed scale gencov: -0.0469 (0.0619)
Mean z1*z2: -0.0034
Intercept: 0.0011 (0.0047)

Genetic Correlation
-------------------
Genetic Correlation: -0.3259 (0.463)
Z-score: -0.7039
P: 0.4815

Computing rg for phenotype 52/68
Reading summary statistics from ../output_sumstats/output_pmid27989323_SCF_eur.sumstats.gz ...
Read summary statistics for 1217311 SNPs.
After merging with summary statistics, 1030075 SNPs remain.
1022897 SNPs with valid alleles.

Heritability of phenotype 52/68
-------------------------------
Total Observed scale h2: -0.064 (0.0559)
Lambda GC: 1.0075
Mean Chi^2: 1.0099
Intercept: 1.0205 (0.0071)
Ratio: 2.0657 (0.7204)

Genetic Covariance
------------------
Total Observed scale gencov: -0.0221 (0.0389)
Mean z1*z2: -0.002
Intercept: 0.0015 (0.0047)

Genetic Correlation
-------------------
Genetic Correlation: nan (nan) (h2  out of bounds) 
Z-score: nan (nan) (h2  out of bounds)
P: nan (nan) (h2  out of bounds)
WARNING: One of the h2's was out of bounds.
This usually indicates a data-munging error or that h2 or N is low.

Computing rg for phenotype 53/68
Reading summary statistics from ../output_sumstats/output_pmid27989323_SCGFb_eur.sumstats.gz ...
Read summary statistics for 1217311 SNPs.
After merging with summary statistics, 1030075 SNPs remain.
456081 SNPs with valid alleles.
ERROR computing rg for phenotype 53/68, from file ../output_sumstats/output_pmid27989323_SCGFb_eur.sumstats.gz.
Traceback (most recent call last):
  File "/Users/as/Documents/UNI/Bioinformatik/2023:24_WS/GoBi_Lokal/BlockTeil_Metabolomics/ldsc/ldscore/sumstats.py", line 410, in estimate_rg
    rghat = _rg(loop, args, log, M_annot, ref_ld_cnames, w_ld_cname, i)
  File "/Users/as/Documents/UNI/Bioinformatik/2023:24_WS/GoBi_Lokal/BlockTeil_Metabolomics/ldsc/ldscore/sumstats.py", line 539, in _rg
    intercept_gencov=intercepts[2], n_blocks=n_blocks, twostep=args.two_step)
  File "/Users/as/Documents/UNI/Bioinformatik/2023:24_WS/GoBi_Lokal/BlockTeil_Metabolomics/ldsc/ldscore/regressions.py", line 705, in __init__
    np.multiply(hsq1.tot_delete_values, hsq2.tot_delete_values))
FloatingPointError: invalid value encountered in sqrt


Computing rg for phenotype 54/68
Reading summary statistics from ../output_sumstats/output_pmid27989323_SDF1_eur.sumstats.gz ...
Read summary statistics for 1217311 SNPs.
After merging with summary statistics, 1030075 SNPs remain.
1022802 SNPs with valid alleles.
ERROR computing rg for phenotype 54/68, from file ../output_sumstats/output_pmid27989323_SDF1_eur.sumstats.gz.
Traceback (most recent call last):
  File "/Users/as/Documents/UNI/Bioinformatik/2023:24_WS/GoBi_Lokal/BlockTeil_Metabolomics/ldsc/ldscore/sumstats.py", line 410, in estimate_rg
    rghat = _rg(loop, args, log, M_annot, ref_ld_cnames, w_ld_cname, i)
  File "/Users/as/Documents/UNI/Bioinformatik/2023:24_WS/GoBi_Lokal/BlockTeil_Metabolomics/ldsc/ldscore/sumstats.py", line 539, in _rg
    intercept_gencov=intercepts[2], n_blocks=n_blocks, twostep=args.two_step)
  File "/Users/as/Documents/UNI/Bioinformatik/2023:24_WS/GoBi_Lokal/BlockTeil_Metabolomics/ldsc/ldscore/regressions.py", line 705, in __init__
    np.multiply(hsq1.tot_delete_values, hsq2.tot_delete_values))
FloatingPointError: invalid value encountered in sqrt


Computing rg for phenotype 55/68
Reading summary statistics from ../output_sumstats/output_pmid27989323_TNFa_eur.sumstats.gz ...
Read summary statistics for 1217311 SNPs.
After merging with summary statistics, 1030075 SNPs remain.
1022723 SNPs with valid alleles.

Heritability of phenotype 55/68
-------------------------------
Total Observed scale h2: -0.0063 (0.1405)
Lambda GC: 0.9898
Mean Chi^2: 0.9944
Intercept: 0.9948 (0.0073)
Ratio: NA (mean chi^2 < 1)

Genetic Covariance
------------------
Total Observed scale gencov: 0.0113 (0.0632)
Mean z1*z2: 0.0071
Intercept: 0.0061 (0.0047)

Genetic Correlation
-------------------
Genetic Correlation: nan (nan) (h2  out of bounds) 
Z-score: nan (nan) (h2  out of bounds)
P: nan (nan) (h2  out of bounds)
WARNING: One of the h2's was out of bounds.
This usually indicates a data-munging error or that h2 or N is low.

Computing rg for phenotype 56/68
Reading summary statistics from ../output_sumstats/output_pmid27989323_TNFb_eur.sumstats.gz ...
Read summary statistics for 1217311 SNPs.
After merging with summary statistics, 1030075 SNPs remain.
938503 SNPs with valid alleles.

Heritability of phenotype 56/68
-------------------------------
Total Observed scale h2: -0.4134 (0.3332)
Lambda GC: 1.0075
Mean Chi^2: 0.9972
Intercept: 1.0105 (0.0084)
Ratio: NA (mean chi^2 < 1)

Genetic Covariance
------------------
Total Observed scale gencov: -0.0265 (0.0897)
Mean z1*z2: -0.0034
Intercept: -0.0016 (0.0049)

Genetic Correlation
-------------------
Genetic Correlation: nan (nan) (h2  out of bounds) 
Z-score: nan (nan) (h2  out of bounds)
P: nan (nan) (h2  out of bounds)
WARNING: One of the h2's was out of bounds.
This usually indicates a data-munging error or that h2 or N is low.

Computing rg for phenotype 57/68
Reading summary statistics from ../output_sumstats/output_pmid27989323_TRAIL_eur.sumstats.gz ...
Read summary statistics for 1217311 SNPs.
After merging with summary statistics, 1030075 SNPs remain.
1022953 SNPs with valid alleles.

Heritability of phenotype 57/68
-------------------------------
Total Observed scale h2: -0.0205 (0.0553)
Lambda GC: 1.0195
Mean Chi^2: 1.0169
Intercept: 1.0202 (0.0099)
Ratio: 1.1984 (0.5856)

Genetic Covariance
------------------
Total Observed scale gencov: 0.0589 (0.0402)
Mean z1*z2: 0.0071
Intercept: -0.0019 (0.0046)

Genetic Correlation
-------------------
Genetic Correlation: nan (nan) (h2  out of bounds) 
Z-score: nan (nan) (h2  out of bounds)
P: nan (nan) (h2  out of bounds)
WARNING: One of the h2's was out of bounds.
This usually indicates a data-munging error or that h2 or N is low.

Computing rg for phenotype 58/68
Reading summary statistics from ../output_sumstats/output_pmid27989323_bNGF_eur.sumstats.gz ...
Read summary statistics for 1217311 SNPs.
After merging with summary statistics, 1030075 SNPs remain.
1022825 SNPs with valid alleles.

Heritability of phenotype 58/68
-------------------------------
Total Observed scale h2: 0.2428 (0.1392)
Lambda GC: 1.0165
Mean Chi^2: 1.0126
Intercept: 0.9954 (0.0077)
Ratio < 0 (usually indicates GC correction).

Genetic Covariance
------------------
Total Observed scale gencov: -0.0382 (0.0655)
Mean z1*z2: -0.0018
Intercept: 0.0018 (0.005)

Genetic Correlation
-------------------
Genetic Correlation: -0.19 (0.3287)
Z-score: -0.578
P: 0.5633

Computing rg for phenotype 59/68
Reading summary statistics from ../output_sumstats/output_pmid27989323_eotaxin_eur.sumstats.gz ...
Read summary statistics for 1217311 SNPs.
After merging with summary statistics, 1030075 SNPs remain.
1022895 SNPs with valid alleles.

Heritability of phenotype 59/68
-------------------------------
Total Observed scale h2: 0.1077 (0.0667)
Lambda GC: 1.0105
Mean Chi^2: 1.0238
Intercept: 1.0063 (0.008)
Ratio: 0.2638 (0.3348)

Genetic Covariance
------------------
Total Observed scale gencov: -0.0144 (0.0428)
Mean z1*z2: 0.0005
Intercept: 0.0029 (0.0046)

Genetic Correlation
-------------------
Genetic Correlation: -0.1072 (0.3203)
Z-score: -0.3347
P: 0.7378

Computing rg for phenotype 60/68
Reading summary statistics from ../output_sumstats/output_pmid27989323_ip10_eur.sumstats.gz ...
Read summary statistics for 1217311 SNPs.
After merging with summary statistics, 1030075 SNPs remain.
1023017 SNPs with valid alleles.

Heritability of phenotype 60/68
-------------------------------
Total Observed scale h2: 0.0875 (0.1314)
Lambda GC: 1.0225
Mean Chi^2: 1.0169
Intercept: 1.0104 (0.0075)
Ratio: 0.6176 (0.4421)

Genetic Covariance
------------------
Total Observed scale gencov: 0.1044 (0.0642)
Mean z1*z2: 0.0095
Intercept: -0.0015 (0.0046)

Genetic Correlation
-------------------
Genetic Correlation: 0.8673 (0.8882)
Z-score: 0.9765
P: 0.3288

Computing rg for phenotype 61/68
Reading summary statistics from ../output_sumstats/output_pmid29566793_ALS_eur.sumstats.gz ...
Read summary statistics for 1217311 SNPs.
After merging with summary statistics, 1030075 SNPs remain.
1025586 SNPs with valid alleles.

Heritability of phenotype 61/68
-------------------------------
Total Observed scale h2: 0.0315 (0.0074)
Lambda GC: 1.0496
Mean Chi^2: 1.0729
Intercept: 1.0217 (0.0079)
Ratio: 0.2983 (0.1081)

Genetic Covariance
------------------
Total Observed scale gencov: -0.0077 (0.0144)
Mean z1*z2: 0.0033
Intercept: 0.0073 (0.0048)

Genetic Correlation
-------------------
Genetic Correlation: -0.1049 (0.2016)
Z-score: -0.5202
P: 0.6029

Computing rg for phenotype 62/68
Reading summary statistics from ../output_sumstats/output_pmid29632382_T2d-BMIadj_eur.sumstats.gz ...
Read summary statistics for 1217311 SNPs.
After merging with summary statistics, 1030075 SNPs remain.
23942 SNPs with valid alleles.
WARNING: number of SNPs less than 200k; this is almost always bad.

Heritability of phenotype 62/68
-------------------------------
Total Observed scale h2: 0.1055 (0.0306)
Lambda GC: 1.2136
Mean Chi^2: 1.8239
Intercept: 1.0044 (0.104)
Ratio: 0.0054 (0.1262)

Genetic Covariance
------------------
Total Observed scale gencov: 0.0021 (0.0243)
Mean z1*z2: 0.0188
Intercept: 0.0161 (0.0227)

Genetic Correlation
-------------------
Genetic Correlation: 0.0119 (0.1413)
Z-score: 0.0844
P: 0.9328

Computing rg for phenotype 63/68
Reading summary statistics from ../output_sumstats/output_pmid30054458_T2d_eur.sumstats.gz ...
Read summary statistics for 1217311 SNPs.
After merging with summary statistics, 1030075 SNPs remain.
907072 SNPs with valid alleles.

Heritability of phenotype 63/68
-------------------------------
Total Observed scale h2: 0.0452 (0.0028)
Lambda GC: 1.4602
Mean Chi^2: 1.6785
Intercept: 1.0575 (0.0185)
Ratio: 0.0848 (0.0273)

Genetic Covariance
------------------
Total Observed scale gencov: 0.0121 (0.0078)
Mean z1*z2: 0.0255
Intercept: 0.0074 (0.0074)

Genetic Correlation
-------------------
Genetic Correlation: 0.1316 (0.0919)
Z-score: 1.4311
P: 0.1524

Computing rg for phenotype 64/68
Reading summary statistics from ../output_sumstats/output_pmid33111402_PD_eur.sumstats.gz ...
Read summary statistics for 1217311 SNPs.
After merging with summary statistics, 1030075 SNPs remain.
8989 SNPs with valid alleles.
WARNING: number of SNPs less than 200k; this is almost always bad.

Heritability of phenotype 64/68
-------------------------------
Total Observed scale h2: -2.9364 (1.2239)
Lambda GC: 0.9576
Mean Chi^2: 0.9494
Intercept: 1.1021 (0.0662)
Ratio: NA (mean chi^2 < 1)

Genetic Covariance
------------------
Total Observed scale gencov: 0.5067 (0.6522)
Mean z1*z2: 0.0259
Intercept: -0.0162 (0.0533)

Genetic Correlation
-------------------
Genetic Correlation: nan (nan) (h2  out of bounds) 
Z-score: nan (nan) (h2  out of bounds)
P: nan (nan) (h2  out of bounds)
WARNING: One of the h2's was out of bounds.
This usually indicates a data-munging error or that h2 or N is low.

Computing rg for phenotype 65/68
Reading summary statistics from ../output_sumstats/output_pmid33310728_RA_eur.sumstats.gz ...
Read summary statistics for 1217311 SNPs.
After merging with summary statistics, 1030075 SNPs remain.
1023432 SNPs with valid alleles.

Heritability of phenotype 65/68
-------------------------------
Total Observed scale h2: 0.036 (0.0042)
Lambda GC: 1.071
Mean Chi^2: 1.1943
Intercept: 0.9726 (0.0133)
Ratio < 0 (usually indicates GC correction).

Genetic Covariance
------------------
Total Observed scale gencov: 0.0027 (0.0075)
Mean z1*z2: 0.0037
Intercept: 0.0016 (0.0044)

Genetic Correlation
-------------------
Genetic Correlation: 0.0336 (0.0961)
Z-score: 0.35
P: 0.7263

Computing rg for phenotype 66/68
Reading summary statistics from ../output_sumstats/output_pmid33589841_LBD_eur.sumstats.gz ...
Read summary statistics for 1217311 SNPs.
After merging with summary statistics, 1030075 SNPs remain.
941619 SNPs with valid alleles.

Heritability of phenotype 66/68
-------------------------------
Total Observed scale h2: 0.1413 (0.083)
Lambda GC: 1.0195
Mean Chi^2: 1.0234
Intercept: 1.0046 (0.008)
Ratio: 0.1975 (0.3434)

Genetic Covariance
------------------
Total Observed scale gencov: -0.0301 (0.0477)
Mean z1*z2: -0.0015
Intercept: 0.0025 (0.0049)

Genetic Correlation
-------------------
Genetic Correlation: -0.1902 (0.295)
Z-score: -0.645
P: 0.5189

Computing rg for phenotype 67/68
Reading summary statistics from ../output_sumstats/output_pmid33987465_PD_eur.sumstats.gz ...
Read summary statistics for 1217311 SNPs.
After merging with summary statistics, 1030075 SNPs remain.
1024934 SNPs with valid alleles.

Heritability of phenotype 67/68
-------------------------------
Total Observed scale h2: 0.2775 (0.1518)
Lambda GC: 1.0046
Mean Chi^2: 1.0066
Intercept: 0.9909 (0.0064)
Ratio < 0 (usually indicates GC correction).

Genetic Covariance
------------------
Total Observed scale gencov: 0.0038 (0.0673)
Mean z1*z2: -0.0005
Intercept: -0.0008 (0.005)

Genetic Correlation
-------------------
Genetic Correlation: 0.0176 (0.3116)
Z-score: 0.0564
P: 0.9551

Computing rg for phenotype 68/68
Reading summary statistics from ../output_sumstats/output_pmid34737426_APH_eur.sumstats.gz ...
Read summary statistics for 1217311 SNPs.
After merging with summary statistics, 1030075 SNPs remain.
1012084 SNPs with valid alleles.

Heritability of phenotype 68/68
-------------------------------
Total Observed scale h2: -7.7449e-05 (0.001)
Lambda GC: 0.9957
Mean Chi^2: 0.9845
Intercept: 0.9852 (0.0069)
Ratio: NA (mean chi^2 < 1)

Genetic Covariance
------------------
Total Observed scale gencov: -0.0024 (0.0056)
Mean z1*z2: -0.0036
Intercept: -0.001 (0.0049)

Genetic Correlation
-------------------
Genetic Correlation: nan (nan) (h2  out of bounds) 
Z-score: nan (nan) (h2  out of bounds)
P: nan (nan) (h2  out of bounds)
WARNING: One of the h2's was out of bounds.
This usually indicates a data-munging error or that h2 or N is low.


Summary of Genetic Correlation Results
                                                              p1                                                                      p2       rg         se          z          p     h2_obs  h2_obs_se  h2_int h2_int_se   gcov_int gcov_int_se
 ../output_sumstats/output_pmid24816252_tyrosine_eur.sumstats.gz         ../output_sumstats/output_pmid24816252_tyrosine_eur.sumstats.gz        1  2.009e-06  4.977e+05          0     0.1747    0.07338   1.031  0.007336      1.031    0.007336
 ../output_sumstats/output_pmid24816252_tyrosine_eur.sumstats.gz               ../output_sumstats/output_pmid21833088_MS_eur.sumstats.gz  -0.1142      0.354    -0.3226      0.747     0.0653    0.02799   1.054  0.009029   0.002913    0.005555
 ../output_sumstats/output_pmid24816252_tyrosine_eur.sumstats.gz               ../output_sumstats/output_pmid24076602_MS_eur.sumstats.gz  -0.1852     0.9322    -0.1986     0.8425      1.525     0.2708   1.031   0.09023    0.02716     0.01965
 ../output_sumstats/output_pmid24816252_tyrosine_eur.sumstats.gz  ../output_sumstats/output_pmid24816252_acetylcarnitine_eur.sumstats.gz       NA         NA         NA         NA    -0.2399    0.08232   1.021  0.007636   0.004925    0.004346
 ../output_sumstats/output_pmid24816252_tyrosine_eur.sumstats.gz          ../output_sumstats/output_pmid24816252_alanine_eur.sumstats.gz   0.3012     0.1397      2.157    0.03103     0.5276    0.07069   1.012  0.006913     0.3101    0.004778
 ../output_sumstats/output_pmid24816252_tyrosine_eur.sumstats.gz         ../output_sumstats/output_pmid24816252_arginine_eur.sumstats.gz       NA         NA         NA         NA  -0.006049    0.06361   1.037  0.007251    0.04799    0.004167
 ../output_sumstats/output_pmid24816252_tyrosine_eur.sumstats.gz       ../output_sumstats/output_pmid24816252_asparagine_eur.sumstats.gz   0.1495     0.1516     0.9859     0.3242     0.4987    0.06618   1.019   0.00703    0.05999    0.004756
 ../output_sumstats/output_pmid24816252_tyrosine_eur.sumstats.gz      ../output_sumstats/output_pmid24816252_cholesterol_eur.sumstats.gz    0.478       0.34      1.406     0.1598     0.1371    0.07101   1.043  0.006758    0.04892    0.004359
 ../output_sumstats/output_pmid24816252_tyrosine_eur.sumstats.gz          ../output_sumstats/output_pmid24816252_citrate_eur.sumstats.gz  0.01171     0.1665    0.07033     0.9439     0.4515    0.07758   1.059  0.007794   -0.04326    0.004757
 ../output_sumstats/output_pmid24816252_tyrosine_eur.sumstats.gz        ../output_sumstats/output_pmid24816252_glutamate_eur.sumstats.gz   0.1248      0.233     0.5358     0.5921     0.1583    0.05728  0.9325  0.005978     0.2086    0.004359
 ../output_sumstats/output_pmid24816252_tyrosine_eur.sumstats.gz         ../output_sumstats/output_pmid24816252_glycerol_eur.sumstats.gz       NA         NA         NA         NA    -0.1305    0.06078   1.017  0.007018     0.1324     0.00442
 ../output_sumstats/output_pmid24816252_tyrosine_eur.sumstats.gz        ../output_sumstats/output_pmid24816252_histidine_eur.sumstats.gz   0.2049     0.1546      1.325      0.185     0.4424    0.07195   0.757  0.006326    0.09653    0.004098
 ../output_sumstats/output_pmid24816252_tyrosine_eur.sumstats.gz       ../output_sumstats/output_pmid24816252_isoleucine_eur.sumstats.gz       NA         NA         NA         NA    -0.2844    0.05918   1.001  0.006349     0.4199    0.005076
 ../output_sumstats/output_pmid24816252_tyrosine_eur.sumstats.gz    ../output_sumstats/output_pmid24816252_phenylalanine_eur.sumstats.gz   0.5953      0.126      4.723  2.321e-06     0.3394    0.04475  0.7761  0.005172     0.4517    0.004581
 ../output_sumstats/output_pmid24816252_tyrosine_eur.sumstats.gz          ../output_sumstats/output_pmid24816252_proline_eur.sumstats.gz   0.4897     0.1866      2.625   0.008671     0.3879    0.08827   1.036   0.01216     0.3381    0.005585
 ../output_sumstats/output_pmid24816252_tyrosine_eur.sumstats.gz         ../output_sumstats/output_pmid24816252_pyruvate_eur.sumstats.gz   0.1496     0.2836     0.5276     0.5978      0.137    0.05392   1.001  0.005646    0.09027    0.005103
 ../output_sumstats/output_pmid24816252_tyrosine_eur.sumstats.gz        ../output_sumstats/output_pmid24816252_threonine_eur.sumstats.gz   0.3943     0.5159     0.7642     0.4447    0.05403    0.08267   1.009  0.006536     0.1236    0.004514
 ../output_sumstats/output_pmid24816252_tyrosine_eur.sumstats.gz       ../output_sumstats/output_pmid24816252_tryptophan_eur.sumstats.gz   0.3406     0.0981      3.472   0.000516     0.9201    0.07416   1.049  0.007824     0.5474    0.005476
 ../output_sumstats/output_pmid24816252_tyrosine_eur.sumstats.gz             ../output_sumstats/output_pmid24816252_urea_eur.sumstats.gz       NA         NA         NA         NA   -0.08137    0.05293   1.013  0.006229     0.1233    0.004299
 ../output_sumstats/output_pmid24816252_tyrosine_eur.sumstats.gz               ../output_sumstats/output_pmid27386562_MS_eur.sumstats.gz  0.03255     0.1861     0.1749     0.8612     0.2309    0.04658   1.069   0.00867 -0.0006747    0.005191
 ../output_sumstats/output_pmid24816252_tyrosine_eur.sumstats.gz              ../output_sumstats/output_pmid27455348_ALS_eur.sumstats.gz -0.04627     0.2438    -0.1898     0.8495    0.04137    0.01302   1.002  0.006815   0.001637    0.004979
 ../output_sumstats/output_pmid24816252_tyrosine_eur.sumstats.gz            ../output_sumstats/output_pmid27989323_CTACK_eur.sumstats.gz       NA         NA         NA         NA         NA         NA      NA        NA         NA          NA
 ../output_sumstats/output_pmid24816252_tyrosine_eur.sumstats.gz             ../output_sumstats/output_pmid27989323_GCSF_eur.sumstats.gz    1.346      2.335     0.5765     0.5643    0.02023    0.05812   1.008  0.007908  -0.003398    0.004384
 ../output_sumstats/output_pmid24816252_tyrosine_eur.sumstats.gz             ../output_sumstats/output_pmid27989323_GROa_eur.sumstats.gz       NA         NA         NA         NA     -73.49      22.44   2.133    0.5225     -1.177       1.558
 ../output_sumstats/output_pmid24816252_tyrosine_eur.sumstats.gz              ../output_sumstats/output_pmid27989323_HGF_eur.sumstats.gz       NA         NA         NA         NA   -0.01964    0.05762   1.009  0.007962    0.00237    0.004957
 ../output_sumstats/output_pmid24816252_tyrosine_eur.sumstats.gz             ../output_sumstats/output_pmid27989323_IFNg_eur.sumstats.gz       NA         NA         NA         NA         NA         NA      NA        NA         NA          NA
 ../output_sumstats/output_pmid24816252_tyrosine_eur.sumstats.gz             ../output_sumstats/output_pmid27989323_IL10_eur.sumstats.gz       NA         NA         NA         NA   -0.01302    0.08825   1.018   0.01357 -9.264e-06    0.004045
 ../output_sumstats/output_pmid24816252_tyrosine_eur.sumstats.gz          ../output_sumstats/output_pmid27989323_IL12p70_eur.sumstats.gz       NA         NA         NA         NA   -0.03066     0.1141   1.036   0.02293   0.001106    0.004831
 ../output_sumstats/output_pmid24816252_tyrosine_eur.sumstats.gz             ../output_sumstats/output_pmid27989323_IL13_eur.sumstats.gz       NA         NA         NA         NA    -0.1681     0.1663   1.017   0.01285  0.0001939    0.004566
 ../output_sumstats/output_pmid24816252_tyrosine_eur.sumstats.gz             ../output_sumstats/output_pmid27989323_IL16_eur.sumstats.gz       NA         NA         NA         NA   -0.04992     0.1319  0.9933  0.007703   0.005774     0.00481
 ../output_sumstats/output_pmid24816252_tyrosine_eur.sumstats.gz             ../output_sumstats/output_pmid27989323_IL17_eur.sumstats.gz       NA         NA         NA         NA     -4.107      1.482   1.499    0.1364   0.007563     0.08427
 ../output_sumstats/output_pmid24816252_tyrosine_eur.sumstats.gz             ../output_sumstats/output_pmid27989323_IL18_eur.sumstats.gz       NA         NA         NA         NA     0.4099      0.585  0.9902   0.02368    0.01481    0.008264
 ../output_sumstats/output_pmid24816252_tyrosine_eur.sumstats.gz            ../output_sumstats/output_pmid27989323_IL1ra_eur.sumstats.gz    0.342      1.196     0.2858      0.775    0.04909     0.1362   1.006  0.008382   0.007053    0.004418
 ../output_sumstats/output_pmid24816252_tyrosine_eur.sumstats.gz              ../output_sumstats/output_pmid27989323_IL2_eur.sumstats.gz       NA         NA         NA         NA   -0.04561     0.1333   1.011  0.007875   0.007936    0.004441
 ../output_sumstats/output_pmid24816252_tyrosine_eur.sumstats.gz            ../output_sumstats/output_pmid27989323_IL2ra_eur.sumstats.gz  0.08662      1.016    0.08525     0.9321     0.0247     0.1174   1.005  0.007122   0.002392    0.004748
 ../output_sumstats/output_pmid24816252_tyrosine_eur.sumstats.gz              ../output_sumstats/output_pmid27989323_IL4_eur.sumstats.gz       NA         NA         NA         NA   -0.05576    0.05832   1.013  0.008281   0.005116    0.004477
 ../output_sumstats/output_pmid24816252_tyrosine_eur.sumstats.gz              ../output_sumstats/output_pmid27989323_IL5_eur.sumstats.gz       NA         NA         NA         NA    -0.1335       0.14   1.014  0.008358 -0.0004565    0.004442
 ../output_sumstats/output_pmid24816252_tyrosine_eur.sumstats.gz              ../output_sumstats/output_pmid27989323_IL6_eur.sumstats.gz       NA         NA         NA         NA  -0.007915     0.0573   1.009  0.007416   0.005751    0.004546
 ../output_sumstats/output_pmid24816252_tyrosine_eur.sumstats.gz              ../output_sumstats/output_pmid27989323_IL7_eur.sumstats.gz       NA         NA         NA         NA   -0.03867     0.1478   1.013  0.009485   0.002702     0.00467
 ../output_sumstats/output_pmid24816252_tyrosine_eur.sumstats.gz              ../output_sumstats/output_pmid27989323_IL8_eur.sumstats.gz       NA         NA         NA         NA   -0.04155     0.1303   1.009  0.007355  0.0009863      0.0045
 ../output_sumstats/output_pmid24816252_tyrosine_eur.sumstats.gz              ../output_sumstats/output_pmid27989323_IL9_eur.sumstats.gz       NA         NA         NA         NA    -0.1422     0.1325   1.012  0.007601   0.001667    0.004486
 ../output_sumstats/output_pmid24816252_tyrosine_eur.sumstats.gz             ../output_sumstats/output_pmid27989323_MCP1_eur.sumstats.gz  -0.2764     0.2495     -1.108     0.2679     0.1513    0.07194   0.997  0.008382    0.00529    0.004352
 ../output_sumstats/output_pmid24816252_tyrosine_eur.sumstats.gz             ../output_sumstats/output_pmid27989323_MCP3_eur.sumstats.gz       NA         NA         NA         NA    -0.9191     0.5644   1.013  0.008009   -0.01024    0.004692
 ../output_sumstats/output_pmid24816252_tyrosine_eur.sumstats.gz             ../output_sumstats/output_pmid27989323_MCSF_eur.sumstats.gz   0.7849      1.991     0.3943     0.6934     0.2348     0.5785  0.9881  0.007079   -0.00636    0.004545
 ../output_sumstats/output_pmid24816252_tyrosine_eur.sumstats.gz              ../output_sumstats/output_pmid27989323_MIF_eur.sumstats.gz   -0.641      0.696    -0.9209     0.3571    0.09759     0.1329   1.005  0.007471    0.01285    0.004524
 ../output_sumstats/output_pmid24816252_tyrosine_eur.sumstats.gz              ../output_sumstats/output_pmid27989323_MIG_eur.sumstats.gz       NA         NA         NA         NA    -0.1726     0.1277   1.017  0.006954  0.0006456    0.004622
 ../output_sumstats/output_pmid24816252_tyrosine_eur.sumstats.gz            ../output_sumstats/output_pmid27989323_MIP1a_eur.sumstats.gz       NA         NA         NA         NA   -0.07829     0.1426   1.005  0.007971 -0.0002087    0.004548
 ../output_sumstats/output_pmid24816252_tyrosine_eur.sumstats.gz            ../output_sumstats/output_pmid27989323_MIP1b_eur.sumstats.gz       NA         NA         NA         NA         NA         NA      NA        NA         NA          NA
 ../output_sumstats/output_pmid24816252_tyrosine_eur.sumstats.gz           ../output_sumstats/output_pmid27989323_PDGFbb_eur.sumstats.gz       NA         NA         NA         NA   -0.02063    0.06166   1.025  0.009485   0.002639    0.004453
 ../output_sumstats/output_pmid24816252_tyrosine_eur.sumstats.gz           ../output_sumstats/output_pmid27989323_RANTES_eur.sumstats.gz  -0.3259      0.463    -0.7039     0.4815     0.1259     0.1278  0.9985  0.007128   0.001144    0.004716
 ../output_sumstats/output_pmid24816252_tyrosine_eur.sumstats.gz              ../output_sumstats/output_pmid27989323_SCF_eur.sumstats.gz       NA         NA         NA         NA   -0.06397    0.05586    1.02  0.007141   0.001459    0.004664
 ../output_sumstats/output_pmid24816252_tyrosine_eur.sumstats.gz            ../output_sumstats/output_pmid27989323_SCGFb_eur.sumstats.gz       NA         NA         NA         NA         NA         NA      NA        NA         NA          NA
 ../output_sumstats/output_pmid24816252_tyrosine_eur.sumstats.gz             ../output_sumstats/output_pmid27989323_SDF1_eur.sumstats.gz       NA         NA         NA         NA         NA         NA      NA        NA         NA          NA
 ../output_sumstats/output_pmid24816252_tyrosine_eur.sumstats.gz             ../output_sumstats/output_pmid27989323_TNFa_eur.sumstats.gz       NA         NA         NA         NA  -0.006272     0.1405  0.9948  0.007299   0.006116    0.004721
 ../output_sumstats/output_pmid24816252_tyrosine_eur.sumstats.gz             ../output_sumstats/output_pmid27989323_TNFb_eur.sumstats.gz       NA         NA         NA         NA    -0.4134     0.3332   1.011  0.008366  -0.001613    0.004879
 ../output_sumstats/output_pmid24816252_tyrosine_eur.sumstats.gz            ../output_sumstats/output_pmid27989323_TRAIL_eur.sumstats.gz       NA         NA         NA         NA   -0.02053    0.05531    1.02   0.00989  -0.001924    0.004557
 ../output_sumstats/output_pmid24816252_tyrosine_eur.sumstats.gz             ../output_sumstats/output_pmid27989323_bNGF_eur.sumstats.gz    -0.19     0.3287     -0.578     0.5633     0.2428     0.1392  0.9954  0.007739   0.001752    0.004984
 ../output_sumstats/output_pmid24816252_tyrosine_eur.sumstats.gz          ../output_sumstats/output_pmid27989323_eotaxin_eur.sumstats.gz  -0.1072     0.3203    -0.3347     0.7378     0.1077    0.06667   1.006  0.007966   0.002863    0.004608
 ../output_sumstats/output_pmid24816252_tyrosine_eur.sumstats.gz             ../output_sumstats/output_pmid27989323_ip10_eur.sumstats.gz   0.8673     0.8882     0.9765     0.3288     0.0875     0.1314    1.01  0.007451  -0.001487    0.004556
 ../output_sumstats/output_pmid24816252_tyrosine_eur.sumstats.gz              ../output_sumstats/output_pmid29566793_ALS_eur.sumstats.gz  -0.1049     0.2016    -0.5202     0.6029    0.03147   0.007388   1.022  0.007879   0.007273    0.004832
 ../output_sumstats/output_pmid24816252_tyrosine_eur.sumstats.gz       ../output_sumstats/output_pmid29632382_T2d-BMIadj_eur.sumstats.gz  0.01193     0.1413    0.08438     0.9328     0.1055    0.03059   1.004     0.104    0.01606     0.02266
 ../output_sumstats/output_pmid24816252_tyrosine_eur.sumstats.gz              ../output_sumstats/output_pmid30054458_T2d_eur.sumstats.gz   0.1316    0.09192      1.431     0.1524    0.04517   0.002753   1.058   0.01854   0.007432    0.007446
 ../output_sumstats/output_pmid24816252_tyrosine_eur.sumstats.gz               ../output_sumstats/output_pmid33111402_PD_eur.sumstats.gz       NA         NA         NA         NA     -2.936      1.224   1.102   0.06623   -0.01622     0.05327
 ../output_sumstats/output_pmid24816252_tyrosine_eur.sumstats.gz               ../output_sumstats/output_pmid33310728_RA_eur.sumstats.gz  0.03363     0.0961       0.35     0.7263      0.036   0.004169  0.9726   0.01333    0.00165    0.004429
 ../output_sumstats/output_pmid24816252_tyrosine_eur.sumstats.gz              ../output_sumstats/output_pmid33589841_LBD_eur.sumstats.gz  -0.1902      0.295     -0.645     0.5189     0.1413    0.08297   1.005  0.008041   0.002513    0.004859
 ../output_sumstats/output_pmid24816252_tyrosine_eur.sumstats.gz               ../output_sumstats/output_pmid33987465_PD_eur.sumstats.gz  0.01757     0.3116    0.05637     0.9551     0.2775     0.1518  0.9909  0.006447 -0.0007815    0.004985
 ../output_sumstats/output_pmid24816252_tyrosine_eur.sumstats.gz              ../output_sumstats/output_pmid34737426_APH_eur.sumstats.gz       NA         NA         NA         NA -7.745e-05  0.0009752  0.9852  0.006882 -0.0009695    0.004888

Analysis finished at Sat Feb 24 07:51:35 2024
Total time elapsed: 10.0m:20.82s
