*********************************************************************
* LD Score Regression (LDSC)
* Version 1.0.1
* (C) 2014-2019 Brendan Bulik-Sullivan and Hilary Finucane
* Broad Institute of MIT and Harvard / MIT Department of Mathematics
* GNU General Public License v3
*********************************************************************
Call: 
./ldsc.py \
--ref-ld-chr ../input_files/eur_w_ld_chr/ \
--out ../output_ld_regression/output_pmid29566793_ALS_eur_ldReg \
--rg ../output_sumstats/output_pmid29566793_ALS_eur.sumstats.gz,../output_sumstats/output_pmid29566793_ALS_eur.sumstats.gz,../output_sumstats/output_pmid21833088_MS_eur.sumstats.gz,../output_sumstats/output_pmid24076602_MS_eur.sumstats.gz,../output_sumstats/output_pmid24816252_acetylcarnitine_eur.sumstats.gz,../output_sumstats/output_pmid24816252_alanine_eur.sumstats.gz,../output_sumstats/output_pmid24816252_arginine_eur.sumstats.gz,../output_sumstats/output_pmid24816252_asparagine_eur.sumstats.gz,../output_sumstats/output_pmid24816252_cholesterol_eur.sumstats.gz,../output_sumstats/output_pmid24816252_citrate_eur.sumstats.gz,../output_sumstats/output_pmid24816252_glutamate_eur.sumstats.gz,../output_sumstats/output_pmid24816252_glycerol_eur.sumstats.gz,../output_sumstats/output_pmid24816252_histidine_eur.sumstats.gz,../output_sumstats/output_pmid24816252_isoleucine_eur.sumstats.gz,../output_sumstats/output_pmid24816252_phenylalanine_eur.sumstats.gz,../output_sumstats/output_pmid24816252_proline_eur.sumstats.gz,../output_sumstats/output_pmid24816252_pyruvate_eur.sumstats.gz,../output_sumstats/output_pmid24816252_threonine_eur.sumstats.gz,../output_sumstats/output_pmid24816252_tryptophan_eur.sumstats.gz,../output_sumstats/output_pmid24816252_tyrosine_eur.sumstats.gz,../output_sumstats/output_pmid24816252_urea_eur.sumstats.gz,../output_sumstats/output_pmid27386562_MS_eur.sumstats.gz,../output_sumstats/output_pmid27455348_ALS_eur.sumstats.gz,../output_sumstats/output_pmid27989323_CTACK_eur.sumstats.gz,../output_sumstats/output_pmid27989323_GCSF_eur.sumstats.gz,../output_sumstats/output_pmid27989323_GROa_eur.sumstats.gz,../output_sumstats/output_pmid27989323_HGF_eur.sumstats.gz,../output_sumstats/output_pmid27989323_IFNg_eur.sumstats.gz,../output_sumstats/output_pmid27989323_IL10_eur.sumstats.gz,../output_sumstats/output_pmid27989323_IL12p70_eur.sumstats.gz,../output_sumstats/output_pmid27989323_IL13_eur.sumstats.gz,../output_sumstats/output_pmid27989323_IL16_eur.sumstats.gz,../output_sumstats/output_pmid27989323_IL17_eur.sumstats.gz,../output_sumstats/output_pmid27989323_IL18_eur.sumstats.gz,../output_sumstats/output_pmid27989323_IL1ra_eur.sumstats.gz,../output_sumstats/output_pmid27989323_IL2_eur.sumstats.gz,../output_sumstats/output_pmid27989323_IL2ra_eur.sumstats.gz,../output_sumstats/output_pmid27989323_IL4_eur.sumstats.gz,../output_sumstats/output_pmid27989323_IL5_eur.sumstats.gz,../output_sumstats/output_pmid27989323_IL6_eur.sumstats.gz,../output_sumstats/output_pmid27989323_IL7_eur.sumstats.gz,../output_sumstats/output_pmid27989323_IL8_eur.sumstats.gz,../output_sumstats/output_pmid27989323_IL9_eur.sumstats.gz,../output_sumstats/output_pmid27989323_MCP1_eur.sumstats.gz,../output_sumstats/output_pmid27989323_MCP3_eur.sumstats.gz,../output_sumstats/output_pmid27989323_MCSF_eur.sumstats.gz,../output_sumstats/output_pmid27989323_MIF_eur.sumstats.gz,../output_sumstats/output_pmid27989323_MIG_eur.sumstats.gz,../output_sumstats/output_pmid27989323_MIP1a_eur.sumstats.gz,../output_sumstats/output_pmid27989323_MIP1b_eur.sumstats.gz,../output_sumstats/output_pmid27989323_PDGFbb_eur.sumstats.gz,../output_sumstats/output_pmid27989323_RANTES_eur.sumstats.gz,../output_sumstats/output_pmid27989323_SCF_eur.sumstats.gz,../output_sumstats/output_pmid27989323_SCGFb_eur.sumstats.gz,../output_sumstats/output_pmid27989323_SDF1_eur.sumstats.gz,../output_sumstats/output_pmid27989323_TNFa_eur.sumstats.gz,../output_sumstats/output_pmid27989323_TNFb_eur.sumstats.gz,../output_sumstats/output_pmid27989323_TRAIL_eur.sumstats.gz,../output_sumstats/output_pmid27989323_bNGF_eur.sumstats.gz,../output_sumstats/output_pmid27989323_eotaxin_eur.sumstats.gz,../output_sumstats/output_pmid27989323_ip10_eur.sumstats.gz,../output_sumstats/output_pmid29632382_T2d-BMIadj_eur.sumstats.gz,../output_sumstats/output_pmid30054458_T2d_eur.sumstats.gz,../output_sumstats/output_pmid33111402_PD_eur.sumstats.gz,../output_sumstats/output_pmid33310728_RA_eur.sumstats.gz,../output_sumstats/output_pmid33589841_LBD_eur.sumstats.gz,../output_sumstats/output_pmid33987465_PD_eur.sumstats.gz,../output_sumstats/output_pmid34737426_APH_eur.sumstats.gz \
--w-ld-chr ../input_files/eur_w_ld_chr/ 

Beginning analysis at Sat Feb 24 22:07:25 2024
Reading summary statistics from ../output_sumstats/output_pmid29566793_ALS_eur.sumstats.gz ...
Read summary statistics for 1186568 SNPs.
Reading reference panel LD Score from ../input_files/eur_w_ld_chr/[1-22] ... (ldscore_fromlist)
Read reference panel LD Scores for 1290028 SNPs.
Removing partitioned LD Scores with zero variance.
Reading regression weight LD Score from ../input_files/eur_w_ld_chr/[1-22] ... (ldscore_fromlist)
Read regression weight LD Scores for 1290028 SNPs.
After merging with reference panel LD, 1175462 SNPs remain.
After merging with regression SNP LD, 1175462 SNPs remain.
Computing rg for phenotype 2/68
Reading summary statistics from ../output_sumstats/output_pmid29566793_ALS_eur.sumstats.gz ...
Read summary statistics for 1217311 SNPs.
After merging with summary statistics, 1175462 SNPs remain.
1175462 SNPs with valid alleles.

Heritability of phenotype 1
---------------------------
Total Observed scale h2: 0.0312 (0.0068)
Lambda GC: 1.0496
Mean Chi^2: 1.0735
Intercept: 1.0232 (0.0067)
Ratio: 0.316 (0.0917)

Heritability of phenotype 2/68
------------------------------
Total Observed scale h2: 0.0312 (0.0068)
Lambda GC: 1.0496
Mean Chi^2: 1.0735
Intercept: 1.0232 (0.0067)
Ratio: 0.316 (0.0917)

Genetic Covariance
------------------
Total Observed scale gencov: 0.0312 (0.0068)
Mean z1*z2: 1.0735
Intercept: 1.0232 (0.0067)

Genetic Correlation
-------------------
Genetic Correlation: 1. (5.3621e-06)
Z-score: 186493.9637
P: 0.

Computing rg for phenotype 3/68
Reading summary statistics from ../output_sumstats/output_pmid21833088_MS_eur.sumstats.gz ...
Read summary statistics for 1217311 SNPs.
After merging with summary statistics, 1175462 SNPs remain.
450398 SNPs with valid alleles.

Heritability of phenotype 3/68
------------------------------
Total Observed scale h2: 0.0562 (0.0282)
Lambda GC: 1.0405
Mean Chi^2: 1.0859
Intercept: 1.059 (0.0091)
Ratio: 0.687 (0.106)

Genetic Covariance
------------------
Total Observed scale gencov: 0.0079 (0.009)
Mean z1*z2: 0.0447
Intercept: 0.0382 (0.0059)

Genetic Correlation
-------------------
Genetic Correlation: 0.2042 (0.2473)
Z-score: 0.8256
P: 0.409

Computing rg for phenotype 4/68
Reading summary statistics from ../output_sumstats/output_pmid24076602_MS_eur.sumstats.gz ...
Read summary statistics for 1217311 SNPs.
After merging with summary statistics, 1175462 SNPs remain.
49706 SNPs with valid alleles.
WARNING: number of SNPs less than 200k; this is almost always bad.

Heritability of phenotype 4/68
------------------------------
Total Observed scale h2: 1.5374 (0.2568)
Lambda GC: 1.4602
Mean Chi^2: 2.1948
Intercept: 1.0374 (0.1037)
Ratio: 0.0313 (0.0868)

Genetic Covariance
------------------
Total Observed scale gencov: -0.0152 (0.043)
Mean z1*z2: -0.015
Intercept: 0.0121 (0.0229)

Genetic Correlation
-------------------
Genetic Correlation: -0.0408 (0.1186)
Z-score: -0.3438
P: 0.731

Computing rg for phenotype 5/68
Reading summary statistics from ../output_sumstats/output_pmid24816252_acetylcarnitine_eur.sumstats.gz ...
Read summary statistics for 1217311 SNPs.
After merging with summary statistics, 1175462 SNPs remain.
1025586 SNPs with valid alleles.

Heritability of phenotype 5/68
------------------------------
Total Observed scale h2: -0.2388 (0.0827)
Lambda GC: 0.9721
Mean Chi^2: 0.9856
Intercept: 1.0206 (0.0076)
Ratio: NA (mean chi^2 < 1)

Genetic Covariance
------------------
Total Observed scale gencov: 0.0141 (0.013)
Mean z1*z2: 0.0041
Intercept: -0.0026 (0.0045)

Genetic Correlation
-------------------
Genetic Correlation: nan (nan) (h2  out of bounds) 
Z-score: nan (nan) (h2  out of bounds)
P: nan (nan) (h2  out of bounds)
WARNING: One of the h2's was out of bounds.
This usually indicates a data-munging error or that h2 or N is low.

Computing rg for phenotype 6/68
Reading summary statistics from ../output_sumstats/output_pmid24816252_alanine_eur.sumstats.gz ...
Read summary statistics for 1217311 SNPs.
After merging with summary statistics, 1175462 SNPs remain.
1025586 SNPs with valid alleles.

Heritability of phenotype 6/68
------------------------------
Total Observed scale h2: 0.5329 (0.0724)
Lambda GC: 1.0618
Mean Chi^2: 1.0874
Intercept: 1.0106 (0.0071)
Ratio: 0.1219 (0.081)

Genetic Covariance
------------------
Total Observed scale gencov: -0.0441 (0.016)
Mean z1*z2: -0.0166
Intercept: 0.0045 (0.0052)

Genetic Correlation
-------------------
Genetic Correlation: -0.3402 (0.1242)
Z-score: -2.7398
P: 0.0061

Computing rg for phenotype 7/68
Reading summary statistics from ../output_sumstats/output_pmid24816252_arginine_eur.sumstats.gz ...
Read summary statistics for 1217311 SNPs.
After merging with summary statistics, 1175462 SNPs remain.
1025586 SNPs with valid alleles.

Heritability of phenotype 7/68
------------------------------
Total Observed scale h2: -0.0056 (0.0639)
Lambda GC: 1.0255
Mean Chi^2: 1.0366
Intercept: 1.0373 (0.0072)
Ratio: 1.0193 (0.197)

Genetic Covariance
------------------
Total Observed scale gencov: -0.0022 (0.0142)
Mean z1*z2: -0.0037
Intercept: -0.0028 (0.0049)

Genetic Correlation
-------------------
Genetic Correlation: nan (nan) (h2  out of bounds) 
Z-score: nan (nan) (h2  out of bounds)
P: nan (nan) (h2  out of bounds)
WARNING: One of the h2's was out of bounds.
This usually indicates a data-munging error or that h2 or N is low.

Computing rg for phenotype 8/68
Reading summary statistics from ../output_sumstats/output_pmid24816252_asparagine_eur.sumstats.gz ...
Read summary statistics for 1217311 SNPs.
After merging with summary statistics, 1175462 SNPs remain.
1025586 SNPs with valid alleles.

Heritability of phenotype 8/68
------------------------------
Total Observed scale h2: 0.4984 (0.0672)
Lambda GC: 1.0679
Mean Chi^2: 1.0904
Intercept: 1.0187 (0.0072)
Ratio: 0.2072 (0.0798)

Genetic Covariance
------------------
Total Observed scale gencov: -0.0015 (0.0136)
Mean z1*z2: -0.0045
Intercept: -0.0043 (0.0045)

Genetic Correlation
-------------------
Genetic Correlation: -0.0118 (0.109)
Z-score: -0.1079
P: 0.9141

Computing rg for phenotype 9/68
Reading summary statistics from ../output_sumstats/output_pmid24816252_cholesterol_eur.sumstats.gz ...
Read summary statistics for 1217311 SNPs.
After merging with summary statistics, 1175462 SNPs remain.
1025586 SNPs with valid alleles.

Heritability of phenotype 9/68
------------------------------
Total Observed scale h2: 0.1369 (0.0691)
Lambda GC: 1.0496
Mean Chi^2: 1.0635
Intercept: 1.0434 (0.0067)
Ratio: 0.6843 (0.1048)

Genetic Covariance
------------------
Total Observed scale gencov: -0.0071 (0.0147)
Mean z1*z2: -0.0014
Intercept: 0.0016 (0.0048)

Genetic Correlation
-------------------
Genetic Correlation: -0.1087 (0.2305)
Z-score: -0.4714
P: 0.6373

Computing rg for phenotype 10/68
Reading summary statistics from ../output_sumstats/output_pmid24816252_citrate_eur.sumstats.gz ...
Read summary statistics for 1217311 SNPs.
After merging with summary statistics, 1175462 SNPs remain.
1025586 SNPs with valid alleles.

Heritability of phenotype 10/68
-------------------------------
Total Observed scale h2: 0.4549 (0.0778)
Lambda GC: 1.0957
Mean Chi^2: 1.1225
Intercept: 1.0581 (0.0078)
Ratio: 0.4744 (0.0639)

Genetic Covariance
------------------
Total Observed scale gencov: -0.0294 (0.0151)
Mean z1*z2: -0.0088
Intercept: 0.0058 (0.0048)

Genetic Correlation
-------------------
Genetic Correlation: -0.2455 (0.1308)
Z-score: -1.8768
P: 0.0605

Computing rg for phenotype 11/68
Reading summary statistics from ../output_sumstats/output_pmid24816252_glutamate_eur.sumstats.gz ...
Read summary statistics for 1217311 SNPs.
After merging with summary statistics, 1175462 SNPs remain.
1025586 SNPs with valid alleles.

Heritability of phenotype 11/68
-------------------------------
Total Observed scale h2: 0.1585 (0.0571)
Lambda GC: 0.9576
Mean Chi^2: 0.9554
Intercept: 0.9326 (0.0061)
Ratio: NA (mean chi^2 < 1)

Genetic Covariance
------------------
Total Observed scale gencov: 0.0054 (0.0128)
Mean z1*z2: 0.0055
Intercept: 0.0027 (0.0046)

Genetic Correlation
-------------------
Genetic Correlation: 0.0762 (0.1857)
Z-score: 0.4103
P: 0.6816

Computing rg for phenotype 12/68
Reading summary statistics from ../output_sumstats/output_pmid24816252_glycerol_eur.sumstats.gz ...
Read summary statistics for 1217311 SNPs.
After merging with summary statistics, 1175462 SNPs remain.
1025586 SNPs with valid alleles.

Heritability of phenotype 12/68
-------------------------------
Total Observed scale h2: -0.134 (0.0596)
Lambda GC: 0.9868
Mean Chi^2: 0.9974
Intercept: 1.0169 (0.0068)
Ratio: NA (mean chi^2 < 1)

Genetic Covariance
------------------
Total Observed scale gencov: -0.0079 (0.0132)
Mean z1*z2: 0.0056
Intercept: 0.0094 (0.0043)

Genetic Correlation
-------------------
Genetic Correlation: nan (nan) (h2  out of bounds) 
Z-score: nan (nan) (h2  out of bounds)
P: nan (nan) (h2  out of bounds)
WARNING: One of the h2's was out of bounds.
This usually indicates a data-munging error or that h2 or N is low.

Computing rg for phenotype 13/68
Reading summary statistics from ../output_sumstats/output_pmid24816252_histidine_eur.sumstats.gz ...
Read summary statistics for 1217311 SNPs.
After merging with summary statistics, 1175462 SNPs remain.
1025586 SNPs with valid alleles.

Heritability of phenotype 13/68
-------------------------------
Total Observed scale h2: 0.4407 (0.07)
Lambda GC: 0.81
Mean Chi^2: 0.8189
Intercept: 0.7572 (0.0062)
Ratio: NA (mean chi^2 < 1)

Genetic Covariance
------------------
Total Observed scale gencov: 0.0085 (0.0127)
Mean z1*z2: 0.0011
Intercept: -0.0027 (0.0042)

Genetic Correlation
-------------------
Genetic Correlation: 0.0718 (0.1088)
Z-score: 0.6602
P: 0.5091

Computing rg for phenotype 14/68
Reading summary statistics from ../output_sumstats/output_pmid24816252_isoleucine_eur.sumstats.gz ...
Read summary statistics for 1217311 SNPs.
After merging with summary statistics, 1175462 SNPs remain.
1025586 SNPs with valid alleles.

Heritability of phenotype 14/68
-------------------------------
Total Observed scale h2: -0.2843 (0.0583)
Lambda GC: 0.9489
Mean Chi^2: 0.9592
Intercept: 1.0008 (0.0064)
Ratio: NA (mean chi^2 < 1)

Genetic Covariance
------------------
Total Observed scale gencov: -0.0171 (0.0116)
Mean z1*z2: 8.1916e-05
Intercept: 0.0085 (0.0042)

Genetic Correlation
-------------------
Genetic Correlation: nan (nan) (h2  out of bounds) 
Z-score: nan (nan) (h2  out of bounds)
P: nan (nan) (h2  out of bounds)
WARNING: One of the h2's was out of bounds.
This usually indicates a data-munging error or that h2 or N is low.

Computing rg for phenotype 15/68
Reading summary statistics from ../output_sumstats/output_pmid24816252_phenylalanine_eur.sumstats.gz ...
Read summary statistics for 1217311 SNPs.
After merging with summary statistics, 1175462 SNPs remain.
1025586 SNPs with valid alleles.

Heritability of phenotype 15/68
-------------------------------
Total Observed scale h2: 0.3373 (0.044)
Lambda GC: 0.8207
Mean Chi^2: 0.8233
Intercept: 0.7765 (0.0051)
Ratio: NA (mean chi^2 < 1)

Genetic Covariance
------------------
Total Observed scale gencov: -0.0086 (0.0119)
Mean z1*z2: -0.0012
Intercept: 0.0034 (0.0041)

Genetic Correlation
-------------------
Genetic Correlation: -0.0831 (0.1133)
Z-score: -0.7337
P: 0.4632

Computing rg for phenotype 16/68
Reading summary statistics from ../output_sumstats/output_pmid24816252_proline_eur.sumstats.gz ...
Read summary statistics for 1217311 SNPs.
After merging with summary statistics, 1175462 SNPs remain.
1025586 SNPs with valid alleles.

Heritability of phenotype 16/68
-------------------------------
Total Observed scale h2: 0.3834 (0.0881)
Lambda GC: 1.0649
Mean Chi^2: 1.0918
Intercept: 1.0363 (0.0123)
Ratio: 0.3958 (0.1336)

Genetic Covariance
------------------
Total Observed scale gencov: -0.0117 (0.0141)
Mean z1*z2: -0.002
Intercept: 0.0039 (0.0049)

Genetic Correlation
-------------------
Genetic Correlation: -0.1069 (0.1279)
Z-score: -0.8359
P: 0.4032

Computing rg for phenotype 17/68
Reading summary statistics from ../output_sumstats/output_pmid24816252_pyruvate_eur.sumstats.gz ...
Read summary statistics for 1217311 SNPs.
After merging with summary statistics, 1175462 SNPs remain.
1025586 SNPs with valid alleles.

Heritability of phenotype 17/68
-------------------------------
Total Observed scale h2: 0.1404 (0.0545)
Lambda GC: 1.0195
Mean Chi^2: 1.0204
Intercept: 1.0005 (0.0058)
Ratio: 0.025 (0.2852)

Genetic Covariance
------------------
Total Observed scale gencov: -0.0219 (0.0133)
Mean z1*z2: -0.0089
Intercept: 0.0014 (0.0048)

Genetic Correlation
-------------------
Genetic Correlation: -0.3301 (0.2145)
Z-score: -1.5389
P: 0.1238

Computing rg for phenotype 18/68
Reading summary statistics from ../output_sumstats/output_pmid24816252_threonine_eur.sumstats.gz ...
Read summary statistics for 1217311 SNPs.
After merging with summary statistics, 1175462 SNPs remain.
1025586 SNPs with valid alleles.

Heritability of phenotype 18/68
-------------------------------
Total Observed scale h2: 0.0563 (0.0843)
Lambda GC: 1.0016
Mean Chi^2: 1.0149
Intercept: 1.0085 (0.0066)
Ratio: 0.5691 (0.4458)

Genetic Covariance
------------------
Total Observed scale gencov: 0.0191 (0.0174)
Mean z1*z2: 0.0028
Intercept: -0.0054 (0.0051)

Genetic Correlation
-------------------
Genetic Correlation: 0.4527 (0.5753)
Z-score: 0.7868
P: 0.4314

Computing rg for phenotype 19/68
Reading summary statistics from ../output_sumstats/output_pmid24816252_tryptophan_eur.sumstats.gz ...
Read summary statistics for 1217311 SNPs.
After merging with summary statistics, 1175462 SNPs remain.
1025586 SNPs with valid alleles.

Heritability of phenotype 19/68
-------------------------------
Total Observed scale h2: 0.9222 (0.0753)
Lambda GC: 1.0864
Mean Chi^2: 1.1813
Intercept: 1.0488 (0.0078)
Ratio: 0.2692 (0.0428)

Genetic Covariance
------------------
Total Observed scale gencov: -0.0006 (0.015)
Mean z1*z2: 0.0011
Intercept: 0.0006 (0.0051)

Genetic Correlation
-------------------
Genetic Correlation: -0.0034 (0.088)
Z-score: -0.039
P: 0.9689

Computing rg for phenotype 20/68
Reading summary statistics from ../output_sumstats/output_pmid24816252_tyrosine_eur.sumstats.gz ...
Read summary statistics for 1217311 SNPs.
After merging with summary statistics, 1175462 SNPs remain.
1025586 SNPs with valid alleles.

Heritability of phenotype 20/68
-------------------------------
Total Observed scale h2: 0.17 (0.0713)
Lambda GC: 1.0466
Mean Chi^2: 1.0565
Intercept: 1.0318 (0.0072)
Ratio: 0.5626 (0.1272)

Genetic Covariance
------------------
Total Observed scale gencov: -0.0077 (0.0144)
Mean z1*z2: 0.0033
Intercept: 0.0073 (0.0048)

Genetic Correlation
-------------------
Genetic Correlation: -0.1049 (0.2016)
Z-score: -0.5202
P: 0.6029

Computing rg for phenotype 21/68
Reading summary statistics from ../output_sumstats/output_pmid24816252_urea_eur.sumstats.gz ...
Read summary statistics for 1217311 SNPs.
After merging with summary statistics, 1175462 SNPs remain.
1025586 SNPs with valid alleles.

Heritability of phenotype 21/68
-------------------------------
Total Observed scale h2: -0.0823 (0.0536)
Lambda GC: 0.9898
Mean Chi^2: 1.001
Intercept: 1.013 (0.0063)
Ratio: 12.5453 (6.0789)

Genetic Covariance
------------------
Total Observed scale gencov: 0.0054 (0.0149)
Mean z1*z2: -0.0018
Intercept: -0.0041 (0.0054)

Genetic Correlation
-------------------
Genetic Correlation: nan (nan) (h2  out of bounds) 
Z-score: nan (nan) (h2  out of bounds)
P: nan (nan) (h2  out of bounds)
WARNING: One of the h2's was out of bounds.
This usually indicates a data-munging error or that h2 or N is low.

Computing rg for phenotype 22/68
Reading summary statistics from ../output_sumstats/output_pmid27386562_MS_eur.sumstats.gz ...
Read summary statistics for 1217311 SNPs.
After merging with summary statistics, 1175462 SNPs remain.
1140128 SNPs with valid alleles.

Heritability of phenotype 22/68
-------------------------------
Total Observed scale h2: 0.243 (0.0474)
Lambda GC: 1.1207
Mean Chi^2: 1.1413
Intercept: 1.0663 (0.0086)
Ratio: 0.469 (0.0612)

Genetic Covariance
------------------
Total Observed scale gencov: -0.0274 (0.0114)
Mean z1*z2: -0.0293
Intercept: -0.0083 (0.0054)

Genetic Correlation
-------------------
Genetic Correlation: -0.3089 (0.1368)
Z-score: -2.2576
P: 0.024

Computing rg for phenotype 23/68
Reading summary statistics from ../output_sumstats/output_pmid27455348_ALS_eur.sumstats.gz ...
Read summary statistics for 1217311 SNPs.
After merging with summary statistics, 1175462 SNPs remain.
1159863 SNPs with valid alleles.

Heritability of phenotype 23/68
-------------------------------
Total Observed scale h2: 0.0492 (0.0127)
Lambda GC: 1.0285
Mean Chi^2: 1.0328
Intercept: 0.998 (0.0061)
Ratio < 0 (usually indicates GC correction).

Genetic Covariance
------------------
Total Observed scale gencov: 0.0301 (0.0089)
Mean z1*z2: 0.8281
Intercept: 0.7954 (0.0064)

Genetic Correlation
-------------------
Genetic Correlation: 0.7465 (0.0729)
Z-score: 10.2409
P: 1.3007e-24

Computing rg for phenotype 24/68
Reading summary statistics from ../output_sumstats/output_pmid27989323_CTACK_eur.sumstats.gz ...
Read summary statistics for 1217311 SNPs.
After merging with summary statistics, 1175462 SNPs remain.
1160300 SNPs with valid alleles.

Heritability of phenotype 24/68
-------------------------------
Total Observed scale h2: -0.0122 (0.1163)
Lambda GC: 0.9957
Mean Chi^2: 1.0029
Intercept: 1.0038 (0.0069)
Ratio: 1.3049 (2.3897)

Genetic Covariance
------------------
Total Observed scale gencov: 0.0275 (0.0191)
Mean z1*z2: 0.004
Intercept: -0.0057 (0.0046)

Genetic Correlation
-------------------
Genetic Correlation: nan (nan) (h2  out of bounds) 
Z-score: nan (nan) (h2  out of bounds)
P: nan (nan) (h2  out of bounds)
WARNING: One of the h2's was out of bounds.
This usually indicates a data-munging error or that h2 or N is low.

Computing rg for phenotype 25/68
Reading summary statistics from ../output_sumstats/output_pmid27989323_GCSF_eur.sumstats.gz ...
Read summary statistics for 1217311 SNPs.
After merging with summary statistics, 1175462 SNPs remain.
1161162 SNPs with valid alleles.

Heritability of phenotype 25/68
-------------------------------
Total Observed scale h2: 0.0256 (0.0611)
Lambda GC: 1.0165
Mean Chi^2: 1.0106
Intercept: 1.0066 (0.0079)
Ratio: 0.6211 (0.7447)

Genetic Covariance
------------------
Total Observed scale gencov: 0.013 (0.013)
Mean z1*z2: 0.0014
Intercept: -0.0051 (0.0046)

Genetic Correlation
-------------------
Genetic Correlation: 0.455 (0.7931)
Z-score: 0.5737
P: 0.5662

Computing rg for phenotype 26/68
Reading summary statistics from ../output_sumstats/output_pmid27989323_GROa_eur.sumstats.gz ...
Read summary statistics for 1217311 SNPs.
After merging with summary statistics, 1175462 SNPs remain.
62 SNPs with valid alleles.
WARNING: number of SNPs less than 200k; this is almost always bad.

Heritability of phenotype 26/68
-------------------------------
Total Observed scale h2: -51.0994 (21.442)
Lambda GC: 0.3208
Mean Chi^2: 0.4228
Intercept: 1.5228 (0.4952)
Ratio: NA (mean chi^2 < 1)

Genetic Covariance
------------------
Total Observed scale gencov: -3.9068 (6.7467)
Mean z1*z2: -0.0643
Intercept: 0.3275 (0.7203)

Genetic Correlation
-------------------
Genetic Correlation: nan (nan) (h2  out of bounds) 
Z-score: nan (nan) (h2  out of bounds)
P: nan (nan) (h2  out of bounds)
WARNING: One of the h2's was out of bounds.
This usually indicates a data-munging error or that h2 or N is low.

Computing rg for phenotype 27/68
Reading summary statistics from ../output_sumstats/output_pmid27989323_HGF_eur.sumstats.gz ...
Read summary statistics for 1217311 SNPs.
After merging with summary statistics, 1175462 SNPs remain.
1161210 SNPs with valid alleles.

Heritability of phenotype 27/68
-------------------------------
Total Observed scale h2: -0.0261 (0.0591)
Lambda GC: 1.0046
Mean Chi^2: 1.0063
Intercept: 1.0106 (0.0081)
Ratio: 1.6789 (1.288)

Genetic Covariance
------------------
Total Observed scale gencov: -0.0028 (0.0128)
Mean z1*z2: -0.0018
Intercept: -0.0004 (0.0042)

Genetic Correlation
-------------------
Genetic Correlation: nan (nan) (h2  out of bounds) 
Z-score: nan (nan) (h2  out of bounds)
P: nan (nan) (h2  out of bounds)
WARNING: One of the h2's was out of bounds.
This usually indicates a data-munging error or that h2 or N is low.

Computing rg for phenotype 28/68
Reading summary statistics from ../output_sumstats/output_pmid27989323_IFNg_eur.sumstats.gz ...
Read summary statistics for 1217311 SNPs.
After merging with summary statistics, 1175462 SNPs remain.
1161160 SNPs with valid alleles.
ERROR computing rg for phenotype 28/68, from file ../output_sumstats/output_pmid27989323_IFNg_eur.sumstats.gz.
Traceback (most recent call last):
  File "/Users/as/Documents/UNI/Bioinformatik/2023:24_WS/GoBi_Lokal/BlockTeil_Metabolomics/ldsc/ldscore/sumstats.py", line 410, in estimate_rg
    rghat = _rg(loop, args, log, M_annot, ref_ld_cnames, w_ld_cname, i)
  File "/Users/as/Documents/UNI/Bioinformatik/2023:24_WS/GoBi_Lokal/BlockTeil_Metabolomics/ldsc/ldscore/sumstats.py", line 539, in _rg
    intercept_gencov=intercepts[2], n_blocks=n_blocks, twostep=args.two_step)
  File "/Users/as/Documents/UNI/Bioinformatik/2023:24_WS/GoBi_Lokal/BlockTeil_Metabolomics/ldsc/ldscore/regressions.py", line 705, in __init__
    np.multiply(hsq1.tot_delete_values, hsq2.tot_delete_values))
FloatingPointError: invalid value encountered in sqrt


Computing rg for phenotype 29/68
Reading summary statistics from ../output_sumstats/output_pmid27989323_IL10_eur.sumstats.gz ...
Read summary statistics for 1217311 SNPs.
After merging with summary statistics, 1175462 SNPs remain.
1161314 SNPs with valid alleles.

Heritability of phenotype 29/68
-------------------------------
Total Observed scale h2: -0.0028 (0.0789)
Lambda GC: 1.0016
Mean Chi^2: 1.0167
Intercept: 1.0171 (0.0124)
Ratio: 1.0264 (0.7444)

Genetic Covariance
------------------
Total Observed scale gencov: -0.0074 (0.0141)
Mean z1*z2: -0.0026
Intercept: 0.0009 (0.0049)

Genetic Correlation
-------------------
Genetic Correlation: nan (nan) (h2  out of bounds) 
Z-score: nan (nan) (h2  out of bounds)
P: nan (nan) (h2  out of bounds)
WARNING: One of the h2's was out of bounds.
This usually indicates a data-munging error or that h2 or N is low.

Computing rg for phenotype 30/68
Reading summary statistics from ../output_sumstats/output_pmid27989323_IL12p70_eur.sumstats.gz ...
Read summary statistics for 1217311 SNPs.
After merging with summary statistics, 1175462 SNPs remain.
1161136 SNPs with valid alleles.

Heritability of phenotype 30/68
-------------------------------
Total Observed scale h2: -0.0188 (0.0903)
Lambda GC: 1.0255
Mean Chi^2: 1.0306
Intercept: 1.0337 (0.0196)
Ratio: 1.1007 (0.6416)

Genetic Covariance
------------------
Total Observed scale gencov: -0.0012 (0.0148)
Mean z1*z2: 0.0011
Intercept: 0.0018 (0.0053)

Genetic Correlation
-------------------
Genetic Correlation: nan (nan) (h2  out of bounds) 
Z-score: nan (nan) (h2  out of bounds)
P: nan (nan) (h2  out of bounds)
WARNING: One of the h2's was out of bounds.
This usually indicates a data-munging error or that h2 or N is low.

Computing rg for phenotype 31/68
Reading summary statistics from ../output_sumstats/output_pmid27989323_IL13_eur.sumstats.gz ...
Read summary statistics for 1217311 SNPs.
After merging with summary statistics, 1175462 SNPs remain.
1159972 SNPs with valid alleles.

Heritability of phenotype 31/68
-------------------------------
Total Observed scale h2: -0.15 (0.1608)
Lambda GC: 1.0046
Mean Chi^2: 1.0051
Intercept: 1.0157 (0.0124)
Ratio: 3.0587 (2.4154)

Genetic Covariance
------------------
Total Observed scale gencov: -0.0231 (0.0208)
Mean z1*z2: -0.0072
Intercept: 0.0009 (0.0051)

Genetic Correlation
-------------------
Genetic Correlation: nan (nan) (h2  out of bounds) 
Z-score: nan (nan) (h2  out of bounds)
P: nan (nan) (h2  out of bounds)
WARNING: One of the h2's was out of bounds.
This usually indicates a data-munging error or that h2 or N is low.

Computing rg for phenotype 32/68
Reading summary statistics from ../output_sumstats/output_pmid27989323_IL16_eur.sumstats.gz ...
Read summary statistics for 1217311 SNPs.
After merging with summary statistics, 1175462 SNPs remain.
1160200 SNPs with valid alleles.

Heritability of phenotype 32/68
-------------------------------
Total Observed scale h2: -0.0711 (0.131)
Lambda GC: 0.9898
Mean Chi^2: 0.9902
Intercept: 0.9951 (0.0075)
Ratio: NA (mean chi^2 < 1)

Genetic Covariance
------------------
Total Observed scale gencov: 0.0014 (0.0193)
Mean z1*z2: -0.0019
Intercept: -0.0018 (0.0047)

Genetic Correlation
-------------------
Genetic Correlation: nan (nan) (h2  out of bounds) 
Z-score: nan (nan) (h2  out of bounds)
P: nan (nan) (h2  out of bounds)
WARNING: One of the h2's was out of bounds.
This usually indicates a data-munging error or that h2 or N is low.

Computing rg for phenotype 33/68
Reading summary statistics from ../output_sumstats/output_pmid27989323_IL17_eur.sumstats.gz ...
Read summary statistics for 1217311 SNPs.
After merging with summary statistics, 1175462 SNPs remain.
2117 SNPs with valid alleles.
WARNING: number of SNPs less than 200k; this is almost always bad.

Heritability of phenotype 33/68
-------------------------------
Total Observed scale h2: -3.1384 (1.3934)
Lambda GC: 1.1301
Mean Chi^2: 1.1911
Intercept: 1.458 (0.1364)
Ratio: 2.3971 (0.7137)

Genetic Covariance
------------------
Total Observed scale gencov: 0.8862 (0.3161)
Mean z1*z2: 0.1103
Intercept: -0.1163 (0.0886)

Genetic Correlation
-------------------
Genetic Correlation: nan (nan) (h2  out of bounds) 
Z-score: nan (nan) (h2  out of bounds)
P: nan (nan) (h2  out of bounds)
WARNING: One of the h2's was out of bounds.
This usually indicates a data-munging error or that h2 or N is low.

Computing rg for phenotype 34/68
Reading summary statistics from ../output_sumstats/output_pmid27989323_IL18_eur.sumstats.gz ...
Read summary statistics for 1217311 SNPs.
After merging with summary statistics, 1175462 SNPs remain.
388135 SNPs with valid alleles.
ERROR computing rg for phenotype 34/68, from file ../output_sumstats/output_pmid27989323_IL18_eur.sumstats.gz.
Traceback (most recent call last):
  File "/Users/as/Documents/UNI/Bioinformatik/2023:24_WS/GoBi_Lokal/BlockTeil_Metabolomics/ldsc/ldscore/sumstats.py", line 410, in estimate_rg
    rghat = _rg(loop, args, log, M_annot, ref_ld_cnames, w_ld_cname, i)
  File "/Users/as/Documents/UNI/Bioinformatik/2023:24_WS/GoBi_Lokal/BlockTeil_Metabolomics/ldsc/ldscore/sumstats.py", line 539, in _rg
    intercept_gencov=intercepts[2], n_blocks=n_blocks, twostep=args.two_step)
  File "/Users/as/Documents/UNI/Bioinformatik/2023:24_WS/GoBi_Lokal/BlockTeil_Metabolomics/ldsc/ldscore/regressions.py", line 705, in __init__
    np.multiply(hsq1.tot_delete_values, hsq2.tot_delete_values))
FloatingPointError: invalid value encountered in sqrt


Computing rg for phenotype 35/68
Reading summary statistics from ../output_sumstats/output_pmid27989323_IL1ra_eur.sumstats.gz ...
Read summary statistics for 1217311 SNPs.
After merging with summary statistics, 1175462 SNPs remain.
1160306 SNPs with valid alleles.
ERROR computing rg for phenotype 35/68, from file ../output_sumstats/output_pmid27989323_IL1ra_eur.sumstats.gz.
Traceback (most recent call last):
  File "/Users/as/Documents/UNI/Bioinformatik/2023:24_WS/GoBi_Lokal/BlockTeil_Metabolomics/ldsc/ldscore/sumstats.py", line 410, in estimate_rg
    rghat = _rg(loop, args, log, M_annot, ref_ld_cnames, w_ld_cname, i)
  File "/Users/as/Documents/UNI/Bioinformatik/2023:24_WS/GoBi_Lokal/BlockTeil_Metabolomics/ldsc/ldscore/sumstats.py", line 539, in _rg
    intercept_gencov=intercepts[2], n_blocks=n_blocks, twostep=args.two_step)
  File "/Users/as/Documents/UNI/Bioinformatik/2023:24_WS/GoBi_Lokal/BlockTeil_Metabolomics/ldsc/ldscore/regressions.py", line 705, in __init__
    np.multiply(hsq1.tot_delete_values, hsq2.tot_delete_values))
FloatingPointError: invalid value encountered in sqrt


Computing rg for phenotype 36/68
Reading summary statistics from ../output_sumstats/output_pmid27989323_IL2_eur.sumstats.gz ...
Read summary statistics for 1217311 SNPs.
After merging with summary statistics, 1175462 SNPs remain.
1159817 SNPs with valid alleles.

Heritability of phenotype 36/68
-------------------------------
Total Observed scale h2: -0.0763 (0.1294)
Lambda GC: 1.0165
Mean Chi^2: 1.0071
Intercept: 1.0124 (0.0071)
Ratio: 1.7429 (0.9987)

Genetic Covariance
------------------
Total Observed scale gencov: 0.0079 (0.0181)
Mean z1*z2: -0.0007
Intercept: -0.0033 (0.0045)

Genetic Correlation
-------------------
Genetic Correlation: nan (nan) (h2  out of bounds) 
Z-score: nan (nan) (h2  out of bounds)
P: nan (nan) (h2  out of bounds)
WARNING: One of the h2's was out of bounds.
This usually indicates a data-munging error or that h2 or N is low.

Computing rg for phenotype 37/68
Reading summary statistics from ../output_sumstats/output_pmid27989323_IL2ra_eur.sumstats.gz ...
Read summary statistics for 1217311 SNPs.
After merging with summary statistics, 1175462 SNPs remain.
1160377 SNPs with valid alleles.

Heritability of phenotype 37/68
-------------------------------
Total Observed scale h2: 0.0563 (0.1184)
Lambda GC: 1.0105
Mean Chi^2: 1.0078
Intercept: 1.0038 (0.0067)
Ratio: 0.4846 (0.8521)

Genetic Covariance
------------------
Total Observed scale gencov: 0.022 (0.0163)
Mean z1*z2: 0.0044
Intercept: -0.003 (0.004)

Genetic Correlation
-------------------
Genetic Correlation: 0.5172 (0.6795)
Z-score: 0.7611
P: 0.4466

Computing rg for phenotype 38/68
Reading summary statistics from ../output_sumstats/output_pmid27989323_IL4_eur.sumstats.gz ...
Read summary statistics for 1217311 SNPs.
After merging with summary statistics, 1175462 SNPs remain.
1160946 SNPs with valid alleles.

Heritability of phenotype 38/68
-------------------------------
Total Observed scale h2: -0.0401 (0.0607)
Lambda GC: 1.0016
Mean Chi^2: 1.0034
Intercept: 1.0098 (0.0081)
Ratio: 2.9286 (2.4045)

Genetic Covariance
------------------
Total Observed scale gencov: 0.0063 (0.0127)
Mean z1*z2: 0.0024
Intercept: -0.0011 (0.0047)

Genetic Correlation
-------------------
Genetic Correlation: nan (nan) (h2  out of bounds) 
Z-score: nan (nan) (h2  out of bounds)
P: nan (nan) (h2  out of bounds)
WARNING: One of the h2's was out of bounds.
This usually indicates a data-munging error or that h2 or N is low.

Computing rg for phenotype 39/68
Reading summary statistics from ../output_sumstats/output_pmid27989323_IL5_eur.sumstats.gz ...
Read summary statistics for 1217311 SNPs.
After merging with summary statistics, 1175462 SNPs remain.
1158470 SNPs with valid alleles.

Heritability of phenotype 39/68
-------------------------------
Total Observed scale h2: -0.1087 (0.1391)
Lambda GC: 1.0075
Mean Chi^2: 1.0034
Intercept: 1.0107 (0.0075)
Ratio: 3.1171 (2.1752)

Genetic Covariance
------------------
Total Observed scale gencov: 0.0272 (0.0216)
Mean z1*z2: 0.0055
Intercept: -0.0034 (0.005)

Genetic Correlation
-------------------
Genetic Correlation: nan (nan) (h2  out of bounds) 
Z-score: nan (nan) (h2  out of bounds)
P: nan (nan) (h2  out of bounds)
WARNING: One of the h2's was out of bounds.
This usually indicates a data-munging error or that h2 or N is low.

Computing rg for phenotype 40/68
Reading summary statistics from ../output_sumstats/output_pmid27989323_IL6_eur.sumstats.gz ...
Read summary statistics for 1217311 SNPs.
After merging with summary statistics, 1175462 SNPs remain.
1161253 SNPs with valid alleles.

Heritability of phenotype 40/68
-------------------------------
Total Observed scale h2: -0.0024 (0.0563)
Lambda GC: 1.0105
Mean Chi^2: 1.0071
Intercept: 1.0075 (0.0069)
Ratio: 1.0543 (0.9622)

Genetic Covariance
------------------
Total Observed scale gencov: 0.0022 (0.0138)
Mean z1*z2: 0.0019
Intercept: 0.0005 (0.005)

Genetic Correlation
-------------------
Genetic Correlation: nan (nan) (h2  out of bounds) 
Z-score: nan (nan) (h2  out of bounds)
P: nan (nan) (h2  out of bounds)
WARNING: One of the h2's was out of bounds.
This usually indicates a data-munging error or that h2 or N is low.

Computing rg for phenotype 41/68
Reading summary statistics from ../output_sumstats/output_pmid27989323_IL7_eur.sumstats.gz ...
Read summary statistics for 1217311 SNPs.
After merging with summary statistics, 1175462 SNPs remain.
1160762 SNPs with valid alleles.

Heritability of phenotype 41/68
-------------------------------
Total Observed scale h2: -0.0199 (0.1583)
Lambda GC: 1.0046
Mean Chi^2: 1.0103
Intercept: 1.0116 (0.0089)
Ratio: 1.1311 (0.869)

Genetic Covariance
------------------
Total Observed scale gencov: 0.0294 (0.0191)
Mean z1*z2: -9.6788e-05
Intercept: -0.0097 (0.0046)

Genetic Correlation
-------------------
Genetic Correlation: nan (nan) (h2  out of bounds) 
Z-score: nan (nan) (h2  out of bounds)
P: nan (nan) (h2  out of bounds)
WARNING: One of the h2's was out of bounds.
This usually indicates a data-munging error or that h2 or N is low.

Computing rg for phenotype 42/68
Reading summary statistics from ../output_sumstats/output_pmid27989323_IL8_eur.sumstats.gz ...
Read summary statistics for 1217311 SNPs.
After merging with summary statistics, 1175462 SNPs remain.
1159413 SNPs with valid alleles.

Heritability of phenotype 42/68
-------------------------------
Total Observed scale h2: -0.0246 (0.1262)
Lambda GC: 1.0016
Mean Chi^2: 1.0056
Intercept: 1.0074 (0.0069)
Ratio: 1.3063 (1.2168)

Genetic Covariance
------------------
Total Observed scale gencov: 0.0239 (0.0182)
Mean z1*z2: 0.0037
Intercept: -0.0042 (0.004)

Genetic Correlation
-------------------
Genetic Correlation: nan (nan) (h2  out of bounds) 
Z-score: nan (nan) (h2  out of bounds)
P: nan (nan) (h2  out of bounds)
WARNING: One of the h2's was out of bounds.
This usually indicates a data-munging error or that h2 or N is low.

Computing rg for phenotype 43/68
Reading summary statistics from ../output_sumstats/output_pmid27989323_IL9_eur.sumstats.gz ...
Read summary statistics for 1217311 SNPs.
After merging with summary statistics, 1175462 SNPs remain.
1160313 SNPs with valid alleles.

Heritability of phenotype 43/68
-------------------------------
Total Observed scale h2: -0.166 (0.1234)
Lambda GC: 1.0135
Mean Chi^2: 1.0008
Intercept: 1.0128 (0.007)
Ratio: 15.7799 (8.6538)

Genetic Covariance
------------------
Total Observed scale gencov: 0.0019 (0.0176)
Mean z1*z2: -0.0008
Intercept: -0.0014 (0.0046)

Genetic Correlation
-------------------
Genetic Correlation: nan (nan) (h2  out of bounds) 
Z-score: nan (nan) (h2  out of bounds)
P: nan (nan) (h2  out of bounds)
WARNING: One of the h2's was out of bounds.
This usually indicates a data-munging error or that h2 or N is low.

Computing rg for phenotype 44/68
Reading summary statistics from ../output_sumstats/output_pmid27989323_MCP1_eur.sumstats.gz ...
Read summary statistics for 1217311 SNPs.
After merging with summary statistics, 1175462 SNPs remain.
1161315 SNPs with valid alleles.

Heritability of phenotype 44/68
-------------------------------
Total Observed scale h2: 0.1707 (0.0833)
Lambda GC: 1.0105
Mean Chi^2: 1.0226
Intercept: 0.9947 (0.0081)
Ratio < 0 (usually indicates GC correction).

Genetic Covariance
------------------
Total Observed scale gencov: 0.001 (0.0124)
Mean z1*z2: 0.0006
Intercept: -0.0003 (0.0046)

Genetic Correlation
-------------------
Genetic Correlation: 0.0131 (0.1689)
Z-score: 0.0775
P: 0.9382

Computing rg for phenotype 45/68
Reading summary statistics from ../output_sumstats/output_pmid27989323_MCP3_eur.sumstats.gz ...
Read summary statistics for 1217311 SNPs.
After merging with summary statistics, 1175462 SNPs remain.
1123692 SNPs with valid alleles.

Heritability of phenotype 45/68
-------------------------------
Total Observed scale h2: -0.8426 (0.5731)
Lambda GC: 0.9986
Mean Chi^2: 0.9988
Intercept: 1.0131 (0.0079)
Ratio: NA (mean chi^2 < 1)

Genetic Covariance
------------------
Total Observed scale gencov: -0.0009 (0.0403)
Mean z1*z2: 0.0085
Intercept: 0.009 (0.0053)

Genetic Correlation
-------------------
Genetic Correlation: nan (nan) (h2  out of bounds) 
Z-score: nan (nan) (h2  out of bounds)
P: nan (nan) (h2  out of bounds)
WARNING: One of the h2's was out of bounds.
This usually indicates a data-munging error or that h2 or N is low.

Computing rg for phenotype 46/68
Reading summary statistics from ../output_sumstats/output_pmid27989323_MCSF_eur.sumstats.gz ...
Read summary statistics for 1217311 SNPs.
After merging with summary statistics, 1175462 SNPs remain.
1157709 SNPs with valid alleles.

Heritability of phenotype 46/68
-------------------------------
Total Observed scale h2: 0.139 (0.5094)
Lambda GC: 0.9986
Mean Chi^2: 0.9932
Intercept: 0.9909 (0.0068)
Ratio: NA (mean chi^2 < 1)

Genetic Covariance
------------------
Total Observed scale gencov: 0.0117 (0.0371)
Mean z1*z2: 0.0005
Intercept: -0.0011 (0.0046)

Genetic Correlation
-------------------
Genetic Correlation: 0.1754 (1.2702)
Z-score: 0.138
P: 0.8902

Computing rg for phenotype 47/68
Reading summary statistics from ../output_sumstats/output_pmid27989323_MIF_eur.sumstats.gz ...
Read summary statistics for 1217311 SNPs.
After merging with summary statistics, 1175462 SNPs remain.
1160301 SNPs with valid alleles.

Heritability of phenotype 47/68
-------------------------------
Total Observed scale h2: 0.0869 (0.1339)
Lambda GC: 1.0105
Mean Chi^2: 1.0112
Intercept: 1.0052 (0.007)
Ratio: 0.4606 (0.6208)

Genetic Covariance
------------------
Total Observed scale gencov: 0.0149 (0.0207)
Mean z1*z2: 0.0005
Intercept: -0.004 (0.0049)

Genetic Correlation
-------------------
Genetic Correlation: 0.282 (0.4396)
Z-score: 0.6413
P: 0.5213

Computing rg for phenotype 48/68
Reading summary statistics from ../output_sumstats/output_pmid27989323_MIG_eur.sumstats.gz ...
Read summary statistics for 1217311 SNPs.
After merging with summary statistics, 1175462 SNPs remain.
1160158 SNPs with valid alleles.

Heritability of phenotype 48/68
-------------------------------
Total Observed scale h2: -0.1384 (0.1083)
Lambda GC: 1.0046
Mean Chi^2: 1.0047
Intercept: 1.0148 (0.0063)
Ratio: 3.1629 (1.3493)

Genetic Covariance
------------------
Total Observed scale gencov: -0.0154 (0.0195)
Mean z1*z2: -0.0057
Intercept: 6.266e-05 (0.0048)

Genetic Correlation
-------------------
Genetic Correlation: nan (nan) (h2  out of bounds) 
Z-score: nan (nan) (h2  out of bounds)
P: nan (nan) (h2  out of bounds)
WARNING: One of the h2's was out of bounds.
This usually indicates a data-munging error or that h2 or N is low.

Computing rg for phenotype 49/68
Reading summary statistics from ../output_sumstats/output_pmid27989323_MIP1a_eur.sumstats.gz ...
Read summary statistics for 1217311 SNPs.
After merging with summary statistics, 1175462 SNPs remain.
1159490 SNPs with valid alleles.

Heritability of phenotype 49/68
-------------------------------
Total Observed scale h2: -0.1237 (0.1401)
Lambda GC: 0.9957
Mean Chi^2: 0.9987
Intercept: 1.0074 (0.0071)
Ratio: NA (mean chi^2 < 1)

Genetic Covariance
------------------
Total Observed scale gencov: 0.0099 (0.0186)
Mean z1*z2: -0.0035
Intercept: -0.0068 (0.0047)

Genetic Correlation
-------------------
Genetic Correlation: nan (nan) (h2  out of bounds) 
Z-score: nan (nan) (h2  out of bounds)
P: nan (nan) (h2  out of bounds)
WARNING: One of the h2's was out of bounds.
This usually indicates a data-munging error or that h2 or N is low.

Computing rg for phenotype 50/68
Reading summary statistics from ../output_sumstats/output_pmid27989323_MIP1b_eur.sumstats.gz ...
Read summary statistics for 1217311 SNPs.
After merging with summary statistics, 1175462 SNPs remain.
1161231 SNPs with valid alleles.
ERROR computing rg for phenotype 50/68, from file ../output_sumstats/output_pmid27989323_MIP1b_eur.sumstats.gz.
Traceback (most recent call last):
  File "/Users/as/Documents/UNI/Bioinformatik/2023:24_WS/GoBi_Lokal/BlockTeil_Metabolomics/ldsc/ldscore/sumstats.py", line 410, in estimate_rg
    rghat = _rg(loop, args, log, M_annot, ref_ld_cnames, w_ld_cname, i)
  File "/Users/as/Documents/UNI/Bioinformatik/2023:24_WS/GoBi_Lokal/BlockTeil_Metabolomics/ldsc/ldscore/sumstats.py", line 539, in _rg
    intercept_gencov=intercepts[2], n_blocks=n_blocks, twostep=args.two_step)
  File "/Users/as/Documents/UNI/Bioinformatik/2023:24_WS/GoBi_Lokal/BlockTeil_Metabolomics/ldsc/ldscore/regressions.py", line 705, in __init__
    np.multiply(hsq1.tot_delete_values, hsq2.tot_delete_values))
FloatingPointError: invalid value encountered in sqrt


Computing rg for phenotype 51/68
Reading summary statistics from ../output_sumstats/output_pmid27989323_PDGFbb_eur.sumstats.gz ...
Read summary statistics for 1217311 SNPs.
After merging with summary statistics, 1175462 SNPs remain.
1161245 SNPs with valid alleles.

Heritability of phenotype 51/68
-------------------------------
Total Observed scale h2: -0.0044 (0.063)
Lambda GC: 1.0225
Mean Chi^2: 1.0208
Intercept: 1.0215 (0.0087)
Ratio: 1.035 (0.4172)

Genetic Covariance
------------------
Total Observed scale gencov: -0.0039 (0.0133)
Mean z1*z2: -0.0061
Intercept: -0.0041 (0.005)

Genetic Correlation
-------------------
Genetic Correlation: nan (nan) (h2  out of bounds) 
Z-score: nan (nan) (h2  out of bounds)
P: nan (nan) (h2  out of bounds)
WARNING: One of the h2's was out of bounds.
This usually indicates a data-munging error or that h2 or N is low.

Computing rg for phenotype 52/68
Reading summary statistics from ../output_sumstats/output_pmid27989323_RANTES_eur.sumstats.gz ...
Read summary statistics for 1217311 SNPs.
After merging with summary statistics, 1175462 SNPs remain.
1159877 SNPs with valid alleles.

Heritability of phenotype 52/68
-------------------------------
Total Observed scale h2: 0.1363 (0.1272)
Lambda GC: 1.0046
Mean Chi^2: 1.0083
Intercept: 0.999 (0.0068)
Ratio < 0 (usually indicates GC correction).

Genetic Covariance
------------------
Total Observed scale gencov: 0.0051 (0.0192)
Mean z1*z2: -0.0041
Intercept: -0.0056 (0.0048)

Genetic Correlation
-------------------
Genetic Correlation: 0.0769 (0.2938)
Z-score: 0.2617
P: 0.7936

Computing rg for phenotype 53/68
Reading summary statistics from ../output_sumstats/output_pmid27989323_SCF_eur.sumstats.gz ...
Read summary statistics for 1217311 SNPs.
After merging with summary statistics, 1175462 SNPs remain.
1161090 SNPs with valid alleles.

Heritability of phenotype 53/68
-------------------------------
Total Observed scale h2: -0.0579 (0.0555)
Lambda GC: 1.0046
Mean Chi^2: 1.0092
Intercept: 1.0187 (0.0071)
Ratio: 2.0362 (0.7731)

Genetic Covariance
------------------
Total Observed scale gencov: -0.0077 (0.0121)
Mean z1*z2: -0.0017
Intercept: 0.0024 (0.0044)

Genetic Correlation
-------------------
Genetic Correlation: nan (nan) (h2  out of bounds) 
Z-score: nan (nan) (h2  out of bounds)
P: nan (nan) (h2  out of bounds)
WARNING: One of the h2's was out of bounds.
This usually indicates a data-munging error or that h2 or N is low.

Computing rg for phenotype 54/68
Reading summary statistics from ../output_sumstats/output_pmid27989323_SCGFb_eur.sumstats.gz ...
Read summary statistics for 1217311 SNPs.
After merging with summary statistics, 1175462 SNPs remain.
516918 SNPs with valid alleles.

Heritability of phenotype 54/68
-------------------------------
Total Observed scale h2: 0.0977 (0.1827)
Lambda GC: 1.0165
Mean Chi^2: 1.0191
Intercept: 1.0117 (0.0103)
Ratio: 0.6117 (0.5398)

Genetic Covariance
------------------
Total Observed scale gencov: 0.0252 (0.0325)
Mean z1*z2: 0.0024
Intercept: -0.006 (0.0073)

Genetic Correlation
-------------------
Genetic Correlation: 0.4786 (0.9067)
Z-score: 0.5279
P: 0.5976

Computing rg for phenotype 55/68
Reading summary statistics from ../output_sumstats/output_pmid27989323_SDF1_eur.sumstats.gz ...
Read summary statistics for 1217311 SNPs.
After merging with summary statistics, 1175462 SNPs remain.
1160748 SNPs with valid alleles.

Heritability of phenotype 55/68
-------------------------------
Total Observed scale h2: -0.0143 (0.0766)
Lambda GC: 0.9898
Mean Chi^2: 0.9971
Intercept: 0.9988 (0.0071)
Ratio: NA (mean chi^2 < 1)

Genetic Covariance
------------------
Total Observed scale gencov: -0.0023 (0.0155)
Mean z1*z2: -0.0029
Intercept: -0.0016 (0.0047)

Genetic Correlation
-------------------
Genetic Correlation: nan (nan) (h2  out of bounds) 
Z-score: nan (nan) (h2  out of bounds)
P: nan (nan) (h2  out of bounds)
WARNING: One of the h2's was out of bounds.
This usually indicates a data-munging error or that h2 or N is low.

Computing rg for phenotype 56/68
Reading summary statistics from ../output_sumstats/output_pmid27989323_TNFa_eur.sumstats.gz ...
Read summary statistics for 1217311 SNPs.
After merging with summary statistics, 1175462 SNPs remain.
1159579 SNPs with valid alleles.

Heritability of phenotype 56/68
-------------------------------
Total Observed scale h2: -0.0415 (0.1302)
Lambda GC: 0.9868
Mean Chi^2: 0.9937
Intercept: 0.9965 (0.0068)
Ratio: NA (mean chi^2 < 1)

Genetic Covariance
------------------
Total Observed scale gencov: 0.0017 (0.0185)
Mean z1*z2: 0.0034
Intercept: 0.003 (0.0043)

Genetic Correlation
-------------------
Genetic Correlation: nan (nan) (h2  out of bounds) 
Z-score: nan (nan) (h2  out of bounds)
P: nan (nan) (h2  out of bounds)
WARNING: One of the h2's was out of bounds.
This usually indicates a data-munging error or that h2 or N is low.

Computing rg for phenotype 57/68
Reading summary statistics from ../output_sumstats/output_pmid27989323_TNFb_eur.sumstats.gz ...
Read summary statistics for 1217311 SNPs.
After merging with summary statistics, 1175462 SNPs remain.
1046744 SNPs with valid alleles.

Heritability of phenotype 57/68
-------------------------------
Total Observed scale h2: -0.4437 (0.3105)
Lambda GC: 1.0075
Mean Chi^2: 0.9958
Intercept: 1.0102 (0.0076)
Ratio: NA (mean chi^2 < 1)

Genetic Covariance
------------------
Total Observed scale gencov: 0.0458 (0.0288)
Mean z1*z2: -0.0032
Intercept: -0.0139 (0.0048)

Genetic Correlation
-------------------
Genetic Correlation: nan (nan) (h2  out of bounds) 
Z-score: nan (nan) (h2  out of bounds)
P: nan (nan) (h2  out of bounds)
WARNING: One of the h2's was out of bounds.
This usually indicates a data-munging error or that h2 or N is low.

Computing rg for phenotype 58/68
Reading summary statistics from ../output_sumstats/output_pmid27989323_TRAIL_eur.sumstats.gz ...
Read summary statistics for 1217311 SNPs.
After merging with summary statistics, 1175462 SNPs remain.
1161167 SNPs with valid alleles.

Heritability of phenotype 58/68
-------------------------------
Total Observed scale h2: -0.0182 (0.0549)
Lambda GC: 1.0195
Mean Chi^2: 1.0178
Intercept: 1.0207 (0.0116)
Ratio: 1.166 (0.6519)

Genetic Covariance
------------------
Total Observed scale gencov: -0.0015 (0.0132)
Mean z1*z2: -0.0026
Intercept: -0.0018 (0.0045)

Genetic Correlation
-------------------
Genetic Correlation: nan (nan) (h2  out of bounds) 
Z-score: nan (nan) (h2  out of bounds)
P: nan (nan) (h2  out of bounds)
WARNING: One of the h2's was out of bounds.
This usually indicates a data-munging error or that h2 or N is low.

Computing rg for phenotype 59/68
Reading summary statistics from ../output_sumstats/output_pmid27989323_bNGF_eur.sumstats.gz ...
Read summary statistics for 1217311 SNPs.
After merging with summary statistics, 1175462 SNPs remain.
1159767 SNPs with valid alleles.

Heritability of phenotype 59/68
-------------------------------
Total Observed scale h2: 0.2646 (0.1374)
Lambda GC: 1.0165
Mean Chi^2: 1.0124
Intercept: 0.9938 (0.0077)
Ratio < 0 (usually indicates GC correction).

Genetic Covariance
------------------
Total Observed scale gencov: 0.0325 (0.0192)
Mean z1*z2: 0.0044
Intercept: -0.0062 (0.0047)

Genetic Correlation
-------------------
Genetic Correlation: 0.351 (0.2407)
Z-score: 1.4581
P: 0.1448

Computing rg for phenotype 60/68
Reading summary statistics from ../output_sumstats/output_pmid27989323_eotaxin_eur.sumstats.gz ...
Read summary statistics for 1217311 SNPs.
After merging with summary statistics, 1175462 SNPs remain.
1161046 SNPs with valid alleles.

Heritability of phenotype 60/68
-------------------------------
Total Observed scale h2: 0.1092 (0.0675)
Lambda GC: 1.0135
Mean Chi^2: 1.0251
Intercept: 1.0073 (0.0079)
Ratio: 0.2931 (0.3141)

Genetic Covariance
------------------
Total Observed scale gencov: -0.0054 (0.0133)
Mean z1*z2: -0.0042
Intercept: -0.0016 (0.0046)

Genetic Correlation
-------------------
Genetic Correlation: -0.0927 (0.2303)
Z-score: -0.4025
P: 0.6873

Computing rg for phenotype 61/68
Reading summary statistics from ../output_sumstats/output_pmid27989323_ip10_eur.sumstats.gz ...
Read summary statistics for 1217311 SNPs.
After merging with summary statistics, 1175462 SNPs remain.
1160167 SNPs with valid alleles.

Heritability of phenotype 61/68
-------------------------------
Total Observed scale h2: 0.129 (0.1228)
Lambda GC: 1.0225
Mean Chi^2: 1.0179
Intercept: 1.0084 (0.0074)
Ratio: 0.472 (0.4163)

Genetic Covariance
------------------
Total Observed scale gencov: -0.0138 (0.0226)
Mean z1*z2: -0.004
Intercept: 0.0011 (0.0053)

Genetic Correlation
-------------------
Genetic Correlation: -0.2135 (0.3708)
Z-score: -0.5759
P: 0.5647

Computing rg for phenotype 62/68
Reading summary statistics from ../output_sumstats/output_pmid29632382_T2d-BMIadj_eur.sumstats.gz ...
Read summary statistics for 1217311 SNPs.
After merging with summary statistics, 1175462 SNPs remain.
26154 SNPs with valid alleles.
WARNING: number of SNPs less than 200k; this is almost always bad.

Heritability of phenotype 62/68
-------------------------------
Total Observed scale h2: 0.0937 (0.0265)
Lambda GC: 1.2136
Mean Chi^2: 1.7838
Intercept: 1.0552 (0.0778)
Ratio: 0.0704 (0.0992)

Genetic Covariance
------------------
Total Observed scale gencov: -0.0032 (0.0073)
Mean z1*z2: -0.0034
Intercept: 0.005 (0.0217)

Genetic Correlation
-------------------
Genetic Correlation: -0.0413 (0.0918)
Z-score: -0.4501
P: 0.6527

Computing rg for phenotype 63/68
Reading summary statistics from ../output_sumstats/output_pmid30054458_T2d_eur.sumstats.gz ...
Read summary statistics for 1217311 SNPs.
After merging with summary statistics, 1175462 SNPs remain.
999262 SNPs with valid alleles.

Heritability of phenotype 63/68
-------------------------------
Total Observed scale h2: 0.046 (0.0029)
Lambda GC: 1.4602
Mean Chi^2: 1.6889
Intercept: 1.052 (0.0188)
Ratio: 0.0755 (0.0273)

Genetic Covariance
------------------
Total Observed scale gencov: -0.0016 (0.0023)
Mean z1*z2: 0.0239
Intercept: 0.0306 (0.0072)

Genetic Correlation
-------------------
Genetic Correlation: -0.0431 (0.0615)
Z-score: -0.7003
P: 0.4837

Computing rg for phenotype 64/68
Reading summary statistics from ../output_sumstats/output_pmid33111402_PD_eur.sumstats.gz ...
Read summary statistics for 1217311 SNPs.
After merging with summary statistics, 1175462 SNPs remain.
9912 SNPs with valid alleles.
WARNING: number of SNPs less than 200k; this is almost always bad.

Heritability of phenotype 64/68
-------------------------------
Total Observed scale h2: -2.5289 (1.17)
Lambda GC: 0.9518
Mean Chi^2: 0.9488
Intercept: 1.0796 (0.0611)
Ratio: NA (mean chi^2 < 1)

Genetic Covariance
------------------
Total Observed scale gencov: -0.4316 (0.2038)
Mean z1*z2: -0.0638
Intercept: 0.0539 (0.0483)

Genetic Correlation
-------------------
Genetic Correlation: nan (nan) (h2  out of bounds) 
Z-score: nan (nan) (h2  out of bounds)
P: nan (nan) (h2  out of bounds)
WARNING: One of the h2's was out of bounds.
This usually indicates a data-munging error or that h2 or N is low.

Computing rg for phenotype 65/68
Reading summary statistics from ../output_sumstats/output_pmid33310728_RA_eur.sumstats.gz ...
Read summary statistics for 1217311 SNPs.
After merging with summary statistics, 1175462 SNPs remain.
1164709 SNPs with valid alleles.

Heritability of phenotype 65/68
-------------------------------
Total Observed scale h2: 0.0366 (0.0041)
Lambda GC: 1.0741
Mean Chi^2: 1.1988
Intercept: 0.9745 (0.0118)
Ratio < 0 (usually indicates GC correction).

Genetic Covariance
------------------
Total Observed scale gencov: 0.0029 (0.0024)
Mean z1*z2: 0.0236
Intercept: 0.014 (0.0047)

Genetic Correlation
-------------------
Genetic Correlation: 0.0848 (0.072)
Z-score: 1.1773
P: 0.2391

Computing rg for phenotype 66/68
Reading summary statistics from ../output_sumstats/output_pmid33589841_LBD_eur.sumstats.gz ...
Read summary statistics for 1217311 SNPs.
After merging with summary statistics, 1175462 SNPs remain.
1068352 SNPs with valid alleles.

Heritability of phenotype 66/68
-------------------------------
Total Observed scale h2: 0.1588 (0.0818)
Lambda GC: 1.0225
Mean Chi^2: 1.0246
Intercept: 1.0037 (0.0084)
Ratio: 0.1491 (0.3427)

Genetic Covariance
------------------
Total Observed scale gencov: 0.011 (0.0151)
Mean z1*z2: 0.0106
Intercept: 0.0055 (0.005)

Genetic Correlation
-------------------
Genetic Correlation: 0.159 (0.2196)
Z-score: 0.7242
P: 0.469

Computing rg for phenotype 67/68
Reading summary statistics from ../output_sumstats/output_pmid33987465_PD_eur.sumstats.gz ...
Read summary statistics for 1217311 SNPs.
After merging with summary statistics, 1175462 SNPs remain.
1170823 SNPs with valid alleles.

Heritability of phenotype 67/68
-------------------------------
Total Observed scale h2: 0.407 (0.1463)
Lambda GC: 1.0016
Mean Chi^2: 1.0054
Intercept: 0.9826 (0.0064)
Ratio < 0 (usually indicates GC correction).

Genetic Covariance
------------------
Total Observed scale gencov: -0.0285 (0.0189)
Mean z1*z2: 0.0017
Intercept: 0.0096 (0.004)

Genetic Correlation
-------------------
Genetic Correlation: -0.2539 (0.1897)
Z-score: -1.3386
P: 0.1807

Computing rg for phenotype 68/68
Reading summary statistics from ../output_sumstats/output_pmid34737426_APH_eur.sumstats.gz ...
Read summary statistics for 1217311 SNPs.
After merging with summary statistics, 1175462 SNPs remain.
1149429 SNPs with valid alleles.

Heritability of phenotype 68/68
-------------------------------
Total Observed scale h2: -0.0001 (0.0009)
Lambda GC: 0.9957
Mean Chi^2: 0.9854
Intercept: 0.9867 (0.006)
Ratio: NA (mean chi^2 < 1)

Genetic Covariance
------------------
Total Observed scale gencov: 0.0017 (0.0018)
Mean z1*z2: 0.0056
Intercept: -0.0008 (0.0045)

Genetic Correlation
-------------------
Genetic Correlation: nan (nan) (h2  out of bounds) 
Z-score: nan (nan) (h2  out of bounds)
P: nan (nan) (h2  out of bounds)
WARNING: One of the h2's was out of bounds.
This usually indicates a data-munging error or that h2 or N is low.


Summary of Genetic Correlation Results
                                                         p1                                                                      p2        rg         se          z          p     h2_obs  h2_obs_se  h2_int h2_int_se   gcov_int gcov_int_se
 ../output_sumstats/output_pmid29566793_ALS_eur.sumstats.gz              ../output_sumstats/output_pmid29566793_ALS_eur.sumstats.gz         1  5.362e-06  1.865e+05          0    0.03122   0.006811   1.023   0.00674      1.023     0.00674
 ../output_sumstats/output_pmid29566793_ALS_eur.sumstats.gz               ../output_sumstats/output_pmid21833088_MS_eur.sumstats.gz    0.2042     0.2473     0.8256      0.409    0.05619     0.0282   1.059  0.009106    0.03823    0.005939
 ../output_sumstats/output_pmid29566793_ALS_eur.sumstats.gz               ../output_sumstats/output_pmid24076602_MS_eur.sumstats.gz  -0.04079     0.1186    -0.3438      0.731      1.537     0.2568   1.037    0.1037    0.01211     0.02293
 ../output_sumstats/output_pmid29566793_ALS_eur.sumstats.gz  ../output_sumstats/output_pmid24816252_acetylcarnitine_eur.sumstats.gz        NA         NA         NA         NA    -0.2388    0.08273   1.021  0.007632  -0.002561     0.00447
 ../output_sumstats/output_pmid29566793_ALS_eur.sumstats.gz          ../output_sumstats/output_pmid24816252_alanine_eur.sumstats.gz   -0.3402     0.1242      -2.74   0.006148     0.5329    0.07237   1.011  0.007073   0.004523    0.005245
 ../output_sumstats/output_pmid29566793_ALS_eur.sumstats.gz         ../output_sumstats/output_pmid24816252_arginine_eur.sumstats.gz        NA         NA         NA         NA  -0.005564    0.06394   1.037  0.007215   -0.00278    0.004921
 ../output_sumstats/output_pmid29566793_ALS_eur.sumstats.gz       ../output_sumstats/output_pmid24816252_asparagine_eur.sumstats.gz  -0.01176      0.109    -0.1079     0.9141     0.4984    0.06722   1.019  0.007217  -0.004304    0.004487
 ../output_sumstats/output_pmid29566793_ALS_eur.sumstats.gz      ../output_sumstats/output_pmid24816252_cholesterol_eur.sumstats.gz   -0.1087     0.2305    -0.4714     0.6373     0.1369    0.06907   1.043  0.006654   0.001616     0.00478
 ../output_sumstats/output_pmid29566793_ALS_eur.sumstats.gz          ../output_sumstats/output_pmid24816252_citrate_eur.sumstats.gz   -0.2455     0.1308     -1.877    0.06055     0.4549    0.07779   1.058  0.007831   0.005829    0.004788
 ../output_sumstats/output_pmid29566793_ALS_eur.sumstats.gz        ../output_sumstats/output_pmid24816252_glutamate_eur.sumstats.gz   0.07618     0.1857     0.4103     0.6816     0.1585     0.0571  0.9326  0.006052   0.002682    0.004599
 ../output_sumstats/output_pmid29566793_ALS_eur.sumstats.gz         ../output_sumstats/output_pmid24816252_glycerol_eur.sumstats.gz        NA         NA         NA         NA     -0.134    0.05963   1.017  0.006793   0.009391    0.004326
 ../output_sumstats/output_pmid29566793_ALS_eur.sumstats.gz        ../output_sumstats/output_pmid24816252_histidine_eur.sumstats.gz   0.07184     0.1088     0.6602     0.5091     0.4407    0.07001  0.7572  0.006208  -0.002697    0.004235
 ../output_sumstats/output_pmid29566793_ALS_eur.sumstats.gz       ../output_sumstats/output_pmid24816252_isoleucine_eur.sumstats.gz        NA         NA         NA         NA    -0.2843    0.05832   1.001  0.006377    0.00847    0.004204
 ../output_sumstats/output_pmid29566793_ALS_eur.sumstats.gz    ../output_sumstats/output_pmid24816252_phenylalanine_eur.sumstats.gz  -0.08309     0.1133    -0.7337     0.4632     0.3373    0.04399  0.7765  0.005091   0.003419    0.004145
 ../output_sumstats/output_pmid29566793_ALS_eur.sumstats.gz          ../output_sumstats/output_pmid24816252_proline_eur.sumstats.gz   -0.1069     0.1279    -0.8359     0.4032     0.3834    0.08815   1.036   0.01226   0.003867    0.004905
 ../output_sumstats/output_pmid29566793_ALS_eur.sumstats.gz         ../output_sumstats/output_pmid24816252_pyruvate_eur.sumstats.gz   -0.3301     0.2145     -1.539     0.1238     0.1404    0.05446   1.001  0.005824   0.001387    0.004841
 ../output_sumstats/output_pmid29566793_ALS_eur.sumstats.gz        ../output_sumstats/output_pmid24816252_threonine_eur.sumstats.gz    0.4527     0.5753     0.7868     0.4314    0.05635    0.08428   1.008  0.006646  -0.005401    0.005142
 ../output_sumstats/output_pmid29566793_ALS_eur.sumstats.gz       ../output_sumstats/output_pmid24816252_tryptophan_eur.sumstats.gz -0.003429    0.08797   -0.03898     0.9689     0.9222    0.07533   1.049  0.007755  0.0006134    0.005057
 ../output_sumstats/output_pmid29566793_ALS_eur.sumstats.gz         ../output_sumstats/output_pmid24816252_tyrosine_eur.sumstats.gz   -0.1049     0.2016    -0.5202     0.6029       0.17    0.07128   1.032   0.00719   0.007273    0.004832
 ../output_sumstats/output_pmid29566793_ALS_eur.sumstats.gz             ../output_sumstats/output_pmid24816252_urea_eur.sumstats.gz        NA         NA         NA         NA   -0.08232    0.05365   1.013  0.006296  -0.004077    0.005407
 ../output_sumstats/output_pmid29566793_ALS_eur.sumstats.gz               ../output_sumstats/output_pmid27386562_MS_eur.sumstats.gz   -0.3089     0.1368     -2.258    0.02397      0.243    0.04744   1.066  0.008649  -0.008347    0.005394
 ../output_sumstats/output_pmid29566793_ALS_eur.sumstats.gz              ../output_sumstats/output_pmid27455348_ALS_eur.sumstats.gz    0.7465    0.07289      10.24  1.301e-24    0.04921    0.01274   0.998  0.006129     0.7954    0.006356
 ../output_sumstats/output_pmid29566793_ALS_eur.sumstats.gz            ../output_sumstats/output_pmid27989323_CTACK_eur.sumstats.gz        NA         NA         NA         NA   -0.01217     0.1163   1.004  0.006887  -0.005651    0.004632
 ../output_sumstats/output_pmid29566793_ALS_eur.sumstats.gz             ../output_sumstats/output_pmid27989323_GCSF_eur.sumstats.gz     0.455     0.7931     0.5737     0.5662    0.02565    0.06114   1.007  0.007879   -0.00506    0.004604
 ../output_sumstats/output_pmid29566793_ALS_eur.sumstats.gz             ../output_sumstats/output_pmid27989323_GROa_eur.sumstats.gz        NA         NA         NA         NA      -51.1      21.44   1.523    0.4952     0.3275      0.7203
 ../output_sumstats/output_pmid29566793_ALS_eur.sumstats.gz              ../output_sumstats/output_pmid27989323_HGF_eur.sumstats.gz        NA         NA         NA         NA   -0.02608    0.05912   1.011  0.008143 -0.0004235     0.00423
 ../output_sumstats/output_pmid29566793_ALS_eur.sumstats.gz             ../output_sumstats/output_pmid27989323_IFNg_eur.sumstats.gz        NA         NA         NA         NA         NA         NA      NA        NA         NA          NA
 ../output_sumstats/output_pmid29566793_ALS_eur.sumstats.gz             ../output_sumstats/output_pmid27989323_IL10_eur.sumstats.gz        NA         NA         NA         NA   -0.00285    0.07895   1.017   0.01244  0.0008919    0.004864
 ../output_sumstats/output_pmid29566793_ALS_eur.sumstats.gz          ../output_sumstats/output_pmid27989323_IL12p70_eur.sumstats.gz        NA         NA         NA         NA   -0.01879    0.09028   1.034   0.01962   0.001814    0.005284
 ../output_sumstats/output_pmid29566793_ALS_eur.sumstats.gz             ../output_sumstats/output_pmid27989323_IL13_eur.sumstats.gz        NA         NA         NA         NA      -0.15     0.1608   1.016   0.01243  0.0008893    0.005068
 ../output_sumstats/output_pmid29566793_ALS_eur.sumstats.gz             ../output_sumstats/output_pmid27989323_IL16_eur.sumstats.gz        NA         NA         NA         NA   -0.07115      0.131  0.9951    0.0075  -0.001832     0.00473
 ../output_sumstats/output_pmid29566793_ALS_eur.sumstats.gz             ../output_sumstats/output_pmid27989323_IL17_eur.sumstats.gz        NA         NA         NA         NA     -3.138      1.393   1.458    0.1364    -0.1163     0.08863
 ../output_sumstats/output_pmid29566793_ALS_eur.sumstats.gz             ../output_sumstats/output_pmid27989323_IL18_eur.sumstats.gz        NA         NA         NA         NA         NA         NA      NA        NA         NA          NA
 ../output_sumstats/output_pmid29566793_ALS_eur.sumstats.gz            ../output_sumstats/output_pmid27989323_IL1ra_eur.sumstats.gz        NA         NA         NA         NA         NA         NA      NA        NA         NA          NA
 ../output_sumstats/output_pmid29566793_ALS_eur.sumstats.gz              ../output_sumstats/output_pmid27989323_IL2_eur.sumstats.gz        NA         NA         NA         NA   -0.07627     0.1294   1.012  0.007078  -0.003279    0.004534
 ../output_sumstats/output_pmid29566793_ALS_eur.sumstats.gz            ../output_sumstats/output_pmid27989323_IL2ra_eur.sumstats.gz    0.5172     0.6795     0.7611     0.4466    0.05626     0.1184   1.004  0.006686  -0.002967    0.003999
 ../output_sumstats/output_pmid29566793_ALS_eur.sumstats.gz              ../output_sumstats/output_pmid27989323_IL4_eur.sumstats.gz        NA         NA         NA         NA    -0.0401    0.06068    1.01  0.008056  -0.001098    0.004721
 ../output_sumstats/output_pmid29566793_ALS_eur.sumstats.gz              ../output_sumstats/output_pmid27989323_IL5_eur.sumstats.gz        NA         NA         NA         NA    -0.1087     0.1391   1.011  0.007466  -0.003373    0.004952
 ../output_sumstats/output_pmid29566793_ALS_eur.sumstats.gz              ../output_sumstats/output_pmid27989323_IL6_eur.sumstats.gz        NA         NA         NA         NA  -0.002399    0.05627   1.008  0.006869  0.0005433    0.005008
 ../output_sumstats/output_pmid29566793_ALS_eur.sumstats.gz              ../output_sumstats/output_pmid27989323_IL7_eur.sumstats.gz        NA         NA         NA         NA   -0.01985     0.1583   1.012   0.00893  -0.009747    0.004587
 ../output_sumstats/output_pmid29566793_ALS_eur.sumstats.gz              ../output_sumstats/output_pmid27989323_IL8_eur.sumstats.gz        NA         NA         NA         NA   -0.02459     0.1262   1.007  0.006851   -0.00418    0.003959
 ../output_sumstats/output_pmid29566793_ALS_eur.sumstats.gz              ../output_sumstats/output_pmid27989323_IL9_eur.sumstats.gz        NA         NA         NA         NA     -0.166     0.1234   1.013  0.007011  -0.001416    0.004599
 ../output_sumstats/output_pmid29566793_ALS_eur.sumstats.gz             ../output_sumstats/output_pmid27989323_MCP1_eur.sumstats.gz   0.01309     0.1689    0.07747     0.9382     0.1707    0.08335  0.9947  0.008103 -0.0002893    0.004565
 ../output_sumstats/output_pmid29566793_ALS_eur.sumstats.gz             ../output_sumstats/output_pmid27989323_MCP3_eur.sumstats.gz        NA         NA         NA         NA    -0.8426     0.5731   1.013  0.007878   0.008995    0.005269
 ../output_sumstats/output_pmid29566793_ALS_eur.sumstats.gz             ../output_sumstats/output_pmid27989323_MCSF_eur.sumstats.gz    0.1754       1.27      0.138     0.8902      0.139     0.5094  0.9909  0.006824  -0.001066    0.004576
 ../output_sumstats/output_pmid29566793_ALS_eur.sumstats.gz              ../output_sumstats/output_pmid27989323_MIF_eur.sumstats.gz     0.282     0.4396     0.6413     0.5213    0.08689     0.1339   1.005  0.006967  -0.004027    0.004886
 ../output_sumstats/output_pmid29566793_ALS_eur.sumstats.gz              ../output_sumstats/output_pmid27989323_MIG_eur.sumstats.gz        NA         NA         NA         NA    -0.1384     0.1083   1.015  0.006317  6.266e-05    0.004773
 ../output_sumstats/output_pmid29566793_ALS_eur.sumstats.gz            ../output_sumstats/output_pmid27989323_MIP1a_eur.sumstats.gz        NA         NA         NA         NA    -0.1237     0.1401   1.007  0.007094  -0.006808    0.004656
 ../output_sumstats/output_pmid29566793_ALS_eur.sumstats.gz            ../output_sumstats/output_pmid27989323_MIP1b_eur.sumstats.gz        NA         NA         NA         NA         NA         NA      NA        NA         NA          NA
 ../output_sumstats/output_pmid29566793_ALS_eur.sumstats.gz           ../output_sumstats/output_pmid27989323_PDGFbb_eur.sumstats.gz        NA         NA         NA         NA  -0.004412    0.06298   1.022  0.008686  -0.004095    0.004966
 ../output_sumstats/output_pmid29566793_ALS_eur.sumstats.gz           ../output_sumstats/output_pmid27989323_RANTES_eur.sumstats.gz   0.07688     0.2938     0.2617     0.7936     0.1363     0.1272   0.999  0.006779  -0.005635    0.004787
 ../output_sumstats/output_pmid29566793_ALS_eur.sumstats.gz              ../output_sumstats/output_pmid27989323_SCF_eur.sumstats.gz        NA         NA         NA         NA   -0.05792    0.05551   1.019  0.007102   0.002431    0.004351
 ../output_sumstats/output_pmid29566793_ALS_eur.sumstats.gz            ../output_sumstats/output_pmid27989323_SCGFb_eur.sumstats.gz    0.4786     0.9067     0.5279     0.5976    0.09768     0.1827   1.012    0.0103  -0.005967    0.007318
 ../output_sumstats/output_pmid29566793_ALS_eur.sumstats.gz             ../output_sumstats/output_pmid27989323_SDF1_eur.sumstats.gz        NA         NA         NA         NA   -0.01427    0.07658  0.9988  0.007119  -0.001611    0.004713
 ../output_sumstats/output_pmid29566793_ALS_eur.sumstats.gz             ../output_sumstats/output_pmid27989323_TNFa_eur.sumstats.gz        NA         NA         NA         NA   -0.04154     0.1302  0.9965  0.006769   0.003027    0.004287
 ../output_sumstats/output_pmid29566793_ALS_eur.sumstats.gz             ../output_sumstats/output_pmid27989323_TNFb_eur.sumstats.gz        NA         NA         NA         NA    -0.4437     0.3105    1.01  0.007615   -0.01388    0.004819
 ../output_sumstats/output_pmid29566793_ALS_eur.sumstats.gz            ../output_sumstats/output_pmid27989323_TRAIL_eur.sumstats.gz        NA         NA         NA         NA   -0.01816    0.05492   1.021   0.01158  -0.001752    0.004484
 ../output_sumstats/output_pmid29566793_ALS_eur.sumstats.gz             ../output_sumstats/output_pmid27989323_bNGF_eur.sumstats.gz     0.351     0.2407      1.458     0.1448     0.2646     0.1374  0.9938  0.007683  -0.006176    0.004695
 ../output_sumstats/output_pmid29566793_ALS_eur.sumstats.gz          ../output_sumstats/output_pmid27989323_eotaxin_eur.sumstats.gz  -0.09268     0.2303    -0.4025     0.6873     0.1092     0.0675   1.007  0.007872  -0.001635    0.004641
 ../output_sumstats/output_pmid29566793_ALS_eur.sumstats.gz             ../output_sumstats/output_pmid27989323_ip10_eur.sumstats.gz   -0.2135     0.3708    -0.5759     0.5647      0.129     0.1228   1.008  0.007444   0.001141    0.005341
 ../output_sumstats/output_pmid29566793_ALS_eur.sumstats.gz       ../output_sumstats/output_pmid29632382_T2d-BMIadj_eur.sumstats.gz  -0.04131    0.09179    -0.4501     0.6527    0.09365    0.02649   1.055   0.07777   0.005021      0.0217
 ../output_sumstats/output_pmid29566793_ALS_eur.sumstats.gz              ../output_sumstats/output_pmid30054458_T2d_eur.sumstats.gz  -0.04305    0.06148    -0.7003     0.4837    0.04596   0.002907   1.052   0.01879    0.03063    0.007166
 ../output_sumstats/output_pmid29566793_ALS_eur.sumstats.gz               ../output_sumstats/output_pmid33111402_PD_eur.sumstats.gz        NA         NA         NA         NA     -2.529       1.17    1.08   0.06105    0.05391     0.04835
 ../output_sumstats/output_pmid29566793_ALS_eur.sumstats.gz               ../output_sumstats/output_pmid33310728_RA_eur.sumstats.gz   0.08477      0.072      1.177     0.2391    0.03663    0.00414  0.9745   0.01175    0.01401    0.004678
 ../output_sumstats/output_pmid29566793_ALS_eur.sumstats.gz              ../output_sumstats/output_pmid33589841_LBD_eur.sumstats.gz     0.159     0.2196     0.7242      0.469     0.1588    0.08181   1.004  0.008443    0.00546    0.005008
 ../output_sumstats/output_pmid29566793_ALS_eur.sumstats.gz               ../output_sumstats/output_pmid33987465_PD_eur.sumstats.gz   -0.2539     0.1897     -1.339     0.1807      0.407     0.1463  0.9826  0.006388   0.009553    0.004046
 ../output_sumstats/output_pmid29566793_ALS_eur.sumstats.gz              ../output_sumstats/output_pmid34737426_APH_eur.sumstats.gz        NA         NA         NA         NA -0.0001366  0.0009106  0.9867   0.00602 -0.0007925    0.004525

Analysis finished at Sat Feb 24 23:21:34 2024
Total time elapsed: 1.0h:14.0m:9.02s
