*********************************************************************
* LD Score Regression (LDSC)
* Version 1.0.1
* (C) 2014-2019 Brendan Bulik-Sullivan and Hilary Finucane
* Broad Institute of MIT and Harvard / MIT Department of Mathematics
* GNU General Public License v3
*********************************************************************
Call: 
./ldsc.py \
--ref-ld-chr ../input_files/eur_w_ld_chr/ \
--out ../output_ld_regression/output_pmid33310728_RA_eur_ldReg \
--rg ../output_sumstats/output_pmid33310728_RA_eur.sumstats.gz,../output_sumstats/output_pmid33310728_RA_eur.sumstats.gz,../output_sumstats/output_pmid21833088_MS_eur.sumstats.gz,../output_sumstats/output_pmid24076602_MS_eur.sumstats.gz,../output_sumstats/output_pmid24816252_acetylcarnitine_eur.sumstats.gz,../output_sumstats/output_pmid24816252_alanine_eur.sumstats.gz,../output_sumstats/output_pmid24816252_arginine_eur.sumstats.gz,../output_sumstats/output_pmid24816252_asparagine_eur.sumstats.gz,../output_sumstats/output_pmid24816252_cholesterol_eur.sumstats.gz,../output_sumstats/output_pmid24816252_citrate_eur.sumstats.gz,../output_sumstats/output_pmid24816252_glutamate_eur.sumstats.gz,../output_sumstats/output_pmid24816252_glycerol_eur.sumstats.gz,../output_sumstats/output_pmid24816252_histidine_eur.sumstats.gz,../output_sumstats/output_pmid24816252_isoleucine_eur.sumstats.gz,../output_sumstats/output_pmid24816252_phenylalanine_eur.sumstats.gz,../output_sumstats/output_pmid24816252_proline_eur.sumstats.gz,../output_sumstats/output_pmid24816252_pyruvate_eur.sumstats.gz,../output_sumstats/output_pmid24816252_threonine_eur.sumstats.gz,../output_sumstats/output_pmid24816252_tryptophan_eur.sumstats.gz,../output_sumstats/output_pmid24816252_tyrosine_eur.sumstats.gz,../output_sumstats/output_pmid24816252_urea_eur.sumstats.gz,../output_sumstats/output_pmid27386562_MS_eur.sumstats.gz,../output_sumstats/output_pmid27455348_ALS_eur.sumstats.gz,../output_sumstats/output_pmid27989323_CTACK_eur.sumstats.gz,../output_sumstats/output_pmid27989323_GCSF_eur.sumstats.gz,../output_sumstats/output_pmid27989323_GROa_eur.sumstats.gz,../output_sumstats/output_pmid27989323_HGF_eur.sumstats.gz,../output_sumstats/output_pmid27989323_IFNg_eur.sumstats.gz,../output_sumstats/output_pmid27989323_IL10_eur.sumstats.gz,../output_sumstats/output_pmid27989323_IL12p70_eur.sumstats.gz,../output_sumstats/output_pmid27989323_IL13_eur.sumstats.gz,../output_sumstats/output_pmid27989323_IL16_eur.sumstats.gz,../output_sumstats/output_pmid27989323_IL17_eur.sumstats.gz,../output_sumstats/output_pmid27989323_IL18_eur.sumstats.gz,../output_sumstats/output_pmid27989323_IL1ra_eur.sumstats.gz,../output_sumstats/output_pmid27989323_IL2_eur.sumstats.gz,../output_sumstats/output_pmid27989323_IL2ra_eur.sumstats.gz,../output_sumstats/output_pmid27989323_IL4_eur.sumstats.gz,../output_sumstats/output_pmid27989323_IL5_eur.sumstats.gz,../output_sumstats/output_pmid27989323_IL6_eur.sumstats.gz,../output_sumstats/output_pmid27989323_IL7_eur.sumstats.gz,../output_sumstats/output_pmid27989323_IL8_eur.sumstats.gz,../output_sumstats/output_pmid27989323_IL9_eur.sumstats.gz,../output_sumstats/output_pmid27989323_MCP1_eur.sumstats.gz,../output_sumstats/output_pmid27989323_MCP3_eur.sumstats.gz,../output_sumstats/output_pmid27989323_MCSF_eur.sumstats.gz,../output_sumstats/output_pmid27989323_MIF_eur.sumstats.gz,../output_sumstats/output_pmid27989323_MIG_eur.sumstats.gz,../output_sumstats/output_pmid27989323_MIP1a_eur.sumstats.gz,../output_sumstats/output_pmid27989323_MIP1b_eur.sumstats.gz,../output_sumstats/output_pmid27989323_PDGFbb_eur.sumstats.gz,../output_sumstats/output_pmid27989323_RANTES_eur.sumstats.gz,../output_sumstats/output_pmid27989323_SCF_eur.sumstats.gz,../output_sumstats/output_pmid27989323_SCGFb_eur.sumstats.gz,../output_sumstats/output_pmid27989323_SDF1_eur.sumstats.gz,../output_sumstats/output_pmid27989323_TNFa_eur.sumstats.gz,../output_sumstats/output_pmid27989323_TNFb_eur.sumstats.gz,../output_sumstats/output_pmid27989323_TRAIL_eur.sumstats.gz,../output_sumstats/output_pmid27989323_bNGF_eur.sumstats.gz,../output_sumstats/output_pmid27989323_eotaxin_eur.sumstats.gz,../output_sumstats/output_pmid27989323_ip10_eur.sumstats.gz,../output_sumstats/output_pmid29566793_ALS_eur.sumstats.gz,../output_sumstats/output_pmid29632382_T2d-BMIadj_eur.sumstats.gz,../output_sumstats/output_pmid30054458_T2d_eur.sumstats.gz,../output_sumstats/output_pmid33111402_PD_eur.sumstats.gz,../output_sumstats/output_pmid33589841_LBD_eur.sumstats.gz,../output_sumstats/output_pmid33987465_PD_eur.sumstats.gz,../output_sumstats/output_pmid34737426_APH_eur.sumstats.gz \
--w-ld-chr ../input_files/eur_w_ld_chr/ 

Beginning analysis at Sun Feb 25 00:20:00 2024
Reading summary statistics from ../output_sumstats/output_pmid33310728_RA_eur.sumstats.gz ...
Read summary statistics for 1187421 SNPs.
Reading reference panel LD Score from ../input_files/eur_w_ld_chr/[1-22] ... (ldscore_fromlist)
Read reference panel LD Scores for 1290028 SNPs.
Removing partitioned LD Scores with zero variance.
Reading regression weight LD Score from ../input_files/eur_w_ld_chr/[1-22] ... (ldscore_fromlist)
Read regression weight LD Scores for 1290028 SNPs.
After merging with reference panel LD, 1169948 SNPs remain.
After merging with regression SNP LD, 1169948 SNPs remain.
Computing rg for phenotype 2/68
Reading summary statistics from ../output_sumstats/output_pmid33310728_RA_eur.sumstats.gz ...
Read summary statistics for 1217311 SNPs.
After merging with summary statistics, 1169948 SNPs remain.
1169948 SNPs with valid alleles.

Heritability of phenotype 1
---------------------------
Total Observed scale h2: 0.0366 (0.0041)
Lambda GC: 1.0741
Mean Chi^2: 1.1988
Intercept: 0.9751 (0.0117)
Ratio < 0 (usually indicates GC correction).

Heritability of phenotype 2/68
------------------------------
Total Observed scale h2: 0.0366 (0.0041)
Lambda GC: 1.0741
Mean Chi^2: 1.1988
Intercept: 0.9751 (0.0117)
Ratio < 0 (usually indicates GC correction).

Genetic Covariance
------------------
Total Observed scale gencov: 0.0366 (0.0041)
Mean z1*z2: 1.1988
Intercept: 0.9751 (0.0117)

Genetic Correlation
-------------------
Genetic Correlation: 1. (5.7858e-07)
Z-score: 1728370.3926
P: 0.

Computing rg for phenotype 3/68
Reading summary statistics from ../output_sumstats/output_pmid21833088_MS_eur.sumstats.gz ...
Read summary statistics for 1217311 SNPs.
After merging with summary statistics, 1169948 SNPs remain.
449755 SNPs with valid alleles.

Heritability of phenotype 3/68
------------------------------
Total Observed scale h2: 0.0566 (0.0282)
Lambda GC: 1.0405
Mean Chi^2: 1.0859
Intercept: 1.0588 (0.009)
Ratio: 0.6843 (0.1052)

Genetic Covariance
------------------
Total Observed scale gencov: 0.0149 (0.0051)
Mean z1*z2: 0.0329
Intercept: 0.0088 (0.006)

Genetic Correlation
-------------------
Genetic Correlation: 0.3385 (0.132)
Z-score: 2.5647
P: 0.0103

Computing rg for phenotype 4/68
Reading summary statistics from ../output_sumstats/output_pmid24076602_MS_eur.sumstats.gz ...
Read summary statistics for 1217311 SNPs.
After merging with summary statistics, 1169948 SNPs remain.
49544 SNPs with valid alleles.
WARNING: number of SNPs less than 200k; this is almost always bad.

Heritability of phenotype 4/68
------------------------------
Total Observed scale h2: 1.5965 (0.2526)
Lambda GC: 1.4602
Mean Chi^2: 2.1989
Intercept: 1.0063 (0.0782)
Ratio: 0.0053 (0.0653)

Genetic Covariance
------------------
Total Observed scale gencov: 0.0778 (0.0466)
Mean z1*z2: 0.2276
Intercept: 0.0707 (0.0439)

Genetic Correlation
-------------------
Genetic Correlation: 0.1216 (0.0724)
Z-score: 1.6795
P: 0.0931

Computing rg for phenotype 5/68
Reading summary statistics from ../output_sumstats/output_pmid24816252_acetylcarnitine_eur.sumstats.gz ...
Read summary statistics for 1217311 SNPs.
After merging with summary statistics, 1169948 SNPs remain.
1023432 SNPs with valid alleles.

Heritability of phenotype 5/68
------------------------------
Total Observed scale h2: -0.2429 (0.0824)
Lambda GC: 0.9721
Mean Chi^2: 0.9856
Intercept: 1.0212 (0.0077)
Ratio: NA (mean chi^2 < 1)

Genetic Covariance
------------------
Total Observed scale gencov: 0.0125 (0.0073)
Mean z1*z2: 0.01
Intercept: -0.0017 (0.0044)

Genetic Correlation
-------------------
Genetic Correlation: nan (nan) (h2  out of bounds) 
Z-score: nan (nan) (h2  out of bounds)
P: nan (nan) (h2  out of bounds)
WARNING: One of the h2's was out of bounds.
This usually indicates a data-munging error or that h2 or N is low.

Computing rg for phenotype 6/68
Reading summary statistics from ../output_sumstats/output_pmid24816252_alanine_eur.sumstats.gz ...
Read summary statistics for 1217311 SNPs.
After merging with summary statistics, 1169948 SNPs remain.
1023432 SNPs with valid alleles.

Heritability of phenotype 6/68
------------------------------
Total Observed scale h2: 0.5286 (0.0724)
Lambda GC: 1.0649
Mean Chi^2: 1.0876
Intercept: 1.0114 (0.0071)
Ratio: 0.1297 (0.0807)

Genetic Covariance
------------------
Total Observed scale gencov: -0.0046 (0.0091)
Mean z1*z2: -0.0015
Intercept: 0.0039 (0.0052)

Genetic Correlation
-------------------
Genetic Correlation: -0.0332 (0.0666)
Z-score: -0.499
P: 0.6177

Computing rg for phenotype 7/68
Reading summary statistics from ../output_sumstats/output_pmid24816252_arginine_eur.sumstats.gz ...
Read summary statistics for 1217311 SNPs.
After merging with summary statistics, 1169948 SNPs remain.
1023432 SNPs with valid alleles.

Heritability of phenotype 7/68
------------------------------
Total Observed scale h2: -0.0031 (0.0637)
Lambda GC: 1.0255
Mean Chi^2: 1.0366
Intercept: 1.037 (0.0072)
Ratio: 1.01 (0.1969)

Genetic Covariance
------------------
Total Observed scale gencov: 0.005 (0.0083)
Mean z1*z2: 0.0055
Intercept: 0.0005 (0.0048)

Genetic Correlation
-------------------
Genetic Correlation: nan (nan) (h2  out of bounds) 
Z-score: nan (nan) (h2  out of bounds)
P: nan (nan) (h2  out of bounds)
WARNING: One of the h2's was out of bounds.
This usually indicates a data-munging error or that h2 or N is low.

Computing rg for phenotype 8/68
Reading summary statistics from ../output_sumstats/output_pmid24816252_asparagine_eur.sumstats.gz ...
Read summary statistics for 1217311 SNPs.
After merging with summary statistics, 1169948 SNPs remain.
1023432 SNPs with valid alleles.

Heritability of phenotype 8/68
------------------------------
Total Observed scale h2: 0.4957 (0.0664)
Lambda GC: 1.0679
Mean Chi^2: 1.0907
Intercept: 1.0193 (0.0071)
Ratio: 0.2128 (0.0785)

Genetic Covariance
------------------
Total Observed scale gencov: 0.0059 (0.008)
Mean z1*z2: 5.6382e-05
Intercept: -0.0077 (0.0048)

Genetic Correlation
-------------------
Genetic Correlation: 0.044 (0.0595)
Z-score: 0.7406
P: 0.459

Computing rg for phenotype 9/68
Reading summary statistics from ../output_sumstats/output_pmid24816252_cholesterol_eur.sumstats.gz ...
Read summary statistics for 1217311 SNPs.
After merging with summary statistics, 1169948 SNPs remain.
1023432 SNPs with valid alleles.

Heritability of phenotype 9/68
------------------------------
Total Observed scale h2: 0.1328 (0.0691)
Lambda GC: 1.0496
Mean Chi^2: 1.0637
Intercept: 1.0442 (0.0067)
Ratio: 0.6944 (0.1055)

Genetic Covariance
------------------
Total Observed scale gencov: 0.002 (0.0078)
Mean z1*z2: 0.0068
Intercept: 0.0047 (0.0047)

Genetic Correlation
-------------------
Genetic Correlation: 0.0287 (0.113)
Z-score: 0.2537
P: 0.7997

Computing rg for phenotype 10/68
Reading summary statistics from ../output_sumstats/output_pmid24816252_citrate_eur.sumstats.gz ...
Read summary statistics for 1217311 SNPs.
After merging with summary statistics, 1169948 SNPs remain.
1023432 SNPs with valid alleles.

Heritability of phenotype 10/68
-------------------------------
Total Observed scale h2: 0.4533 (0.078)
Lambda GC: 1.0957
Mean Chi^2: 1.1227
Intercept: 1.0585 (0.0079)
Ratio: 0.4764 (0.0641)

Genetic Covariance
------------------
Total Observed scale gencov: 0.0069 (0.0075)
Mean z1*z2: 0.0007
Intercept: -0.0053 (0.0047)

Genetic Correlation
-------------------
Genetic Correlation: 0.0544 (0.0592)
Z-score: 0.9189
P: 0.3582

Computing rg for phenotype 11/68
Reading summary statistics from ../output_sumstats/output_pmid24816252_glutamate_eur.sumstats.gz ...
Read summary statistics for 1217311 SNPs.
After merging with summary statistics, 1169948 SNPs remain.
1023432 SNPs with valid alleles.

Heritability of phenotype 11/68
-------------------------------
Total Observed scale h2: 0.1569 (0.0578)
Lambda GC: 0.9576
Mean Chi^2: 0.9555
Intercept: 0.9329 (0.0062)
Ratio: NA (mean chi^2 < 1)

Genetic Covariance
------------------
Total Observed scale gencov: -0.0022 (0.0072)
Mean z1*z2: 0.0009
Intercept: 0.0037 (0.0045)

Genetic Correlation
-------------------
Genetic Correlation: -0.029 (0.0959)
Z-score: -0.302
P: 0.7627

Computing rg for phenotype 12/68
Reading summary statistics from ../output_sumstats/output_pmid24816252_glycerol_eur.sumstats.gz ...
Read summary statistics for 1217311 SNPs.
After merging with summary statistics, 1169948 SNPs remain.
1023432 SNPs with valid alleles.

Heritability of phenotype 12/68
-------------------------------
Total Observed scale h2: -0.1319 (0.0604)
Lambda GC: 0.9868
Mean Chi^2: 0.9974
Intercept: 1.0167 (0.0069)
Ratio: NA (mean chi^2 < 1)

Genetic Covariance
------------------
Total Observed scale gencov: 0.0076 (0.0072)
Mean z1*z2: 0.0084
Intercept: 0.0014 (0.0043)

Genetic Correlation
-------------------
Genetic Correlation: nan (nan) (h2  out of bounds) 
Z-score: nan (nan) (h2  out of bounds)
P: nan (nan) (h2  out of bounds)
WARNING: One of the h2's was out of bounds.
This usually indicates a data-munging error or that h2 or N is low.

Computing rg for phenotype 13/68
Reading summary statistics from ../output_sumstats/output_pmid24816252_histidine_eur.sumstats.gz ...
Read summary statistics for 1217311 SNPs.
After merging with summary statistics, 1169948 SNPs remain.
1023432 SNPs with valid alleles.

Heritability of phenotype 13/68
-------------------------------
Total Observed scale h2: 0.4342 (0.0714)
Lambda GC: 0.81
Mean Chi^2: 0.8193
Intercept: 0.7584 (0.0063)
Ratio: NA (mean chi^2 < 1)

Genetic Covariance
------------------
Total Observed scale gencov: -0.0059 (0.0069)
Mean z1*z2: -0.0014
Intercept: 0.0039 (0.0041)

Genetic Correlation
-------------------
Genetic Correlation: -0.047 (0.0557)
Z-score: -0.843
P: 0.3992

Computing rg for phenotype 14/68
Reading summary statistics from ../output_sumstats/output_pmid24816252_isoleucine_eur.sumstats.gz ...
Read summary statistics for 1217311 SNPs.
After merging with summary statistics, 1169948 SNPs remain.
1023432 SNPs with valid alleles.

Heritability of phenotype 14/68
-------------------------------
Total Observed scale h2: -0.2861 (0.0582)
Lambda GC: 0.9489
Mean Chi^2: 0.9589
Intercept: 1.0008 (0.0064)
Ratio: NA (mean chi^2 < 1)

Genetic Covariance
------------------
Total Observed scale gencov: 0.0014 (0.0074)
Mean z1*z2: -0.0008
Intercept: -0.002 (0.0046)

Genetic Correlation
-------------------
Genetic Correlation: nan (nan) (h2  out of bounds) 
Z-score: nan (nan) (h2  out of bounds)
P: nan (nan) (h2  out of bounds)
WARNING: One of the h2's was out of bounds.
This usually indicates a data-munging error or that h2 or N is low.

Computing rg for phenotype 15/68
Reading summary statistics from ../output_sumstats/output_pmid24816252_phenylalanine_eur.sumstats.gz ...
Read summary statistics for 1217311 SNPs.
After merging with summary statistics, 1169948 SNPs remain.
1023432 SNPs with valid alleles.

Heritability of phenotype 15/68
-------------------------------
Total Observed scale h2: 0.3273 (0.0439)
Lambda GC: 0.8207
Mean Chi^2: 0.8233
Intercept: 0.7778 (0.0051)
Ratio: NA (mean chi^2 < 1)

Genetic Covariance
------------------
Total Observed scale gencov: 0.0022 (0.0068)
Mean z1*z2: 0.0033
Intercept: 0.0012 (0.0043)

Genetic Correlation
-------------------
Genetic Correlation: 0.0202 (0.0628)
Z-score: 0.3223
P: 0.7473

Computing rg for phenotype 16/68
Reading summary statistics from ../output_sumstats/output_pmid24816252_proline_eur.sumstats.gz ...
Read summary statistics for 1217311 SNPs.
After merging with summary statistics, 1169948 SNPs remain.
1023432 SNPs with valid alleles.

Heritability of phenotype 16/68
-------------------------------
Total Observed scale h2: 0.3781 (0.0888)
Lambda GC: 1.0649
Mean Chi^2: 1.092
Intercept: 1.0372 (0.0123)
Ratio: 0.4042 (0.1342)

Genetic Covariance
------------------
Total Observed scale gencov: 0.0082 (0.0084)
Mean z1*z2: 0.0009
Intercept: -0.0077 (0.0051)

Genetic Correlation
-------------------
Genetic Correlation: 0.0705 (0.0718)
Z-score: 0.981
P: 0.3266

Computing rg for phenotype 17/68
Reading summary statistics from ../output_sumstats/output_pmid24816252_pyruvate_eur.sumstats.gz ...
Read summary statistics for 1217311 SNPs.
After merging with summary statistics, 1169948 SNPs remain.
1023432 SNPs with valid alleles.

Heritability of phenotype 17/68
-------------------------------
Total Observed scale h2: 0.1438 (0.0546)
Lambda GC: 1.0195
Mean Chi^2: 1.0205
Intercept: 1.0001 (0.0058)
Ratio: 0.0035 (0.281)

Genetic Covariance
------------------
Total Observed scale gencov: -0.0087 (0.0073)
Mean z1*z2: -0.0054
Intercept: 0.0034 (0.0047)

Genetic Correlation
-------------------
Genetic Correlation: -0.1214 (0.1042)
Z-score: -1.165
P: 0.244

Computing rg for phenotype 18/68
Reading summary statistics from ../output_sumstats/output_pmid24816252_threonine_eur.sumstats.gz ...
Read summary statistics for 1217311 SNPs.
After merging with summary statistics, 1169948 SNPs remain.
1023432 SNPs with valid alleles.

Heritability of phenotype 18/68
-------------------------------
Total Observed scale h2: 0.0505 (0.0837)
Lambda GC: 1.0016
Mean Chi^2: 1.0149
Intercept: 1.0091 (0.0066)
Ratio: 0.6122 (0.442)

Genetic Covariance
------------------
Total Observed scale gencov: -0.0038 (0.0095)
Mean z1*z2: -0.0019
Intercept: 0.0008 (0.0048)

Genetic Correlation
-------------------
Genetic Correlation: -0.0886 (0.2506)
Z-score: -0.3536
P: 0.7237

Computing rg for phenotype 19/68
Reading summary statistics from ../output_sumstats/output_pmid24816252_tryptophan_eur.sumstats.gz ...
Read summary statistics for 1217311 SNPs.
After merging with summary statistics, 1169948 SNPs remain.
1023432 SNPs with valid alleles.

Heritability of phenotype 19/68
-------------------------------
Total Observed scale h2: 0.9157 (0.076)
Lambda GC: 1.0864
Mean Chi^2: 1.1816
Intercept: 1.0498 (0.0079)
Ratio: 0.274 (0.0437)

Genetic Covariance
------------------
Total Observed scale gencov: 0.0003 (0.0078)
Mean z1*z2: -0.003
Intercept: -0.0023 (0.0048)

Genetic Correlation
-------------------
Genetic Correlation: 0.0016 (0.0433)
Z-score: 0.0371
P: 0.9704

Computing rg for phenotype 20/68
Reading summary statistics from ../output_sumstats/output_pmid24816252_tyrosine_eur.sumstats.gz ...
Read summary statistics for 1217311 SNPs.
After merging with summary statistics, 1169948 SNPs remain.
1023432 SNPs with valid alleles.

Heritability of phenotype 20/68
-------------------------------
Total Observed scale h2: 0.1739 (0.0716)
Lambda GC: 1.0466
Mean Chi^2: 1.0568
Intercept: 1.0315 (0.0073)
Ratio: 0.5542 (0.1277)

Genetic Covariance
------------------
Total Observed scale gencov: 0.0027 (0.0075)
Mean z1*z2: 0.0037
Intercept: 0.0016 (0.0044)

Genetic Correlation
-------------------
Genetic Correlation: 0.0336 (0.0961)
Z-score: 0.35
P: 0.7263

Computing rg for phenotype 21/68
Reading summary statistics from ../output_sumstats/output_pmid24816252_urea_eur.sumstats.gz ...
Read summary statistics for 1217311 SNPs.
After merging with summary statistics, 1169948 SNPs remain.
1023432 SNPs with valid alleles.

Heritability of phenotype 21/68
-------------------------------
Total Observed scale h2: -0.081 (0.0541)
Lambda GC: 0.9898
Mean Chi^2: 1.0008
Intercept: 1.0126 (0.0064)
Ratio: 16.0528 (8.2139)

Genetic Covariance
------------------
Total Observed scale gencov: -0.0041 (0.007)
Mean z1*z2: -0.0017
Intercept: 0.0008 (0.0044)

Genetic Correlation
-------------------
Genetic Correlation: nan (nan) (h2  out of bounds) 
Z-score: nan (nan) (h2  out of bounds)
P: nan (nan) (h2  out of bounds)
WARNING: One of the h2's was out of bounds.
This usually indicates a data-munging error or that h2 or N is low.

Computing rg for phenotype 22/68
Reading summary statistics from ../output_sumstats/output_pmid27386562_MS_eur.sumstats.gz ...
Read summary statistics for 1217311 SNPs.
After merging with summary statistics, 1169948 SNPs remain.
1136326 SNPs with valid alleles.

Heritability of phenotype 22/68
-------------------------------
Total Observed scale h2: 0.2438 (0.0478)
Lambda GC: 1.1238
Mean Chi^2: 1.1418
Intercept: 1.0663 (0.0086)
Ratio: 0.468 (0.061)

Genetic Covariance
------------------
Total Observed scale gencov: -0.0189 (0.0062)
Mean z1*z2: -0.0259
Intercept: 0.0006 (0.0055)

Genetic Correlation
-------------------
Genetic Correlation: -0.2002 (0.062)
Z-score: -3.2305
P: 0.0012

Computing rg for phenotype 23/68
Reading summary statistics from ../output_sumstats/output_pmid27455348_ALS_eur.sumstats.gz ...
Read summary statistics for 1217311 SNPs.
After merging with summary statistics, 1169948 SNPs remain.
1153847 SNPs with valid alleles.

Heritability of phenotype 23/68
-------------------------------
Total Observed scale h2: 0.0465 (0.0128)
Lambda GC: 1.0285
Mean Chi^2: 1.0316
Intercept: 0.9986 (0.0062)
Ratio < 0 (usually indicates GC correction).

Genetic Covariance
------------------
Total Observed scale gencov: 0.0041 (0.0031)
Mean z1*z2: 0.0226
Intercept: 0.0133 (0.0045)

Genetic Correlation
-------------------
Genetic Correlation: 0.0997 (0.0777)
Z-score: 1.2831
P: 0.1994

Computing rg for phenotype 24/68
Reading summary statistics from ../output_sumstats/output_pmid27989323_CTACK_eur.sumstats.gz ...
Read summary statistics for 1217311 SNPs.
After merging with summary statistics, 1169948 SNPs remain.
1156975 SNPs with valid alleles.
ERROR computing rg for phenotype 24/68, from file ../output_sumstats/output_pmid27989323_CTACK_eur.sumstats.gz.
Traceback (most recent call last):
  File "/Users/as/Documents/UNI/Bioinformatik/2023:24_WS/GoBi_Lokal/BlockTeil_Metabolomics/ldsc/ldscore/sumstats.py", line 410, in estimate_rg
    rghat = _rg(loop, args, log, M_annot, ref_ld_cnames, w_ld_cname, i)
  File "/Users/as/Documents/UNI/Bioinformatik/2023:24_WS/GoBi_Lokal/BlockTeil_Metabolomics/ldsc/ldscore/sumstats.py", line 539, in _rg
    intercept_gencov=intercepts[2], n_blocks=n_blocks, twostep=args.two_step)
  File "/Users/as/Documents/UNI/Bioinformatik/2023:24_WS/GoBi_Lokal/BlockTeil_Metabolomics/ldsc/ldscore/regressions.py", line 705, in __init__
    np.multiply(hsq1.tot_delete_values, hsq2.tot_delete_values))
FloatingPointError: invalid value encountered in sqrt


Computing rg for phenotype 25/68
Reading summary statistics from ../output_sumstats/output_pmid27989323_GCSF_eur.sumstats.gz ...
Read summary statistics for 1217311 SNPs.
After merging with summary statistics, 1169948 SNPs remain.
1157575 SNPs with valid alleles.

Heritability of phenotype 25/68
-------------------------------
Total Observed scale h2: 0.0199 (0.061)
Lambda GC: 1.0195
Mean Chi^2: 1.0106
Intercept: 1.0075 (0.0079)
Ratio: 0.7046 (0.7493)

Genetic Covariance
------------------
Total Observed scale gencov: 0.0036 (0.0074)
Mean z1*z2: 0.0054
Intercept: 0.0016 (0.0045)

Genetic Correlation
-------------------
Genetic Correlation: 0.1324 (0.3397)
Z-score: 0.3897
P: 0.6968

Computing rg for phenotype 26/68
Reading summary statistics from ../output_sumstats/output_pmid27989323_GROa_eur.sumstats.gz ...
Read summary statistics for 1217311 SNPs.
After merging with summary statistics, 1169948 SNPs remain.
60 SNPs with valid alleles.
WARNING: number of SNPs less than 200k; this is almost always bad.

Heritability of phenotype 26/68
-------------------------------
Total Observed scale h2: -57.5839 (29.0997)
Lambda GC: 0.3059
Mean Chi^2: 0.4039
Intercept: 1.6745 (0.6775)
Ratio: NA (mean chi^2 < 1)

Genetic Covariance
------------------
Total Observed scale gencov: 1.9429 (5.1871)
Mean z1*z2: 0.197
Intercept: -0.1715 (1.0583)

Genetic Correlation
-------------------
Genetic Correlation: nan (nan) (h2  out of bounds) 
Z-score: nan (nan) (h2  out of bounds)
P: nan (nan) (h2  out of bounds)
WARNING: One of the h2's was out of bounds.
This usually indicates a data-munging error or that h2 or N is low.

Computing rg for phenotype 27/68
Reading summary statistics from ../output_sumstats/output_pmid27989323_HGF_eur.sumstats.gz ...
Read summary statistics for 1217311 SNPs.
After merging with summary statistics, 1169948 SNPs remain.
1157626 SNPs with valid alleles.

Heritability of phenotype 27/68
-------------------------------
Total Observed scale h2: -0.0184 (0.0597)
Lambda GC: 1.0046
Mean Chi^2: 1.0065
Intercept: 1.0095 (0.0083)
Ratio: 1.4663 (1.2706)

Genetic Covariance
------------------
Total Observed scale gencov: 0.0031 (0.0069)
Mean z1*z2: -0.0005
Intercept: -0.0038 (0.0048)

Genetic Correlation
-------------------
Genetic Correlation: nan (nan) (h2  out of bounds) 
Z-score: nan (nan) (h2  out of bounds)
P: nan (nan) (h2  out of bounds)
WARNING: One of the h2's was out of bounds.
This usually indicates a data-munging error or that h2 or N is low.

Computing rg for phenotype 28/68
Reading summary statistics from ../output_sumstats/output_pmid27989323_IFNg_eur.sumstats.gz ...
Read summary statistics for 1217311 SNPs.
After merging with summary statistics, 1169948 SNPs remain.
1157575 SNPs with valid alleles.
ERROR computing rg for phenotype 28/68, from file ../output_sumstats/output_pmid27989323_IFNg_eur.sumstats.gz.
Traceback (most recent call last):
  File "/Users/as/Documents/UNI/Bioinformatik/2023:24_WS/GoBi_Lokal/BlockTeil_Metabolomics/ldsc/ldscore/sumstats.py", line 410, in estimate_rg
    rghat = _rg(loop, args, log, M_annot, ref_ld_cnames, w_ld_cname, i)
  File "/Users/as/Documents/UNI/Bioinformatik/2023:24_WS/GoBi_Lokal/BlockTeil_Metabolomics/ldsc/ldscore/sumstats.py", line 539, in _rg
    intercept_gencov=intercepts[2], n_blocks=n_blocks, twostep=args.two_step)
  File "/Users/as/Documents/UNI/Bioinformatik/2023:24_WS/GoBi_Lokal/BlockTeil_Metabolomics/ldsc/ldscore/regressions.py", line 705, in __init__
    np.multiply(hsq1.tot_delete_values, hsq2.tot_delete_values))
FloatingPointError: invalid value encountered in sqrt


Computing rg for phenotype 29/68
Reading summary statistics from ../output_sumstats/output_pmid27989323_IL10_eur.sumstats.gz ...
Read summary statistics for 1217311 SNPs.
After merging with summary statistics, 1169948 SNPs remain.
1157727 SNPs with valid alleles.

Heritability of phenotype 29/68
-------------------------------
Total Observed scale h2: -0.013 (0.0808)
Lambda GC: 1.0016
Mean Chi^2: 1.0166
Intercept: 1.0186 (0.0127)
Ratio: 1.1201 (0.7675)

Genetic Covariance
------------------
Total Observed scale gencov: 0.007 (0.0074)
Mean z1*z2: 0.007
Intercept: 8.918e-06 (0.0041)

Genetic Correlation
-------------------
Genetic Correlation: nan (nan) (h2  out of bounds) 
Z-score: nan (nan) (h2  out of bounds)
P: nan (nan) (h2  out of bounds)
WARNING: One of the h2's was out of bounds.
This usually indicates a data-munging error or that h2 or N is low.

Computing rg for phenotype 30/68
Reading summary statistics from ../output_sumstats/output_pmid27989323_IL12p70_eur.sumstats.gz ...
Read summary statistics for 1217311 SNPs.
After merging with summary statistics, 1169948 SNPs remain.
1157558 SNPs with valid alleles.

Heritability of phenotype 30/68
-------------------------------
Total Observed scale h2: -0.0193 (0.0922)
Lambda GC: 1.0255
Mean Chi^2: 1.0304
Intercept: 1.0336 (0.02)
Ratio: 1.1042 (0.6572)

Genetic Covariance
------------------
Total Observed scale gencov: 0.0114 (0.0065)
Mean z1*z2: 0.011
Intercept: -0.0012 (0.004)

Genetic Correlation
-------------------
Genetic Correlation: nan (nan) (h2  out of bounds) 
Z-score: nan (nan) (h2  out of bounds)
P: nan (nan) (h2  out of bounds)
WARNING: One of the h2's was out of bounds.
This usually indicates a data-munging error or that h2 or N is low.

Computing rg for phenotype 31/68
Reading summary statistics from ../output_sumstats/output_pmid27989323_IL13_eur.sumstats.gz ...
Read summary statistics for 1217311 SNPs.
After merging with summary statistics, 1169948 SNPs remain.
1156675 SNPs with valid alleles.

Heritability of phenotype 31/68
-------------------------------
Total Observed scale h2: -0.1491 (0.1643)
Lambda GC: 1.0046
Mean Chi^2: 1.0051
Intercept: 1.0156 (0.0127)
Ratio: 3.0789 (2.4921)

Genetic Covariance
------------------
Total Observed scale gencov: 0.0162 (0.0097)
Mean z1*z2: 0.0083
Intercept: -0.003 (0.0041)

Genetic Correlation
-------------------
Genetic Correlation: nan (nan) (h2  out of bounds) 
Z-score: nan (nan) (h2  out of bounds)
P: nan (nan) (h2  out of bounds)
WARNING: One of the h2's was out of bounds.
This usually indicates a data-munging error or that h2 or N is low.

Computing rg for phenotype 32/68
Reading summary statistics from ../output_sumstats/output_pmid27989323_IL16_eur.sumstats.gz ...
Read summary statistics for 1217311 SNPs.
After merging with summary statistics, 1169948 SNPs remain.
1156911 SNPs with valid alleles.

Heritability of phenotype 32/68
-------------------------------
Total Observed scale h2: -0.0718 (0.131)
Lambda GC: 0.9898
Mean Chi^2: 0.9901
Intercept: 0.9951 (0.0075)
Ratio: NA (mean chi^2 < 1)

Genetic Covariance
------------------
Total Observed scale gencov: 0.0126 (0.0109)
Mean z1*z2: 0.0055
Intercept: -0.0035 (0.0049)

Genetic Correlation
-------------------
Genetic Correlation: nan (nan) (h2  out of bounds) 
Z-score: nan (nan) (h2  out of bounds)
P: nan (nan) (h2  out of bounds)
WARNING: One of the h2's was out of bounds.
This usually indicates a data-munging error or that h2 or N is low.

Computing rg for phenotype 33/68
Reading summary statistics from ../output_sumstats/output_pmid27989323_IL17_eur.sumstats.gz ...
Read summary statistics for 1217311 SNPs.
After merging with summary statistics, 1169948 SNPs remain.
2113 SNPs with valid alleles.
WARNING: number of SNPs less than 200k; this is almost always bad.

Heritability of phenotype 33/68
-------------------------------
Total Observed scale h2: -3.1862 (1.3958)
Lambda GC: 1.1301
Mean Chi^2: 1.1963
Intercept: 1.4678 (0.1382)
Ratio: 2.383 (0.704)

Genetic Covariance
------------------
Total Observed scale gencov: 0.0143 (0.218)
Mean z1*z2: -0.0183
Intercept: -0.0235 (0.1153)

Genetic Correlation
-------------------
Genetic Correlation: nan (nan) (h2  out of bounds) 
Z-score: nan (nan) (h2  out of bounds)
P: nan (nan) (h2  out of bounds)
WARNING: One of the h2's was out of bounds.
This usually indicates a data-munging error or that h2 or N is low.

Computing rg for phenotype 34/68
Reading summary statistics from ../output_sumstats/output_pmid27989323_IL18_eur.sumstats.gz ...
Read summary statistics for 1217311 SNPs.
After merging with summary statistics, 1169948 SNPs remain.
386932 SNPs with valid alleles.
ERROR computing rg for phenotype 34/68, from file ../output_sumstats/output_pmid27989323_IL18_eur.sumstats.gz.
Traceback (most recent call last):
  File "/Users/as/Documents/UNI/Bioinformatik/2023:24_WS/GoBi_Lokal/BlockTeil_Metabolomics/ldsc/ldscore/sumstats.py", line 410, in estimate_rg
    rghat = _rg(loop, args, log, M_annot, ref_ld_cnames, w_ld_cname, i)
  File "/Users/as/Documents/UNI/Bioinformatik/2023:24_WS/GoBi_Lokal/BlockTeil_Metabolomics/ldsc/ldscore/sumstats.py", line 539, in _rg
    intercept_gencov=intercepts[2], n_blocks=n_blocks, twostep=args.two_step)
  File "/Users/as/Documents/UNI/Bioinformatik/2023:24_WS/GoBi_Lokal/BlockTeil_Metabolomics/ldsc/ldscore/regressions.py", line 705, in __init__
    np.multiply(hsq1.tot_delete_values, hsq2.tot_delete_values))
FloatingPointError: invalid value encountered in sqrt


Computing rg for phenotype 35/68
Reading summary statistics from ../output_sumstats/output_pmid27989323_IL1ra_eur.sumstats.gz ...
Read summary statistics for 1217311 SNPs.
After merging with summary statistics, 1169948 SNPs remain.
1156981 SNPs with valid alleles.
ERROR computing rg for phenotype 35/68, from file ../output_sumstats/output_pmid27989323_IL1ra_eur.sumstats.gz.
Traceback (most recent call last):
  File "/Users/as/Documents/UNI/Bioinformatik/2023:24_WS/GoBi_Lokal/BlockTeil_Metabolomics/ldsc/ldscore/sumstats.py", line 410, in estimate_rg
    rghat = _rg(loop, args, log, M_annot, ref_ld_cnames, w_ld_cname, i)
  File "/Users/as/Documents/UNI/Bioinformatik/2023:24_WS/GoBi_Lokal/BlockTeil_Metabolomics/ldsc/ldscore/sumstats.py", line 539, in _rg
    intercept_gencov=intercepts[2], n_blocks=n_blocks, twostep=args.two_step)
  File "/Users/as/Documents/UNI/Bioinformatik/2023:24_WS/GoBi_Lokal/BlockTeil_Metabolomics/ldsc/ldscore/regressions.py", line 705, in __init__
    np.multiply(hsq1.tot_delete_values, hsq2.tot_delete_values))
FloatingPointError: invalid value encountered in sqrt


Computing rg for phenotype 36/68
Reading summary statistics from ../output_sumstats/output_pmid27989323_IL2_eur.sumstats.gz ...
Read summary statistics for 1217311 SNPs.
After merging with summary statistics, 1169948 SNPs remain.
1156538 SNPs with valid alleles.

Heritability of phenotype 36/68
-------------------------------
Total Observed scale h2: -0.0841 (0.1312)
Lambda GC: 1.0135
Mean Chi^2: 1.0066
Intercept: 1.0125 (0.0072)
Ratio: 1.8774 (1.0894)

Genetic Covariance
------------------
Total Observed scale gencov: 0.0184 (0.01)
Mean z1*z2: 0.0105
Intercept: -0.0012 (0.0044)

Genetic Correlation
-------------------
Genetic Correlation: nan (nan) (h2  out of bounds) 
Z-score: nan (nan) (h2  out of bounds)
P: nan (nan) (h2  out of bounds)
WARNING: One of the h2's was out of bounds.
This usually indicates a data-munging error or that h2 or N is low.

Computing rg for phenotype 37/68
Reading summary statistics from ../output_sumstats/output_pmid27989323_IL2ra_eur.sumstats.gz ...
Read summary statistics for 1217311 SNPs.
After merging with summary statistics, 1169948 SNPs remain.
1157047 SNPs with valid alleles.

Heritability of phenotype 37/68
-------------------------------
Total Observed scale h2: 0.0523 (0.1184)
Lambda GC: 1.0105
Mean Chi^2: 1.0077
Intercept: 1.0039 (0.0067)
Ratio: 0.5103 (0.8722)

Genetic Covariance
------------------
Total Observed scale gencov: 0.0188 (0.0103)
Mean z1*z2: 0.0061
Intercept: -0.0065 (0.0046)

Genetic Correlation
-------------------
Genetic Correlation: 0.4294 (0.5616)
Z-score: 0.7646
P: 0.4445

Computing rg for phenotype 38/68
Reading summary statistics from ../output_sumstats/output_pmid27989323_IL4_eur.sumstats.gz ...
Read summary statistics for 1217311 SNPs.
After merging with summary statistics, 1169948 SNPs remain.
1157375 SNPs with valid alleles.

Heritability of phenotype 38/68
-------------------------------
Total Observed scale h2: -0.0378 (0.0608)
Lambda GC: 1.0016
Mean Chi^2: 1.0034
Intercept: 1.0095 (0.008)
Ratio: 2.8071 (2.3814)

Genetic Covariance
------------------
Total Observed scale gencov: 0.0119 (0.0071)
Mean z1*z2: 0.0134
Intercept: 0.0009 (0.0047)

Genetic Correlation
-------------------
Genetic Correlation: nan (nan) (h2  out of bounds) 
Z-score: nan (nan) (h2  out of bounds)
P: nan (nan) (h2  out of bounds)
WARNING: One of the h2's was out of bounds.
This usually indicates a data-munging error or that h2 or N is low.

Computing rg for phenotype 39/68
Reading summary statistics from ../output_sumstats/output_pmid27989323_IL5_eur.sumstats.gz ...
Read summary statistics for 1217311 SNPs.
After merging with summary statistics, 1169948 SNPs remain.
1155310 SNPs with valid alleles.

Heritability of phenotype 39/68
-------------------------------
Total Observed scale h2: -0.1078 (0.1396)
Lambda GC: 1.0075
Mean Chi^2: 1.0033
Intercept: 1.0106 (0.0075)
Ratio: 3.1613 (2.2581)

Genetic Covariance
------------------
Total Observed scale gencov: 0.0229 (0.0103)
Mean z1*z2: 0.0086
Intercept: -0.0062 (0.0042)

Genetic Correlation
-------------------
Genetic Correlation: nan (nan) (h2  out of bounds) 
Z-score: nan (nan) (h2  out of bounds)
P: nan (nan) (h2  out of bounds)
WARNING: One of the h2's was out of bounds.
This usually indicates a data-munging error or that h2 or N is low.

Computing rg for phenotype 40/68
Reading summary statistics from ../output_sumstats/output_pmid27989323_IL6_eur.sumstats.gz ...
Read summary statistics for 1217311 SNPs.
After merging with summary statistics, 1169948 SNPs remain.
1157661 SNPs with valid alleles.

Heritability of phenotype 40/68
-------------------------------
Total Observed scale h2: -0.0023 (0.056)
Lambda GC: 1.0105
Mean Chi^2: 1.0073
Intercept: 1.0076 (0.0069)
Ratio: 1.0511 (0.9554)

Genetic Covariance
------------------
Total Observed scale gencov: 0.0119 (0.0064)
Mean z1*z2: 0.0146
Intercept: 0.0021 (0.0042)

Genetic Correlation
-------------------
Genetic Correlation: nan (nan) (h2  out of bounds) 
Z-score: nan (nan) (h2  out of bounds)
P: nan (nan) (h2  out of bounds)
WARNING: One of the h2's was out of bounds.
This usually indicates a data-munging error or that h2 or N is low.

Computing rg for phenotype 41/68
Reading summary statistics from ../output_sumstats/output_pmid27989323_IL7_eur.sumstats.gz ...
Read summary statistics for 1217311 SNPs.
After merging with summary statistics, 1169948 SNPs remain.
1157325 SNPs with valid alleles.

Heritability of phenotype 41/68
-------------------------------
Total Observed scale h2: -0.0127 (0.1603)
Lambda GC: 1.0046
Mean Chi^2: 1.01
Intercept: 1.0108 (0.0091)
Ratio: 1.0866 (0.9141)

Genetic Covariance
------------------
Total Observed scale gencov: 0.0173 (0.0107)
Mean z1*z2: 0.0082
Intercept: -0.004 (0.0044)

Genetic Correlation
-------------------
Genetic Correlation: nan (nan) (h2  out of bounds) 
Z-score: nan (nan) (h2  out of bounds)
P: nan (nan) (h2  out of bounds)
WARNING: One of the h2's was out of bounds.
This usually indicates a data-munging error or that h2 or N is low.

Computing rg for phenotype 42/68
Reading summary statistics from ../output_sumstats/output_pmid27989323_IL8_eur.sumstats.gz ...
Read summary statistics for 1217311 SNPs.
After merging with summary statistics, 1169948 SNPs remain.
1156165 SNPs with valid alleles.

Heritability of phenotype 42/68
-------------------------------
Total Observed scale h2: -0.0107 (0.1262)
Lambda GC: 1.0016
Mean Chi^2: 1.0052
Intercept: 1.006 (0.0068)
Ratio: 1.1436 (1.3034)

Genetic Covariance
------------------
Total Observed scale gencov: 0.009 (0.0097)
Mean z1*z2: 0.0057
Intercept: -3.9315e-05 (0.0045)

Genetic Correlation
-------------------
Genetic Correlation: nan (nan) (h2  out of bounds) 
Z-score: nan (nan) (h2  out of bounds)
P: nan (nan) (h2  out of bounds)
WARNING: One of the h2's was out of bounds.
This usually indicates a data-munging error or that h2 or N is low.

Computing rg for phenotype 43/68
Reading summary statistics from ../output_sumstats/output_pmid27989323_IL9_eur.sumstats.gz ...
Read summary statistics for 1217311 SNPs.
After merging with summary statistics, 1169948 SNPs remain.
1156969 SNPs with valid alleles.

Heritability of phenotype 43/68
-------------------------------
Total Observed scale h2: -0.1538 (0.1238)
Lambda GC: 1.0105
Mean Chi^2: 1.0005
Intercept: 1.0116 (0.007)
Ratio: 22.784 (13.618)

Genetic Covariance
------------------
Total Observed scale gencov: 0.0222 (0.0107)
Mean z1*z2: 0.0081
Intercept: -0.0069 (0.0045)

Genetic Correlation
-------------------
Genetic Correlation: nan (nan) (h2  out of bounds) 
Z-score: nan (nan) (h2  out of bounds)
P: nan (nan) (h2  out of bounds)
WARNING: One of the h2's was out of bounds.
This usually indicates a data-munging error or that h2 or N is low.

Computing rg for phenotype 44/68
Reading summary statistics from ../output_sumstats/output_pmid27989323_MCP1_eur.sumstats.gz ...
Read summary statistics for 1217311 SNPs.
After merging with summary statistics, 1169948 SNPs remain.
1157712 SNPs with valid alleles.

Heritability of phenotype 44/68
-------------------------------
Total Observed scale h2: 0.1668 (0.0828)
Lambda GC: 1.0105
Mean Chi^2: 1.0225
Intercept: 0.9952 (0.008)
Ratio < 0 (usually indicates GC correction).

Genetic Covariance
------------------
Total Observed scale gencov: 0.0056 (0.0071)
Mean z1*z2: 0.0052
Intercept: -0.0003 (0.0048)

Genetic Correlation
-------------------
Genetic Correlation: 0.0715 (0.0952)
Z-score: 0.7513
P: 0.4524

Computing rg for phenotype 45/68
Reading summary statistics from ../output_sumstats/output_pmid27989323_MCP3_eur.sumstats.gz ...
Read summary statistics for 1217311 SNPs.
After merging with summary statistics, 1169948 SNPs remain.
1122618 SNPs with valid alleles.

Heritability of phenotype 45/68
-------------------------------
Total Observed scale h2: -0.8283 (0.5767)
Lambda GC: 0.9986
Mean Chi^2: 0.9989
Intercept: 1.013 (0.0079)
Ratio: NA (mean chi^2 < 1)

Genetic Covariance
------------------
Total Observed scale gencov: -0.0034 (0.0212)
Mean z1*z2: -0.0041
Intercept: -0.0025 (0.0047)

Genetic Correlation
-------------------
Genetic Correlation: nan (nan) (h2  out of bounds) 
Z-score: nan (nan) (h2  out of bounds)
P: nan (nan) (h2  out of bounds)
WARNING: One of the h2's was out of bounds.
This usually indicates a data-munging error or that h2 or N is low.

Computing rg for phenotype 46/68
Reading summary statistics from ../output_sumstats/output_pmid27989323_MCSF_eur.sumstats.gz ...
Read summary statistics for 1217311 SNPs.
After merging with summary statistics, 1169948 SNPs remain.
1154820 SNPs with valid alleles.

Heritability of phenotype 46/68
-------------------------------
Total Observed scale h2: 0.1677 (0.5104)
Lambda GC: 0.9986
Mean Chi^2: 0.9934
Intercept: 0.9906 (0.0069)
Ratio: NA (mean chi^2 < 1)

Genetic Covariance
------------------
Total Observed scale gencov: -0.0035 (0.0233)
Mean z1*z2: -0.002
Intercept: -0.0002 (0.0047)

Genetic Correlation
-------------------
Genetic Correlation: -0.0446 (0.3198)
Z-score: -0.1394
P: 0.8891

Computing rg for phenotype 47/68
Reading summary statistics from ../output_sumstats/output_pmid27989323_MIF_eur.sumstats.gz ...
Read summary statistics for 1217311 SNPs.
After merging with summary statistics, 1169948 SNPs remain.
1157008 SNPs with valid alleles.

Heritability of phenotype 47/68
-------------------------------
Total Observed scale h2: 0.0856 (0.1359)
Lambda GC: 1.0105
Mean Chi^2: 1.0112
Intercept: 1.0052 (0.0072)
Ratio: 0.4674 (0.6408)

Genetic Covariance
------------------
Total Observed scale gencov: 0.0274 (0.0118)
Mean z1*z2: 0.0143
Intercept: -0.0037 (0.0047)

Genetic Correlation
-------------------
Genetic Correlation: 0.4874 (0.4558)
Z-score: 1.0695
P: 0.2848

Computing rg for phenotype 48/68
Reading summary statistics from ../output_sumstats/output_pmid27989323_MIG_eur.sumstats.gz ...
Read summary statistics for 1217311 SNPs.
After merging with summary statistics, 1169948 SNPs remain.
1156827 SNPs with valid alleles.

Heritability of phenotype 48/68
-------------------------------
Total Observed scale h2: -0.1241 (0.1084)
Lambda GC: 1.0046
Mean Chi^2: 1.0045
Intercept: 1.0137 (0.0064)
Ratio: 3.0006 (1.4017)

Genetic Covariance
------------------
Total Observed scale gencov: 0.0066 (0.0119)
Mean z1*z2: 0.0108
Intercept: 0.0069 (0.0046)

Genetic Correlation
-------------------
Genetic Correlation: nan (nan) (h2  out of bounds) 
Z-score: nan (nan) (h2  out of bounds)
P: nan (nan) (h2  out of bounds)
WARNING: One of the h2's was out of bounds.
This usually indicates a data-munging error or that h2 or N is low.

Computing rg for phenotype 49/68
Reading summary statistics from ../output_sumstats/output_pmid27989323_MIP1a_eur.sumstats.gz ...
Read summary statistics for 1217311 SNPs.
After merging with summary statistics, 1169948 SNPs remain.
1156236 SNPs with valid alleles.

Heritability of phenotype 49/68
-------------------------------
Total Observed scale h2: -0.1217 (0.1408)
Lambda GC: 0.9957
Mean Chi^2: 0.9988
Intercept: 1.0074 (0.0072)
Ratio: NA (mean chi^2 < 1)

Genetic Covariance
------------------
Total Observed scale gencov: 0.0266 (0.0102)
Mean z1*z2: 0.0112
Intercept: -0.0068 (0.0047)

Genetic Correlation
-------------------
Genetic Correlation: nan (nan) (h2  out of bounds) 
Z-score: nan (nan) (h2  out of bounds)
P: nan (nan) (h2  out of bounds)
WARNING: One of the h2's was out of bounds.
This usually indicates a data-munging error or that h2 or N is low.

Computing rg for phenotype 50/68
Reading summary statistics from ../output_sumstats/output_pmid27989323_MIP1b_eur.sumstats.gz ...
Read summary statistics for 1217311 SNPs.
After merging with summary statistics, 1169948 SNPs remain.
1157639 SNPs with valid alleles.
ERROR computing rg for phenotype 50/68, from file ../output_sumstats/output_pmid27989323_MIP1b_eur.sumstats.gz.
Traceback (most recent call last):
  File "/Users/as/Documents/UNI/Bioinformatik/2023:24_WS/GoBi_Lokal/BlockTeil_Metabolomics/ldsc/ldscore/sumstats.py", line 410, in estimate_rg
    rghat = _rg(loop, args, log, M_annot, ref_ld_cnames, w_ld_cname, i)
  File "/Users/as/Documents/UNI/Bioinformatik/2023:24_WS/GoBi_Lokal/BlockTeil_Metabolomics/ldsc/ldscore/sumstats.py", line 539, in _rg
    intercept_gencov=intercepts[2], n_blocks=n_blocks, twostep=args.two_step)
  File "/Users/as/Documents/UNI/Bioinformatik/2023:24_WS/GoBi_Lokal/BlockTeil_Metabolomics/ldsc/ldscore/regressions.py", line 705, in __init__
    np.multiply(hsq1.tot_delete_values, hsq2.tot_delete_values))
FloatingPointError: invalid value encountered in sqrt


Computing rg for phenotype 51/68
Reading summary statistics from ../output_sumstats/output_pmid27989323_PDGFbb_eur.sumstats.gz ...
Read summary statistics for 1217311 SNPs.
After merging with summary statistics, 1169948 SNPs remain.
1157658 SNPs with valid alleles.

Heritability of phenotype 51/68
-------------------------------
Total Observed scale h2: -0.0034 (0.0647)
Lambda GC: 1.0225
Mean Chi^2: 1.0208
Intercept: 1.0214 (0.0088)
Ratio: 1.0268 (0.4234)

Genetic Covariance
------------------
Total Observed scale gencov: 0.0102 (0.0077)
Mean z1*z2: 0.0066
Intercept: -0.004 (0.0047)

Genetic Correlation
-------------------
Genetic Correlation: nan (nan) (h2  out of bounds) 
Z-score: nan (nan) (h2  out of bounds)
P: nan (nan) (h2  out of bounds)
WARNING: One of the h2's was out of bounds.
This usually indicates a data-munging error or that h2 or N is low.

Computing rg for phenotype 52/68
Reading summary statistics from ../output_sumstats/output_pmid27989323_RANTES_eur.sumstats.gz ...
Read summary statistics for 1217311 SNPs.
After merging with summary statistics, 1169948 SNPs remain.
1156605 SNPs with valid alleles.

Heritability of phenotype 52/68
-------------------------------
Total Observed scale h2: 0.1394 (0.1272)
Lambda GC: 1.0046
Mean Chi^2: 1.008
Intercept: 0.9985 (0.0069)
Ratio < 0 (usually indicates GC correction).

Genetic Covariance
------------------
Total Observed scale gencov: -0.0032 (0.0115)
Mean z1*z2: -0.0017
Intercept: 0.0007 (0.0046)

Genetic Correlation
-------------------
Genetic Correlation: -0.0441 (0.1652)
Z-score: -0.2668
P: 0.7896

Computing rg for phenotype 53/68
Reading summary statistics from ../output_sumstats/output_pmid27989323_SCF_eur.sumstats.gz ...
Read summary statistics for 1217311 SNPs.
After merging with summary statistics, 1169948 SNPs remain.
1157502 SNPs with valid alleles.

Heritability of phenotype 53/68
-------------------------------
Total Observed scale h2: -0.0584 (0.056)
Lambda GC: 1.0046
Mean Chi^2: 1.0092
Intercept: 1.0189 (0.0071)
Ratio: 2.042 (0.7717)

Genetic Covariance
------------------
Total Observed scale gencov: -0.0115 (0.0071)
Mean z1*z2: -0.0085
Intercept: 0.0024 (0.0043)

Genetic Correlation
-------------------
Genetic Correlation: nan (nan) (h2  out of bounds) 
Z-score: nan (nan) (h2  out of bounds)
P: nan (nan) (h2  out of bounds)
WARNING: One of the h2's was out of bounds.
This usually indicates a data-munging error or that h2 or N is low.

Computing rg for phenotype 54/68
Reading summary statistics from ../output_sumstats/output_pmid27989323_SCGFb_eur.sumstats.gz ...
Read summary statistics for 1217311 SNPs.
After merging with summary statistics, 1169948 SNPs remain.
515409 SNPs with valid alleles.

Heritability of phenotype 54/68
-------------------------------
Total Observed scale h2: 0.0891 (0.1828)
Lambda GC: 1.0165
Mean Chi^2: 1.0187
Intercept: 1.0119 (0.0104)
Ratio: 0.6372 (0.5568)

Genetic Covariance
------------------
Total Observed scale gencov: 0.037 (0.0151)
Mean z1*z2: 0.0142
Intercept: -0.0117 (0.0074)

Genetic Correlation
-------------------
Genetic Correlation: 0.6381 (0.8065)
Z-score: 0.7912
P: 0.4288

Computing rg for phenotype 55/68
Reading summary statistics from ../output_sumstats/output_pmid27989323_SDF1_eur.sumstats.gz ...
Read summary statistics for 1217311 SNPs.
After merging with summary statistics, 1169948 SNPs remain.
1157244 SNPs with valid alleles.

Heritability of phenotype 55/68
-------------------------------
Total Observed scale h2: -0.0103 (0.0776)
Lambda GC: 0.9898
Mean Chi^2: 0.9972
Intercept: 0.9984 (0.0073)
Ratio: NA (mean chi^2 < 1)

Genetic Covariance
------------------
Total Observed scale gencov: 0.015 (0.0085)
Mean z1*z2: 0.0113
Intercept: -0.002 (0.0042)

Genetic Correlation
-------------------
Genetic Correlation: nan (nan) (h2  out of bounds) 
Z-score: nan (nan) (h2  out of bounds)
P: nan (nan) (h2  out of bounds)
WARNING: One of the h2's was out of bounds.
This usually indicates a data-munging error or that h2 or N is low.

Computing rg for phenotype 56/68
Reading summary statistics from ../output_sumstats/output_pmid27989323_TNFa_eur.sumstats.gz ...
Read summary statistics for 1217311 SNPs.
After merging with summary statistics, 1169948 SNPs remain.
1156332 SNPs with valid alleles.

Heritability of phenotype 56/68
-------------------------------
Total Observed scale h2: -0.0573 (0.1312)
Lambda GC: 0.9868
Mean Chi^2: 0.9934
Intercept: 0.9974 (0.0069)
Ratio: NA (mean chi^2 < 1)

Genetic Covariance
------------------
Total Observed scale gencov: 0.0136 (0.0099)
Mean z1*z2: 0.0052
Intercept: -0.0036 (0.0041)

Genetic Correlation
-------------------
Genetic Correlation: nan (nan) (h2  out of bounds) 
Z-score: nan (nan) (h2  out of bounds)
P: nan (nan) (h2  out of bounds)
WARNING: One of the h2's was out of bounds.
This usually indicates a data-munging error or that h2 or N is low.

Computing rg for phenotype 57/68
Reading summary statistics from ../output_sumstats/output_pmid27989323_TNFb_eur.sumstats.gz ...
Read summary statistics for 1217311 SNPs.
After merging with summary statistics, 1169948 SNPs remain.
1046269 SNPs with valid alleles.

Heritability of phenotype 57/68
-------------------------------
Total Observed scale h2: -0.444 (0.3104)
Lambda GC: 1.0075
Mean Chi^2: 0.9958
Intercept: 1.0102 (0.0076)
Ratio: NA (mean chi^2 < 1)

Genetic Covariance
------------------
Total Observed scale gencov: 0.0218 (0.0179)
Mean z1*z2: 0.0042
Intercept: -0.005 (0.0054)

Genetic Correlation
-------------------
Genetic Correlation: nan (nan) (h2  out of bounds) 
Z-score: nan (nan) (h2  out of bounds)
P: nan (nan) (h2  out of bounds)
WARNING: One of the h2's was out of bounds.
This usually indicates a data-munging error or that h2 or N is low.

Computing rg for phenotype 58/68
Reading summary statistics from ../output_sumstats/output_pmid27989323_TRAIL_eur.sumstats.gz ...
Read summary statistics for 1217311 SNPs.
After merging with summary statistics, 1169948 SNPs remain.
1157563 SNPs with valid alleles.

Heritability of phenotype 58/68
-------------------------------
Total Observed scale h2: -0.0234 (0.0552)
Lambda GC: 1.0195
Mean Chi^2: 1.0178
Intercept: 1.0216 (0.0118)
Ratio: 1.2137 (0.6638)

Genetic Covariance
------------------
Total Observed scale gencov: 0.0015 (0.0068)
Mean z1*z2: -0.0053
Intercept: -0.0071 (0.0043)

Genetic Correlation
-------------------
Genetic Correlation: nan (nan) (h2  out of bounds) 
Z-score: nan (nan) (h2  out of bounds)
P: nan (nan) (h2  out of bounds)
WARNING: One of the h2's was out of bounds.
This usually indicates a data-munging error or that h2 or N is low.

Computing rg for phenotype 59/68
Reading summary statistics from ../output_sumstats/output_pmid27989323_bNGF_eur.sumstats.gz ...
Read summary statistics for 1217311 SNPs.
After merging with summary statistics, 1169948 SNPs remain.
1156480 SNPs with valid alleles.

Heritability of phenotype 59/68
-------------------------------
Total Observed scale h2: 0.2652 (0.1364)
Lambda GC: 1.0165
Mean Chi^2: 1.0127
Intercept: 0.994 (0.0077)
Ratio < 0 (usually indicates GC correction).

Genetic Covariance
------------------
Total Observed scale gencov: 0.0035 (0.0106)
Mean z1*z2: 0.0043
Intercept: 0.0025 (0.0046)

Genetic Correlation
-------------------
Genetic Correlation: 0.0355 (0.1086)
Z-score: 0.3266
P: 0.744

Computing rg for phenotype 60/68
Reading summary statistics from ../output_sumstats/output_pmid27989323_eotaxin_eur.sumstats.gz ...
Read summary statistics for 1217311 SNPs.
After merging with summary statistics, 1169948 SNPs remain.
1157470 SNPs with valid alleles.

Heritability of phenotype 60/68
-------------------------------
Total Observed scale h2: 0.1097 (0.0673)
Lambda GC: 1.0105
Mean Chi^2: 1.0249
Intercept: 1.0071 (0.0078)
Ratio: 0.284 (0.315)

Genetic Covariance
------------------
Total Observed scale gencov: 0.0148 (0.0073)
Mean z1*z2: 0.0112
Intercept: -0.0043 (0.0045)

Genetic Correlation
-------------------
Genetic Correlation: 0.2334 (0.1338)
Z-score: 1.7446
P: 0.081

Computing rg for phenotype 61/68
Reading summary statistics from ../output_sumstats/output_pmid27989323_ip10_eur.sumstats.gz ...
Read summary statistics for 1217311 SNPs.
After merging with summary statistics, 1169948 SNPs remain.
1156870 SNPs with valid alleles.

Heritability of phenotype 61/68
-------------------------------
Total Observed scale h2: 0.1376 (0.1245)
Lambda GC: 1.0225
Mean Chi^2: 1.0179
Intercept: 1.0078 (0.0075)
Ratio: 0.4376 (0.4203)

Genetic Covariance
------------------
Total Observed scale gencov: 0.0076 (0.0127)
Mean z1*z2: 0.009
Intercept: 0.0047 (0.0052)

Genetic Correlation
-------------------
Genetic Correlation: 0.1076 (0.1879)
Z-score: 0.5726
P: 0.5669

Computing rg for phenotype 62/68
Reading summary statistics from ../output_sumstats/output_pmid29566793_ALS_eur.sumstats.gz ...
Read summary statistics for 1217311 SNPs.
After merging with summary statistics, 1169948 SNPs remain.
1164709 SNPs with valid alleles.

Heritability of phenotype 62/68
-------------------------------
Total Observed scale h2: 0.0316 (0.007)
Lambda GC: 1.0496
Mean Chi^2: 1.0735
Intercept: 1.0224 (0.007)
Ratio: 0.3051 (0.095)

Genetic Covariance
------------------
Total Observed scale gencov: 0.0029 (0.0024)
Mean z1*z2: 0.0236
Intercept: 0.014 (0.0047)

Genetic Correlation
-------------------
Genetic Correlation: 0.0848 (0.072)
Z-score: 1.1773
P: 0.2391

Computing rg for phenotype 63/68
Reading summary statistics from ../output_sumstats/output_pmid29632382_T2d-BMIadj_eur.sumstats.gz ...
Read summary statistics for 1217311 SNPs.
After merging with summary statistics, 1169948 SNPs remain.
25977 SNPs with valid alleles.
WARNING: number of SNPs less than 200k; this is almost always bad.

Heritability of phenotype 63/68
-------------------------------
Total Observed scale h2: 0.1008 (0.0271)
Lambda GC: 1.2136
Mean Chi^2: 1.7906
Intercept: 1.0139 (0.0814)
Ratio: 0.0176 (0.1029)

Genetic Covariance
------------------
Total Observed scale gencov: 0.0005 (0.0049)
Mean z1*z2: -0.038
Intercept: -0.0414 (0.0246)

Genetic Correlation
-------------------
Genetic Correlation: 0.0049 (0.0499)
Z-score: 0.098
P: 0.9219

Computing rg for phenotype 64/68
Reading summary statistics from ../output_sumstats/output_pmid30054458_T2d_eur.sumstats.gz ...
Read summary statistics for 1217311 SNPs.
After merging with summary statistics, 1169948 SNPs remain.
997689 SNPs with valid alleles.

Heritability of phenotype 64/68
-------------------------------
Total Observed scale h2: 0.0458 (0.0029)
Lambda GC: 1.4602
Mean Chi^2: 1.6897
Intercept: 1.0539 (0.0191)
Ratio: 0.0781 (0.0276)

Genetic Covariance
------------------
Total Observed scale gencov: 0.0004 (0.0014)
Mean z1*z2: -0.0012
Intercept: -0.008 (0.0071)

Genetic Correlation
-------------------
Genetic Correlation: 0.0089 (0.0327)
Z-score: 0.2729
P: 0.7849

Computing rg for phenotype 65/68
Reading summary statistics from ../output_sumstats/output_pmid33111402_PD_eur.sumstats.gz ...
Read summary statistics for 1217311 SNPs.
After merging with summary statistics, 1169948 SNPs remain.
9907 SNPs with valid alleles.
WARNING: number of SNPs less than 200k; this is almost always bad.

Heritability of phenotype 65/68
-------------------------------
Total Observed scale h2: -2.4589 (1.1892)
Lambda GC: 0.9547
Mean Chi^2: 0.9496
Intercept: 1.0768 (0.0626)
Ratio: NA (mean chi^2 < 1)

Genetic Covariance
------------------
Total Observed scale gencov: 0.1245 (0.0692)
Mean z1*z2: 0.0306
Intercept: -0.0376 (0.039)

Genetic Correlation
-------------------
Genetic Correlation: nan (nan) (h2  out of bounds) 
Z-score: nan (nan) (h2  out of bounds)
P: nan (nan) (h2  out of bounds)
WARNING: One of the h2's was out of bounds.
This usually indicates a data-munging error or that h2 or N is low.

Computing rg for phenotype 66/68
Reading summary statistics from ../output_sumstats/output_pmid33589841_LBD_eur.sumstats.gz ...
Read summary statistics for 1217311 SNPs.
After merging with summary statistics, 1169948 SNPs remain.
1062394 SNPs with valid alleles.

Heritability of phenotype 66/68
-------------------------------
Total Observed scale h2: 0.1469 (0.0817)
Lambda GC: 1.0225
Mean Chi^2: 1.0249
Intercept: 1.0054 (0.0085)
Ratio: 0.216 (0.3426)

Genetic Covariance
------------------
Total Observed scale gencov: -0.0025 (0.0087)
Mean z1*z2: -0.0002
Intercept: 0.0023 (0.0045)

Genetic Correlation
-------------------
Genetic Correlation: -0.0333 (0.1209)
Z-score: -0.2755
P: 0.7829

Computing rg for phenotype 67/68
Reading summary statistics from ../output_sumstats/output_pmid33987465_PD_eur.sumstats.gz ...
Read summary statistics for 1217311 SNPs.
After merging with summary statistics, 1169948 SNPs remain.
1165625 SNPs with valid alleles.

Heritability of phenotype 67/68
-------------------------------
Total Observed scale h2: 0.3759 (0.1473)
Lambda GC: 1.0016
Mean Chi^2: 1.0054
Intercept: 0.9843 (0.0064)
Ratio < 0 (usually indicates GC correction).

Genetic Covariance
------------------
Total Observed scale gencov: 0.0018 (0.013)
Mean z1*z2: 0.0006
Intercept: -0.0002 (0.0049)

Genetic Correlation
-------------------
Genetic Correlation: 0.0158 (0.1124)
Z-score: 0.1402
P: 0.8885

Computing rg for phenotype 68/68
Reading summary statistics from ../output_sumstats/output_pmid34737426_APH_eur.sumstats.gz ...
Read summary statistics for 1217311 SNPs.
After merging with summary statistics, 1169948 SNPs remain.
1142878 SNPs with valid alleles.

Heritability of phenotype 68/68
-------------------------------
Total Observed scale h2: -0.0002 (0.0009)
Lambda GC: 0.9957
Mean Chi^2: 0.9853
Intercept: 0.9868 (0.0061)
Ratio: NA (mean chi^2 < 1)

Genetic Covariance
------------------
Total Observed scale gencov: 0.0005 (0.001)
Mean z1*z2: 0.0037
Intercept: 0.0003 (0.0044)

Genetic Correlation
-------------------
Genetic Correlation: nan (nan) (h2  out of bounds) 
Z-score: nan (nan) (h2  out of bounds)
P: nan (nan) (h2  out of bounds)
WARNING: One of the h2's was out of bounds.
This usually indicates a data-munging error or that h2 or N is low.


Summary of Genetic Correlation Results
                                                        p1                                                                      p2        rg         se          z         p     h2_obs  h2_obs_se  h2_int h2_int_se   gcov_int gcov_int_se
 ../output_sumstats/output_pmid33310728_RA_eur.sumstats.gz               ../output_sumstats/output_pmid33310728_RA_eur.sumstats.gz         1  5.786e-07  1.728e+06         0    0.03656   0.004116  0.9751   0.01175     0.9751     0.01175
 ../output_sumstats/output_pmid33310728_RA_eur.sumstats.gz               ../output_sumstats/output_pmid21833088_MS_eur.sumstats.gz    0.3385      0.132      2.565   0.01033    0.05664     0.0282   1.059  0.009035   0.008797    0.006049
 ../output_sumstats/output_pmid33310728_RA_eur.sumstats.gz               ../output_sumstats/output_pmid24076602_MS_eur.sumstats.gz    0.1216    0.07242       1.68   0.09305      1.596     0.2526   1.006   0.07824    0.07074     0.04387
 ../output_sumstats/output_pmid33310728_RA_eur.sumstats.gz  ../output_sumstats/output_pmid24816252_acetylcarnitine_eur.sumstats.gz        NA         NA         NA        NA    -0.2429    0.08239   1.021  0.007678  -0.001747    0.004416
 ../output_sumstats/output_pmid33310728_RA_eur.sumstats.gz          ../output_sumstats/output_pmid24816252_alanine_eur.sumstats.gz  -0.03323     0.0666     -0.499    0.6177     0.5286    0.07241   1.011  0.007067   0.003925    0.005176
 ../output_sumstats/output_pmid33310728_RA_eur.sumstats.gz         ../output_sumstats/output_pmid24816252_arginine_eur.sumstats.gz        NA         NA         NA        NA  -0.003051    0.06375   1.037  0.007215  0.0005282     0.00484
 ../output_sumstats/output_pmid33310728_RA_eur.sumstats.gz       ../output_sumstats/output_pmid24816252_asparagine_eur.sumstats.gz   0.04404    0.05947     0.7406     0.459     0.4957    0.06643   1.019  0.007118  -0.007722    0.004835
 ../output_sumstats/output_pmid33310728_RA_eur.sumstats.gz      ../output_sumstats/output_pmid24816252_cholesterol_eur.sumstats.gz   0.02867      0.113     0.2537    0.7997     0.1328    0.06911   1.044  0.006718   0.004724     0.00473
 ../output_sumstats/output_pmid33310728_RA_eur.sumstats.gz          ../output_sumstats/output_pmid24816252_citrate_eur.sumstats.gz   0.05439    0.05919     0.9189    0.3582     0.4533    0.07801   1.058  0.007873  -0.005321    0.004716
 ../output_sumstats/output_pmid33310728_RA_eur.sumstats.gz        ../output_sumstats/output_pmid24816252_glutamate_eur.sumstats.gz  -0.02897    0.09593     -0.302    0.7627     0.1569     0.0578  0.9329  0.006151    0.00375    0.004531
 ../output_sumstats/output_pmid33310728_RA_eur.sumstats.gz         ../output_sumstats/output_pmid24816252_glycerol_eur.sumstats.gz        NA         NA         NA        NA    -0.1319     0.0604   1.017   0.00695    0.00138    0.004285
 ../output_sumstats/output_pmid33310728_RA_eur.sumstats.gz        ../output_sumstats/output_pmid24816252_histidine_eur.sumstats.gz  -0.04696    0.05571     -0.843    0.3992     0.4342     0.0714  0.7584  0.006325   0.003852    0.004095
 ../output_sumstats/output_pmid33310728_RA_eur.sumstats.gz       ../output_sumstats/output_pmid24816252_isoleucine_eur.sumstats.gz        NA         NA         NA        NA    -0.2861    0.05823   1.001  0.006416  -0.001975    0.004637
 ../output_sumstats/output_pmid33310728_RA_eur.sumstats.gz    ../output_sumstats/output_pmid24816252_phenylalanine_eur.sumstats.gz   0.02023    0.06279     0.3223    0.7473     0.3273    0.04386  0.7778  0.005129   0.001197    0.004283
 ../output_sumstats/output_pmid33310728_RA_eur.sumstats.gz          ../output_sumstats/output_pmid24816252_proline_eur.sumstats.gz   0.07047    0.07183      0.981    0.3266     0.3781    0.08879   1.037   0.01234  -0.007702    0.005072
 ../output_sumstats/output_pmid33310728_RA_eur.sumstats.gz         ../output_sumstats/output_pmid24816252_pyruvate_eur.sumstats.gz   -0.1214     0.1042     -1.165     0.244     0.1438     0.0546       1  0.005757   0.003407    0.004653
 ../output_sumstats/output_pmid33310728_RA_eur.sumstats.gz        ../output_sumstats/output_pmid24816252_threonine_eur.sumstats.gz  -0.08862     0.2506    -0.3536    0.7237    0.05045    0.08367   1.009  0.006576  0.0008466    0.004847
 ../output_sumstats/output_pmid33310728_RA_eur.sumstats.gz       ../output_sumstats/output_pmid24816252_tryptophan_eur.sumstats.gz  0.001609    0.04333    0.03714    0.9704     0.9157    0.07604    1.05   0.00793  -0.002265    0.004842
 ../output_sumstats/output_pmid33310728_RA_eur.sumstats.gz         ../output_sumstats/output_pmid24816252_tyrosine_eur.sumstats.gz   0.03363     0.0961       0.35    0.7263     0.1739    0.07157   1.031  0.007256    0.00165    0.004429
 ../output_sumstats/output_pmid33310728_RA_eur.sumstats.gz             ../output_sumstats/output_pmid24816252_urea_eur.sumstats.gz        NA         NA         NA        NA   -0.08103    0.05408   1.013  0.006436  0.0007846    0.004395
 ../output_sumstats/output_pmid33310728_RA_eur.sumstats.gz               ../output_sumstats/output_pmid27386562_MS_eur.sumstats.gz   -0.2002    0.06196     -3.231  0.001236     0.2438    0.04777   1.066   0.00865  0.0006088    0.005517
 ../output_sumstats/output_pmid33310728_RA_eur.sumstats.gz              ../output_sumstats/output_pmid27455348_ALS_eur.sumstats.gz   0.09968    0.07768      1.283    0.1994    0.04649    0.01282  0.9986  0.006201    0.01327    0.004487
 ../output_sumstats/output_pmid33310728_RA_eur.sumstats.gz            ../output_sumstats/output_pmid27989323_CTACK_eur.sumstats.gz        NA         NA         NA        NA         NA         NA      NA        NA         NA          NA
 ../output_sumstats/output_pmid33310728_RA_eur.sumstats.gz             ../output_sumstats/output_pmid27989323_GCSF_eur.sumstats.gz    0.1324     0.3397     0.3897    0.6968    0.01994    0.06101   1.007  0.007931   0.001588    0.004526
 ../output_sumstats/output_pmid33310728_RA_eur.sumstats.gz             ../output_sumstats/output_pmid27989323_GROa_eur.sumstats.gz        NA         NA         NA        NA     -57.58       29.1   1.675    0.6775    -0.1715       1.058
 ../output_sumstats/output_pmid33310728_RA_eur.sumstats.gz              ../output_sumstats/output_pmid27989323_HGF_eur.sumstats.gz        NA         NA         NA        NA   -0.01837    0.05973    1.01  0.008255   -0.00384     0.00476
 ../output_sumstats/output_pmid33310728_RA_eur.sumstats.gz             ../output_sumstats/output_pmid27989323_IFNg_eur.sumstats.gz        NA         NA         NA        NA         NA         NA      NA        NA         NA          NA
 ../output_sumstats/output_pmid33310728_RA_eur.sumstats.gz             ../output_sumstats/output_pmid27989323_IL10_eur.sumstats.gz        NA         NA         NA        NA   -0.01302    0.08079   1.019   0.01273  8.918e-06     0.00414
 ../output_sumstats/output_pmid33310728_RA_eur.sumstats.gz          ../output_sumstats/output_pmid27989323_IL12p70_eur.sumstats.gz        NA         NA         NA        NA   -0.01929     0.0922   1.034      0.02  -0.001232    0.004019
 ../output_sumstats/output_pmid33310728_RA_eur.sumstats.gz             ../output_sumstats/output_pmid27989323_IL13_eur.sumstats.gz        NA         NA         NA        NA    -0.1491     0.1643   1.016   0.01265     -0.003    0.004063
 ../output_sumstats/output_pmid33310728_RA_eur.sumstats.gz             ../output_sumstats/output_pmid27989323_IL16_eur.sumstats.gz        NA         NA         NA        NA   -0.07178      0.131  0.9951  0.007542  -0.003521    0.004883
 ../output_sumstats/output_pmid33310728_RA_eur.sumstats.gz             ../output_sumstats/output_pmid27989323_IL17_eur.sumstats.gz        NA         NA         NA        NA     -3.186      1.396   1.468    0.1382   -0.02345      0.1153
 ../output_sumstats/output_pmid33310728_RA_eur.sumstats.gz             ../output_sumstats/output_pmid27989323_IL18_eur.sumstats.gz        NA         NA         NA        NA         NA         NA      NA        NA         NA          NA
 ../output_sumstats/output_pmid33310728_RA_eur.sumstats.gz            ../output_sumstats/output_pmid27989323_IL1ra_eur.sumstats.gz        NA         NA         NA        NA         NA         NA      NA        NA         NA          NA
 ../output_sumstats/output_pmid33310728_RA_eur.sumstats.gz              ../output_sumstats/output_pmid27989323_IL2_eur.sumstats.gz        NA         NA         NA        NA   -0.08413     0.1312   1.012  0.007226   -0.00123    0.004371
 ../output_sumstats/output_pmid33310728_RA_eur.sumstats.gz            ../output_sumstats/output_pmid27989323_IL2ra_eur.sumstats.gz    0.4294     0.5616     0.7646    0.4445     0.0523     0.1184   1.004   0.00671  -0.006457     0.00455
 ../output_sumstats/output_pmid33310728_RA_eur.sumstats.gz              ../output_sumstats/output_pmid27989323_IL4_eur.sumstats.gz        NA         NA         NA        NA   -0.03781    0.06081   1.009  0.008046  0.0008683    0.004693
 ../output_sumstats/output_pmid33310728_RA_eur.sumstats.gz              ../output_sumstats/output_pmid27989323_IL5_eur.sumstats.gz        NA         NA         NA        NA    -0.1078     0.1396   1.011  0.007546  -0.006196    0.004185
 ../output_sumstats/output_pmid33310728_RA_eur.sumstats.gz              ../output_sumstats/output_pmid27989323_IL6_eur.sumstats.gz        NA         NA         NA        NA  -0.002295    0.05596   1.008  0.006949   0.002092    0.004172
 ../output_sumstats/output_pmid33310728_RA_eur.sumstats.gz              ../output_sumstats/output_pmid27989323_IL7_eur.sumstats.gz        NA         NA         NA        NA    -0.0127     0.1603   1.011  0.009115  -0.003987    0.004354
 ../output_sumstats/output_pmid33310728_RA_eur.sumstats.gz              ../output_sumstats/output_pmid27989323_IL8_eur.sumstats.gz        NA         NA         NA        NA    -0.0107     0.1262   1.006  0.006826 -3.931e-05    0.004456
 ../output_sumstats/output_pmid33310728_RA_eur.sumstats.gz              ../output_sumstats/output_pmid27989323_IL9_eur.sumstats.gz        NA         NA         NA        NA    -0.1538     0.1238   1.012   0.00695    -0.0069    0.004484
 ../output_sumstats/output_pmid33310728_RA_eur.sumstats.gz             ../output_sumstats/output_pmid27989323_MCP1_eur.sumstats.gz   0.07152    0.09519     0.7513    0.4524     0.1668    0.08278  0.9952  0.008008 -0.0002622    0.004802
 ../output_sumstats/output_pmid33310728_RA_eur.sumstats.gz             ../output_sumstats/output_pmid27989323_MCP3_eur.sumstats.gz        NA         NA         NA        NA    -0.8283     0.5767   1.013  0.007904    -0.0025    0.004748
 ../output_sumstats/output_pmid33310728_RA_eur.sumstats.gz             ../output_sumstats/output_pmid27989323_MCSF_eur.sumstats.gz  -0.04458     0.3198    -0.1394    0.8891     0.1677     0.5104  0.9906  0.006881 -0.0001703    0.004676
 ../output_sumstats/output_pmid33310728_RA_eur.sumstats.gz              ../output_sumstats/output_pmid27989323_MIF_eur.sumstats.gz    0.4874     0.4558       1.07    0.2848    0.08556     0.1359   1.005  0.007183  -0.003673    0.004729
 ../output_sumstats/output_pmid33310728_RA_eur.sumstats.gz              ../output_sumstats/output_pmid27989323_MIG_eur.sumstats.gz        NA         NA         NA        NA    -0.1241     0.1084   1.014  0.006377   0.006949    0.004575
 ../output_sumstats/output_pmid33310728_RA_eur.sumstats.gz            ../output_sumstats/output_pmid27989323_MIP1a_eur.sumstats.gz        NA         NA         NA        NA    -0.1217     0.1408   1.007  0.007158  -0.006819    0.004701
 ../output_sumstats/output_pmid33310728_RA_eur.sumstats.gz            ../output_sumstats/output_pmid27989323_MIP1b_eur.sumstats.gz        NA         NA         NA        NA         NA         NA      NA        NA         NA          NA
 ../output_sumstats/output_pmid33310728_RA_eur.sumstats.gz           ../output_sumstats/output_pmid27989323_PDGFbb_eur.sumstats.gz        NA         NA         NA        NA  -0.003377    0.06474   1.021   0.00882  -0.003964      0.0047
 ../output_sumstats/output_pmid33310728_RA_eur.sumstats.gz           ../output_sumstats/output_pmid27989323_RANTES_eur.sumstats.gz  -0.04407     0.1652    -0.2668    0.7896     0.1394     0.1272  0.9985  0.006883   0.000698    0.004607
 ../output_sumstats/output_pmid33310728_RA_eur.sumstats.gz              ../output_sumstats/output_pmid27989323_SCF_eur.sumstats.gz        NA         NA         NA        NA   -0.05845    0.05599   1.019   0.00713   0.002419    0.004322
 ../output_sumstats/output_pmid33310728_RA_eur.sumstats.gz            ../output_sumstats/output_pmid27989323_SCGFb_eur.sumstats.gz    0.6381     0.8065     0.7912    0.4288    0.08908     0.1828   1.012   0.01041   -0.01171     0.00742
 ../output_sumstats/output_pmid33310728_RA_eur.sumstats.gz             ../output_sumstats/output_pmid27989323_SDF1_eur.sumstats.gz        NA         NA         NA        NA   -0.01032    0.07762  0.9984  0.007265  -0.002018    0.004182
 ../output_sumstats/output_pmid33310728_RA_eur.sumstats.gz             ../output_sumstats/output_pmid27989323_TNFa_eur.sumstats.gz        NA         NA         NA        NA   -0.05732     0.1312  0.9974  0.006938  -0.003607    0.004143
 ../output_sumstats/output_pmid33310728_RA_eur.sumstats.gz             ../output_sumstats/output_pmid27989323_TNFb_eur.sumstats.gz        NA         NA         NA        NA     -0.444     0.3104    1.01   0.00757  -0.005038    0.005407
 ../output_sumstats/output_pmid33310728_RA_eur.sumstats.gz            ../output_sumstats/output_pmid27989323_TRAIL_eur.sumstats.gz        NA         NA         NA        NA   -0.02338    0.05522   1.022   0.01181  -0.007137    0.004339
 ../output_sumstats/output_pmid33310728_RA_eur.sumstats.gz             ../output_sumstats/output_pmid27989323_bNGF_eur.sumstats.gz   0.03548     0.1086     0.3266     0.744     0.2652     0.1364   0.994   0.00774   0.002515    0.004607
 ../output_sumstats/output_pmid33310728_RA_eur.sumstats.gz          ../output_sumstats/output_pmid27989323_eotaxin_eur.sumstats.gz    0.2334     0.1338      1.745   0.08105     0.1097    0.06735   1.007  0.007844  -0.004268    0.004516
 ../output_sumstats/output_pmid33310728_RA_eur.sumstats.gz             ../output_sumstats/output_pmid27989323_ip10_eur.sumstats.gz    0.1076     0.1879     0.5726    0.5669     0.1376     0.1245   1.008  0.007534   0.004652    0.005163
 ../output_sumstats/output_pmid33310728_RA_eur.sumstats.gz              ../output_sumstats/output_pmid29566793_ALS_eur.sumstats.gz   0.08477      0.072      1.177    0.2391    0.03157   0.007003   1.022  0.006983    0.01401    0.004678
 ../output_sumstats/output_pmid33310728_RA_eur.sumstats.gz       ../output_sumstats/output_pmid29632382_T2d-BMIadj_eur.sumstats.gz  0.004889    0.04988    0.09803    0.9219     0.1008    0.02714   1.014   0.08136   -0.04136     0.02458
 ../output_sumstats/output_pmid33310728_RA_eur.sumstats.gz              ../output_sumstats/output_pmid30054458_T2d_eur.sumstats.gz  0.008933    0.03274     0.2729    0.7849    0.04583   0.002905   1.054   0.01906  -0.008031    0.007118
 ../output_sumstats/output_pmid33310728_RA_eur.sumstats.gz               ../output_sumstats/output_pmid33111402_PD_eur.sumstats.gz        NA         NA         NA        NA     -2.459      1.189   1.077   0.06259   -0.03763     0.03905
 ../output_sumstats/output_pmid33310728_RA_eur.sumstats.gz              ../output_sumstats/output_pmid33589841_LBD_eur.sumstats.gz  -0.03332     0.1209    -0.2755    0.7829     0.1469    0.08175   1.005  0.008527   0.002283    0.004512
 ../output_sumstats/output_pmid33310728_RA_eur.sumstats.gz               ../output_sumstats/output_pmid33987465_PD_eur.sumstats.gz   0.01576     0.1124     0.1402    0.8885     0.3759     0.1473  0.9843  0.006447 -0.0001709    0.004852
 ../output_sumstats/output_pmid33310728_RA_eur.sumstats.gz              ../output_sumstats/output_pmid34737426_APH_eur.sumstats.gz        NA         NA         NA        NA -0.0001606  0.0009209  0.9868   0.00612  0.0003177    0.004436

Analysis finished at Sun Feb 25 00:31:20 2024
Total time elapsed: 11.0m:19.97s
