*********************************************************************
* LD Score Regression (LDSC)
* Version 1.0.1
* (C) 2014-2019 Brendan Bulik-Sullivan and Hilary Finucane
* Broad Institute of MIT and Harvard / MIT Department of Mathematics
* GNU General Public License v3
*********************************************************************
Call: 
./ldsc.py \
--ref-ld-chr ../input_files/eur_w_ld_chr/ \
--out ../output_ld_regression/output_pmid27989323_PDGFbb_eur_ldReg \
--rg ../output_sumstats/output_pmid27989323_PDGFbb_eur.sumstats.gz,../output_sumstats/output_pmid27989323_PDGFbb_eur.sumstats.gz,../output_sumstats/output_pmid21833088_MS_eur.sumstats.gz,../output_sumstats/output_pmid24076602_MS_eur.sumstats.gz,../output_sumstats/output_pmid24816252_acetylcarnitine_eur.sumstats.gz,../output_sumstats/output_pmid24816252_alanine_eur.sumstats.gz,../output_sumstats/output_pmid24816252_arginine_eur.sumstats.gz,../output_sumstats/output_pmid24816252_asparagine_eur.sumstats.gz,../output_sumstats/output_pmid24816252_cholesterol_eur.sumstats.gz,../output_sumstats/output_pmid24816252_citrate_eur.sumstats.gz,../output_sumstats/output_pmid24816252_glutamate_eur.sumstats.gz,../output_sumstats/output_pmid24816252_glycerol_eur.sumstats.gz,../output_sumstats/output_pmid24816252_histidine_eur.sumstats.gz,../output_sumstats/output_pmid24816252_isoleucine_eur.sumstats.gz,../output_sumstats/output_pmid24816252_phenylalanine_eur.sumstats.gz,../output_sumstats/output_pmid24816252_proline_eur.sumstats.gz,../output_sumstats/output_pmid24816252_pyruvate_eur.sumstats.gz,../output_sumstats/output_pmid24816252_threonine_eur.sumstats.gz,../output_sumstats/output_pmid24816252_tryptophan_eur.sumstats.gz,../output_sumstats/output_pmid24816252_tyrosine_eur.sumstats.gz,../output_sumstats/output_pmid24816252_urea_eur.sumstats.gz,../output_sumstats/output_pmid27386562_MS_eur.sumstats.gz,../output_sumstats/output_pmid27455348_ALS_eur.sumstats.gz,../output_sumstats/output_pmid27989323_CTACK_eur.sumstats.gz,../output_sumstats/output_pmid27989323_GCSF_eur.sumstats.gz,../output_sumstats/output_pmid27989323_GROa_eur.sumstats.gz,../output_sumstats/output_pmid27989323_HGF_eur.sumstats.gz,../output_sumstats/output_pmid27989323_IFNg_eur.sumstats.gz,../output_sumstats/output_pmid27989323_IL10_eur.sumstats.gz,../output_sumstats/output_pmid27989323_IL12p70_eur.sumstats.gz,../output_sumstats/output_pmid27989323_IL13_eur.sumstats.gz,../output_sumstats/output_pmid27989323_IL16_eur.sumstats.gz,../output_sumstats/output_pmid27989323_IL17_eur.sumstats.gz,../output_sumstats/output_pmid27989323_IL18_eur.sumstats.gz,../output_sumstats/output_pmid27989323_IL1ra_eur.sumstats.gz,../output_sumstats/output_pmid27989323_IL2_eur.sumstats.gz,../output_sumstats/output_pmid27989323_IL2ra_eur.sumstats.gz,../output_sumstats/output_pmid27989323_IL4_eur.sumstats.gz,../output_sumstats/output_pmid27989323_IL5_eur.sumstats.gz,../output_sumstats/output_pmid27989323_IL6_eur.sumstats.gz,../output_sumstats/output_pmid27989323_IL7_eur.sumstats.gz,../output_sumstats/output_pmid27989323_IL8_eur.sumstats.gz,../output_sumstats/output_pmid27989323_IL9_eur.sumstats.gz,../output_sumstats/output_pmid27989323_MCP1_eur.sumstats.gz,../output_sumstats/output_pmid27989323_MCP3_eur.sumstats.gz,../output_sumstats/output_pmid27989323_MCSF_eur.sumstats.gz,../output_sumstats/output_pmid27989323_MIF_eur.sumstats.gz,../output_sumstats/output_pmid27989323_MIG_eur.sumstats.gz,../output_sumstats/output_pmid27989323_MIP1a_eur.sumstats.gz,../output_sumstats/output_pmid27989323_MIP1b_eur.sumstats.gz,../output_sumstats/output_pmid27989323_RANTES_eur.sumstats.gz,../output_sumstats/output_pmid27989323_SCF_eur.sumstats.gz,../output_sumstats/output_pmid27989323_SCGFb_eur.sumstats.gz,../output_sumstats/output_pmid27989323_SDF1_eur.sumstats.gz,../output_sumstats/output_pmid27989323_TNFa_eur.sumstats.gz,../output_sumstats/output_pmid27989323_TNFb_eur.sumstats.gz,../output_sumstats/output_pmid27989323_TRAIL_eur.sumstats.gz,../output_sumstats/output_pmid27989323_bNGF_eur.sumstats.gz,../output_sumstats/output_pmid27989323_eotaxin_eur.sumstats.gz,../output_sumstats/output_pmid27989323_ip10_eur.sumstats.gz,../output_sumstats/output_pmid29566793_ALS_eur.sumstats.gz,../output_sumstats/output_pmid29632382_T2d-BMIadj_eur.sumstats.gz,../output_sumstats/output_pmid30054458_T2d_eur.sumstats.gz,../output_sumstats/output_pmid33111402_PD_eur.sumstats.gz,../output_sumstats/output_pmid33310728_RA_eur.sumstats.gz,../output_sumstats/output_pmid33589841_LBD_eur.sumstats.gz,../output_sumstats/output_pmid33987465_PD_eur.sumstats.gz,../output_sumstats/output_pmid34737426_APH_eur.sumstats.gz \
--w-ld-chr ../input_files/eur_w_ld_chr/ 

Beginning analysis at Sat Feb 24 20:28:15 2024
Reading summary statistics from ../output_sumstats/output_pmid27989323_PDGFbb_eur.sumstats.gz ...
Read summary statistics for 1179606 SNPs.
Reading reference panel LD Score from ../input_files/eur_w_ld_chr/[1-22] ... (ldscore_fromlist)
Read reference panel LD Scores for 1290028 SNPs.
Removing partitioned LD Scores with zero variance.
Reading regression weight LD Score from ../input_files/eur_w_ld_chr/[1-22] ... (ldscore_fromlist)
Read regression weight LD Scores for 1290028 SNPs.
After merging with reference panel LD, 1167120 SNPs remain.
After merging with regression SNP LD, 1167120 SNPs remain.
Computing rg for phenotype 2/68
Reading summary statistics from ../output_sumstats/output_pmid27989323_PDGFbb_eur.sumstats.gz ...
Read summary statistics for 1217311 SNPs.
After merging with summary statistics, 1167120 SNPs remain.
1167120 SNPs with valid alleles.

Heritability of phenotype 1
---------------------------
Total Observed scale h2: -0.0059 (0.0623)
Lambda GC: 1.0225
Mean Chi^2: 1.021
Intercept: 1.022 (0.0086)
Ratio: 1.0466 (0.4093)

Heritability of phenotype 2/68
------------------------------
Total Observed scale h2: -0.0059 (0.0623)
Lambda GC: 1.0225
Mean Chi^2: 1.021
Intercept: 1.022 (0.0086)
Ratio: 1.0466 (0.4093)

Genetic Covariance
------------------
Total Observed scale gencov: -0.006 (0.0623)
Mean z1*z2: 1.021
Intercept: 1.022 (0.0086)

Genetic Correlation
-------------------
Genetic Correlation: nan (nan) (h2  out of bounds) 
Z-score: nan (nan) (h2  out of bounds)
P: nan (nan) (h2  out of bounds)
WARNING: One of the h2's was out of bounds.
This usually indicates a data-munging error or that h2 or N is low.

Computing rg for phenotype 3/68
Reading summary statistics from ../output_sumstats/output_pmid21833088_MS_eur.sumstats.gz ...
Read summary statistics for 1217311 SNPs.
After merging with summary statistics, 1167120 SNPs remain.
449913 SNPs with valid alleles.

Heritability of phenotype 3/68
------------------------------
Total Observed scale h2: 0.0571 (0.0282)
Lambda GC: 1.0405
Mean Chi^2: 1.0858
Intercept: 1.0585 (0.0091)
Ratio: 0.6818 (0.1058)

Genetic Covariance
------------------
Total Observed scale gencov: -0.0114 (0.0256)
Mean z1*z2: 0.0042
Intercept: 0.0071 (0.006)

Genetic Correlation
-------------------
Genetic Correlation: nan (nan) (h2  out of bounds) 
Z-score: nan (nan) (h2  out of bounds)
P: nan (nan) (h2  out of bounds)
WARNING: One of the h2's was out of bounds.
This usually indicates a data-munging error or that h2 or N is low.

Computing rg for phenotype 4/68
Reading summary statistics from ../output_sumstats/output_pmid24076602_MS_eur.sumstats.gz ...
Read summary statistics for 1217311 SNPs.
After merging with summary statistics, 1167120 SNPs remain.
49497 SNPs with valid alleles.
WARNING: number of SNPs less than 200k; this is almost always bad.
ERROR computing rg for phenotype 4/68, from file ../output_sumstats/output_pmid24076602_MS_eur.sumstats.gz.
Traceback (most recent call last):
  File "/Users/as/Documents/UNI/Bioinformatik/2023:24_WS/GoBi_Lokal/BlockTeil_Metabolomics/ldsc/ldscore/sumstats.py", line 410, in estimate_rg
    rghat = _rg(loop, args, log, M_annot, ref_ld_cnames, w_ld_cname, i)
  File "/Users/as/Documents/UNI/Bioinformatik/2023:24_WS/GoBi_Lokal/BlockTeil_Metabolomics/ldsc/ldscore/sumstats.py", line 539, in _rg
    intercept_gencov=intercepts[2], n_blocks=n_blocks, twostep=args.two_step)
  File "/Users/as/Documents/UNI/Bioinformatik/2023:24_WS/GoBi_Lokal/BlockTeil_Metabolomics/ldsc/ldscore/regressions.py", line 705, in __init__
    np.multiply(hsq1.tot_delete_values, hsq2.tot_delete_values))
FloatingPointError: invalid value encountered in sqrt


Computing rg for phenotype 5/68
Reading summary statistics from ../output_sumstats/output_pmid24816252_acetylcarnitine_eur.sumstats.gz ...
Read summary statistics for 1217311 SNPs.
After merging with summary statistics, 1167120 SNPs remain.
1023057 SNPs with valid alleles.

Heritability of phenotype 5/68
------------------------------
Total Observed scale h2: -0.2398 (0.0832)
Lambda GC: 0.9721
Mean Chi^2: 0.9854
Intercept: 1.0206 (0.0076)
Ratio: NA (mean chi^2 < 1)

Genetic Covariance
------------------
Total Observed scale gencov: 0.0372 (0.0404)
Mean z1*z2: 8.6595e-05
Intercept: -0.0057 (0.0045)

Genetic Correlation
-------------------
Genetic Correlation: nan (nan) (h2  out of bounds) 
Z-score: nan (nan) (h2  out of bounds)
P: nan (nan) (h2  out of bounds)
WARNING: One of the h2's was out of bounds.
This usually indicates a data-munging error or that h2 or N is low.

Computing rg for phenotype 6/68
Reading summary statistics from ../output_sumstats/output_pmid24816252_alanine_eur.sumstats.gz ...
Read summary statistics for 1217311 SNPs.
After merging with summary statistics, 1167120 SNPs remain.
1023057 SNPs with valid alleles.

Heritability of phenotype 6/68
------------------------------
Total Observed scale h2: 0.5267 (0.0704)
Lambda GC: 1.0649
Mean Chi^2: 1.0876
Intercept: 1.0116 (0.0071)
Ratio: 0.1329 (0.0813)

Genetic Covariance
------------------
Total Observed scale gencov: 0.0354 (0.0407)
Mean z1*z2: 0.0038
Intercept: -0.0016 (0.0049)

Genetic Correlation
-------------------
Genetic Correlation: nan (nan) (h2  out of bounds) 
Z-score: nan (nan) (h2  out of bounds)
P: nan (nan) (h2  out of bounds)
WARNING: One of the h2's was out of bounds.
This usually indicates a data-munging error or that h2 or N is low.

Computing rg for phenotype 7/68
Reading summary statistics from ../output_sumstats/output_pmid24816252_arginine_eur.sumstats.gz ...
Read summary statistics for 1217311 SNPs.
After merging with summary statistics, 1167120 SNPs remain.
1023057 SNPs with valid alleles.

Heritability of phenotype 7/68
------------------------------
Total Observed scale h2: -0.0068 (0.0638)
Lambda GC: 1.0255
Mean Chi^2: 1.0367
Intercept: 1.0376 (0.0072)
Ratio: 1.0239 (0.1962)

Genetic Covariance
------------------
Total Observed scale gencov: 0.056 (0.042)
Mean z1*z2: -0.0032
Intercept: -0.0118 (0.0048)

Genetic Correlation
-------------------
Genetic Correlation: nan (nan) (h2  out of bounds) 
Z-score: nan (nan) (h2  out of bounds)
P: nan (nan) (h2  out of bounds)
WARNING: One of the h2's was out of bounds.
This usually indicates a data-munging error or that h2 or N is low.

Computing rg for phenotype 8/68
Reading summary statistics from ../output_sumstats/output_pmid24816252_asparagine_eur.sumstats.gz ...
Read summary statistics for 1217311 SNPs.
After merging with summary statistics, 1167120 SNPs remain.
1023057 SNPs with valid alleles.

Heritability of phenotype 8/68
------------------------------
Total Observed scale h2: 0.4975 (0.0667)
Lambda GC: 1.0679
Mean Chi^2: 1.0905
Intercept: 1.0189 (0.0072)
Ratio: 0.2083 (0.08)

Genetic Covariance
------------------
Total Observed scale gencov: 0.0699 (0.0456)
Mean z1*z2: 0.002
Intercept: -0.0089 (0.005)

Genetic Correlation
-------------------
Genetic Correlation: nan (nan) (h2  out of bounds) 
Z-score: nan (nan) (h2  out of bounds)
P: nan (nan) (h2  out of bounds)
WARNING: One of the h2's was out of bounds.
This usually indicates a data-munging error or that h2 or N is low.

Computing rg for phenotype 9/68
Reading summary statistics from ../output_sumstats/output_pmid24816252_cholesterol_eur.sumstats.gz ...
Read summary statistics for 1217311 SNPs.
After merging with summary statistics, 1167120 SNPs remain.
1023057 SNPs with valid alleles.

Heritability of phenotype 9/68
------------------------------
Total Observed scale h2: 0.1333 (0.0677)
Lambda GC: 1.0496
Mean Chi^2: 1.0633
Intercept: 1.0438 (0.0066)
Ratio: 0.691 (0.104)

Genetic Covariance
------------------
Total Observed scale gencov: -0.0421 (0.0444)
Mean z1*z2: -0.004
Intercept: 0.0026 (0.0047)

Genetic Correlation
-------------------
Genetic Correlation: nan (nan) (h2  out of bounds) 
Z-score: nan (nan) (h2  out of bounds)
P: nan (nan) (h2  out of bounds)
WARNING: One of the h2's was out of bounds.
This usually indicates a data-munging error or that h2 or N is low.

Computing rg for phenotype 10/68
Reading summary statistics from ../output_sumstats/output_pmid24816252_citrate_eur.sumstats.gz ...
Read summary statistics for 1217311 SNPs.
After merging with summary statistics, 1167120 SNPs remain.
1023057 SNPs with valid alleles.

Heritability of phenotype 10/68
-------------------------------
Total Observed scale h2: 0.4506 (0.0798)
Lambda GC: 1.0957
Mean Chi^2: 1.1229
Intercept: 1.0589 (0.0083)
Ratio: 0.4798 (0.0674)

Genetic Covariance
------------------
Total Observed scale gencov: 0.0526 (0.0433)
Mean z1*z2: 0.0006
Intercept: -0.0075 (0.0047)

Genetic Correlation
-------------------
Genetic Correlation: nan (nan) (h2  out of bounds) 
Z-score: nan (nan) (h2  out of bounds)
P: nan (nan) (h2  out of bounds)
WARNING: One of the h2's was out of bounds.
This usually indicates a data-munging error or that h2 or N is low.

Computing rg for phenotype 11/68
Reading summary statistics from ../output_sumstats/output_pmid24816252_glutamate_eur.sumstats.gz ...
Read summary statistics for 1217311 SNPs.
After merging with summary statistics, 1167120 SNPs remain.
1023057 SNPs with valid alleles.

Heritability of phenotype 11/68
-------------------------------
Total Observed scale h2: 0.1612 (0.0571)
Lambda GC: 0.9576
Mean Chi^2: 0.9552
Intercept: 0.9321 (0.0059)
Ratio: NA (mean chi^2 < 1)

Genetic Covariance
------------------
Total Observed scale gencov: 0.0191 (0.0388)
Mean z1*z2: 0.004
Intercept: 0.0008 (0.0044)

Genetic Correlation
-------------------
Genetic Correlation: nan (nan) (h2  out of bounds) 
Z-score: nan (nan) (h2  out of bounds)
P: nan (nan) (h2  out of bounds)
WARNING: One of the h2's was out of bounds.
This usually indicates a data-munging error or that h2 or N is low.

Computing rg for phenotype 12/68
Reading summary statistics from ../output_sumstats/output_pmid24816252_glycerol_eur.sumstats.gz ...
Read summary statistics for 1217311 SNPs.
After merging with summary statistics, 1167120 SNPs remain.
1023057 SNPs with valid alleles.

Heritability of phenotype 12/68
-------------------------------
Total Observed scale h2: -0.1276 (0.0605)
Lambda GC: 0.9868
Mean Chi^2: 0.9976
Intercept: 1.0162 (0.0069)
Ratio: NA (mean chi^2 < 1)

Genetic Covariance
------------------
Total Observed scale gencov: -0.0572 (0.041)
Mean z1*z2: -0.0086
Intercept: 0.0002 (0.0047)

Genetic Correlation
-------------------
Genetic Correlation: nan (nan) (h2  out of bounds) 
Z-score: nan (nan) (h2  out of bounds)
P: nan (nan) (h2  out of bounds)
WARNING: One of the h2's was out of bounds.
This usually indicates a data-munging error or that h2 or N is low.

Computing rg for phenotype 13/68
Reading summary statistics from ../output_sumstats/output_pmid24816252_histidine_eur.sumstats.gz ...
Read summary statistics for 1217311 SNPs.
After merging with summary statistics, 1167120 SNPs remain.
1023057 SNPs with valid alleles.

Heritability of phenotype 13/68
-------------------------------
Total Observed scale h2: 0.435 (0.0695)
Lambda GC: 0.81
Mean Chi^2: 0.8192
Intercept: 0.7582 (0.0062)
Ratio: NA (mean chi^2 < 1)

Genetic Covariance
------------------
Total Observed scale gencov: -0.039 (0.0358)
Mean z1*z2: -0.0079
Intercept: -0.0017 (0.004)

Genetic Correlation
-------------------
Genetic Correlation: nan (nan) (h2  out of bounds) 
Z-score: nan (nan) (h2  out of bounds)
P: nan (nan) (h2  out of bounds)
WARNING: One of the h2's was out of bounds.
This usually indicates a data-munging error or that h2 or N is low.

Computing rg for phenotype 14/68
Reading summary statistics from ../output_sumstats/output_pmid24816252_isoleucine_eur.sumstats.gz ...
Read summary statistics for 1217311 SNPs.
After merging with summary statistics, 1167120 SNPs remain.
1023057 SNPs with valid alleles.

Heritability of phenotype 14/68
-------------------------------
Total Observed scale h2: -0.2798 (0.0587)
Lambda GC: 0.9489
Mean Chi^2: 0.959
Intercept: 1. (0.0065)
Ratio: NA (mean chi^2 < 1)

Genetic Covariance
------------------
Total Observed scale gencov: 0.0286 (0.0383)
Mean z1*z2: 0.0025
Intercept: -0.0019 (0.0047)

Genetic Correlation
-------------------
Genetic Correlation: nan (nan) (h2  out of bounds) 
Z-score: nan (nan) (h2  out of bounds)
P: nan (nan) (h2  out of bounds)
WARNING: One of the h2's was out of bounds.
This usually indicates a data-munging error or that h2 or N is low.

Computing rg for phenotype 15/68
Reading summary statistics from ../output_sumstats/output_pmid24816252_phenylalanine_eur.sumstats.gz ...
Read summary statistics for 1217311 SNPs.
After merging with summary statistics, 1167120 SNPs remain.
1023057 SNPs with valid alleles.

Heritability of phenotype 15/68
-------------------------------
Total Observed scale h2: 0.3298 (0.0436)
Lambda GC: 0.8207
Mean Chi^2: 0.8234
Intercept: 0.7775 (0.0051)
Ratio: NA (mean chi^2 < 1)

Genetic Covariance
------------------
Total Observed scale gencov: 0.036 (0.034)
Mean z1*z2: 0.0065
Intercept: 0.0009 (0.0041)

Genetic Correlation
-------------------
Genetic Correlation: nan (nan) (h2  out of bounds) 
Z-score: nan (nan) (h2  out of bounds)
P: nan (nan) (h2  out of bounds)
WARNING: One of the h2's was out of bounds.
This usually indicates a data-munging error or that h2 or N is low.

Computing rg for phenotype 16/68
Reading summary statistics from ../output_sumstats/output_pmid24816252_proline_eur.sumstats.gz ...
Read summary statistics for 1217311 SNPs.
After merging with summary statistics, 1167120 SNPs remain.
1023057 SNPs with valid alleles.

Heritability of phenotype 16/68
-------------------------------
Total Observed scale h2: 0.3725 (0.0894)
Lambda GC: 1.0649
Mean Chi^2: 1.0921
Intercept: 1.0381 (0.0126)
Ratio: 0.4136 (0.1365)

Genetic Covariance
------------------
Total Observed scale gencov: 0.0596 (0.0446)
Mean z1*z2: 0.016
Intercept: 0.0066 (0.0051)

Genetic Correlation
-------------------
Genetic Correlation: nan (nan) (h2  out of bounds) 
Z-score: nan (nan) (h2  out of bounds)
P: nan (nan) (h2  out of bounds)
WARNING: One of the h2's was out of bounds.
This usually indicates a data-munging error or that h2 or N is low.

Computing rg for phenotype 17/68
Reading summary statistics from ../output_sumstats/output_pmid24816252_pyruvate_eur.sumstats.gz ...
Read summary statistics for 1217311 SNPs.
After merging with summary statistics, 1167120 SNPs remain.
1023057 SNPs with valid alleles.

Heritability of phenotype 17/68
-------------------------------
Total Observed scale h2: 0.1509 (0.0559)
Lambda GC: 1.0195
Mean Chi^2: 1.0203
Intercept: 0.9989 (0.0059)
Ratio < 0 (usually indicates GC correction).

Genetic Covariance
------------------
Total Observed scale gencov: 0.0143 (0.0413)
Mean z1*z2: 0.0009
Intercept: -0.0014 (0.0046)

Genetic Correlation
-------------------
Genetic Correlation: nan (nan) (h2  out of bounds) 
Z-score: nan (nan) (h2  out of bounds)
P: nan (nan) (h2  out of bounds)
WARNING: One of the h2's was out of bounds.
This usually indicates a data-munging error or that h2 or N is low.

Computing rg for phenotype 18/68
Reading summary statistics from ../output_sumstats/output_pmid24816252_threonine_eur.sumstats.gz ...
Read summary statistics for 1217311 SNPs.
After merging with summary statistics, 1167120 SNPs remain.
1023057 SNPs with valid alleles.

Heritability of phenotype 18/68
-------------------------------
Total Observed scale h2: 0.0434 (0.0835)
Lambda GC: 1.0016
Mean Chi^2: 1.015
Intercept: 1.01 (0.0067)
Ratio: 0.6683 (0.4487)

Genetic Covariance
------------------
Total Observed scale gencov: 0.012 (0.0449)
Mean z1*z2: -0.0004
Intercept: -0.0021 (0.0045)

Genetic Correlation
-------------------
Genetic Correlation: nan (nan) (h2  out of bounds) 
Z-score: nan (nan) (h2  out of bounds)
P: nan (nan) (h2  out of bounds)
WARNING: One of the h2's was out of bounds.
This usually indicates a data-munging error or that h2 or N is low.

Computing rg for phenotype 19/68
Reading summary statistics from ../output_sumstats/output_pmid24816252_tryptophan_eur.sumstats.gz ...
Read summary statistics for 1217311 SNPs.
After merging with summary statistics, 1167120 SNPs remain.
1023057 SNPs with valid alleles.

Heritability of phenotype 19/68
-------------------------------
Total Observed scale h2: 0.9283 (0.0747)
Lambda GC: 1.0864
Mean Chi^2: 1.1817
Intercept: 1.0481 (0.008)
Ratio: 0.265 (0.0439)

Genetic Covariance
------------------
Total Observed scale gencov: 0.0306 (0.0378)
Mean z1*z2: -0.0007
Intercept: -0.0054 (0.0045)

Genetic Correlation
-------------------
Genetic Correlation: nan (nan) (h2  out of bounds) 
Z-score: nan (nan) (h2  out of bounds)
P: nan (nan) (h2  out of bounds)
WARNING: One of the h2's was out of bounds.
This usually indicates a data-munging error or that h2 or N is low.

Computing rg for phenotype 20/68
Reading summary statistics from ../output_sumstats/output_pmid24816252_tyrosine_eur.sumstats.gz ...
Read summary statistics for 1217311 SNPs.
After merging with summary statistics, 1167120 SNPs remain.
1023057 SNPs with valid alleles.

Heritability of phenotype 20/68
-------------------------------
Total Observed scale h2: 0.168 (0.0709)
Lambda GC: 1.0466
Mean Chi^2: 1.0568
Intercept: 1.0323 (0.0072)
Ratio: 0.5686 (0.1263)

Genetic Covariance
------------------
Total Observed scale gencov: -0.0094 (0.0364)
Mean z1*z2: 0.0012
Intercept: 0.0026 (0.0045)

Genetic Correlation
-------------------
Genetic Correlation: nan (nan) (h2  out of bounds) 
Z-score: nan (nan) (h2  out of bounds)
P: nan (nan) (h2  out of bounds)
WARNING: One of the h2's was out of bounds.
This usually indicates a data-munging error or that h2 or N is low.

Computing rg for phenotype 21/68
Reading summary statistics from ../output_sumstats/output_pmid24816252_urea_eur.sumstats.gz ...
Read summary statistics for 1217311 SNPs.
After merging with summary statistics, 1167120 SNPs remain.
1023057 SNPs with valid alleles.

Heritability of phenotype 21/68
-------------------------------
Total Observed scale h2: -0.0801 (0.0529)
Lambda GC: 0.9898
Mean Chi^2: 1.0011
Intercept: 1.0128 (0.0064)
Ratio: 11.3239 (5.6382)

Genetic Covariance
------------------
Total Observed scale gencov: 0.0153 (0.0387)
Mean z1*z2: 0.0058
Intercept: 0.0034 (0.0047)

Genetic Correlation
-------------------
Genetic Correlation: nan (nan) (h2  out of bounds) 
Z-score: nan (nan) (h2  out of bounds)
P: nan (nan) (h2  out of bounds)
WARNING: One of the h2's was out of bounds.
This usually indicates a data-munging error or that h2 or N is low.

Computing rg for phenotype 22/68
Reading summary statistics from ../output_sumstats/output_pmid27386562_MS_eur.sumstats.gz ...
Read summary statistics for 1217311 SNPs.
After merging with summary statistics, 1167120 SNPs remain.
1136815 SNPs with valid alleles.

Heritability of phenotype 22/68
-------------------------------
Total Observed scale h2: 0.2398 (0.0471)
Lambda GC: 1.1207
Mean Chi^2: 1.1416
Intercept: 1.0673 (0.0089)
Ratio: 0.4757 (0.0625)

Genetic Covariance
------------------
Total Observed scale gencov: 0.0026 (0.0319)
Mean z1*z2: 0.0027
Intercept: 0.0025 (0.0049)

Genetic Correlation
-------------------
Genetic Correlation: nan (nan) (h2  out of bounds) 
Z-score: nan (nan) (h2  out of bounds)
P: nan (nan) (h2  out of bounds)
WARNING: One of the h2's was out of bounds.
This usually indicates a data-munging error or that h2 or N is low.

Computing rg for phenotype 23/68
Reading summary statistics from ../output_sumstats/output_pmid27455348_ALS_eur.sumstats.gz ...
Read summary statistics for 1217311 SNPs.
After merging with summary statistics, 1167120 SNPs remain.
1153348 SNPs with valid alleles.

Heritability of phenotype 23/68
-------------------------------
Total Observed scale h2: 0.0476 (0.0128)
Lambda GC: 1.0285
Mean Chi^2: 1.0315
Intercept: 0.9976 (0.0063)
Ratio < 0 (usually indicates GC correction).

Genetic Covariance
------------------
Total Observed scale gencov: 0.0027 (0.0196)
Mean z1*z2: -0.006
Intercept: -0.0071 (0.0048)

Genetic Correlation
-------------------
Genetic Correlation: nan (nan) (h2  out of bounds) 
Z-score: nan (nan) (h2  out of bounds)
P: nan (nan) (h2  out of bounds)
WARNING: One of the h2's was out of bounds.
This usually indicates a data-munging error or that h2 or N is low.

Computing rg for phenotype 24/68
Reading summary statistics from ../output_sumstats/output_pmid27989323_CTACK_eur.sumstats.gz ...
Read summary statistics for 1217311 SNPs.
After merging with summary statistics, 1167120 SNPs remain.
1163567 SNPs with valid alleles.

Heritability of phenotype 24/68
-------------------------------
Total Observed scale h2: -0.006 (0.1161)
Lambda GC: 0.9957
Mean Chi^2: 1.0033
Intercept: 1.0038 (0.007)
Ratio: 1.1297 (2.1018)

Genetic Covariance
------------------
Total Observed scale gencov: 0.1048 (0.0599)
Mean z1*z2: 0.0249
Intercept: 0.0135 (0.0057)

Genetic Correlation
-------------------
Genetic Correlation: nan (nan) (h2  out of bounds) 
Z-score: nan (nan) (h2  out of bounds)
P: nan (nan) (h2  out of bounds)
WARNING: One of the h2's was out of bounds.
This usually indicates a data-munging error or that h2 or N is low.

Computing rg for phenotype 25/68
Reading summary statistics from ../output_sumstats/output_pmid27989323_GCSF_eur.sumstats.gz ...
Read summary statistics for 1217311 SNPs.
After merging with summary statistics, 1167120 SNPs remain.
1164422 SNPs with valid alleles.

Heritability of phenotype 25/68
-------------------------------
Total Observed scale h2: 0.0228 (0.0617)
Lambda GC: 1.0195
Mean Chi^2: 1.0112
Intercept: 1.0077 (0.008)
Ratio: 0.6821 (0.7089)

Genetic Covariance
------------------
Total Observed scale gencov: 0.0261 (0.048)
Mean z1*z2: 0.5179
Intercept: 0.5138 (0.0063)

Genetic Correlation
-------------------
Genetic Correlation: nan (nan) (h2  out of bounds) 
Z-score: nan (nan) (h2  out of bounds)
P: nan (nan) (h2  out of bounds)
WARNING: One of the h2's was out of bounds.
This usually indicates a data-munging error or that h2 or N is low.

Computing rg for phenotype 26/68
Reading summary statistics from ../output_sumstats/output_pmid27989323_GROa_eur.sumstats.gz ...
Read summary statistics for 1217311 SNPs.
After merging with summary statistics, 1167120 SNPs remain.
63 SNPs with valid alleles.
WARNING: number of SNPs less than 200k; this is almost always bad.

Heritability of phenotype 26/68
-------------------------------
Total Observed scale h2: -45.2997 (20.7723)
Lambda GC: 0.3141
Mean Chi^2: 0.4167
Intercept: 1.381 (0.479)
Ratio: NA (mean chi^2 < 1)

Genetic Covariance
------------------
Total Observed scale gencov: -6.3053 (6.1919)
Mean z1*z2: 0.1946
Intercept: 0.402 (0.2053)

Genetic Correlation
-------------------
Genetic Correlation: nan (nan) (h2  out of bounds) 
Z-score: nan (nan) (h2  out of bounds)
P: nan (nan) (h2  out of bounds)
WARNING: One of the h2's was out of bounds.
This usually indicates a data-munging error or that h2 or N is low.

Computing rg for phenotype 27/68
Reading summary statistics from ../output_sumstats/output_pmid27989323_HGF_eur.sumstats.gz ...
Read summary statistics for 1217311 SNPs.
After merging with summary statistics, 1167120 SNPs remain.
1164427 SNPs with valid alleles.

Heritability of phenotype 27/68
-------------------------------
Total Observed scale h2: -0.0287 (0.0586)
Lambda GC: 1.0046
Mean Chi^2: 1.0063
Intercept: 1.011 (0.0081)
Ratio: 1.7489 (1.2871)

Genetic Covariance
------------------
Total Observed scale gencov: -0.0459 (0.0394)
Mean z1*z2: 0.2596
Intercept: 0.2671 (0.0055)

Genetic Correlation
-------------------
Genetic Correlation: nan (nan) (h2  out of bounds) 
Z-score: nan (nan) (h2  out of bounds)
P: nan (nan) (h2  out of bounds)
WARNING: One of the h2's was out of bounds.
This usually indicates a data-munging error or that h2 or N is low.

Computing rg for phenotype 28/68
Reading summary statistics from ../output_sumstats/output_pmid27989323_IFNg_eur.sumstats.gz ...
Read summary statistics for 1217311 SNPs.
After merging with summary statistics, 1167120 SNPs remain.
1164419 SNPs with valid alleles.

Heritability of phenotype 28/68
-------------------------------
Total Observed scale h2: 0.0128 (0.0623)
Lambda GC: 1.0075
Mean Chi^2: 1.0016
Intercept: 0.9996 (0.0073)
Ratio < 0 (usually indicates GC correction).

Genetic Covariance
------------------
Total Observed scale gencov: -0.0367 (0.0484)
Mean z1*z2: 0.5373
Intercept: 0.5431 (0.0057)

Genetic Correlation
-------------------
Genetic Correlation: nan (nan) (h2  out of bounds) 
Z-score: nan (nan) (h2  out of bounds)
P: nan (nan) (h2  out of bounds)
WARNING: One of the h2's was out of bounds.
This usually indicates a data-munging error or that h2 or N is low.

Computing rg for phenotype 29/68
Reading summary statistics from ../output_sumstats/output_pmid27989323_IL10_eur.sumstats.gz ...
Read summary statistics for 1217311 SNPs.
After merging with summary statistics, 1167120 SNPs remain.
1164501 SNPs with valid alleles.

Heritability of phenotype 29/68
-------------------------------
Total Observed scale h2: -0.0079 (0.0791)
Lambda GC: 1.0016
Mean Chi^2: 1.017
Intercept: 1.0182 (0.0122)
Ratio: 1.071 (0.7177)

Genetic Covariance
------------------
Total Observed scale gencov: 0.0539 (0.0504)
Mean z1*z2: 0.454
Intercept: 0.4455 (0.0058)

Genetic Correlation
-------------------
Genetic Correlation: nan (nan) (h2  out of bounds) 
Z-score: nan (nan) (h2  out of bounds)
P: nan (nan) (h2  out of bounds)
WARNING: One of the h2's was out of bounds.
This usually indicates a data-munging error or that h2 or N is low.

Computing rg for phenotype 30/68
Reading summary statistics from ../output_sumstats/output_pmid27989323_IL12p70_eur.sumstats.gz ...
Read summary statistics for 1217311 SNPs.
After merging with summary statistics, 1167120 SNPs remain.
1164396 SNPs with valid alleles.

Heritability of phenotype 30/68
-------------------------------
Total Observed scale h2: -0.018 (0.0897)
Lambda GC: 1.0255
Mean Chi^2: 1.031
Intercept: 1.034 (0.0193)
Ratio: 1.0953 (0.6224)

Genetic Covariance
------------------
Total Observed scale gencov: 0.0119 (0.0455)
Mean z1*z2: 0.5653
Intercept: 0.5633 (0.0059)

Genetic Correlation
-------------------
Genetic Correlation: nan (nan) (h2  out of bounds) 
Z-score: nan (nan) (h2  out of bounds)
P: nan (nan) (h2  out of bounds)
WARNING: One of the h2's was out of bounds.
This usually indicates a data-munging error or that h2 or N is low.

Computing rg for phenotype 31/68
Reading summary statistics from ../output_sumstats/output_pmid27989323_IL13_eur.sumstats.gz ...
Read summary statistics for 1217311 SNPs.
After merging with summary statistics, 1167120 SNPs remain.
1163265 SNPs with valid alleles.

Heritability of phenotype 31/68
-------------------------------
Total Observed scale h2: -0.1644 (0.1629)
Lambda GC: 1.0046
Mean Chi^2: 1.0053
Intercept: 1.0169 (0.0125)
Ratio: 3.1799 (2.3396)

Genetic Covariance
------------------
Total Observed scale gencov: 0.0274 (0.0577)
Mean z1*z2: 0.218
Intercept: 0.2151 (0.0051)

Genetic Correlation
-------------------
Genetic Correlation: nan (nan) (h2  out of bounds) 
Z-score: nan (nan) (h2  out of bounds)
P: nan (nan) (h2  out of bounds)
WARNING: One of the h2's was out of bounds.
This usually indicates a data-munging error or that h2 or N is low.

Computing rg for phenotype 32/68
Reading summary statistics from ../output_sumstats/output_pmid27989323_IL16_eur.sumstats.gz ...
Read summary statistics for 1217311 SNPs.
After merging with summary statistics, 1167120 SNPs remain.
1163428 SNPs with valid alleles.

Heritability of phenotype 32/68
-------------------------------
Total Observed scale h2: -0.078 (0.1282)
Lambda GC: 0.9898
Mean Chi^2: 0.9901
Intercept: 0.9955 (0.0073)
Ratio: NA (mean chi^2 < 1)

Genetic Covariance
------------------
Total Observed scale gencov: -0.1192 (0.0578)
Mean z1*z2: 0.0391
Intercept: 0.0518 (0.0051)

Genetic Correlation
-------------------
Genetic Correlation: nan (nan) (h2  out of bounds) 
Z-score: nan (nan) (h2  out of bounds)
P: nan (nan) (h2  out of bounds)
WARNING: One of the h2's was out of bounds.
This usually indicates a data-munging error or that h2 or N is low.

Computing rg for phenotype 33/68
Reading summary statistics from ../output_sumstats/output_pmid27989323_IL17_eur.sumstats.gz ...
Read summary statistics for 1217311 SNPs.
After merging with summary statistics, 1167120 SNPs remain.
2117 SNPs with valid alleles.
WARNING: number of SNPs less than 200k; this is almost always bad.

Heritability of phenotype 33/68
-------------------------------
Total Observed scale h2: -3.1828 (1.4416)
Lambda GC: 1.1364
Mean Chi^2: 1.2034
Intercept: 1.4735 (0.1432)
Ratio: 2.3276 (0.704)

Genetic Covariance
------------------
Total Observed scale gencov: -2.854 (1.1854)
Mean z1*z2: 0.7576
Intercept: 1.0071 (0.1226)

Genetic Correlation
-------------------
Genetic Correlation: nan (nan) (h2  out of bounds) 
Z-score: nan (nan) (h2  out of bounds)
P: nan (nan) (h2  out of bounds)
WARNING: One of the h2's was out of bounds.
This usually indicates a data-munging error or that h2 or N is low.

Computing rg for phenotype 34/68
Reading summary statistics from ../output_sumstats/output_pmid27989323_IL18_eur.sumstats.gz ...
Read summary statistics for 1217311 SNPs.
After merging with summary statistics, 1167120 SNPs remain.
388829 SNPs with valid alleles.
ERROR computing rg for phenotype 34/68, from file ../output_sumstats/output_pmid27989323_IL18_eur.sumstats.gz.
Traceback (most recent call last):
  File "/Users/as/Documents/UNI/Bioinformatik/2023:24_WS/GoBi_Lokal/BlockTeil_Metabolomics/ldsc/ldscore/sumstats.py", line 410, in estimate_rg
    rghat = _rg(loop, args, log, M_annot, ref_ld_cnames, w_ld_cname, i)
  File "/Users/as/Documents/UNI/Bioinformatik/2023:24_WS/GoBi_Lokal/BlockTeil_Metabolomics/ldsc/ldscore/sumstats.py", line 539, in _rg
    intercept_gencov=intercepts[2], n_blocks=n_blocks, twostep=args.two_step)
  File "/Users/as/Documents/UNI/Bioinformatik/2023:24_WS/GoBi_Lokal/BlockTeil_Metabolomics/ldsc/ldscore/regressions.py", line 705, in __init__
    np.multiply(hsq1.tot_delete_values, hsq2.tot_delete_values))
FloatingPointError: invalid value encountered in sqrt


Computing rg for phenotype 35/68
Reading summary statistics from ../output_sumstats/output_pmid27989323_IL1ra_eur.sumstats.gz ...
Read summary statistics for 1217311 SNPs.
After merging with summary statistics, 1167120 SNPs remain.
1163586 SNPs with valid alleles.

Heritability of phenotype 35/68
-------------------------------
Total Observed scale h2: 0.0182 (0.1439)
Lambda GC: 1.0105
Mean Chi^2: 1.0082
Intercept: 1.0069 (0.008)
Ratio: 0.8417 (0.9758)

Genetic Covariance
------------------
Total Observed scale gencov: 0.0556 (0.0647)
Mean z1*z2: 0.2141
Intercept: 0.208 (0.0054)

Genetic Correlation
-------------------
Genetic Correlation: nan (nan) (h2  out of bounds) 
Z-score: nan (nan) (h2  out of bounds)
P: nan (nan) (h2  out of bounds)
WARNING: One of the h2's was out of bounds.
This usually indicates a data-munging error or that h2 or N is low.

Computing rg for phenotype 36/68
Reading summary statistics from ../output_sumstats/output_pmid27989323_IL2_eur.sumstats.gz ...
Read summary statistics for 1217311 SNPs.
After merging with summary statistics, 1167120 SNPs remain.
1163080 SNPs with valid alleles.

Heritability of phenotype 36/68
-------------------------------
Total Observed scale h2: -0.0929 (0.13)
Lambda GC: 1.0165
Mean Chi^2: 1.0073
Intercept: 1.0137 (0.0071)
Ratio: 1.8774 (0.9744)

Genetic Covariance
------------------
Total Observed scale gencov: -0.0006 (0.0579)
Mean z1*z2: 0.2396
Intercept: 0.2396 (0.0052)

Genetic Correlation
-------------------
Genetic Correlation: nan (nan) (h2  out of bounds) 
Z-score: nan (nan) (h2  out of bounds)
P: nan (nan) (h2  out of bounds)
WARNING: One of the h2's was out of bounds.
This usually indicates a data-munging error or that h2 or N is low.

Computing rg for phenotype 37/68
Reading summary statistics from ../output_sumstats/output_pmid27989323_IL2ra_eur.sumstats.gz ...
Read summary statistics for 1217311 SNPs.
After merging with summary statistics, 1167120 SNPs remain.
1163644 SNPs with valid alleles.

Heritability of phenotype 37/68
-------------------------------
Total Observed scale h2: 0.0649 (0.1193)
Lambda GC: 1.0105
Mean Chi^2: 1.0078
Intercept: 1.0031 (0.0067)
Ratio: 0.4011 (0.8574)

Genetic Covariance
------------------
Total Observed scale gencov: -0.0555 (0.0598)
Mean z1*z2: 0.0529
Intercept: 0.059 (0.0057)

Genetic Correlation
-------------------
Genetic Correlation: nan (nan) (h2  out of bounds) 
Z-score: nan (nan) (h2  out of bounds)
P: nan (nan) (h2  out of bounds)
WARNING: One of the h2's was out of bounds.
This usually indicates a data-munging error or that h2 or N is low.

Computing rg for phenotype 38/68
Reading summary statistics from ../output_sumstats/output_pmid27989323_IL4_eur.sumstats.gz ...
Read summary statistics for 1217311 SNPs.
After merging with summary statistics, 1167120 SNPs remain.
1164251 SNPs with valid alleles.

Heritability of phenotype 38/68
-------------------------------
Total Observed scale h2: -0.0376 (0.0601)
Lambda GC: 1.0046
Mean Chi^2: 1.0045
Intercept: 1.0105 (0.008)
Ratio: 2.3568 (1.7824)

Genetic Covariance
------------------
Total Observed scale gencov: -0.0391 (0.053)
Mean z1*z2: 0.6782
Intercept: 0.6845 (0.0067)

Genetic Correlation
-------------------
Genetic Correlation: nan (nan) (h2  out of bounds) 
Z-score: nan (nan) (h2  out of bounds)
P: nan (nan) (h2  out of bounds)
WARNING: One of the h2's was out of bounds.
This usually indicates a data-munging error or that h2 or N is low.

Computing rg for phenotype 39/68
Reading summary statistics from ../output_sumstats/output_pmid27989323_IL5_eur.sumstats.gz ...
Read summary statistics for 1217311 SNPs.
After merging with summary statistics, 1167120 SNPs remain.
1161727 SNPs with valid alleles.

Heritability of phenotype 39/68
-------------------------------
Total Observed scale h2: -0.1258 (0.137)
Lambda GC: 1.0075
Mean Chi^2: 1.004
Intercept: 1.0124 (0.0074)
Ratio: 3.0973 (1.8475)

Genetic Covariance
------------------
Total Observed scale gencov: 0.001 (0.0572)
Mean z1*z2: 0.1841
Intercept: 0.184 (0.0049)

Genetic Correlation
-------------------
Genetic Correlation: nan (nan) (h2  out of bounds) 
Z-score: nan (nan) (h2  out of bounds)
P: nan (nan) (h2  out of bounds)
WARNING: One of the h2's was out of bounds.
This usually indicates a data-munging error or that h2 or N is low.

Computing rg for phenotype 40/68
Reading summary statistics from ../output_sumstats/output_pmid27989323_IL6_eur.sumstats.gz ...
Read summary statistics for 1217311 SNPs.
After merging with summary statistics, 1167120 SNPs remain.
1164494 SNPs with valid alleles.

Heritability of phenotype 40/68
-------------------------------
Total Observed scale h2: -0.0026 (0.0566)
Lambda GC: 1.0105
Mean Chi^2: 1.008
Intercept: 1.0084 (0.007)
Ratio: 1.0524 (0.8687)

Genetic Covariance
------------------
Total Observed scale gencov: -0.0355 (0.0446)
Mean z1*z2: 0.5101
Intercept: 0.5159 (0.0059)

Genetic Correlation
-------------------
Genetic Correlation: nan (nan) (h2  out of bounds) 
Z-score: nan (nan) (h2  out of bounds)
P: nan (nan) (h2  out of bounds)
WARNING: One of the h2's was out of bounds.
This usually indicates a data-munging error or that h2 or N is low.

Computing rg for phenotype 41/68
Reading summary statistics from ../output_sumstats/output_pmid27989323_IL7_eur.sumstats.gz ...
Read summary statistics for 1217311 SNPs.
After merging with summary statistics, 1167120 SNPs remain.
1164093 SNPs with valid alleles.

Heritability of phenotype 41/68
-------------------------------
Total Observed scale h2: -0.0418 (0.1569)
Lambda GC: 1.0046
Mean Chi^2: 1.0106
Intercept: 1.0135 (0.0089)
Ratio: 1.2667 (0.8393)

Genetic Covariance
------------------
Total Observed scale gencov: 0.0486 (0.0624)
Mean z1*z2: 0.2201
Intercept: 0.2149 (0.0052)

Genetic Correlation
-------------------
Genetic Correlation: nan (nan) (h2  out of bounds) 
Z-score: nan (nan) (h2  out of bounds)
P: nan (nan) (h2  out of bounds)
WARNING: One of the h2's was out of bounds.
This usually indicates a data-munging error or that h2 or N is low.

Computing rg for phenotype 42/68
Reading summary statistics from ../output_sumstats/output_pmid27989323_IL8_eur.sumstats.gz ...
Read summary statistics for 1217311 SNPs.
After merging with summary statistics, 1167120 SNPs remain.
1162739 SNPs with valid alleles.

Heritability of phenotype 42/68
-------------------------------
Total Observed scale h2: -0.0267 (0.1272)
Lambda GC: 1.0016
Mean Chi^2: 1.0058
Intercept: 1.0077 (0.0068)
Ratio: 1.3218 (1.1686)

Genetic Covariance
------------------
Total Observed scale gencov: 0.0479 (0.0656)
Mean z1*z2: 0.2831
Intercept: 0.2779 (0.0056)

Genetic Correlation
-------------------
Genetic Correlation: nan (nan) (h2  out of bounds) 
Z-score: nan (nan) (h2  out of bounds)
P: nan (nan) (h2  out of bounds)
WARNING: One of the h2's was out of bounds.
This usually indicates a data-munging error or that h2 or N is low.

Computing rg for phenotype 43/68
Reading summary statistics from ../output_sumstats/output_pmid27989323_IL9_eur.sumstats.gz ...
Read summary statistics for 1217311 SNPs.
After merging with summary statistics, 1167120 SNPs remain.
1163582 SNPs with valid alleles.

Heritability of phenotype 43/68
-------------------------------
Total Observed scale h2: -0.1686 (0.1252)
Lambda GC: 1.0135
Mean Chi^2: 1.001
Intercept: 1.0132 (0.007)
Ratio: 12.98 (6.9446)

Genetic Covariance
------------------
Total Observed scale gencov: -0.1055 (0.0617)
Mean z1*z2: 0.1768
Intercept: 0.1883 (0.0053)

Genetic Correlation
-------------------
Genetic Correlation: nan (nan) (h2  out of bounds) 
Z-score: nan (nan) (h2  out of bounds)
P: nan (nan) (h2  out of bounds)
WARNING: One of the h2's was out of bounds.
This usually indicates a data-munging error or that h2 or N is low.

Computing rg for phenotype 44/68
Reading summary statistics from ../output_sumstats/output_pmid27989323_MCP1_eur.sumstats.gz ...
Read summary statistics for 1217311 SNPs.
After merging with summary statistics, 1167120 SNPs remain.
1164541 SNPs with valid alleles.

Heritability of phenotype 44/68
-------------------------------
Total Observed scale h2: 0.173 (0.0823)
Lambda GC: 1.0105
Mean Chi^2: 1.0226
Intercept: 0.9944 (0.008)
Ratio < 0 (usually indicates GC correction).

Genetic Covariance
------------------
Total Observed scale gencov: 0.0267 (0.0456)
Mean z1*z2: 0.1542
Intercept: 0.1497 (0.0058)

Genetic Correlation
-------------------
Genetic Correlation: nan (nan) (h2  out of bounds) 
Z-score: nan (nan) (h2  out of bounds)
P: nan (nan) (h2  out of bounds)
WARNING: One of the h2's was out of bounds.
This usually indicates a data-munging error or that h2 or N is low.

Computing rg for phenotype 45/68
Reading summary statistics from ../output_sumstats/output_pmid27989323_MCP3_eur.sumstats.gz ...
Read summary statistics for 1217311 SNPs.
After merging with summary statistics, 1167120 SNPs remain.
1125883 SNPs with valid alleles.

Heritability of phenotype 45/68
-------------------------------
Total Observed scale h2: -0.8516 (0.5703)
Lambda GC: 0.9986
Mean Chi^2: 0.9991
Intercept: 1.0136 (0.0078)
Ratio: NA (mean chi^2 < 1)

Genetic Covariance
------------------
Total Observed scale gencov: 0.0439 (0.1179)
Mean z1*z2: 0.0372
Intercept: 0.0348 (0.0054)

Genetic Correlation
-------------------
Genetic Correlation: nan (nan) (h2  out of bounds) 
Z-score: nan (nan) (h2  out of bounds)
P: nan (nan) (h2  out of bounds)
WARNING: One of the h2's was out of bounds.
This usually indicates a data-munging error or that h2 or N is low.

Computing rg for phenotype 46/68
Reading summary statistics from ../output_sumstats/output_pmid27989323_MCSF_eur.sumstats.gz ...
Read summary statistics for 1217311 SNPs.
After merging with summary statistics, 1167120 SNPs remain.
1159824 SNPs with valid alleles.

Heritability of phenotype 46/68
-------------------------------
Total Observed scale h2: 0.1079 (0.5017)
Lambda GC: 0.9986
Mean Chi^2: 0.9932
Intercept: 0.9914 (0.007)
Ratio: NA (mean chi^2 < 1)

Genetic Covariance
------------------
Total Observed scale gencov: 0.0294 (0.119)
Mean z1*z2: 0.0462
Intercept: 0.0447 (0.0054)

Genetic Correlation
-------------------
Genetic Correlation: nan (nan) (h2  out of bounds) 
Z-score: nan (nan) (h2  out of bounds)
P: nan (nan) (h2  out of bounds)
WARNING: One of the h2's was out of bounds.
This usually indicates a data-munging error or that h2 or N is low.

Computing rg for phenotype 47/68
Reading summary statistics from ../output_sumstats/output_pmid27989323_MIF_eur.sumstats.gz ...
Read summary statistics for 1217311 SNPs.
After merging with summary statistics, 1167120 SNPs remain.
1163443 SNPs with valid alleles.

Heritability of phenotype 47/68
-------------------------------
Total Observed scale h2: 0.0817 (0.1371)
Lambda GC: 1.0105
Mean Chi^2: 1.0111
Intercept: 1.0054 (0.007)
Ratio: 0.4862 (0.6324)

Genetic Covariance
------------------
Total Observed scale gencov: 0.0489 (0.0733)
Mean z1*z2: 0.0467
Intercept: 0.0415 (0.0062)

Genetic Correlation
-------------------
Genetic Correlation: nan (nan) (h2  out of bounds) 
Z-score: nan (nan) (h2  out of bounds)
P: nan (nan) (h2  out of bounds)
WARNING: One of the h2's was out of bounds.
This usually indicates a data-munging error or that h2 or N is low.

Computing rg for phenotype 48/68
Reading summary statistics from ../output_sumstats/output_pmid27989323_MIG_eur.sumstats.gz ...
Read summary statistics for 1217311 SNPs.
After merging with summary statistics, 1167120 SNPs remain.
1163447 SNPs with valid alleles.

Heritability of phenotype 48/68
-------------------------------
Total Observed scale h2: -0.1341 (0.1094)
Lambda GC: 1.0046
Mean Chi^2: 1.0046
Intercept: 1.0144 (0.0064)
Ratio: 3.1339 (1.3924)

Genetic Covariance
------------------
Total Observed scale gencov: -0.0403 (0.0638)
Mean z1*z2: 0.0474
Intercept: 0.0518 (0.0057)

Genetic Correlation
-------------------
Genetic Correlation: nan (nan) (h2  out of bounds) 
Z-score: nan (nan) (h2  out of bounds)
P: nan (nan) (h2  out of bounds)
WARNING: One of the h2's was out of bounds.
This usually indicates a data-munging error or that h2 or N is low.

Computing rg for phenotype 49/68
Reading summary statistics from ../output_sumstats/output_pmid27989323_MIP1a_eur.sumstats.gz ...
Read summary statistics for 1217311 SNPs.
After merging with summary statistics, 1167120 SNPs remain.
1162796 SNPs with valid alleles.

Heritability of phenotype 49/68
-------------------------------
Total Observed scale h2: -0.138 (0.1409)
Lambda GC: 0.9957
Mean Chi^2: 0.9992
Intercept: 1.0088 (0.0071)
Ratio: NA (mean chi^2 < 1)

Genetic Covariance
------------------
Total Observed scale gencov: -0.0208 (0.0604)
Mean z1*z2: 0.2296
Intercept: 0.2319 (0.0053)

Genetic Correlation
-------------------
Genetic Correlation: nan (nan) (h2  out of bounds) 
Z-score: nan (nan) (h2  out of bounds)
P: nan (nan) (h2  out of bounds)
WARNING: One of the h2's was out of bounds.
This usually indicates a data-munging error or that h2 or N is low.

Computing rg for phenotype 50/68
Reading summary statistics from ../output_sumstats/output_pmid27989323_MIP1b_eur.sumstats.gz ...
Read summary statistics for 1217311 SNPs.
After merging with summary statistics, 1167120 SNPs remain.
1164440 SNPs with valid alleles.

Heritability of phenotype 50/68
-------------------------------
Total Observed scale h2: 0.2186 (0.2766)
Lambda GC: 1.0165
Mean Chi^2: 1.0555
Intercept: 1.0194 (0.0296)
Ratio: 0.3501 (0.5323)

Genetic Covariance
------------------
Total Observed scale gencov: -0.0794 (0.0638)
Mean z1*z2: 0.3442
Intercept: 0.3574 (0.0062)

Genetic Correlation
-------------------
Genetic Correlation: nan (nan) (h2  out of bounds) 
Z-score: nan (nan) (h2  out of bounds)
P: nan (nan) (h2  out of bounds)
WARNING: One of the h2's was out of bounds.
This usually indicates a data-munging error or that h2 or N is low.

Computing rg for phenotype 51/68
Reading summary statistics from ../output_sumstats/output_pmid27989323_RANTES_eur.sumstats.gz ...
Read summary statistics for 1217311 SNPs.
After merging with summary statistics, 1167120 SNPs remain.
1163135 SNPs with valid alleles.

Heritability of phenotype 51/68
-------------------------------
Total Observed scale h2: 0.1246 (0.1267)
Lambda GC: 1.0046
Mean Chi^2: 1.0082
Intercept: 0.9997 (0.0067)
Ratio < 0 (usually indicates GC correction).

Genetic Covariance
------------------
Total Observed scale gencov: 0.0449 (0.0601)
Mean z1*z2: 0.2258
Intercept: 0.221 (0.0053)

Genetic Correlation
-------------------
Genetic Correlation: nan (nan) (h2  out of bounds) 
Z-score: nan (nan) (h2  out of bounds)
P: nan (nan) (h2  out of bounds)
WARNING: One of the h2's was out of bounds.
This usually indicates a data-munging error or that h2 or N is low.

Computing rg for phenotype 52/68
Reading summary statistics from ../output_sumstats/output_pmid27989323_SCF_eur.sumstats.gz ...
Read summary statistics for 1217311 SNPs.
After merging with summary statistics, 1167120 SNPs remain.
1164277 SNPs with valid alleles.

Heritability of phenotype 52/68
-------------------------------
Total Observed scale h2: -0.0556 (0.056)
Lambda GC: 1.0046
Mean Chi^2: 1.0093
Intercept: 1.0184 (0.0072)
Ratio: 1.9816 (0.7701)

Genetic Covariance
------------------
Total Observed scale gencov: -0.0736 (0.0378)
Mean z1*z2: 0.0869
Intercept: 0.099 (0.0052)

Genetic Correlation
-------------------
Genetic Correlation: nan (nan) (h2  out of bounds) 
Z-score: nan (nan) (h2  out of bounds)
P: nan (nan) (h2  out of bounds)
WARNING: One of the h2's was out of bounds.
This usually indicates a data-munging error or that h2 or N is low.

Computing rg for phenotype 53/68
Reading summary statistics from ../output_sumstats/output_pmid27989323_SCGFb_eur.sumstats.gz ...
Read summary statistics for 1217311 SNPs.
After merging with summary statistics, 1167120 SNPs remain.
518167 SNPs with valid alleles.

Heritability of phenotype 53/68
-------------------------------
Total Observed scale h2: 0.0911 (0.1784)
Lambda GC: 1.0165
Mean Chi^2: 1.0188
Intercept: 1.0119 (0.0099)
Ratio: 0.633 (0.527)

Genetic Covariance
------------------
Total Observed scale gencov: -0.0678 (0.0923)
Mean z1*z2: 0.1153
Intercept: 0.123 (0.0081)

Genetic Correlation
-------------------
Genetic Correlation: nan (nan) (h2  out of bounds) 
Z-score: nan (nan) (h2  out of bounds)
P: nan (nan) (h2  out of bounds)
WARNING: One of the h2's was out of bounds.
This usually indicates a data-munging error or that h2 or N is low.

Computing rg for phenotype 54/68
Reading summary statistics from ../output_sumstats/output_pmid27989323_SDF1_eur.sumstats.gz ...
Read summary statistics for 1217311 SNPs.
After merging with summary statistics, 1167120 SNPs remain.
1163923 SNPs with valid alleles.

Heritability of phenotype 54/68
-------------------------------
Total Observed scale h2: -0.009 (0.0756)
Lambda GC: 0.9898
Mean Chi^2: 0.9979
Intercept: 0.999 (0.0071)
Ratio: NA (mean chi^2 < 1)

Genetic Covariance
------------------
Total Observed scale gencov: 0.0266 (0.052)
Mean z1*z2: 0.5301
Intercept: 0.5264 (0.0057)

Genetic Correlation
-------------------
Genetic Correlation: nan (nan) (h2  out of bounds) 
Z-score: nan (nan) (h2  out of bounds)
P: nan (nan) (h2  out of bounds)
WARNING: One of the h2's was out of bounds.
This usually indicates a data-munging error or that h2 or N is low.

Computing rg for phenotype 55/68
Reading summary statistics from ../output_sumstats/output_pmid27989323_TNFa_eur.sumstats.gz ...
Read summary statistics for 1217311 SNPs.
After merging with summary statistics, 1167120 SNPs remain.
1162877 SNPs with valid alleles.

Heritability of phenotype 55/68
-------------------------------
Total Observed scale h2: -0.0574 (0.134)
Lambda GC: 0.9868
Mean Chi^2: 0.994
Intercept: 0.9979 (0.007)
Ratio: NA (mean chi^2 < 1)

Genetic Covariance
------------------
Total Observed scale gencov: -0.004 (0.0576)
Mean z1*z2: 0.2123
Intercept: 0.2127 (0.0045)

Genetic Correlation
-------------------
Genetic Correlation: nan (nan) (h2  out of bounds) 
Z-score: nan (nan) (h2  out of bounds)
P: nan (nan) (h2  out of bounds)
WARNING: One of the h2's was out of bounds.
This usually indicates a data-munging error or that h2 or N is low.

Computing rg for phenotype 56/68
Reading summary statistics from ../output_sumstats/output_pmid27989323_TNFb_eur.sumstats.gz ...
Read summary statistics for 1217311 SNPs.
After merging with summary statistics, 1167120 SNPs remain.
1048175 SNPs with valid alleles.

Heritability of phenotype 56/68
-------------------------------
Total Observed scale h2: -0.4539 (0.3088)
Lambda GC: 1.0075
Mean Chi^2: 0.9959
Intercept: 1.0106 (0.0076)
Ratio: NA (mean chi^2 < 1)

Genetic Covariance
------------------
Total Observed scale gencov: 0.0963 (0.101)
Mean z1*z2: 0.0376
Intercept: 0.0304 (0.0059)

Genetic Correlation
-------------------
Genetic Correlation: nan (nan) (h2  out of bounds) 
Z-score: nan (nan) (h2  out of bounds)
P: nan (nan) (h2  out of bounds)
WARNING: One of the h2's was out of bounds.
This usually indicates a data-munging error or that h2 or N is low.

Computing rg for phenotype 57/68
Reading summary statistics from ../output_sumstats/output_pmid27989323_TRAIL_eur.sumstats.gz ...
Read summary statistics for 1217311 SNPs.
After merging with summary statistics, 1167120 SNPs remain.
1164339 SNPs with valid alleles.

Heritability of phenotype 57/68
-------------------------------
Total Observed scale h2: -0.0194 (0.0546)
Lambda GC: 1.0195
Mean Chi^2: 1.0177
Intercept: 1.0208 (0.0116)
Ratio: 1.1783 (0.6579)

Genetic Covariance
------------------
Total Observed scale gencov: -0.0324 (0.0403)
Mean z1*z2: 0.0996
Intercept: 0.1049 (0.0053)

Genetic Correlation
-------------------
Genetic Correlation: nan (nan) (h2  out of bounds) 
Z-score: nan (nan) (h2  out of bounds)
P: nan (nan) (h2  out of bounds)
WARNING: One of the h2's was out of bounds.
This usually indicates a data-munging error or that h2 or N is low.

Computing rg for phenotype 58/68
Reading summary statistics from ../output_sumstats/output_pmid27989323_bNGF_eur.sumstats.gz ...
Read summary statistics for 1217311 SNPs.
After merging with summary statistics, 1167120 SNPs remain.
1163031 SNPs with valid alleles.

Heritability of phenotype 58/68
-------------------------------
Total Observed scale h2: 0.2593 (0.1386)
Lambda GC: 1.0165
Mean Chi^2: 1.0128
Intercept: 0.9945 (0.0077)
Ratio < 0 (usually indicates GC correction).

Genetic Covariance
------------------
Total Observed scale gencov: 0.0438 (0.0608)
Mean z1*z2: 0.0763
Intercept: 0.0716 (0.0052)

Genetic Correlation
-------------------
Genetic Correlation: nan (nan) (h2  out of bounds) 
Z-score: nan (nan) (h2  out of bounds)
P: nan (nan) (h2  out of bounds)
WARNING: One of the h2's was out of bounds.
This usually indicates a data-munging error or that h2 or N is low.

Computing rg for phenotype 59/68
Reading summary statistics from ../output_sumstats/output_pmid27989323_eotaxin_eur.sumstats.gz ...
Read summary statistics for 1217311 SNPs.
After merging with summary statistics, 1167120 SNPs remain.
1164261 SNPs with valid alleles.

Heritability of phenotype 59/68
-------------------------------
Total Observed scale h2: 0.1056 (0.066)
Lambda GC: 1.0135
Mean Chi^2: 1.0255
Intercept: 1.0083 (0.0076)
Ratio: 0.3278 (0.3)

Genetic Covariance
------------------
Total Observed scale gencov: 0.0517 (0.0391)
Mean z1*z2: 0.2731
Intercept: 0.2646 (0.0053)

Genetic Correlation
-------------------
Genetic Correlation: nan (nan) (h2  out of bounds) 
Z-score: nan (nan) (h2  out of bounds)
P: nan (nan) (h2  out of bounds)
WARNING: One of the h2's was out of bounds.
This usually indicates a data-munging error or that h2 or N is low.

Computing rg for phenotype 60/68
Reading summary statistics from ../output_sumstats/output_pmid27989323_ip10_eur.sumstats.gz ...
Read summary statistics for 1217311 SNPs.
After merging with summary statistics, 1167120 SNPs remain.
1163454 SNPs with valid alleles.

Heritability of phenotype 60/68
-------------------------------
Total Observed scale h2: 0.1321 (0.1226)
Lambda GC: 1.0225
Mean Chi^2: 1.0178
Intercept: 1.0081 (0.0072)
Ratio: 0.4574 (0.4054)

Genetic Covariance
------------------
Total Observed scale gencov: 0.0187 (0.0645)
Mean z1*z2: 0.1196
Intercept: 0.1175 (0.0056)

Genetic Correlation
-------------------
Genetic Correlation: nan (nan) (h2  out of bounds) 
Z-score: nan (nan) (h2  out of bounds)
P: nan (nan) (h2  out of bounds)
WARNING: One of the h2's was out of bounds.
This usually indicates a data-munging error or that h2 or N is low.

Computing rg for phenotype 61/68
Reading summary statistics from ../output_sumstats/output_pmid29566793_ALS_eur.sumstats.gz ...
Read summary statistics for 1217311 SNPs.
After merging with summary statistics, 1167120 SNPs remain.
1161245 SNPs with valid alleles.

Heritability of phenotype 61/68
-------------------------------
Total Observed scale h2: 0.0319 (0.0072)
Lambda GC: 1.0496
Mean Chi^2: 1.0738
Intercept: 1.0222 (0.0071)
Ratio: 0.3003 (0.0968)

Genetic Covariance
------------------
Total Observed scale gencov: -0.0039 (0.0133)
Mean z1*z2: -0.0061
Intercept: -0.0041 (0.005)

Genetic Correlation
-------------------
Genetic Correlation: nan (nan) (h2  out of bounds) 
Z-score: nan (nan) (h2  out of bounds)
P: nan (nan) (h2  out of bounds)
WARNING: One of the h2's was out of bounds.
This usually indicates a data-munging error or that h2 or N is low.

Computing rg for phenotype 62/68
Reading summary statistics from ../output_sumstats/output_pmid29632382_T2d-BMIadj_eur.sumstats.gz ...
Read summary statistics for 1217311 SNPs.
After merging with summary statistics, 1167120 SNPs remain.
25920 SNPs with valid alleles.
WARNING: number of SNPs less than 200k; this is almost always bad.

Heritability of phenotype 62/68
-------------------------------
Total Observed scale h2: 0.1023 (0.0275)
Lambda GC: 1.2136
Mean Chi^2: 1.7906
Intercept: 1.004 (0.0823)
Ratio: 0.005 (0.1041)

Genetic Covariance
------------------
Total Observed scale gencov: 0.0004 (0.0243)
Mean z1*z2: 0.0072
Intercept: 0.0076 (0.0226)

Genetic Correlation
-------------------
Genetic Correlation: nan (nan) (h2  out of bounds) 
Z-score: nan (nan) (h2  out of bounds)
P: nan (nan) (h2  out of bounds)
WARNING: One of the h2's was out of bounds.
This usually indicates a data-munging error or that h2 or N is low.

Computing rg for phenotype 63/68
Reading summary statistics from ../output_sumstats/output_pmid30054458_T2d_eur.sumstats.gz ...
Read summary statistics for 1217311 SNPs.
After merging with summary statistics, 1167120 SNPs remain.
997879 SNPs with valid alleles.
ERROR computing rg for phenotype 63/68, from file ../output_sumstats/output_pmid30054458_T2d_eur.sumstats.gz.
Traceback (most recent call last):
  File "/Users/as/Documents/UNI/Bioinformatik/2023:24_WS/GoBi_Lokal/BlockTeil_Metabolomics/ldsc/ldscore/sumstats.py", line 410, in estimate_rg
    rghat = _rg(loop, args, log, M_annot, ref_ld_cnames, w_ld_cname, i)
  File "/Users/as/Documents/UNI/Bioinformatik/2023:24_WS/GoBi_Lokal/BlockTeil_Metabolomics/ldsc/ldscore/sumstats.py", line 539, in _rg
    intercept_gencov=intercepts[2], n_blocks=n_blocks, twostep=args.two_step)
  File "/Users/as/Documents/UNI/Bioinformatik/2023:24_WS/GoBi_Lokal/BlockTeil_Metabolomics/ldsc/ldscore/regressions.py", line 705, in __init__
    np.multiply(hsq1.tot_delete_values, hsq2.tot_delete_values))
FloatingPointError: invalid value encountered in sqrt


Computing rg for phenotype 64/68
Reading summary statistics from ../output_sumstats/output_pmid33111402_PD_eur.sumstats.gz ...
Read summary statistics for 1217311 SNPs.
After merging with summary statistics, 1167120 SNPs remain.
9907 SNPs with valid alleles.
WARNING: number of SNPs less than 200k; this is almost always bad.

Heritability of phenotype 64/68
-------------------------------
Total Observed scale h2: -2.6246 (1.1396)
Lambda GC: 0.9547
Mean Chi^2: 0.9492
Intercept: 1.0849 (0.0596)
Ratio: NA (mean chi^2 < 1)

Genetic Covariance
------------------
Total Observed scale gencov: 0.1577 (0.4318)
Mean z1*z2: 0.0433
Intercept: 0.0292 (0.0383)

Genetic Correlation
-------------------
Genetic Correlation: nan (nan) (h2  out of bounds) 
Z-score: nan (nan) (h2  out of bounds)
P: nan (nan) (h2  out of bounds)
WARNING: One of the h2's was out of bounds.
This usually indicates a data-munging error or that h2 or N is low.

Computing rg for phenotype 65/68
Reading summary statistics from ../output_sumstats/output_pmid33310728_RA_eur.sumstats.gz ...
Read summary statistics for 1217311 SNPs.
After merging with summary statistics, 1167120 SNPs remain.
1157658 SNPs with valid alleles.

Heritability of phenotype 65/68
-------------------------------
Total Observed scale h2: 0.0368 (0.0042)
Lambda GC: 1.0741
Mean Chi^2: 1.1999
Intercept: 0.9737 (0.012)
Ratio < 0 (usually indicates GC correction).

Genetic Covariance
------------------
Total Observed scale gencov: 0.0102 (0.0077)
Mean z1*z2: 0.0066
Intercept: -0.004 (0.0047)

Genetic Correlation
-------------------
Genetic Correlation: nan (nan) (h2  out of bounds) 
Z-score: nan (nan) (h2  out of bounds)
P: nan (nan) (h2  out of bounds)
WARNING: One of the h2's was out of bounds.
This usually indicates a data-munging error or that h2 or N is low.

Computing rg for phenotype 66/68
Reading summary statistics from ../output_sumstats/output_pmid33589841_LBD_eur.sumstats.gz ...
Read summary statistics for 1217311 SNPs.
After merging with summary statistics, 1167120 SNPs remain.
1060373 SNPs with valid alleles.

Heritability of phenotype 66/68
-------------------------------
Total Observed scale h2: 0.1671 (0.0806)
Lambda GC: 1.0225
Mean Chi^2: 1.0247
Intercept: 1.0025 (0.0085)
Ratio: 0.1029 (0.3456)

Genetic Covariance
------------------
Total Observed scale gencov: -0.0564 (0.0473)
Mean z1*z2: -0.003
Intercept: 0.0053 (0.0051)

Genetic Correlation
-------------------
Genetic Correlation: nan (nan) (h2  out of bounds) 
Z-score: nan (nan) (h2  out of bounds)
P: nan (nan) (h2  out of bounds)
WARNING: One of the h2's was out of bounds.
This usually indicates a data-munging error or that h2 or N is low.

Computing rg for phenotype 67/68
Reading summary statistics from ../output_sumstats/output_pmid33987465_PD_eur.sumstats.gz ...
Read summary statistics for 1217311 SNPs.
After merging with summary statistics, 1167120 SNPs remain.
1164454 SNPs with valid alleles.

Heritability of phenotype 67/68
-------------------------------
Total Observed scale h2: 0.4117 (0.1479)
Lambda GC: 1.0016
Mean Chi^2: 1.0048
Intercept: 0.9817 (0.0063)
Ratio < 0 (usually indicates GC correction).

Genetic Covariance
------------------
Total Observed scale gencov: -0.043 (0.0671)
Mean z1*z2: -0.0035
Intercept: 0.0005 (0.0049)

Genetic Correlation
-------------------
Genetic Correlation: nan (nan) (h2  out of bounds) 
Z-score: nan (nan) (h2  out of bounds)
P: nan (nan) (h2  out of bounds)
WARNING: One of the h2's was out of bounds.
This usually indicates a data-munging error or that h2 or N is low.

Computing rg for phenotype 68/68
Reading summary statistics from ../output_sumstats/output_pmid34737426_APH_eur.sumstats.gz ...
Read summary statistics for 1217311 SNPs.
After merging with summary statistics, 1167120 SNPs remain.
1141308 SNPs with valid alleles.

Heritability of phenotype 68/68
-------------------------------
Total Observed scale h2: -4.6969e-05 (0.0009)
Lambda GC: 0.9957
Mean Chi^2: 0.9851
Intercept: 0.9856 (0.0062)
Ratio: NA (mean chi^2 < 1)

Genetic Covariance
------------------
Total Observed scale gencov: 0.0019 (0.0055)
Mean z1*z2: 0.0009
Intercept: -0.0015 (0.0048)

Genetic Correlation
-------------------
Genetic Correlation: nan (nan) (h2  out of bounds) 
Z-score: nan (nan) (h2  out of bounds)
P: nan (nan) (h2  out of bounds)
WARNING: One of the h2's was out of bounds.
This usually indicates a data-munging error or that h2 or N is low.


Summary of Genetic Correlation Results
                                                            p1                                                                      p2  rg  se   z   p     h2_obs  h2_obs_se  h2_int h2_int_se   gcov_int gcov_int_se
 ../output_sumstats/output_pmid27989323_PDGFbb_eur.sumstats.gz           ../output_sumstats/output_pmid27989323_PDGFbb_eur.sumstats.gz  NA  NA  NA  NA   -0.00594    0.06229   1.022  0.008586      1.022    0.008587
 ../output_sumstats/output_pmid27989323_PDGFbb_eur.sumstats.gz               ../output_sumstats/output_pmid21833088_MS_eur.sumstats.gz  NA  NA  NA  NA    0.05705    0.02823   1.059  0.009079   0.007129    0.005976
 ../output_sumstats/output_pmid27989323_PDGFbb_eur.sumstats.gz               ../output_sumstats/output_pmid24076602_MS_eur.sumstats.gz  NA  NA  NA  NA         NA         NA      NA        NA         NA          NA
 ../output_sumstats/output_pmid27989323_PDGFbb_eur.sumstats.gz  ../output_sumstats/output_pmid24816252_acetylcarnitine_eur.sumstats.gz  NA  NA  NA  NA    -0.2398    0.08323   1.021    0.0076   -0.00569    0.004457
 ../output_sumstats/output_pmid27989323_PDGFbb_eur.sumstats.gz          ../output_sumstats/output_pmid24816252_alanine_eur.sumstats.gz  NA  NA  NA  NA     0.5267    0.07037   1.012  0.007124  -0.001562    0.004853
 ../output_sumstats/output_pmid27989323_PDGFbb_eur.sumstats.gz         ../output_sumstats/output_pmid24816252_arginine_eur.sumstats.gz  NA  NA  NA  NA  -0.006801     0.0638   1.038  0.007201   -0.01177    0.004792
 ../output_sumstats/output_pmid27989323_PDGFbb_eur.sumstats.gz       ../output_sumstats/output_pmid24816252_asparagine_eur.sumstats.gz  NA  NA  NA  NA     0.4975    0.06673   1.019  0.007243  -0.008931    0.004976
 ../output_sumstats/output_pmid27989323_PDGFbb_eur.sumstats.gz      ../output_sumstats/output_pmid24816252_cholesterol_eur.sumstats.gz  NA  NA  NA  NA     0.1333    0.06774   1.044  0.006584   0.002642    0.004712
 ../output_sumstats/output_pmid27989323_PDGFbb_eur.sumstats.gz          ../output_sumstats/output_pmid24816252_citrate_eur.sumstats.gz  NA  NA  NA  NA     0.4506    0.07983   1.059  0.008284  -0.007519    0.004679
 ../output_sumstats/output_pmid27989323_PDGFbb_eur.sumstats.gz        ../output_sumstats/output_pmid24816252_glutamate_eur.sumstats.gz  NA  NA  NA  NA     0.1612     0.0571  0.9321  0.005902  0.0008189    0.004362
 ../output_sumstats/output_pmid27989323_PDGFbb_eur.sumstats.gz         ../output_sumstats/output_pmid24816252_glycerol_eur.sumstats.gz  NA  NA  NA  NA    -0.1276    0.06048   1.016  0.006931  0.0002449    0.004716
 ../output_sumstats/output_pmid27989323_PDGFbb_eur.sumstats.gz        ../output_sumstats/output_pmid24816252_histidine_eur.sumstats.gz  NA  NA  NA  NA      0.435    0.06952  0.7582  0.006186  -0.001727    0.004024
 ../output_sumstats/output_pmid27989323_PDGFbb_eur.sumstats.gz       ../output_sumstats/output_pmid24816252_isoleucine_eur.sumstats.gz  NA  NA  NA  NA    -0.2798    0.05867       1  0.006461  -0.001929    0.004743
 ../output_sumstats/output_pmid27989323_PDGFbb_eur.sumstats.gz    ../output_sumstats/output_pmid24816252_phenylalanine_eur.sumstats.gz  NA  NA  NA  NA     0.3298    0.04359  0.7775  0.005117  0.0009014     0.00415
 ../output_sumstats/output_pmid27989323_PDGFbb_eur.sumstats.gz          ../output_sumstats/output_pmid24816252_proline_eur.sumstats.gz  NA  NA  NA  NA     0.3725    0.08941   1.038   0.01257   0.006631    0.005148
 ../output_sumstats/output_pmid27989323_PDGFbb_eur.sumstats.gz         ../output_sumstats/output_pmid24816252_pyruvate_eur.sumstats.gz  NA  NA  NA  NA     0.1509    0.05593  0.9989  0.005916  -0.001353     0.00462
 ../output_sumstats/output_pmid27989323_PDGFbb_eur.sumstats.gz        ../output_sumstats/output_pmid24816252_threonine_eur.sumstats.gz  NA  NA  NA  NA    0.04341    0.08348    1.01   0.00672  -0.002082    0.004509
 ../output_sumstats/output_pmid27989323_PDGFbb_eur.sumstats.gz       ../output_sumstats/output_pmid24816252_tryptophan_eur.sumstats.gz  NA  NA  NA  NA     0.9283    0.07473   1.048   0.00798  -0.005433    0.004473
 ../output_sumstats/output_pmid27989323_PDGFbb_eur.sumstats.gz         ../output_sumstats/output_pmid24816252_tyrosine_eur.sumstats.gz  NA  NA  NA  NA      0.168    0.07087   1.032  0.007172   0.002639    0.004453
 ../output_sumstats/output_pmid27989323_PDGFbb_eur.sumstats.gz             ../output_sumstats/output_pmid24816252_urea_eur.sumstats.gz  NA  NA  NA  NA   -0.08013    0.05288   1.013   0.00637   0.003435    0.004738
 ../output_sumstats/output_pmid27989323_PDGFbb_eur.sumstats.gz               ../output_sumstats/output_pmid27386562_MS_eur.sumstats.gz  NA  NA  NA  NA     0.2398    0.04708   1.067  0.008854   0.002481    0.004945
 ../output_sumstats/output_pmid27989323_PDGFbb_eur.sumstats.gz              ../output_sumstats/output_pmid27455348_ALS_eur.sumstats.gz  NA  NA  NA  NA    0.04762    0.01276  0.9976  0.006256  -0.007078    0.004756
 ../output_sumstats/output_pmid27989323_PDGFbb_eur.sumstats.gz            ../output_sumstats/output_pmid27989323_CTACK_eur.sumstats.gz  NA  NA  NA  NA  -0.005965     0.1161   1.004  0.006999    0.01349    0.005725
 ../output_sumstats/output_pmid27989323_PDGFbb_eur.sumstats.gz             ../output_sumstats/output_pmid27989323_GCSF_eur.sumstats.gz  NA  NA  NA  NA    0.02284    0.06168   1.008  0.007957     0.5138    0.006291
 ../output_sumstats/output_pmid27989323_PDGFbb_eur.sumstats.gz             ../output_sumstats/output_pmid27989323_GROa_eur.sumstats.gz  NA  NA  NA  NA      -45.3      20.77   1.381     0.479      0.402      0.2053
 ../output_sumstats/output_pmid27989323_PDGFbb_eur.sumstats.gz              ../output_sumstats/output_pmid27989323_HGF_eur.sumstats.gz  NA  NA  NA  NA   -0.02874    0.05859   1.011  0.008124     0.2671    0.005507
 ../output_sumstats/output_pmid27989323_PDGFbb_eur.sumstats.gz             ../output_sumstats/output_pmid27989323_IFNg_eur.sumstats.gz  NA  NA  NA  NA    0.01276    0.06234  0.9996  0.007327     0.5431    0.005719
 ../output_sumstats/output_pmid27989323_PDGFbb_eur.sumstats.gz             ../output_sumstats/output_pmid27989323_IL10_eur.sumstats.gz  NA  NA  NA  NA  -0.007905     0.0791   1.018   0.01222     0.4455    0.005849
 ../output_sumstats/output_pmid27989323_PDGFbb_eur.sumstats.gz          ../output_sumstats/output_pmid27989323_IL12p70_eur.sumstats.gz  NA  NA  NA  NA   -0.01803    0.08969   1.034   0.01932     0.5633    0.005868
 ../output_sumstats/output_pmid27989323_PDGFbb_eur.sumstats.gz             ../output_sumstats/output_pmid27989323_IL13_eur.sumstats.gz  NA  NA  NA  NA    -0.1644     0.1629   1.017   0.01246     0.2151    0.005071
 ../output_sumstats/output_pmid27989323_PDGFbb_eur.sumstats.gz             ../output_sumstats/output_pmid27989323_IL16_eur.sumstats.gz  NA  NA  NA  NA   -0.07798     0.1282  0.9955  0.007291    0.05179    0.005106
 ../output_sumstats/output_pmid27989323_PDGFbb_eur.sumstats.gz             ../output_sumstats/output_pmid27989323_IL17_eur.sumstats.gz  NA  NA  NA  NA     -3.183      1.442   1.474    0.1432      1.007      0.1226
 ../output_sumstats/output_pmid27989323_PDGFbb_eur.sumstats.gz             ../output_sumstats/output_pmid27989323_IL18_eur.sumstats.gz  NA  NA  NA  NA         NA         NA      NA        NA         NA          NA
 ../output_sumstats/output_pmid27989323_PDGFbb_eur.sumstats.gz            ../output_sumstats/output_pmid27989323_IL1ra_eur.sumstats.gz  NA  NA  NA  NA    0.01822     0.1439   1.007  0.008016      0.208     0.00537
 ../output_sumstats/output_pmid27989323_PDGFbb_eur.sumstats.gz              ../output_sumstats/output_pmid27989323_IL2_eur.sumstats.gz  NA  NA  NA  NA   -0.09292       0.13   1.014  0.007119     0.2396    0.005235
 ../output_sumstats/output_pmid27989323_PDGFbb_eur.sumstats.gz            ../output_sumstats/output_pmid27989323_IL2ra_eur.sumstats.gz  NA  NA  NA  NA    0.06489     0.1193   1.003  0.006665    0.05902     0.00572
 ../output_sumstats/output_pmid27989323_PDGFbb_eur.sumstats.gz              ../output_sumstats/output_pmid27989323_IL4_eur.sumstats.gz  NA  NA  NA  NA   -0.03759    0.06014   1.011  0.007952     0.6845    0.006683
 ../output_sumstats/output_pmid27989323_PDGFbb_eur.sumstats.gz              ../output_sumstats/output_pmid27989323_IL5_eur.sumstats.gz  NA  NA  NA  NA    -0.1258      0.137   1.012  0.007409      0.184    0.004924
 ../output_sumstats/output_pmid27989323_PDGFbb_eur.sumstats.gz              ../output_sumstats/output_pmid27989323_IL6_eur.sumstats.gz  NA  NA  NA  NA  -0.002603    0.05657   1.008  0.006962     0.5159    0.005895
 ../output_sumstats/output_pmid27989323_PDGFbb_eur.sumstats.gz              ../output_sumstats/output_pmid27989323_IL7_eur.sumstats.gz  NA  NA  NA  NA   -0.04182     0.1569   1.013  0.008914     0.2149    0.005174
 ../output_sumstats/output_pmid27989323_PDGFbb_eur.sumstats.gz              ../output_sumstats/output_pmid27989323_IL8_eur.sumstats.gz  NA  NA  NA  NA   -0.02666     0.1272   1.008  0.006783     0.2779    0.005648
 ../output_sumstats/output_pmid27989323_PDGFbb_eur.sumstats.gz              ../output_sumstats/output_pmid27989323_IL9_eur.sumstats.gz  NA  NA  NA  NA    -0.1686     0.1252   1.013  0.007048     0.1883    0.005348
 ../output_sumstats/output_pmid27989323_PDGFbb_eur.sumstats.gz             ../output_sumstats/output_pmid27989323_MCP1_eur.sumstats.gz  NA  NA  NA  NA      0.173    0.08234  0.9944  0.007999     0.1497    0.005785
 ../output_sumstats/output_pmid27989323_PDGFbb_eur.sumstats.gz             ../output_sumstats/output_pmid27989323_MCP3_eur.sumstats.gz  NA  NA  NA  NA    -0.8516     0.5703   1.014  0.007757    0.03485     0.00543
 ../output_sumstats/output_pmid27989323_PDGFbb_eur.sumstats.gz             ../output_sumstats/output_pmid27989323_MCSF_eur.sumstats.gz  NA  NA  NA  NA     0.1079     0.5017  0.9914  0.006975    0.04467    0.005402
 ../output_sumstats/output_pmid27989323_PDGFbb_eur.sumstats.gz              ../output_sumstats/output_pmid27989323_MIF_eur.sumstats.gz  NA  NA  NA  NA    0.08168     0.1371   1.005  0.007003    0.04153    0.006242
 ../output_sumstats/output_pmid27989323_PDGFbb_eur.sumstats.gz              ../output_sumstats/output_pmid27989323_MIG_eur.sumstats.gz  NA  NA  NA  NA    -0.1341     0.1094   1.014  0.006398     0.0518    0.005687
 ../output_sumstats/output_pmid27989323_PDGFbb_eur.sumstats.gz            ../output_sumstats/output_pmid27989323_MIP1a_eur.sumstats.gz  NA  NA  NA  NA     -0.138     0.1409   1.009  0.007128     0.2319    0.005284
 ../output_sumstats/output_pmid27989323_PDGFbb_eur.sumstats.gz            ../output_sumstats/output_pmid27989323_MIP1b_eur.sumstats.gz  NA  NA  NA  NA     0.2186     0.2766   1.019   0.02955     0.3574    0.006206
 ../output_sumstats/output_pmid27989323_PDGFbb_eur.sumstats.gz           ../output_sumstats/output_pmid27989323_RANTES_eur.sumstats.gz  NA  NA  NA  NA     0.1246     0.1267  0.9997   0.00671      0.221    0.005326
 ../output_sumstats/output_pmid27989323_PDGFbb_eur.sumstats.gz              ../output_sumstats/output_pmid27989323_SCF_eur.sumstats.gz  NA  NA  NA  NA   -0.05559    0.05598   1.018  0.007164    0.09905    0.005157
 ../output_sumstats/output_pmid27989323_PDGFbb_eur.sumstats.gz            ../output_sumstats/output_pmid27989323_SCGFb_eur.sumstats.gz  NA  NA  NA  NA     0.0911     0.1784   1.012  0.009922      0.123    0.008129
 ../output_sumstats/output_pmid27989323_PDGFbb_eur.sumstats.gz             ../output_sumstats/output_pmid27989323_SDF1_eur.sumstats.gz  NA  NA  NA  NA  -0.009045    0.07558   0.999  0.007124     0.5264    0.005711
 ../output_sumstats/output_pmid27989323_PDGFbb_eur.sumstats.gz             ../output_sumstats/output_pmid27989323_TNFa_eur.sumstats.gz  NA  NA  NA  NA   -0.05741      0.134  0.9979  0.006954     0.2127     0.00451
 ../output_sumstats/output_pmid27989323_PDGFbb_eur.sumstats.gz             ../output_sumstats/output_pmid27989323_TNFb_eur.sumstats.gz  NA  NA  NA  NA    -0.4539     0.3088   1.011  0.007558    0.03037    0.005924
 ../output_sumstats/output_pmid27989323_PDGFbb_eur.sumstats.gz            ../output_sumstats/output_pmid27989323_TRAIL_eur.sumstats.gz  NA  NA  NA  NA   -0.01941    0.05458   1.021   0.01161     0.1049    0.005279
 ../output_sumstats/output_pmid27989323_PDGFbb_eur.sumstats.gz             ../output_sumstats/output_pmid27989323_bNGF_eur.sumstats.gz  NA  NA  NA  NA     0.2593     0.1386  0.9945  0.007732    0.07155     0.00523
 ../output_sumstats/output_pmid27989323_PDGFbb_eur.sumstats.gz          ../output_sumstats/output_pmid27989323_eotaxin_eur.sumstats.gz  NA  NA  NA  NA     0.1056    0.06604   1.008  0.007641     0.2646    0.005313
 ../output_sumstats/output_pmid27989323_PDGFbb_eur.sumstats.gz             ../output_sumstats/output_pmid27989323_ip10_eur.sumstats.gz  NA  NA  NA  NA     0.1321     0.1226   1.008  0.007211     0.1175    0.005551
 ../output_sumstats/output_pmid27989323_PDGFbb_eur.sumstats.gz              ../output_sumstats/output_pmid29566793_ALS_eur.sumstats.gz  NA  NA  NA  NA    0.03188   0.007201   1.022  0.007147  -0.004095    0.004966
 ../output_sumstats/output_pmid27989323_PDGFbb_eur.sumstats.gz       ../output_sumstats/output_pmid29632382_T2d-BMIadj_eur.sumstats.gz  NA  NA  NA  NA     0.1023    0.02746   1.004   0.08228   0.007572     0.02262
 ../output_sumstats/output_pmid27989323_PDGFbb_eur.sumstats.gz              ../output_sumstats/output_pmid30054458_T2d_eur.sumstats.gz  NA  NA  NA  NA         NA         NA      NA        NA         NA          NA
 ../output_sumstats/output_pmid27989323_PDGFbb_eur.sumstats.gz               ../output_sumstats/output_pmid33111402_PD_eur.sumstats.gz  NA  NA  NA  NA     -2.625       1.14   1.085   0.05962    0.02918     0.03825
 ../output_sumstats/output_pmid27989323_PDGFbb_eur.sumstats.gz               ../output_sumstats/output_pmid33310728_RA_eur.sumstats.gz  NA  NA  NA  NA     0.0368   0.004221  0.9737   0.01198  -0.003964      0.0047
 ../output_sumstats/output_pmid27989323_PDGFbb_eur.sumstats.gz              ../output_sumstats/output_pmid33589841_LBD_eur.sumstats.gz  NA  NA  NA  NA     0.1671    0.08058   1.003  0.008542   0.005328    0.005148
 ../output_sumstats/output_pmid27989323_PDGFbb_eur.sumstats.gz               ../output_sumstats/output_pmid33987465_PD_eur.sumstats.gz  NA  NA  NA  NA     0.4117     0.1479  0.9817  0.006274  0.0005431    0.004852
 ../output_sumstats/output_pmid27989323_PDGFbb_eur.sumstats.gz              ../output_sumstats/output_pmid34737426_APH_eur.sumstats.gz  NA  NA  NA  NA -4.697e-05  0.0009472  0.9856  0.006159  -0.001505     0.00481

Analysis finished at Sat Feb 24 20:35:17 2024
Total time elapsed: 7.0m:1.2s
