*********************************************************************
* LD Score Regression (LDSC)
* Version 1.0.1
* (C) 2014-2019 Brendan Bulik-Sullivan and Hilary Finucane
* Broad Institute of MIT and Harvard / MIT Department of Mathematics
* GNU General Public License v3
*********************************************************************
Call: 
./ldsc.py \
--ref-ld-chr ../input_files/eur_w_ld_chr/ \
--out ../output_ld_regression/output_pmid27989323_MIF_eur_ldReg \
--rg ../output_sumstats/output_pmid27989323_MIF_eur.sumstats.gz,../output_sumstats/output_pmid27989323_MIF_eur.sumstats.gz,../output_sumstats/output_pmid21833088_MS_eur.sumstats.gz,../output_sumstats/output_pmid24076602_MS_eur.sumstats.gz,../output_sumstats/output_pmid24816252_acetylcarnitine_eur.sumstats.gz,../output_sumstats/output_pmid24816252_alanine_eur.sumstats.gz,../output_sumstats/output_pmid24816252_arginine_eur.sumstats.gz,../output_sumstats/output_pmid24816252_asparagine_eur.sumstats.gz,../output_sumstats/output_pmid24816252_cholesterol_eur.sumstats.gz,../output_sumstats/output_pmid24816252_citrate_eur.sumstats.gz,../output_sumstats/output_pmid24816252_glutamate_eur.sumstats.gz,../output_sumstats/output_pmid24816252_glycerol_eur.sumstats.gz,../output_sumstats/output_pmid24816252_histidine_eur.sumstats.gz,../output_sumstats/output_pmid24816252_isoleucine_eur.sumstats.gz,../output_sumstats/output_pmid24816252_phenylalanine_eur.sumstats.gz,../output_sumstats/output_pmid24816252_proline_eur.sumstats.gz,../output_sumstats/output_pmid24816252_pyruvate_eur.sumstats.gz,../output_sumstats/output_pmid24816252_threonine_eur.sumstats.gz,../output_sumstats/output_pmid24816252_tryptophan_eur.sumstats.gz,../output_sumstats/output_pmid24816252_tyrosine_eur.sumstats.gz,../output_sumstats/output_pmid24816252_urea_eur.sumstats.gz,../output_sumstats/output_pmid27386562_MS_eur.sumstats.gz,../output_sumstats/output_pmid27455348_ALS_eur.sumstats.gz,../output_sumstats/output_pmid27989323_CTACK_eur.sumstats.gz,../output_sumstats/output_pmid27989323_GCSF_eur.sumstats.gz,../output_sumstats/output_pmid27989323_GROa_eur.sumstats.gz,../output_sumstats/output_pmid27989323_HGF_eur.sumstats.gz,../output_sumstats/output_pmid27989323_IFNg_eur.sumstats.gz,../output_sumstats/output_pmid27989323_IL10_eur.sumstats.gz,../output_sumstats/output_pmid27989323_IL12p70_eur.sumstats.gz,../output_sumstats/output_pmid27989323_IL13_eur.sumstats.gz,../output_sumstats/output_pmid27989323_IL16_eur.sumstats.gz,../output_sumstats/output_pmid27989323_IL17_eur.sumstats.gz,../output_sumstats/output_pmid27989323_IL18_eur.sumstats.gz,../output_sumstats/output_pmid27989323_IL1ra_eur.sumstats.gz,../output_sumstats/output_pmid27989323_IL2_eur.sumstats.gz,../output_sumstats/output_pmid27989323_IL2ra_eur.sumstats.gz,../output_sumstats/output_pmid27989323_IL4_eur.sumstats.gz,../output_sumstats/output_pmid27989323_IL5_eur.sumstats.gz,../output_sumstats/output_pmid27989323_IL6_eur.sumstats.gz,../output_sumstats/output_pmid27989323_IL7_eur.sumstats.gz,../output_sumstats/output_pmid27989323_IL8_eur.sumstats.gz,../output_sumstats/output_pmid27989323_IL9_eur.sumstats.gz,../output_sumstats/output_pmid27989323_MCP1_eur.sumstats.gz,../output_sumstats/output_pmid27989323_MCP3_eur.sumstats.gz,../output_sumstats/output_pmid27989323_MCSF_eur.sumstats.gz,../output_sumstats/output_pmid27989323_MIG_eur.sumstats.gz,../output_sumstats/output_pmid27989323_MIP1a_eur.sumstats.gz,../output_sumstats/output_pmid27989323_MIP1b_eur.sumstats.gz,../output_sumstats/output_pmid27989323_PDGFbb_eur.sumstats.gz,../output_sumstats/output_pmid27989323_RANTES_eur.sumstats.gz,../output_sumstats/output_pmid27989323_SCF_eur.sumstats.gz,../output_sumstats/output_pmid27989323_SCGFb_eur.sumstats.gz,../output_sumstats/output_pmid27989323_SDF1_eur.sumstats.gz,../output_sumstats/output_pmid27989323_TNFa_eur.sumstats.gz,../output_sumstats/output_pmid27989323_TNFb_eur.sumstats.gz,../output_sumstats/output_pmid27989323_TRAIL_eur.sumstats.gz,../output_sumstats/output_pmid27989323_bNGF_eur.sumstats.gz,../output_sumstats/output_pmid27989323_eotaxin_eur.sumstats.gz,../output_sumstats/output_pmid27989323_ip10_eur.sumstats.gz,../output_sumstats/output_pmid29566793_ALS_eur.sumstats.gz,../output_sumstats/output_pmid29632382_T2d-BMIadj_eur.sumstats.gz,../output_sumstats/output_pmid30054458_T2d_eur.sumstats.gz,../output_sumstats/output_pmid33111402_PD_eur.sumstats.gz,../output_sumstats/output_pmid33310728_RA_eur.sumstats.gz,../output_sumstats/output_pmid33589841_LBD_eur.sumstats.gz,../output_sumstats/output_pmid33987465_PD_eur.sumstats.gz,../output_sumstats/output_pmid34737426_APH_eur.sumstats.gz \
--w-ld-chr ../input_files/eur_w_ld_chr/ 

Beginning analysis at Sat Feb 24 19:58:52 2024
Reading summary statistics from ../output_sumstats/output_pmid27989323_MIF_eur.sumstats.gz ...
Read summary statistics for 1177223 SNPs.
Reading reference panel LD Score from ../input_files/eur_w_ld_chr/[1-22] ... (ldscore_fromlist)
Read reference panel LD Scores for 1290028 SNPs.
Removing partitioned LD Scores with zero variance.
Reading regression weight LD Score from ../input_files/eur_w_ld_chr/[1-22] ... (ldscore_fromlist)
Read regression weight LD Scores for 1290028 SNPs.
After merging with reference panel LD, 1166088 SNPs remain.
After merging with regression SNP LD, 1166088 SNPs remain.
Computing rg for phenotype 2/68
Reading summary statistics from ../output_sumstats/output_pmid27989323_MIF_eur.sumstats.gz ...
Read summary statistics for 1217311 SNPs.
After merging with summary statistics, 1166088 SNPs remain.
1166088 SNPs with valid alleles.

Heritability of phenotype 1
---------------------------
Total Observed scale h2: 0.0852 (0.1363)
Lambda GC: 1.0075
Mean Chi^2: 1.011
Intercept: 1.0051 (0.007)
Ratio: 0.4628 (0.6362)

Heritability of phenotype 2/68
------------------------------
Total Observed scale h2: 0.0852 (0.1363)
Lambda GC: 1.0075
Mean Chi^2: 1.011
Intercept: 1.0051 (0.007)
Ratio: 0.4628 (0.6362)

Genetic Covariance
------------------
Total Observed scale gencov: 0.0852 (0.1363)
Mean z1*z2: 1.011
Intercept: 1.0051 (0.007)

Genetic Correlation
-------------------
Genetic Correlation: 1. (3.1064e-06)
Z-score: 321918.6327
P: 0.

Computing rg for phenotype 3/68
Reading summary statistics from ../output_sumstats/output_pmid21833088_MS_eur.sumstats.gz ...
Read summary statistics for 1217311 SNPs.
After merging with summary statistics, 1166088 SNPs remain.
450042 SNPs with valid alleles.

Heritability of phenotype 3/68
------------------------------
Total Observed scale h2: 0.0575 (0.0281)
Lambda GC: 1.0405
Mean Chi^2: 1.0858
Intercept: 1.0582 (0.009)
Ratio: 0.679 (0.1054)

Genetic Covariance
------------------
Total Observed scale gencov: -0.0031 (0.036)
Mean z1*z2: 0.0017
Intercept: 0.0022 (0.0052)

Genetic Correlation
-------------------
Genetic Correlation: -0.0415 (0.4988)
Z-score: -0.0832
P: 0.9337

Computing rg for phenotype 4/68
Reading summary statistics from ../output_sumstats/output_pmid24076602_MS_eur.sumstats.gz ...
Read summary statistics for 1217311 SNPs.
After merging with summary statistics, 1166088 SNPs remain.
49499 SNPs with valid alleles.
WARNING: number of SNPs less than 200k; this is almost always bad.

Heritability of phenotype 4/68
------------------------------
Total Observed scale h2: 1.5997 (0.2403)
Lambda GC: 1.4673
Mean Chi^2: 2.2033
Intercept: 1.0072 (0.0836)
Ratio: 0.0059 (0.0694)

Genetic Covariance
------------------
Total Observed scale gencov: -0.1443 (0.1348)
Mean z1*z2: -0.0223
Intercept: 0.0227 (0.0205)

Genetic Correlation
-------------------
Genetic Correlation: nan (nan) (h2  out of bounds) 
Z-score: nan (nan) (h2  out of bounds)
P: nan (nan) (h2  out of bounds)
WARNING: One of the h2's was out of bounds.
This usually indicates a data-munging error or that h2 or N is low.

Computing rg for phenotype 5/68
Reading summary statistics from ../output_sumstats/output_pmid24816252_acetylcarnitine_eur.sumstats.gz ...
Read summary statistics for 1217311 SNPs.
After merging with summary statistics, 1166088 SNPs remain.
1023178 SNPs with valid alleles.

Heritability of phenotype 5/68
------------------------------
Total Observed scale h2: -0.2364 (0.0831)
Lambda GC: 0.9721
Mean Chi^2: 0.9855
Intercept: 1.0202 (0.0076)
Ratio: NA (mean chi^2 < 1)

Genetic Covariance
------------------
Total Observed scale gencov: 0.0388 (0.0623)
Mean z1*z2: -0.0012
Intercept: -0.0051 (0.0045)

Genetic Correlation
-------------------
Genetic Correlation: nan (nan) (h2  out of bounds) 
Z-score: nan (nan) (h2  out of bounds)
P: nan (nan) (h2  out of bounds)
WARNING: One of the h2's was out of bounds.
This usually indicates a data-munging error or that h2 or N is low.

Computing rg for phenotype 6/68
Reading summary statistics from ../output_sumstats/output_pmid24816252_alanine_eur.sumstats.gz ...
Read summary statistics for 1217311 SNPs.
After merging with summary statistics, 1166088 SNPs remain.
1023178 SNPs with valid alleles.

Heritability of phenotype 6/68
------------------------------
Total Observed scale h2: 0.5283 (0.0705)
Lambda GC: 1.0649
Mean Chi^2: 1.0877
Intercept: 1.0115 (0.0072)
Ratio: 0.1312 (0.0816)

Genetic Covariance
------------------
Total Observed scale gencov: -0.0172 (0.0624)
Mean z1*z2: -0.0015
Intercept: 0.0005 (0.0043)

Genetic Correlation
-------------------
Genetic Correlation: -0.0758 (0.2852)
Z-score: -0.2659
P: 0.7903

Computing rg for phenotype 7/68
Reading summary statistics from ../output_sumstats/output_pmid24816252_arginine_eur.sumstats.gz ...
Read summary statistics for 1217311 SNPs.
After merging with summary statistics, 1166088 SNPs remain.
1023178 SNPs with valid alleles.

Heritability of phenotype 7/68
------------------------------
Total Observed scale h2: -0.0073 (0.0638)
Lambda GC: 1.0255
Mean Chi^2: 1.0367
Intercept: 1.0377 (0.0072)
Ratio: 1.0261 (0.1959)

Genetic Covariance
------------------
Total Observed scale gencov: -0.0064 (0.0626)
Mean z1*z2: -0.0003
Intercept: 0.0003 (0.0047)

Genetic Correlation
-------------------
Genetic Correlation: nan (nan) (h2  out of bounds) 
Z-score: nan (nan) (h2  out of bounds)
P: nan (nan) (h2  out of bounds)
WARNING: One of the h2's was out of bounds.
This usually indicates a data-munging error or that h2 or N is low.

Computing rg for phenotype 8/68
Reading summary statistics from ../output_sumstats/output_pmid24816252_asparagine_eur.sumstats.gz ...
Read summary statistics for 1217311 SNPs.
After merging with summary statistics, 1166088 SNPs remain.
1023178 SNPs with valid alleles.

Heritability of phenotype 8/68
------------------------------
Total Observed scale h2: 0.4962 (0.0669)
Lambda GC: 1.0679
Mean Chi^2: 1.0907
Intercept: 1.0192 (0.0073)
Ratio: 0.2115 (0.0801)

Genetic Covariance
------------------
Total Observed scale gencov: -0.0621 (0.0677)
Mean z1*z2: -0.0066
Intercept: -0.0003 (0.0049)

Genetic Correlation
-------------------
Genetic Correlation: -0.2822 (0.3635)
Z-score: -0.7762
P: 0.4376

Computing rg for phenotype 9/68
Reading summary statistics from ../output_sumstats/output_pmid24816252_cholesterol_eur.sumstats.gz ...
Read summary statistics for 1217311 SNPs.
After merging with summary statistics, 1166088 SNPs remain.
1023178 SNPs with valid alleles.

Heritability of phenotype 9/68
------------------------------
Total Observed scale h2: 0.1371 (0.0677)
Lambda GC: 1.0496
Mean Chi^2: 1.0634
Intercept: 1.0433 (0.0066)
Ratio: 0.6825 (0.1041)

Genetic Covariance
------------------
Total Observed scale gencov: -0.0049 (0.0708)
Mean z1*z2: -0.0043
Intercept: -0.0035 (0.0052)

Genetic Correlation
-------------------
Genetic Correlation: -0.0424 (0.6285)
Z-score: -0.0675
P: 0.9462

Computing rg for phenotype 10/68
Reading summary statistics from ../output_sumstats/output_pmid24816252_citrate_eur.sumstats.gz ...
Read summary statistics for 1217311 SNPs.
After merging with summary statistics, 1166088 SNPs remain.
1023178 SNPs with valid alleles.

Heritability of phenotype 10/68
-------------------------------
Total Observed scale h2: 0.4506 (0.0801)
Lambda GC: 1.0957
Mean Chi^2: 1.123
Intercept: 1.0591 (0.0083)
Ratio: 0.4801 (0.0672)

Genetic Covariance
------------------
Total Observed scale gencov: 0.0036 (0.067)
Mean z1*z2: -0.0014
Intercept: -0.002 (0.0046)

Genetic Correlation
-------------------
Genetic Correlation: 0.017 (0.3247)
Z-score: 0.0522
P: 0.9584

Computing rg for phenotype 11/68
Reading summary statistics from ../output_sumstats/output_pmid24816252_glutamate_eur.sumstats.gz ...
Read summary statistics for 1217311 SNPs.
After merging with summary statistics, 1166088 SNPs remain.
1023178 SNPs with valid alleles.

Heritability of phenotype 11/68
-------------------------------
Total Observed scale h2: 0.1629 (0.057)
Lambda GC: 0.9576
Mean Chi^2: 0.9552
Intercept: 0.9318 (0.0059)
Ratio: NA (mean chi^2 < 1)

Genetic Covariance
------------------
Total Observed scale gencov: 0.066 (0.0575)
Mean z1*z2: -0.0022
Intercept: -0.0087 (0.0043)

Genetic Correlation
-------------------
Genetic Correlation: 0.5234 (0.6177)
Z-score: 0.8473
P: 0.3968

Computing rg for phenotype 12/68
Reading summary statistics from ../output_sumstats/output_pmid24816252_glycerol_eur.sumstats.gz ...
Read summary statistics for 1217311 SNPs.
After merging with summary statistics, 1166088 SNPs remain.
1023178 SNPs with valid alleles.

Heritability of phenotype 12/68
-------------------------------
Total Observed scale h2: -0.1277 (0.0607)
Lambda GC: 0.9868
Mean Chi^2: 0.9975
Intercept: 1.0161 (0.007)
Ratio: NA (mean chi^2 < 1)

Genetic Covariance
------------------
Total Observed scale gencov: 0.0587 (0.0601)
Mean z1*z2: 0.0011
Intercept: -0.0048 (0.0045)

Genetic Correlation
-------------------
Genetic Correlation: nan (nan) (h2  out of bounds) 
Z-score: nan (nan) (h2  out of bounds)
P: nan (nan) (h2  out of bounds)
WARNING: One of the h2's was out of bounds.
This usually indicates a data-munging error or that h2 or N is low.

Computing rg for phenotype 13/68
Reading summary statistics from ../output_sumstats/output_pmid24816252_histidine_eur.sumstats.gz ...
Read summary statistics for 1217311 SNPs.
After merging with summary statistics, 1166088 SNPs remain.
1023178 SNPs with valid alleles.

Heritability of phenotype 13/68
-------------------------------
Total Observed scale h2: 0.4296 (0.0695)
Lambda GC: 0.81
Mean Chi^2: 0.8193
Intercept: 0.7589 (0.0061)
Ratio: NA (mean chi^2 < 1)

Genetic Covariance
------------------
Total Observed scale gencov: -0.1021 (0.0546)
Mean z1*z2: -0.0039
Intercept: 0.0061 (0.0037)

Genetic Correlation
-------------------
Genetic Correlation: -0.4985 (0.4359)
Z-score: -1.1435
P: 0.2528

Computing rg for phenotype 14/68
Reading summary statistics from ../output_sumstats/output_pmid24816252_isoleucine_eur.sumstats.gz ...
Read summary statistics for 1217311 SNPs.
After merging with summary statistics, 1166088 SNPs remain.
1023178 SNPs with valid alleles.

Heritability of phenotype 14/68
-------------------------------
Total Observed scale h2: -0.2809 (0.0591)
Lambda GC: 0.9489
Mean Chi^2: 0.9587
Intercept: 1. (0.0065)
Ratio: NA (mean chi^2 < 1)

Genetic Covariance
------------------
Total Observed scale gencov: -0.0682 (0.0591)
Mean z1*z2: -0.0006
Intercept: 0.0062 (0.0046)

Genetic Correlation
-------------------
Genetic Correlation: nan (nan) (h2  out of bounds) 
Z-score: nan (nan) (h2  out of bounds)
P: nan (nan) (h2  out of bounds)
WARNING: One of the h2's was out of bounds.
This usually indicates a data-munging error or that h2 or N is low.

Computing rg for phenotype 15/68
Reading summary statistics from ../output_sumstats/output_pmid24816252_phenylalanine_eur.sumstats.gz ...
Read summary statistics for 1217311 SNPs.
After merging with summary statistics, 1166088 SNPs remain.
1023178 SNPs with valid alleles.

Heritability of phenotype 15/68
-------------------------------
Total Observed scale h2: 0.3285 (0.0437)
Lambda GC: 0.8207
Mean Chi^2: 0.8235
Intercept: 0.7776 (0.0051)
Ratio: NA (mean chi^2 < 1)

Genetic Covariance
------------------
Total Observed scale gencov: -0.0471 (0.0575)
Mean z1*z2: -0.0004
Intercept: 0.0043 (0.0038)

Genetic Correlation
-------------------
Genetic Correlation: -0.2629 (0.3876)
Z-score: -0.6784
P: 0.4975

Computing rg for phenotype 16/68
Reading summary statistics from ../output_sumstats/output_pmid24816252_proline_eur.sumstats.gz ...
Read summary statistics for 1217311 SNPs.
After merging with summary statistics, 1166088 SNPs remain.
1023178 SNPs with valid alleles.

Heritability of phenotype 16/68
-------------------------------
Total Observed scale h2: 0.3768 (0.0903)
Lambda GC: 1.0649
Mean Chi^2: 1.0922
Intercept: 1.0375 (0.0127)
Ratio: 0.4071 (0.1377)

Genetic Covariance
------------------
Total Observed scale gencov: -0.0425 (0.0672)
Mean z1*z2: 0.002
Intercept: 0.0062 (0.0046)

Genetic Correlation
-------------------
Genetic Correlation: -0.2215 (0.4024)
Z-score: -0.5504
P: 0.582

Computing rg for phenotype 17/68
Reading summary statistics from ../output_sumstats/output_pmid24816252_pyruvate_eur.sumstats.gz ...
Read summary statistics for 1217311 SNPs.
After merging with summary statistics, 1166088 SNPs remain.
1023178 SNPs with valid alleles.

Heritability of phenotype 17/68
-------------------------------
Total Observed scale h2: 0.1506 (0.0561)
Lambda GC: 1.0195
Mean Chi^2: 1.0202
Intercept: 0.9989 (0.006)
Ratio < 0 (usually indicates GC correction).

Genetic Covariance
------------------
Total Observed scale gencov: -0.0126 (0.0648)
Mean z1*z2: -0.0074
Intercept: -0.0059 (0.0047)

Genetic Correlation
-------------------
Genetic Correlation: -0.104 (0.5325)
Z-score: -0.1953
P: 0.8452

Computing rg for phenotype 18/68
Reading summary statistics from ../output_sumstats/output_pmid24816252_threonine_eur.sumstats.gz ...
Read summary statistics for 1217311 SNPs.
After merging with summary statistics, 1166088 SNPs remain.
1023178 SNPs with valid alleles.

Heritability of phenotype 18/68
-------------------------------
Total Observed scale h2: 0.0498 (0.0832)
Lambda GC: 1.0016
Mean Chi^2: 1.0149
Intercept: 1.0092 (0.0067)
Ratio: 0.6183 (0.4493)

Genetic Covariance
------------------
Total Observed scale gencov: -0.144 (0.0595)
Mean z1*z2: 0.003
Intercept: 0.0157 (0.0042)

Genetic Correlation
-------------------
Genetic Correlation: nan (nan) (rg out of bounds) 
Z-score: nan (nan) (rg out of bounds)
P: nan (nan) (rg out of bounds)
WARNING: rg was out of bounds.
This often means that h2 is not significantly different from zero.

Computing rg for phenotype 19/68
Reading summary statistics from ../output_sumstats/output_pmid24816252_tryptophan_eur.sumstats.gz ...
Read summary statistics for 1217311 SNPs.
After merging with summary statistics, 1166088 SNPs remain.
1023178 SNPs with valid alleles.

Heritability of phenotype 19/68
-------------------------------
Total Observed scale h2: 0.9267 (0.0743)
Lambda GC: 1.0864
Mean Chi^2: 1.1816
Intercept: 1.0483 (0.0079)
Ratio: 0.2657 (0.0435)

Genetic Covariance
------------------
Total Observed scale gencov: -0.082 (0.0685)
Mean z1*z2: -0.0012
Intercept: 0.0072 (0.005)

Genetic Correlation
-------------------
Genetic Correlation: -0.2727 (0.2978)
Z-score: -0.9156
P: 0.3599

Computing rg for phenotype 20/68
Reading summary statistics from ../output_sumstats/output_pmid24816252_tyrosine_eur.sumstats.gz ...
Read summary statistics for 1217311 SNPs.
After merging with summary statistics, 1166088 SNPs remain.
1023178 SNPs with valid alleles.

Heritability of phenotype 20/68
-------------------------------
Total Observed scale h2: 0.1663 (0.0708)
Lambda GC: 1.0466
Mean Chi^2: 1.0566
Intercept: 1.0323 (0.0072)
Ratio: 0.5712 (0.1277)

Genetic Covariance
------------------
Total Observed scale gencov: -0.0817 (0.0612)
Mean z1*z2: 0.0047
Intercept: 0.0129 (0.0045)

Genetic Correlation
-------------------
Genetic Correlation: -0.641 (0.696)
Z-score: -0.9209
P: 0.3571

Computing rg for phenotype 21/68
Reading summary statistics from ../output_sumstats/output_pmid24816252_urea_eur.sumstats.gz ...
Read summary statistics for 1217311 SNPs.
After merging with summary statistics, 1166088 SNPs remain.
1023178 SNPs with valid alleles.

Heritability of phenotype 21/68
-------------------------------
Total Observed scale h2: -0.0785 (0.0528)
Lambda GC: 0.9898
Mean Chi^2: 1.001
Intercept: 1.0125 (0.0063)
Ratio: 12.1826 (6.1787)

Genetic Covariance
------------------
Total Observed scale gencov: -0.0297 (0.0614)
Mean z1*z2: -0.011
Intercept: -0.008 (0.0042)

Genetic Correlation
-------------------
Genetic Correlation: nan (nan) (h2  out of bounds) 
Z-score: nan (nan) (h2  out of bounds)
P: nan (nan) (h2  out of bounds)
WARNING: One of the h2's was out of bounds.
This usually indicates a data-munging error or that h2 or N is low.

Computing rg for phenotype 22/68
Reading summary statistics from ../output_sumstats/output_pmid27386562_MS_eur.sumstats.gz ...
Read summary statistics for 1217311 SNPs.
After merging with summary statistics, 1166088 SNPs remain.
1136568 SNPs with valid alleles.

Heritability of phenotype 22/68
-------------------------------
Total Observed scale h2: 0.2419 (0.0475)
Lambda GC: 1.1207
Mean Chi^2: 1.1417
Intercept: 1.0669 (0.0089)
Ratio: 0.4716 (0.0629)

Genetic Covariance
------------------
Total Observed scale gencov: 0.0221 (0.0448)
Mean z1*z2: 0.0003
Intercept: -0.0031 (0.0043)

Genetic Correlation
-------------------
Genetic Correlation: 0.1377 (0.3063)
Z-score: 0.4496
P: 0.653

Computing rg for phenotype 23/68
Reading summary statistics from ../output_sumstats/output_pmid27455348_ALS_eur.sumstats.gz ...
Read summary statistics for 1217311 SNPs.
After merging with summary statistics, 1166088 SNPs remain.
1152803 SNPs with valid alleles.

Heritability of phenotype 23/68
-------------------------------
Total Observed scale h2: 0.0472 (0.0126)
Lambda GC: 1.0285
Mean Chi^2: 1.0314
Intercept: 0.9978 (0.0063)
Ratio < 0 (usually indicates GC correction).

Genetic Covariance
------------------
Total Observed scale gencov: 0.0172 (0.0277)
Mean z1*z2: 0.0005
Intercept: -0.0031 (0.0044)

Genetic Correlation
-------------------
Genetic Correlation: 0.261 (0.4566)
Z-score: 0.5716
P: 0.5676

Computing rg for phenotype 24/68
Reading summary statistics from ../output_sumstats/output_pmid27989323_CTACK_eur.sumstats.gz ...
Read summary statistics for 1217311 SNPs.
After merging with summary statistics, 1166088 SNPs remain.
1163804 SNPs with valid alleles.

Heritability of phenotype 24/68
-------------------------------
Total Observed scale h2: -0.0041 (0.1158)
Lambda GC: 0.9957
Mean Chi^2: 1.0034
Intercept: 1.0037 (0.007)
Ratio: 1.0885 (2.0618)

Genetic Covariance
------------------
Total Observed scale gencov: 0.2359 (0.0924)
Mean z1*z2: 0.1259
Intercept: 0.1093 (0.0057)

Genetic Correlation
-------------------
Genetic Correlation: nan (nan) (h2  out of bounds) 
Z-score: nan (nan) (h2  out of bounds)
P: nan (nan) (h2  out of bounds)
WARNING: One of the h2's was out of bounds.
This usually indicates a data-munging error or that h2 or N is low.

Computing rg for phenotype 25/68
Reading summary statistics from ../output_sumstats/output_pmid27989323_GCSF_eur.sumstats.gz ...
Read summary statistics for 1217311 SNPs.
After merging with summary statistics, 1166088 SNPs remain.
1163388 SNPs with valid alleles.

Heritability of phenotype 25/68
-------------------------------
Total Observed scale h2: 0.0249 (0.0614)
Lambda GC: 1.0165
Mean Chi^2: 1.0107
Intercept: 1.0068 (0.008)
Ratio: 0.6364 (0.7447)

Genetic Covariance
------------------
Total Observed scale gencov: -0.011 (0.0695)
Mean z1*z2: 0.0635
Intercept: 0.0647 (0.0054)

Genetic Correlation
-------------------
Genetic Correlation: -0.2381 (1.6964)
Z-score: -0.1404
P: 0.8884

Computing rg for phenotype 26/68
Reading summary statistics from ../output_sumstats/output_pmid27989323_GROa_eur.sumstats.gz ...
Read summary statistics for 1217311 SNPs.
After merging with summary statistics, 1166088 SNPs remain.
63 SNPs with valid alleles.
WARNING: number of SNPs less than 200k; this is almost always bad.

Heritability of phenotype 26/68
-------------------------------
Total Observed scale h2: -45.2997 (20.7723)
Lambda GC: 0.3141
Mean Chi^2: 0.4167
Intercept: 1.381 (0.479)
Ratio: NA (mean chi^2 < 1)

Genetic Covariance
------------------
Total Observed scale gencov: -27.1903 (12.8446)
Mean z1*z2: 0.2718
Intercept: 0.8493 (0.3276)

Genetic Correlation
-------------------
Genetic Correlation: nan (nan) (h2  out of bounds) 
Z-score: nan (nan) (h2  out of bounds)
P: nan (nan) (h2  out of bounds)
WARNING: One of the h2's was out of bounds.
This usually indicates a data-munging error or that h2 or N is low.

Computing rg for phenotype 27/68
Reading summary statistics from ../output_sumstats/output_pmid27989323_HGF_eur.sumstats.gz ...
Read summary statistics for 1217311 SNPs.
After merging with summary statistics, 1166088 SNPs remain.
1163412 SNPs with valid alleles.

Heritability of phenotype 27/68
-------------------------------
Total Observed scale h2: -0.0204 (0.0586)
Lambda GC: 1.0046
Mean Chi^2: 1.0061
Intercept: 1.0094 (0.0079)
Ratio: 1.5555 (1.3112)

Genetic Covariance
------------------
Total Observed scale gencov: 0.0066 (0.0604)
Mean z1*z2: 0.1179
Intercept: 0.1172 (0.0053)

Genetic Correlation
-------------------
Genetic Correlation: nan (nan) (h2  out of bounds) 
Z-score: nan (nan) (h2  out of bounds)
P: nan (nan) (h2  out of bounds)
WARNING: One of the h2's was out of bounds.
This usually indicates a data-munging error or that h2 or N is low.

Computing rg for phenotype 28/68
Reading summary statistics from ../output_sumstats/output_pmid27989323_IFNg_eur.sumstats.gz ...
Read summary statistics for 1217311 SNPs.
After merging with summary statistics, 1166088 SNPs remain.
1163377 SNPs with valid alleles.
ERROR computing rg for phenotype 28/68, from file ../output_sumstats/output_pmid27989323_IFNg_eur.sumstats.gz.
Traceback (most recent call last):
  File "/Users/as/Documents/UNI/Bioinformatik/2023:24_WS/GoBi_Lokal/BlockTeil_Metabolomics/ldsc/ldscore/sumstats.py", line 410, in estimate_rg
    rghat = _rg(loop, args, log, M_annot, ref_ld_cnames, w_ld_cname, i)
  File "/Users/as/Documents/UNI/Bioinformatik/2023:24_WS/GoBi_Lokal/BlockTeil_Metabolomics/ldsc/ldscore/sumstats.py", line 539, in _rg
    intercept_gencov=intercepts[2], n_blocks=n_blocks, twostep=args.two_step)
  File "/Users/as/Documents/UNI/Bioinformatik/2023:24_WS/GoBi_Lokal/BlockTeil_Metabolomics/ldsc/ldscore/regressions.py", line 705, in __init__
    np.multiply(hsq1.tot_delete_values, hsq2.tot_delete_values))
FloatingPointError: invalid value encountered in sqrt


Computing rg for phenotype 29/68
Reading summary statistics from ../output_sumstats/output_pmid27989323_IL10_eur.sumstats.gz ...
Read summary statistics for 1217311 SNPs.
After merging with summary statistics, 1166088 SNPs remain.
1163527 SNPs with valid alleles.

Heritability of phenotype 29/68
-------------------------------
Total Observed scale h2: -0.0067 (0.0795)
Lambda GC: 1.0016
Mean Chi^2: 1.0166
Intercept: 1.0176 (0.0123)
Ratio: 1.0616 (0.7393)

Genetic Covariance
------------------
Total Observed scale gencov: 0.0161 (0.0623)
Mean z1*z2: 0.0614
Intercept: 0.0598 (0.0053)

Genetic Correlation
-------------------
Genetic Correlation: nan (nan) (h2  out of bounds) 
Z-score: nan (nan) (h2  out of bounds)
P: nan (nan) (h2  out of bounds)
WARNING: One of the h2's was out of bounds.
This usually indicates a data-munging error or that h2 or N is low.

Computing rg for phenotype 30/68
Reading summary statistics from ../output_sumstats/output_pmid27989323_IL12p70_eur.sumstats.gz ...
Read summary statistics for 1217311 SNPs.
After merging with summary statistics, 1166088 SNPs remain.
1163316 SNPs with valid alleles.

Heritability of phenotype 30/68
-------------------------------
Total Observed scale h2: -0.0169 (0.0896)
Lambda GC: 1.0255
Mean Chi^2: 1.0303
Intercept: 1.0331 (0.0193)
Ratio: 1.0913 (0.6377)

Genetic Covariance
------------------
Total Observed scale gencov: 0.0194 (0.0609)
Mean z1*z2: 0.0483
Intercept: 0.0462 (0.0056)

Genetic Correlation
-------------------
Genetic Correlation: nan (nan) (h2  out of bounds) 
Z-score: nan (nan) (h2  out of bounds)
P: nan (nan) (h2  out of bounds)
WARNING: One of the h2's was out of bounds.
This usually indicates a data-munging error or that h2 or N is low.

Computing rg for phenotype 31/68
Reading summary statistics from ../output_sumstats/output_pmid27989323_IL13_eur.sumstats.gz ...
Read summary statistics for 1217311 SNPs.
After merging with summary statistics, 1166088 SNPs remain.
1163559 SNPs with valid alleles.

Heritability of phenotype 31/68
-------------------------------
Total Observed scale h2: -0.166 (0.1624)
Lambda GC: 1.0046
Mean Chi^2: 1.0052
Intercept: 1.017 (0.0124)
Ratio: 3.237 (2.3644)

Genetic Covariance
------------------
Total Observed scale gencov: 0.0644 (0.0853)
Mean z1*z2: 0.0349
Intercept: 0.0304 (0.0048)

Genetic Correlation
-------------------
Genetic Correlation: nan (nan) (h2  out of bounds) 
Z-score: nan (nan) (h2  out of bounds)
P: nan (nan) (h2  out of bounds)
WARNING: One of the h2's was out of bounds.
This usually indicates a data-munging error or that h2 or N is low.

Computing rg for phenotype 32/68
Reading summary statistics from ../output_sumstats/output_pmid27989323_IL16_eur.sumstats.gz ...
Read summary statistics for 1217311 SNPs.
After merging with summary statistics, 1166088 SNPs remain.
1163695 SNPs with valid alleles.

Heritability of phenotype 32/68
-------------------------------
Total Observed scale h2: -0.0765 (0.1289)
Lambda GC: 0.9898
Mean Chi^2: 0.9902
Intercept: 0.9955 (0.0073)
Ratio: NA (mean chi^2 < 1)

Genetic Covariance
------------------
Total Observed scale gencov: 0.024 (0.0968)
Mean z1*z2: 0.1986
Intercept: 0.1969 (0.0052)

Genetic Correlation
-------------------
Genetic Correlation: nan (nan) (h2  out of bounds) 
Z-score: nan (nan) (h2  out of bounds)
P: nan (nan) (h2  out of bounds)
WARNING: One of the h2's was out of bounds.
This usually indicates a data-munging error or that h2 or N is low.

Computing rg for phenotype 33/68
Reading summary statistics from ../output_sumstats/output_pmid27989323_IL17_eur.sumstats.gz ...
Read summary statistics for 1217311 SNPs.
After merging with summary statistics, 1166088 SNPs remain.
2122 SNPs with valid alleles.
WARNING: number of SNPs less than 200k; this is almost always bad.

Heritability of phenotype 33/68
-------------------------------
Total Observed scale h2: -3.4916 (1.4094)
Lambda GC: 1.1333
Mean Chi^2: 1.1998
Intercept: 1.4969 (0.1403)
Ratio: 2.4869 (0.7025)

Genetic Covariance
------------------
Total Observed scale gencov: 1.1801 (1.3051)
Mean z1*z2: 0.0691
Intercept: 0.0017 (0.0748)

Genetic Correlation
-------------------
Genetic Correlation: nan (nan) (h2  out of bounds) 
Z-score: nan (nan) (h2  out of bounds)
P: nan (nan) (h2  out of bounds)
WARNING: One of the h2's was out of bounds.
This usually indicates a data-munging error or that h2 or N is low.

Computing rg for phenotype 34/68
Reading summary statistics from ../output_sumstats/output_pmid27989323_IL18_eur.sumstats.gz ...
Read summary statistics for 1217311 SNPs.
After merging with summary statistics, 1166088 SNPs remain.
388702 SNPs with valid alleles.

Heritability of phenotype 34/68
-------------------------------
Total Observed scale h2: 0.3638 (0.5817)
Lambda GC: 0.9986
Mean Chi^2: 1.0254
Intercept: 0.9963 (0.0228)
Ratio < 0 (usually indicates GC correction).

Genetic Covariance
------------------
Total Observed scale gencov: 0.2289 (0.1635)
Mean z1*z2: 0.0911
Intercept: 0.0743 (0.0089)

Genetic Correlation
-------------------
Genetic Correlation: nan (nan) (h2  out of bounds) 
Z-score: nan (nan) (h2  out of bounds)
P: nan (nan) (h2  out of bounds)
WARNING: One of the h2's was out of bounds.
This usually indicates a data-munging error or that h2 or N is low.

Computing rg for phenotype 35/68
Reading summary statistics from ../output_sumstats/output_pmid27989323_IL1ra_eur.sumstats.gz ...
Read summary statistics for 1217311 SNPs.
After merging with summary statistics, 1166088 SNPs remain.
1163818 SNPs with valid alleles.
ERROR computing rg for phenotype 35/68, from file ../output_sumstats/output_pmid27989323_IL1ra_eur.sumstats.gz.
Traceback (most recent call last):
  File "/Users/as/Documents/UNI/Bioinformatik/2023:24_WS/GoBi_Lokal/BlockTeil_Metabolomics/ldsc/ldscore/sumstats.py", line 410, in estimate_rg
    rghat = _rg(loop, args, log, M_annot, ref_ld_cnames, w_ld_cname, i)
  File "/Users/as/Documents/UNI/Bioinformatik/2023:24_WS/GoBi_Lokal/BlockTeil_Metabolomics/ldsc/ldscore/sumstats.py", line 539, in _rg
    intercept_gencov=intercepts[2], n_blocks=n_blocks, twostep=args.two_step)
  File "/Users/as/Documents/UNI/Bioinformatik/2023:24_WS/GoBi_Lokal/BlockTeil_Metabolomics/ldsc/ldscore/regressions.py", line 705, in __init__
    np.multiply(hsq1.tot_delete_values, hsq2.tot_delete_values))
FloatingPointError: invalid value encountered in sqrt


Computing rg for phenotype 36/68
Reading summary statistics from ../output_sumstats/output_pmid27989323_IL2_eur.sumstats.gz ...
Read summary statistics for 1217311 SNPs.
After merging with summary statistics, 1166088 SNPs remain.
1163428 SNPs with valid alleles.

Heritability of phenotype 36/68
-------------------------------
Total Observed scale h2: -0.0893 (0.1305)
Lambda GC: 1.0165
Mean Chi^2: 1.0072
Intercept: 1.0133 (0.0071)
Ratio: 1.8616 (0.9991)

Genetic Covariance
------------------
Total Observed scale gencov: 0.0227 (0.095)
Mean z1*z2: 0.0723
Intercept: 0.0707 (0.0051)

Genetic Correlation
-------------------
Genetic Correlation: nan (nan) (h2  out of bounds) 
Z-score: nan (nan) (h2  out of bounds)
P: nan (nan) (h2  out of bounds)
WARNING: One of the h2's was out of bounds.
This usually indicates a data-munging error or that h2 or N is low.

Computing rg for phenotype 37/68
Reading summary statistics from ../output_sumstats/output_pmid27989323_IL2ra_eur.sumstats.gz ...
Read summary statistics for 1217311 SNPs.
After merging with summary statistics, 1166088 SNPs remain.
1163862 SNPs with valid alleles.

Heritability of phenotype 37/68
-------------------------------
Total Observed scale h2: 0.0617 (0.118)
Lambda GC: 1.0105
Mean Chi^2: 1.0078
Intercept: 1.0034 (0.0066)
Ratio: 0.4321 (0.845)

Genetic Covariance
------------------
Total Observed scale gencov: 0.0044 (0.0903)
Mean z1*z2: 0.1128
Intercept: 0.1125 (0.0049)

Genetic Correlation
-------------------
Genetic Correlation: 0.0613 (1.3132)
Z-score: 0.0467
P: 0.9628

Computing rg for phenotype 38/68
Reading summary statistics from ../output_sumstats/output_pmid27989323_IL4_eur.sumstats.gz ...
Read summary statistics for 1217311 SNPs.
After merging with summary statistics, 1166088 SNPs remain.
1163177 SNPs with valid alleles.

Heritability of phenotype 38/68
-------------------------------
Total Observed scale h2: -0.0414 (0.06)
Lambda GC: 1.0016
Mean Chi^2: 1.0036
Intercept: 1.0103 (0.008)
Ratio: 2.8698 (2.2445)

Genetic Covariance
------------------
Total Observed scale gencov: 0.0162 (0.065)
Mean z1*z2: 0.0555
Intercept: 0.0538 (0.0053)

Genetic Correlation
-------------------
Genetic Correlation: nan (nan) (h2  out of bounds) 
Z-score: nan (nan) (h2  out of bounds)
P: nan (nan) (h2  out of bounds)
WARNING: One of the h2's was out of bounds.
This usually indicates a data-munging error or that h2 or N is low.

Computing rg for phenotype 39/68
Reading summary statistics from ../output_sumstats/output_pmid27989323_IL5_eur.sumstats.gz ...
Read summary statistics for 1217311 SNPs.
After merging with summary statistics, 1166088 SNPs remain.
1162197 SNPs with valid alleles.

Heritability of phenotype 39/68
-------------------------------
Total Observed scale h2: -0.1241 (0.1364)
Lambda GC: 1.0075
Mean Chi^2: 1.0038
Intercept: 1.0121 (0.0074)
Ratio: 3.1823 (1.9525)

Genetic Covariance
------------------
Total Observed scale gencov: 0.0923 (0.0886)
Mean z1*z2: 0.0395
Intercept: 0.0332 (0.0051)

Genetic Correlation
-------------------
Genetic Correlation: nan (nan) (h2  out of bounds) 
Z-score: nan (nan) (h2  out of bounds)
P: nan (nan) (h2  out of bounds)
WARNING: One of the h2's was out of bounds.
This usually indicates a data-munging error or that h2 or N is low.

Computing rg for phenotype 40/68
Reading summary statistics from ../output_sumstats/output_pmid27989323_IL6_eur.sumstats.gz ...
Read summary statistics for 1217311 SNPs.
After merging with summary statistics, 1166088 SNPs remain.
1163439 SNPs with valid alleles.
ERROR computing rg for phenotype 40/68, from file ../output_sumstats/output_pmid27989323_IL6_eur.sumstats.gz.
Traceback (most recent call last):
  File "/Users/as/Documents/UNI/Bioinformatik/2023:24_WS/GoBi_Lokal/BlockTeil_Metabolomics/ldsc/ldscore/sumstats.py", line 410, in estimate_rg
    rghat = _rg(loop, args, log, M_annot, ref_ld_cnames, w_ld_cname, i)
  File "/Users/as/Documents/UNI/Bioinformatik/2023:24_WS/GoBi_Lokal/BlockTeil_Metabolomics/ldsc/ldscore/sumstats.py", line 539, in _rg
    intercept_gencov=intercepts[2], n_blocks=n_blocks, twostep=args.two_step)
  File "/Users/as/Documents/UNI/Bioinformatik/2023:24_WS/GoBi_Lokal/BlockTeil_Metabolomics/ldsc/ldscore/regressions.py", line 705, in __init__
    np.multiply(hsq1.tot_delete_values, hsq2.tot_delete_values))
FloatingPointError: invalid value encountered in sqrt


Computing rg for phenotype 41/68
Reading summary statistics from ../output_sumstats/output_pmid27989323_IL7_eur.sumstats.gz ...
Read summary statistics for 1217311 SNPs.
After merging with summary statistics, 1166088 SNPs remain.
1163719 SNPs with valid alleles.

Heritability of phenotype 41/68
-------------------------------
Total Observed scale h2: -0.0377 (0.1574)
Lambda GC: 1.0046
Mean Chi^2: 1.0104
Intercept: 1.0129 (0.0089)
Ratio: 1.2462 (0.859)

Genetic Covariance
------------------
Total Observed scale gencov: 0.0571 (0.0978)
Mean z1*z2: 0.055
Intercept: 0.0512 (0.005)

Genetic Correlation
-------------------
Genetic Correlation: nan (nan) (h2  out of bounds) 
Z-score: nan (nan) (h2  out of bounds)
P: nan (nan) (h2  out of bounds)
WARNING: One of the h2's was out of bounds.
This usually indicates a data-munging error or that h2 or N is low.

Computing rg for phenotype 42/68
Reading summary statistics from ../output_sumstats/output_pmid27989323_IL8_eur.sumstats.gz ...
Read summary statistics for 1217311 SNPs.
After merging with summary statistics, 1166088 SNPs remain.
1163062 SNPs with valid alleles.

Heritability of phenotype 42/68
-------------------------------
Total Observed scale h2: -0.0304 (0.1272)
Lambda GC: 1.0016
Mean Chi^2: 1.0057
Intercept: 1.0079 (0.0068)
Ratio: 1.3715 (1.1782)

Genetic Covariance
------------------
Total Observed scale gencov: 0.0538 (0.0947)
Mean z1*z2: 0.0737
Intercept: 0.0699 (0.0053)

Genetic Correlation
-------------------
Genetic Correlation: nan (nan) (h2  out of bounds) 
Z-score: nan (nan) (h2  out of bounds)
P: nan (nan) (h2  out of bounds)
WARNING: One of the h2's was out of bounds.
This usually indicates a data-munging error or that h2 or N is low.

Computing rg for phenotype 43/68
Reading summary statistics from ../output_sumstats/output_pmid27989323_IL9_eur.sumstats.gz ...
Read summary statistics for 1217311 SNPs.
After merging with summary statistics, 1166088 SNPs remain.
1163758 SNPs with valid alleles.

Heritability of phenotype 43/68
-------------------------------
Total Observed scale h2: -0.1711 (0.1261)
Lambda GC: 1.0135
Mean Chi^2: 1.0008
Intercept: 1.0132 (0.0071)
Ratio: 15.8515 (8.539)

Genetic Covariance
------------------
Total Observed scale gencov: -0.0799 (0.0926)
Mean z1*z2: 0.0305
Intercept: 0.0362 (0.0052)

Genetic Correlation
-------------------
Genetic Correlation: nan (nan) (h2  out of bounds) 
Z-score: nan (nan) (h2  out of bounds)
P: nan (nan) (h2  out of bounds)
WARNING: One of the h2's was out of bounds.
This usually indicates a data-munging error or that h2 or N is low.

Computing rg for phenotype 44/68
Reading summary statistics from ../output_sumstats/output_pmid27989323_MCP1_eur.sumstats.gz ...
Read summary statistics for 1217311 SNPs.
After merging with summary statistics, 1166088 SNPs remain.
1163461 SNPs with valid alleles.

Heritability of phenotype 44/68
-------------------------------
Total Observed scale h2: 0.1742 (0.082)
Lambda GC: 1.0105
Mean Chi^2: 1.0224
Intercept: 0.9939 (0.0079)
Ratio < 0 (usually indicates GC correction).

Genetic Covariance
------------------
Total Observed scale gencov: 0.0899 (0.061)
Mean z1*z2: 0.0386
Intercept: 0.0291 (0.0049)

Genetic Correlation
-------------------
Genetic Correlation: 0.7563 (0.8968)
Z-score: 0.8433
P: 0.3991

Computing rg for phenotype 45/68
Reading summary statistics from ../output_sumstats/output_pmid27989323_MCP3_eur.sumstats.gz ...
Read summary statistics for 1217311 SNPs.
After merging with summary statistics, 1166088 SNPs remain.
1126571 SNPs with valid alleles.

Heritability of phenotype 45/68
-------------------------------
Total Observed scale h2: -0.8531 (0.569)
Lambda GC: 0.9986
Mean Chi^2: 0.9991
Intercept: 1.0136 (0.0078)
Ratio: NA (mean chi^2 < 1)

Genetic Covariance
------------------
Total Observed scale gencov: -0.1223 (0.1798)
Mean z1*z2: 0.0075
Intercept: 0.0118 (0.005)

Genetic Correlation
-------------------
Genetic Correlation: nan (nan) (h2  out of bounds) 
Z-score: nan (nan) (h2  out of bounds)
P: nan (nan) (h2  out of bounds)
WARNING: One of the h2's was out of bounds.
This usually indicates a data-munging error or that h2 or N is low.

Computing rg for phenotype 46/68
Reading summary statistics from ../output_sumstats/output_pmid27989323_MCSF_eur.sumstats.gz ...
Read summary statistics for 1217311 SNPs.
After merging with summary statistics, 1166088 SNPs remain.
1160070 SNPs with valid alleles.
ERROR computing rg for phenotype 46/68, from file ../output_sumstats/output_pmid27989323_MCSF_eur.sumstats.gz.
Traceback (most recent call last):
  File "/Users/as/Documents/UNI/Bioinformatik/2023:24_WS/GoBi_Lokal/BlockTeil_Metabolomics/ldsc/ldscore/sumstats.py", line 410, in estimate_rg
    rghat = _rg(loop, args, log, M_annot, ref_ld_cnames, w_ld_cname, i)
  File "/Users/as/Documents/UNI/Bioinformatik/2023:24_WS/GoBi_Lokal/BlockTeil_Metabolomics/ldsc/ldscore/sumstats.py", line 539, in _rg
    intercept_gencov=intercepts[2], n_blocks=n_blocks, twostep=args.two_step)
  File "/Users/as/Documents/UNI/Bioinformatik/2023:24_WS/GoBi_Lokal/BlockTeil_Metabolomics/ldsc/ldscore/regressions.py", line 705, in __init__
    np.multiply(hsq1.tot_delete_values, hsq2.tot_delete_values))
FloatingPointError: invalid value encountered in sqrt


Computing rg for phenotype 47/68
Reading summary statistics from ../output_sumstats/output_pmid27989323_MIG_eur.sumstats.gz ...
Read summary statistics for 1217311 SNPs.
After merging with summary statistics, 1166088 SNPs remain.
1163680 SNPs with valid alleles.

Heritability of phenotype 47/68
-------------------------------
Total Observed scale h2: -0.1278 (0.1096)
Lambda GC: 1.0046
Mean Chi^2: 1.0044
Intercept: 1.0138 (0.0064)
Ratio: 3.1044 (1.4462)

Genetic Covariance
------------------
Total Observed scale gencov: 0.0653 (0.0852)
Mean z1*z2: 0.1066
Intercept: 0.1019 (0.0049)

Genetic Correlation
-------------------
Genetic Correlation: nan (nan) (h2  out of bounds) 
Z-score: nan (nan) (h2  out of bounds)
P: nan (nan) (h2  out of bounds)
WARNING: One of the h2's was out of bounds.
This usually indicates a data-munging error or that h2 or N is low.

Computing rg for phenotype 48/68
Reading summary statistics from ../output_sumstats/output_pmid27989323_MIP1a_eur.sumstats.gz ...
Read summary statistics for 1217311 SNPs.
After merging with summary statistics, 1166088 SNPs remain.
1163158 SNPs with valid alleles.

Heritability of phenotype 48/68
-------------------------------
Total Observed scale h2: -0.1366 (0.1407)
Lambda GC: 0.9957
Mean Chi^2: 0.9991
Intercept: 1.0086 (0.0071)
Ratio: NA (mean chi^2 < 1)

Genetic Covariance
------------------
Total Observed scale gencov: 0.0459 (0.0939)
Mean z1*z2: 0.0372
Intercept: 0.034 (0.0047)

Genetic Correlation
-------------------
Genetic Correlation: nan (nan) (h2  out of bounds) 
Z-score: nan (nan) (h2  out of bounds)
P: nan (nan) (h2  out of bounds)
WARNING: One of the h2's was out of bounds.
This usually indicates a data-munging error or that h2 or N is low.

Computing rg for phenotype 49/68
Reading summary statistics from ../output_sumstats/output_pmid27989323_MIP1b_eur.sumstats.gz ...
Read summary statistics for 1217311 SNPs.
After merging with summary statistics, 1166088 SNPs remain.
1163383 SNPs with valid alleles.
ERROR computing rg for phenotype 49/68, from file ../output_sumstats/output_pmid27989323_MIP1b_eur.sumstats.gz.
Traceback (most recent call last):
  File "/Users/as/Documents/UNI/Bioinformatik/2023:24_WS/GoBi_Lokal/BlockTeil_Metabolomics/ldsc/ldscore/sumstats.py", line 410, in estimate_rg
    rghat = _rg(loop, args, log, M_annot, ref_ld_cnames, w_ld_cname, i)
  File "/Users/as/Documents/UNI/Bioinformatik/2023:24_WS/GoBi_Lokal/BlockTeil_Metabolomics/ldsc/ldscore/sumstats.py", line 539, in _rg
    intercept_gencov=intercepts[2], n_blocks=n_blocks, twostep=args.two_step)
  File "/Users/as/Documents/UNI/Bioinformatik/2023:24_WS/GoBi_Lokal/BlockTeil_Metabolomics/ldsc/ldscore/regressions.py", line 705, in __init__
    np.multiply(hsq1.tot_delete_values, hsq2.tot_delete_values))
FloatingPointError: invalid value encountered in sqrt


Computing rg for phenotype 50/68
Reading summary statistics from ../output_sumstats/output_pmid27989323_PDGFbb_eur.sumstats.gz ...
Read summary statistics for 1217311 SNPs.
After merging with summary statistics, 1166088 SNPs remain.
1163443 SNPs with valid alleles.

Heritability of phenotype 50/68
-------------------------------
Total Observed scale h2: -0.0082 (0.0625)
Lambda GC: 1.0225
Mean Chi^2: 1.021
Intercept: 1.0223 (0.0087)
Ratio: 1.0643 (0.4146)

Genetic Covariance
------------------
Total Observed scale gencov: 0.0489 (0.0733)
Mean z1*z2: 0.0467
Intercept: 0.0415 (0.0062)

Genetic Correlation
-------------------
Genetic Correlation: nan (nan) (h2  out of bounds) 
Z-score: nan (nan) (h2  out of bounds)
P: nan (nan) (h2  out of bounds)
WARNING: One of the h2's was out of bounds.
This usually indicates a data-munging error or that h2 or N is low.

Computing rg for phenotype 51/68
Reading summary statistics from ../output_sumstats/output_pmid27989323_RANTES_eur.sumstats.gz ...
Read summary statistics for 1217311 SNPs.
After merging with summary statistics, 1166088 SNPs remain.
1163486 SNPs with valid alleles.

Heritability of phenotype 51/68
-------------------------------
Total Observed scale h2: 0.1227 (0.1263)
Lambda GC: 1.0046
Mean Chi^2: 1.0081
Intercept: 0.9997 (0.0067)
Ratio < 0 (usually indicates GC correction).

Genetic Covariance
------------------
Total Observed scale gencov: 0.0686 (0.0965)
Mean z1*z2: 0.1068
Intercept: 0.1021 (0.0052)

Genetic Correlation
-------------------
Genetic Correlation: 0.6633 (1.0856)
Z-score: 0.6111
P: 0.5412

Computing rg for phenotype 52/68
Reading summary statistics from ../output_sumstats/output_pmid27989323_SCF_eur.sumstats.gz ...
Read summary statistics for 1217311 SNPs.
After merging with summary statistics, 1166088 SNPs remain.
1163225 SNPs with valid alleles.

Heritability of phenotype 52/68
-------------------------------
Total Observed scale h2: -0.0558 (0.0564)
Lambda GC: 1.0046
Mean Chi^2: 1.0092
Intercept: 1.0183 (0.0073)
Ratio: 2.0037 (0.8004)

Genetic Covariance
------------------
Total Observed scale gencov: 0.0326 (0.0577)
Mean z1*z2: 0.0735
Intercept: 0.0701 (0.0047)

Genetic Correlation
-------------------
Genetic Correlation: nan (nan) (h2  out of bounds) 
Z-score: nan (nan) (h2  out of bounds)
P: nan (nan) (h2  out of bounds)
WARNING: One of the h2's was out of bounds.
This usually indicates a data-munging error or that h2 or N is low.

Computing rg for phenotype 53/68
Reading summary statistics from ../output_sumstats/output_pmid27989323_SCGFb_eur.sumstats.gz ...
Read summary statistics for 1217311 SNPs.
After merging with summary statistics, 1166088 SNPs remain.
518217 SNPs with valid alleles.
ERROR computing rg for phenotype 53/68, from file ../output_sumstats/output_pmid27989323_SCGFb_eur.sumstats.gz.
Traceback (most recent call last):
  File "/Users/as/Documents/UNI/Bioinformatik/2023:24_WS/GoBi_Lokal/BlockTeil_Metabolomics/ldsc/ldscore/sumstats.py", line 410, in estimate_rg
    rghat = _rg(loop, args, log, M_annot, ref_ld_cnames, w_ld_cname, i)
  File "/Users/as/Documents/UNI/Bioinformatik/2023:24_WS/GoBi_Lokal/BlockTeil_Metabolomics/ldsc/ldscore/sumstats.py", line 539, in _rg
    intercept_gencov=intercepts[2], n_blocks=n_blocks, twostep=args.two_step)
  File "/Users/as/Documents/UNI/Bioinformatik/2023:24_WS/GoBi_Lokal/BlockTeil_Metabolomics/ldsc/ldscore/regressions.py", line 705, in __init__
    np.multiply(hsq1.tot_delete_values, hsq2.tot_delete_values))
FloatingPointError: invalid value encountered in sqrt


Computing rg for phenotype 54/68
Reading summary statistics from ../output_sumstats/output_pmid27989323_SDF1_eur.sumstats.gz ...
Read summary statistics for 1217311 SNPs.
After merging with summary statistics, 1166088 SNPs remain.
1163107 SNPs with valid alleles.

Heritability of phenotype 54/68
-------------------------------
Total Observed scale h2: -0.0085 (0.0755)
Lambda GC: 0.9898
Mean Chi^2: 0.9972
Intercept: 0.9982 (0.0072)
Ratio: NA (mean chi^2 < 1)

Genetic Covariance
------------------
Total Observed scale gencov: 0.0457 (0.0691)
Mean z1*z2: 0.0222
Intercept: 0.0181 (0.0051)

Genetic Correlation
-------------------
Genetic Correlation: nan (nan) (h2  out of bounds) 
Z-score: nan (nan) (h2  out of bounds)
P: nan (nan) (h2  out of bounds)
WARNING: One of the h2's was out of bounds.
This usually indicates a data-munging error or that h2 or N is low.

Computing rg for phenotype 55/68
Reading summary statistics from ../output_sumstats/output_pmid27989323_TNFa_eur.sumstats.gz ...
Read summary statistics for 1217311 SNPs.
After merging with summary statistics, 1166088 SNPs remain.
1163231 SNPs with valid alleles.

Heritability of phenotype 55/68
-------------------------------
Total Observed scale h2: -0.0527 (0.1341)
Lambda GC: 0.9868
Mean Chi^2: 0.9938
Intercept: 0.9974 (0.007)
Ratio: NA (mean chi^2 < 1)

Genetic Covariance
------------------
Total Observed scale gencov: 0.0613 (0.0907)
Mean z1*z2: 0.0512
Intercept: 0.0469 (0.0049)

Genetic Correlation
-------------------
Genetic Correlation: nan (nan) (h2  out of bounds) 
Z-score: nan (nan) (h2  out of bounds)
P: nan (nan) (h2  out of bounds)
WARNING: One of the h2's was out of bounds.
This usually indicates a data-munging error or that h2 or N is low.

Computing rg for phenotype 56/68
Reading summary statistics from ../output_sumstats/output_pmid27989323_TNFb_eur.sumstats.gz ...
Read summary statistics for 1217311 SNPs.
After merging with summary statistics, 1166088 SNPs remain.
1048902 SNPs with valid alleles.

Heritability of phenotype 56/68
-------------------------------
Total Observed scale h2: -0.4601 (0.3078)
Lambda GC: 1.0075
Mean Chi^2: 0.9958
Intercept: 1.0107 (0.0075)
Ratio: NA (mean chi^2 < 1)

Genetic Covariance
------------------
Total Observed scale gencov: -0.1403 (0.1644)
Mean z1*z2: 0.0319
Intercept: 0.0387 (0.0059)

Genetic Correlation
-------------------
Genetic Correlation: nan (nan) (h2  out of bounds) 
Z-score: nan (nan) (h2  out of bounds)
P: nan (nan) (h2  out of bounds)
WARNING: One of the h2's was out of bounds.
This usually indicates a data-munging error or that h2 or N is low.

Computing rg for phenotype 57/68
Reading summary statistics from ../output_sumstats/output_pmid27989323_TRAIL_eur.sumstats.gz ...
Read summary statistics for 1217311 SNPs.
After merging with summary statistics, 1166088 SNPs remain.
1163353 SNPs with valid alleles.

Heritability of phenotype 57/68
-------------------------------
Total Observed scale h2: -0.0173 (0.0556)
Lambda GC: 1.0195
Mean Chi^2: 1.0174
Intercept: 1.0202 (0.0117)
Ratio: 1.1606 (0.6735)

Genetic Covariance
------------------
Total Observed scale gencov: -0.0074 (0.0582)
Mean z1*z2: 0.0175
Intercept: 0.0183 (0.0049)

Genetic Correlation
-------------------
Genetic Correlation: nan (nan) (h2  out of bounds) 
Z-score: nan (nan) (h2  out of bounds)
P: nan (nan) (h2  out of bounds)
WARNING: One of the h2's was out of bounds.
This usually indicates a data-munging error or that h2 or N is low.

Computing rg for phenotype 58/68
Reading summary statistics from ../output_sumstats/output_pmid27989323_bNGF_eur.sumstats.gz ...
Read summary statistics for 1217311 SNPs.
After merging with summary statistics, 1166088 SNPs remain.
1163440 SNPs with valid alleles.

Heritability of phenotype 58/68
-------------------------------
Total Observed scale h2: 0.2708 (0.1385)
Lambda GC: 1.0165
Mean Chi^2: 1.0126
Intercept: 0.9936 (0.0077)
Ratio < 0 (usually indicates GC correction).

Genetic Covariance
------------------
Total Observed scale gencov: 0.1297 (0.1021)
Mean z1*z2: 0.1215
Intercept: 0.1125 (0.0049)

Genetic Correlation
-------------------
Genetic Correlation: 0.8278 (0.793)
Z-score: 1.044
P: 0.2965

Computing rg for phenotype 59/68
Reading summary statistics from ../output_sumstats/output_pmid27989323_eotaxin_eur.sumstats.gz ...
Read summary statistics for 1217311 SNPs.
After merging with summary statistics, 1166088 SNPs remain.
1163301 SNPs with valid alleles.

Heritability of phenotype 59/68
-------------------------------
Total Observed scale h2: 0.108 (0.0663)
Lambda GC: 1.0135
Mean Chi^2: 1.0252
Intercept: 1.0077 (0.0077)
Ratio: 0.3051 (0.3038)

Genetic Covariance
------------------
Total Observed scale gencov: 0.1018 (0.0613)
Mean z1*z2: 0.0361
Intercept: 0.0254 (0.0052)

Genetic Correlation
-------------------
Genetic Correlation: 1.0423 (1.1616)
Z-score: 0.8974
P: 0.3695

Computing rg for phenotype 60/68
Reading summary statistics from ../output_sumstats/output_pmid27989323_ip10_eur.sumstats.gz ...
Read summary statistics for 1217311 SNPs.
After merging with summary statistics, 1166088 SNPs remain.
1163706 SNPs with valid alleles.

Heritability of phenotype 60/68
-------------------------------
Total Observed scale h2: 0.128 (0.1229)
Lambda GC: 1.0225
Mean Chi^2: 1.0178
Intercept: 1.0084 (0.0073)
Ratio: 0.4744 (0.4083)

Genetic Covariance
------------------
Total Observed scale gencov: 0.0631 (0.0859)
Mean z1*z2: 0.0371
Intercept: 0.0326 (0.0051)

Genetic Correlation
-------------------
Genetic Correlation: 0.5668 (0.8515)
Z-score: 0.6656
P: 0.5056

Computing rg for phenotype 61/68
Reading summary statistics from ../output_sumstats/output_pmid29566793_ALS_eur.sumstats.gz ...
Read summary statistics for 1217311 SNPs.
After merging with summary statistics, 1166088 SNPs remain.
1160301 SNPs with valid alleles.

Heritability of phenotype 61/68
-------------------------------
Total Observed scale h2: 0.0323 (0.0072)
Lambda GC: 1.0496
Mean Chi^2: 1.0737
Intercept: 1.0213 (0.0072)
Ratio: 0.2892 (0.098)

Genetic Covariance
------------------
Total Observed scale gencov: 0.0149 (0.0207)
Mean z1*z2: 0.0005
Intercept: -0.004 (0.0049)

Genetic Correlation
-------------------
Genetic Correlation: 0.282 (0.4396)
Z-score: 0.6413
P: 0.5213

Computing rg for phenotype 62/68
Reading summary statistics from ../output_sumstats/output_pmid29632382_T2d-BMIadj_eur.sumstats.gz ...
Read summary statistics for 1217311 SNPs.
After merging with summary statistics, 1166088 SNPs remain.
25919 SNPs with valid alleles.
WARNING: number of SNPs less than 200k; this is almost always bad.

Heritability of phenotype 62/68
-------------------------------
Total Observed scale h2: 0.1028 (0.0274)
Lambda GC: 1.2136
Mean Chi^2: 1.7901
Intercept: 1.0003 (0.0844)
Ratio: 0.0003 (0.1068)

Genetic Covariance
------------------
Total Observed scale gencov: -0.0264 (0.0318)
Mean z1*z2: -0.0068
Intercept: 0.0144 (0.0209)

Genetic Correlation
-------------------
Genetic Correlation: nan (nan) (h2  out of bounds) 
Z-score: nan (nan) (h2  out of bounds)
P: nan (nan) (h2  out of bounds)
WARNING: One of the h2's was out of bounds.
This usually indicates a data-munging error or that h2 or N is low.

Computing rg for phenotype 63/68
Reading summary statistics from ../output_sumstats/output_pmid30054458_T2d_eur.sumstats.gz ...
Read summary statistics for 1217311 SNPs.
After merging with summary statistics, 1166088 SNPs remain.
998106 SNPs with valid alleles.

Heritability of phenotype 63/68
-------------------------------
Total Observed scale h2: 0.0457 (0.003)
Lambda GC: 1.4602
Mean Chi^2: 1.6892
Intercept: 1.0547 (0.019)
Ratio: 0.0793 (0.0276)

Genetic Covariance
------------------
Total Observed scale gencov: 0.0079 (0.0093)
Mean z1*z2: 0.0113
Intercept: 0.0032 (0.0066)

Genetic Correlation
-------------------
Genetic Correlation: 0.119 (0.1546)
Z-score: 0.77
P: 0.4413

Computing rg for phenotype 64/68
Reading summary statistics from ../output_sumstats/output_pmid33111402_PD_eur.sumstats.gz ...
Read summary statistics for 1217311 SNPs.
After merging with summary statistics, 1166088 SNPs remain.
9913 SNPs with valid alleles.
WARNING: number of SNPs less than 200k; this is almost always bad.

Heritability of phenotype 64/68
-------------------------------
Total Observed scale h2: -2.6019 (1.1418)
Lambda GC: 0.9547
Mean Chi^2: 0.9496
Intercept: 1.0842 (0.0594)
Ratio: NA (mean chi^2 < 1)

Genetic Covariance
------------------
Total Observed scale gencov: 0.1225 (0.8436)
Mean z1*z2: -0.0393
Intercept: -0.0465 (0.0484)

Genetic Correlation
-------------------
Genetic Correlation: nan (nan) (h2  out of bounds) 
Z-score: nan (nan) (h2  out of bounds)
P: nan (nan) (h2  out of bounds)
WARNING: One of the h2's was out of bounds.
This usually indicates a data-munging error or that h2 or N is low.

Computing rg for phenotype 65/68
Reading summary statistics from ../output_sumstats/output_pmid33310728_RA_eur.sumstats.gz ...
Read summary statistics for 1217311 SNPs.
After merging with summary statistics, 1166088 SNPs remain.
1157008 SNPs with valid alleles.

Heritability of phenotype 65/68
-------------------------------
Total Observed scale h2: 0.0369 (0.0042)
Lambda GC: 1.0741
Mean Chi^2: 1.1998
Intercept: 0.9728 (0.012)
Ratio < 0 (usually indicates GC correction).

Genetic Covariance
------------------
Total Observed scale gencov: 0.0274 (0.0118)
Mean z1*z2: 0.0143
Intercept: -0.0037 (0.0047)

Genetic Correlation
-------------------
Genetic Correlation: 0.4874 (0.4558)
Z-score: 1.0695
P: 0.2848

Computing rg for phenotype 66/68
Reading summary statistics from ../output_sumstats/output_pmid33589841_LBD_eur.sumstats.gz ...
Read summary statistics for 1217311 SNPs.
After merging with summary statistics, 1166088 SNPs remain.
1059845 SNPs with valid alleles.

Heritability of phenotype 66/68
-------------------------------
Total Observed scale h2: 0.1662 (0.0804)
Lambda GC: 1.0225
Mean Chi^2: 1.0249
Intercept: 1.0028 (0.0086)
Ratio: 0.1122 (0.3445)

Genetic Covariance
------------------
Total Observed scale gencov: -0.137 (0.0665)
Mean z1*z2: -0.0053
Intercept: 0.0076 (0.0043)

Genetic Correlation
-------------------
Genetic Correlation: -0.9787 (0.8841)
Z-score: -1.107
P: 0.2683

Computing rg for phenotype 67/68
Reading summary statistics from ../output_sumstats/output_pmid33987465_PD_eur.sumstats.gz ...
Read summary statistics for 1217311 SNPs.
After merging with summary statistics, 1166088 SNPs remain.
1163434 SNPs with valid alleles.

Heritability of phenotype 67/68
-------------------------------
Total Observed scale h2: 0.41 (0.146)
Lambda GC: 1.0016
Mean Chi^2: 1.005
Intercept: 0.9819 (0.0061)
Ratio < 0 (usually indicates GC correction).

Genetic Covariance
------------------
Total Observed scale gencov: -0.0787 (0.1091)
Mean z1*z2: -0.0101
Intercept: -0.005 (0.0045)

Genetic Correlation
-------------------
Genetic Correlation: -0.4131 (0.7121)
Z-score: -0.58
P: 0.5619

Computing rg for phenotype 68/68
Reading summary statistics from ../output_sumstats/output_pmid34737426_APH_eur.sumstats.gz ...
Read summary statistics for 1217311 SNPs.
After merging with summary statistics, 1166088 SNPs remain.
1140626 SNPs with valid alleles.

Heritability of phenotype 68/68
-------------------------------
Total Observed scale h2: -7.3223e-05 (0.0009)
Lambda GC: 0.9957
Mean Chi^2: 0.9851
Intercept: 0.9858 (0.0061)
Ratio: NA (mean chi^2 < 1)

Genetic Covariance
------------------
Total Observed scale gencov: 0.0021 (0.0077)
Mean z1*z2: 0.0038
Intercept: 0.0021 (0.0048)

Genetic Correlation
-------------------
Genetic Correlation: nan (nan) (h2  out of bounds) 
Z-score: nan (nan) (h2  out of bounds)
P: nan (nan) (h2  out of bounds)
WARNING: One of the h2's was out of bounds.
This usually indicates a data-munging error or that h2 or N is low.


Summary of Genetic Correlation Results
                                                         p1                                                                      p2       rg         se          z       p     h2_obs  h2_obs_se  h2_int h2_int_se   gcov_int gcov_int_se
 ../output_sumstats/output_pmid27989323_MIF_eur.sumstats.gz              ../output_sumstats/output_pmid27989323_MIF_eur.sumstats.gz        1  3.106e-06  3.219e+05       0    0.08525     0.1363   1.005   0.00703      1.005     0.00703
 ../output_sumstats/output_pmid27989323_MIF_eur.sumstats.gz               ../output_sumstats/output_pmid21833088_MS_eur.sumstats.gz -0.04148     0.4988   -0.08316  0.9337    0.05749    0.02811   1.058  0.009038   0.002234    0.005201
 ../output_sumstats/output_pmid27989323_MIF_eur.sumstats.gz               ../output_sumstats/output_pmid24076602_MS_eur.sumstats.gz       NA         NA         NA      NA        1.6     0.2403   1.007   0.08356    0.02265     0.02048
 ../output_sumstats/output_pmid27989323_MIF_eur.sumstats.gz  ../output_sumstats/output_pmid24816252_acetylcarnitine_eur.sumstats.gz       NA         NA         NA      NA    -0.2364    0.08309    1.02  0.007581  -0.005134    0.004453
 ../output_sumstats/output_pmid27989323_MIF_eur.sumstats.gz          ../output_sumstats/output_pmid24816252_alanine_eur.sumstats.gz -0.07582     0.2852    -0.2659  0.7903     0.5283    0.07051   1.012  0.007161  0.0004606    0.004293
 ../output_sumstats/output_pmid27989323_MIF_eur.sumstats.gz         ../output_sumstats/output_pmid24816252_arginine_eur.sumstats.gz       NA         NA         NA      NA  -0.007343    0.06378   1.038  0.007193  0.0002895    0.004728
 ../output_sumstats/output_pmid27989323_MIF_eur.sumstats.gz       ../output_sumstats/output_pmid24816252_asparagine_eur.sumstats.gz  -0.2822     0.3635    -0.7762  0.4376     0.4962    0.06695   1.019  0.007264   -0.00034    0.004926
 ../output_sumstats/output_pmid27989323_MIF_eur.sumstats.gz      ../output_sumstats/output_pmid24816252_cholesterol_eur.sumstats.gz  -0.0424     0.6285   -0.06747  0.9462     0.1371    0.06766   1.043  0.006597  -0.003543    0.005169
 ../output_sumstats/output_pmid27989323_MIF_eur.sumstats.gz          ../output_sumstats/output_pmid24816252_citrate_eur.sumstats.gz  0.01695     0.3247     0.0522  0.9584     0.4506    0.08006   1.059  0.008271  -0.002017    0.004603
 ../output_sumstats/output_pmid27989323_MIF_eur.sumstats.gz        ../output_sumstats/output_pmid24816252_glutamate_eur.sumstats.gz   0.5234     0.6177     0.8473  0.3968     0.1629    0.05695  0.9318  0.005886  -0.008656    0.004274
 ../output_sumstats/output_pmid27989323_MIF_eur.sumstats.gz         ../output_sumstats/output_pmid24816252_glycerol_eur.sumstats.gz       NA         NA         NA      NA    -0.1277    0.06074   1.016  0.006955  -0.004828    0.004525
 ../output_sumstats/output_pmid27989323_MIF_eur.sumstats.gz        ../output_sumstats/output_pmid24816252_histidine_eur.sumstats.gz  -0.4985     0.4359     -1.144  0.2528     0.4296    0.06945  0.7589  0.006136   0.006137    0.003664
 ../output_sumstats/output_pmid27989323_MIF_eur.sumstats.gz       ../output_sumstats/output_pmid24816252_isoleucine_eur.sumstats.gz       NA         NA         NA      NA    -0.2809    0.05915       1  0.006502   0.006206    0.004561
 ../output_sumstats/output_pmid27989323_MIF_eur.sumstats.gz    ../output_sumstats/output_pmid24816252_phenylalanine_eur.sumstats.gz  -0.2629     0.3876    -0.6784  0.4975     0.3285    0.04371  0.7776  0.005101   0.004255    0.003801
 ../output_sumstats/output_pmid27989323_MIF_eur.sumstats.gz          ../output_sumstats/output_pmid24816252_proline_eur.sumstats.gz  -0.2215     0.4024    -0.5504   0.582     0.3768     0.0903   1.038    0.0127   0.006203    0.004579
 ../output_sumstats/output_pmid27989323_MIF_eur.sumstats.gz         ../output_sumstats/output_pmid24816252_pyruvate_eur.sumstats.gz   -0.104     0.5325    -0.1953  0.8452     0.1506     0.0561  0.9989  0.006004  -0.005946    0.004675
 ../output_sumstats/output_pmid27989323_MIF_eur.sumstats.gz        ../output_sumstats/output_pmid24816252_threonine_eur.sumstats.gz   -2.065      2.346    -0.8803  0.3787    0.04983    0.08316   1.009    0.0067    0.01573    0.004152
 ../output_sumstats/output_pmid27989323_MIF_eur.sumstats.gz       ../output_sumstats/output_pmid24816252_tryptophan_eur.sumstats.gz  -0.2727     0.2978    -0.9156  0.3599     0.9267    0.07426   1.048  0.007902   0.007236    0.004965
 ../output_sumstats/output_pmid27989323_MIF_eur.sumstats.gz         ../output_sumstats/output_pmid24816252_tyrosine_eur.sumstats.gz   -0.641      0.696    -0.9209  0.3571     0.1663    0.07084   1.032  0.007227    0.01285    0.004524
 ../output_sumstats/output_pmid27989323_MIF_eur.sumstats.gz             ../output_sumstats/output_pmid24816252_urea_eur.sumstats.gz       NA         NA         NA      NA   -0.07851    0.05275   1.012  0.006323  -0.008003    0.004213
 ../output_sumstats/output_pmid27989323_MIF_eur.sumstats.gz               ../output_sumstats/output_pmid27386562_MS_eur.sumstats.gz   0.1377     0.3063     0.4496   0.653     0.2419    0.04746   1.067  0.008921  -0.003108    0.004305
 ../output_sumstats/output_pmid27989323_MIF_eur.sumstats.gz              ../output_sumstats/output_pmid27455348_ALS_eur.sumstats.gz    0.261     0.4566     0.5716  0.5676     0.0472    0.01263  0.9978  0.006282   -0.00306    0.004417
 ../output_sumstats/output_pmid27989323_MIF_eur.sumstats.gz            ../output_sumstats/output_pmid27989323_CTACK_eur.sumstats.gz       NA         NA         NA      NA  -0.004133     0.1158   1.004  0.006995     0.1093    0.005661
 ../output_sumstats/output_pmid27989323_MIF_eur.sumstats.gz             ../output_sumstats/output_pmid27989323_GCSF_eur.sumstats.gz  -0.2381      1.696    -0.1404  0.8884    0.02493    0.06143   1.007  0.007986    0.06467    0.005357
 ../output_sumstats/output_pmid27989323_MIF_eur.sumstats.gz             ../output_sumstats/output_pmid27989323_GROa_eur.sumstats.gz       NA         NA         NA      NA      -45.3      20.77   1.381     0.479     0.8493      0.3276
 ../output_sumstats/output_pmid27989323_MIF_eur.sumstats.gz              ../output_sumstats/output_pmid27989323_HGF_eur.sumstats.gz       NA         NA         NA      NA   -0.02041    0.05859   1.009  0.007937     0.1172    0.005269
 ../output_sumstats/output_pmid27989323_MIF_eur.sumstats.gz             ../output_sumstats/output_pmid27989323_IFNg_eur.sumstats.gz       NA         NA         NA      NA         NA         NA      NA        NA         NA          NA
 ../output_sumstats/output_pmid27989323_MIF_eur.sumstats.gz             ../output_sumstats/output_pmid27989323_IL10_eur.sumstats.gz       NA         NA         NA      NA   -0.00667    0.07951   1.018   0.01227    0.05975    0.005312
 ../output_sumstats/output_pmid27989323_MIF_eur.sumstats.gz          ../output_sumstats/output_pmid27989323_IL12p70_eur.sumstats.gz       NA         NA         NA      NA   -0.01685    0.08963   1.033   0.01931     0.0462    0.005632
 ../output_sumstats/output_pmid27989323_MIF_eur.sumstats.gz             ../output_sumstats/output_pmid27989323_IL13_eur.sumstats.gz       NA         NA         NA      NA     -0.166     0.1624   1.017   0.01239    0.03043     0.00479
 ../output_sumstats/output_pmid27989323_MIF_eur.sumstats.gz             ../output_sumstats/output_pmid27989323_IL16_eur.sumstats.gz       NA         NA         NA      NA   -0.07655     0.1289  0.9955  0.007327     0.1969     0.00516
 ../output_sumstats/output_pmid27989323_MIF_eur.sumstats.gz             ../output_sumstats/output_pmid27989323_IL17_eur.sumstats.gz       NA         NA         NA      NA     -3.492      1.409   1.497    0.1403   0.001696     0.07479
 ../output_sumstats/output_pmid27989323_MIF_eur.sumstats.gz             ../output_sumstats/output_pmid27989323_IL18_eur.sumstats.gz       NA         NA         NA      NA     0.3638     0.5817  0.9963   0.02284    0.07428    0.008933
 ../output_sumstats/output_pmid27989323_MIF_eur.sumstats.gz            ../output_sumstats/output_pmid27989323_IL1ra_eur.sumstats.gz       NA         NA         NA      NA         NA         NA      NA        NA         NA          NA
 ../output_sumstats/output_pmid27989323_MIF_eur.sumstats.gz              ../output_sumstats/output_pmid27989323_IL2_eur.sumstats.gz       NA         NA         NA      NA   -0.08927     0.1305   1.013  0.007144    0.07072    0.005136
 ../output_sumstats/output_pmid27989323_MIF_eur.sumstats.gz            ../output_sumstats/output_pmid27989323_IL2ra_eur.sumstats.gz  0.06127      1.313    0.04666  0.9628    0.06173      0.118   1.003  0.006596     0.1125    0.004936
 ../output_sumstats/output_pmid27989323_MIF_eur.sumstats.gz              ../output_sumstats/output_pmid27989323_IL4_eur.sumstats.gz       NA         NA         NA      NA   -0.04141    0.06005    1.01  0.008017     0.0538    0.005322
 ../output_sumstats/output_pmid27989323_MIF_eur.sumstats.gz              ../output_sumstats/output_pmid27989323_IL5_eur.sumstats.gz       NA         NA         NA      NA    -0.1241     0.1364   1.012  0.007424    0.03325    0.005137
 ../output_sumstats/output_pmid27989323_MIF_eur.sumstats.gz              ../output_sumstats/output_pmid27989323_IL6_eur.sumstats.gz       NA         NA         NA      NA         NA         NA      NA        NA         NA          NA
 ../output_sumstats/output_pmid27989323_MIF_eur.sumstats.gz              ../output_sumstats/output_pmid27989323_IL7_eur.sumstats.gz       NA         NA         NA      NA   -0.03772     0.1574   1.013  0.008921    0.05116    0.004992
 ../output_sumstats/output_pmid27989323_MIF_eur.sumstats.gz              ../output_sumstats/output_pmid27989323_IL8_eur.sumstats.gz       NA         NA         NA      NA   -0.03039     0.1272   1.008  0.006753    0.06995     0.00526
 ../output_sumstats/output_pmid27989323_MIF_eur.sumstats.gz              ../output_sumstats/output_pmid27989323_IL9_eur.sumstats.gz       NA         NA         NA      NA    -0.1711     0.1261   1.013  0.007098    0.03617     0.00519
 ../output_sumstats/output_pmid27989323_MIF_eur.sumstats.gz             ../output_sumstats/output_pmid27989323_MCP1_eur.sumstats.gz   0.7563     0.8968     0.8433  0.3991     0.1742    0.08201  0.9939  0.007867    0.02909     0.00489
 ../output_sumstats/output_pmid27989323_MIF_eur.sumstats.gz             ../output_sumstats/output_pmid27989323_MCP3_eur.sumstats.gz       NA         NA         NA      NA    -0.8531      0.569   1.014  0.007763    0.01178    0.004967
 ../output_sumstats/output_pmid27989323_MIF_eur.sumstats.gz             ../output_sumstats/output_pmid27989323_MCSF_eur.sumstats.gz       NA         NA         NA      NA         NA         NA      NA        NA         NA          NA
 ../output_sumstats/output_pmid27989323_MIF_eur.sumstats.gz              ../output_sumstats/output_pmid27989323_MIG_eur.sumstats.gz       NA         NA         NA      NA    -0.1278     0.1096   1.014  0.006425     0.1019    0.004938
 ../output_sumstats/output_pmid27989323_MIF_eur.sumstats.gz            ../output_sumstats/output_pmid27989323_MIP1a_eur.sumstats.gz       NA         NA         NA      NA    -0.1366     0.1407   1.009  0.007118    0.03404     0.00466
 ../output_sumstats/output_pmid27989323_MIF_eur.sumstats.gz            ../output_sumstats/output_pmid27989323_MIP1b_eur.sumstats.gz       NA         NA         NA      NA         NA         NA      NA        NA         NA          NA
 ../output_sumstats/output_pmid27989323_MIF_eur.sumstats.gz           ../output_sumstats/output_pmid27989323_PDGFbb_eur.sumstats.gz       NA         NA         NA      NA  -0.008181    0.06251   1.022  0.008693    0.04153    0.006242
 ../output_sumstats/output_pmid27989323_MIF_eur.sumstats.gz           ../output_sumstats/output_pmid27989323_RANTES_eur.sumstats.gz   0.6633      1.086     0.6111  0.5412     0.1227     0.1263  0.9997  0.006681     0.1021    0.005227
 ../output_sumstats/output_pmid27989323_MIF_eur.sumstats.gz              ../output_sumstats/output_pmid27989323_SCF_eur.sumstats.gz       NA         NA         NA      NA   -0.05585    0.05638   1.018  0.007325    0.07009    0.004724
 ../output_sumstats/output_pmid27989323_MIF_eur.sumstats.gz            ../output_sumstats/output_pmid27989323_SCGFb_eur.sumstats.gz       NA         NA         NA      NA         NA         NA      NA        NA         NA          NA
 ../output_sumstats/output_pmid27989323_MIF_eur.sumstats.gz             ../output_sumstats/output_pmid27989323_SDF1_eur.sumstats.gz       NA         NA         NA      NA  -0.008473     0.0755  0.9982  0.007174     0.0181     0.00511
 ../output_sumstats/output_pmid27989323_MIF_eur.sumstats.gz             ../output_sumstats/output_pmid27989323_TNFa_eur.sumstats.gz       NA         NA         NA      NA   -0.05272     0.1341  0.9974  0.006968    0.04693    0.004916
 ../output_sumstats/output_pmid27989323_MIF_eur.sumstats.gz             ../output_sumstats/output_pmid27989323_TNFb_eur.sumstats.gz       NA         NA         NA      NA    -0.4601     0.3078   1.011  0.007543    0.03873    0.005936
 ../output_sumstats/output_pmid27989323_MIF_eur.sumstats.gz            ../output_sumstats/output_pmid27989323_TRAIL_eur.sumstats.gz       NA         NA         NA      NA   -0.01725    0.05557    1.02   0.01175    0.01826    0.004872
 ../output_sumstats/output_pmid27989323_MIF_eur.sumstats.gz             ../output_sumstats/output_pmid27989323_bNGF_eur.sumstats.gz   0.8278      0.793      1.044  0.2965     0.2708     0.1385  0.9936  0.007698     0.1125    0.004917
 ../output_sumstats/output_pmid27989323_MIF_eur.sumstats.gz          ../output_sumstats/output_pmid27989323_eotaxin_eur.sumstats.gz    1.042      1.162     0.8974  0.3695      0.108    0.06628   1.008  0.007667    0.02544    0.005202
 ../output_sumstats/output_pmid27989323_MIF_eur.sumstats.gz             ../output_sumstats/output_pmid27989323_ip10_eur.sumstats.gz   0.5668     0.8515     0.6656  0.5056      0.128     0.1229   1.008  0.007269    0.03258     0.00514
 ../output_sumstats/output_pmid27989323_MIF_eur.sumstats.gz              ../output_sumstats/output_pmid29566793_ALS_eur.sumstats.gz    0.282     0.4396     0.6413  0.5213    0.03231   0.007226   1.021  0.007218  -0.004027    0.004886
 ../output_sumstats/output_pmid27989323_MIF_eur.sumstats.gz       ../output_sumstats/output_pmid29632382_T2d-BMIadj_eur.sumstats.gz       NA         NA         NA      NA     0.1028    0.02745       1   0.08439     0.0144     0.02089
 ../output_sumstats/output_pmid27989323_MIF_eur.sumstats.gz              ../output_sumstats/output_pmid30054458_T2d_eur.sumstats.gz    0.119     0.1546       0.77  0.4413    0.04571   0.003017   1.055   0.01899   0.003249    0.006568
 ../output_sumstats/output_pmid27989323_MIF_eur.sumstats.gz               ../output_sumstats/output_pmid33111402_PD_eur.sumstats.gz       NA         NA         NA      NA     -2.602      1.142   1.084   0.05937   -0.04648     0.04842
 ../output_sumstats/output_pmid27989323_MIF_eur.sumstats.gz               ../output_sumstats/output_pmid33310728_RA_eur.sumstats.gz   0.4874     0.4558       1.07  0.2848    0.03691   0.004201  0.9728   0.01203  -0.003673    0.004729
 ../output_sumstats/output_pmid27989323_MIF_eur.sumstats.gz              ../output_sumstats/output_pmid33589841_LBD_eur.sumstats.gz  -0.9787     0.8841     -1.107  0.2683     0.1662    0.08038   1.003  0.008566   0.007605    0.004251
 ../output_sumstats/output_pmid27989323_MIF_eur.sumstats.gz               ../output_sumstats/output_pmid33987465_PD_eur.sumstats.gz  -0.4131     0.7121      -0.58  0.5619       0.41      0.146  0.9819  0.006147  -0.004967    0.004528
 ../output_sumstats/output_pmid27989323_MIF_eur.sumstats.gz              ../output_sumstats/output_pmid34737426_APH_eur.sumstats.gz       NA         NA         NA      NA -7.322e-05  0.0009306  0.9858  0.006065   0.002144    0.004758

Analysis finished at Sat Feb 24 20:06:32 2024
Total time elapsed: 7.0m:40.53s
