*********************************************************************
* LD Score Regression (LDSC)
* Version 1.0.1
* (C) 2014-2019 Brendan Bulik-Sullivan and Hilary Finucane
* Broad Institute of MIT and Harvard / MIT Department of Mathematics
* GNU General Public License v3
*********************************************************************
Call: 
./ldsc.py \
--ref-ld-chr ../input_files/eur_w_ld_chr/ \
--out ../output_ld_regression/output_pmid21833088_MS_eur_ldReg \
--rg ../output_sumstats/output_pmid21833088_MS_eur.sumstats.gz,../output_sumstats/output_pmid21833088_MS_eur.sumstats.gz,../output_sumstats/output_pmid24076602_MS_eur.sumstats.gz,../output_sumstats/output_pmid24816252_acetylcarnitine_eur.sumstats.gz,../output_sumstats/output_pmid24816252_alanine_eur.sumstats.gz,../output_sumstats/output_pmid24816252_arginine_eur.sumstats.gz,../output_sumstats/output_pmid24816252_asparagine_eur.sumstats.gz,../output_sumstats/output_pmid24816252_cholesterol_eur.sumstats.gz,../output_sumstats/output_pmid24816252_citrate_eur.sumstats.gz,../output_sumstats/output_pmid24816252_glutamate_eur.sumstats.gz,../output_sumstats/output_pmid24816252_glycerol_eur.sumstats.gz,../output_sumstats/output_pmid24816252_histidine_eur.sumstats.gz,../output_sumstats/output_pmid24816252_isoleucine_eur.sumstats.gz,../output_sumstats/output_pmid24816252_phenylalanine_eur.sumstats.gz,../output_sumstats/output_pmid24816252_proline_eur.sumstats.gz,../output_sumstats/output_pmid24816252_pyruvate_eur.sumstats.gz,../output_sumstats/output_pmid24816252_threonine_eur.sumstats.gz,../output_sumstats/output_pmid24816252_tryptophan_eur.sumstats.gz,../output_sumstats/output_pmid24816252_tyrosine_eur.sumstats.gz,../output_sumstats/output_pmid24816252_urea_eur.sumstats.gz,../output_sumstats/output_pmid27386562_MS_eur.sumstats.gz,../output_sumstats/output_pmid27455348_ALS_eur.sumstats.gz,../output_sumstats/output_pmid27989323_CTACK_eur.sumstats.gz,../output_sumstats/output_pmid27989323_GCSF_eur.sumstats.gz,../output_sumstats/output_pmid27989323_GROa_eur.sumstats.gz,../output_sumstats/output_pmid27989323_HGF_eur.sumstats.gz,../output_sumstats/output_pmid27989323_IFNg_eur.sumstats.gz,../output_sumstats/output_pmid27989323_IL10_eur.sumstats.gz,../output_sumstats/output_pmid27989323_IL12p70_eur.sumstats.gz,../output_sumstats/output_pmid27989323_IL13_eur.sumstats.gz,../output_sumstats/output_pmid27989323_IL16_eur.sumstats.gz,../output_sumstats/output_pmid27989323_IL17_eur.sumstats.gz,../output_sumstats/output_pmid27989323_IL18_eur.sumstats.gz,../output_sumstats/output_pmid27989323_IL1ra_eur.sumstats.gz,../output_sumstats/output_pmid27989323_IL2_eur.sumstats.gz,../output_sumstats/output_pmid27989323_IL2ra_eur.sumstats.gz,../output_sumstats/output_pmid27989323_IL4_eur.sumstats.gz,../output_sumstats/output_pmid27989323_IL5_eur.sumstats.gz,../output_sumstats/output_pmid27989323_IL6_eur.sumstats.gz,../output_sumstats/output_pmid27989323_IL7_eur.sumstats.gz,../output_sumstats/output_pmid27989323_IL8_eur.sumstats.gz,../output_sumstats/output_pmid27989323_IL9_eur.sumstats.gz,../output_sumstats/output_pmid27989323_MCP1_eur.sumstats.gz,../output_sumstats/output_pmid27989323_MCP3_eur.sumstats.gz,../output_sumstats/output_pmid27989323_MCSF_eur.sumstats.gz,../output_sumstats/output_pmid27989323_MIF_eur.sumstats.gz,../output_sumstats/output_pmid27989323_MIG_eur.sumstats.gz,../output_sumstats/output_pmid27989323_MIP1a_eur.sumstats.gz,../output_sumstats/output_pmid27989323_MIP1b_eur.sumstats.gz,../output_sumstats/output_pmid27989323_PDGFbb_eur.sumstats.gz,../output_sumstats/output_pmid27989323_RANTES_eur.sumstats.gz,../output_sumstats/output_pmid27989323_SCF_eur.sumstats.gz,../output_sumstats/output_pmid27989323_SCGFb_eur.sumstats.gz,../output_sumstats/output_pmid27989323_SDF1_eur.sumstats.gz,../output_sumstats/output_pmid27989323_TNFa_eur.sumstats.gz,../output_sumstats/output_pmid27989323_TNFb_eur.sumstats.gz,../output_sumstats/output_pmid27989323_TRAIL_eur.sumstats.gz,../output_sumstats/output_pmid27989323_bNGF_eur.sumstats.gz,../output_sumstats/output_pmid27989323_eotaxin_eur.sumstats.gz,../output_sumstats/output_pmid27989323_ip10_eur.sumstats.gz,../output_sumstats/output_pmid29566793_ALS_eur.sumstats.gz,../output_sumstats/output_pmid29632382_T2d-BMIadj_eur.sumstats.gz,../output_sumstats/output_pmid30054458_T2d_eur.sumstats.gz,../output_sumstats/output_pmid33111402_PD_eur.sumstats.gz,../output_sumstats/output_pmid33310728_RA_eur.sumstats.gz,../output_sumstats/output_pmid33589841_LBD_eur.sumstats.gz,../output_sumstats/output_pmid33987465_PD_eur.sumstats.gz,../output_sumstats/output_pmid34737426_APH_eur.sumstats.gz \
--w-ld-chr ../input_files/eur_w_ld_chr/ 

Beginning analysis at Sat Feb 24 00:52:24 2024
Reading summary statistics from ../output_sumstats/output_pmid21833088_MS_eur.sumstats.gz ...
Read summary statistics for 453684 SNPs.
Reading reference panel LD Score from ../input_files/eur_w_ld_chr/[1-22] ... (ldscore_fromlist)
Read reference panel LD Scores for 1290028 SNPs.
Removing partitioned LD Scores with zero variance.
Reading regression weight LD Score from ../input_files/eur_w_ld_chr/[1-22] ... (ldscore_fromlist)
Read regression weight LD Scores for 1290028 SNPs.
After merging with reference panel LD, 451961 SNPs remain.
After merging with regression SNP LD, 451961 SNPs remain.
Computing rg for phenotype 2/68
Reading summary statistics from ../output_sumstats/output_pmid21833088_MS_eur.sumstats.gz ...
Read summary statistics for 1217311 SNPs.
After merging with summary statistics, 451961 SNPs remain.
451961 SNPs with valid alleles.

Heritability of phenotype 1
---------------------------
Total Observed scale h2: 0.0558 (0.0284)
Lambda GC: 1.0405
Mean Chi^2: 1.0857
Intercept: 1.059 (0.009)
Ratio: 0.6886 (0.1048)

Heritability of phenotype 2/68
------------------------------
Total Observed scale h2: 0.0558 (0.0284)
Lambda GC: 1.0405
Mean Chi^2: 1.0857
Intercept: 1.059 (0.009)
Ratio: 0.6886 (0.1048)

Genetic Covariance
------------------
Total Observed scale gencov: 0.0558 (0.0284)
Mean z1*z2: 1.0857
Intercept: 1.059 (0.009)

Genetic Correlation
-------------------
Genetic Correlation: 1.0001 (4.5321e-05)
Z-score: 22065.9732
P: 0.

Computing rg for phenotype 3/68
Reading summary statistics from ../output_sumstats/output_pmid24076602_MS_eur.sumstats.gz ...
Read summary statistics for 1217311 SNPs.
After merging with summary statistics, 451961 SNPs remain.
23921 SNPs with valid alleles.
WARNING: number of SNPs less than 200k; this is almost always bad.

Heritability of phenotype 3/68
------------------------------
Total Observed scale h2: 1.3785 (0.2126)
Lambda GC: 1.4104
Mean Chi^2: 2.0262
Intercept: 1.0566 (0.0892)
Ratio: 0.0551 (0.0869)

Genetic Covariance
------------------
Total Observed scale gencov: 1.3051 (0.2051)
Mean z1*z2: 0.9477
Intercept: 0.1829 (0.066)

Genetic Correlation
-------------------
Genetic Correlation: 1.0192 (0.0541)
Z-score: 18.8351
P: 3.8918e-79

Computing rg for phenotype 4/68
Reading summary statistics from ../output_sumstats/output_pmid24816252_acetylcarnitine_eur.sumstats.gz ...
Read summary statistics for 1217311 SNPs.
After merging with summary statistics, 451961 SNPs remain.
448189 SNPs with valid alleles.

Heritability of phenotype 4/68
------------------------------
Total Observed scale h2: -0.2772 (0.0686)
Lambda GC: 0.9721
Mean Chi^2: 0.9815
Intercept: 1.0175 (0.0071)
Ratio: NA (mean chi^2 < 1)

Genetic Covariance
------------------
Total Observed scale gencov: 0.0255 (0.0271)
Mean z1*z2: 0.0045
Intercept: -0.002 (0.006)

Genetic Correlation
-------------------
Genetic Correlation: nan (nan) (h2  out of bounds) 
Z-score: nan (nan) (h2  out of bounds)
P: nan (nan) (h2  out of bounds)
WARNING: One of the h2's was out of bounds.
This usually indicates a data-munging error or that h2 or N is low.

Computing rg for phenotype 5/68
Reading summary statistics from ../output_sumstats/output_pmid24816252_alanine_eur.sumstats.gz ...
Read summary statistics for 1217311 SNPs.
After merging with summary statistics, 451961 SNPs remain.
448189 SNPs with valid alleles.

Heritability of phenotype 5/68
------------------------------
Total Observed scale h2: 0.5836 (0.0784)
Lambda GC: 1.071
Mean Chi^2: 1.0993
Intercept: 1.0243 (0.008)
Ratio: 0.2444 (0.0811)

Genetic Covariance
------------------
Total Observed scale gencov: 0.0185 (0.0274)
Mean z1*z2: -0.0065
Intercept: -0.0102 (0.0057)

Genetic Correlation
-------------------
Genetic Correlation: 0.0949 (0.1454)
Z-score: 0.6531
P: 0.5137

Computing rg for phenotype 6/68
Reading summary statistics from ../output_sumstats/output_pmid24816252_arginine_eur.sumstats.gz ...
Read summary statistics for 1217311 SNPs.
After merging with summary statistics, 451961 SNPs remain.
448189 SNPs with valid alleles.

Heritability of phenotype 6/68
------------------------------
Total Observed scale h2: 0.0286 (0.0678)
Lambda GC: 1.0375
Mean Chi^2: 1.0459
Intercept: 1.0421 (0.0081)
Ratio: 0.9189 (0.1769)

Genetic Covariance
------------------
Total Observed scale gencov: -0.0264 (0.0253)
Mean z1*z2: -0.0033
Intercept: 0.0032 (0.0049)

Genetic Correlation
-------------------
Genetic Correlation: -0.6098 (0.9854)
Z-score: -0.6188
P: 0.5361

Computing rg for phenotype 7/68
Reading summary statistics from ../output_sumstats/output_pmid24816252_asparagine_eur.sumstats.gz ...
Read summary statistics for 1217311 SNPs.
After merging with summary statistics, 451961 SNPs remain.
448189 SNPs with valid alleles.

Heritability of phenotype 7/68
------------------------------
Total Observed scale h2: 0.4915 (0.0899)
Lambda GC: 1.0772
Mean Chi^2: 1.1023
Intercept: 1.0391 (0.0111)
Ratio: 0.3823 (0.1088)

Genetic Covariance
------------------
Total Observed scale gencov: -0.004 (0.0258)
Mean z1*z2: -0.0039
Intercept: -0.003 (0.0051)

Genetic Correlation
-------------------
Genetic Correlation: -0.0226 (0.145)
Z-score: -0.1559
P: 0.8761

Computing rg for phenotype 8/68
Reading summary statistics from ../output_sumstats/output_pmid24816252_cholesterol_eur.sumstats.gz ...
Read summary statistics for 1217311 SNPs.
After merging with summary statistics, 451961 SNPs remain.
448189 SNPs with valid alleles.

Heritability of phenotype 8/68
------------------------------
Total Observed scale h2: -0.0049 (0.074)
Lambda GC: 1.0405
Mean Chi^2: 1.0586
Intercept: 1.0591 (0.0077)
Ratio: 1.0085 (0.1309)

Genetic Covariance
------------------
Total Observed scale gencov: -0.0175 (0.0266)
Mean z1*z2: -0.0044
Intercept: 1.097e-05 (0.0056)

Genetic Correlation
-------------------
Genetic Correlation: nan (nan) (h2  out of bounds) 
Z-score: nan (nan) (h2  out of bounds)
P: nan (nan) (h2  out of bounds)
WARNING: One of the h2's was out of bounds.
This usually indicates a data-munging error or that h2 or N is low.

Computing rg for phenotype 9/68
Reading summary statistics from ../output_sumstats/output_pmid24816252_citrate_eur.sumstats.gz ...
Read summary statistics for 1217311 SNPs.
After merging with summary statistics, 451961 SNPs remain.
448189 SNPs with valid alleles.

Heritability of phenotype 9/68
------------------------------
Total Observed scale h2: 0.4163 (0.0901)
Lambda GC: 1.1082
Mean Chi^2: 1.1335
Intercept: 1.0806 (0.0095)
Ratio: 0.6038 (0.0713)

Genetic Covariance
------------------
Total Observed scale gencov: 0.0129 (0.0283)
Mean z1*z2: 0.003
Intercept: -8.6147e-05 (0.0062)

Genetic Correlation
-------------------
Genetic Correlation: 0.0782 (0.17)
Z-score: 0.4599
P: 0.6456

Computing rg for phenotype 10/68
Reading summary statistics from ../output_sumstats/output_pmid24816252_glutamate_eur.sumstats.gz ...
Read summary statistics for 1217311 SNPs.
After merging with summary statistics, 451961 SNPs remain.
448189 SNPs with valid alleles.

Heritability of phenotype 10/68
-------------------------------
Total Observed scale h2: 0.1982 (0.0639)
Lambda GC: 0.9489
Mean Chi^2: 0.9499
Intercept: 0.9247 (0.0071)
Ratio: NA (mean chi^2 < 1)

Genetic Covariance
------------------
Total Observed scale gencov: -0.0278 (0.0237)
Mean z1*z2: -0.0004
Intercept: 0.0061 (0.0056)

Genetic Correlation
-------------------
Genetic Correlation: -0.2443 (0.2094)
Z-score: -1.1665
P: 0.2434

Computing rg for phenotype 11/68
Reading summary statistics from ../output_sumstats/output_pmid24816252_glycerol_eur.sumstats.gz ...
Read summary statistics for 1217311 SNPs.
After merging with summary statistics, 451961 SNPs remain.
448189 SNPs with valid alleles.

Heritability of phenotype 11/68
-------------------------------
Total Observed scale h2: -0.2192 (0.0638)
Lambda GC: 0.978
Mean Chi^2: 0.9876
Intercept: 1.0159 (0.0078)
Ratio: NA (mean chi^2 < 1)

Genetic Covariance
------------------
Total Observed scale gencov: 0.0774 (0.0266)
Mean z1*z2: 0.0154
Intercept: -0.0037 (0.0057)

Genetic Correlation
-------------------
Genetic Correlation: nan (nan) (h2  out of bounds) 
Z-score: nan (nan) (h2  out of bounds)
P: nan (nan) (h2  out of bounds)
WARNING: One of the h2's was out of bounds.
This usually indicates a data-munging error or that h2 or N is low.

Computing rg for phenotype 12/68
Reading summary statistics from ../output_sumstats/output_pmid24816252_histidine_eur.sumstats.gz ...
Read summary statistics for 1217311 SNPs.
After merging with summary statistics, 451961 SNPs remain.
448189 SNPs with valid alleles.

Heritability of phenotype 12/68
-------------------------------
Total Observed scale h2: 0.5538 (0.0637)
Lambda GC: 0.8073
Mean Chi^2: 0.8123
Intercept: 0.7439 (0.0061)
Ratio: NA (mean chi^2 < 1)

Genetic Covariance
------------------
Total Observed scale gencov: -0.024 (0.0234)
Mean z1*z2: -0.0095
Intercept: -0.0034 (0.0047)

Genetic Correlation
-------------------
Genetic Correlation: -0.1264 (0.1201)
Z-score: -1.0526
P: 0.2925

Computing rg for phenotype 13/68
Reading summary statistics from ../output_sumstats/output_pmid24816252_isoleucine_eur.sumstats.gz ...
Read summary statistics for 1217311 SNPs.
After merging with summary statistics, 451961 SNPs remain.
448189 SNPs with valid alleles.

Heritability of phenotype 13/68
-------------------------------
Total Observed scale h2: -0.3558 (0.0657)
Lambda GC: 0.9345
Mean Chi^2: 0.9467
Intercept: 0.993 (0.0076)
Ratio: NA (mean chi^2 < 1)

Genetic Covariance
------------------
Total Observed scale gencov: -0.0208 (0.0228)
Mean z1*z2: -0.0017
Intercept: 0.0033 (0.0051)

Genetic Correlation
-------------------
Genetic Correlation: nan (nan) (h2  out of bounds) 
Z-score: nan (nan) (h2  out of bounds)
P: nan (nan) (h2  out of bounds)
WARNING: One of the h2's was out of bounds.
This usually indicates a data-munging error or that h2 or N is low.

Computing rg for phenotype 14/68
Reading summary statistics from ../output_sumstats/output_pmid24816252_phenylalanine_eur.sumstats.gz ...
Read summary statistics for 1217311 SNPs.
After merging with summary statistics, 451961 SNPs remain.
448189 SNPs with valid alleles.

Heritability of phenotype 14/68
-------------------------------
Total Observed scale h2: 0.5075 (0.053)
Lambda GC: 0.8207
Mean Chi^2: 0.8203
Intercept: 0.758 (0.0059)
Ratio: NA (mean chi^2 < 1)

Genetic Covariance
------------------
Total Observed scale gencov: 0.0136 (0.0226)
Mean z1*z2: -0.0026
Intercept: -0.0058 (0.0046)

Genetic Correlation
-------------------
Genetic Correlation: 0.0745 (0.1244)
Z-score: 0.5991
P: 0.5491

Computing rg for phenotype 15/68
Reading summary statistics from ../output_sumstats/output_pmid24816252_proline_eur.sumstats.gz ...
Read summary statistics for 1217311 SNPs.
After merging with summary statistics, 451961 SNPs remain.
448189 SNPs with valid alleles.

Heritability of phenotype 15/68
-------------------------------
Total Observed scale h2: 0.411 (0.0868)
Lambda GC: 1.0772
Mean Chi^2: 1.1047
Intercept: 1.0521 (0.0107)
Ratio: 0.4972 (0.1019)

Genetic Covariance
------------------
Total Observed scale gencov: -0.0116 (0.0252)
Mean z1*z2: 0.0018
Intercept: 0.0045 (0.0055)

Genetic Correlation
-------------------
Genetic Correlation: -0.071 (0.1535)
Z-score: -0.4629
P: 0.6434

Computing rg for phenotype 16/68
Reading summary statistics from ../output_sumstats/output_pmid24816252_pyruvate_eur.sumstats.gz ...
Read summary statistics for 1217311 SNPs.
After merging with summary statistics, 451961 SNPs remain.
448189 SNPs with valid alleles.

Heritability of phenotype 16/68
-------------------------------
Total Observed scale h2: 0.1928 (0.0656)
Lambda GC: 1.0255
Mean Chi^2: 1.028
Intercept: 1.0037 (0.0071)
Ratio: 0.1307 (0.2528)

Genetic Covariance
------------------
Total Observed scale gencov: 0.0169 (0.0264)
Mean z1*z2: -0.0052
Intercept: -0.0095 (0.0057)

Genetic Correlation
-------------------
Genetic Correlation: 0.1511 (0.2356)
Z-score: 0.6412
P: 0.5214

Computing rg for phenotype 17/68
Reading summary statistics from ../output_sumstats/output_pmid24816252_threonine_eur.sumstats.gz ...
Read summary statistics for 1217311 SNPs.
After merging with summary statistics, 451961 SNPs remain.
448189 SNPs with valid alleles.

Heritability of phenotype 17/68
-------------------------------
Total Observed scale h2: 0.0261 (0.0903)
Lambda GC: 0.9927
Mean Chi^2: 1.008
Intercept: 1.0054 (0.0078)
Ratio: 0.6684 (0.9719)

Genetic Covariance
------------------
Total Observed scale gencov: -0.0106 (0.0296)
Mean z1*z2: 0.0009
Intercept: 0.0035 (0.0054)

Genetic Correlation
-------------------
Genetic Correlation: -0.2574 (0.8905)
Z-score: -0.2891
P: 0.7725

Computing rg for phenotype 18/68
Reading summary statistics from ../output_sumstats/output_pmid24816252_tryptophan_eur.sumstats.gz ...
Read summary statistics for 1217311 SNPs.
After merging with summary statistics, 451961 SNPs remain.
448189 SNPs with valid alleles.

Heritability of phenotype 18/68
-------------------------------
Total Observed scale h2: 1.096 (0.0898)
Lambda GC: 1.1175
Mean Chi^2: 1.2261
Intercept: 1.0858 (0.0093)
Ratio: 0.3795 (0.0413)

Genetic Covariance
------------------
Total Observed scale gencov: -0.0022 (0.0286)
Mean z1*z2: 0.0002
Intercept: 0.0004 (0.0052)

Genetic Correlation
-------------------
Genetic Correlation: -0.0081 (0.1077)
Z-score: -0.0752
P: 0.9401

Computing rg for phenotype 19/68
Reading summary statistics from ../output_sumstats/output_pmid24816252_tyrosine_eur.sumstats.gz ...
Read summary statistics for 1217311 SNPs.
After merging with summary statistics, 451961 SNPs remain.
448189 SNPs with valid alleles.

Heritability of phenotype 19/68
-------------------------------
Total Observed scale h2: 0.0842 (0.0732)
Lambda GC: 1.0436
Mean Chi^2: 1.0548
Intercept: 1.0439 (0.0081)
Ratio: 0.8002 (0.148)

Genetic Covariance
------------------
Total Observed scale gencov: -0.0085 (0.0251)
Mean z1*z2: 0.0008
Intercept: 0.0029 (0.0056)

Genetic Correlation
-------------------
Genetic Correlation: -0.1142 (0.354)
Z-score: -0.3226
P: 0.747

Computing rg for phenotype 20/68
Reading summary statistics from ../output_sumstats/output_pmid24816252_urea_eur.sumstats.gz ...
Read summary statistics for 1217311 SNPs.
After merging with summary statistics, 451961 SNPs remain.
448189 SNPs with valid alleles.

Heritability of phenotype 20/68
-------------------------------
Total Observed scale h2: -0.1629 (0.0637)
Lambda GC: 0.978
Mean Chi^2: 0.9928
Intercept: 1.0139 (0.0073)
Ratio: NA (mean chi^2 < 1)

Genetic Covariance
------------------
Total Observed scale gencov: -0.0027 (0.0263)
Mean z1*z2: -0.0005
Intercept: -0.0002 (0.0052)

Genetic Correlation
-------------------
Genetic Correlation: nan (nan) (h2  out of bounds) 
Z-score: nan (nan) (h2  out of bounds)
P: nan (nan) (h2  out of bounds)
WARNING: One of the h2's was out of bounds.
This usually indicates a data-munging error or that h2 or N is low.

Computing rg for phenotype 21/68
Reading summary statistics from ../output_sumstats/output_pmid27386562_MS_eur.sumstats.gz ...
Read summary statistics for 1217311 SNPs.
After merging with summary statistics, 451961 SNPs remain.
444814 SNPs with valid alleles.

Heritability of phenotype 21/68
-------------------------------
Total Observed scale h2: 0.2176 (0.0511)
Lambda GC: 1.1113
Mean Chi^2: 1.1327
Intercept: 1.0736 (0.0102)
Ratio: 0.5542 (0.0766)

Genetic Covariance
------------------
Total Observed scale gencov: -0.2091 (0.032)
Mean z1*z2: -0.2137
Intercept: -0.1387 (0.0076)

Genetic Correlation
-------------------
Genetic Correlation: nan (nan) (rg out of bounds) 
Z-score: nan (nan) (rg out of bounds)
P: nan (nan) (rg out of bounds)
WARNING: rg was out of bounds.
This often means that h2 is not significantly different from zero.

Computing rg for phenotype 22/68
Reading summary statistics from ../output_sumstats/output_pmid27455348_ALS_eur.sumstats.gz ...
Read summary statistics for 1217311 SNPs.
After merging with summary statistics, 451961 SNPs remain.
449454 SNPs with valid alleles.

Heritability of phenotype 22/68
-------------------------------
Total Observed scale h2: 0.034 (0.0142)
Lambda GC: 1.0255
Mean Chi^2: 1.0274
Intercept: 1.0058 (0.0075)
Ratio: 0.2102 (0.2754)

Genetic Covariance
------------------
Total Observed scale gencov: 0.017 (0.0132)
Mean z1*z2: 0.0625
Intercept: 0.0533 (0.0061)

Genetic Correlation
-------------------
Genetic Correlation: 0.3886 (0.3366)
Z-score: 1.1544
P: 0.2483

Computing rg for phenotype 23/68
Reading summary statistics from ../output_sumstats/output_pmid27989323_CTACK_eur.sumstats.gz ...
Read summary statistics for 1217311 SNPs.
After merging with summary statistics, 451961 SNPs remain.
449956 SNPs with valid alleles.

Heritability of phenotype 23/68
-------------------------------
Total Observed scale h2: -0.0574 (0.1326)
Lambda GC: 0.9927
Mean Chi^2: 1.0005
Intercept: 1.0042 (0.0085)
Ratio: 8.3851 (17.0284)

Genetic Covariance
------------------
Total Observed scale gencov: -0.0353 (0.0367)
Mean z1*z2: -0.0053
Intercept: 0.0008 (0.0054)

Genetic Correlation
-------------------
Genetic Correlation: nan (nan) (h2  out of bounds) 
Z-score: nan (nan) (h2  out of bounds)
P: nan (nan) (h2  out of bounds)
WARNING: One of the h2's was out of bounds.
This usually indicates a data-munging error or that h2 or N is low.

Computing rg for phenotype 24/68
Reading summary statistics from ../output_sumstats/output_pmid27989323_GCSF_eur.sumstats.gz ...
Read summary statistics for 1217311 SNPs.
After merging with summary statistics, 451961 SNPs remain.
449814 SNPs with valid alleles.

Heritability of phenotype 24/68
-------------------------------
Total Observed scale h2: -0.0351 (0.0665)
Lambda GC: 1.0135
Mean Chi^2: 1.0094
Intercept: 1.0143 (0.0086)
Ratio: 1.52 (0.9155)

Genetic Covariance
------------------
Total Observed scale gencov: 0.0111 (0.0252)
Mean z1*z2: 0.0012
Intercept: -0.0016 (0.0052)

Genetic Correlation
-------------------
Genetic Correlation: nan (nan) (h2  out of bounds) 
Z-score: nan (nan) (h2  out of bounds)
P: nan (nan) (h2  out of bounds)
WARNING: One of the h2's was out of bounds.
This usually indicates a data-munging error or that h2 or N is low.

Computing rg for phenotype 25/68
Reading summary statistics from ../output_sumstats/output_pmid27989323_GROa_eur.sumstats.gz ...
Read summary statistics for 1217311 SNPs.
After merging with summary statistics, 451961 SNPs remain.
19 SNPs with valid alleles.
WARNING: number of SNPs less than 200k; this is almost always bad.

Heritability of phenotype 25/68
-------------------------------
Total Observed scale h2: -51.5911 (34.4449)
Lambda GC: 0.35
Mean Chi^2: 0.6261
Intercept: 1.5979 (0.7726)
Ratio: NA (mean chi^2 < 1)

Genetic Covariance
------------------
Total Observed scale gencov: -1.2141 (5.4889)
Mean z1*z2: 0.0226
Intercept: 0.0855 (0.4314)

Genetic Correlation
-------------------
Genetic Correlation: nan (nan) (h2  out of bounds) 
Z-score: nan (nan) (h2  out of bounds)
P: nan (nan) (h2  out of bounds)
WARNING: One of the h2's was out of bounds.
This usually indicates a data-munging error or that h2 or N is low.

Computing rg for phenotype 26/68
Reading summary statistics from ../output_sumstats/output_pmid27989323_HGF_eur.sumstats.gz ...
Read summary statistics for 1217311 SNPs.
After merging with summary statistics, 451961 SNPs remain.
449840 SNPs with valid alleles.
ERROR computing rg for phenotype 26/68, from file ../output_sumstats/output_pmid27989323_HGF_eur.sumstats.gz.
Traceback (most recent call last):
  File "/Users/as/Documents/UNI/Bioinformatik/2023:24_WS/GoBi_Lokal/BlockTeil_Metabolomics/ldsc/ldscore/sumstats.py", line 410, in estimate_rg
    rghat = _rg(loop, args, log, M_annot, ref_ld_cnames, w_ld_cname, i)
  File "/Users/as/Documents/UNI/Bioinformatik/2023:24_WS/GoBi_Lokal/BlockTeil_Metabolomics/ldsc/ldscore/sumstats.py", line 539, in _rg
    intercept_gencov=intercepts[2], n_blocks=n_blocks, twostep=args.two_step)
  File "/Users/as/Documents/UNI/Bioinformatik/2023:24_WS/GoBi_Lokal/BlockTeil_Metabolomics/ldsc/ldscore/regressions.py", line 705, in __init__
    np.multiply(hsq1.tot_delete_values, hsq2.tot_delete_values))
FloatingPointError: invalid value encountered in sqrt


Computing rg for phenotype 27/68
Reading summary statistics from ../output_sumstats/output_pmid27989323_IFNg_eur.sumstats.gz ...
Read summary statistics for 1217311 SNPs.
After merging with summary statistics, 451961 SNPs remain.
449807 SNPs with valid alleles.

Heritability of phenotype 27/68
-------------------------------
Total Observed scale h2: -0.058 (0.0665)
Lambda GC: 1.0016
Mean Chi^2: 0.9978
Intercept: 1.0056 (0.0081)
Ratio: NA (mean chi^2 < 1)

Genetic Covariance
------------------
Total Observed scale gencov: -0.0063 (0.0248)
Mean z1*z2: 0.0046
Intercept: 0.0062 (0.0057)

Genetic Correlation
-------------------
Genetic Correlation: nan (nan) (h2  out of bounds) 
Z-score: nan (nan) (h2  out of bounds)
P: nan (nan) (h2  out of bounds)
WARNING: One of the h2's was out of bounds.
This usually indicates a data-munging error or that h2 or N is low.

Computing rg for phenotype 28/68
Reading summary statistics from ../output_sumstats/output_pmid27989323_IL10_eur.sumstats.gz ...
Read summary statistics for 1217311 SNPs.
After merging with summary statistics, 451961 SNPs remain.
449952 SNPs with valid alleles.

Heritability of phenotype 28/68
-------------------------------
Total Observed scale h2: -0.1089 (0.1062)
Lambda GC: 1.0016
Mean Chi^2: 1.0146
Intercept: 1.0293 (0.018)
Ratio: 2.0114 (1.232)

Genetic Covariance
------------------
Total Observed scale gencov: -0.0028 (0.0275)
Mean z1*z2: 0.0034
Intercept: 0.0041 (0.0057)

Genetic Correlation
-------------------
Genetic Correlation: nan (nan) (h2  out of bounds) 
Z-score: nan (nan) (h2  out of bounds)
P: nan (nan) (h2  out of bounds)
WARNING: One of the h2's was out of bounds.
This usually indicates a data-munging error or that h2 or N is low.

Computing rg for phenotype 29/68
Reading summary statistics from ../output_sumstats/output_pmid27989323_IL12p70_eur.sumstats.gz ...
Read summary statistics for 1217311 SNPs.
After merging with summary statistics, 451961 SNPs remain.
449799 SNPs with valid alleles.

Heritability of phenotype 29/68
-------------------------------
Total Observed scale h2: -0.1067 (0.147)
Lambda GC: 1.0225
Mean Chi^2: 1.0308
Intercept: 1.0463 (0.0295)
Ratio: 1.5059 (0.9592)

Genetic Covariance
------------------
Total Observed scale gencov: -0.0488 (0.0273)
Mean z1*z2: -0.0026
Intercept: 0.0102 (0.0064)

Genetic Correlation
-------------------
Genetic Correlation: nan (nan) (h2  out of bounds) 
Z-score: nan (nan) (h2  out of bounds)
P: nan (nan) (h2  out of bounds)
WARNING: One of the h2's was out of bounds.
This usually indicates a data-munging error or that h2 or N is low.

Computing rg for phenotype 30/68
Reading summary statistics from ../output_sumstats/output_pmid27989323_IL13_eur.sumstats.gz ...
Read summary statistics for 1217311 SNPs.
After merging with summary statistics, 451961 SNPs remain.
449892 SNPs with valid alleles.

Heritability of phenotype 30/68
-------------------------------
Total Observed scale h2: -0.1015 (0.2224)
Lambda GC: 1.0046
Mean Chi^2: 1.0093
Intercept: 1.0156 (0.0168)
Ratio: 1.6861 (1.8096)

Genetic Covariance
------------------
Total Observed scale gencov: 0.0067 (0.0386)
Mean z1*z2: -0.0016
Intercept: -0.0028 (0.0059)

Genetic Correlation
-------------------
Genetic Correlation: nan (nan) (h2  out of bounds) 
Z-score: nan (nan) (h2  out of bounds)
P: nan (nan) (h2  out of bounds)
WARNING: One of the h2's was out of bounds.
This usually indicates a data-munging error or that h2 or N is low.

Computing rg for phenotype 31/68
Reading summary statistics from ../output_sumstats/output_pmid27989323_IL16_eur.sumstats.gz ...
Read summary statistics for 1217311 SNPs.
After merging with summary statistics, 451961 SNPs remain.
450014 SNPs with valid alleles.

Heritability of phenotype 31/68
-------------------------------
Total Observed scale h2: -0.0567 (0.1509)
Lambda GC: 0.9927
Mean Chi^2: 0.9897
Intercept: 0.9932 (0.0086)
Ratio: NA (mean chi^2 < 1)

Genetic Covariance
------------------
Total Observed scale gencov: -0.0785 (0.0368)
Mean z1*z2: -0.005
Intercept: 0.0084 (0.0057)

Genetic Correlation
-------------------
Genetic Correlation: nan (nan) (h2  out of bounds) 
Z-score: nan (nan) (h2  out of bounds)
P: nan (nan) (h2  out of bounds)
WARNING: One of the h2's was out of bounds.
This usually indicates a data-munging error or that h2 or N is low.

Computing rg for phenotype 32/68
Reading summary statistics from ../output_sumstats/output_pmid27989323_IL17_eur.sumstats.gz ...
Read summary statistics for 1217311 SNPs.
After merging with summary statistics, 451961 SNPs remain.
789 SNPs with valid alleles.
WARNING: number of SNPs less than 200k; this is almost always bad.

Heritability of phenotype 32/68
-------------------------------
Total Observed scale h2: -2.9506 (2.0866)
Lambda GC: 1.1459
Mean Chi^2: 1.2643
Intercept: 1.486 (0.1729)
Ratio: 1.8391 (0.6543)

Genetic Covariance
------------------
Total Observed scale gencov: -0.2822 (0.9438)
Mean z1*z2: -0.1185
Intercept: -0.0788 (0.1361)

Genetic Correlation
-------------------
Genetic Correlation: nan (nan) (h2  out of bounds) 
Z-score: nan (nan) (h2  out of bounds)
P: nan (nan) (h2  out of bounds)
WARNING: One of the h2's was out of bounds.
This usually indicates a data-munging error or that h2 or N is low.

Computing rg for phenotype 33/68
Reading summary statistics from ../output_sumstats/output_pmid27989323_IL18_eur.sumstats.gz ...
Read summary statistics for 1217311 SNPs.
After merging with summary statistics, 451961 SNPs remain.
146119 SNPs with valid alleles.
WARNING: number of SNPs less than 200k; this is almost always bad.
ERROR computing rg for phenotype 33/68, from file ../output_sumstats/output_pmid27989323_IL18_eur.sumstats.gz.
Traceback (most recent call last):
  File "/Users/as/Documents/UNI/Bioinformatik/2023:24_WS/GoBi_Lokal/BlockTeil_Metabolomics/ldsc/ldscore/sumstats.py", line 410, in estimate_rg
    rghat = _rg(loop, args, log, M_annot, ref_ld_cnames, w_ld_cname, i)
  File "/Users/as/Documents/UNI/Bioinformatik/2023:24_WS/GoBi_Lokal/BlockTeil_Metabolomics/ldsc/ldscore/sumstats.py", line 539, in _rg
    intercept_gencov=intercepts[2], n_blocks=n_blocks, twostep=args.two_step)
  File "/Users/as/Documents/UNI/Bioinformatik/2023:24_WS/GoBi_Lokal/BlockTeil_Metabolomics/ldsc/ldscore/regressions.py", line 705, in __init__
    np.multiply(hsq1.tot_delete_values, hsq2.tot_delete_values))
FloatingPointError: invalid value encountered in sqrt


Computing rg for phenotype 34/68
Reading summary statistics from ../output_sumstats/output_pmid27989323_IL1ra_eur.sumstats.gz ...
Read summary statistics for 1217311 SNPs.
After merging with summary statistics, 451961 SNPs remain.
449994 SNPs with valid alleles.

Heritability of phenotype 34/68
-------------------------------
Total Observed scale h2: -0.0134 (0.1416)
Lambda GC: 1.0105
Mean Chi^2: 1.0084
Intercept: 1.0092 (0.0086)
Ratio: 1.1026 (1.0269)

Genetic Covariance
------------------
Total Observed scale gencov: 0.0156 (0.038)
Mean z1*z2: 0.0012
Intercept: -0.0016 (0.0062)

Genetic Correlation
-------------------
Genetic Correlation: nan (nan) (h2  out of bounds) 
Z-score: nan (nan) (h2  out of bounds)
P: nan (nan) (h2  out of bounds)
WARNING: One of the h2's was out of bounds.
This usually indicates a data-munging error or that h2 or N is low.

Computing rg for phenotype 35/68
Reading summary statistics from ../output_sumstats/output_pmid27989323_IL2_eur.sumstats.gz ...
Read summary statistics for 1217311 SNPs.
After merging with summary statistics, 451961 SNPs remain.
449903 SNPs with valid alleles.

Heritability of phenotype 35/68
-------------------------------
Total Observed scale h2: -0.0127 (0.1375)
Lambda GC: 1.0135
Mean Chi^2: 1.0086
Intercept: 1.0094 (0.0078)
Ratio: 1.0901 (0.9038)

Genetic Covariance
------------------
Total Observed scale gencov: 0.0071 (0.0366)
Mean z1*z2: 0.0023
Intercept: 0.0011 (0.0054)

Genetic Correlation
-------------------
Genetic Correlation: nan (nan) (h2  out of bounds) 
Z-score: nan (nan) (h2  out of bounds)
P: nan (nan) (h2  out of bounds)
WARNING: One of the h2's was out of bounds.
This usually indicates a data-munging error or that h2 or N is low.

Computing rg for phenotype 36/68
Reading summary statistics from ../output_sumstats/output_pmid27989323_IL2ra_eur.sumstats.gz ...
Read summary statistics for 1217311 SNPs.
After merging with summary statistics, 451961 SNPs remain.
449978 SNPs with valid alleles.
ERROR computing rg for phenotype 36/68, from file ../output_sumstats/output_pmid27989323_IL2ra_eur.sumstats.gz.
Traceback (most recent call last):
  File "/Users/as/Documents/UNI/Bioinformatik/2023:24_WS/GoBi_Lokal/BlockTeil_Metabolomics/ldsc/ldscore/sumstats.py", line 410, in estimate_rg
    rghat = _rg(loop, args, log, M_annot, ref_ld_cnames, w_ld_cname, i)
  File "/Users/as/Documents/UNI/Bioinformatik/2023:24_WS/GoBi_Lokal/BlockTeil_Metabolomics/ldsc/ldscore/sumstats.py", line 539, in _rg
    intercept_gencov=intercepts[2], n_blocks=n_blocks, twostep=args.two_step)
  File "/Users/as/Documents/UNI/Bioinformatik/2023:24_WS/GoBi_Lokal/BlockTeil_Metabolomics/ldsc/ldscore/regressions.py", line 705, in __init__
    np.multiply(hsq1.tot_delete_values, hsq2.tot_delete_values))
FloatingPointError: invalid value encountered in sqrt


Computing rg for phenotype 37/68
Reading summary statistics from ../output_sumstats/output_pmid27989323_IL4_eur.sumstats.gz ...
Read summary statistics for 1217311 SNPs.
After merging with summary statistics, 451961 SNPs remain.
449739 SNPs with valid alleles.

Heritability of phenotype 37/68
-------------------------------
Total Observed scale h2: -0.1445 (0.0639)
Lambda GC: 1.0016
Mean Chi^2: 1.0022
Intercept: 1.0229 (0.0086)
Ratio: 10.2486 (3.8441)

Genetic Covariance
------------------
Total Observed scale gencov: -0.0163 (0.0253)
Mean z1*z2: 0.0029
Intercept: 0.0072 (0.0055)

Genetic Correlation
-------------------
Genetic Correlation: nan (nan) (h2  out of bounds) 
Z-score: nan (nan) (h2  out of bounds)
P: nan (nan) (h2  out of bounds)
WARNING: One of the h2's was out of bounds.
This usually indicates a data-munging error or that h2 or N is low.

Computing rg for phenotype 38/68
Reading summary statistics from ../output_sumstats/output_pmid27989323_IL5_eur.sumstats.gz ...
Read summary statistics for 1217311 SNPs.
After merging with summary statistics, 451961 SNPs remain.
449237 SNPs with valid alleles.

Heritability of phenotype 38/68
-------------------------------
Total Observed scale h2: -0.0629 (0.1551)
Lambda GC: 1.0105
Mean Chi^2: 1.0034
Intercept: 1.0072 (0.0087)
Ratio: 2.0911 (2.5386)

Genetic Covariance
------------------
Total Observed scale gencov: 0.0168 (0.041)
Mean z1*z2: 0.0015
Intercept: -0.0014 (0.0058)

Genetic Correlation
-------------------
Genetic Correlation: nan (nan) (h2  out of bounds) 
Z-score: nan (nan) (h2  out of bounds)
P: nan (nan) (h2  out of bounds)
WARNING: One of the h2's was out of bounds.
This usually indicates a data-munging error or that h2 or N is low.

Computing rg for phenotype 39/68
Reading summary statistics from ../output_sumstats/output_pmid27989323_IL6_eur.sumstats.gz ...
Read summary statistics for 1217311 SNPs.
After merging with summary statistics, 451961 SNPs remain.
449881 SNPs with valid alleles.

Heritability of phenotype 39/68
-------------------------------
Total Observed scale h2: -0.0835 (0.065)
Lambda GC: 1.0105
Mean Chi^2: 1.0065
Intercept: 1.0186 (0.0086)
Ratio: 2.8506 (1.318)

Genetic Covariance
------------------
Total Observed scale gencov: -0.0523 (0.0256)
Mean z1*z2: -0.0013
Intercept: 0.0123 (0.0055)

Genetic Correlation
-------------------
Genetic Correlation: nan (nan) (h2  out of bounds) 
Z-score: nan (nan) (h2  out of bounds)
P: nan (nan) (h2  out of bounds)
WARNING: One of the h2's was out of bounds.
This usually indicates a data-munging error or that h2 or N is low.

Computing rg for phenotype 40/68
Reading summary statistics from ../output_sumstats/output_pmid27989323_IL7_eur.sumstats.gz ...
Read summary statistics for 1217311 SNPs.
After merging with summary statistics, 451961 SNPs remain.
449904 SNPs with valid alleles.

Heritability of phenotype 40/68
-------------------------------
Total Observed scale h2: -0.022 (0.1747)
Lambda GC: 1.0075
Mean Chi^2: 1.0109
Intercept: 1.0122 (0.0114)
Ratio: 1.1215 (1.0517)

Genetic Covariance
------------------
Total Observed scale gencov: 0.003 (0.0437)
Mean z1*z2: -0.0045
Intercept: -0.0053 (0.0063)

Genetic Correlation
-------------------
Genetic Correlation: nan (nan) (h2  out of bounds) 
Z-score: nan (nan) (h2  out of bounds)
P: nan (nan) (h2  out of bounds)
WARNING: One of the h2's was out of bounds.
This usually indicates a data-munging error or that h2 or N is low.

Computing rg for phenotype 41/68
Reading summary statistics from ../output_sumstats/output_pmid27989323_IL8_eur.sumstats.gz ...
Read summary statistics for 1217311 SNPs.
After merging with summary statistics, 451961 SNPs remain.
449640 SNPs with valid alleles.
ERROR computing rg for phenotype 41/68, from file ../output_sumstats/output_pmid27989323_IL8_eur.sumstats.gz.
Traceback (most recent call last):
  File "/Users/as/Documents/UNI/Bioinformatik/2023:24_WS/GoBi_Lokal/BlockTeil_Metabolomics/ldsc/ldscore/sumstats.py", line 410, in estimate_rg
    rghat = _rg(loop, args, log, M_annot, ref_ld_cnames, w_ld_cname, i)
  File "/Users/as/Documents/UNI/Bioinformatik/2023:24_WS/GoBi_Lokal/BlockTeil_Metabolomics/ldsc/ldscore/sumstats.py", line 539, in _rg
    intercept_gencov=intercepts[2], n_blocks=n_blocks, twostep=args.two_step)
  File "/Users/as/Documents/UNI/Bioinformatik/2023:24_WS/GoBi_Lokal/BlockTeil_Metabolomics/ldsc/ldscore/regressions.py", line 705, in __init__
    np.multiply(hsq1.tot_delete_values, hsq2.tot_delete_values))
FloatingPointError: invalid value encountered in sqrt


Computing rg for phenotype 42/68
Reading summary statistics from ../output_sumstats/output_pmid27989323_IL9_eur.sumstats.gz ...
Read summary statistics for 1217311 SNPs.
After merging with summary statistics, 451961 SNPs remain.
449948 SNPs with valid alleles.

Heritability of phenotype 42/68
-------------------------------
Total Observed scale h2: -0.0519 (0.1412)
Lambda GC: 1.0105
Mean Chi^2: 1.0025
Intercept: 1.0059 (0.0075)
Ratio: 2.3152 (2.9777)

Genetic Covariance
------------------
Total Observed scale gencov: 0.002 (0.0369)
Mean z1*z2: -0.0005
Intercept: -0.0007 (0.006)

Genetic Correlation
-------------------
Genetic Correlation: nan (nan) (h2  out of bounds) 
Z-score: nan (nan) (h2  out of bounds)
P: nan (nan) (h2  out of bounds)
WARNING: One of the h2's was out of bounds.
This usually indicates a data-munging error or that h2 or N is low.

Computing rg for phenotype 43/68
Reading summary statistics from ../output_sumstats/output_pmid27989323_MCP1_eur.sumstats.gz ...
Read summary statistics for 1217311 SNPs.
After merging with summary statistics, 451961 SNPs remain.
449863 SNPs with valid alleles.

Heritability of phenotype 43/68
-------------------------------
Total Observed scale h2: 0.1672 (0.0816)
Lambda GC: 1.0135
Mean Chi^2: 1.0187
Intercept: 0.9943 (0.0086)
Ratio < 0 (usually indicates GC correction).

Genetic Covariance
------------------
Total Observed scale gencov: -0.0203 (0.0269)
Mean z1*z2: -0.0029
Intercept: 0.0023 (0.0059)

Genetic Correlation
-------------------
Genetic Correlation: -0.2052 (0.2828)
Z-score: -0.7257
P: 0.468

Computing rg for phenotype 44/68
Reading summary statistics from ../output_sumstats/output_pmid27989323_MCP3_eur.sumstats.gz ...
Read summary statistics for 1217311 SNPs.
After merging with summary statistics, 451961 SNPs remain.
443871 SNPs with valid alleles.

Heritability of phenotype 44/68
-------------------------------
Total Observed scale h2: -0.7412 (0.6218)
Lambda GC: 0.9957
Mean Chi^2: 0.9981
Intercept: 1.0092 (0.0088)
Ratio: NA (mean chi^2 < 1)

Genetic Covariance
------------------
Total Observed scale gencov: -0.0253 (0.0784)
Mean z1*z2: 0.0017
Intercept: 0.0041 (0.006)

Genetic Correlation
-------------------
Genetic Correlation: nan (nan) (h2  out of bounds) 
Z-score: nan (nan) (h2  out of bounds)
P: nan (nan) (h2  out of bounds)
WARNING: One of the h2's was out of bounds.
This usually indicates a data-munging error or that h2 or N is low.

Computing rg for phenotype 45/68
Reading summary statistics from ../output_sumstats/output_pmid27989323_MCSF_eur.sumstats.gz ...
Read summary statistics for 1217311 SNPs.
After merging with summary statistics, 451961 SNPs remain.
450013 SNPs with valid alleles.

Heritability of phenotype 45/68
-------------------------------
Total Observed scale h2: 0.2265 (0.5863)
Lambda GC: 0.9927
Mean Chi^2: 0.9904
Intercept: 0.987 (0.0078)
Ratio: NA (mean chi^2 < 1)

Genetic Covariance
------------------
Total Observed scale gencov: 0.0074 (0.0808)
Mean z1*z2: 0.0009
Intercept: 0.0003 (0.005)

Genetic Correlation
-------------------
Genetic Correlation: 0.064 (0.7269)
Z-score: 0.088
P: 0.9299

Computing rg for phenotype 46/68
Reading summary statistics from ../output_sumstats/output_pmid27989323_MIF_eur.sumstats.gz ...
Read summary statistics for 1217311 SNPs.
After merging with summary statistics, 451961 SNPs remain.
450042 SNPs with valid alleles.

Heritability of phenotype 46/68
-------------------------------
Total Observed scale h2: 0.0946 (0.1481)
Lambda GC: 1.0046
Mean Chi^2: 1.0112
Intercept: 1.0053 (0.0081)
Ratio: 0.4779 (0.7232)

Genetic Covariance
------------------
Total Observed scale gencov: -0.0031 (0.036)
Mean z1*z2: 0.0017
Intercept: 0.0022 (0.0052)

Genetic Correlation
-------------------
Genetic Correlation: -0.0415 (0.4988)
Z-score: -0.0832
P: 0.9337

Computing rg for phenotype 47/68
Reading summary statistics from ../output_sumstats/output_pmid27989323_MIG_eur.sumstats.gz ...
Read summary statistics for 1217311 SNPs.
After merging with summary statistics, 451961 SNPs remain.
449893 SNPs with valid alleles.

Heritability of phenotype 47/68
-------------------------------
Total Observed scale h2: -0.2344 (0.1431)
Lambda GC: 1.0016
Mean Chi^2: 1.0011
Intercept: 1.0164 (0.0089)
Ratio: 14.5036 (7.9134)

Genetic Covariance
------------------
Total Observed scale gencov: -0.0447 (0.0366)
Mean z1*z2: 0.0033
Intercept: 0.0112 (0.0055)

Genetic Correlation
-------------------
Genetic Correlation: nan (nan) (h2  out of bounds) 
Z-score: nan (nan) (h2  out of bounds)
P: nan (nan) (h2  out of bounds)
WARNING: One of the h2's was out of bounds.
This usually indicates a data-munging error or that h2 or N is low.

Computing rg for phenotype 48/68
Reading summary statistics from ../output_sumstats/output_pmid27989323_MIP1a_eur.sumstats.gz ...
Read summary statistics for 1217311 SNPs.
After merging with summary statistics, 451961 SNPs remain.
449679 SNPs with valid alleles.

Heritability of phenotype 48/68
-------------------------------
Total Observed scale h2: 0.0555 (0.1569)
Lambda GC: 1.0016
Mean Chi^2: 1.0025
Intercept: 0.9991 (0.0079)
Ratio < 0 (usually indicates GC correction).

Genetic Covariance
------------------
Total Observed scale gencov: -0.0166 (0.0364)
Mean z1*z2: 0.0022
Intercept: 0.0049 (0.0057)

Genetic Correlation
-------------------
Genetic Correlation: -0.2913 (1.014)
Z-score: -0.2873
P: 0.7739

Computing rg for phenotype 49/68
Reading summary statistics from ../output_sumstats/output_pmid27989323_MIP1b_eur.sumstats.gz ...
Read summary statistics for 1217311 SNPs.
After merging with summary statistics, 451961 SNPs remain.
449872 SNPs with valid alleles.
ERROR computing rg for phenotype 49/68, from file ../output_sumstats/output_pmid27989323_MIP1b_eur.sumstats.gz.
Traceback (most recent call last):
  File "/Users/as/Documents/UNI/Bioinformatik/2023:24_WS/GoBi_Lokal/BlockTeil_Metabolomics/ldsc/ldscore/sumstats.py", line 410, in estimate_rg
    rghat = _rg(loop, args, log, M_annot, ref_ld_cnames, w_ld_cname, i)
  File "/Users/as/Documents/UNI/Bioinformatik/2023:24_WS/GoBi_Lokal/BlockTeil_Metabolomics/ldsc/ldscore/sumstats.py", line 539, in _rg
    intercept_gencov=intercepts[2], n_blocks=n_blocks, twostep=args.two_step)
  File "/Users/as/Documents/UNI/Bioinformatik/2023:24_WS/GoBi_Lokal/BlockTeil_Metabolomics/ldsc/ldscore/regressions.py", line 705, in __init__
    np.multiply(hsq1.tot_delete_values, hsq2.tot_delete_values))
FloatingPointError: invalid value encountered in sqrt


Computing rg for phenotype 50/68
Reading summary statistics from ../output_sumstats/output_pmid27989323_PDGFbb_eur.sumstats.gz ...
Read summary statistics for 1217311 SNPs.
After merging with summary statistics, 451961 SNPs remain.
449913 SNPs with valid alleles.

Heritability of phenotype 50/68
-------------------------------
Total Observed scale h2: -0.0614 (0.0709)
Lambda GC: 1.0225
Mean Chi^2: 1.0228
Intercept: 1.0318 (0.0101)
Ratio: 1.3936 (0.4415)

Genetic Covariance
------------------
Total Observed scale gencov: -0.0114 (0.0256)
Mean z1*z2: 0.0042
Intercept: 0.0071 (0.006)

Genetic Correlation
-------------------
Genetic Correlation: nan (nan) (h2  out of bounds) 
Z-score: nan (nan) (h2  out of bounds)
P: nan (nan) (h2  out of bounds)
WARNING: One of the h2's was out of bounds.
This usually indicates a data-munging error or that h2 or N is low.

Computing rg for phenotype 51/68
Reading summary statistics from ../output_sumstats/output_pmid27989323_RANTES_eur.sumstats.gz ...
Read summary statistics for 1217311 SNPs.
After merging with summary statistics, 451961 SNPs remain.
449878 SNPs with valid alleles.

Heritability of phenotype 51/68
-------------------------------
Total Observed scale h2: 0.0622 (0.1455)
Lambda GC: 1.0046
Mean Chi^2: 1.0056
Intercept: 1.0018 (0.0081)
Ratio: 0.3264 (1.4495)

Genetic Covariance
------------------
Total Observed scale gencov: -0.0473 (0.0357)
Mean z1*z2: 0.0064
Intercept: 0.0143 (0.0054)

Genetic Correlation
-------------------
Genetic Correlation: -0.8025 (1.3036)
Z-score: -0.6156
P: 0.5381

Computing rg for phenotype 52/68
Reading summary statistics from ../output_sumstats/output_pmid27989323_SCF_eur.sumstats.gz ...
Read summary statistics for 1217311 SNPs.
After merging with summary statistics, 451961 SNPs remain.
449796 SNPs with valid alleles.

Heritability of phenotype 52/68
-------------------------------
Total Observed scale h2: -0.1017 (0.0652)
Lambda GC: 1.0075
Mean Chi^2: 1.0115
Intercept: 1.0264 (0.0088)
Ratio: 2.2902 (0.7658)

Genetic Covariance
------------------
Total Observed scale gencov: 0.0282 (0.0247)
Mean z1*z2: 0.0056
Intercept: -0.0017 (0.0054)

Genetic Correlation
-------------------
Genetic Correlation: nan (nan) (h2  out of bounds) 
Z-score: nan (nan) (h2  out of bounds)
P: nan (nan) (h2  out of bounds)
WARNING: One of the h2's was out of bounds.
This usually indicates a data-munging error or that h2 or N is low.

Computing rg for phenotype 53/68
Reading summary statistics from ../output_sumstats/output_pmid27989323_SCGFb_eur.sumstats.gz ...
Read summary statistics for 1217311 SNPs.
After merging with summary statistics, 451961 SNPs remain.
196864 SNPs with valid alleles.
WARNING: number of SNPs less than 200k; this is almost always bad.

Heritability of phenotype 53/68
-------------------------------
Total Observed scale h2: 0.2168 (0.1977)
Lambda GC: 1.0195
Mean Chi^2: 1.0218
Intercept: 1.0073 (0.0118)
Ratio: 0.3333 (0.5396)

Genetic Covariance
------------------
Total Observed scale gencov: 0.0616 (0.0506)
Mean z1*z2: 0.0129
Intercept: 0.0016 (0.0086)

Genetic Correlation
-------------------
Genetic Correlation: 0.5605 (0.5111)
Z-score: 1.0965
P: 0.2728

Computing rg for phenotype 54/68
Reading summary statistics from ../output_sumstats/output_pmid27989323_SDF1_eur.sumstats.gz ...
Read summary statistics for 1217311 SNPs.
After merging with summary statistics, 451961 SNPs remain.
449779 SNPs with valid alleles.

Heritability of phenotype 54/68
-------------------------------
Total Observed scale h2: -0.0554 (0.0903)
Lambda GC: 0.9927
Mean Chi^2: 0.9951
Intercept: 1.001 (0.0081)
Ratio: NA (mean chi^2 < 1)

Genetic Covariance
------------------
Total Observed scale gencov: -0.0115 (0.0266)
Mean z1*z2: 0.0011
Intercept: 0.0038 (0.0052)

Genetic Correlation
-------------------
Genetic Correlation: nan (nan) (h2  out of bounds) 
Z-score: nan (nan) (h2  out of bounds)
P: nan (nan) (h2  out of bounds)
WARNING: One of the h2's was out of bounds.
This usually indicates a data-munging error or that h2 or N is low.

Computing rg for phenotype 55/68
Reading summary statistics from ../output_sumstats/output_pmid27989323_TNFa_eur.sumstats.gz ...
Read summary statistics for 1217311 SNPs.
After merging with summary statistics, 451961 SNPs remain.
449768 SNPs with valid alleles.

Heritability of phenotype 55/68
-------------------------------
Total Observed scale h2: -0.0301 (0.1473)
Lambda GC: 0.9898
Mean Chi^2: 0.9935
Intercept: 0.9954 (0.0083)
Ratio: NA (mean chi^2 < 1)

Genetic Covariance
------------------
Total Observed scale gencov: 0.0077 (0.0346)
Mean z1*z2: 0.0014
Intercept: 5.1696e-05 (0.0057)

Genetic Correlation
-------------------
Genetic Correlation: nan (nan) (h2  out of bounds) 
Z-score: nan (nan) (h2  out of bounds)
P: nan (nan) (h2  out of bounds)
WARNING: One of the h2's was out of bounds.
This usually indicates a data-munging error or that h2 or N is low.

Computing rg for phenotype 56/68
Reading summary statistics from ../output_sumstats/output_pmid27989323_TNFb_eur.sumstats.gz ...
Read summary statistics for 1217311 SNPs.
After merging with summary statistics, 451961 SNPs remain.
421424 SNPs with valid alleles.

Heritability of phenotype 56/68
-------------------------------
Total Observed scale h2: -0.3899 (0.3584)
Lambda GC: 1.0105
Mean Chi^2: 1.0004
Intercept: 1.0114 (0.0089)
Ratio: 26.563 (20.6602)

Genetic Covariance
------------------
Total Observed scale gencov: -0.0284 (0.0609)
Mean z1*z2: 0.0004
Intercept: 0.0037 (0.0059)

Genetic Correlation
-------------------
Genetic Correlation: nan (nan) (h2  out of bounds) 
Z-score: nan (nan) (h2  out of bounds)
P: nan (nan) (h2  out of bounds)
WARNING: One of the h2's was out of bounds.
This usually indicates a data-munging error or that h2 or N is low.

Computing rg for phenotype 57/68
Reading summary statistics from ../output_sumstats/output_pmid27989323_TRAIL_eur.sumstats.gz ...
Read summary statistics for 1217311 SNPs.
After merging with summary statistics, 451961 SNPs remain.
449793 SNPs with valid alleles.

Heritability of phenotype 57/68
-------------------------------
Total Observed scale h2: -0.0254 (0.0656)
Lambda GC: 1.0225
Mean Chi^2: 1.0201
Intercept: 1.0237 (0.0108)
Ratio: 1.1824 (0.5356)

Genetic Covariance
------------------
Total Observed scale gencov: -0.0005 (0.024)
Mean z1*z2: 0.0036
Intercept: 0.0037 (0.0051)

Genetic Correlation
-------------------
Genetic Correlation: nan (nan) (h2  out of bounds) 
Z-score: nan (nan) (h2  out of bounds)
P: nan (nan) (h2  out of bounds)
WARNING: One of the h2's was out of bounds.
This usually indicates a data-munging error or that h2 or N is low.

Computing rg for phenotype 58/68
Reading summary statistics from ../output_sumstats/output_pmid27989323_bNGF_eur.sumstats.gz ...
Read summary statistics for 1217311 SNPs.
After merging with summary statistics, 451961 SNPs remain.
449781 SNPs with valid alleles.

Heritability of phenotype 58/68
-------------------------------
Total Observed scale h2: 0.152 (0.1624)
Lambda GC: 1.0105
Mean Chi^2: 1.0076
Intercept: 0.9981 (0.0084)
Ratio < 0 (usually indicates GC correction).

Genetic Covariance
------------------
Total Observed scale gencov: -0.0212 (0.0397)
Mean z1*z2: -0.0006
Intercept: 0.0032 (0.006)

Genetic Correlation
-------------------
Genetic Correlation: -0.2345 (0.446)
Z-score: -0.5257
P: 0.5991

Computing rg for phenotype 59/68
Reading summary statistics from ../output_sumstats/output_pmid27989323_eotaxin_eur.sumstats.gz ...
Read summary statistics for 1217311 SNPs.
After merging with summary statistics, 451961 SNPs remain.
449736 SNPs with valid alleles.

Heritability of phenotype 59/68
-------------------------------
Total Observed scale h2: 0.1063 (0.0772)
Lambda GC: 1.0105
Mean Chi^2: 1.0237
Intercept: 1.0085 (0.0093)
Ratio: 0.357 (0.3897)

Genetic Covariance
------------------
Total Observed scale gencov: -0.0462 (0.0255)
Mean z1*z2: -0.0005
Intercept: 0.0115 (0.0056)

Genetic Correlation
-------------------
Genetic Correlation: -0.5948 (0.4417)
Z-score: -1.3466
P: 0.1781

Computing rg for phenotype 60/68
Reading summary statistics from ../output_sumstats/output_pmid27989323_ip10_eur.sumstats.gz ...
Read summary statistics for 1217311 SNPs.
After merging with summary statistics, 451961 SNPs remain.
449902 SNPs with valid alleles.

Heritability of phenotype 60/68
-------------------------------
Total Observed scale h2: 0.1645 (0.1489)
Lambda GC: 1.0165
Mean Chi^2: 1.0135
Intercept: 1.0028 (0.0084)
Ratio: 0.2056 (0.6191)

Genetic Covariance
------------------
Total Observed scale gencov: -0.0047 (0.0355)
Mean z1*z2: 0.0054
Intercept: 0.0062 (0.0053)

Genetic Correlation
-------------------
Genetic Correlation: -0.0495 (0.3781)
Z-score: -0.131
P: 0.8957

Computing rg for phenotype 61/68
Reading summary statistics from ../output_sumstats/output_pmid29566793_ALS_eur.sumstats.gz ...
Read summary statistics for 1217311 SNPs.
After merging with summary statistics, 451961 SNPs remain.
450398 SNPs with valid alleles.

Heritability of phenotype 61/68
-------------------------------
Total Observed scale h2: 0.0268 (0.0075)
Lambda GC: 1.0496
Mean Chi^2: 1.0647
Intercept: 1.0261 (0.0084)
Ratio: 0.4035 (0.1295)

Genetic Covariance
------------------
Total Observed scale gencov: 0.0079 (0.009)
Mean z1*z2: 0.0447
Intercept: 0.0382 (0.0059)

Genetic Correlation
-------------------
Genetic Correlation: 0.2042 (0.2473)
Z-score: 0.8256
P: 0.409

Computing rg for phenotype 62/68
Reading summary statistics from ../output_sumstats/output_pmid29632382_T2d-BMIadj_eur.sumstats.gz ...
Read summary statistics for 1217311 SNPs.
After merging with summary statistics, 451961 SNPs remain.
13484 SNPs with valid alleles.
WARNING: number of SNPs less than 200k; this is almost always bad.

Heritability of phenotype 62/68
-------------------------------
Total Observed scale h2: 0.1274 (0.0388)
Lambda GC: 1.2431
Mean Chi^2: 1.899
Intercept: 0.9586 (0.1158)
Ratio < 0 (usually indicates GC correction).

Genetic Covariance
------------------
Total Observed scale gencov: 0.0174 (0.0204)
Mean z1*z2: 0.0449
Intercept: 0.008 (0.0339)

Genetic Correlation
-------------------
Genetic Correlation: 0.0745 (0.087)
Z-score: 0.8566
P: 0.3917

Computing rg for phenotype 63/68
Reading summary statistics from ../output_sumstats/output_pmid30054458_T2d_eur.sumstats.gz ...
Read summary statistics for 1217311 SNPs.
After merging with summary statistics, 451961 SNPs remain.
383858 SNPs with valid alleles.

Heritability of phenotype 63/68
-------------------------------
Total Observed scale h2: 0.0453 (0.003)
Lambda GC: 1.4387
Mean Chi^2: 1.6346
Intercept: 1.0654 (0.0218)
Ratio: 0.1031 (0.0343)

Genetic Covariance
------------------
Total Observed scale gencov: 0.0166 (0.005)
Mean z1*z2: 0.0468
Intercept: 0.0035 (0.0086)

Genetic Correlation
-------------------
Genetic Correlation: 0.3052 (0.1168)
Z-score: 2.6121
P: 0.009

Computing rg for phenotype 64/68
Reading summary statistics from ../output_sumstats/output_pmid33111402_PD_eur.sumstats.gz ...
Read summary statistics for 1217311 SNPs.
After merging with summary statistics, 451961 SNPs remain.
4238 SNPs with valid alleles.
WARNING: number of SNPs less than 200k; this is almost always bad.

Heritability of phenotype 64/68
-------------------------------
Total Observed scale h2: -2.2394 (1.3432)
Lambda GC: 0.9359
Mean Chi^2: 0.942
Intercept: 1.0512 (0.0738)
Ratio: NA (mean chi^2 < 1)

Genetic Covariance
------------------
Total Observed scale gencov: 0.3617 (0.3005)
Mean z1*z2: -0.0297
Intercept: -0.0845 (0.0483)

Genetic Correlation
-------------------
Genetic Correlation: nan (nan) (h2  out of bounds) 
Z-score: nan (nan) (h2  out of bounds)
P: nan (nan) (h2  out of bounds)
WARNING: One of the h2's was out of bounds.
This usually indicates a data-munging error or that h2 or N is low.

Computing rg for phenotype 65/68
Reading summary statistics from ../output_sumstats/output_pmid33310728_RA_eur.sumstats.gz ...
Read summary statistics for 1217311 SNPs.
After merging with summary statistics, 451961 SNPs remain.
449755 SNPs with valid alleles.

Heritability of phenotype 65/68
-------------------------------
Total Observed scale h2: 0.0343 (0.0037)
Lambda GC: 1.0557
Mean Chi^2: 1.1612
Intercept: 0.9748 (0.0131)
Ratio < 0 (usually indicates GC correction).

Genetic Covariance
------------------
Total Observed scale gencov: 0.0149 (0.0051)
Mean z1*z2: 0.0329
Intercept: 0.0088 (0.006)

Genetic Correlation
-------------------
Genetic Correlation: 0.3385 (0.132)
Z-score: 2.5647
P: 0.0103

Computing rg for phenotype 66/68
Reading summary statistics from ../output_sumstats/output_pmid33589841_LBD_eur.sumstats.gz ...
Read summary statistics for 1217311 SNPs.
After merging with summary statistics, 451961 SNPs remain.
415851 SNPs with valid alleles.

Heritability of phenotype 66/68
-------------------------------
Total Observed scale h2: 0.0848 (0.0942)
Lambda GC: 1.0165
Mean Chi^2: 1.0206
Intercept: 1.0106 (0.01)
Ratio: 0.5152 (0.4844)

Genetic Covariance
------------------
Total Observed scale gencov: 0.0262 (0.0308)
Mean z1*z2: 0.0112
Intercept: 0.0051 (0.0056)

Genetic Correlation
-------------------
Genetic Correlation: 0.4076 (0.5285)
Z-score: 0.7713
P: 0.4405

Computing rg for phenotype 67/68
Reading summary statistics from ../output_sumstats/output_pmid33987465_PD_eur.sumstats.gz ...
Read summary statistics for 1217311 SNPs.
After merging with summary statistics, 451961 SNPs remain.
451071 SNPs with valid alleles.

Heritability of phenotype 67/68
-------------------------------
Total Observed scale h2: 0.2766 (0.1642)
Lambda GC: 1.0016
Mean Chi^2: 1.0057
Intercept: 0.992 (0.0075)
Ratio < 0 (usually indicates GC correction).

Genetic Covariance
------------------
Total Observed scale gencov: 0.024 (0.0407)
Mean z1*z2: -0.0061
Intercept: -0.0097 (0.0057)

Genetic Correlation
-------------------
Genetic Correlation: 0.1915 (0.3516)
Z-score: 0.5447
P: 0.5859

Computing rg for phenotype 68/68
Reading summary statistics from ../output_sumstats/output_pmid34737426_APH_eur.sumstats.gz ...
Read summary statistics for 1217311 SNPs.
After merging with summary statistics, 451961 SNPs remain.
442324 SNPs with valid alleles.

Heritability of phenotype 68/68
-------------------------------
Total Observed scale h2: -0.0005 (0.001)
Lambda GC: 0.9927
Mean Chi^2: 0.9833
Intercept: 0.9872 (0.0065)
Ratio: NA (mean chi^2 < 1)

Genetic Covariance
------------------
Total Observed scale gencov: 0.0037 (0.0031)
Mean z1*z2: 0.0076
Intercept: 0.0004 (0.0053)

Genetic Correlation
-------------------
Genetic Correlation: nan (nan) (h2  out of bounds) 
Z-score: nan (nan) (h2  out of bounds)
P: nan (nan) (h2  out of bounds)
WARNING: One of the h2's was out of bounds.
This usually indicates a data-munging error or that h2 or N is low.


Summary of Genetic Correlation Results
                                                        p1                                                                      p2        rg         se          z          p     h2_obs  h2_obs_se  h2_int h2_int_se   gcov_int gcov_int_se
 ../output_sumstats/output_pmid21833088_MS_eur.sumstats.gz               ../output_sumstats/output_pmid21833088_MS_eur.sumstats.gz         1  4.532e-05  2.207e+04          0    0.05577     0.0284   1.059  0.008976      1.059    0.008976
 ../output_sumstats/output_pmid21833088_MS_eur.sumstats.gz               ../output_sumstats/output_pmid24076602_MS_eur.sumstats.gz     1.019    0.05411      18.84  3.892e-79      1.378     0.2126   1.057    0.0892     0.1829     0.06602
 ../output_sumstats/output_pmid21833088_MS_eur.sumstats.gz  ../output_sumstats/output_pmid24816252_acetylcarnitine_eur.sumstats.gz        NA         NA         NA         NA    -0.2772    0.06861   1.017   0.00707  -0.001989    0.006009
 ../output_sumstats/output_pmid21833088_MS_eur.sumstats.gz          ../output_sumstats/output_pmid24816252_alanine_eur.sumstats.gz   0.09494     0.1454     0.6531     0.5137     0.5836    0.07842   1.024  0.008048   -0.01019     0.00565
 ../output_sumstats/output_pmid21833088_MS_eur.sumstats.gz         ../output_sumstats/output_pmid24816252_arginine_eur.sumstats.gz   -0.6098     0.9854    -0.6188     0.5361    0.02863    0.06781   1.042  0.008114   0.003195    0.004936
 ../output_sumstats/output_pmid21833088_MS_eur.sumstats.gz       ../output_sumstats/output_pmid24816252_asparagine_eur.sumstats.gz   -0.0226      0.145    -0.1559     0.8761     0.4915    0.08993   1.039   0.01113  -0.002974    0.005079
 ../output_sumstats/output_pmid21833088_MS_eur.sumstats.gz      ../output_sumstats/output_pmid24816252_cholesterol_eur.sumstats.gz        NA         NA         NA         NA  -0.004943    0.07401   1.059  0.007674  1.097e-05    0.005599
 ../output_sumstats/output_pmid21833088_MS_eur.sumstats.gz          ../output_sumstats/output_pmid24816252_citrate_eur.sumstats.gz   0.07818       0.17     0.4599     0.6456     0.4163    0.09006   1.081  0.009512 -8.615e-05    0.006178
 ../output_sumstats/output_pmid21833088_MS_eur.sumstats.gz        ../output_sumstats/output_pmid24816252_glutamate_eur.sumstats.gz   -0.2443     0.2094     -1.167     0.2434     0.1982    0.06394  0.9247  0.007113   0.006072    0.005561
 ../output_sumstats/output_pmid21833088_MS_eur.sumstats.gz         ../output_sumstats/output_pmid24816252_glycerol_eur.sumstats.gz        NA         NA         NA         NA    -0.2192    0.06377   1.016  0.007765  -0.003709    0.005675
 ../output_sumstats/output_pmid21833088_MS_eur.sumstats.gz        ../output_sumstats/output_pmid24816252_histidine_eur.sumstats.gz   -0.1264     0.1201     -1.053     0.2925     0.5538    0.06369  0.7439  0.006102  -0.003395    0.004674
 ../output_sumstats/output_pmid21833088_MS_eur.sumstats.gz       ../output_sumstats/output_pmid24816252_isoleucine_eur.sumstats.gz        NA         NA         NA         NA    -0.3558    0.06573   0.993   0.00757   0.003334    0.005051
 ../output_sumstats/output_pmid21833088_MS_eur.sumstats.gz    ../output_sumstats/output_pmid24816252_phenylalanine_eur.sumstats.gz   0.07454     0.1244     0.5991     0.5491     0.5075    0.05299   0.758  0.005939  -0.005787    0.004592
 ../output_sumstats/output_pmid21833088_MS_eur.sumstats.gz          ../output_sumstats/output_pmid24816252_proline_eur.sumstats.gz  -0.07105     0.1535    -0.4629     0.6434      0.411    0.08682   1.052   0.01067   0.004465    0.005533
 ../output_sumstats/output_pmid21833088_MS_eur.sumstats.gz         ../output_sumstats/output_pmid24816252_pyruvate_eur.sumstats.gz    0.1511     0.2356     0.6412     0.5214     0.1928    0.06561   1.004  0.007083  -0.009544    0.005709
 ../output_sumstats/output_pmid21833088_MS_eur.sumstats.gz        ../output_sumstats/output_pmid24816252_threonine_eur.sumstats.gz   -0.2574     0.8905    -0.2891     0.7725     0.0261    0.09034   1.005  0.007801   0.003523    0.005435
 ../output_sumstats/output_pmid21833088_MS_eur.sumstats.gz       ../output_sumstats/output_pmid24816252_tryptophan_eur.sumstats.gz -0.008095     0.1077   -0.07515     0.9401      1.096    0.08978   1.086   0.00933  0.0003547    0.005202
 ../output_sumstats/output_pmid21833088_MS_eur.sumstats.gz         ../output_sumstats/output_pmid24816252_tyrosine_eur.sumstats.gz   -0.1142      0.354    -0.3226      0.747    0.08425    0.07323   1.044  0.008112   0.002913    0.005555
 ../output_sumstats/output_pmid21833088_MS_eur.sumstats.gz             ../output_sumstats/output_pmid24816252_urea_eur.sumstats.gz        NA         NA         NA         NA    -0.1629    0.06371   1.014  0.007294 -0.0001932     0.00523
 ../output_sumstats/output_pmid21833088_MS_eur.sumstats.gz               ../output_sumstats/output_pmid27386562_MS_eur.sumstats.gz    -1.811     0.3788     -4.782  1.736e-06     0.2176     0.0511   1.074   0.01017    -0.1387    0.007645
 ../output_sumstats/output_pmid21833088_MS_eur.sumstats.gz              ../output_sumstats/output_pmid27455348_ALS_eur.sumstats.gz    0.3886     0.3366      1.154     0.2483      0.034    0.01425   1.006  0.007547    0.05327    0.006125
 ../output_sumstats/output_pmid21833088_MS_eur.sumstats.gz            ../output_sumstats/output_pmid27989323_CTACK_eur.sumstats.gz        NA         NA         NA         NA   -0.05744     0.1326   1.004  0.008476  0.0008441    0.005371
 ../output_sumstats/output_pmid21833088_MS_eur.sumstats.gz             ../output_sumstats/output_pmid27989323_GCSF_eur.sumstats.gz        NA         NA         NA         NA   -0.03511    0.06654   1.014  0.008603   -0.00165    0.005186
 ../output_sumstats/output_pmid21833088_MS_eur.sumstats.gz             ../output_sumstats/output_pmid27989323_GROa_eur.sumstats.gz        NA         NA         NA         NA     -51.59      34.44   1.598    0.7726    0.08549      0.4314
 ../output_sumstats/output_pmid21833088_MS_eur.sumstats.gz              ../output_sumstats/output_pmid27989323_HGF_eur.sumstats.gz        NA         NA         NA         NA         NA         NA      NA        NA         NA          NA
 ../output_sumstats/output_pmid21833088_MS_eur.sumstats.gz             ../output_sumstats/output_pmid27989323_IFNg_eur.sumstats.gz        NA         NA         NA         NA   -0.05799    0.06645   1.006  0.008096   0.006247    0.005677
 ../output_sumstats/output_pmid21833088_MS_eur.sumstats.gz             ../output_sumstats/output_pmid27989323_IL10_eur.sumstats.gz        NA         NA         NA         NA    -0.1089     0.1062   1.029   0.01797   0.004093    0.005652
 ../output_sumstats/output_pmid21833088_MS_eur.sumstats.gz          ../output_sumstats/output_pmid27989323_IL12p70_eur.sumstats.gz        NA         NA         NA         NA    -0.1067      0.147   1.046   0.02951     0.0102    0.006404
 ../output_sumstats/output_pmid21833088_MS_eur.sumstats.gz             ../output_sumstats/output_pmid27989323_IL13_eur.sumstats.gz        NA         NA         NA         NA    -0.1015     0.2224   1.016   0.01678  -0.002836    0.005936
 ../output_sumstats/output_pmid21833088_MS_eur.sumstats.gz             ../output_sumstats/output_pmid27989323_IL16_eur.sumstats.gz        NA         NA         NA         NA   -0.05674     0.1509  0.9932  0.008597   0.008365    0.005689
 ../output_sumstats/output_pmid21833088_MS_eur.sumstats.gz             ../output_sumstats/output_pmid27989323_IL17_eur.sumstats.gz        NA         NA         NA         NA     -2.951      2.087   1.486    0.1729   -0.07879      0.1361
 ../output_sumstats/output_pmid21833088_MS_eur.sumstats.gz             ../output_sumstats/output_pmid27989323_IL18_eur.sumstats.gz        NA         NA         NA         NA         NA         NA      NA        NA         NA          NA
 ../output_sumstats/output_pmid21833088_MS_eur.sumstats.gz            ../output_sumstats/output_pmid27989323_IL1ra_eur.sumstats.gz        NA         NA         NA         NA   -0.01338     0.1416   1.009  0.008601   -0.00158    0.006185
 ../output_sumstats/output_pmid21833088_MS_eur.sumstats.gz              ../output_sumstats/output_pmid27989323_IL2_eur.sumstats.gz        NA         NA         NA         NA   -0.01265     0.1375   1.009  0.007757   0.001135    0.005399
 ../output_sumstats/output_pmid21833088_MS_eur.sumstats.gz            ../output_sumstats/output_pmid27989323_IL2ra_eur.sumstats.gz        NA         NA         NA         NA         NA         NA      NA        NA         NA          NA
 ../output_sumstats/output_pmid21833088_MS_eur.sumstats.gz              ../output_sumstats/output_pmid27989323_IL4_eur.sumstats.gz        NA         NA         NA         NA    -0.1445    0.06392   1.023  0.008599   0.007197    0.005514
 ../output_sumstats/output_pmid21833088_MS_eur.sumstats.gz              ../output_sumstats/output_pmid27989323_IL5_eur.sumstats.gz        NA         NA         NA         NA   -0.06289     0.1551   1.007  0.008686    -0.0014    0.005819
 ../output_sumstats/output_pmid21833088_MS_eur.sumstats.gz              ../output_sumstats/output_pmid27989323_IL6_eur.sumstats.gz        NA         NA         NA         NA   -0.08352    0.06497   1.019  0.008586    0.01229    0.005458
 ../output_sumstats/output_pmid21833088_MS_eur.sumstats.gz              ../output_sumstats/output_pmid27989323_IL7_eur.sumstats.gz        NA         NA         NA         NA   -0.02196     0.1747   1.012   0.01145  -0.005346     0.00629
 ../output_sumstats/output_pmid21833088_MS_eur.sumstats.gz              ../output_sumstats/output_pmid27989323_IL8_eur.sumstats.gz        NA         NA         NA         NA         NA         NA      NA        NA         NA          NA
 ../output_sumstats/output_pmid21833088_MS_eur.sumstats.gz              ../output_sumstats/output_pmid27989323_IL9_eur.sumstats.gz        NA         NA         NA         NA   -0.05194     0.1412   1.006  0.007534  -0.000688    0.005985
 ../output_sumstats/output_pmid21833088_MS_eur.sumstats.gz             ../output_sumstats/output_pmid27989323_MCP1_eur.sumstats.gz   -0.2052     0.2828    -0.7257      0.468     0.1672    0.08164  0.9943   0.00865   0.002281     0.00589
 ../output_sumstats/output_pmid21833088_MS_eur.sumstats.gz             ../output_sumstats/output_pmid27989323_MCP3_eur.sumstats.gz        NA         NA         NA         NA    -0.7412     0.6218   1.009  0.008796   0.004081    0.005978
 ../output_sumstats/output_pmid21833088_MS_eur.sumstats.gz             ../output_sumstats/output_pmid27989323_MCSF_eur.sumstats.gz   0.06395     0.7269    0.08797     0.9299     0.2265     0.5863   0.987   0.00782  0.0003249    0.004952
 ../output_sumstats/output_pmid21833088_MS_eur.sumstats.gz              ../output_sumstats/output_pmid27989323_MIF_eur.sumstats.gz  -0.04148     0.4988   -0.08316     0.9337     0.0946     0.1481   1.005  0.008083   0.002234    0.005201
 ../output_sumstats/output_pmid21833088_MS_eur.sumstats.gz              ../output_sumstats/output_pmid27989323_MIG_eur.sumstats.gz        NA         NA         NA         NA    -0.2344     0.1431   1.016  0.008928    0.01115    0.005469
 ../output_sumstats/output_pmid21833088_MS_eur.sumstats.gz            ../output_sumstats/output_pmid27989323_MIP1a_eur.sumstats.gz   -0.2913      1.014    -0.2873     0.7739    0.05548     0.1569  0.9991  0.007947   0.004909    0.005739
 ../output_sumstats/output_pmid21833088_MS_eur.sumstats.gz            ../output_sumstats/output_pmid27989323_MIP1b_eur.sumstats.gz        NA         NA         NA         NA         NA         NA      NA        NA         NA          NA
 ../output_sumstats/output_pmid21833088_MS_eur.sumstats.gz           ../output_sumstats/output_pmid27989323_PDGFbb_eur.sumstats.gz        NA         NA         NA         NA   -0.06137    0.07094   1.032   0.01007   0.007129    0.005976
 ../output_sumstats/output_pmid21833088_MS_eur.sumstats.gz           ../output_sumstats/output_pmid27989323_RANTES_eur.sumstats.gz   -0.8025      1.304    -0.6156     0.5381    0.06215     0.1455   1.002  0.008128    0.01434    0.005395
 ../output_sumstats/output_pmid21833088_MS_eur.sumstats.gz              ../output_sumstats/output_pmid27989323_SCF_eur.sumstats.gz        NA         NA         NA         NA    -0.1017    0.06519   1.026  0.008816  -0.001671    0.005371
 ../output_sumstats/output_pmid21833088_MS_eur.sumstats.gz            ../output_sumstats/output_pmid27989323_SCGFb_eur.sumstats.gz    0.5605     0.5111      1.097     0.2728     0.2168     0.1977   1.007   0.01177   0.001606    0.008564
 ../output_sumstats/output_pmid21833088_MS_eur.sumstats.gz             ../output_sumstats/output_pmid27989323_SDF1_eur.sumstats.gz        NA         NA         NA         NA   -0.05543    0.09034   1.001  0.008107   0.003776    0.005223
 ../output_sumstats/output_pmid21833088_MS_eur.sumstats.gz             ../output_sumstats/output_pmid27989323_TNFa_eur.sumstats.gz        NA         NA         NA         NA   -0.03009     0.1473  0.9954  0.008304   5.17e-05    0.005712
 ../output_sumstats/output_pmid21833088_MS_eur.sumstats.gz             ../output_sumstats/output_pmid27989323_TNFb_eur.sumstats.gz        NA         NA         NA         NA    -0.3899     0.3584   1.011  0.008887   0.003677     0.00588
 ../output_sumstats/output_pmid21833088_MS_eur.sumstats.gz            ../output_sumstats/output_pmid27989323_TRAIL_eur.sumstats.gz        NA         NA         NA         NA   -0.02535    0.06555   1.024   0.01075   0.003702    0.005138
 ../output_sumstats/output_pmid21833088_MS_eur.sumstats.gz             ../output_sumstats/output_pmid27989323_bNGF_eur.sumstats.gz   -0.2345      0.446    -0.5257     0.5991      0.152     0.1624  0.9981   0.00839   0.003194    0.005951
 ../output_sumstats/output_pmid21833088_MS_eur.sumstats.gz          ../output_sumstats/output_pmid27989323_eotaxin_eur.sumstats.gz   -0.5948     0.4417     -1.347     0.1781     0.1063    0.07716   1.008  0.009254    0.01152     0.00562
 ../output_sumstats/output_pmid21833088_MS_eur.sumstats.gz             ../output_sumstats/output_pmid27989323_ip10_eur.sumstats.gz  -0.04955     0.3781     -0.131     0.8957     0.1645     0.1489   1.003  0.008357   0.006174    0.005299
 ../output_sumstats/output_pmid21833088_MS_eur.sumstats.gz              ../output_sumstats/output_pmid29566793_ALS_eur.sumstats.gz    0.2042     0.2473     0.8256      0.409    0.02682   0.007536   1.026  0.008376    0.03823    0.005939
 ../output_sumstats/output_pmid21833088_MS_eur.sumstats.gz       ../output_sumstats/output_pmid29632382_T2d-BMIadj_eur.sumstats.gz   0.07451    0.08698     0.8566     0.3917     0.1274    0.03879  0.9586    0.1158   0.008031     0.03388
 ../output_sumstats/output_pmid21833088_MS_eur.sumstats.gz              ../output_sumstats/output_pmid30054458_T2d_eur.sumstats.gz    0.3052     0.1168      2.612   0.008998    0.04533   0.003016   1.065   0.02177   0.003459     0.00861
 ../output_sumstats/output_pmid21833088_MS_eur.sumstats.gz               ../output_sumstats/output_pmid33111402_PD_eur.sumstats.gz        NA         NA         NA         NA     -2.239      1.343   1.051   0.07377   -0.08452     0.04831
 ../output_sumstats/output_pmid21833088_MS_eur.sumstats.gz               ../output_sumstats/output_pmid33310728_RA_eur.sumstats.gz    0.3385      0.132      2.565    0.01033    0.03427   0.003693  0.9748   0.01309   0.008797    0.006049
 ../output_sumstats/output_pmid21833088_MS_eur.sumstats.gz              ../output_sumstats/output_pmid33589841_LBD_eur.sumstats.gz    0.4076     0.5285     0.7713     0.4405     0.0848    0.09415   1.011  0.009971   0.005134    0.005581
 ../output_sumstats/output_pmid21833088_MS_eur.sumstats.gz               ../output_sumstats/output_pmid33987465_PD_eur.sumstats.gz    0.1915     0.3516     0.5447     0.5859     0.2766     0.1642   0.992  0.007547  -0.009695    0.005713
 ../output_sumstats/output_pmid21833088_MS_eur.sumstats.gz              ../output_sumstats/output_pmid34737426_APH_eur.sumstats.gz        NA         NA         NA         NA -0.0004779  0.0009716  0.9872  0.006455  0.0004396    0.005345

Analysis finished at Sat Feb 24 00:57:11 2024
Total time elapsed: 4.0m:46.81s
