*********************************************************************
* LD Score Regression (LDSC)
* Version 1.0.1
* (C) 2014-2019 Brendan Bulik-Sullivan and Hilary Finucane
* Broad Institute of MIT and Harvard / MIT Department of Mathematics
* GNU General Public License v3
*********************************************************************
Call: 
./ldsc.py \
--ref-ld-chr ../input_files/eur_w_ld_chr/ \
--out ../output_ld_regression/output_pmid24816252_pyruvate_eur_ldReg \
--rg ../output_sumstats/output_pmid24816252_pyruvate_eur.sumstats.gz,../output_sumstats/output_pmid24816252_pyruvate_eur.sumstats.gz,../output_sumstats/output_pmid21833088_MS_eur.sumstats.gz,../output_sumstats/output_pmid24076602_MS_eur.sumstats.gz,../output_sumstats/output_pmid24816252_acetylcarnitine_eur.sumstats.gz,../output_sumstats/output_pmid24816252_alanine_eur.sumstats.gz,../output_sumstats/output_pmid24816252_arginine_eur.sumstats.gz,../output_sumstats/output_pmid24816252_asparagine_eur.sumstats.gz,../output_sumstats/output_pmid24816252_cholesterol_eur.sumstats.gz,../output_sumstats/output_pmid24816252_citrate_eur.sumstats.gz,../output_sumstats/output_pmid24816252_glutamate_eur.sumstats.gz,../output_sumstats/output_pmid24816252_glycerol_eur.sumstats.gz,../output_sumstats/output_pmid24816252_histidine_eur.sumstats.gz,../output_sumstats/output_pmid24816252_isoleucine_eur.sumstats.gz,../output_sumstats/output_pmid24816252_phenylalanine_eur.sumstats.gz,../output_sumstats/output_pmid24816252_proline_eur.sumstats.gz,../output_sumstats/output_pmid24816252_threonine_eur.sumstats.gz,../output_sumstats/output_pmid24816252_tryptophan_eur.sumstats.gz,../output_sumstats/output_pmid24816252_tyrosine_eur.sumstats.gz,../output_sumstats/output_pmid24816252_urea_eur.sumstats.gz,../output_sumstats/output_pmid27386562_MS_eur.sumstats.gz,../output_sumstats/output_pmid27455348_ALS_eur.sumstats.gz,../output_sumstats/output_pmid27989323_CTACK_eur.sumstats.gz,../output_sumstats/output_pmid27989323_GCSF_eur.sumstats.gz,../output_sumstats/output_pmid27989323_GROa_eur.sumstats.gz,../output_sumstats/output_pmid27989323_HGF_eur.sumstats.gz,../output_sumstats/output_pmid27989323_IFNg_eur.sumstats.gz,../output_sumstats/output_pmid27989323_IL10_eur.sumstats.gz,../output_sumstats/output_pmid27989323_IL12p70_eur.sumstats.gz,../output_sumstats/output_pmid27989323_IL13_eur.sumstats.gz,../output_sumstats/output_pmid27989323_IL16_eur.sumstats.gz,../output_sumstats/output_pmid27989323_IL17_eur.sumstats.gz,../output_sumstats/output_pmid27989323_IL18_eur.sumstats.gz,../output_sumstats/output_pmid27989323_IL1ra_eur.sumstats.gz,../output_sumstats/output_pmid27989323_IL2_eur.sumstats.gz,../output_sumstats/output_pmid27989323_IL2ra_eur.sumstats.gz,../output_sumstats/output_pmid27989323_IL4_eur.sumstats.gz,../output_sumstats/output_pmid27989323_IL5_eur.sumstats.gz,../output_sumstats/output_pmid27989323_IL6_eur.sumstats.gz,../output_sumstats/output_pmid27989323_IL7_eur.sumstats.gz,../output_sumstats/output_pmid27989323_IL8_eur.sumstats.gz,../output_sumstats/output_pmid27989323_IL9_eur.sumstats.gz,../output_sumstats/output_pmid27989323_MCP1_eur.sumstats.gz,../output_sumstats/output_pmid27989323_MCP3_eur.sumstats.gz,../output_sumstats/output_pmid27989323_MCSF_eur.sumstats.gz,../output_sumstats/output_pmid27989323_MIF_eur.sumstats.gz,../output_sumstats/output_pmid27989323_MIG_eur.sumstats.gz,../output_sumstats/output_pmid27989323_MIP1a_eur.sumstats.gz,../output_sumstats/output_pmid27989323_MIP1b_eur.sumstats.gz,../output_sumstats/output_pmid27989323_PDGFbb_eur.sumstats.gz,../output_sumstats/output_pmid27989323_RANTES_eur.sumstats.gz,../output_sumstats/output_pmid27989323_SCF_eur.sumstats.gz,../output_sumstats/output_pmid27989323_SCGFb_eur.sumstats.gz,../output_sumstats/output_pmid27989323_SDF1_eur.sumstats.gz,../output_sumstats/output_pmid27989323_TNFa_eur.sumstats.gz,../output_sumstats/output_pmid27989323_TNFb_eur.sumstats.gz,../output_sumstats/output_pmid27989323_TRAIL_eur.sumstats.gz,../output_sumstats/output_pmid27989323_bNGF_eur.sumstats.gz,../output_sumstats/output_pmid27989323_eotaxin_eur.sumstats.gz,../output_sumstats/output_pmid27989323_ip10_eur.sumstats.gz,../output_sumstats/output_pmid29566793_ALS_eur.sumstats.gz,../output_sumstats/output_pmid29632382_T2d-BMIadj_eur.sumstats.gz,../output_sumstats/output_pmid30054458_T2d_eur.sumstats.gz,../output_sumstats/output_pmid33111402_PD_eur.sumstats.gz,../output_sumstats/output_pmid33310728_RA_eur.sumstats.gz,../output_sumstats/output_pmid33589841_LBD_eur.sumstats.gz,../output_sumstats/output_pmid33987465_PD_eur.sumstats.gz,../output_sumstats/output_pmid34737426_APH_eur.sumstats.gz \
--w-ld-chr ../input_files/eur_w_ld_chr/ 

Beginning analysis at Sat Feb 24 07:01:23 2024
Reading summary statistics from ../output_sumstats/output_pmid24816252_pyruvate_eur.sumstats.gz ...
Read summary statistics for 1033561 SNPs.
Reading reference panel LD Score from ../input_files/eur_w_ld_chr/[1-22] ... (ldscore_fromlist)
Read reference panel LD Scores for 1290028 SNPs.
Removing partitioned LD Scores with zero variance.
Reading regression weight LD Score from ../input_files/eur_w_ld_chr/[1-22] ... (ldscore_fromlist)
Read regression weight LD Scores for 1290028 SNPs.
After merging with reference panel LD, 1030075 SNPs remain.
After merging with regression SNP LD, 1030075 SNPs remain.
Computing rg for phenotype 2/68
Reading summary statistics from ../output_sumstats/output_pmid24816252_pyruvate_eur.sumstats.gz ...
Read summary statistics for 1217311 SNPs.
After merging with summary statistics, 1030075 SNPs remain.
1030075 SNPs with valid alleles.

Heritability of phenotype 1
---------------------------
Total Observed scale h2: 0.137 (0.0539)
Lambda GC: 1.0195
Mean Chi^2: 1.0204
Intercept: 1.001 (0.0056)
Ratio: 0.0501 (0.2761)

Heritability of phenotype 2/68
------------------------------
Total Observed scale h2: 0.137 (0.0539)
Lambda GC: 1.0195
Mean Chi^2: 1.0204
Intercept: 1.001 (0.0056)
Ratio: 0.0501 (0.2761)

Genetic Covariance
------------------
Total Observed scale gencov: 0.137 (0.0539)
Mean z1*z2: 1.0204
Intercept: 1.001 (0.0056)

Genetic Correlation
-------------------
Genetic Correlation: 1. (2.207e-05)
Z-score: 45311.6912
P: 0.

Computing rg for phenotype 3/68
Reading summary statistics from ../output_sumstats/output_pmid21833088_MS_eur.sumstats.gz ...
Read summary statistics for 1217311 SNPs.
After merging with summary statistics, 1030075 SNPs remain.
448189 SNPs with valid alleles.

Heritability of phenotype 3/68
------------------------------
Total Observed scale h2: 0.0653 (0.028)
Lambda GC: 1.0375
Mean Chi^2: 1.0848
Intercept: 1.0536 (0.009)
Ratio: 0.6317 (0.1064)

Genetic Covariance
------------------
Total Observed scale gencov: 0.0169 (0.0264)
Mean z1*z2: -0.0052
Intercept: -0.0095 (0.0057)

Genetic Correlation
-------------------
Genetic Correlation: 0.1511 (0.2356)
Z-score: 0.6412
P: 0.5214

Computing rg for phenotype 4/68
Reading summary statistics from ../output_sumstats/output_pmid24076602_MS_eur.sumstats.gz ...
Read summary statistics for 1217311 SNPs.
After merging with summary statistics, 1030075 SNPs remain.
44921 SNPs with valid alleles.
WARNING: number of SNPs less than 200k; this is almost always bad.
ERROR computing rg for phenotype 4/68, from file ../output_sumstats/output_pmid24076602_MS_eur.sumstats.gz.
Traceback (most recent call last):
  File "/Users/as/Documents/UNI/Bioinformatik/2023:24_WS/GoBi_Lokal/BlockTeil_Metabolomics/ldsc/ldscore/sumstats.py", line 410, in estimate_rg
    rghat = _rg(loop, args, log, M_annot, ref_ld_cnames, w_ld_cname, i)
  File "/Users/as/Documents/UNI/Bioinformatik/2023:24_WS/GoBi_Lokal/BlockTeil_Metabolomics/ldsc/ldscore/sumstats.py", line 539, in _rg
    intercept_gencov=intercepts[2], n_blocks=n_blocks, twostep=args.two_step)
  File "/Users/as/Documents/UNI/Bioinformatik/2023:24_WS/GoBi_Lokal/BlockTeil_Metabolomics/ldsc/ldscore/regressions.py", line 705, in __init__
    np.multiply(hsq1.tot_delete_values, hsq2.tot_delete_values))
FloatingPointError: invalid value encountered in sqrt


Computing rg for phenotype 5/68
Reading summary statistics from ../output_sumstats/output_pmid24816252_acetylcarnitine_eur.sumstats.gz ...
Read summary statistics for 1217311 SNPs.
After merging with summary statistics, 1030075 SNPs remain.
1030075 SNPs with valid alleles.

Heritability of phenotype 5/68
------------------------------
Total Observed scale h2: -0.2399 (0.0823)
Lambda GC: 0.9721
Mean Chi^2: 0.9856
Intercept: 1.0207 (0.0076)
Ratio: NA (mean chi^2 < 1)

Genetic Covariance
------------------
Total Observed scale gencov: -0.0281 (0.0404)
Mean z1*z2: 0.0246
Intercept: 0.0287 (0.0042)

Genetic Correlation
-------------------
Genetic Correlation: nan (nan) (h2  out of bounds) 
Z-score: nan (nan) (h2  out of bounds)
P: nan (nan) (h2  out of bounds)
WARNING: One of the h2's was out of bounds.
This usually indicates a data-munging error or that h2 or N is low.

Computing rg for phenotype 6/68
Reading summary statistics from ../output_sumstats/output_pmid24816252_alanine_eur.sumstats.gz ...
Read summary statistics for 1217311 SNPs.
After merging with summary statistics, 1030075 SNPs remain.
1030075 SNPs with valid alleles.

Heritability of phenotype 6/68
------------------------------
Total Observed scale h2: 0.5276 (0.0707)
Lambda GC: 1.0649
Mean Chi^2: 1.0877
Intercept: 1.0117 (0.0069)
Ratio: 0.1337 (0.0788)

Genetic Covariance
------------------
Total Observed scale gencov: 0.1664 (0.0482)
Mean z1*z2: 0.3824
Intercept: 0.3586 (0.0052)

Genetic Correlation
-------------------
Genetic Correlation: 0.6189 (0.1573)
Z-score: 3.9345
P: 8.3387e-05

Computing rg for phenotype 7/68
Reading summary statistics from ../output_sumstats/output_pmid24816252_arginine_eur.sumstats.gz ...
Read summary statistics for 1217311 SNPs.
After merging with summary statistics, 1030075 SNPs remain.
1030075 SNPs with valid alleles.

Heritability of phenotype 7/68
------------------------------
Total Observed scale h2: -0.006 (0.0636)
Lambda GC: 1.0255
Mean Chi^2: 1.0366
Intercept: 1.0374 (0.0073)
Ratio: 1.0212 (0.198)

Genetic Covariance
------------------
Total Observed scale gencov: 0.0786 (0.0421)
Mean z1*z2: -0.0704
Intercept: -0.0814 (0.0046)

Genetic Correlation
-------------------
Genetic Correlation: nan (nan) (h2  out of bounds) 
Z-score: nan (nan) (h2  out of bounds)
P: nan (nan) (h2  out of bounds)
WARNING: One of the h2's was out of bounds.
This usually indicates a data-munging error or that h2 or N is low.

Computing rg for phenotype 8/68
Reading summary statistics from ../output_sumstats/output_pmid24816252_asparagine_eur.sumstats.gz ...
Read summary statistics for 1217311 SNPs.
After merging with summary statistics, 1030075 SNPs remain.
1030075 SNPs with valid alleles.

Heritability of phenotype 8/68
------------------------------
Total Observed scale h2: 0.4987 (0.0662)
Lambda GC: 1.0679
Mean Chi^2: 1.0905
Intercept: 1.0188 (0.007)
Ratio: 0.2074 (0.0777)

Genetic Covariance
------------------
Total Observed scale gencov: 0.1063 (0.0441)
Mean z1*z2: 0.1393
Intercept: 0.1249 (0.0048)

Genetic Correlation
-------------------
Genetic Correlation: 0.4067 (0.1796)
Z-score: 2.2646
P: 0.0235

Computing rg for phenotype 9/68
Reading summary statistics from ../output_sumstats/output_pmid24816252_cholesterol_eur.sumstats.gz ...
Read summary statistics for 1217311 SNPs.
After merging with summary statistics, 1030075 SNPs remain.
1030075 SNPs with valid alleles.

Heritability of phenotype 9/68
------------------------------
Total Observed scale h2: 0.1371 (0.071)
Lambda GC: 1.0496
Mean Chi^2: 1.0636
Intercept: 1.0435 (0.0068)
Ratio: 0.684 (0.1063)

Genetic Covariance
------------------
Total Observed scale gencov: 0.0999 (0.04)
Mean z1*z2: 0.0492
Intercept: 0.0348 (0.0046)

Genetic Correlation
-------------------
Genetic Correlation: 0.729 (0.3464)
Z-score: 2.1044
P: 0.0353

Computing rg for phenotype 10/68
Reading summary statistics from ../output_sumstats/output_pmid24816252_citrate_eur.sumstats.gz ...
Read summary statistics for 1217311 SNPs.
After merging with summary statistics, 1030075 SNPs remain.
1030075 SNPs with valid alleles.

Heritability of phenotype 10/68
-------------------------------
Total Observed scale h2: 0.4515 (0.0776)
Lambda GC: 1.0957
Mean Chi^2: 1.1228
Intercept: 1.0588 (0.0078)
Ratio: 0.4791 (0.0635)

Genetic Covariance
------------------
Total Observed scale gencov: -0.0476 (0.0512)
Mean z1*z2: 0.0689
Intercept: 0.0759 (0.0049)

Genetic Correlation
-------------------
Genetic Correlation: -0.1913 (0.2164)
Z-score: -0.884
P: 0.3767

Computing rg for phenotype 11/68
Reading summary statistics from ../output_sumstats/output_pmid24816252_glutamate_eur.sumstats.gz ...
Read summary statistics for 1217311 SNPs.
After merging with summary statistics, 1030075 SNPs remain.
1030075 SNPs with valid alleles.

Heritability of phenotype 11/68
-------------------------------
Total Observed scale h2: 0.1583 (0.0573)
Lambda GC: 0.9576
Mean Chi^2: 0.9553
Intercept: 0.9325 (0.006)
Ratio: NA (mean chi^2 < 1)

Genetic Covariance
------------------
Total Observed scale gencov: 0.0515 (0.043)
Mean z1*z2: 0.1079
Intercept: 0.1006 (0.0046)

Genetic Correlation
-------------------
Genetic Correlation: 0.3496 (0.2942)
Z-score: 1.1885
P: 0.2346

Computing rg for phenotype 12/68
Reading summary statistics from ../output_sumstats/output_pmid24816252_glycerol_eur.sumstats.gz ...
Read summary statistics for 1217311 SNPs.
After merging with summary statistics, 1030075 SNPs remain.
1030075 SNPs with valid alleles.

Heritability of phenotype 12/68
-------------------------------
Total Observed scale h2: -0.1305 (0.0608)
Lambda GC: 0.9868
Mean Chi^2: 0.9976
Intercept: 1.0166 (0.007)
Ratio: NA (mean chi^2 < 1)

Genetic Covariance
------------------
Total Observed scale gencov: 0.046 (0.044)
Mean z1*z2: 0.1077
Intercept: 0.1009 (0.0047)

Genetic Correlation
-------------------
Genetic Correlation: nan (nan) (h2  out of bounds) 
Z-score: nan (nan) (h2  out of bounds)
P: nan (nan) (h2  out of bounds)
WARNING: One of the h2's was out of bounds.
This usually indicates a data-munging error or that h2 or N is low.

Computing rg for phenotype 13/68
Reading summary statistics from ../output_sumstats/output_pmid24816252_histidine_eur.sumstats.gz ...
Read summary statistics for 1217311 SNPs.
After merging with summary statistics, 1030075 SNPs remain.
1030075 SNPs with valid alleles.

Heritability of phenotype 13/68
-------------------------------
Total Observed scale h2: 0.4424 (0.072)
Lambda GC: 0.81
Mean Chi^2: 0.8189
Intercept: 0.757 (0.0063)
Ratio: NA (mean chi^2 < 1)

Genetic Covariance
------------------
Total Observed scale gencov: 0.0566 (0.0398)
Mean z1*z2: -0.0626
Intercept: -0.0709 (0.0043)

Genetic Correlation
-------------------
Genetic Correlation: 0.23 (0.1706)
Z-score: 1.3483
P: 0.1776

Computing rg for phenotype 14/68
Reading summary statistics from ../output_sumstats/output_pmid24816252_isoleucine_eur.sumstats.gz ...
Read summary statistics for 1217311 SNPs.
After merging with summary statistics, 1030075 SNPs remain.
1030075 SNPs with valid alleles.

Heritability of phenotype 14/68
-------------------------------
Total Observed scale h2: -0.2844 (0.0592)
Lambda GC: 0.9489
Mean Chi^2: 0.959
Intercept: 1.0007 (0.0063)
Ratio: NA (mean chi^2 < 1)

Genetic Covariance
------------------
Total Observed scale gencov: -0.001 (0.0414)
Mean z1*z2: 0.0329
Intercept: 0.0331 (0.004)

Genetic Correlation
-------------------
Genetic Correlation: nan (nan) (h2  out of bounds) 
Z-score: nan (nan) (h2  out of bounds)
P: nan (nan) (h2  out of bounds)
WARNING: One of the h2's was out of bounds.
This usually indicates a data-munging error or that h2 or N is low.

Computing rg for phenotype 15/68
Reading summary statistics from ../output_sumstats/output_pmid24816252_phenylalanine_eur.sumstats.gz ...
Read summary statistics for 1217311 SNPs.
After merging with summary statistics, 1030075 SNPs remain.
1030075 SNPs with valid alleles.

Heritability of phenotype 15/68
-------------------------------
Total Observed scale h2: 0.3394 (0.0447)
Lambda GC: 0.8207
Mean Chi^2: 0.8233
Intercept: 0.7761 (0.0052)
Ratio: NA (mean chi^2 < 1)

Genetic Covariance
------------------
Total Observed scale gencov: 0.0113 (0.0353)
Mean z1*z2: 0.0333
Intercept: 0.0319 (0.0033)

Genetic Correlation
-------------------
Genetic Correlation: 0.0523 (0.1649)
Z-score: 0.3174
P: 0.751

Computing rg for phenotype 16/68
Reading summary statistics from ../output_sumstats/output_pmid24816252_proline_eur.sumstats.gz ...
Read summary statistics for 1217311 SNPs.
After merging with summary statistics, 1030075 SNPs remain.
1030075 SNPs with valid alleles.

Heritability of phenotype 16/68
-------------------------------
Total Observed scale h2: 0.3879 (0.0883)
Lambda GC: 1.0679
Mean Chi^2: 1.0922
Intercept: 1.0361 (0.0122)
Ratio: 0.3913 (0.1319)

Genetic Covariance
------------------
Total Observed scale gencov: 0.0178 (0.0436)
Mean z1*z2: 0.0758
Intercept: 0.073 (0.0046)

Genetic Correlation
-------------------
Genetic Correlation: 0.0773 (0.1879)
Z-score: 0.411
P: 0.681

Computing rg for phenotype 17/68
Reading summary statistics from ../output_sumstats/output_pmid24816252_threonine_eur.sumstats.gz ...
Read summary statistics for 1217311 SNPs.
After merging with summary statistics, 1030075 SNPs remain.
1030075 SNPs with valid alleles.

Heritability of phenotype 17/68
-------------------------------
Total Observed scale h2: 0.054 (0.0827)
Lambda GC: 1.0016
Mean Chi^2: 1.0149
Intercept: 1.0087 (0.0065)
Ratio: 0.5851 (0.4401)

Genetic Covariance
------------------
Total Observed scale gencov: 0.0403 (0.048)
Mean z1*z2: -0.0592
Intercept: -0.0642 (0.0054)

Genetic Correlation
-------------------
Genetic Correlation: 0.4687 (0.7146)
Z-score: 0.6559
P: 0.5119

Computing rg for phenotype 18/68
Reading summary statistics from ../output_sumstats/output_pmid24816252_tryptophan_eur.sumstats.gz ...
Read summary statistics for 1217311 SNPs.
After merging with summary statistics, 1030075 SNPs remain.
1030075 SNPs with valid alleles.

Heritability of phenotype 18/68
-------------------------------
Total Observed scale h2: 0.9201 (0.0742)
Lambda GC: 1.0864
Mean Chi^2: 1.1811
Intercept: 1.0489 (0.0078)
Ratio: 0.2699 (0.0432)

Genetic Covariance
------------------
Total Observed scale gencov: 0.071 (0.0473)
Mean z1*z2: 0.0646
Intercept: 0.0552 (0.0049)

Genetic Correlation
-------------------
Genetic Correlation: 0.2001 (0.1374)
Z-score: 1.4561
P: 0.1454

Computing rg for phenotype 19/68
Reading summary statistics from ../output_sumstats/output_pmid24816252_tyrosine_eur.sumstats.gz ...
Read summary statistics for 1217311 SNPs.
After merging with summary statistics, 1030075 SNPs remain.
1030075 SNPs with valid alleles.

Heritability of phenotype 19/68
-------------------------------
Total Observed scale h2: 0.1747 (0.0734)
Lambda GC: 1.0466
Mean Chi^2: 1.0567
Intercept: 1.0312 (0.0073)
Ratio: 0.5513 (0.1295)

Genetic Covariance
------------------
Total Observed scale gencov: 0.0231 (0.0445)
Mean z1*z2: 0.0938
Intercept: 0.0903 (0.0051)

Genetic Correlation
-------------------
Genetic Correlation: 0.1496 (0.2836)
Z-score: 0.5276
P: 0.5978

Computing rg for phenotype 20/68
Reading summary statistics from ../output_sumstats/output_pmid24816252_urea_eur.sumstats.gz ...
Read summary statistics for 1217311 SNPs.
After merging with summary statistics, 1030075 SNPs remain.
1030075 SNPs with valid alleles.

Heritability of phenotype 20/68
-------------------------------
Total Observed scale h2: -0.0814 (0.0529)
Lambda GC: 0.9898
Mean Chi^2: 1.0011
Intercept: 1.0129 (0.0062)
Ratio: 12.0371 (5.8145)

Genetic Covariance
------------------
Total Observed scale gencov: -0.0871 (0.0401)
Mean z1*z2: 0.0188
Intercept: 0.0314 (0.0046)

Genetic Correlation
-------------------
Genetic Correlation: nan (nan) (h2  out of bounds) 
Z-score: nan (nan) (h2  out of bounds)
P: nan (nan) (h2  out of bounds)
WARNING: One of the h2's was out of bounds.
This usually indicates a data-munging error or that h2 or N is low.

Computing rg for phenotype 21/68
Reading summary statistics from ../output_sumstats/output_pmid27386562_MS_eur.sumstats.gz ...
Read summary statistics for 1217311 SNPs.
After merging with summary statistics, 1030075 SNPs remain.
1013618 SNPs with valid alleles.

Heritability of phenotype 21/68
-------------------------------
Total Observed scale h2: 0.2309 (0.0466)
Lambda GC: 1.1207
Mean Chi^2: 1.1405
Intercept: 1.0692 (0.0087)
Ratio: 0.4926 (0.0617)

Genetic Covariance
------------------
Total Observed scale gencov: -0.0037 (0.0313)
Mean z1*z2: -0.0038
Intercept: -0.0026 (0.0051)

Genetic Correlation
-------------------
Genetic Correlation: -0.0205 (0.1737)
Z-score: -0.118
P: 0.9061

Computing rg for phenotype 22/68
Reading summary statistics from ../output_sumstats/output_pmid27455348_ALS_eur.sumstats.gz ...
Read summary statistics for 1217311 SNPs.
After merging with summary statistics, 1030075 SNPs remain.
1022293 SNPs with valid alleles.

Heritability of phenotype 22/68
-------------------------------
Total Observed scale h2: 0.0414 (0.013)
Lambda GC: 1.0255
Mean Chi^2: 1.0313
Intercept: 1.0017 (0.0068)
Ratio: 0.0558 (0.2177)

Genetic Covariance
------------------
Total Observed scale gencov: -0.011 (0.0193)
Mean z1*z2: -0.0077
Intercept: -0.0044 (0.0047)

Genetic Correlation
-------------------
Genetic Correlation: -0.1423 (0.2519)
Z-score: -0.5648
P: 0.5722

Computing rg for phenotype 23/68
Reading summary statistics from ../output_sumstats/output_pmid27989323_CTACK_eur.sumstats.gz ...
Read summary statistics for 1217311 SNPs.
After merging with summary statistics, 1030075 SNPs remain.
1023065 SNPs with valid alleles.
ERROR computing rg for phenotype 23/68, from file ../output_sumstats/output_pmid27989323_CTACK_eur.sumstats.gz.
Traceback (most recent call last):
  File "/Users/as/Documents/UNI/Bioinformatik/2023:24_WS/GoBi_Lokal/BlockTeil_Metabolomics/ldsc/ldscore/sumstats.py", line 410, in estimate_rg
    rghat = _rg(loop, args, log, M_annot, ref_ld_cnames, w_ld_cname, i)
  File "/Users/as/Documents/UNI/Bioinformatik/2023:24_WS/GoBi_Lokal/BlockTeil_Metabolomics/ldsc/ldscore/sumstats.py", line 539, in _rg
    intercept_gencov=intercepts[2], n_blocks=n_blocks, twostep=args.two_step)
  File "/Users/as/Documents/UNI/Bioinformatik/2023:24_WS/GoBi_Lokal/BlockTeil_Metabolomics/ldsc/ldscore/regressions.py", line 705, in __init__
    np.multiply(hsq1.tot_delete_values, hsq2.tot_delete_values))
FloatingPointError: invalid value encountered in sqrt


Computing rg for phenotype 24/68
Reading summary statistics from ../output_sumstats/output_pmid27989323_GCSF_eur.sumstats.gz ...
Read summary statistics for 1217311 SNPs.
After merging with summary statistics, 1030075 SNPs remain.
1022980 SNPs with valid alleles.

Heritability of phenotype 24/68
-------------------------------
Total Observed scale h2: 0.0202 (0.0581)
Lambda GC: 1.0165
Mean Chi^2: 1.0111
Intercept: 1.0079 (0.0079)
Ratio: 0.7134 (0.7138)

Genetic Covariance
------------------
Total Observed scale gencov: 0.0169 (0.0403)
Mean z1*z2: -0.0014
Intercept: -0.004 (0.0045)

Genetic Correlation
-------------------
Genetic Correlation: 0.3049 (0.9758)
Z-score: 0.3124
P: 0.7547

Computing rg for phenotype 25/68
Reading summary statistics from ../output_sumstats/output_pmid27989323_GROa_eur.sumstats.gz ...
Read summary statistics for 1217311 SNPs.
After merging with summary statistics, 1030075 SNPs remain.
35 SNPs with valid alleles.
WARNING: number of SNPs less than 200k; this is almost always bad.

Heritability of phenotype 25/68
-------------------------------
Total Observed scale h2: -73.4871 (22.4436)
Lambda GC: 0.3275
Mean Chi^2: 0.5205
Intercept: 2.133 (0.5225)
Ratio: NA (mean chi^2 < 1)

Genetic Covariance
------------------
Total Observed scale gencov: 0.8481 (29.093)
Mean z1*z2: 0.3139
Intercept: 0.3056 (1.0049)

Genetic Correlation
-------------------
Genetic Correlation: nan (nan) (h2  out of bounds) 
Z-score: nan (nan) (h2  out of bounds)
P: nan (nan) (h2  out of bounds)
WARNING: One of the h2's was out of bounds.
This usually indicates a data-munging error or that h2 or N is low.

Computing rg for phenotype 26/68
Reading summary statistics from ../output_sumstats/output_pmid27989323_HGF_eur.sumstats.gz ...
Read summary statistics for 1217311 SNPs.
After merging with summary statistics, 1030075 SNPs remain.
1023003 SNPs with valid alleles.

Heritability of phenotype 26/68
-------------------------------
Total Observed scale h2: -0.0196 (0.0576)
Lambda GC: 1.0046
Mean Chi^2: 1.0061
Intercept: 1.0094 (0.008)
Ratio: 1.5278 (1.2948)

Genetic Covariance
------------------
Total Observed scale gencov: 0.0033 (0.0441)
Mean z1*z2: 0.0001
Intercept: -0.0005 (0.005)

Genetic Correlation
-------------------
Genetic Correlation: nan (nan) (h2  out of bounds) 
Z-score: nan (nan) (h2  out of bounds)
P: nan (nan) (h2  out of bounds)
WARNING: One of the h2's was out of bounds.
This usually indicates a data-munging error or that h2 or N is low.

Computing rg for phenotype 27/68
Reading summary statistics from ../output_sumstats/output_pmid27989323_IFNg_eur.sumstats.gz ...
Read summary statistics for 1217311 SNPs.
After merging with summary statistics, 1030075 SNPs remain.
1022955 SNPs with valid alleles.
ERROR computing rg for phenotype 27/68, from file ../output_sumstats/output_pmid27989323_IFNg_eur.sumstats.gz.
Traceback (most recent call last):
  File "/Users/as/Documents/UNI/Bioinformatik/2023:24_WS/GoBi_Lokal/BlockTeil_Metabolomics/ldsc/ldscore/sumstats.py", line 410, in estimate_rg
    rghat = _rg(loop, args, log, M_annot, ref_ld_cnames, w_ld_cname, i)
  File "/Users/as/Documents/UNI/Bioinformatik/2023:24_WS/GoBi_Lokal/BlockTeil_Metabolomics/ldsc/ldscore/sumstats.py", line 539, in _rg
    intercept_gencov=intercepts[2], n_blocks=n_blocks, twostep=args.two_step)
  File "/Users/as/Documents/UNI/Bioinformatik/2023:24_WS/GoBi_Lokal/BlockTeil_Metabolomics/ldsc/ldscore/regressions.py", line 705, in __init__
    np.multiply(hsq1.tot_delete_values, hsq2.tot_delete_values))
FloatingPointError: invalid value encountered in sqrt


Computing rg for phenotype 28/68
Reading summary statistics from ../output_sumstats/output_pmid27989323_IL10_eur.sumstats.gz ...
Read summary statistics for 1217311 SNPs.
After merging with summary statistics, 1030075 SNPs remain.
1023134 SNPs with valid alleles.

Heritability of phenotype 28/68
-------------------------------
Total Observed scale h2: -0.013 (0.0883)
Lambda GC: 1.0016
Mean Chi^2: 1.0164
Intercept: 1.0184 (0.0136)
Ratio: 1.1215 (0.8266)

Genetic Covariance
------------------
Total Observed scale gencov: -0.0089 (0.044)
Mean z1*z2: 0.0011
Intercept: 0.0023 (0.005)

Genetic Correlation
-------------------
Genetic Correlation: nan (nan) (h2  out of bounds) 
Z-score: nan (nan) (h2  out of bounds)
P: nan (nan) (h2  out of bounds)
WARNING: One of the h2's was out of bounds.
This usually indicates a data-munging error or that h2 or N is low.

Computing rg for phenotype 29/68
Reading summary statistics from ../output_sumstats/output_pmid27989323_IL12p70_eur.sumstats.gz ...
Read summary statistics for 1217311 SNPs.
After merging with summary statistics, 1030075 SNPs remain.
1022938 SNPs with valid alleles.

Heritability of phenotype 29/68
-------------------------------
Total Observed scale h2: -0.0307 (0.1141)
Lambda GC: 1.0255
Mean Chi^2: 1.031
Intercept: 1.036 (0.0229)
Ratio: 1.1631 (0.7401)

Genetic Covariance
------------------
Total Observed scale gencov: -0.0667 (0.043)
Mean z1*z2: -0.0067
Intercept: 0.0036 (0.0054)

Genetic Correlation
-------------------
Genetic Correlation: nan (nan) (h2  out of bounds) 
Z-score: nan (nan) (h2  out of bounds)
P: nan (nan) (h2  out of bounds)
WARNING: One of the h2's was out of bounds.
This usually indicates a data-munging error or that h2 or N is low.

Computing rg for phenotype 30/68
Reading summary statistics from ../output_sumstats/output_pmid27989323_IL13_eur.sumstats.gz ...
Read summary statistics for 1217311 SNPs.
After merging with summary statistics, 1030075 SNPs remain.
1022943 SNPs with valid alleles.

Heritability of phenotype 30/68
-------------------------------
Total Observed scale h2: -0.1681 (0.1663)
Lambda GC: 1.0046
Mean Chi^2: 1.0049
Intercept: 1.0168 (0.0128)
Ratio: 3.4308 (2.6205)

Genetic Covariance
------------------
Total Observed scale gencov: -0.0579 (0.0577)
Mean z1*z2: -0.0035
Intercept: 0.0024 (0.0045)

Genetic Correlation
-------------------
Genetic Correlation: nan (nan) (h2  out of bounds) 
Z-score: nan (nan) (h2  out of bounds)
P: nan (nan) (h2  out of bounds)
WARNING: One of the h2's was out of bounds.
This usually indicates a data-munging error or that h2 or N is low.

Computing rg for phenotype 31/68
Reading summary statistics from ../output_sumstats/output_pmid27989323_IL16_eur.sumstats.gz ...
Read summary statistics for 1217311 SNPs.
After merging with summary statistics, 1030075 SNPs remain.
1023090 SNPs with valid alleles.

Heritability of phenotype 31/68
-------------------------------
Total Observed scale h2: -0.0499 (0.1319)
Lambda GC: 0.9898
Mean Chi^2: 0.9898
Intercept: 0.9933 (0.0077)
Ratio: NA (mean chi^2 < 1)

Genetic Covariance
------------------
Total Observed scale gencov: 0.0163 (0.0693)
Mean z1*z2: -0.0024
Intercept: -0.004 (0.0049)

Genetic Correlation
-------------------
Genetic Correlation: nan (nan) (h2  out of bounds) 
Z-score: nan (nan) (h2  out of bounds)
P: nan (nan) (h2  out of bounds)
WARNING: One of the h2's was out of bounds.
This usually indicates a data-munging error or that h2 or N is low.

Computing rg for phenotype 32/68
Reading summary statistics from ../output_sumstats/output_pmid27989323_IL17_eur.sumstats.gz ...
Read summary statistics for 1217311 SNPs.
After merging with summary statistics, 1030075 SNPs remain.
1648 SNPs with valid alleles.
WARNING: number of SNPs less than 200k; this is almost always bad.

Heritability of phenotype 32/68
-------------------------------
Total Observed scale h2: -4.1071 (1.4819)
Lambda GC: 1.0557
Mean Chi^2: 1.152
Intercept: 1.499 (0.1364)
Ratio: 3.2818 (0.8973)

Genetic Covariance
------------------
Total Observed scale gencov: -1.8052 (0.8601)
Mean z1*z2: 0.0882
Intercept: 0.2356 (0.0803)

Genetic Correlation
-------------------
Genetic Correlation: nan (nan) (h2  out of bounds) 
Z-score: nan (nan) (h2  out of bounds)
P: nan (nan) (h2  out of bounds)
WARNING: One of the h2's was out of bounds.
This usually indicates a data-munging error or that h2 or N is low.

Computing rg for phenotype 33/68
Reading summary statistics from ../output_sumstats/output_pmid27989323_IL18_eur.sumstats.gz ...
Read summary statistics for 1217311 SNPs.
After merging with summary statistics, 1030075 SNPs remain.
340270 SNPs with valid alleles.
ERROR computing rg for phenotype 33/68, from file ../output_sumstats/output_pmid27989323_IL18_eur.sumstats.gz.
Traceback (most recent call last):
  File "/Users/as/Documents/UNI/Bioinformatik/2023:24_WS/GoBi_Lokal/BlockTeil_Metabolomics/ldsc/ldscore/sumstats.py", line 410, in estimate_rg
    rghat = _rg(loop, args, log, M_annot, ref_ld_cnames, w_ld_cname, i)
  File "/Users/as/Documents/UNI/Bioinformatik/2023:24_WS/GoBi_Lokal/BlockTeil_Metabolomics/ldsc/ldscore/sumstats.py", line 539, in _rg
    intercept_gencov=intercepts[2], n_blocks=n_blocks, twostep=args.two_step)
  File "/Users/as/Documents/UNI/Bioinformatik/2023:24_WS/GoBi_Lokal/BlockTeil_Metabolomics/ldsc/ldscore/regressions.py", line 705, in __init__
    np.multiply(hsq1.tot_delete_values, hsq2.tot_delete_values))
FloatingPointError: invalid value encountered in sqrt


Computing rg for phenotype 34/68
Reading summary statistics from ../output_sumstats/output_pmid27989323_IL1ra_eur.sumstats.gz ...
Read summary statistics for 1217311 SNPs.
After merging with summary statistics, 1030075 SNPs remain.
1023123 SNPs with valid alleles.

Heritability of phenotype 34/68
-------------------------------
Total Observed scale h2: 0.0491 (0.1362)
Lambda GC: 1.0105
Mean Chi^2: 1.0097
Intercept: 1.0062 (0.0084)
Ratio: 0.6378 (0.8614)

Genetic Covariance
------------------
Total Observed scale gencov: 0.0589 (0.0583)
Mean z1*z2: 0.0029
Intercept: -0.0031 (0.0044)

Genetic Correlation
-------------------
Genetic Correlation: 0.6769 (1.7794)
Z-score: 0.3804
P: 0.7036

Computing rg for phenotype 35/68
Reading summary statistics from ../output_sumstats/output_pmid27989323_IL2_eur.sumstats.gz ...
Read summary statistics for 1217311 SNPs.
After merging with summary statistics, 1030075 SNPs remain.
1022881 SNPs with valid alleles.

Heritability of phenotype 35/68
-------------------------------
Total Observed scale h2: -0.0456 (0.1333)
Lambda GC: 1.0165
Mean Chi^2: 1.0081
Intercept: 1.0113 (0.0079)
Ratio: 1.3884 (0.967)

Genetic Covariance
------------------
Total Observed scale gencov: 0.0008 (0.0603)
Mean z1*z2: -0.0032
Intercept: -0.0033 (0.0045)

Genetic Correlation
-------------------
Genetic Correlation: nan (nan) (h2  out of bounds) 
Z-score: nan (nan) (h2  out of bounds)
P: nan (nan) (h2  out of bounds)
WARNING: One of the h2's was out of bounds.
This usually indicates a data-munging error or that h2 or N is low.

Computing rg for phenotype 36/68
Reading summary statistics from ../output_sumstats/output_pmid27989323_IL2ra_eur.sumstats.gz ...
Read summary statistics for 1217311 SNPs.
After merging with summary statistics, 1030075 SNPs remain.
1023141 SNPs with valid alleles.

Heritability of phenotype 36/68
-------------------------------
Total Observed scale h2: 0.0247 (0.1174)
Lambda GC: 1.0105
Mean Chi^2: 1.0068
Intercept: 1.005 (0.0071)
Ratio: 0.7358 (1.0518)

Genetic Covariance
------------------
Total Observed scale gencov: -0.0144 (0.0567)
Mean z1*z2: -0.0046
Intercept: -0.0033 (0.0045)

Genetic Correlation
-------------------
Genetic Correlation: -0.2359 (1.6082)
Z-score: -0.1467
P: 0.8834

Computing rg for phenotype 37/68
Reading summary statistics from ../output_sumstats/output_pmid27989323_IL4_eur.sumstats.gz ...
Read summary statistics for 1217311 SNPs.
After merging with summary statistics, 1030075 SNPs remain.
1022835 SNPs with valid alleles.

Heritability of phenotype 37/68
-------------------------------
Total Observed scale h2: -0.0558 (0.0583)
Lambda GC: 1.0016
Mean Chi^2: 1.0037
Intercept: 1.0127 (0.0083)
Ratio: 3.4531 (2.25)

Genetic Covariance
------------------
Total Observed scale gencov: -0.0282 (0.0418)
Mean z1*z2: -0.0039
Intercept: 0.0004 (0.0044)

Genetic Correlation
-------------------
Genetic Correlation: nan (nan) (h2  out of bounds) 
Z-score: nan (nan) (h2  out of bounds)
P: nan (nan) (h2  out of bounds)
WARNING: One of the h2's was out of bounds.
This usually indicates a data-munging error or that h2 or N is low.

Computing rg for phenotype 38/68
Reading summary statistics from ../output_sumstats/output_pmid27989323_IL5_eur.sumstats.gz ...
Read summary statistics for 1217311 SNPs.
After merging with summary statistics, 1030075 SNPs remain.
1022034 SNPs with valid alleles.

Heritability of phenotype 38/68
-------------------------------
Total Observed scale h2: -0.1335 (0.14)
Lambda GC: 1.0105
Mean Chi^2: 1.0049
Intercept: 1.0139 (0.0084)
Ratio: 2.8341 (1.7103)

Genetic Covariance
------------------
Total Observed scale gencov: -0.069 (0.0639)
Mean z1*z2: -0.0034
Intercept: 0.0033 (0.0049)

Genetic Correlation
-------------------
Genetic Correlation: nan (nan) (h2  out of bounds) 
Z-score: nan (nan) (h2  out of bounds)
P: nan (nan) (h2  out of bounds)
WARNING: One of the h2's was out of bounds.
This usually indicates a data-munging error or that h2 or N is low.

Computing rg for phenotype 39/68
Reading summary statistics from ../output_sumstats/output_pmid27989323_IL6_eur.sumstats.gz ...
Read summary statistics for 1217311 SNPs.
After merging with summary statistics, 1030075 SNPs remain.
1023066 SNPs with valid alleles.

Heritability of phenotype 39/68
-------------------------------
Total Observed scale h2: -0.0079 (0.0573)
Lambda GC: 1.0135
Mean Chi^2: 1.0082
Intercept: 1.0095 (0.0074)
Ratio: 1.158 (0.9077)

Genetic Covariance
------------------
Total Observed scale gencov: -0.0443 (0.0411)
Mean z1*z2: -0.0049
Intercept: 0.0018 (0.0044)

Genetic Correlation
-------------------
Genetic Correlation: nan (nan) (h2  out of bounds) 
Z-score: nan (nan) (h2  out of bounds)
P: nan (nan) (h2  out of bounds)
WARNING: One of the h2's was out of bounds.
This usually indicates a data-munging error or that h2 or N is low.

Computing rg for phenotype 40/68
Reading summary statistics from ../output_sumstats/output_pmid27989323_IL7_eur.sumstats.gz ...
Read summary statistics for 1217311 SNPs.
After merging with summary statistics, 1030075 SNPs remain.
1023264 SNPs with valid alleles.

Heritability of phenotype 40/68
-------------------------------
Total Observed scale h2: -0.0387 (0.1478)
Lambda GC: 1.0075
Mean Chi^2: 1.0107
Intercept: 1.0134 (0.0095)
Ratio: 1.2449 (0.8833)

Genetic Covariance
------------------
Total Observed scale gencov: -0.0869 (0.0646)
Mean z1*z2: -0.0047
Intercept: 0.0037 (0.0047)

Genetic Correlation
-------------------
Genetic Correlation: nan (nan) (h2  out of bounds) 
Z-score: nan (nan) (h2  out of bounds)
P: nan (nan) (h2  out of bounds)
WARNING: One of the h2's was out of bounds.
This usually indicates a data-munging error or that h2 or N is low.

Computing rg for phenotype 41/68
Reading summary statistics from ../output_sumstats/output_pmid27989323_IL8_eur.sumstats.gz ...
Read summary statistics for 1217311 SNPs.
After merging with summary statistics, 1030075 SNPs remain.
1022610 SNPs with valid alleles.

Heritability of phenotype 41/68
-------------------------------
Total Observed scale h2: -0.0416 (0.1303)
Lambda GC: 1.0046
Mean Chi^2: 1.006
Intercept: 1.0089 (0.0074)
Ratio: 1.487 (1.2253)

Genetic Covariance
------------------
Total Observed scale gencov: -0.0298 (0.0589)
Mean z1*z2: -0.0047
Intercept: -0.0016 (0.0045)

Genetic Correlation
-------------------
Genetic Correlation: nan (nan) (h2  out of bounds) 
Z-score: nan (nan) (h2  out of bounds)
P: nan (nan) (h2  out of bounds)
WARNING: One of the h2's was out of bounds.
This usually indicates a data-munging error or that h2 or N is low.

Computing rg for phenotype 42/68
Reading summary statistics from ../output_sumstats/output_pmid27989323_IL9_eur.sumstats.gz ...
Read summary statistics for 1217311 SNPs.
After merging with summary statistics, 1030075 SNPs remain.
1023103 SNPs with valid alleles.

Heritability of phenotype 42/68
-------------------------------
Total Observed scale h2: -0.1422 (0.1325)
Lambda GC: 1.0135
Mean Chi^2: 1.0016
Intercept: 1.0119 (0.0076)
Ratio: 7.4235 (4.7402)

Genetic Covariance
------------------
Total Observed scale gencov: -0.1048 (0.0623)
Mean z1*z2: -0.0057
Intercept: 0.0049 (0.0044)

Genetic Correlation
-------------------
Genetic Correlation: nan (nan) (h2  out of bounds) 
Z-score: nan (nan) (h2  out of bounds)
P: nan (nan) (h2  out of bounds)
WARNING: One of the h2's was out of bounds.
This usually indicates a data-munging error or that h2 or N is low.

Computing rg for phenotype 43/68
Reading summary statistics from ../output_sumstats/output_pmid27989323_MCP1_eur.sumstats.gz ...
Read summary statistics for 1217311 SNPs.
After merging with summary statistics, 1030075 SNPs remain.
1023059 SNPs with valid alleles.

Heritability of phenotype 43/68
-------------------------------
Total Observed scale h2: 0.1513 (0.0719)
Lambda GC: 1.0105
Mean Chi^2: 1.0219
Intercept: 0.997 (0.0084)
Ratio < 0 (usually indicates GC correction).

Genetic Covariance
------------------
Total Observed scale gencov: -0.0185 (0.0396)
Mean z1*z2: -0.001
Intercept: 0.002 (0.0044)

Genetic Correlation
-------------------
Genetic Correlation: -0.122 (0.2575)
Z-score: -0.4738
P: 0.6356

Computing rg for phenotype 44/68
Reading summary statistics from ../output_sumstats/output_pmid27989323_MCP3_eur.sumstats.gz ...
Read summary statistics for 1217311 SNPs.
After merging with summary statistics, 1030075 SNPs remain.
999998 SNPs with valid alleles.

Heritability of phenotype 44/68
-------------------------------
Total Observed scale h2: -0.9191 (0.5644)
Lambda GC: 0.9986
Mean Chi^2: 0.9971
Intercept: 1.0127 (0.008)
Ratio: NA (mean chi^2 < 1)

Genetic Covariance
------------------
Total Observed scale gencov: 0.0622 (0.1289)
Mean z1*z2: -0.0013
Intercept: -0.0045 (0.0046)

Genetic Correlation
-------------------
Genetic Correlation: nan (nan) (h2  out of bounds) 
Z-score: nan (nan) (h2  out of bounds)
P: nan (nan) (h2  out of bounds)
WARNING: One of the h2's was out of bounds.
This usually indicates a data-munging error or that h2 or N is low.

Computing rg for phenotype 45/68
Reading summary statistics from ../output_sumstats/output_pmid27989323_MCSF_eur.sumstats.gz ...
Read summary statistics for 1217311 SNPs.
After merging with summary statistics, 1030075 SNPs remain.
1021905 SNPs with valid alleles.

Heritability of phenotype 45/68
-------------------------------
Total Observed scale h2: 0.2348 (0.5785)
Lambda GC: 0.9957
Mean Chi^2: 0.992
Intercept: 0.9881 (0.0071)
Ratio: NA (mean chi^2 < 1)

Genetic Covariance
------------------
Total Observed scale gencov: 0.0446 (0.1304)
Mean z1*z2: -0.0024
Intercept: -0.0046 (0.0047)

Genetic Correlation
-------------------
Genetic Correlation: 0.2348 (0.8665)
Z-score: 0.271
P: 0.7864

Computing rg for phenotype 46/68
Reading summary statistics from ../output_sumstats/output_pmid27989323_MIF_eur.sumstats.gz ...
Read summary statistics for 1217311 SNPs.
After merging with summary statistics, 1030075 SNPs remain.
1023178 SNPs with valid alleles.

Heritability of phenotype 46/68
-------------------------------
Total Observed scale h2: 0.0976 (0.1329)
Lambda GC: 1.0105
Mean Chi^2: 1.0116
Intercept: 1.0048 (0.0075)
Ratio: 0.4151 (0.6417)

Genetic Covariance
------------------
Total Observed scale gencov: -0.0126 (0.0648)
Mean z1*z2: -0.0074
Intercept: -0.0059 (0.0047)

Genetic Correlation
-------------------
Genetic Correlation: -0.104 (0.5325)
Z-score: -0.1953
P: 0.8452

Computing rg for phenotype 47/68
Reading summary statistics from ../output_sumstats/output_pmid27989323_MIG_eur.sumstats.gz ...
Read summary statistics for 1217311 SNPs.
After merging with summary statistics, 1030075 SNPs remain.
1023038 SNPs with valid alleles.

Heritability of phenotype 47/68
-------------------------------
Total Observed scale h2: -0.1726 (0.1277)
Lambda GC: 1.0046
Mean Chi^2: 1.0041
Intercept: 1.0168 (0.007)
Ratio: 4.0952 (1.6971)

Genetic Covariance
------------------
Total Observed scale gencov: -0.0515 (0.0639)
Mean z1*z2: 0.0005
Intercept: 0.0057 (0.0049)

Genetic Correlation
-------------------
Genetic Correlation: nan (nan) (h2  out of bounds) 
Z-score: nan (nan) (h2  out of bounds)
P: nan (nan) (h2  out of bounds)
WARNING: One of the h2's was out of bounds.
This usually indicates a data-munging error or that h2 or N is low.

Computing rg for phenotype 48/68
Reading summary statistics from ../output_sumstats/output_pmid27989323_MIP1a_eur.sumstats.gz ...
Read summary statistics for 1217311 SNPs.
After merging with summary statistics, 1030075 SNPs remain.
1022651 SNPs with valid alleles.

Heritability of phenotype 48/68
-------------------------------
Total Observed scale h2: -0.0783 (0.1426)
Lambda GC: 0.9957
Mean Chi^2: 1.
Intercept: 1.0055 (0.008)
Ratio: NA (mean chi^2 < 1)

Genetic Covariance
------------------
Total Observed scale gencov: -0.0044 (0.0561)
Mean z1*z2: -0.0011
Intercept: -0.0006 (0.0046)

Genetic Correlation
-------------------
Genetic Correlation: nan (nan) (h2  out of bounds) 
Z-score: nan (nan) (h2  out of bounds)
P: nan (nan) (h2  out of bounds)
WARNING: One of the h2's was out of bounds.
This usually indicates a data-munging error or that h2 or N is low.

Computing rg for phenotype 49/68
Reading summary statistics from ../output_sumstats/output_pmid27989323_MIP1b_eur.sumstats.gz ...
Read summary statistics for 1217311 SNPs.
After merging with summary statistics, 1030075 SNPs remain.
1023047 SNPs with valid alleles.
ERROR computing rg for phenotype 49/68, from file ../output_sumstats/output_pmid27989323_MIP1b_eur.sumstats.gz.
Traceback (most recent call last):
  File "/Users/as/Documents/UNI/Bioinformatik/2023:24_WS/GoBi_Lokal/BlockTeil_Metabolomics/ldsc/ldscore/sumstats.py", line 410, in estimate_rg
    rghat = _rg(loop, args, log, M_annot, ref_ld_cnames, w_ld_cname, i)
  File "/Users/as/Documents/UNI/Bioinformatik/2023:24_WS/GoBi_Lokal/BlockTeil_Metabolomics/ldsc/ldscore/sumstats.py", line 539, in _rg
    intercept_gencov=intercepts[2], n_blocks=n_blocks, twostep=args.two_step)
  File "/Users/as/Documents/UNI/Bioinformatik/2023:24_WS/GoBi_Lokal/BlockTeil_Metabolomics/ldsc/ldscore/regressions.py", line 705, in __init__
    np.multiply(hsq1.tot_delete_values, hsq2.tot_delete_values))
FloatingPointError: invalid value encountered in sqrt


Computing rg for phenotype 50/68
Reading summary statistics from ../output_sumstats/output_pmid27989323_PDGFbb_eur.sumstats.gz ...
Read summary statistics for 1217311 SNPs.
After merging with summary statistics, 1030075 SNPs remain.
1023057 SNPs with valid alleles.

Heritability of phenotype 50/68
-------------------------------
Total Observed scale h2: -0.0206 (0.0617)
Lambda GC: 1.0225
Mean Chi^2: 1.0219
Intercept: 1.0253 (0.0095)
Ratio: 1.1558 (0.4334)

Genetic Covariance
------------------
Total Observed scale gencov: 0.0143 (0.0413)
Mean z1*z2: 0.0009
Intercept: -0.0014 (0.0046)

Genetic Correlation
-------------------
Genetic Correlation: nan (nan) (h2  out of bounds) 
Z-score: nan (nan) (h2  out of bounds)
P: nan (nan) (h2  out of bounds)
WARNING: One of the h2's was out of bounds.
This usually indicates a data-munging error or that h2 or N is low.

Computing rg for phenotype 51/68
Reading summary statistics from ../output_sumstats/output_pmid27989323_RANTES_eur.sumstats.gz ...
Read summary statistics for 1217311 SNPs.
After merging with summary statistics, 1030075 SNPs remain.
1022909 SNPs with valid alleles.

Heritability of phenotype 51/68
-------------------------------
Total Observed scale h2: 0.1259 (0.1278)
Lambda GC: 1.0016
Mean Chi^2: 1.0071
Intercept: 0.9985 (0.0071)
Ratio < 0 (usually indicates GC correction).

Genetic Covariance
------------------
Total Observed scale gencov: -0.0127 (0.0647)
Mean z1*z2: -0.0006
Intercept: 0.0007 (0.0045)

Genetic Correlation
-------------------
Genetic Correlation: -0.0909 (0.4759)
Z-score: -0.1911
P: 0.8484

Computing rg for phenotype 52/68
Reading summary statistics from ../output_sumstats/output_pmid27989323_SCF_eur.sumstats.gz ...
Read summary statistics for 1217311 SNPs.
After merging with summary statistics, 1030075 SNPs remain.
1022897 SNPs with valid alleles.

Heritability of phenotype 52/68
-------------------------------
Total Observed scale h2: -0.064 (0.0559)
Lambda GC: 1.0075
Mean Chi^2: 1.0099
Intercept: 1.0205 (0.0071)
Ratio: 2.0657 (0.7204)

Genetic Covariance
------------------
Total Observed scale gencov: -0.04 (0.0444)
Mean z1*z2: -0.0071
Intercept: -0.001 (0.0044)

Genetic Correlation
-------------------
Genetic Correlation: nan (nan) (h2  out of bounds) 
Z-score: nan (nan) (h2  out of bounds)
P: nan (nan) (h2  out of bounds)
WARNING: One of the h2's was out of bounds.
This usually indicates a data-munging error or that h2 or N is low.

Computing rg for phenotype 53/68
Reading summary statistics from ../output_sumstats/output_pmid27989323_SCGFb_eur.sumstats.gz ...
Read summary statistics for 1217311 SNPs.
After merging with summary statistics, 1030075 SNPs remain.
456081 SNPs with valid alleles.

Heritability of phenotype 53/68
-------------------------------
Total Observed scale h2: 0.1251 (0.1806)
Lambda GC: 1.0165
Mean Chi^2: 1.0191
Intercept: 1.0096 (0.0109)
Ratio: 0.5012 (0.5704)

Genetic Covariance
------------------
Total Observed scale gencov: 0.0817 (0.0965)
Mean z1*z2: 0.0162
Intercept: 0.0075 (0.0081)

Genetic Correlation
-------------------
Genetic Correlation: 0.4858 (0.7321)
Z-score: 0.6635
P: 0.507

Computing rg for phenotype 54/68
Reading summary statistics from ../output_sumstats/output_pmid27989323_SDF1_eur.sumstats.gz ...
Read summary statistics for 1217311 SNPs.
After merging with summary statistics, 1030075 SNPs remain.
1022802 SNPs with valid alleles.
ERROR computing rg for phenotype 54/68, from file ../output_sumstats/output_pmid27989323_SDF1_eur.sumstats.gz.
Traceback (most recent call last):
  File "/Users/as/Documents/UNI/Bioinformatik/2023:24_WS/GoBi_Lokal/BlockTeil_Metabolomics/ldsc/ldscore/sumstats.py", line 410, in estimate_rg
    rghat = _rg(loop, args, log, M_annot, ref_ld_cnames, w_ld_cname, i)
  File "/Users/as/Documents/UNI/Bioinformatik/2023:24_WS/GoBi_Lokal/BlockTeil_Metabolomics/ldsc/ldscore/sumstats.py", line 539, in _rg
    intercept_gencov=intercepts[2], n_blocks=n_blocks, twostep=args.two_step)
  File "/Users/as/Documents/UNI/Bioinformatik/2023:24_WS/GoBi_Lokal/BlockTeil_Metabolomics/ldsc/ldscore/regressions.py", line 705, in __init__
    np.multiply(hsq1.tot_delete_values, hsq2.tot_delete_values))
FloatingPointError: invalid value encountered in sqrt


Computing rg for phenotype 55/68
Reading summary statistics from ../output_sumstats/output_pmid27989323_TNFa_eur.sumstats.gz ...
Read summary statistics for 1217311 SNPs.
After merging with summary statistics, 1030075 SNPs remain.
1022723 SNPs with valid alleles.

Heritability of phenotype 55/68
-------------------------------
Total Observed scale h2: -0.0063 (0.1405)
Lambda GC: 0.9898
Mean Chi^2: 0.9944
Intercept: 0.9948 (0.0073)
Ratio: NA (mean chi^2 < 1)

Genetic Covariance
------------------
Total Observed scale gencov: 0.1306 (0.0614)
Mean z1*z2: 0.0037
Intercept: -0.0093 (0.0044)

Genetic Correlation
-------------------
Genetic Correlation: nan (nan) (h2  out of bounds) 
Z-score: nan (nan) (h2  out of bounds)
P: nan (nan) (h2  out of bounds)
WARNING: One of the h2's was out of bounds.
This usually indicates a data-munging error or that h2 or N is low.

Computing rg for phenotype 56/68
Reading summary statistics from ../output_sumstats/output_pmid27989323_TNFb_eur.sumstats.gz ...
Read summary statistics for 1217311 SNPs.
After merging with summary statistics, 1030075 SNPs remain.
938503 SNPs with valid alleles.

Heritability of phenotype 56/68
-------------------------------
Total Observed scale h2: -0.4134 (0.3332)
Lambda GC: 1.0075
Mean Chi^2: 0.9972
Intercept: 1.0105 (0.0084)
Ratio: NA (mean chi^2 < 1)

Genetic Covariance
------------------
Total Observed scale gencov: -0.0259 (0.0868)
Mean z1*z2: -0.0091
Intercept: -0.0074 (0.0046)

Genetic Correlation
-------------------
Genetic Correlation: nan (nan) (h2  out of bounds) 
Z-score: nan (nan) (h2  out of bounds)
P: nan (nan) (h2  out of bounds)
WARNING: One of the h2's was out of bounds.
This usually indicates a data-munging error or that h2 or N is low.

Computing rg for phenotype 57/68
Reading summary statistics from ../output_sumstats/output_pmid27989323_TRAIL_eur.sumstats.gz ...
Read summary statistics for 1217311 SNPs.
After merging with summary statistics, 1030075 SNPs remain.
1022953 SNPs with valid alleles.

Heritability of phenotype 57/68
-------------------------------
Total Observed scale h2: -0.0205 (0.0553)
Lambda GC: 1.0195
Mean Chi^2: 1.0169
Intercept: 1.0202 (0.0099)
Ratio: 1.1984 (0.5856)

Genetic Covariance
------------------
Total Observed scale gencov: -0.0144 (0.0419)
Mean z1*z2: -0.0011
Intercept: 0.0012 (0.0044)

Genetic Correlation
-------------------
Genetic Correlation: nan (nan) (h2  out of bounds) 
Z-score: nan (nan) (h2  out of bounds)
P: nan (nan) (h2  out of bounds)
WARNING: One of the h2's was out of bounds.
This usually indicates a data-munging error or that h2 or N is low.

Computing rg for phenotype 58/68
Reading summary statistics from ../output_sumstats/output_pmid27989323_bNGF_eur.sumstats.gz ...
Read summary statistics for 1217311 SNPs.
After merging with summary statistics, 1030075 SNPs remain.
1022825 SNPs with valid alleles.

Heritability of phenotype 58/68
-------------------------------
Total Observed scale h2: 0.2428 (0.1392)
Lambda GC: 1.0165
Mean Chi^2: 1.0126
Intercept: 0.9954 (0.0077)
Ratio < 0 (usually indicates GC correction).

Genetic Covariance
------------------
Total Observed scale gencov: 0.0211 (0.067)
Mean z1*z2: 0.0003
Intercept: -0.002 (0.0048)

Genetic Correlation
-------------------
Genetic Correlation: 0.1092 (0.3511)
Z-score: 0.311
P: 0.7558

Computing rg for phenotype 59/68
Reading summary statistics from ../output_sumstats/output_pmid27989323_eotaxin_eur.sumstats.gz ...
Read summary statistics for 1217311 SNPs.
After merging with summary statistics, 1030075 SNPs remain.
1022895 SNPs with valid alleles.

Heritability of phenotype 59/68
-------------------------------
Total Observed scale h2: 0.1077 (0.0667)
Lambda GC: 1.0105
Mean Chi^2: 1.0238
Intercept: 1.0063 (0.008)
Ratio: 0.2638 (0.3348)

Genetic Covariance
------------------
Total Observed scale gencov: -0.0886 (0.0425)
Mean z1*z2: -0.011
Intercept: 0.0027 (0.0048)

Genetic Correlation
-------------------
Genetic Correlation: -0.6958 (0.3962)
Z-score: -1.7563
P: 0.079

Computing rg for phenotype 60/68
Reading summary statistics from ../output_sumstats/output_pmid27989323_ip10_eur.sumstats.gz ...
Read summary statistics for 1217311 SNPs.
After merging with summary statistics, 1030075 SNPs remain.
1023017 SNPs with valid alleles.

Heritability of phenotype 60/68
-------------------------------
Total Observed scale h2: 0.0875 (0.1314)
Lambda GC: 1.0225
Mean Chi^2: 1.0169
Intercept: 1.0104 (0.0075)
Ratio: 0.6176 (0.4421)

Genetic Covariance
------------------
Total Observed scale gencov: 0.0243 (0.0592)
Mean z1*z2: 0.0091
Intercept: 0.0064 (0.0046)

Genetic Correlation
-------------------
Genetic Correlation: 0.2102 (0.5456)
Z-score: 0.3852
P: 0.7001

Computing rg for phenotype 61/68
Reading summary statistics from ../output_sumstats/output_pmid29566793_ALS_eur.sumstats.gz ...
Read summary statistics for 1217311 SNPs.
After merging with summary statistics, 1030075 SNPs remain.
1025586 SNPs with valid alleles.

Heritability of phenotype 61/68
-------------------------------
Total Observed scale h2: 0.0315 (0.0074)
Lambda GC: 1.0496
Mean Chi^2: 1.0729
Intercept: 1.0217 (0.0079)
Ratio: 0.2983 (0.1081)

Genetic Covariance
------------------
Total Observed scale gencov: -0.0219 (0.0133)
Mean z1*z2: -0.0089
Intercept: 0.0014 (0.0048)

Genetic Correlation
-------------------
Genetic Correlation: -0.3301 (0.2145)
Z-score: -1.5389
P: 0.1238

Computing rg for phenotype 62/68
Reading summary statistics from ../output_sumstats/output_pmid29632382_T2d-BMIadj_eur.sumstats.gz ...
Read summary statistics for 1217311 SNPs.
After merging with summary statistics, 1030075 SNPs remain.
23942 SNPs with valid alleles.
WARNING: number of SNPs less than 200k; this is almost always bad.

Heritability of phenotype 62/68
-------------------------------
Total Observed scale h2: 0.1055 (0.0306)
Lambda GC: 1.2136
Mean Chi^2: 1.8239
Intercept: 1.0044 (0.104)
Ratio: 0.0054 (0.1262)

Genetic Covariance
------------------
Total Observed scale gencov: -0.0436 (0.0226)
Mean z1*z2: 0.0087
Intercept: 0.054 (0.0212)

Genetic Correlation
-------------------
Genetic Correlation: -0.1767 (0.0949)
Z-score: -1.8628
P: 0.0625

Computing rg for phenotype 63/68
Reading summary statistics from ../output_sumstats/output_pmid30054458_T2d_eur.sumstats.gz ...
Read summary statistics for 1217311 SNPs.
After merging with summary statistics, 1030075 SNPs remain.
907072 SNPs with valid alleles.

Heritability of phenotype 63/68
-------------------------------
Total Observed scale h2: 0.0452 (0.0028)
Lambda GC: 1.4602
Mean Chi^2: 1.6785
Intercept: 1.0575 (0.0185)
Ratio: 0.0848 (0.0273)

Genetic Covariance
------------------
Total Observed scale gencov: 0.0013 (0.0073)
Mean z1*z2: 0.0086
Intercept: 0.008 (0.0067)

Genetic Correlation
-------------------
Genetic Correlation: 0.015 (0.0854)
Z-score: 0.1755
P: 0.8607

Computing rg for phenotype 64/68
Reading summary statistics from ../output_sumstats/output_pmid33111402_PD_eur.sumstats.gz ...
Read summary statistics for 1217311 SNPs.
After merging with summary statistics, 1030075 SNPs remain.
8989 SNPs with valid alleles.
WARNING: number of SNPs less than 200k; this is almost always bad.

Heritability of phenotype 64/68
-------------------------------
Total Observed scale h2: -2.9364 (1.2239)
Lambda GC: 0.9576
Mean Chi^2: 0.9494
Intercept: 1.1021 (0.0662)
Ratio: NA (mean chi^2 < 1)

Genetic Covariance
------------------
Total Observed scale gencov: -1.0092 (0.6217)
Mean z1*z2: -0.0617
Intercept: 0.0228 (0.0459)

Genetic Correlation
-------------------
Genetic Correlation: nan (nan) (h2  out of bounds) 
Z-score: nan (nan) (h2  out of bounds)
P: nan (nan) (h2  out of bounds)
WARNING: One of the h2's was out of bounds.
This usually indicates a data-munging error or that h2 or N is low.

Computing rg for phenotype 65/68
Reading summary statistics from ../output_sumstats/output_pmid33310728_RA_eur.sumstats.gz ...
Read summary statistics for 1217311 SNPs.
After merging with summary statistics, 1030075 SNPs remain.
1023432 SNPs with valid alleles.

Heritability of phenotype 65/68
-------------------------------
Total Observed scale h2: 0.036 (0.0042)
Lambda GC: 1.071
Mean Chi^2: 1.1943
Intercept: 0.9726 (0.0133)
Ratio < 0 (usually indicates GC correction).

Genetic Covariance
------------------
Total Observed scale gencov: -0.0087 (0.0073)
Mean z1*z2: -0.0054
Intercept: 0.0034 (0.0047)

Genetic Correlation
-------------------
Genetic Correlation: -0.1214 (0.1042)
Z-score: -1.165
P: 0.244

Computing rg for phenotype 66/68
Reading summary statistics from ../output_sumstats/output_pmid33589841_LBD_eur.sumstats.gz ...
Read summary statistics for 1217311 SNPs.
After merging with summary statistics, 1030075 SNPs remain.
941619 SNPs with valid alleles.

Heritability of phenotype 66/68
-------------------------------
Total Observed scale h2: 0.1413 (0.083)
Lambda GC: 1.0195
Mean Chi^2: 1.0234
Intercept: 1.0046 (0.008)
Ratio: 0.1975 (0.3434)

Genetic Covariance
------------------
Total Observed scale gencov: -0.028 (0.0489)
Mean z1*z2: -0.0043
Intercept: -0.0005 (0.0046)

Genetic Correlation
-------------------
Genetic Correlation: -0.1861 (0.3373)
Z-score: -0.5517
P: 0.5812

Computing rg for phenotype 67/68
Reading summary statistics from ../output_sumstats/output_pmid33987465_PD_eur.sumstats.gz ...
Read summary statistics for 1217311 SNPs.
After merging with summary statistics, 1030075 SNPs remain.
1024934 SNPs with valid alleles.

Heritability of phenotype 67/68
-------------------------------
Total Observed scale h2: 0.2775 (0.1518)
Lambda GC: 1.0046
Mean Chi^2: 1.0066
Intercept: 0.9909 (0.0064)
Ratio < 0 (usually indicates GC correction).

Genetic Covariance
------------------
Total Observed scale gencov: -0.0185 (0.0679)
Mean z1*z2: -0.0027
Intercept: -0.0011 (0.0046)

Genetic Correlation
-------------------
Genetic Correlation: -0.0936 (0.3502)
Z-score: -0.2673
P: 0.7893

Computing rg for phenotype 68/68
Reading summary statistics from ../output_sumstats/output_pmid34737426_APH_eur.sumstats.gz ...
Read summary statistics for 1217311 SNPs.
After merging with summary statistics, 1030075 SNPs remain.
1012084 SNPs with valid alleles.

Heritability of phenotype 68/68
-------------------------------
Total Observed scale h2: -7.7449e-05 (0.001)
Lambda GC: 0.9957
Mean Chi^2: 0.9845
Intercept: 0.9852 (0.0069)
Ratio: NA (mean chi^2 < 1)

Genetic Covariance
------------------
Total Observed scale gencov: -0.0017 (0.0052)
Mean z1*z2: -0.0007
Intercept: 0.0013 (0.0042)

Genetic Correlation
-------------------
Genetic Correlation: nan (nan) (h2  out of bounds) 
Z-score: nan (nan) (h2  out of bounds)
P: nan (nan) (h2  out of bounds)
WARNING: One of the h2's was out of bounds.
This usually indicates a data-munging error or that h2 or N is low.


Summary of Genetic Correlation Results
                                                              p1                                                                      p2       rg         se          z          p     h2_obs  h2_obs_se  h2_int h2_int_se   gcov_int gcov_int_se
 ../output_sumstats/output_pmid24816252_pyruvate_eur.sumstats.gz         ../output_sumstats/output_pmid24816252_pyruvate_eur.sumstats.gz        1  2.207e-05  4.531e+04          0      0.137    0.05392   1.001  0.005646      1.001    0.005646
 ../output_sumstats/output_pmid24816252_pyruvate_eur.sumstats.gz               ../output_sumstats/output_pmid21833088_MS_eur.sumstats.gz   0.1511     0.2356     0.6412     0.5214     0.0653    0.02799   1.054  0.009029  -0.009544    0.005709
 ../output_sumstats/output_pmid24816252_pyruvate_eur.sumstats.gz               ../output_sumstats/output_pmid24076602_MS_eur.sumstats.gz       NA         NA         NA         NA         NA         NA      NA        NA         NA          NA
 ../output_sumstats/output_pmid24816252_pyruvate_eur.sumstats.gz  ../output_sumstats/output_pmid24816252_acetylcarnitine_eur.sumstats.gz       NA         NA         NA         NA    -0.2399    0.08232   1.021  0.007636    0.02869    0.004227
 ../output_sumstats/output_pmid24816252_pyruvate_eur.sumstats.gz          ../output_sumstats/output_pmid24816252_alanine_eur.sumstats.gz   0.6189     0.1573      3.934  8.339e-05     0.5276    0.07069   1.012  0.006913     0.3586      0.0052
 ../output_sumstats/output_pmid24816252_pyruvate_eur.sumstats.gz         ../output_sumstats/output_pmid24816252_arginine_eur.sumstats.gz       NA         NA         NA         NA  -0.006049    0.06361   1.037  0.007251   -0.08137    0.004628
 ../output_sumstats/output_pmid24816252_pyruvate_eur.sumstats.gz       ../output_sumstats/output_pmid24816252_asparagine_eur.sumstats.gz   0.4067     0.1796      2.265    0.02354     0.4987    0.06618   1.019   0.00703     0.1249    0.004846
 ../output_sumstats/output_pmid24816252_pyruvate_eur.sumstats.gz      ../output_sumstats/output_pmid24816252_cholesterol_eur.sumstats.gz    0.729     0.3464      2.104    0.03535     0.1371    0.07101   1.043  0.006758    0.03481    0.004568
 ../output_sumstats/output_pmid24816252_pyruvate_eur.sumstats.gz          ../output_sumstats/output_pmid24816252_citrate_eur.sumstats.gz  -0.1913     0.2164     -0.884     0.3767     0.4515    0.07758   1.059  0.007794    0.07588    0.004875
 ../output_sumstats/output_pmid24816252_pyruvate_eur.sumstats.gz        ../output_sumstats/output_pmid24816252_glutamate_eur.sumstats.gz   0.3496     0.2942      1.188     0.2346     0.1583    0.05728  0.9325  0.005978     0.1006    0.004561
 ../output_sumstats/output_pmid24816252_pyruvate_eur.sumstats.gz         ../output_sumstats/output_pmid24816252_glycerol_eur.sumstats.gz       NA         NA         NA         NA    -0.1305    0.06078   1.017  0.007018     0.1009    0.004738
 ../output_sumstats/output_pmid24816252_pyruvate_eur.sumstats.gz        ../output_sumstats/output_pmid24816252_histidine_eur.sumstats.gz     0.23     0.1706      1.348     0.1776     0.4424    0.07195   0.757  0.006326   -0.07088    0.004332
 ../output_sumstats/output_pmid24816252_pyruvate_eur.sumstats.gz       ../output_sumstats/output_pmid24816252_isoleucine_eur.sumstats.gz       NA         NA         NA         NA    -0.2844    0.05918   1.001  0.006349    0.03306     0.00403
 ../output_sumstats/output_pmid24816252_pyruvate_eur.sumstats.gz    ../output_sumstats/output_pmid24816252_phenylalanine_eur.sumstats.gz  0.05232     0.1649     0.3174      0.751     0.3394    0.04475  0.7761  0.005172    0.03188    0.003335
 ../output_sumstats/output_pmid24816252_pyruvate_eur.sumstats.gz          ../output_sumstats/output_pmid24816252_proline_eur.sumstats.gz  0.07725     0.1879      0.411      0.681     0.3879    0.08827   1.036   0.01216    0.07298    0.004634
 ../output_sumstats/output_pmid24816252_pyruvate_eur.sumstats.gz        ../output_sumstats/output_pmid24816252_threonine_eur.sumstats.gz   0.4687     0.7146     0.6559     0.5119    0.05403    0.08267   1.009  0.006536   -0.06418    0.005431
 ../output_sumstats/output_pmid24816252_pyruvate_eur.sumstats.gz       ../output_sumstats/output_pmid24816252_tryptophan_eur.sumstats.gz   0.2001     0.1374      1.456     0.1454     0.9201    0.07416   1.049  0.007824    0.05516    0.004929
 ../output_sumstats/output_pmid24816252_pyruvate_eur.sumstats.gz         ../output_sumstats/output_pmid24816252_tyrosine_eur.sumstats.gz   0.1496     0.2836     0.5276     0.5978     0.1747    0.07338   1.031  0.007336    0.09027    0.005103
 ../output_sumstats/output_pmid24816252_pyruvate_eur.sumstats.gz             ../output_sumstats/output_pmid24816252_urea_eur.sumstats.gz       NA         NA         NA         NA   -0.08137    0.05293   1.013  0.006229    0.03136    0.004557
 ../output_sumstats/output_pmid24816252_pyruvate_eur.sumstats.gz               ../output_sumstats/output_pmid27386562_MS_eur.sumstats.gz -0.02049     0.1737     -0.118     0.9061     0.2309    0.04658   1.069   0.00867  -0.002582    0.005082
 ../output_sumstats/output_pmid24816252_pyruvate_eur.sumstats.gz              ../output_sumstats/output_pmid27455348_ALS_eur.sumstats.gz  -0.1423     0.2519    -0.5648     0.5722    0.04137    0.01302   1.002  0.006815  -0.004361    0.004677
 ../output_sumstats/output_pmid24816252_pyruvate_eur.sumstats.gz            ../output_sumstats/output_pmid27989323_CTACK_eur.sumstats.gz       NA         NA         NA         NA         NA         NA      NA        NA         NA          NA
 ../output_sumstats/output_pmid24816252_pyruvate_eur.sumstats.gz             ../output_sumstats/output_pmid27989323_GCSF_eur.sumstats.gz   0.3049     0.9758     0.3124     0.7547    0.02023    0.05812   1.008  0.007908   -0.00397    0.004471
 ../output_sumstats/output_pmid24816252_pyruvate_eur.sumstats.gz             ../output_sumstats/output_pmid27989323_GROa_eur.sumstats.gz       NA         NA         NA         NA     -73.49      22.44   2.133    0.5225     0.3056       1.005
 ../output_sumstats/output_pmid24816252_pyruvate_eur.sumstats.gz              ../output_sumstats/output_pmid27989323_HGF_eur.sumstats.gz       NA         NA         NA         NA   -0.01964    0.05762   1.009  0.007962 -0.0005042    0.004973
 ../output_sumstats/output_pmid24816252_pyruvate_eur.sumstats.gz             ../output_sumstats/output_pmid27989323_IFNg_eur.sumstats.gz       NA         NA         NA         NA         NA         NA      NA        NA         NA          NA
 ../output_sumstats/output_pmid24816252_pyruvate_eur.sumstats.gz             ../output_sumstats/output_pmid27989323_IL10_eur.sumstats.gz       NA         NA         NA         NA   -0.01302    0.08825   1.018   0.01357   0.002336    0.004975
 ../output_sumstats/output_pmid24816252_pyruvate_eur.sumstats.gz          ../output_sumstats/output_pmid27989323_IL12p70_eur.sumstats.gz       NA         NA         NA         NA   -0.03066     0.1141   1.036   0.02293   0.003578    0.005351
 ../output_sumstats/output_pmid24816252_pyruvate_eur.sumstats.gz             ../output_sumstats/output_pmid27989323_IL13_eur.sumstats.gz       NA         NA         NA         NA    -0.1681     0.1663   1.017   0.01285   0.002408    0.004458
 ../output_sumstats/output_pmid24816252_pyruvate_eur.sumstats.gz             ../output_sumstats/output_pmid27989323_IL16_eur.sumstats.gz       NA         NA         NA         NA   -0.04992     0.1319  0.9933  0.007703  -0.003973    0.004852
 ../output_sumstats/output_pmid24816252_pyruvate_eur.sumstats.gz             ../output_sumstats/output_pmid27989323_IL17_eur.sumstats.gz       NA         NA         NA         NA     -4.107      1.482   1.499    0.1364     0.2356      0.0803
 ../output_sumstats/output_pmid24816252_pyruvate_eur.sumstats.gz             ../output_sumstats/output_pmid27989323_IL18_eur.sumstats.gz       NA         NA         NA         NA         NA         NA      NA        NA         NA          NA
 ../output_sumstats/output_pmid24816252_pyruvate_eur.sumstats.gz            ../output_sumstats/output_pmid27989323_IL1ra_eur.sumstats.gz   0.6769      1.779     0.3804     0.7036    0.04909     0.1362   1.006  0.008382  -0.003054    0.004432
 ../output_sumstats/output_pmid24816252_pyruvate_eur.sumstats.gz              ../output_sumstats/output_pmid27989323_IL2_eur.sumstats.gz       NA         NA         NA         NA   -0.04561     0.1333   1.011  0.007875  -0.003296    0.004523
 ../output_sumstats/output_pmid24816252_pyruvate_eur.sumstats.gz            ../output_sumstats/output_pmid27989323_IL2ra_eur.sumstats.gz  -0.2359      1.608    -0.1467     0.8834     0.0247     0.1174   1.005  0.007122  -0.003268    0.004543
 ../output_sumstats/output_pmid24816252_pyruvate_eur.sumstats.gz              ../output_sumstats/output_pmid27989323_IL4_eur.sumstats.gz       NA         NA         NA         NA   -0.05576    0.05832   1.013  0.008281  0.0004315    0.004381
 ../output_sumstats/output_pmid24816252_pyruvate_eur.sumstats.gz              ../output_sumstats/output_pmid27989323_IL5_eur.sumstats.gz       NA         NA         NA         NA    -0.1335       0.14   1.014  0.008358   0.003333    0.004871
 ../output_sumstats/output_pmid24816252_pyruvate_eur.sumstats.gz              ../output_sumstats/output_pmid27989323_IL6_eur.sumstats.gz       NA         NA         NA         NA  -0.007915     0.0573   1.009  0.007416   0.001778    0.004429
 ../output_sumstats/output_pmid24816252_pyruvate_eur.sumstats.gz              ../output_sumstats/output_pmid27989323_IL7_eur.sumstats.gz       NA         NA         NA         NA   -0.03867     0.1478   1.013  0.009485   0.003747    0.004733
 ../output_sumstats/output_pmid24816252_pyruvate_eur.sumstats.gz              ../output_sumstats/output_pmid27989323_IL8_eur.sumstats.gz       NA         NA         NA         NA   -0.04155     0.1303   1.009  0.007355  -0.001627    0.004465
 ../output_sumstats/output_pmid24816252_pyruvate_eur.sumstats.gz              ../output_sumstats/output_pmid27989323_IL9_eur.sumstats.gz       NA         NA         NA         NA    -0.1422     0.1325   1.012  0.007601   0.004924    0.004438
 ../output_sumstats/output_pmid24816252_pyruvate_eur.sumstats.gz             ../output_sumstats/output_pmid27989323_MCP1_eur.sumstats.gz   -0.122     0.2575    -0.4738     0.6356     0.1513    0.07194   0.997  0.008382   0.002011    0.004446
 ../output_sumstats/output_pmid24816252_pyruvate_eur.sumstats.gz             ../output_sumstats/output_pmid27989323_MCP3_eur.sumstats.gz       NA         NA         NA         NA    -0.9191     0.5644   1.013  0.008009  -0.004451    0.004622
 ../output_sumstats/output_pmid24816252_pyruvate_eur.sumstats.gz             ../output_sumstats/output_pmid27989323_MCSF_eur.sumstats.gz   0.2348     0.8665      0.271     0.7864     0.2348     0.5785  0.9881  0.007079  -0.004631    0.004747
 ../output_sumstats/output_pmid24816252_pyruvate_eur.sumstats.gz              ../output_sumstats/output_pmid27989323_MIF_eur.sumstats.gz   -0.104     0.5325    -0.1953     0.8452    0.09759     0.1329   1.005  0.007471  -0.005946    0.004675
 ../output_sumstats/output_pmid24816252_pyruvate_eur.sumstats.gz              ../output_sumstats/output_pmid27989323_MIG_eur.sumstats.gz       NA         NA         NA         NA    -0.1726     0.1277   1.017  0.006954   0.005742    0.004877
 ../output_sumstats/output_pmid24816252_pyruvate_eur.sumstats.gz            ../output_sumstats/output_pmid27989323_MIP1a_eur.sumstats.gz       NA         NA         NA         NA   -0.07829     0.1426   1.005  0.007971 -0.0006091    0.004629
 ../output_sumstats/output_pmid24816252_pyruvate_eur.sumstats.gz            ../output_sumstats/output_pmid27989323_MIP1b_eur.sumstats.gz       NA         NA         NA         NA         NA         NA      NA        NA         NA          NA
 ../output_sumstats/output_pmid24816252_pyruvate_eur.sumstats.gz           ../output_sumstats/output_pmid27989323_PDGFbb_eur.sumstats.gz       NA         NA         NA         NA   -0.02063    0.06166   1.025  0.009485  -0.001353     0.00462
 ../output_sumstats/output_pmid24816252_pyruvate_eur.sumstats.gz           ../output_sumstats/output_pmid27989323_RANTES_eur.sumstats.gz -0.09095     0.4759    -0.1911     0.8484     0.1259     0.1278  0.9985  0.007128  0.0007438    0.004493
 ../output_sumstats/output_pmid24816252_pyruvate_eur.sumstats.gz              ../output_sumstats/output_pmid27989323_SCF_eur.sumstats.gz       NA         NA         NA         NA   -0.06397    0.05586    1.02  0.007141  -0.000993    0.004424
 ../output_sumstats/output_pmid24816252_pyruvate_eur.sumstats.gz            ../output_sumstats/output_pmid27989323_SCGFb_eur.sumstats.gz   0.4858     0.7321     0.6635      0.507     0.1251     0.1806    1.01   0.01089   0.007506    0.008075
 ../output_sumstats/output_pmid24816252_pyruvate_eur.sumstats.gz             ../output_sumstats/output_pmid27989323_SDF1_eur.sumstats.gz       NA         NA         NA         NA         NA         NA      NA        NA         NA          NA
 ../output_sumstats/output_pmid24816252_pyruvate_eur.sumstats.gz             ../output_sumstats/output_pmid27989323_TNFa_eur.sumstats.gz       NA         NA         NA         NA  -0.006272     0.1405  0.9948  0.007299  -0.009343    0.004398
 ../output_sumstats/output_pmid24816252_pyruvate_eur.sumstats.gz             ../output_sumstats/output_pmid27989323_TNFb_eur.sumstats.gz       NA         NA         NA         NA    -0.4134     0.3332   1.011  0.008366  -0.007393    0.004624
 ../output_sumstats/output_pmid24816252_pyruvate_eur.sumstats.gz            ../output_sumstats/output_pmid27989323_TRAIL_eur.sumstats.gz       NA         NA         NA         NA   -0.02053    0.05531    1.02   0.00989    0.00119    0.004361
 ../output_sumstats/output_pmid24816252_pyruvate_eur.sumstats.gz             ../output_sumstats/output_pmid27989323_bNGF_eur.sumstats.gz   0.1092     0.3511      0.311     0.7558     0.2428     0.1392  0.9954  0.007739   -0.00198    0.004773
 ../output_sumstats/output_pmid24816252_pyruvate_eur.sumstats.gz          ../output_sumstats/output_pmid27989323_eotaxin_eur.sumstats.gz  -0.6958     0.3962     -1.756    0.07903     0.1077    0.06667   1.006  0.007966    0.00273    0.004766
 ../output_sumstats/output_pmid24816252_pyruvate_eur.sumstats.gz             ../output_sumstats/output_pmid27989323_ip10_eur.sumstats.gz   0.2102     0.5456     0.3852     0.7001     0.0875     0.1314    1.01  0.007451   0.006429    0.004625
 ../output_sumstats/output_pmid24816252_pyruvate_eur.sumstats.gz              ../output_sumstats/output_pmid29566793_ALS_eur.sumstats.gz  -0.3301     0.2145     -1.539     0.1238    0.03147   0.007388   1.022  0.007879   0.001387    0.004841
 ../output_sumstats/output_pmid24816252_pyruvate_eur.sumstats.gz       ../output_sumstats/output_pmid29632382_T2d-BMIadj_eur.sumstats.gz  -0.1767    0.09486     -1.863    0.06249     0.1055    0.03059   1.004     0.104    0.05399     0.02123
 ../output_sumstats/output_pmid24816252_pyruvate_eur.sumstats.gz              ../output_sumstats/output_pmid30054458_T2d_eur.sumstats.gz  0.01498    0.08539     0.1755     0.8607    0.04517   0.002753   1.058   0.01854   0.007955     0.00668
 ../output_sumstats/output_pmid24816252_pyruvate_eur.sumstats.gz               ../output_sumstats/output_pmid33111402_PD_eur.sumstats.gz       NA         NA         NA         NA     -2.936      1.224   1.102   0.06623    0.02284     0.04595
 ../output_sumstats/output_pmid24816252_pyruvate_eur.sumstats.gz               ../output_sumstats/output_pmid33310728_RA_eur.sumstats.gz  -0.1214     0.1042     -1.165      0.244      0.036   0.004169  0.9726   0.01333   0.003407    0.004653
 ../output_sumstats/output_pmid24816252_pyruvate_eur.sumstats.gz              ../output_sumstats/output_pmid33589841_LBD_eur.sumstats.gz  -0.1861     0.3373    -0.5517     0.5812     0.1413    0.08297   1.005  0.008041 -0.0005309    0.004602
 ../output_sumstats/output_pmid24816252_pyruvate_eur.sumstats.gz               ../output_sumstats/output_pmid33987465_PD_eur.sumstats.gz -0.09359     0.3502    -0.2673     0.7893     0.2775     0.1518  0.9909  0.006447   -0.00106    0.004623
 ../output_sumstats/output_pmid24816252_pyruvate_eur.sumstats.gz              ../output_sumstats/output_pmid34737426_APH_eur.sumstats.gz       NA         NA         NA         NA -7.745e-05  0.0009752  0.9852  0.006882   0.001268    0.004203

Analysis finished at Sat Feb 24 07:26:33 2024
Total time elapsed: 25.0m:10.4s
