*********************************************************************
* LD Score Regression (LDSC)
* Version 1.0.1
* (C) 2014-2019 Brendan Bulik-Sullivan and Hilary Finucane
* Broad Institute of MIT and Harvard / MIT Department of Mathematics
* GNU General Public License v3
*********************************************************************
Call: 
./ldsc.py \
--ref-ld-chr ../input_files/eur_w_ld_chr/ \
--out ../output_ld_regression/output_pmid27989323_TNFb_eur_ldReg \
--rg ../output_sumstats/output_pmid27989323_TNFb_eur.sumstats.gz,../output_sumstats/output_pmid27989323_TNFb_eur.sumstats.gz,../output_sumstats/output_pmid21833088_MS_eur.sumstats.gz,../output_sumstats/output_pmid24076602_MS_eur.sumstats.gz,../output_sumstats/output_pmid24816252_acetylcarnitine_eur.sumstats.gz,../output_sumstats/output_pmid24816252_alanine_eur.sumstats.gz,../output_sumstats/output_pmid24816252_arginine_eur.sumstats.gz,../output_sumstats/output_pmid24816252_asparagine_eur.sumstats.gz,../output_sumstats/output_pmid24816252_cholesterol_eur.sumstats.gz,../output_sumstats/output_pmid24816252_citrate_eur.sumstats.gz,../output_sumstats/output_pmid24816252_glutamate_eur.sumstats.gz,../output_sumstats/output_pmid24816252_glycerol_eur.sumstats.gz,../output_sumstats/output_pmid24816252_histidine_eur.sumstats.gz,../output_sumstats/output_pmid24816252_isoleucine_eur.sumstats.gz,../output_sumstats/output_pmid24816252_phenylalanine_eur.sumstats.gz,../output_sumstats/output_pmid24816252_proline_eur.sumstats.gz,../output_sumstats/output_pmid24816252_pyruvate_eur.sumstats.gz,../output_sumstats/output_pmid24816252_threonine_eur.sumstats.gz,../output_sumstats/output_pmid24816252_tryptophan_eur.sumstats.gz,../output_sumstats/output_pmid24816252_tyrosine_eur.sumstats.gz,../output_sumstats/output_pmid24816252_urea_eur.sumstats.gz,../output_sumstats/output_pmid27386562_MS_eur.sumstats.gz,../output_sumstats/output_pmid27455348_ALS_eur.sumstats.gz,../output_sumstats/output_pmid27989323_CTACK_eur.sumstats.gz,../output_sumstats/output_pmid27989323_GCSF_eur.sumstats.gz,../output_sumstats/output_pmid27989323_GROa_eur.sumstats.gz,../output_sumstats/output_pmid27989323_HGF_eur.sumstats.gz,../output_sumstats/output_pmid27989323_IFNg_eur.sumstats.gz,../output_sumstats/output_pmid27989323_IL10_eur.sumstats.gz,../output_sumstats/output_pmid27989323_IL12p70_eur.sumstats.gz,../output_sumstats/output_pmid27989323_IL13_eur.sumstats.gz,../output_sumstats/output_pmid27989323_IL16_eur.sumstats.gz,../output_sumstats/output_pmid27989323_IL17_eur.sumstats.gz,../output_sumstats/output_pmid27989323_IL18_eur.sumstats.gz,../output_sumstats/output_pmid27989323_IL1ra_eur.sumstats.gz,../output_sumstats/output_pmid27989323_IL2_eur.sumstats.gz,../output_sumstats/output_pmid27989323_IL2ra_eur.sumstats.gz,../output_sumstats/output_pmid27989323_IL4_eur.sumstats.gz,../output_sumstats/output_pmid27989323_IL5_eur.sumstats.gz,../output_sumstats/output_pmid27989323_IL6_eur.sumstats.gz,../output_sumstats/output_pmid27989323_IL7_eur.sumstats.gz,../output_sumstats/output_pmid27989323_IL8_eur.sumstats.gz,../output_sumstats/output_pmid27989323_IL9_eur.sumstats.gz,../output_sumstats/output_pmid27989323_MCP1_eur.sumstats.gz,../output_sumstats/output_pmid27989323_MCP3_eur.sumstats.gz,../output_sumstats/output_pmid27989323_MCSF_eur.sumstats.gz,../output_sumstats/output_pmid27989323_MIF_eur.sumstats.gz,../output_sumstats/output_pmid27989323_MIG_eur.sumstats.gz,../output_sumstats/output_pmid27989323_MIP1a_eur.sumstats.gz,../output_sumstats/output_pmid27989323_MIP1b_eur.sumstats.gz,../output_sumstats/output_pmid27989323_PDGFbb_eur.sumstats.gz,../output_sumstats/output_pmid27989323_RANTES_eur.sumstats.gz,../output_sumstats/output_pmid27989323_SCF_eur.sumstats.gz,../output_sumstats/output_pmid27989323_SCGFb_eur.sumstats.gz,../output_sumstats/output_pmid27989323_SDF1_eur.sumstats.gz,../output_sumstats/output_pmid27989323_TNFa_eur.sumstats.gz,../output_sumstats/output_pmid27989323_TRAIL_eur.sumstats.gz,../output_sumstats/output_pmid27989323_bNGF_eur.sumstats.gz,../output_sumstats/output_pmid27989323_eotaxin_eur.sumstats.gz,../output_sumstats/output_pmid27989323_ip10_eur.sumstats.gz,../output_sumstats/output_pmid29566793_ALS_eur.sumstats.gz,../output_sumstats/output_pmid29632382_T2d-BMIadj_eur.sumstats.gz,../output_sumstats/output_pmid30054458_T2d_eur.sumstats.gz,../output_sumstats/output_pmid33111402_PD_eur.sumstats.gz,../output_sumstats/output_pmid33310728_RA_eur.sumstats.gz,../output_sumstats/output_pmid33589841_LBD_eur.sumstats.gz,../output_sumstats/output_pmid33987465_PD_eur.sumstats.gz,../output_sumstats/output_pmid34737426_APH_eur.sumstats.gz \
--w-ld-chr ../input_files/eur_w_ld_chr/ 

Beginning analysis at Sat Feb 24 21:08:27 2024
Reading summary statistics from ../output_sumstats/output_pmid27989323_TNFb_eur.sumstats.gz ...
Read summary statistics for 1053098 SNPs.
Reading reference panel LD Score from ../input_files/eur_w_ld_chr/[1-22] ... (ldscore_fromlist)
Read reference panel LD Scores for 1290028 SNPs.
Removing partitioned LD Scores with zero variance.
Reading regression weight LD Score from ../input_files/eur_w_ld_chr/[1-22] ... (ldscore_fromlist)
Read regression weight LD Scores for 1290028 SNPs.
After merging with reference panel LD, 1050509 SNPs remain.
After merging with regression SNP LD, 1050509 SNPs remain.
Computing rg for phenotype 2/68
Reading summary statistics from ../output_sumstats/output_pmid27989323_TNFb_eur.sumstats.gz ...
Read summary statistics for 1217311 SNPs.
After merging with summary statistics, 1050509 SNPs remain.
1050509 SNPs with valid alleles.

Heritability of phenotype 1
---------------------------
Total Observed scale h2: -0.4506 (0.3081)
Lambda GC: 1.0075
Mean Chi^2: 0.9958
Intercept: 1.0103 (0.0076)
Ratio: NA (mean chi^2 < 1)

Heritability of phenotype 2/68
------------------------------
Total Observed scale h2: -0.4506 (0.3081)
Lambda GC: 1.0075
Mean Chi^2: 0.9958
Intercept: 1.0103 (0.0076)
Ratio: NA (mean chi^2 < 1)

Genetic Covariance
------------------
Total Observed scale gencov: -0.4569 (0.3079)
Mean z1*z2: 0.9958
Intercept: 1.0105 (0.0076)

Genetic Correlation
-------------------
Genetic Correlation: nan (nan) (h2  out of bounds) 
Z-score: nan (nan) (h2  out of bounds)
P: nan (nan) (h2  out of bounds)
WARNING: One of the h2's was out of bounds.
This usually indicates a data-munging error or that h2 or N is low.

Computing rg for phenotype 3/68
Reading summary statistics from ../output_sumstats/output_pmid21833088_MS_eur.sumstats.gz ...
Read summary statistics for 1217311 SNPs.
After merging with summary statistics, 1050509 SNPs remain.
421424 SNPs with valid alleles.

Heritability of phenotype 3/68
------------------------------
Total Observed scale h2: 0.0654 (0.0295)
Lambda GC: 1.0345
Mean Chi^2: 1.0842
Intercept: 1.0521 (0.0101)
Ratio: 0.6194 (0.1196)

Genetic Covariance
------------------
Total Observed scale gencov: -0.0284 (0.0609)
Mean z1*z2: 0.0004
Intercept: 0.0037 (0.0059)

Genetic Correlation
-------------------
Genetic Correlation: nan (nan) (h2  out of bounds) 
Z-score: nan (nan) (h2  out of bounds)
P: nan (nan) (h2  out of bounds)
WARNING: One of the h2's was out of bounds.
This usually indicates a data-munging error or that h2 or N is low.

Computing rg for phenotype 4/68
Reading summary statistics from ../output_sumstats/output_pmid24076602_MS_eur.sumstats.gz ...
Read summary statistics for 1217311 SNPs.
After merging with summary statistics, 1050509 SNPs remain.
45391 SNPs with valid alleles.
WARNING: number of SNPs less than 200k; this is almost always bad.

Heritability of phenotype 4/68
------------------------------
Total Observed scale h2: 1.5584 (0.2553)
Lambda GC: 1.4926
Mean Chi^2: 2.2847
Intercept: 1.0675 (0.0967)
Ratio: 0.0525 (0.0752)

Genetic Covariance
------------------
Total Observed scale gencov: -0.2001 (0.2559)
Mean z1*z2: -0.0051
Intercept: 0.0396 (0.0233)

Genetic Correlation
-------------------
Genetic Correlation: nan (nan) (h2  out of bounds) 
Z-score: nan (nan) (h2  out of bounds)
P: nan (nan) (h2  out of bounds)
WARNING: One of the h2's was out of bounds.
This usually indicates a data-munging error or that h2 or N is low.

Computing rg for phenotype 5/68
Reading summary statistics from ../output_sumstats/output_pmid24816252_acetylcarnitine_eur.sumstats.gz ...
Read summary statistics for 1217311 SNPs.
After merging with summary statistics, 1050509 SNPs remain.
938503 SNPs with valid alleles.

Heritability of phenotype 5/68
------------------------------
Total Observed scale h2: -0.2501 (0.0767)
Lambda GC: 0.9692
Mean Chi^2: 0.9818
Intercept: 1.0198 (0.0078)
Ratio: NA (mean chi^2 < 1)

Genetic Covariance
------------------
Total Observed scale gencov: 0.0894 (0.0833)
Mean z1*z2: -0.0004
Intercept: -0.0066 (0.005)

Genetic Correlation
-------------------
Genetic Correlation: nan (nan) (h2  out of bounds) 
Z-score: nan (nan) (h2  out of bounds)
P: nan (nan) (h2  out of bounds)
WARNING: One of the h2's was out of bounds.
This usually indicates a data-munging error or that h2 or N is low.

Computing rg for phenotype 6/68
Reading summary statistics from ../output_sumstats/output_pmid24816252_alanine_eur.sumstats.gz ...
Read summary statistics for 1217311 SNPs.
After merging with summary statistics, 1050509 SNPs remain.
938503 SNPs with valid alleles.

Heritability of phenotype 6/68
------------------------------
Total Observed scale h2: 0.5132 (0.0736)
Lambda GC: 1.0679
Mean Chi^2: 1.095
Intercept: 1.0184 (0.0079)
Ratio: 0.1932 (0.0835)

Genetic Covariance
------------------
Total Observed scale gencov: -0.1599 (0.0873)
Mean z1*z2: -0.0068
Intercept: 0.0041 (0.005)

Genetic Correlation
-------------------
Genetic Correlation: nan (nan) (h2  out of bounds) 
Z-score: nan (nan) (h2  out of bounds)
P: nan (nan) (h2  out of bounds)
WARNING: One of the h2's was out of bounds.
This usually indicates a data-munging error or that h2 or N is low.

Computing rg for phenotype 7/68
Reading summary statistics from ../output_sumstats/output_pmid24816252_arginine_eur.sumstats.gz ...
Read summary statistics for 1217311 SNPs.
After merging with summary statistics, 1050509 SNPs remain.
938503 SNPs with valid alleles.

Heritability of phenotype 7/68
------------------------------
Total Observed scale h2: -0.0063 (0.0668)
Lambda GC: 1.0255
Mean Chi^2: 1.0376
Intercept: 1.0385 (0.0078)
Ratio: 1.0226 (0.2064)

Genetic Covariance
------------------
Total Observed scale gencov: -0.0956 (0.0942)
Mean z1*z2: -0.0057
Intercept: 0.0009 (0.0051)

Genetic Correlation
-------------------
Genetic Correlation: nan (nan) (h2  out of bounds) 
Z-score: nan (nan) (h2  out of bounds)
P: nan (nan) (h2  out of bounds)
WARNING: One of the h2's was out of bounds.
This usually indicates a data-munging error or that h2 or N is low.

Computing rg for phenotype 8/68
Reading summary statistics from ../output_sumstats/output_pmid24816252_asparagine_eur.sumstats.gz ...
Read summary statistics for 1217311 SNPs.
After merging with summary statistics, 1050509 SNPs remain.
938503 SNPs with valid alleles.

Heritability of phenotype 8/68
------------------------------
Total Observed scale h2: 0.4469 (0.0684)
Lambda GC: 1.0741
Mean Chi^2: 1.0972
Intercept: 1.0301 (0.0079)
Ratio: 0.3099 (0.0816)

Genetic Covariance
------------------
Total Observed scale gencov: 0.139 (0.0982)
Mean z1*z2: 0.0116
Intercept: 0.002 (0.0047)

Genetic Correlation
-------------------
Genetic Correlation: nan (nan) (h2  out of bounds) 
Z-score: nan (nan) (h2  out of bounds)
P: nan (nan) (h2  out of bounds)
WARNING: One of the h2's was out of bounds.
This usually indicates a data-munging error or that h2 or N is low.

Computing rg for phenotype 9/68
Reading summary statistics from ../output_sumstats/output_pmid24816252_cholesterol_eur.sumstats.gz ...
Read summary statistics for 1217311 SNPs.
After merging with summary statistics, 1050509 SNPs remain.
938503 SNPs with valid alleles.

Heritability of phenotype 9/68
------------------------------
Total Observed scale h2: 0.0762 (0.0723)
Lambda GC: 1.0527
Mean Chi^2: 1.0672
Intercept: 1.0555 (0.0074)
Ratio: 0.8264 (0.1095)

Genetic Covariance
------------------
Total Observed scale gencov: -0.1314 (0.0906)
Mean z1*z2: -0.0066
Intercept: 0.0026 (0.0056)

Genetic Correlation
-------------------
Genetic Correlation: nan (nan) (h2  out of bounds) 
Z-score: nan (nan) (h2  out of bounds)
P: nan (nan) (h2  out of bounds)
WARNING: One of the h2's was out of bounds.
This usually indicates a data-munging error or that h2 or N is low.

Computing rg for phenotype 10/68
Reading summary statistics from ../output_sumstats/output_pmid24816252_citrate_eur.sumstats.gz ...
Read summary statistics for 1217311 SNPs.
After merging with summary statistics, 1050509 SNPs remain.
938503 SNPs with valid alleles.

Heritability of phenotype 10/68
-------------------------------
Total Observed scale h2: 0.4082 (0.0813)
Lambda GC: 1.1019
Mean Chi^2: 1.1318
Intercept: 1.0718 (0.0084)
Ratio: 0.5446 (0.0636)

Genetic Covariance
------------------
Total Observed scale gencov: -0.1031 (0.0945)
Mean z1*z2: -0.003
Intercept: 0.0042 (0.0058)

Genetic Correlation
-------------------
Genetic Correlation: nan (nan) (h2  out of bounds) 
Z-score: nan (nan) (h2  out of bounds)
P: nan (nan) (h2  out of bounds)
WARNING: One of the h2's was out of bounds.
This usually indicates a data-munging error or that h2 or N is low.

Computing rg for phenotype 11/68
Reading summary statistics from ../output_sumstats/output_pmid24816252_glutamate_eur.sumstats.gz ...
Read summary statistics for 1217311 SNPs.
After merging with summary statistics, 1050509 SNPs remain.
938503 SNPs with valid alleles.

Heritability of phenotype 11/68
-------------------------------
Total Observed scale h2: 0.1967 (0.0592)
Lambda GC: 0.9576
Mean Chi^2: 0.9553
Intercept: 0.926 (0.0067)
Ratio: NA (mean chi^2 < 1)

Genetic Covariance
------------------
Total Observed scale gencov: -0.0028 (0.0901)
Mean z1*z2: -0.0013
Intercept: -0.0012 (0.0047)

Genetic Correlation
-------------------
Genetic Correlation: nan (nan) (h2  out of bounds) 
Z-score: nan (nan) (h2  out of bounds)
P: nan (nan) (h2  out of bounds)
WARNING: One of the h2's was out of bounds.
This usually indicates a data-munging error or that h2 or N is low.

Computing rg for phenotype 12/68
Reading summary statistics from ../output_sumstats/output_pmid24816252_glycerol_eur.sumstats.gz ...
Read summary statistics for 1217311 SNPs.
After merging with summary statistics, 1050509 SNPs remain.
938503 SNPs with valid alleles.

Heritability of phenotype 12/68
-------------------------------
Total Observed scale h2: -0.1183 (0.0625)
Lambda GC: 0.9839
Mean Chi^2: 0.9929
Intercept: 1.0107 (0.0076)
Ratio: NA (mean chi^2 < 1)

Genetic Covariance
------------------
Total Observed scale gencov: 0.0715 (0.0858)
Mean z1*z2: -0.0055
Intercept: -0.0105 (0.0048)

Genetic Correlation
-------------------
Genetic Correlation: nan (nan) (h2  out of bounds) 
Z-score: nan (nan) (h2  out of bounds)
P: nan (nan) (h2  out of bounds)
WARNING: One of the h2's was out of bounds.
This usually indicates a data-munging error or that h2 or N is low.

Computing rg for phenotype 13/68
Reading summary statistics from ../output_sumstats/output_pmid24816252_histidine_eur.sumstats.gz ...
Read summary statistics for 1217311 SNPs.
After merging with summary statistics, 1050509 SNPs remain.
938503 SNPs with valid alleles.

Heritability of phenotype 13/68
-------------------------------
Total Observed scale h2: 0.3692 (0.0775)
Lambda GC: 0.818
Mean Chi^2: 0.826
Intercept: 0.772 (0.0072)
Ratio: NA (mean chi^2 < 1)

Genetic Covariance
------------------
Total Observed scale gencov: 0.0301 (0.0834)
Mean z1*z2: 0.0036
Intercept: 0.0016 (0.0045)

Genetic Correlation
-------------------
Genetic Correlation: nan (nan) (h2  out of bounds) 
Z-score: nan (nan) (h2  out of bounds)
P: nan (nan) (h2  out of bounds)
WARNING: One of the h2's was out of bounds.
This usually indicates a data-munging error or that h2 or N is low.

Computing rg for phenotype 14/68
Reading summary statistics from ../output_sumstats/output_pmid24816252_isoleucine_eur.sumstats.gz ...
Read summary statistics for 1217311 SNPs.
After merging with summary statistics, 1050509 SNPs remain.
938503 SNPs with valid alleles.

Heritability of phenotype 14/68
-------------------------------
Total Observed scale h2: -0.2447 (0.0597)
Lambda GC: 0.9431
Mean Chi^2: 0.9533
Intercept: 0.9905 (0.0066)
Ratio: NA (mean chi^2 < 1)

Genetic Covariance
------------------
Total Observed scale gencov: -0.0713 (0.0865)
Mean z1*z2: -0.0068
Intercept: -0.0019 (0.0045)

Genetic Correlation
-------------------
Genetic Correlation: nan (nan) (h2  out of bounds) 
Z-score: nan (nan) (h2  out of bounds)
P: nan (nan) (h2  out of bounds)
WARNING: One of the h2's was out of bounds.
This usually indicates a data-munging error or that h2 or N is low.

Computing rg for phenotype 15/68
Reading summary statistics from ../output_sumstats/output_pmid24816252_phenylalanine_eur.sumstats.gz ...
Read summary statistics for 1217311 SNPs.
After merging with summary statistics, 1050509 SNPs remain.
938503 SNPs with valid alleles.

Heritability of phenotype 15/68
-------------------------------
Total Observed scale h2: 0.2875 (0.046)
Lambda GC: 0.8287
Mean Chi^2: 0.8301
Intercept: 0.7884 (0.0055)
Ratio: NA (mean chi^2 < 1)

Genetic Covariance
------------------
Total Observed scale gencov: 0.0059 (0.0814)
Mean z1*z2: -0.0067
Intercept: -0.0072 (0.0044)

Genetic Correlation
-------------------
Genetic Correlation: nan (nan) (h2  out of bounds) 
Z-score: nan (nan) (h2  out of bounds)
P: nan (nan) (h2  out of bounds)
WARNING: One of the h2's was out of bounds.
This usually indicates a data-munging error or that h2 or N is low.

Computing rg for phenotype 16/68
Reading summary statistics from ../output_sumstats/output_pmid24816252_proline_eur.sumstats.gz ...
Read summary statistics for 1217311 SNPs.
After merging with summary statistics, 1050509 SNPs remain.
938503 SNPs with valid alleles.

Heritability of phenotype 16/68
-------------------------------
Total Observed scale h2: 0.39 (0.0776)
Lambda GC: 1.071
Mean Chi^2: 1.0974
Intercept: 1.0388 (0.0094)
Ratio: 0.3985 (0.0969)

Genetic Covariance
------------------
Total Observed scale gencov: -0.1784 (0.0988)
Mean z1*z2: -0.0068
Intercept: 0.0057 (0.0051)

Genetic Correlation
-------------------
Genetic Correlation: nan (nan) (h2  out of bounds) 
Z-score: nan (nan) (h2  out of bounds)
P: nan (nan) (h2  out of bounds)
WARNING: One of the h2's was out of bounds.
This usually indicates a data-munging error or that h2 or N is low.

Computing rg for phenotype 17/68
Reading summary statistics from ../output_sumstats/output_pmid24816252_pyruvate_eur.sumstats.gz ...
Read summary statistics for 1217311 SNPs.
After merging with summary statistics, 1050509 SNPs remain.
938503 SNPs with valid alleles.

Heritability of phenotype 17/68
-------------------------------
Total Observed scale h2: 0.1175 (0.0572)
Lambda GC: 1.0195
Mean Chi^2: 1.0223
Intercept: 1.005 (0.0065)
Ratio: 0.2246 (0.2893)

Genetic Covariance
------------------
Total Observed scale gencov: -0.0259 (0.0868)
Mean z1*z2: -0.0091
Intercept: -0.0074 (0.0046)

Genetic Correlation
-------------------
Genetic Correlation: nan (nan) (h2  out of bounds) 
Z-score: nan (nan) (h2  out of bounds)
P: nan (nan) (h2  out of bounds)
WARNING: One of the h2's was out of bounds.
This usually indicates a data-munging error or that h2 or N is low.

Computing rg for phenotype 18/68
Reading summary statistics from ../output_sumstats/output_pmid24816252_threonine_eur.sumstats.gz ...
Read summary statistics for 1217311 SNPs.
After merging with summary statistics, 1050509 SNPs remain.
938503 SNPs with valid alleles.

Heritability of phenotype 18/68
-------------------------------
Total Observed scale h2: 0.0297 (0.0867)
Lambda GC: 1.0016
Mean Chi^2: 1.0141
Intercept: 1.0106 (0.0071)
Ratio: 0.7507 (0.502)

Genetic Covariance
------------------
Total Observed scale gencov: -0.0855 (0.1077)
Mean z1*z2: -0.004
Intercept: 0.0012 (0.0046)

Genetic Correlation
-------------------
Genetic Correlation: nan (nan) (h2  out of bounds) 
Z-score: nan (nan) (h2  out of bounds)
P: nan (nan) (h2  out of bounds)
WARNING: One of the h2's was out of bounds.
This usually indicates a data-munging error or that h2 or N is low.

Computing rg for phenotype 19/68
Reading summary statistics from ../output_sumstats/output_pmid24816252_tryptophan_eur.sumstats.gz ...
Read summary statistics for 1217311 SNPs.
After merging with summary statistics, 1050509 SNPs remain.
938503 SNPs with valid alleles.

Heritability of phenotype 19/68
-------------------------------
Total Observed scale h2: 0.9087 (0.0762)
Lambda GC: 1.0926
Mean Chi^2: 1.1952
Intercept: 1.0599 (0.0086)
Ratio: 0.3068 (0.044)

Genetic Covariance
------------------
Total Observed scale gencov: -0.0851 (0.1058)
Mean z1*z2: -0.0005
Intercept: 0.0053 (0.0053)

Genetic Correlation
-------------------
Genetic Correlation: nan (nan) (h2  out of bounds) 
Z-score: nan (nan) (h2  out of bounds)
P: nan (nan) (h2  out of bounds)
WARNING: One of the h2's was out of bounds.
This usually indicates a data-munging error or that h2 or N is low.

Computing rg for phenotype 20/68
Reading summary statistics from ../output_sumstats/output_pmid24816252_tyrosine_eur.sumstats.gz ...
Read summary statistics for 1217311 SNPs.
After merging with summary statistics, 1050509 SNPs remain.
938503 SNPs with valid alleles.

Heritability of phenotype 20/68
-------------------------------
Total Observed scale h2: 0.1303 (0.0779)
Lambda GC: 1.0466
Mean Chi^2: 1.0599
Intercept: 1.0401 (0.0085)
Ratio: 0.6697 (0.1413)

Genetic Covariance
------------------
Total Observed scale gencov: -0.0265 (0.0897)
Mean z1*z2: -0.0034
Intercept: -0.0016 (0.0049)

Genetic Correlation
-------------------
Genetic Correlation: nan (nan) (h2  out of bounds) 
Z-score: nan (nan) (h2  out of bounds)
P: nan (nan) (h2  out of bounds)
WARNING: One of the h2's was out of bounds.
This usually indicates a data-munging error or that h2 or N is low.

Computing rg for phenotype 21/68
Reading summary statistics from ../output_sumstats/output_pmid24816252_urea_eur.sumstats.gz ...
Read summary statistics for 1217311 SNPs.
After merging with summary statistics, 1050509 SNPs remain.
938503 SNPs with valid alleles.

Heritability of phenotype 21/68
-------------------------------
Total Observed scale h2: -0.0877 (0.0557)
Lambda GC: 0.9868
Mean Chi^2: 1.
Intercept: 1.0132 (0.0069)
Ratio: 580.4794 (304.7585)

Genetic Covariance
------------------
Total Observed scale gencov: -0.0734 (0.0846)
Mean z1*z2: 7.1787e-05
Intercept: 0.0052 (0.0048)

Genetic Correlation
-------------------
Genetic Correlation: nan (nan) (h2  out of bounds) 
Z-score: nan (nan) (h2  out of bounds)
P: nan (nan) (h2  out of bounds)
WARNING: One of the h2's was out of bounds.
This usually indicates a data-munging error or that h2 or N is low.

Computing rg for phenotype 22/68
Reading summary statistics from ../output_sumstats/output_pmid27386562_MS_eur.sumstats.gz ...
Read summary statistics for 1217311 SNPs.
After merging with summary statistics, 1050509 SNPs remain.
1030701 SNPs with valid alleles.

Heritability of phenotype 22/68
-------------------------------
Total Observed scale h2: 0.2566 (0.05)
Lambda GC: 1.127
Mean Chi^2: 1.1495
Intercept: 1.067 (0.0095)
Ratio: 0.4482 (0.0635)

Genetic Covariance
------------------
Total Observed scale gencov: -0.0316 (0.0747)
Mean z1*z2: 0.0038
Intercept: 0.0075 (0.006)

Genetic Correlation
-------------------
Genetic Correlation: nan (nan) (h2  out of bounds) 
Z-score: nan (nan) (h2  out of bounds)
P: nan (nan) (h2  out of bounds)
WARNING: One of the h2's was out of bounds.
This usually indicates a data-munging error or that h2 or N is low.

Computing rg for phenotype 23/68
Reading summary statistics from ../output_sumstats/output_pmid27455348_ALS_eur.sumstats.gz ...
Read summary statistics for 1217311 SNPs.
After merging with summary statistics, 1050509 SNPs remain.
1045311 SNPs with valid alleles.

Heritability of phenotype 23/68
-------------------------------
Total Observed scale h2: 0.0395 (0.0134)
Lambda GC: 1.0315
Mean Chi^2: 1.0354
Intercept: 1.0058 (0.0074)
Ratio: 0.165 (0.2102)

Genetic Covariance
------------------
Total Observed scale gencov: 0.0186 (0.0432)
Mean z1*z2: -0.0077
Intercept: -0.0106 (0.0048)

Genetic Correlation
-------------------
Genetic Correlation: nan (nan) (h2  out of bounds) 
Z-score: nan (nan) (h2  out of bounds)
P: nan (nan) (h2  out of bounds)
WARNING: One of the h2's was out of bounds.
This usually indicates a data-munging error or that h2 or N is low.

Computing rg for phenotype 24/68
Reading summary statistics from ../output_sumstats/output_pmid27989323_CTACK_eur.sumstats.gz ...
Read summary statistics for 1217311 SNPs.
After merging with summary statistics, 1050509 SNPs remain.
1048797 SNPs with valid alleles.

Heritability of phenotype 24/68
-------------------------------
Total Observed scale h2: 0.0011 (0.1173)
Lambda GC: 0.9927
Mean Chi^2: 1.0012
Intercept: 1.0011 (0.0077)
Ratio: 0.9297 (6.5102)

Genetic Covariance
------------------
Total Observed scale gencov: 0.0662 (0.1386)
Mean z1*z2: 0.0815
Intercept: 0.0783 (0.0063)

Genetic Correlation
-------------------
Genetic Correlation: nan (nan) (h2  out of bounds) 
Z-score: nan (nan) (h2  out of bounds)
P: nan (nan) (h2  out of bounds)
WARNING: One of the h2's was out of bounds.
This usually indicates a data-munging error or that h2 or N is low.

Computing rg for phenotype 25/68
Reading summary statistics from ../output_sumstats/output_pmid27989323_GCSF_eur.sumstats.gz ...
Read summary statistics for 1217311 SNPs.
After merging with summary statistics, 1050509 SNPs remain.
1048200 SNPs with valid alleles.

Heritability of phenotype 25/68
-------------------------------
Total Observed scale h2: -0.0057 (0.0645)
Lambda GC: 1.0165
Mean Chi^2: 1.0116
Intercept: 1.0125 (0.0091)
Ratio: 1.0803 (0.7854)

Genetic Covariance
------------------
Total Observed scale gencov: 0.0928 (0.1118)
Mean z1*z2: 0.0497
Intercept: 0.043 (0.0063)

Genetic Correlation
-------------------
Genetic Correlation: nan (nan) (h2  out of bounds) 
Z-score: nan (nan) (h2  out of bounds)
P: nan (nan) (h2  out of bounds)
WARNING: One of the h2's was out of bounds.
This usually indicates a data-munging error or that h2 or N is low.

Computing rg for phenotype 26/68
Reading summary statistics from ../output_sumstats/output_pmid27989323_GROa_eur.sumstats.gz ...
Read summary statistics for 1217311 SNPs.
After merging with summary statistics, 1050509 SNPs remain.
53 SNPs with valid alleles.
WARNING: number of SNPs less than 200k; this is almost always bad.

Heritability of phenotype 26/68
-------------------------------
Total Observed scale h2: -49.3485 (28.9407)
Lambda GC: 0.3141
Mean Chi^2: 0.3914
Intercept: 1.4646 (0.6718)
Ratio: NA (mean chi^2 < 1)

Genetic Covariance
------------------
Total Observed scale gencov: -14.179 (27.9005)
Mean z1*z2: -0.0685
Intercept: 0.1364 (0.4334)

Genetic Correlation
-------------------
Genetic Correlation: nan (nan) (h2  out of bounds) 
Z-score: nan (nan) (h2  out of bounds)
P: nan (nan) (h2  out of bounds)
WARNING: One of the h2's was out of bounds.
This usually indicates a data-munging error or that h2 or N is low.

Computing rg for phenotype 27/68
Reading summary statistics from ../output_sumstats/output_pmid27989323_HGF_eur.sumstats.gz ...
Read summary statistics for 1217311 SNPs.
After merging with summary statistics, 1050509 SNPs remain.
1048140 SNPs with valid alleles.

Heritability of phenotype 27/68
-------------------------------
Total Observed scale h2: 0.0103 (0.0609)
Lambda GC: 1.0075
Mean Chi^2: 1.0073
Intercept: 1.0056 (0.0086)
Ratio: 0.7574 (1.166)

Genetic Covariance
------------------
Total Observed scale gencov: 0.0404 (0.0882)
Mean z1*z2: 0.0503
Intercept: 0.0473 (0.0053)

Genetic Correlation
-------------------
Genetic Correlation: nan (nan) (h2  out of bounds) 
Z-score: nan (nan) (h2  out of bounds)
P: nan (nan) (h2  out of bounds)
WARNING: One of the h2's was out of bounds.
This usually indicates a data-munging error or that h2 or N is low.

Computing rg for phenotype 28/68
Reading summary statistics from ../output_sumstats/output_pmid27989323_IFNg_eur.sumstats.gz ...
Read summary statistics for 1217311 SNPs.
After merging with summary statistics, 1050509 SNPs remain.
1048219 SNPs with valid alleles.

Heritability of phenotype 28/68
-------------------------------
Total Observed scale h2: 0.0183 (0.0674)
Lambda GC: 1.0075
Mean Chi^2: 1.0021
Intercept: 0.9991 (0.009)
Ratio < 0 (usually indicates GC correction).

Genetic Covariance
------------------
Total Observed scale gencov: -0.024 (0.0962)
Mean z1*z2: 0.0511
Intercept: 0.0528 (0.0058)

Genetic Correlation
-------------------
Genetic Correlation: nan (nan) (h2  out of bounds) 
Z-score: nan (nan) (h2  out of bounds)
P: nan (nan) (h2  out of bounds)
WARNING: One of the h2's was out of bounds.
This usually indicates a data-munging error or that h2 or N is low.

Computing rg for phenotype 29/68
Reading summary statistics from ../output_sumstats/output_pmid27989323_IL10_eur.sumstats.gz ...
Read summary statistics for 1217311 SNPs.
After merging with summary statistics, 1050509 SNPs remain.
1048302 SNPs with valid alleles.

Heritability of phenotype 29/68
-------------------------------
Total Observed scale h2: -0.0557 (0.0904)
Lambda GC: 1.0046
Mean Chi^2: 1.0183
Intercept: 1.0272 (0.0149)
Ratio: 1.4861 (0.8139)

Genetic Covariance
------------------
Total Observed scale gencov: 0.0403 (0.1006)
Mean z1*z2: 0.0424
Intercept: 0.0395 (0.0057)

Genetic Correlation
-------------------
Genetic Correlation: nan (nan) (h2  out of bounds) 
Z-score: nan (nan) (h2  out of bounds)
P: nan (nan) (h2  out of bounds)
WARNING: One of the h2's was out of bounds.
This usually indicates a data-munging error or that h2 or N is low.

Computing rg for phenotype 30/68
Reading summary statistics from ../output_sumstats/output_pmid27989323_IL12p70_eur.sumstats.gz ...
Read summary statistics for 1217311 SNPs.
After merging with summary statistics, 1050509 SNPs remain.
1048136 SNPs with valid alleles.

Heritability of phenotype 30/68
-------------------------------
Total Observed scale h2: -0.0718 (0.1223)
Lambda GC: 1.0255
Mean Chi^2: 1.0322
Intercept: 1.0445 (0.0254)
Ratio: 1.3831 (0.7879)

Genetic Covariance
------------------
Total Observed scale gencov: 0.0933 (0.0931)
Mean z1*z2: 0.0619
Intercept: 0.0549 (0.0056)

Genetic Correlation
-------------------
Genetic Correlation: nan (nan) (h2  out of bounds) 
Z-score: nan (nan) (h2  out of bounds)
P: nan (nan) (h2  out of bounds)
WARNING: One of the h2's was out of bounds.
This usually indicates a data-munging error or that h2 or N is low.

Computing rg for phenotype 31/68
Reading summary statistics from ../output_sumstats/output_pmid27989323_IL13_eur.sumstats.gz ...
Read summary statistics for 1217311 SNPs.
After merging with summary statistics, 1050509 SNPs remain.
1048811 SNPs with valid alleles.

Heritability of phenotype 31/68
-------------------------------
Total Observed scale h2: -0.2438 (0.1794)
Lambda GC: 1.0046
Mean Chi^2: 1.0054
Intercept: 1.0234 (0.0144)
Ratio: 4.3648 (2.692)

Genetic Covariance
------------------
Total Observed scale gencov: 0.0855 (0.1437)
Mean z1*z2: 0.0416
Intercept: 0.0374 (0.0054)

Genetic Correlation
-------------------
Genetic Correlation: nan (nan) (h2  out of bounds) 
Z-score: nan (nan) (h2  out of bounds)
P: nan (nan) (h2  out of bounds)
WARNING: One of the h2's was out of bounds.
This usually indicates a data-munging error or that h2 or N is low.

Computing rg for phenotype 32/68
Reading summary statistics from ../output_sumstats/output_pmid27989323_IL16_eur.sumstats.gz ...
Read summary statistics for 1217311 SNPs.
After merging with summary statistics, 1050509 SNPs remain.
1048817 SNPs with valid alleles.

Heritability of phenotype 32/68
-------------------------------
Total Observed scale h2: -0.0488 (0.1324)
Lambda GC: 0.9898
Mean Chi^2: 0.9895
Intercept: 0.9931 (0.0077)
Ratio: NA (mean chi^2 < 1)

Genetic Covariance
------------------
Total Observed scale gencov: 0.0406 (0.1455)
Mean z1*z2: 0.0265
Intercept: 0.0245 (0.0062)

Genetic Correlation
-------------------
Genetic Correlation: nan (nan) (h2  out of bounds) 
Z-score: nan (nan) (h2  out of bounds)
P: nan (nan) (h2  out of bounds)
WARNING: One of the h2's was out of bounds.
This usually indicates a data-munging error or that h2 or N is low.

Computing rg for phenotype 33/68
Reading summary statistics from ../output_sumstats/output_pmid27989323_IL17_eur.sumstats.gz ...
Read summary statistics for 1217311 SNPs.
After merging with summary statistics, 1050509 SNPs remain.
1957 SNPs with valid alleles.
WARNING: number of SNPs less than 200k; this is almost always bad.

Heritability of phenotype 33/68
-------------------------------
Total Observed scale h2: -4.504 (1.5189)
Lambda GC: 1.1301
Mean Chi^2: 1.2017
Intercept: 1.6017 (0.1571)
Ratio: 2.9827 (0.7787)

Genetic Covariance
------------------
Total Observed scale gencov: 2.3763 (1.9771)
Mean z1*z2: 0.1169
Intercept: 0.023 (0.0915)

Genetic Correlation
-------------------
Genetic Correlation: nan (nan) (h2  out of bounds) 
Z-score: nan (nan) (h2  out of bounds)
P: nan (nan) (h2  out of bounds)
WARNING: One of the h2's was out of bounds.
This usually indicates a data-munging error or that h2 or N is low.

Computing rg for phenotype 34/68
Reading summary statistics from ../output_sumstats/output_pmid27989323_IL18_eur.sumstats.gz ...
Read summary statistics for 1217311 SNPs.
After merging with summary statistics, 1050509 SNPs remain.
349822 SNPs with valid alleles.

Heritability of phenotype 34/68
-------------------------------
Total Observed scale h2: 0.4441 (0.6221)
Lambda GC: 1.0016
Mean Chi^2: 1.0313
Intercept: 0.9941 (0.0264)
Ratio < 0 (usually indicates GC correction).

Genetic Covariance
------------------
Total Observed scale gencov: -0.3126 (0.247)
Mean z1*z2: 0.0423
Intercept: 0.058 (0.0105)

Genetic Correlation
-------------------
Genetic Correlation: nan (nan) (h2  out of bounds) 
Z-score: nan (nan) (h2  out of bounds)
P: nan (nan) (h2  out of bounds)
WARNING: One of the h2's was out of bounds.
This usually indicates a data-munging error or that h2 or N is low.

Computing rg for phenotype 35/68
Reading summary statistics from ../output_sumstats/output_pmid27989323_IL1ra_eur.sumstats.gz ...
Read summary statistics for 1217311 SNPs.
After merging with summary statistics, 1050509 SNPs remain.
1048889 SNPs with valid alleles.

Heritability of phenotype 35/68
-------------------------------
Total Observed scale h2: 0.0109 (0.1546)
Lambda GC: 1.0075
Mean Chi^2: 1.0093
Intercept: 1.0085 (0.009)
Ratio: 0.9126 (0.9737)

Genetic Covariance
------------------
Total Observed scale gencov: 0.1358 (0.1397)
Mean z1*z2: 0.0486
Intercept: 0.0419 (0.005)

Genetic Correlation
-------------------
Genetic Correlation: nan (nan) (h2  out of bounds) 
Z-score: nan (nan) (h2  out of bounds)
P: nan (nan) (h2  out of bounds)
WARNING: One of the h2's was out of bounds.
This usually indicates a data-munging error or that h2 or N is low.

Computing rg for phenotype 36/68
Reading summary statistics from ../output_sumstats/output_pmid27989323_IL2_eur.sumstats.gz ...
Read summary statistics for 1217311 SNPs.
After merging with summary statistics, 1050509 SNPs remain.
1048822 SNPs with valid alleles.

Heritability of phenotype 36/68
-------------------------------
Total Observed scale h2: -0.092 (0.1317)
Lambda GC: 1.0135
Mean Chi^2: 1.0065
Intercept: 1.0131 (0.0076)
Ratio: 2.0215 (1.1747)

Genetic Covariance
------------------
Total Observed scale gencov: -0.1135 (0.1512)
Mean z1*z2: 0.0587
Intercept: 0.0642 (0.005)

Genetic Correlation
-------------------
Genetic Correlation: nan (nan) (h2  out of bounds) 
Z-score: nan (nan) (h2  out of bounds)
P: nan (nan) (h2  out of bounds)
WARNING: One of the h2's was out of bounds.
This usually indicates a data-munging error or that h2 or N is low.

Computing rg for phenotype 37/68
Reading summary statistics from ../output_sumstats/output_pmid27989323_IL2ra_eur.sumstats.gz ...
Read summary statistics for 1217311 SNPs.
After merging with summary statistics, 1050509 SNPs remain.
1048867 SNPs with valid alleles.

Heritability of phenotype 37/68
-------------------------------
Total Observed scale h2: 0.0619 (0.1167)
Lambda GC: 1.0105
Mean Chi^2: 1.0085
Intercept: 1.0039 (0.0075)
Ratio: 0.4558 (0.8826)

Genetic Covariance
------------------
Total Observed scale gencov: 0.033 (0.1368)
Mean z1*z2: 0.1385
Intercept: 0.1369 (0.0051)

Genetic Correlation
-------------------
Genetic Correlation: nan (nan) (h2  out of bounds) 
Z-score: nan (nan) (h2  out of bounds)
P: nan (nan) (h2  out of bounds)
WARNING: One of the h2's was out of bounds.
This usually indicates a data-munging error or that h2 or N is low.

Computing rg for phenotype 38/68
Reading summary statistics from ../output_sumstats/output_pmid27989323_IL4_eur.sumstats.gz ...
Read summary statistics for 1217311 SNPs.
After merging with summary statistics, 1050509 SNPs remain.
1048028 SNPs with valid alleles.

Heritability of phenotype 38/68
-------------------------------
Total Observed scale h2: -0.0456 (0.0612)
Lambda GC: 1.0016
Mean Chi^2: 1.0046
Intercept: 1.0123 (0.0094)
Ratio: 2.6771 (2.0514)

Genetic Covariance
------------------
Total Observed scale gencov: 0.0346 (0.097)
Mean z1*z2: 0.0445
Intercept: 0.0419 (0.0064)

Genetic Correlation
-------------------
Genetic Correlation: nan (nan) (h2  out of bounds) 
Z-score: nan (nan) (h2  out of bounds)
P: nan (nan) (h2  out of bounds)
WARNING: One of the h2's was out of bounds.
This usually indicates a data-munging error or that h2 or N is low.

Computing rg for phenotype 39/68
Reading summary statistics from ../output_sumstats/output_pmid27989323_IL5_eur.sumstats.gz ...
Read summary statistics for 1217311 SNPs.
After merging with summary statistics, 1050509 SNPs remain.
1048276 SNPs with valid alleles.

Heritability of phenotype 39/68
-------------------------------
Total Observed scale h2: -0.182 (0.147)
Lambda GC: 1.0105
Mean Chi^2: 1.0057
Intercept: 1.0184 (0.0084)
Ratio: 3.2513 (1.4938)

Genetic Covariance
------------------
Total Observed scale gencov: 0.2784 (0.1426)
Mean z1*z2: 0.0684
Intercept: 0.0552 (0.0056)

Genetic Correlation
-------------------
Genetic Correlation: nan (nan) (h2  out of bounds) 
Z-score: nan (nan) (h2  out of bounds)
P: nan (nan) (h2  out of bounds)
WARNING: One of the h2's was out of bounds.
This usually indicates a data-munging error or that h2 or N is low.

Computing rg for phenotype 40/68
Reading summary statistics from ../output_sumstats/output_pmid27989323_IL6_eur.sumstats.gz ...
Read summary statistics for 1217311 SNPs.
After merging with summary statistics, 1050509 SNPs remain.
1048211 SNPs with valid alleles.

Heritability of phenotype 40/68
-------------------------------
Total Observed scale h2: 0.0018 (0.0592)
Lambda GC: 1.0135
Mean Chi^2: 1.0088
Intercept: 1.0085 (0.0083)
Ratio: 0.9639 (0.9447)

Genetic Covariance
------------------
Total Observed scale gencov: 0.0382 (0.0883)
Mean z1*z2: 0.0438
Intercept: 0.0409 (0.0061)

Genetic Correlation
-------------------
Genetic Correlation: nan (nan) (h2  out of bounds) 
Z-score: nan (nan) (h2  out of bounds)
P: nan (nan) (h2  out of bounds)
WARNING: One of the h2's was out of bounds.
This usually indicates a data-munging error or that h2 or N is low.

Computing rg for phenotype 41/68
Reading summary statistics from ../output_sumstats/output_pmid27989323_IL7_eur.sumstats.gz ...
Read summary statistics for 1217311 SNPs.
After merging with summary statistics, 1050509 SNPs remain.
1048881 SNPs with valid alleles.

Heritability of phenotype 41/68
-------------------------------
Total Observed scale h2: -0.0697 (0.1602)
Lambda GC: 1.0075
Mean Chi^2: 1.0108
Intercept: 1.0158 (0.0098)
Ratio: 1.4555 (0.9017)

Genetic Covariance
------------------
Total Observed scale gencov: 0.1666 (0.1512)
Mean z1*z2: 0.0516
Intercept: 0.0436 (0.006)

Genetic Correlation
-------------------
Genetic Correlation: nan (nan) (h2  out of bounds) 
Z-score: nan (nan) (h2  out of bounds)
P: nan (nan) (h2  out of bounds)
WARNING: One of the h2's was out of bounds.
This usually indicates a data-munging error or that h2 or N is low.

Computing rg for phenotype 42/68
Reading summary statistics from ../output_sumstats/output_pmid27989323_IL8_eur.sumstats.gz ...
Read summary statistics for 1217311 SNPs.
After merging with summary statistics, 1050509 SNPs remain.
1048578 SNPs with valid alleles.

Heritability of phenotype 42/68
-------------------------------
Total Observed scale h2: -0.0754 (0.1394)
Lambda GC: 1.0016
Mean Chi^2: 1.0053
Intercept: 1.0108 (0.0081)
Ratio: 2.0512 (1.5448)

Genetic Covariance
------------------
Total Observed scale gencov: -0.0802 (0.143)
Mean z1*z2: 0.048
Intercept: 0.0519 (0.0056)

Genetic Correlation
-------------------
Genetic Correlation: nan (nan) (h2  out of bounds) 
Z-score: nan (nan) (h2  out of bounds)
P: nan (nan) (h2  out of bounds)
WARNING: One of the h2's was out of bounds.
This usually indicates a data-munging error or that h2 or N is low.

Computing rg for phenotype 43/68
Reading summary statistics from ../output_sumstats/output_pmid27989323_IL9_eur.sumstats.gz ...
Read summary statistics for 1217311 SNPs.
After merging with summary statistics, 1050509 SNPs remain.
1048833 SNPs with valid alleles.

Heritability of phenotype 43/68
-------------------------------
Total Observed scale h2: -0.1804 (0.133)
Lambda GC: 1.0105
Mean Chi^2: 1.0009
Intercept: 1.0145 (0.0082)
Ratio: 16.552 (9.3868)

Genetic Covariance
------------------
Total Observed scale gencov: 0.1668 (0.142)
Mean z1*z2: 0.0584
Intercept: 0.0501 (0.006)

Genetic Correlation
-------------------
Genetic Correlation: nan (nan) (h2  out of bounds) 
Z-score: nan (nan) (h2  out of bounds)
P: nan (nan) (h2  out of bounds)
WARNING: One of the h2's was out of bounds.
This usually indicates a data-munging error or that h2 or N is low.

Computing rg for phenotype 44/68
Reading summary statistics from ../output_sumstats/output_pmid27989323_MCP1_eur.sumstats.gz ...
Read summary statistics for 1217311 SNPs.
After merging with summary statistics, 1050509 SNPs remain.
1048216 SNPs with valid alleles.

Heritability of phenotype 44/68
-------------------------------
Total Observed scale h2: 0.1647 (0.0834)
Lambda GC: 1.0165
Mean Chi^2: 1.0263
Intercept: 0.9981 (0.0088)
Ratio < 0 (usually indicates GC correction).

Genetic Covariance
------------------
Total Observed scale gencov: -0.0774 (0.0901)
Mean z1*z2: 0.0344
Intercept: 0.04 (0.006)

Genetic Correlation
-------------------
Genetic Correlation: nan (nan) (h2  out of bounds) 
Z-score: nan (nan) (h2  out of bounds)
P: nan (nan) (h2  out of bounds)
WARNING: One of the h2's was out of bounds.
This usually indicates a data-munging error or that h2 or N is low.

Computing rg for phenotype 45/68
Reading summary statistics from ../output_sumstats/output_pmid27989323_MCP3_eur.sumstats.gz ...
Read summary statistics for 1217311 SNPs.
After merging with summary statistics, 1050509 SNPs remain.
1049097 SNPs with valid alleles.

Heritability of phenotype 45/68
-------------------------------
Total Observed scale h2: -0.8141 (0.5958)
Lambda GC: 0.9957
Mean Chi^2: 0.9979
Intercept: 1.0122 (0.0083)
Ratio: NA (mean chi^2 < 1)

Genetic Covariance
------------------
Total Observed scale gencov: -0.1856 (0.2506)
Mean z1*z2: 0.099
Intercept: 0.1034 (0.0051)

Genetic Correlation
-------------------
Genetic Correlation: nan (nan) (h2  out of bounds) 
Z-score: nan (nan) (h2  out of bounds)
P: nan (nan) (h2  out of bounds)
WARNING: One of the h2's was out of bounds.
This usually indicates a data-munging error or that h2 or N is low.

Computing rg for phenotype 46/68
Reading summary statistics from ../output_sumstats/output_pmid27989323_MCSF_eur.sumstats.gz ...
Read summary statistics for 1217311 SNPs.
After merging with summary statistics, 1050509 SNPs remain.
1049042 SNPs with valid alleles.

Heritability of phenotype 46/68
-------------------------------
Total Observed scale h2: 0.0628 (0.5631)
Lambda GC: 0.9957
Mean Chi^2: 0.9909
Intercept: 0.9899 (0.0079)
Ratio: NA (mean chi^2 < 1)

Genetic Covariance
------------------
Total Observed scale gencov: 0.2252 (0.3093)
Mean z1*z2: 0.3518
Intercept: 0.3465 (0.0053)

Genetic Correlation
-------------------
Genetic Correlation: nan (nan) (h2  out of bounds) 
Z-score: nan (nan) (h2  out of bounds)
P: nan (nan) (h2  out of bounds)
WARNING: One of the h2's was out of bounds.
This usually indicates a data-munging error or that h2 or N is low.

Computing rg for phenotype 47/68
Reading summary statistics from ../output_sumstats/output_pmid27989323_MIF_eur.sumstats.gz ...
Read summary statistics for 1217311 SNPs.
After merging with summary statistics, 1050509 SNPs remain.
1048902 SNPs with valid alleles.

Heritability of phenotype 47/68
-------------------------------
Total Observed scale h2: 0.0936 (0.1413)
Lambda GC: 1.0075
Mean Chi^2: 1.012
Intercept: 1.0052 (0.0079)
Ratio: 0.4303 (0.6629)

Genetic Covariance
------------------
Total Observed scale gencov: -0.1403 (0.1644)
Mean z1*z2: 0.0319
Intercept: 0.0387 (0.0059)

Genetic Correlation
-------------------
Genetic Correlation: nan (nan) (h2  out of bounds) 
Z-score: nan (nan) (h2  out of bounds)
P: nan (nan) (h2  out of bounds)
WARNING: One of the h2's was out of bounds.
This usually indicates a data-munging error or that h2 or N is low.

Computing rg for phenotype 48/68
Reading summary statistics from ../output_sumstats/output_pmid27989323_MIG_eur.sumstats.gz ...
Read summary statistics for 1217311 SNPs.
After merging with summary statistics, 1050509 SNPs remain.
1048777 SNPs with valid alleles.

Heritability of phenotype 48/68
-------------------------------
Total Observed scale h2: -0.1475 (0.1222)
Lambda GC: 1.0075
Mean Chi^2: 1.0043
Intercept: 1.0156 (0.0075)
Ratio: 3.6308 (1.7385)

Genetic Covariance
------------------
Total Observed scale gencov: 0.1353 (0.138)
Mean z1*z2: 0.1074
Intercept: 0.1006 (0.0052)

Genetic Correlation
-------------------
Genetic Correlation: nan (nan) (h2  out of bounds) 
Z-score: nan (nan) (h2  out of bounds)
P: nan (nan) (h2  out of bounds)
WARNING: One of the h2's was out of bounds.
This usually indicates a data-munging error or that h2 or N is low.

Computing rg for phenotype 49/68
Reading summary statistics from ../output_sumstats/output_pmid27989323_MIP1a_eur.sumstats.gz ...
Read summary statistics for 1217311 SNPs.
After merging with summary statistics, 1050509 SNPs remain.
1048656 SNPs with valid alleles.

Heritability of phenotype 49/68
-------------------------------
Total Observed scale h2: -0.108 (0.144)
Lambda GC: 0.9927
Mean Chi^2: 0.998
Intercept: 1.0059 (0.0083)
Ratio: NA (mean chi^2 < 1)

Genetic Covariance
------------------
Total Observed scale gencov: -0.0074 (0.1345)
Mean z1*z2: 0.0372
Intercept: 0.0376 (0.0056)

Genetic Correlation
-------------------
Genetic Correlation: nan (nan) (h2  out of bounds) 
Z-score: nan (nan) (h2  out of bounds)
P: nan (nan) (h2  out of bounds)
WARNING: One of the h2's was out of bounds.
This usually indicates a data-munging error or that h2 or N is low.

Computing rg for phenotype 50/68
Reading summary statistics from ../output_sumstats/output_pmid27989323_MIP1b_eur.sumstats.gz ...
Read summary statistics for 1217311 SNPs.
After merging with summary statistics, 1050509 SNPs remain.
1048163 SNPs with valid alleles.

Heritability of phenotype 50/68
-------------------------------
Total Observed scale h2: 0.2031 (0.3023)
Lambda GC: 1.0165
Mean Chi^2: 1.0591
Intercept: 1.0238 (0.0347)
Ratio: 0.402 (0.587)

Genetic Covariance
------------------
Total Observed scale gencov: 0.0024 (0.1001)
Mean z1*z2: 0.0086
Intercept: 0.0087 (0.0059)

Genetic Correlation
-------------------
Genetic Correlation: nan (nan) (h2  out of bounds) 
Z-score: nan (nan) (h2  out of bounds)
P: nan (nan) (h2  out of bounds)
WARNING: One of the h2's was out of bounds.
This usually indicates a data-munging error or that h2 or N is low.

Computing rg for phenotype 51/68
Reading summary statistics from ../output_sumstats/output_pmid27989323_PDGFbb_eur.sumstats.gz ...
Read summary statistics for 1217311 SNPs.
After merging with summary statistics, 1050509 SNPs remain.
1048175 SNPs with valid alleles.

Heritability of phenotype 51/68
-------------------------------
Total Observed scale h2: -0.0042 (0.0672)
Lambda GC: 1.0225
Mean Chi^2: 1.0239
Intercept: 1.0246 (0.0101)
Ratio: 1.0304 (0.4241)

Genetic Covariance
------------------
Total Observed scale gencov: 0.0963 (0.101)
Mean z1*z2: 0.0376
Intercept: 0.0304 (0.0059)

Genetic Correlation
-------------------
Genetic Correlation: nan (nan) (h2  out of bounds) 
Z-score: nan (nan) (h2  out of bounds)
P: nan (nan) (h2  out of bounds)
WARNING: One of the h2's was out of bounds.
This usually indicates a data-munging error or that h2 or N is low.

Computing rg for phenotype 52/68
Reading summary statistics from ../output_sumstats/output_pmid27989323_RANTES_eur.sumstats.gz ...
Read summary statistics for 1217311 SNPs.
After merging with summary statistics, 1050509 SNPs remain.
1048824 SNPs with valid alleles.

Heritability of phenotype 52/68
-------------------------------
Total Observed scale h2: 0.1488 (0.1328)
Lambda GC: 1.0016
Mean Chi^2: 1.0061
Intercept: 0.9955 (0.0076)
Ratio < 0 (usually indicates GC correction).

Genetic Covariance
------------------
Total Observed scale gencov: -0.1689 (0.1532)
Mean z1*z2: 0.0516
Intercept: 0.0597 (0.0065)

Genetic Correlation
-------------------
Genetic Correlation: nan (nan) (h2  out of bounds) 
Z-score: nan (nan) (h2  out of bounds)
P: nan (nan) (h2  out of bounds)
WARNING: One of the h2's was out of bounds.
This usually indicates a data-munging error or that h2 or N is low.

Computing rg for phenotype 53/68
Reading summary statistics from ../output_sumstats/output_pmid27989323_SCF_eur.sumstats.gz ...
Read summary statistics for 1217311 SNPs.
After merging with summary statistics, 1050509 SNPs remain.
1048040 SNPs with valid alleles.

Heritability of phenotype 53/68
-------------------------------
Total Observed scale h2: -0.0605 (0.0586)
Lambda GC: 1.0016
Mean Chi^2: 1.0098
Intercept: 1.0202 (0.0081)
Ratio: 2.0661 (0.8319)

Genetic Covariance
------------------
Total Observed scale gencov: -0.1902 (0.0921)
Mean z1*z2: 0.067
Intercept: 0.0812 (0.0054)

Genetic Correlation
-------------------
Genetic Correlation: nan (nan) (h2  out of bounds) 
Z-score: nan (nan) (h2  out of bounds)
P: nan (nan) (h2  out of bounds)
WARNING: One of the h2's was out of bounds.
This usually indicates a data-munging error or that h2 or N is low.

Computing rg for phenotype 54/68
Reading summary statistics from ../output_sumstats/output_pmid27989323_SCGFb_eur.sumstats.gz ...
Read summary statistics for 1217311 SNPs.
After merging with summary statistics, 1050509 SNPs remain.
466783 SNPs with valid alleles.

Heritability of phenotype 54/68
-------------------------------
Total Observed scale h2: 0.0417 (0.1892)
Lambda GC: 1.0165
Mean Chi^2: 1.0181
Intercept: 1.0148 (0.0119)
Ratio: 0.8169 (0.6559)

Genetic Covariance
------------------
Total Observed scale gencov: -0.0865 (0.2077)
Mean z1*z2: 0.0516
Intercept: 0.0561 (0.0104)

Genetic Correlation
-------------------
Genetic Correlation: nan (nan) (h2  out of bounds) 
Z-score: nan (nan) (h2  out of bounds)
P: nan (nan) (h2  out of bounds)
WARNING: One of the h2's was out of bounds.
This usually indicates a data-munging error or that h2 or N is low.

Computing rg for phenotype 55/68
Reading summary statistics from ../output_sumstats/output_pmid27989323_SDF1_eur.sumstats.gz ...
Read summary statistics for 1217311 SNPs.
After merging with summary statistics, 1050509 SNPs remain.
1048146 SNPs with valid alleles.

Heritability of phenotype 55/68
-------------------------------
Total Observed scale h2: -0.0273 (0.0771)
Lambda GC: 0.9898
Mean Chi^2: 0.9964
Intercept: 0.9998 (0.008)
Ratio: NA (mean chi^2 < 1)

Genetic Covariance
------------------
Total Observed scale gencov: 0.1368 (0.0967)
Mean z1*z2: 0.0737
Intercept: 0.065 (0.0054)

Genetic Correlation
-------------------
Genetic Correlation: nan (nan) (h2  out of bounds) 
Z-score: nan (nan) (h2  out of bounds)
P: nan (nan) (h2  out of bounds)
WARNING: One of the h2's was out of bounds.
This usually indicates a data-munging error or that h2 or N is low.

Computing rg for phenotype 56/68
Reading summary statistics from ../output_sumstats/output_pmid27989323_TNFa_eur.sumstats.gz ...
Read summary statistics for 1217311 SNPs.
After merging with summary statistics, 1050509 SNPs remain.
1048674 SNPs with valid alleles.

Heritability of phenotype 56/68
-------------------------------
Total Observed scale h2: -0.0372 (0.1393)
Lambda GC: 0.9868
Mean Chi^2: 0.9922
Intercept: 0.9948 (0.0079)
Ratio: NA (mean chi^2 < 1)

Genetic Covariance
------------------
Total Observed scale gencov: 0.0928 (0.1461)
Mean z1*z2: 0.0296
Intercept: 0.0251 (0.0054)

Genetic Correlation
-------------------
Genetic Correlation: nan (nan) (h2  out of bounds) 
Z-score: nan (nan) (h2  out of bounds)
P: nan (nan) (h2  out of bounds)
WARNING: One of the h2's was out of bounds.
This usually indicates a data-munging error or that h2 or N is low.

Computing rg for phenotype 57/68
Reading summary statistics from ../output_sumstats/output_pmid27989323_TRAIL_eur.sumstats.gz ...
Read summary statistics for 1217311 SNPs.
After merging with summary statistics, 1050509 SNPs remain.
1048136 SNPs with valid alleles.

Heritability of phenotype 57/68
-------------------------------
Total Observed scale h2: -0.0132 (0.0585)
Lambda GC: 1.0225
Mean Chi^2: 1.0187
Intercept: 1.0209 (0.0102)
Ratio: 1.1201 (0.5444)

Genetic Covariance
------------------
Total Observed scale gencov: -0.1338 (0.0903)
Mean z1*z2: 0.0834
Intercept: 0.0933 (0.0057)

Genetic Correlation
-------------------
Genetic Correlation: nan (nan) (h2  out of bounds) 
Z-score: nan (nan) (h2  out of bounds)
P: nan (nan) (h2  out of bounds)
WARNING: One of the h2's was out of bounds.
This usually indicates a data-munging error or that h2 or N is low.

Computing rg for phenotype 58/68
Reading summary statistics from ../output_sumstats/output_pmid27989323_bNGF_eur.sumstats.gz ...
Read summary statistics for 1217311 SNPs.
After merging with summary statistics, 1050509 SNPs remain.
1048726 SNPs with valid alleles.

Heritability of phenotype 58/68
-------------------------------
Total Observed scale h2: 0.2559 (0.1399)
Lambda GC: 1.0165
Mean Chi^2: 1.0132
Intercept: 0.9943 (0.0085)
Ratio < 0 (usually indicates GC correction).

Genetic Covariance
------------------
Total Observed scale gencov: 0.3363 (0.1477)
Mean z1*z2: 0.1131
Intercept: 0.0966 (0.0052)

Genetic Correlation
-------------------
Genetic Correlation: nan (nan) (h2  out of bounds) 
Z-score: nan (nan) (h2  out of bounds)
P: nan (nan) (h2  out of bounds)
WARNING: One of the h2's was out of bounds.
This usually indicates a data-munging error or that h2 or N is low.

Computing rg for phenotype 59/68
Reading summary statistics from ../output_sumstats/output_pmid27989323_eotaxin_eur.sumstats.gz ...
Read summary statistics for 1217311 SNPs.
After merging with summary statistics, 1050509 SNPs remain.
1048142 SNPs with valid alleles.

Heritability of phenotype 59/68
-------------------------------
Total Observed scale h2: 0.1323 (0.0716)
Lambda GC: 1.0135
Mean Chi^2: 1.0285
Intercept: 1.0061 (0.0092)
Ratio: 0.2143 (0.3231)

Genetic Covariance
------------------
Total Observed scale gencov: 0.0434 (0.0907)
Mean z1*z2: 0.0283
Intercept: 0.025 (0.0057)

Genetic Correlation
-------------------
Genetic Correlation: nan (nan) (h2  out of bounds) 
Z-score: nan (nan) (h2  out of bounds)
P: nan (nan) (h2  out of bounds)
WARNING: One of the h2's was out of bounds.
This usually indicates a data-munging error or that h2 or N is low.

Computing rg for phenotype 60/68
Reading summary statistics from ../output_sumstats/output_pmid27989323_ip10_eur.sumstats.gz ...
Read summary statistics for 1217311 SNPs.
After merging with summary statistics, 1050509 SNPs remain.
1048829 SNPs with valid alleles.

Heritability of phenotype 60/68
-------------------------------
Total Observed scale h2: 0.1239 (0.1332)
Lambda GC: 1.0225
Mean Chi^2: 1.0174
Intercept: 1.0079 (0.0088)
Ratio: 0.4543 (0.5075)

Genetic Covariance
------------------
Total Observed scale gencov: 0.0413 (0.1314)
Mean z1*z2: 0.0557
Intercept: 0.0536 (0.0051)

Genetic Correlation
-------------------
Genetic Correlation: nan (nan) (h2  out of bounds) 
Z-score: nan (nan) (h2  out of bounds)
P: nan (nan) (h2  out of bounds)
WARNING: One of the h2's was out of bounds.
This usually indicates a data-munging error or that h2 or N is low.

Computing rg for phenotype 61/68
Reading summary statistics from ../output_sumstats/output_pmid29566793_ALS_eur.sumstats.gz ...
Read summary statistics for 1217311 SNPs.
After merging with summary statistics, 1050509 SNPs remain.
1046744 SNPs with valid alleles.

Heritability of phenotype 61/68
-------------------------------
Total Observed scale h2: 0.0336 (0.0077)
Lambda GC: 1.0527
Mean Chi^2: 1.0776
Intercept: 1.0205 (0.0088)
Ratio: 0.2638 (0.1131)

Genetic Covariance
------------------
Total Observed scale gencov: 0.0458 (0.0288)
Mean z1*z2: -0.0032
Intercept: -0.0139 (0.0048)

Genetic Correlation
-------------------
Genetic Correlation: nan (nan) (h2  out of bounds) 
Z-score: nan (nan) (h2  out of bounds)
P: nan (nan) (h2  out of bounds)
WARNING: One of the h2's was out of bounds.
This usually indicates a data-munging error or that h2 or N is low.

Computing rg for phenotype 62/68
Reading summary statistics from ../output_sumstats/output_pmid29632382_T2d-BMIadj_eur.sumstats.gz ...
Read summary statistics for 1217311 SNPs.
After merging with summary statistics, 1050509 SNPs remain.
23683 SNPs with valid alleles.
WARNING: number of SNPs less than 200k; this is almost always bad.

Heritability of phenotype 62/68
-------------------------------
Total Observed scale h2: 0.0943 (0.0279)
Lambda GC: 1.2267
Mean Chi^2: 1.8524
Intercept: 1.088 (0.1032)
Ratio: 0.1033 (0.121)

Genetic Covariance
------------------
Total Observed scale gencov: -0.0356 (0.0515)
Mean z1*z2: -0.0257
Intercept: -0.0031 (0.0219)

Genetic Correlation
-------------------
Genetic Correlation: nan (nan) (h2  out of bounds) 
Z-score: nan (nan) (h2  out of bounds)
P: nan (nan) (h2  out of bounds)
WARNING: One of the h2's was out of bounds.
This usually indicates a data-munging error or that h2 or N is low.

Computing rg for phenotype 63/68
Reading summary statistics from ../output_sumstats/output_pmid30054458_T2d_eur.sumstats.gz ...
Read summary statistics for 1217311 SNPs.
After merging with summary statistics, 1050509 SNPs remain.
914812 SNPs with valid alleles.

Heritability of phenotype 63/68
-------------------------------
Total Observed scale h2: 0.0453 (0.003)
Lambda GC: 1.4817
Mean Chi^2: 1.7251
Intercept: 1.0739 (0.0237)
Ratio: 0.1019 (0.0326)

Genetic Covariance
------------------
Total Observed scale gencov: -0.0102 (0.015)
Mean z1*z2: -0.0041
Intercept: 0.0058 (0.0071)

Genetic Correlation
-------------------
Genetic Correlation: nan (nan) (h2  out of bounds) 
Z-score: nan (nan) (h2  out of bounds)
P: nan (nan) (h2  out of bounds)
WARNING: One of the h2's was out of bounds.
This usually indicates a data-munging error or that h2 or N is low.

Computing rg for phenotype 64/68
Reading summary statistics from ../output_sumstats/output_pmid33111402_PD_eur.sumstats.gz ...
Read summary statistics for 1217311 SNPs.
After merging with summary statistics, 1050509 SNPs remain.
9374 SNPs with valid alleles.
WARNING: number of SNPs less than 200k; this is almost always bad.

Heritability of phenotype 64/68
-------------------------------
Total Observed scale h2: -2.6946 (1.2174)
Lambda GC: 0.9547
Mean Chi^2: 0.9471
Intercept: 1.0894 (0.0671)
Ratio: NA (mean chi^2 < 1)

Genetic Covariance
------------------
Total Observed scale gencov: 2.0943 (0.9883)
Mean z1*z2: 0.0537
Intercept: -0.0293 (0.041)

Genetic Correlation
-------------------
Genetic Correlation: nan (nan) (h2  out of bounds) 
Z-score: nan (nan) (h2  out of bounds)
P: nan (nan) (h2  out of bounds)
WARNING: One of the h2's was out of bounds.
This usually indicates a data-munging error or that h2 or N is low.

Computing rg for phenotype 65/68
Reading summary statistics from ../output_sumstats/output_pmid33310728_RA_eur.sumstats.gz ...
Read summary statistics for 1217311 SNPs.
After merging with summary statistics, 1050509 SNPs remain.
1046269 SNPs with valid alleles.

Heritability of phenotype 65/68
-------------------------------
Total Observed scale h2: 0.0371 (0.0046)
Lambda GC: 1.0802
Mean Chi^2: 1.2142
Intercept: 0.9758 (0.0143)
Ratio < 0 (usually indicates GC correction).

Genetic Covariance
------------------
Total Observed scale gencov: 0.0218 (0.0179)
Mean z1*z2: 0.0042
Intercept: -0.005 (0.0054)

Genetic Correlation
-------------------
Genetic Correlation: nan (nan) (h2  out of bounds) 
Z-score: nan (nan) (h2  out of bounds)
P: nan (nan) (h2  out of bounds)
WARNING: One of the h2's was out of bounds.
This usually indicates a data-munging error or that h2 or N is low.

Computing rg for phenotype 66/68
Reading summary statistics from ../output_sumstats/output_pmid33589841_LBD_eur.sumstats.gz ...
Read summary statistics for 1217311 SNPs.
After merging with summary statistics, 1050509 SNPs remain.
965247 SNPs with valid alleles.

Heritability of phenotype 66/68
-------------------------------
Total Observed scale h2: 0.1391 (0.089)
Lambda GC: 1.0255
Mean Chi^2: 1.0285
Intercept: 1.0092 (0.0096)
Ratio: 0.3224 (0.3351)

Genetic Covariance
------------------
Total Observed scale gencov: 0.046 (0.1043)
Mean z1*z2: 0.0011
Intercept: -0.0019 (0.0052)

Genetic Correlation
-------------------
Genetic Correlation: nan (nan) (h2  out of bounds) 
Z-score: nan (nan) (h2  out of bounds)
P: nan (nan) (h2  out of bounds)
WARNING: One of the h2's was out of bounds.
This usually indicates a data-munging error or that h2 or N is low.

Computing rg for phenotype 67/68
Reading summary statistics from ../output_sumstats/output_pmid33987465_PD_eur.sumstats.gz ...
Read summary statistics for 1217311 SNPs.
After merging with summary statistics, 1050509 SNPs remain.
1048141 SNPs with valid alleles.

Heritability of phenotype 67/68
-------------------------------
Total Observed scale h2: 0.2221 (0.1573)
Lambda GC: 1.0046
Mean Chi^2: 1.0105
Intercept: 0.9973 (0.0068)
Ratio < 0 (usually indicates GC correction).

Genetic Covariance
------------------
Total Observed scale gencov: -0.1257 (0.1517)
Mean z1*z2: -0.0037
Intercept: 0.0016 (0.0053)

Genetic Correlation
-------------------
Genetic Correlation: nan (nan) (h2  out of bounds) 
Z-score: nan (nan) (h2  out of bounds)
P: nan (nan) (h2  out of bounds)
WARNING: One of the h2's was out of bounds.
This usually indicates a data-munging error or that h2 or N is low.

Computing rg for phenotype 68/68
Reading summary statistics from ../output_sumstats/output_pmid34737426_APH_eur.sumstats.gz ...
Read summary statistics for 1217311 SNPs.
After merging with summary statistics, 1050509 SNPs remain.
1031127 SNPs with valid alleles.

Heritability of phenotype 68/68
-------------------------------
Total Observed scale h2: 0.0002 (0.001)
Lambda GC: 0.9957
Mean Chi^2: 0.9834
Intercept: 0.9814 (0.0072)
Ratio: NA (mean chi^2 < 1)

Genetic Covariance
------------------
Total Observed scale gencov: 0.0127 (0.011)
Mean z1*z2: 0.0063
Intercept: -0.0008 (0.0045)

Genetic Correlation
-------------------
Genetic Correlation: nan (nan) (h2  out of bounds) 
Z-score: nan (nan) (h2  out of bounds)
P: nan (nan) (h2  out of bounds)
WARNING: One of the h2's was out of bounds.
This usually indicates a data-munging error or that h2 or N is low.


Summary of Genetic Correlation Results
                                                          p1                                                                      p2  rg  se   z   p   h2_obs  h2_obs_se  h2_int  h2_int_se  gcov_int  gcov_int_se
 ../output_sumstats/output_pmid27989323_TNFb_eur.sumstats.gz             ../output_sumstats/output_pmid27989323_TNFb_eur.sumstats.gz  NA  NA  NA  NA  -0.4506     0.3081  1.0103     0.0076    1.0105       0.0076
 ../output_sumstats/output_pmid27989323_TNFb_eur.sumstats.gz               ../output_sumstats/output_pmid21833088_MS_eur.sumstats.gz  NA  NA  NA  NA   0.0654     0.0295  1.0521     0.0101    0.0037       0.0059
 ../output_sumstats/output_pmid27989323_TNFb_eur.sumstats.gz               ../output_sumstats/output_pmid24076602_MS_eur.sumstats.gz  NA  NA  NA  NA   1.5584     0.2553  1.0675     0.0967    0.0396       0.0233
 ../output_sumstats/output_pmid27989323_TNFb_eur.sumstats.gz  ../output_sumstats/output_pmid24816252_acetylcarnitine_eur.sumstats.gz  NA  NA  NA  NA  -0.2501     0.0767  1.0198     0.0078   -0.0066       0.0050
 ../output_sumstats/output_pmid27989323_TNFb_eur.sumstats.gz          ../output_sumstats/output_pmid24816252_alanine_eur.sumstats.gz  NA  NA  NA  NA   0.5132     0.0736  1.0184     0.0079    0.0041       0.0050
 ../output_sumstats/output_pmid27989323_TNFb_eur.sumstats.gz         ../output_sumstats/output_pmid24816252_arginine_eur.sumstats.gz  NA  NA  NA  NA  -0.0063     0.0668  1.0385     0.0078    0.0009       0.0051
 ../output_sumstats/output_pmid27989323_TNFb_eur.sumstats.gz       ../output_sumstats/output_pmid24816252_asparagine_eur.sumstats.gz  NA  NA  NA  NA   0.4469     0.0684  1.0301     0.0079    0.0020       0.0047
 ../output_sumstats/output_pmid27989323_TNFb_eur.sumstats.gz      ../output_sumstats/output_pmid24816252_cholesterol_eur.sumstats.gz  NA  NA  NA  NA   0.0762     0.0723  1.0555     0.0074    0.0026       0.0056
 ../output_sumstats/output_pmid27989323_TNFb_eur.sumstats.gz          ../output_sumstats/output_pmid24816252_citrate_eur.sumstats.gz  NA  NA  NA  NA   0.4082     0.0813  1.0718     0.0084    0.0042       0.0058
 ../output_sumstats/output_pmid27989323_TNFb_eur.sumstats.gz        ../output_sumstats/output_pmid24816252_glutamate_eur.sumstats.gz  NA  NA  NA  NA   0.1967     0.0592  0.9260     0.0067   -0.0012       0.0047
 ../output_sumstats/output_pmid27989323_TNFb_eur.sumstats.gz         ../output_sumstats/output_pmid24816252_glycerol_eur.sumstats.gz  NA  NA  NA  NA  -0.1183     0.0625  1.0107     0.0076   -0.0105       0.0048
 ../output_sumstats/output_pmid27989323_TNFb_eur.sumstats.gz        ../output_sumstats/output_pmid24816252_histidine_eur.sumstats.gz  NA  NA  NA  NA   0.3692     0.0775  0.7720     0.0072    0.0016       0.0045
 ../output_sumstats/output_pmid27989323_TNFb_eur.sumstats.gz       ../output_sumstats/output_pmid24816252_isoleucine_eur.sumstats.gz  NA  NA  NA  NA  -0.2447     0.0597  0.9905     0.0066   -0.0019       0.0045
 ../output_sumstats/output_pmid27989323_TNFb_eur.sumstats.gz    ../output_sumstats/output_pmid24816252_phenylalanine_eur.sumstats.gz  NA  NA  NA  NA   0.2875     0.0460  0.7884     0.0055   -0.0072       0.0044
 ../output_sumstats/output_pmid27989323_TNFb_eur.sumstats.gz          ../output_sumstats/output_pmid24816252_proline_eur.sumstats.gz  NA  NA  NA  NA   0.3900     0.0776  1.0388     0.0094    0.0057       0.0051
 ../output_sumstats/output_pmid27989323_TNFb_eur.sumstats.gz         ../output_sumstats/output_pmid24816252_pyruvate_eur.sumstats.gz  NA  NA  NA  NA   0.1175     0.0572  1.0050     0.0065   -0.0074       0.0046
 ../output_sumstats/output_pmid27989323_TNFb_eur.sumstats.gz        ../output_sumstats/output_pmid24816252_threonine_eur.sumstats.gz  NA  NA  NA  NA   0.0297     0.0867  1.0106     0.0071    0.0012       0.0046
 ../output_sumstats/output_pmid27989323_TNFb_eur.sumstats.gz       ../output_sumstats/output_pmid24816252_tryptophan_eur.sumstats.gz  NA  NA  NA  NA   0.9087     0.0762  1.0599     0.0086    0.0053       0.0053
 ../output_sumstats/output_pmid27989323_TNFb_eur.sumstats.gz         ../output_sumstats/output_pmid24816252_tyrosine_eur.sumstats.gz  NA  NA  NA  NA   0.1303     0.0779  1.0401     0.0085   -0.0016       0.0049
 ../output_sumstats/output_pmid27989323_TNFb_eur.sumstats.gz             ../output_sumstats/output_pmid24816252_urea_eur.sumstats.gz  NA  NA  NA  NA  -0.0877     0.0557  1.0132     0.0069    0.0052       0.0048
 ../output_sumstats/output_pmid27989323_TNFb_eur.sumstats.gz               ../output_sumstats/output_pmid27386562_MS_eur.sumstats.gz  NA  NA  NA  NA   0.2566     0.0500  1.0670     0.0095    0.0075       0.0060
 ../output_sumstats/output_pmid27989323_TNFb_eur.sumstats.gz              ../output_sumstats/output_pmid27455348_ALS_eur.sumstats.gz  NA  NA  NA  NA   0.0395     0.0134  1.0058     0.0074   -0.0106       0.0048
 ../output_sumstats/output_pmid27989323_TNFb_eur.sumstats.gz            ../output_sumstats/output_pmid27989323_CTACK_eur.sumstats.gz  NA  NA  NA  NA   0.0011     0.1173  1.0011     0.0077    0.0783       0.0063
 ../output_sumstats/output_pmid27989323_TNFb_eur.sumstats.gz             ../output_sumstats/output_pmid27989323_GCSF_eur.sumstats.gz  NA  NA  NA  NA  -0.0057     0.0645  1.0125     0.0091    0.0430       0.0063
 ../output_sumstats/output_pmid27989323_TNFb_eur.sumstats.gz             ../output_sumstats/output_pmid27989323_GROa_eur.sumstats.gz  NA  NA  NA  NA -49.3485    28.9407  1.4646     0.6718    0.1364       0.4334
 ../output_sumstats/output_pmid27989323_TNFb_eur.sumstats.gz              ../output_sumstats/output_pmid27989323_HGF_eur.sumstats.gz  NA  NA  NA  NA   0.0103     0.0609  1.0056     0.0086    0.0473       0.0053
 ../output_sumstats/output_pmid27989323_TNFb_eur.sumstats.gz             ../output_sumstats/output_pmid27989323_IFNg_eur.sumstats.gz  NA  NA  NA  NA   0.0183     0.0674  0.9991     0.0090    0.0528       0.0058
 ../output_sumstats/output_pmid27989323_TNFb_eur.sumstats.gz             ../output_sumstats/output_pmid27989323_IL10_eur.sumstats.gz  NA  NA  NA  NA  -0.0557     0.0904  1.0272     0.0149    0.0395       0.0057
 ../output_sumstats/output_pmid27989323_TNFb_eur.sumstats.gz          ../output_sumstats/output_pmid27989323_IL12p70_eur.sumstats.gz  NA  NA  NA  NA  -0.0718     0.1223  1.0445     0.0254    0.0549       0.0056
 ../output_sumstats/output_pmid27989323_TNFb_eur.sumstats.gz             ../output_sumstats/output_pmid27989323_IL13_eur.sumstats.gz  NA  NA  NA  NA  -0.2438     0.1794  1.0234     0.0144    0.0374       0.0054
 ../output_sumstats/output_pmid27989323_TNFb_eur.sumstats.gz             ../output_sumstats/output_pmid27989323_IL16_eur.sumstats.gz  NA  NA  NA  NA  -0.0488     0.1324  0.9931     0.0077    0.0245       0.0062
 ../output_sumstats/output_pmid27989323_TNFb_eur.sumstats.gz             ../output_sumstats/output_pmid27989323_IL17_eur.sumstats.gz  NA  NA  NA  NA  -4.5040     1.5189  1.6017     0.1571    0.0230       0.0915
 ../output_sumstats/output_pmid27989323_TNFb_eur.sumstats.gz             ../output_sumstats/output_pmid27989323_IL18_eur.sumstats.gz  NA  NA  NA  NA   0.4441     0.6221  0.9941     0.0264    0.0580       0.0105
 ../output_sumstats/output_pmid27989323_TNFb_eur.sumstats.gz            ../output_sumstats/output_pmid27989323_IL1ra_eur.sumstats.gz  NA  NA  NA  NA   0.0109     0.1546  1.0085     0.0090    0.0419       0.0050
 ../output_sumstats/output_pmid27989323_TNFb_eur.sumstats.gz              ../output_sumstats/output_pmid27989323_IL2_eur.sumstats.gz  NA  NA  NA  NA  -0.0920     0.1317  1.0131     0.0076    0.0642       0.0050
 ../output_sumstats/output_pmid27989323_TNFb_eur.sumstats.gz            ../output_sumstats/output_pmid27989323_IL2ra_eur.sumstats.gz  NA  NA  NA  NA   0.0619     0.1167  1.0039     0.0075    0.1369       0.0051
 ../output_sumstats/output_pmid27989323_TNFb_eur.sumstats.gz              ../output_sumstats/output_pmid27989323_IL4_eur.sumstats.gz  NA  NA  NA  NA  -0.0456     0.0612  1.0123     0.0094    0.0419       0.0064
 ../output_sumstats/output_pmid27989323_TNFb_eur.sumstats.gz              ../output_sumstats/output_pmid27989323_IL5_eur.sumstats.gz  NA  NA  NA  NA  -0.1820     0.1470  1.0184     0.0084    0.0552       0.0056
 ../output_sumstats/output_pmid27989323_TNFb_eur.sumstats.gz              ../output_sumstats/output_pmid27989323_IL6_eur.sumstats.gz  NA  NA  NA  NA   0.0018     0.0592  1.0085     0.0083    0.0409       0.0061
 ../output_sumstats/output_pmid27989323_TNFb_eur.sumstats.gz              ../output_sumstats/output_pmid27989323_IL7_eur.sumstats.gz  NA  NA  NA  NA  -0.0697     0.1602  1.0158     0.0098    0.0436       0.0060
 ../output_sumstats/output_pmid27989323_TNFb_eur.sumstats.gz              ../output_sumstats/output_pmid27989323_IL8_eur.sumstats.gz  NA  NA  NA  NA  -0.0754     0.1394  1.0108     0.0081    0.0519       0.0056
 ../output_sumstats/output_pmid27989323_TNFb_eur.sumstats.gz              ../output_sumstats/output_pmid27989323_IL9_eur.sumstats.gz  NA  NA  NA  NA  -0.1804     0.1330  1.0145     0.0082    0.0501       0.0060
 ../output_sumstats/output_pmid27989323_TNFb_eur.sumstats.gz             ../output_sumstats/output_pmid27989323_MCP1_eur.sumstats.gz  NA  NA  NA  NA   0.1647     0.0834  0.9981     0.0088    0.0400       0.0060
 ../output_sumstats/output_pmid27989323_TNFb_eur.sumstats.gz             ../output_sumstats/output_pmid27989323_MCP3_eur.sumstats.gz  NA  NA  NA  NA  -0.8141     0.5958  1.0122     0.0083    0.1034       0.0051
 ../output_sumstats/output_pmid27989323_TNFb_eur.sumstats.gz             ../output_sumstats/output_pmid27989323_MCSF_eur.sumstats.gz  NA  NA  NA  NA   0.0628     0.5631  0.9899     0.0079    0.3465       0.0053
 ../output_sumstats/output_pmid27989323_TNFb_eur.sumstats.gz              ../output_sumstats/output_pmid27989323_MIF_eur.sumstats.gz  NA  NA  NA  NA   0.0936     0.1413  1.0052     0.0079    0.0387       0.0059
 ../output_sumstats/output_pmid27989323_TNFb_eur.sumstats.gz              ../output_sumstats/output_pmid27989323_MIG_eur.sumstats.gz  NA  NA  NA  NA  -0.1475     0.1222  1.0156     0.0075    0.1006       0.0052
 ../output_sumstats/output_pmid27989323_TNFb_eur.sumstats.gz            ../output_sumstats/output_pmid27989323_MIP1a_eur.sumstats.gz  NA  NA  NA  NA  -0.1080     0.1440  1.0059     0.0083    0.0376       0.0056
 ../output_sumstats/output_pmid27989323_TNFb_eur.sumstats.gz            ../output_sumstats/output_pmid27989323_MIP1b_eur.sumstats.gz  NA  NA  NA  NA   0.2031     0.3023  1.0238     0.0347    0.0087       0.0059
 ../output_sumstats/output_pmid27989323_TNFb_eur.sumstats.gz           ../output_sumstats/output_pmid27989323_PDGFbb_eur.sumstats.gz  NA  NA  NA  NA  -0.0042     0.0672  1.0246     0.0101    0.0304       0.0059
 ../output_sumstats/output_pmid27989323_TNFb_eur.sumstats.gz           ../output_sumstats/output_pmid27989323_RANTES_eur.sumstats.gz  NA  NA  NA  NA   0.1488     0.1328  0.9955     0.0076    0.0597       0.0065
 ../output_sumstats/output_pmid27989323_TNFb_eur.sumstats.gz              ../output_sumstats/output_pmid27989323_SCF_eur.sumstats.gz  NA  NA  NA  NA  -0.0605     0.0586  1.0202     0.0081    0.0812       0.0054
 ../output_sumstats/output_pmid27989323_TNFb_eur.sumstats.gz            ../output_sumstats/output_pmid27989323_SCGFb_eur.sumstats.gz  NA  NA  NA  NA   0.0417     0.1892  1.0148     0.0119    0.0561       0.0104
 ../output_sumstats/output_pmid27989323_TNFb_eur.sumstats.gz             ../output_sumstats/output_pmid27989323_SDF1_eur.sumstats.gz  NA  NA  NA  NA  -0.0273     0.0771  0.9998     0.0080    0.0650       0.0054
 ../output_sumstats/output_pmid27989323_TNFb_eur.sumstats.gz             ../output_sumstats/output_pmid27989323_TNFa_eur.sumstats.gz  NA  NA  NA  NA  -0.0372     0.1393  0.9948     0.0079    0.0251       0.0054
 ../output_sumstats/output_pmid27989323_TNFb_eur.sumstats.gz            ../output_sumstats/output_pmid27989323_TRAIL_eur.sumstats.gz  NA  NA  NA  NA  -0.0132     0.0585  1.0209     0.0102    0.0933       0.0057
 ../output_sumstats/output_pmid27989323_TNFb_eur.sumstats.gz             ../output_sumstats/output_pmid27989323_bNGF_eur.sumstats.gz  NA  NA  NA  NA   0.2559     0.1399  0.9943     0.0085    0.0966       0.0052
 ../output_sumstats/output_pmid27989323_TNFb_eur.sumstats.gz          ../output_sumstats/output_pmid27989323_eotaxin_eur.sumstats.gz  NA  NA  NA  NA   0.1323     0.0716  1.0061     0.0092    0.0250       0.0057
 ../output_sumstats/output_pmid27989323_TNFb_eur.sumstats.gz             ../output_sumstats/output_pmid27989323_ip10_eur.sumstats.gz  NA  NA  NA  NA   0.1239     0.1332  1.0079     0.0088    0.0536       0.0051
 ../output_sumstats/output_pmid27989323_TNFb_eur.sumstats.gz              ../output_sumstats/output_pmid29566793_ALS_eur.sumstats.gz  NA  NA  NA  NA   0.0336     0.0077  1.0205     0.0088   -0.0139       0.0048
 ../output_sumstats/output_pmid27989323_TNFb_eur.sumstats.gz       ../output_sumstats/output_pmid29632382_T2d-BMIadj_eur.sumstats.gz  NA  NA  NA  NA   0.0943     0.0279  1.0880     0.1032   -0.0031       0.0219
 ../output_sumstats/output_pmid27989323_TNFb_eur.sumstats.gz              ../output_sumstats/output_pmid30054458_T2d_eur.sumstats.gz  NA  NA  NA  NA   0.0453     0.0030  1.0739     0.0237    0.0058       0.0071
 ../output_sumstats/output_pmid27989323_TNFb_eur.sumstats.gz               ../output_sumstats/output_pmid33111402_PD_eur.sumstats.gz  NA  NA  NA  NA  -2.6946     1.2174  1.0894     0.0671   -0.0293       0.0410
 ../output_sumstats/output_pmid27989323_TNFb_eur.sumstats.gz               ../output_sumstats/output_pmid33310728_RA_eur.sumstats.gz  NA  NA  NA  NA   0.0371     0.0046  0.9758     0.0143   -0.0050       0.0054
 ../output_sumstats/output_pmid27989323_TNFb_eur.sumstats.gz              ../output_sumstats/output_pmid33589841_LBD_eur.sumstats.gz  NA  NA  NA  NA   0.1391     0.0890  1.0092     0.0096   -0.0019       0.0052
 ../output_sumstats/output_pmid27989323_TNFb_eur.sumstats.gz               ../output_sumstats/output_pmid33987465_PD_eur.sumstats.gz  NA  NA  NA  NA   0.2221     0.1573  0.9973     0.0068    0.0016       0.0053
 ../output_sumstats/output_pmid27989323_TNFb_eur.sumstats.gz              ../output_sumstats/output_pmid34737426_APH_eur.sumstats.gz  NA  NA  NA  NA   0.0002     0.0010  0.9814     0.0072   -0.0008       0.0045

Analysis finished at Sat Feb 24 21:15:14 2024
Total time elapsed: 6.0m:46.86s
