*********************************************************************
* LD Score Regression (LDSC)
* Version 1.0.1
* (C) 2014-2019 Brendan Bulik-Sullivan and Hilary Finucane
* Broad Institute of MIT and Harvard / MIT Department of Mathematics
* GNU General Public License v3
*********************************************************************
Call: 
./ldsc.py \
--ref-ld-chr ../input_files/eur_w_ld_chr/ \
--out ../output_ld_regression/output_pmid27989323_IL7_eur_ldReg \
--rg ../output_sumstats/output_pmid27989323_IL7_eur.sumstats.gz,../output_sumstats/output_pmid27989323_IL7_eur.sumstats.gz,../output_sumstats/output_pmid21833088_MS_eur.sumstats.gz,../output_sumstats/output_pmid24076602_MS_eur.sumstats.gz,../output_sumstats/output_pmid24816252_acetylcarnitine_eur.sumstats.gz,../output_sumstats/output_pmid24816252_alanine_eur.sumstats.gz,../output_sumstats/output_pmid24816252_arginine_eur.sumstats.gz,../output_sumstats/output_pmid24816252_asparagine_eur.sumstats.gz,../output_sumstats/output_pmid24816252_cholesterol_eur.sumstats.gz,../output_sumstats/output_pmid24816252_citrate_eur.sumstats.gz,../output_sumstats/output_pmid24816252_glutamate_eur.sumstats.gz,../output_sumstats/output_pmid24816252_glycerol_eur.sumstats.gz,../output_sumstats/output_pmid24816252_histidine_eur.sumstats.gz,../output_sumstats/output_pmid24816252_isoleucine_eur.sumstats.gz,../output_sumstats/output_pmid24816252_phenylalanine_eur.sumstats.gz,../output_sumstats/output_pmid24816252_proline_eur.sumstats.gz,../output_sumstats/output_pmid24816252_pyruvate_eur.sumstats.gz,../output_sumstats/output_pmid24816252_threonine_eur.sumstats.gz,../output_sumstats/output_pmid24816252_tryptophan_eur.sumstats.gz,../output_sumstats/output_pmid24816252_tyrosine_eur.sumstats.gz,../output_sumstats/output_pmid24816252_urea_eur.sumstats.gz,../output_sumstats/output_pmid27386562_MS_eur.sumstats.gz,../output_sumstats/output_pmid27455348_ALS_eur.sumstats.gz,../output_sumstats/output_pmid27989323_CTACK_eur.sumstats.gz,../output_sumstats/output_pmid27989323_GCSF_eur.sumstats.gz,../output_sumstats/output_pmid27989323_GROa_eur.sumstats.gz,../output_sumstats/output_pmid27989323_HGF_eur.sumstats.gz,../output_sumstats/output_pmid27989323_IFNg_eur.sumstats.gz,../output_sumstats/output_pmid27989323_IL10_eur.sumstats.gz,../output_sumstats/output_pmid27989323_IL12p70_eur.sumstats.gz,../output_sumstats/output_pmid27989323_IL13_eur.sumstats.gz,../output_sumstats/output_pmid27989323_IL16_eur.sumstats.gz,../output_sumstats/output_pmid27989323_IL17_eur.sumstats.gz,../output_sumstats/output_pmid27989323_IL18_eur.sumstats.gz,../output_sumstats/output_pmid27989323_IL1ra_eur.sumstats.gz,../output_sumstats/output_pmid27989323_IL2_eur.sumstats.gz,../output_sumstats/output_pmid27989323_IL2ra_eur.sumstats.gz,../output_sumstats/output_pmid27989323_IL4_eur.sumstats.gz,../output_sumstats/output_pmid27989323_IL5_eur.sumstats.gz,../output_sumstats/output_pmid27989323_IL6_eur.sumstats.gz,../output_sumstats/output_pmid27989323_IL8_eur.sumstats.gz,../output_sumstats/output_pmid27989323_IL9_eur.sumstats.gz,../output_sumstats/output_pmid27989323_MCP1_eur.sumstats.gz,../output_sumstats/output_pmid27989323_MCP3_eur.sumstats.gz,../output_sumstats/output_pmid27989323_MCSF_eur.sumstats.gz,../output_sumstats/output_pmid27989323_MIF_eur.sumstats.gz,../output_sumstats/output_pmid27989323_MIG_eur.sumstats.gz,../output_sumstats/output_pmid27989323_MIP1a_eur.sumstats.gz,../output_sumstats/output_pmid27989323_MIP1b_eur.sumstats.gz,../output_sumstats/output_pmid27989323_PDGFbb_eur.sumstats.gz,../output_sumstats/output_pmid27989323_RANTES_eur.sumstats.gz,../output_sumstats/output_pmid27989323_SCF_eur.sumstats.gz,../output_sumstats/output_pmid27989323_SCGFb_eur.sumstats.gz,../output_sumstats/output_pmid27989323_SDF1_eur.sumstats.gz,../output_sumstats/output_pmid27989323_TNFa_eur.sumstats.gz,../output_sumstats/output_pmid27989323_TNFb_eur.sumstats.gz,../output_sumstats/output_pmid27989323_TRAIL_eur.sumstats.gz,../output_sumstats/output_pmid27989323_bNGF_eur.sumstats.gz,../output_sumstats/output_pmid27989323_eotaxin_eur.sumstats.gz,../output_sumstats/output_pmid27989323_ip10_eur.sumstats.gz,../output_sumstats/output_pmid29566793_ALS_eur.sumstats.gz,../output_sumstats/output_pmid29632382_T2d-BMIadj_eur.sumstats.gz,../output_sumstats/output_pmid30054458_T2d_eur.sumstats.gz,../output_sumstats/output_pmid33111402_PD_eur.sumstats.gz,../output_sumstats/output_pmid33310728_RA_eur.sumstats.gz,../output_sumstats/output_pmid33589841_LBD_eur.sumstats.gz,../output_sumstats/output_pmid33987465_PD_eur.sumstats.gz,../output_sumstats/output_pmid34737426_APH_eur.sumstats.gz \
--w-ld-chr ../input_files/eur_w_ld_chr/ 

Beginning analysis at Sat Feb 24 16:29:38 2024
Reading summary statistics from ../output_sumstats/output_pmid27989323_IL7_eur.sumstats.gz ...
Read summary statistics for 1178823 SNPs.
Reading reference panel LD Score from ../input_files/eur_w_ld_chr/[1-22] ... (ldscore_fromlist)
Read reference panel LD Scores for 1290028 SNPs.
Removing partitioned LD Scores with zero variance.
Reading regression weight LD Score from ../input_files/eur_w_ld_chr/[1-22] ... (ldscore_fromlist)
Read regression weight LD Scores for 1290028 SNPs.
After merging with reference panel LD, 1166621 SNPs remain.
After merging with regression SNP LD, 1166621 SNPs remain.
Computing rg for phenotype 2/68
Reading summary statistics from ../output_sumstats/output_pmid27989323_IL7_eur.sumstats.gz ...
Read summary statistics for 1217311 SNPs.
After merging with summary statistics, 1166621 SNPs remain.
1166621 SNPs with valid alleles.

Heritability of phenotype 1
---------------------------
Total Observed scale h2: -0.0387 (0.1572)
Lambda GC: 1.0046
Mean Chi^2: 1.0105
Intercept: 1.0131 (0.0088)
Ratio: 1.2493 (0.8395)

Heritability of phenotype 2/68
------------------------------
Total Observed scale h2: -0.0387 (0.1572)
Lambda GC: 1.0046
Mean Chi^2: 1.0105
Intercept: 1.0131 (0.0088)
Ratio: 1.2493 (0.8395)

Genetic Covariance
------------------
Total Observed scale gencov: -0.038 (0.1572)
Mean z1*z2: 1.0105
Intercept: 1.0131 (0.0088)

Genetic Correlation
-------------------
Genetic Correlation: nan (nan) (h2  out of bounds) 
Z-score: nan (nan) (h2  out of bounds)
P: nan (nan) (h2  out of bounds)
WARNING: One of the h2's was out of bounds.
This usually indicates a data-munging error or that h2 or N is low.

Computing rg for phenotype 3/68
Reading summary statistics from ../output_sumstats/output_pmid21833088_MS_eur.sumstats.gz ...
Read summary statistics for 1217311 SNPs.
After merging with summary statistics, 1166621 SNPs remain.
449904 SNPs with valid alleles.

Heritability of phenotype 3/68
------------------------------
Total Observed scale h2: 0.0554 (0.0283)
Lambda GC: 1.0405
Mean Chi^2: 1.0858
Intercept: 1.0592 (0.009)
Ratio: 0.6904 (0.1055)

Genetic Covariance
------------------
Total Observed scale gencov: 0.003 (0.0437)
Mean z1*z2: -0.0045
Intercept: -0.0053 (0.0063)

Genetic Correlation
-------------------
Genetic Correlation: nan (nan) (h2  out of bounds) 
Z-score: nan (nan) (h2  out of bounds)
P: nan (nan) (h2  out of bounds)
WARNING: One of the h2's was out of bounds.
This usually indicates a data-munging error or that h2 or N is low.

Computing rg for phenotype 4/68
Reading summary statistics from ../output_sumstats/output_pmid24076602_MS_eur.sumstats.gz ...
Read summary statistics for 1217311 SNPs.
After merging with summary statistics, 1166621 SNPs remain.
49506 SNPs with valid alleles.
WARNING: number of SNPs less than 200k; this is almost always bad.

Heritability of phenotype 4/68
------------------------------
Total Observed scale h2: 1.6083 (0.238)
Lambda GC: 1.4673
Mean Chi^2: 2.202
Intercept: 1.0006 (0.0825)
Ratio: 0.0005 (0.0686)

Genetic Covariance
------------------
Total Observed scale gencov: -0.0625 (0.185)
Mean z1*z2: -0.0075
Intercept: 0.0133 (0.0246)

Genetic Correlation
-------------------
Genetic Correlation: nan (nan) (h2  out of bounds) 
Z-score: nan (nan) (h2  out of bounds)
P: nan (nan) (h2  out of bounds)
WARNING: One of the h2's was out of bounds.
This usually indicates a data-munging error or that h2 or N is low.

Computing rg for phenotype 5/68
Reading summary statistics from ../output_sumstats/output_pmid24816252_acetylcarnitine_eur.sumstats.gz ...
Read summary statistics for 1217311 SNPs.
After merging with summary statistics, 1166621 SNPs remain.
1023264 SNPs with valid alleles.

Heritability of phenotype 5/68
------------------------------
Total Observed scale h2: -0.2333 (0.083)
Lambda GC: 0.9721
Mean Chi^2: 0.9855
Intercept: 1.0197 (0.0076)
Ratio: NA (mean chi^2 < 1)

Genetic Covariance
------------------
Total Observed scale gencov: 0.0323 (0.0591)
Mean z1*z2: 0.0002
Intercept: -0.003 (0.0047)

Genetic Correlation
-------------------
Genetic Correlation: nan (nan) (h2  out of bounds) 
Z-score: nan (nan) (h2  out of bounds)
P: nan (nan) (h2  out of bounds)
WARNING: One of the h2's was out of bounds.
This usually indicates a data-munging error or that h2 or N is low.

Computing rg for phenotype 6/68
Reading summary statistics from ../output_sumstats/output_pmid24816252_alanine_eur.sumstats.gz ...
Read summary statistics for 1217311 SNPs.
After merging with summary statistics, 1166621 SNPs remain.
1023264 SNPs with valid alleles.

Heritability of phenotype 6/68
------------------------------
Total Observed scale h2: 0.524 (0.0703)
Lambda GC: 1.0649
Mean Chi^2: 1.0877
Intercept: 1.012 (0.0072)
Ratio: 0.1372 (0.0818)

Genetic Covariance
------------------
Total Observed scale gencov: -0.0022 (0.0629)
Mean z1*z2: 0.0059
Intercept: 0.0066 (0.0049)

Genetic Correlation
-------------------
Genetic Correlation: nan (nan) (h2  out of bounds) 
Z-score: nan (nan) (h2  out of bounds)
P: nan (nan) (h2  out of bounds)
WARNING: One of the h2's was out of bounds.
This usually indicates a data-munging error or that h2 or N is low.

Computing rg for phenotype 7/68
Reading summary statistics from ../output_sumstats/output_pmid24816252_arginine_eur.sumstats.gz ...
Read summary statistics for 1217311 SNPs.
After merging with summary statistics, 1166621 SNPs remain.
1023264 SNPs with valid alleles.

Heritability of phenotype 7/68
------------------------------
Total Observed scale h2: -0.007 (0.0635)
Lambda GC: 1.0255
Mean Chi^2: 1.0366
Intercept: 1.0375 (0.0072)
Ratio: 1.0251 (0.1958)

Genetic Covariance
------------------
Total Observed scale gencov: 0.0593 (0.0587)
Mean z1*z2: 0.0022
Intercept: -0.0036 (0.0042)

Genetic Correlation
-------------------
Genetic Correlation: nan (nan) (h2  out of bounds) 
Z-score: nan (nan) (h2  out of bounds)
P: nan (nan) (h2  out of bounds)
WARNING: One of the h2's was out of bounds.
This usually indicates a data-munging error or that h2 or N is low.

Computing rg for phenotype 8/68
Reading summary statistics from ../output_sumstats/output_pmid24816252_asparagine_eur.sumstats.gz ...
Read summary statistics for 1217311 SNPs.
After merging with summary statistics, 1166621 SNPs remain.
1023264 SNPs with valid alleles.

Heritability of phenotype 8/68
------------------------------
Total Observed scale h2: 0.4976 (0.0669)
Lambda GC: 1.0679
Mean Chi^2: 1.0906
Intercept: 1.0189 (0.0073)
Ratio: 0.2087 (0.08)

Genetic Covariance
------------------
Total Observed scale gencov: -0.0055 (0.0675)
Mean z1*z2: -0.0035
Intercept: -0.0027 (0.005)

Genetic Correlation
-------------------
Genetic Correlation: nan (nan) (h2  out of bounds) 
Z-score: nan (nan) (h2  out of bounds)
P: nan (nan) (h2  out of bounds)
WARNING: One of the h2's was out of bounds.
This usually indicates a data-munging error or that h2 or N is low.

Computing rg for phenotype 9/68
Reading summary statistics from ../output_sumstats/output_pmid24816252_cholesterol_eur.sumstats.gz ...
Read summary statistics for 1217311 SNPs.
After merging with summary statistics, 1166621 SNPs remain.
1023264 SNPs with valid alleles.

Heritability of phenotype 9/68
------------------------------
Total Observed scale h2: 0.1353 (0.0671)
Lambda GC: 1.0496
Mean Chi^2: 1.0632
Intercept: 1.0434 (0.0065)
Ratio: 0.6861 (0.1035)

Genetic Covariance
------------------
Total Observed scale gencov: 0.0225 (0.0688)
Mean z1*z2: -0.0011
Intercept: -0.0033 (0.005)

Genetic Correlation
-------------------
Genetic Correlation: nan (nan) (h2  out of bounds) 
Z-score: nan (nan) (h2  out of bounds)
P: nan (nan) (h2  out of bounds)
WARNING: One of the h2's was out of bounds.
This usually indicates a data-munging error or that h2 or N is low.

Computing rg for phenotype 10/68
Reading summary statistics from ../output_sumstats/output_pmid24816252_citrate_eur.sumstats.gz ...
Read summary statistics for 1217311 SNPs.
After merging with summary statistics, 1166621 SNPs remain.
1023264 SNPs with valid alleles.

Heritability of phenotype 10/68
-------------------------------
Total Observed scale h2: 0.4514 (0.0804)
Lambda GC: 1.0957
Mean Chi^2: 1.123
Intercept: 1.0589 (0.0083)
Ratio: 0.479 (0.0673)

Genetic Covariance
------------------
Total Observed scale gencov: 0.0818 (0.0715)
Mean z1*z2: 0.0069
Intercept: -0.0009 (0.005)

Genetic Correlation
-------------------
Genetic Correlation: nan (nan) (h2  out of bounds) 
Z-score: nan (nan) (h2  out of bounds)
P: nan (nan) (h2  out of bounds)
WARNING: One of the h2's was out of bounds.
This usually indicates a data-munging error or that h2 or N is low.

Computing rg for phenotype 11/68
Reading summary statistics from ../output_sumstats/output_pmid24816252_glutamate_eur.sumstats.gz ...
Read summary statistics for 1217311 SNPs.
After merging with summary statistics, 1166621 SNPs remain.
1023264 SNPs with valid alleles.

Heritability of phenotype 11/68
-------------------------------
Total Observed scale h2: 0.1633 (0.0568)
Lambda GC: 0.9576
Mean Chi^2: 0.9551
Intercept: 0.9317 (0.0059)
Ratio: NA (mean chi^2 < 1)

Genetic Covariance
------------------
Total Observed scale gencov: 0.0663 (0.0656)
Mean z1*z2: 0.0073
Intercept: 0.0007 (0.0045)

Genetic Correlation
-------------------
Genetic Correlation: nan (nan) (h2  out of bounds) 
Z-score: nan (nan) (h2  out of bounds)
P: nan (nan) (h2  out of bounds)
WARNING: One of the h2's was out of bounds.
This usually indicates a data-munging error or that h2 or N is low.

Computing rg for phenotype 12/68
Reading summary statistics from ../output_sumstats/output_pmid24816252_glycerol_eur.sumstats.gz ...
Read summary statistics for 1217311 SNPs.
After merging with summary statistics, 1166621 SNPs remain.
1023264 SNPs with valid alleles.

Heritability of phenotype 12/68
-------------------------------
Total Observed scale h2: -0.127 (0.0606)
Lambda GC: 0.9868
Mean Chi^2: 0.9975
Intercept: 1.016 (0.0069)
Ratio: NA (mean chi^2 < 1)

Genetic Covariance
------------------
Total Observed scale gencov: -0.0219 (0.0643)
Mean z1*z2: -0.0025
Intercept: -0.0003 (0.0051)

Genetic Correlation
-------------------
Genetic Correlation: nan (nan) (h2  out of bounds) 
Z-score: nan (nan) (h2  out of bounds)
P: nan (nan) (h2  out of bounds)
WARNING: One of the h2's was out of bounds.
This usually indicates a data-munging error or that h2 or N is low.

Computing rg for phenotype 13/68
Reading summary statistics from ../output_sumstats/output_pmid24816252_histidine_eur.sumstats.gz ...
Read summary statistics for 1217311 SNPs.
After merging with summary statistics, 1166621 SNPs remain.
1023264 SNPs with valid alleles.

Heritability of phenotype 13/68
-------------------------------
Total Observed scale h2: 0.4309 (0.0699)
Lambda GC: 0.81
Mean Chi^2: 0.8192
Intercept: 0.7586 (0.0063)
Ratio: NA (mean chi^2 < 1)

Genetic Covariance
------------------
Total Observed scale gencov: -0.0499 (0.0521)
Mean z1*z2: -0.0027
Intercept: 0.0027 (0.0038)

Genetic Correlation
-------------------
Genetic Correlation: nan (nan) (h2  out of bounds) 
Z-score: nan (nan) (h2  out of bounds)
P: nan (nan) (h2  out of bounds)
WARNING: One of the h2's was out of bounds.
This usually indicates a data-munging error or that h2 or N is low.

Computing rg for phenotype 14/68
Reading summary statistics from ../output_sumstats/output_pmid24816252_isoleucine_eur.sumstats.gz ...
Read summary statistics for 1217311 SNPs.
After merging with summary statistics, 1166621 SNPs remain.
1023264 SNPs with valid alleles.

Heritability of phenotype 14/68
-------------------------------
Total Observed scale h2: -0.2772 (0.0589)
Lambda GC: 0.9489
Mean Chi^2: 0.9589
Intercept: 0.9996 (0.0064)
Ratio: NA (mean chi^2 < 1)

Genetic Covariance
------------------
Total Observed scale gencov: 0.0596 (0.0609)
Mean z1*z2: 0.0076
Intercept: 0.0017 (0.0045)

Genetic Correlation
-------------------
Genetic Correlation: nan (nan) (h2  out of bounds) 
Z-score: nan (nan) (h2  out of bounds)
P: nan (nan) (h2  out of bounds)
WARNING: One of the h2's was out of bounds.
This usually indicates a data-munging error or that h2 or N is low.

Computing rg for phenotype 15/68
Reading summary statistics from ../output_sumstats/output_pmid24816252_phenylalanine_eur.sumstats.gz ...
Read summary statistics for 1217311 SNPs.
After merging with summary statistics, 1166621 SNPs remain.
1023264 SNPs with valid alleles.

Heritability of phenotype 15/68
-------------------------------
Total Observed scale h2: 0.3282 (0.0438)
Lambda GC: 0.8207
Mean Chi^2: 0.8235
Intercept: 0.7777 (0.0051)
Ratio: NA (mean chi^2 < 1)

Genetic Covariance
------------------
Total Observed scale gencov: 0.0486 (0.0549)
Mean z1*z2: -0.0002
Intercept: -0.0048 (0.0042)

Genetic Correlation
-------------------
Genetic Correlation: nan (nan) (h2  out of bounds) 
Z-score: nan (nan) (h2  out of bounds)
P: nan (nan) (h2  out of bounds)
WARNING: One of the h2's was out of bounds.
This usually indicates a data-munging error or that h2 or N is low.

Computing rg for phenotype 16/68
Reading summary statistics from ../output_sumstats/output_pmid24816252_proline_eur.sumstats.gz ...
Read summary statistics for 1217311 SNPs.
After merging with summary statistics, 1166621 SNPs remain.
1023264 SNPs with valid alleles.

Heritability of phenotype 16/68
-------------------------------
Total Observed scale h2: 0.3703 (0.0893)
Lambda GC: 1.0649
Mean Chi^2: 1.0922
Intercept: 1.0384 (0.0126)
Ratio: 0.4168 (0.1366)

Genetic Covariance
------------------
Total Observed scale gencov: 0.0251 (0.0624)
Mean z1*z2: 0.0081
Intercept: 0.0057 (0.0048)

Genetic Correlation
-------------------
Genetic Correlation: nan (nan) (h2  out of bounds) 
Z-score: nan (nan) (h2  out of bounds)
P: nan (nan) (h2  out of bounds)
WARNING: One of the h2's was out of bounds.
This usually indicates a data-munging error or that h2 or N is low.

Computing rg for phenotype 17/68
Reading summary statistics from ../output_sumstats/output_pmid24816252_pyruvate_eur.sumstats.gz ...
Read summary statistics for 1217311 SNPs.
After merging with summary statistics, 1166621 SNPs remain.
1023264 SNPs with valid alleles.

Heritability of phenotype 17/68
-------------------------------
Total Observed scale h2: 0.1509 (0.0561)
Lambda GC: 1.0195
Mean Chi^2: 1.0202
Intercept: 0.9988 (0.006)
Ratio < 0 (usually indicates GC correction).

Genetic Covariance
------------------
Total Observed scale gencov: -0.0869 (0.0646)
Mean z1*z2: -0.0047
Intercept: 0.0037 (0.0047)

Genetic Correlation
-------------------
Genetic Correlation: nan (nan) (h2  out of bounds) 
Z-score: nan (nan) (h2  out of bounds)
P: nan (nan) (h2  out of bounds)
WARNING: One of the h2's was out of bounds.
This usually indicates a data-munging error or that h2 or N is low.

Computing rg for phenotype 18/68
Reading summary statistics from ../output_sumstats/output_pmid24816252_threonine_eur.sumstats.gz ...
Read summary statistics for 1217311 SNPs.
After merging with summary statistics, 1166621 SNPs remain.
1023264 SNPs with valid alleles.

Heritability of phenotype 18/68
-------------------------------
Total Observed scale h2: 0.0489 (0.0829)
Lambda GC: 1.0016
Mean Chi^2: 1.0149
Intercept: 1.0093 (0.0068)
Ratio: 0.6253 (0.4545)

Genetic Covariance
------------------
Total Observed scale gencov: -0.0899 (0.0777)
Mean z1*z2: -0.0037
Intercept: 0.0043 (0.005)

Genetic Correlation
-------------------
Genetic Correlation: nan (nan) (h2  out of bounds) 
Z-score: nan (nan) (h2  out of bounds)
P: nan (nan) (h2  out of bounds)
WARNING: One of the h2's was out of bounds.
This usually indicates a data-munging error or that h2 or N is low.

Computing rg for phenotype 19/68
Reading summary statistics from ../output_sumstats/output_pmid24816252_tryptophan_eur.sumstats.gz ...
Read summary statistics for 1217311 SNPs.
After merging with summary statistics, 1166621 SNPs remain.
1023264 SNPs with valid alleles.

Heritability of phenotype 19/68
-------------------------------
Total Observed scale h2: 0.928 (0.0742)
Lambda GC: 1.0864
Mean Chi^2: 1.1818
Intercept: 1.0482 (0.008)
Ratio: 0.2651 (0.0437)

Genetic Covariance
------------------
Total Observed scale gencov: 0.111 (0.0678)
Mean z1*z2: 0.0009
Intercept: -0.0096 (0.005)

Genetic Correlation
-------------------
Genetic Correlation: nan (nan) (h2  out of bounds) 
Z-score: nan (nan) (h2  out of bounds)
P: nan (nan) (h2  out of bounds)
WARNING: One of the h2's was out of bounds.
This usually indicates a data-munging error or that h2 or N is low.

Computing rg for phenotype 20/68
Reading summary statistics from ../output_sumstats/output_pmid24816252_tyrosine_eur.sumstats.gz ...
Read summary statistics for 1217311 SNPs.
After merging with summary statistics, 1166621 SNPs remain.
1023264 SNPs with valid alleles.

Heritability of phenotype 20/68
-------------------------------
Total Observed scale h2: 0.1654 (0.0707)
Lambda GC: 1.0466
Mean Chi^2: 1.0568
Intercept: 1.0326 (0.0072)
Ratio: 0.5747 (0.1271)

Genetic Covariance
------------------
Total Observed scale gencov: 0.0746 (0.0619)
Mean z1*z2: 0.01
Intercept: 0.0027 (0.0047)

Genetic Correlation
-------------------
Genetic Correlation: nan (nan) (h2  out of bounds) 
Z-score: nan (nan) (h2  out of bounds)
P: nan (nan) (h2  out of bounds)
WARNING: One of the h2's was out of bounds.
This usually indicates a data-munging error or that h2 or N is low.

Computing rg for phenotype 21/68
Reading summary statistics from ../output_sumstats/output_pmid24816252_urea_eur.sumstats.gz ...
Read summary statistics for 1217311 SNPs.
After merging with summary statistics, 1166621 SNPs remain.
1023264 SNPs with valid alleles.

Heritability of phenotype 21/68
-------------------------------
Total Observed scale h2: -0.0775 (0.0524)
Lambda GC: 0.9898
Mean Chi^2: 1.0009
Intercept: 1.0122 (0.0062)
Ratio: 13.043 (6.6224)

Genetic Covariance
------------------
Total Observed scale gencov: 0.1563 (0.0594)
Mean z1*z2: 0.0121
Intercept: -0.0035 (0.0049)

Genetic Correlation
-------------------
Genetic Correlation: nan (nan) (h2  out of bounds) 
Z-score: nan (nan) (h2  out of bounds)
P: nan (nan) (h2  out of bounds)
WARNING: One of the h2's was out of bounds.
This usually indicates a data-munging error or that h2 or N is low.

Computing rg for phenotype 22/68
Reading summary statistics from ../output_sumstats/output_pmid27386562_MS_eur.sumstats.gz ...
Read summary statistics for 1217311 SNPs.
After merging with summary statistics, 1166621 SNPs remain.
1136960 SNPs with valid alleles.

Heritability of phenotype 22/68
-------------------------------
Total Observed scale h2: 0.2417 (0.0472)
Lambda GC: 1.1207
Mean Chi^2: 1.1416
Intercept: 1.0668 (0.0089)
Ratio: 0.4716 (0.063)

Genetic Covariance
------------------
Total Observed scale gencov: -0.003 (0.0506)
Mean z1*z2: -0.0078
Intercept: -0.0064 (0.0048)

Genetic Correlation
-------------------
Genetic Correlation: nan (nan) (h2  out of bounds) 
Z-score: nan (nan) (h2  out of bounds)
P: nan (nan) (h2  out of bounds)
WARNING: One of the h2's was out of bounds.
This usually indicates a data-munging error or that h2 or N is low.

Computing rg for phenotype 23/68
Reading summary statistics from ../output_sumstats/output_pmid27455348_ALS_eur.sumstats.gz ...
Read summary statistics for 1217311 SNPs.
After merging with summary statistics, 1166621 SNPs remain.
1152991 SNPs with valid alleles.

Heritability of phenotype 23/68
-------------------------------
Total Observed scale h2: 0.0477 (0.0127)
Lambda GC: 1.0285
Mean Chi^2: 1.0316
Intercept: 0.9976 (0.0063)
Ratio < 0 (usually indicates GC correction).

Genetic Covariance
------------------
Total Observed scale gencov: 0.05 (0.0291)
Mean z1*z2: 0.0037
Intercept: -0.0075 (0.005)

Genetic Correlation
-------------------
Genetic Correlation: nan (nan) (h2  out of bounds) 
Z-score: nan (nan) (h2  out of bounds)
P: nan (nan) (h2  out of bounds)
WARNING: One of the h2's was out of bounds.
This usually indicates a data-munging error or that h2 or N is low.

Computing rg for phenotype 24/68
Reading summary statistics from ../output_sumstats/output_pmid27989323_CTACK_eur.sumstats.gz ...
Read summary statistics for 1217311 SNPs.
After merging with summary statistics, 1166621 SNPs remain.
1163875 SNPs with valid alleles.

Heritability of phenotype 24/68
-------------------------------
Total Observed scale h2: -0.0111 (0.1163)
Lambda GC: 0.9957
Mean Chi^2: 1.0034
Intercept: 1.0042 (0.007)
Ratio: 1.2373 (2.0856)

Genetic Covariance
------------------
Total Observed scale gencov: -0.015 (0.1002)
Mean z1*z2: 0.0518
Intercept: 0.0529 (0.0052)

Genetic Correlation
-------------------
Genetic Correlation: nan (nan) (h2  out of bounds) 
Z-score: nan (nan) (h2  out of bounds)
P: nan (nan) (h2  out of bounds)
WARNING: One of the h2's was out of bounds.
This usually indicates a data-munging error or that h2 or N is low.

Computing rg for phenotype 25/68
Reading summary statistics from ../output_sumstats/output_pmid27989323_GCSF_eur.sumstats.gz ...
Read summary statistics for 1217311 SNPs.
After merging with summary statistics, 1166621 SNPs remain.
1164113 SNPs with valid alleles.

Heritability of phenotype 25/68
-------------------------------
Total Observed scale h2: 0.0274 (0.0613)
Lambda GC: 1.0165
Mean Chi^2: 1.0108
Intercept: 1.0065 (0.0079)
Ratio: 0.6028 (0.7324)

Genetic Covariance
------------------
Total Observed scale gencov: 0.0559 (0.0735)
Mean z1*z2: 0.345
Intercept: 0.3392 (0.0059)

Genetic Correlation
-------------------
Genetic Correlation: nan (nan) (h2  out of bounds) 
Z-score: nan (nan) (h2  out of bounds)
P: nan (nan) (h2  out of bounds)
WARNING: One of the h2's was out of bounds.
This usually indicates a data-munging error or that h2 or N is low.

Computing rg for phenotype 26/68
Reading summary statistics from ../output_sumstats/output_pmid27989323_GROa_eur.sumstats.gz ...
Read summary statistics for 1217311 SNPs.
After merging with summary statistics, 1166621 SNPs remain.
63 SNPs with valid alleles.
WARNING: number of SNPs less than 200k; this is almost always bad.

Heritability of phenotype 26/68
-------------------------------
Total Observed scale h2: -45.2997 (20.7723)
Lambda GC: 0.3141
Mean Chi^2: 0.4167
Intercept: 1.381 (0.479)
Ratio: NA (mean chi^2 < 1)

Genetic Covariance
------------------
Total Observed scale gencov: -3.3342 (30.3781)
Mean z1*z2: 0.2146
Intercept: 0.2846 (0.6826)

Genetic Correlation
-------------------
Genetic Correlation: nan (nan) (h2  out of bounds) 
Z-score: nan (nan) (h2  out of bounds)
P: nan (nan) (h2  out of bounds)
WARNING: One of the h2's was out of bounds.
This usually indicates a data-munging error or that h2 or N is low.

Computing rg for phenotype 27/68
Reading summary statistics from ../output_sumstats/output_pmid27989323_HGF_eur.sumstats.gz ...
Read summary statistics for 1217311 SNPs.
After merging with summary statistics, 1166621 SNPs remain.
1163993 SNPs with valid alleles.

Heritability of phenotype 27/68
-------------------------------
Total Observed scale h2: -0.0239 (0.0585)
Lambda GC: 1.0046
Mean Chi^2: 1.0062
Intercept: 1.0101 (0.0079)
Ratio: 1.6391 (1.2912)

Genetic Covariance
------------------
Total Observed scale gencov: 0.0081 (0.0653)
Mean z1*z2: 0.1201
Intercept: 0.1192 (0.005)

Genetic Correlation
-------------------
Genetic Correlation: nan (nan) (h2  out of bounds) 
Z-score: nan (nan) (h2  out of bounds)
P: nan (nan) (h2  out of bounds)
WARNING: One of the h2's was out of bounds.
This usually indicates a data-munging error or that h2 or N is low.

Computing rg for phenotype 28/68
Reading summary statistics from ../output_sumstats/output_pmid27989323_IFNg_eur.sumstats.gz ...
Read summary statistics for 1217311 SNPs.
After merging with summary statistics, 1166621 SNPs remain.
1164103 SNPs with valid alleles.

Heritability of phenotype 28/68
-------------------------------
Total Observed scale h2: 0.0158 (0.062)
Lambda GC: 1.0046
Mean Chi^2: 1.0009
Intercept: 0.9985 (0.0073)
Ratio < 0 (usually indicates GC correction).

Genetic Covariance
------------------
Total Observed scale gencov: -0.0549 (0.0711)
Mean z1*z2: 0.2914
Intercept: 0.297 (0.0053)

Genetic Correlation
-------------------
Genetic Correlation: nan (nan) (h2  out of bounds) 
Z-score: nan (nan) (h2  out of bounds)
P: nan (nan) (h2  out of bounds)
WARNING: One of the h2's was out of bounds.
This usually indicates a data-munging error or that h2 or N is low.

Computing rg for phenotype 29/68
Reading summary statistics from ../output_sumstats/output_pmid27989323_IL10_eur.sumstats.gz ...
Read summary statistics for 1217311 SNPs.
After merging with summary statistics, 1166621 SNPs remain.
1164237 SNPs with valid alleles.

Heritability of phenotype 29/68
-------------------------------
Total Observed scale h2: -0.0077 (0.0796)
Lambda GC: 1.0016
Mean Chi^2: 1.0169
Intercept: 1.0181 (0.0125)
Ratio: 1.0699 (0.7379)

Genetic Covariance
------------------
Total Observed scale gencov: -0.054 (0.0933)
Mean z1*z2: 0.4721
Intercept: 0.4776 (0.0094)

Genetic Correlation
-------------------
Genetic Correlation: nan (nan) (h2  out of bounds) 
Z-score: nan (nan) (h2  out of bounds)
P: nan (nan) (h2  out of bounds)
WARNING: One of the h2's was out of bounds.
This usually indicates a data-munging error or that h2 or N is low.

Computing rg for phenotype 30/68
Reading summary statistics from ../output_sumstats/output_pmid27989323_IL12p70_eur.sumstats.gz ...
Read summary statistics for 1217311 SNPs.
After merging with summary statistics, 1166621 SNPs remain.
1164068 SNPs with valid alleles.

Heritability of phenotype 30/68
-------------------------------
Total Observed scale h2: -0.0173 (0.0902)
Lambda GC: 1.0255
Mean Chi^2: 1.0304
Intercept: 1.0333 (0.0195)
Ratio: 1.0934 (0.6412)

Genetic Covariance
------------------
Total Observed scale gencov: -0.0295 (0.096)
Mean z1*z2: 0.4353
Intercept: 0.4384 (0.0111)

Genetic Correlation
-------------------
Genetic Correlation: nan (nan) (h2  out of bounds) 
Z-score: nan (nan) (h2  out of bounds)
P: nan (nan) (h2  out of bounds)
WARNING: One of the h2's was out of bounds.
This usually indicates a data-munging error or that h2 or N is low.

Computing rg for phenotype 31/68
Reading summary statistics from ../output_sumstats/output_pmid27989323_IL13_eur.sumstats.gz ...
Read summary statistics for 1217311 SNPs.
After merging with summary statistics, 1166621 SNPs remain.
1163853 SNPs with valid alleles.

Heritability of phenotype 31/68
-------------------------------
Total Observed scale h2: -0.1626 (0.1633)
Lambda GC: 1.0046
Mean Chi^2: 1.0057
Intercept: 1.0172 (0.0125)
Ratio: 3.002 (2.1792)

Genetic Covariance
------------------
Total Observed scale gencov: -0.2352 (0.1346)
Mean z1*z2: 0.6926
Intercept: 0.7089 (0.0095)

Genetic Correlation
-------------------
Genetic Correlation: nan (nan) (h2  out of bounds) 
Z-score: nan (nan) (h2  out of bounds)
P: nan (nan) (h2  out of bounds)
WARNING: One of the h2's was out of bounds.
This usually indicates a data-munging error or that h2 or N is low.

Computing rg for phenotype 32/68
Reading summary statistics from ../output_sumstats/output_pmid27989323_IL16_eur.sumstats.gz ...
Read summary statistics for 1217311 SNPs.
After merging with summary statistics, 1166621 SNPs remain.
1163756 SNPs with valid alleles.

Heritability of phenotype 32/68
-------------------------------
Total Observed scale h2: -0.0772 (0.1288)
Lambda GC: 0.9898
Mean Chi^2: 0.9902
Intercept: 0.9955 (0.0073)
Ratio: NA (mean chi^2 < 1)

Genetic Covariance
------------------
Total Observed scale gencov: -0.1805 (0.1064)
Mean z1*z2: 0.0605
Intercept: 0.0728 (0.0055)

Genetic Correlation
-------------------
Genetic Correlation: nan (nan) (h2  out of bounds) 
Z-score: nan (nan) (h2  out of bounds)
P: nan (nan) (h2  out of bounds)
WARNING: One of the h2's was out of bounds.
This usually indicates a data-munging error or that h2 or N is low.

Computing rg for phenotype 33/68
Reading summary statistics from ../output_sumstats/output_pmid27989323_IL17_eur.sumstats.gz ...
Read summary statistics for 1217311 SNPs.
After merging with summary statistics, 1166621 SNPs remain.
2117 SNPs with valid alleles.
WARNING: number of SNPs less than 200k; this is almost always bad.

Heritability of phenotype 33/68
-------------------------------
Total Observed scale h2: -3.4868 (1.4589)
Lambda GC: 1.1333
Mean Chi^2: 1.2027
Intercept: 1.4998 (0.1453)
Ratio: 2.4662 (0.7169)

Genetic Covariance
------------------
Total Observed scale gencov: 1.0547 (1.3619)
Mean z1*z2: 0.3777
Intercept: 0.3192 (0.0794)

Genetic Correlation
-------------------
Genetic Correlation: nan (nan) (h2  out of bounds) 
Z-score: nan (nan) (h2  out of bounds)
P: nan (nan) (h2  out of bounds)
WARNING: One of the h2's was out of bounds.
This usually indicates a data-munging error or that h2 or N is low.

Computing rg for phenotype 34/68
Reading summary statistics from ../output_sumstats/output_pmid27989323_IL18_eur.sumstats.gz ...
Read summary statistics for 1217311 SNPs.
After merging with summary statistics, 1166621 SNPs remain.
388876 SNPs with valid alleles.
ERROR computing rg for phenotype 34/68, from file ../output_sumstats/output_pmid27989323_IL18_eur.sumstats.gz.
Traceback (most recent call last):
  File "/Users/as/Documents/UNI/Bioinformatik/2023:24_WS/GoBi_Lokal/BlockTeil_Metabolomics/ldsc/ldscore/sumstats.py", line 410, in estimate_rg
    rghat = _rg(loop, args, log, M_annot, ref_ld_cnames, w_ld_cname, i)
  File "/Users/as/Documents/UNI/Bioinformatik/2023:24_WS/GoBi_Lokal/BlockTeil_Metabolomics/ldsc/ldscore/sumstats.py", line 539, in _rg
    intercept_gencov=intercepts[2], n_blocks=n_blocks, twostep=args.two_step)
  File "/Users/as/Documents/UNI/Bioinformatik/2023:24_WS/GoBi_Lokal/BlockTeil_Metabolomics/ldsc/ldscore/regressions.py", line 705, in __init__
    np.multiply(hsq1.tot_delete_values, hsq2.tot_delete_values))
FloatingPointError: invalid value encountered in sqrt


Computing rg for phenotype 35/68
Reading summary statistics from ../output_sumstats/output_pmid27989323_IL1ra_eur.sumstats.gz ...
Read summary statistics for 1217311 SNPs.
After merging with summary statistics, 1166621 SNPs remain.
1164020 SNPs with valid alleles.

Heritability of phenotype 35/68
-------------------------------
Total Observed scale h2: 0.0179 (0.1442)
Lambda GC: 1.0105
Mean Chi^2: 1.0085
Intercept: 1.0072 (0.008)
Ratio: 0.8498 (0.9424)

Genetic Covariance
------------------
Total Observed scale gencov: 0.0197 (0.1141)
Mean z1*z2: 0.5299
Intercept: 0.5285 (0.0059)

Genetic Correlation
-------------------
Genetic Correlation: nan (nan) (h2  out of bounds) 
Z-score: nan (nan) (h2  out of bounds)
P: nan (nan) (h2  out of bounds)
WARNING: One of the h2's was out of bounds.
This usually indicates a data-munging error or that h2 or N is low.

Computing rg for phenotype 36/68
Reading summary statistics from ../output_sumstats/output_pmid27989323_IL2_eur.sumstats.gz ...
Read summary statistics for 1217311 SNPs.
After merging with summary statistics, 1166621 SNPs remain.
1163597 SNPs with valid alleles.

Heritability of phenotype 36/68
-------------------------------
Total Observed scale h2: -0.0892 (0.1298)
Lambda GC: 1.0165
Mean Chi^2: 1.0075
Intercept: 1.0137 (0.0071)
Ratio: 1.818 (0.9472)

Genetic Covariance
------------------
Total Observed scale gencov: 0.0091 (0.1055)
Mean z1*z2: 0.4966
Intercept: 0.496 (0.0055)

Genetic Correlation
-------------------
Genetic Correlation: nan (nan) (h2  out of bounds) 
Z-score: nan (nan) (h2  out of bounds)
P: nan (nan) (h2  out of bounds)
WARNING: One of the h2's was out of bounds.
This usually indicates a data-munging error or that h2 or N is low.

Computing rg for phenotype 37/68
Reading summary statistics from ../output_sumstats/output_pmid27989323_IL2ra_eur.sumstats.gz ...
Read summary statistics for 1217311 SNPs.
After merging with summary statistics, 1166621 SNPs remain.
1163968 SNPs with valid alleles.

Heritability of phenotype 37/68
-------------------------------
Total Observed scale h2: 0.0576 (0.1202)
Lambda GC: 1.0105
Mean Chi^2: 1.0079
Intercept: 1.0037 (0.0067)
Ratio: 0.4751 (0.8498)

Genetic Covariance
------------------
Total Observed scale gencov: 0.0202 (0.0881)
Mean z1*z2: 0.138
Intercept: 0.1366 (0.0047)

Genetic Correlation
-------------------
Genetic Correlation: nan (nan) (h2  out of bounds) 
Z-score: nan (nan) (h2  out of bounds)
P: nan (nan) (h2  out of bounds)
WARNING: One of the h2's was out of bounds.
This usually indicates a data-munging error or that h2 or N is low.

Computing rg for phenotype 38/68
Reading summary statistics from ../output_sumstats/output_pmid27989323_IL4_eur.sumstats.gz ...
Read summary statistics for 1217311 SNPs.
After merging with summary statistics, 1166621 SNPs remain.
1163890 SNPs with valid alleles.

Heritability of phenotype 38/68
-------------------------------
Total Observed scale h2: -0.0384 (0.0604)
Lambda GC: 1.0016
Mean Chi^2: 1.0036
Intercept: 1.0098 (0.008)
Ratio: 2.7145 (2.2244)

Genetic Covariance
------------------
Total Observed scale gencov: 0.0305 (0.067)
Mean z1*z2: 0.2884
Intercept: 0.2852 (0.0054)

Genetic Correlation
-------------------
Genetic Correlation: nan (nan) (h2  out of bounds) 
Z-score: nan (nan) (h2  out of bounds)
P: nan (nan) (h2  out of bounds)
WARNING: One of the h2's was out of bounds.
This usually indicates a data-munging error or that h2 or N is low.

Computing rg for phenotype 39/68
Reading summary statistics from ../output_sumstats/output_pmid27989323_IL5_eur.sumstats.gz ...
Read summary statistics for 1217311 SNPs.
After merging with summary statistics, 1166621 SNPs remain.
1162384 SNPs with valid alleles.

Heritability of phenotype 39/68
-------------------------------
Total Observed scale h2: -0.1232 (0.1381)
Lambda GC: 1.0105
Mean Chi^2: 1.0043
Intercept: 1.0126 (0.0075)
Ratio: 2.8991 (1.7193)

Genetic Covariance
------------------
Total Observed scale gencov: -0.0345 (0.119)
Mean z1*z2: 0.614
Intercept: 0.6164 (0.0063)

Genetic Correlation
-------------------
Genetic Correlation: nan (nan) (h2  out of bounds) 
Z-score: nan (nan) (h2  out of bounds)
P: nan (nan) (h2  out of bounds)
WARNING: One of the h2's was out of bounds.
This usually indicates a data-munging error or that h2 or N is low.

Computing rg for phenotype 40/68
Reading summary statistics from ../output_sumstats/output_pmid27989323_IL6_eur.sumstats.gz ...
Read summary statistics for 1217311 SNPs.
After merging with summary statistics, 1166621 SNPs remain.
1164136 SNPs with valid alleles.

Heritability of phenotype 40/68
-------------------------------
Total Observed scale h2: 0.0021 (0.0571)
Lambda GC: 1.0105
Mean Chi^2: 1.0075
Intercept: 1.0072 (0.007)
Ratio: 0.9527 (0.9351)

Genetic Covariance
------------------
Total Observed scale gencov: 0.0409 (0.0706)
Mean z1*z2: 0.3379
Intercept: 0.3336 (0.0051)

Genetic Correlation
-------------------
Genetic Correlation: nan (nan) (h2  out of bounds) 
Z-score: nan (nan) (h2  out of bounds)
P: nan (nan) (h2  out of bounds)
WARNING: One of the h2's was out of bounds.
This usually indicates a data-munging error or that h2 or N is low.

Computing rg for phenotype 41/68
Reading summary statistics from ../output_sumstats/output_pmid27989323_IL8_eur.sumstats.gz ...
Read summary statistics for 1217311 SNPs.
After merging with summary statistics, 1166621 SNPs remain.
1163304 SNPs with valid alleles.

Heritability of phenotype 41/68
-------------------------------
Total Observed scale h2: -0.0267 (0.1277)
Lambda GC: 1.0016
Mean Chi^2: 1.0059
Intercept: 1.0078 (0.0068)
Ratio: 1.3167 (1.1515)

Genetic Covariance
------------------
Total Observed scale gencov: -0.0632 (0.1124)
Mean z1*z2: 0.4273
Intercept: 0.4317 (0.0053)

Genetic Correlation
-------------------
Genetic Correlation: nan (nan) (h2  out of bounds) 
Z-score: nan (nan) (h2  out of bounds)
P: nan (nan) (h2  out of bounds)
WARNING: One of the h2's was out of bounds.
This usually indicates a data-munging error or that h2 or N is low.

Computing rg for phenotype 42/68
Reading summary statistics from ../output_sumstats/output_pmid27989323_IL9_eur.sumstats.gz ...
Read summary statistics for 1217311 SNPs.
After merging with summary statistics, 1166621 SNPs remain.
1163992 SNPs with valid alleles.

Heritability of phenotype 42/68
-------------------------------
Total Observed scale h2: -0.1747 (0.1261)
Lambda GC: 1.0135
Mean Chi^2: 1.0012
Intercept: 1.0138 (0.007)
Ratio: 11.6296 (5.9297)

Genetic Covariance
------------------
Total Observed scale gencov: -0.0771 (0.1042)
Mean z1*z2: 0.4353
Intercept: 0.4407 (0.0056)

Genetic Correlation
-------------------
Genetic Correlation: nan (nan) (h2  out of bounds) 
Z-score: nan (nan) (h2  out of bounds)
P: nan (nan) (h2  out of bounds)
WARNING: One of the h2's was out of bounds.
This usually indicates a data-munging error or that h2 or N is low.

Computing rg for phenotype 43/68
Reading summary statistics from ../output_sumstats/output_pmid27989323_MCP1_eur.sumstats.gz ...
Read summary statistics for 1217311 SNPs.
After merging with summary statistics, 1166621 SNPs remain.
1164126 SNPs with valid alleles.

Heritability of phenotype 43/68
-------------------------------
Total Observed scale h2: 0.1711 (0.082)
Lambda GC: 1.0105
Mean Chi^2: 1.0226
Intercept: 0.9946 (0.008)
Ratio < 0 (usually indicates GC correction).

Genetic Covariance
------------------
Total Observed scale gencov: 0.0266 (0.0649)
Mean z1*z2: 0.1784
Intercept: 0.1755 (0.0055)

Genetic Correlation
-------------------
Genetic Correlation: nan (nan) (h2  out of bounds) 
Z-score: nan (nan) (h2  out of bounds)
P: nan (nan) (h2  out of bounds)
WARNING: One of the h2's was out of bounds.
This usually indicates a data-munging error or that h2 or N is low.

Computing rg for phenotype 44/68
Reading summary statistics from ../output_sumstats/output_pmid27989323_MCP3_eur.sumstats.gz ...
Read summary statistics for 1217311 SNPs.
After merging with summary statistics, 1166621 SNPs remain.
1126407 SNPs with valid alleles.

Heritability of phenotype 44/68
-------------------------------
Total Observed scale h2: -0.8818 (0.5701)
Lambda GC: 0.9986
Mean Chi^2: 0.9991
Intercept: 1.0141 (0.0077)
Ratio: NA (mean chi^2 < 1)

Genetic Covariance
------------------
Total Observed scale gencov: -0.3518 (0.2006)
Mean z1*z2: 0.057
Intercept: 0.0691 (0.0052)

Genetic Correlation
-------------------
Genetic Correlation: nan (nan) (h2  out of bounds) 
Z-score: nan (nan) (h2  out of bounds)
P: nan (nan) (h2  out of bounds)
WARNING: One of the h2's was out of bounds.
This usually indicates a data-munging error or that h2 or N is low.

Computing rg for phenotype 45/68
Reading summary statistics from ../output_sumstats/output_pmid27989323_MCSF_eur.sumstats.gz ...
Read summary statistics for 1217311 SNPs.
After merging with summary statistics, 1166621 SNPs remain.
1159956 SNPs with valid alleles.

Heritability of phenotype 45/68
-------------------------------
Total Observed scale h2: 0.104 (0.506)
Lambda GC: 0.9986
Mean Chi^2: 0.9933
Intercept: 0.9915 (0.0071)
Ratio: NA (mean chi^2 < 1)

Genetic Covariance
------------------
Total Observed scale gencov: 0.133 (0.2198)
Mean z1*z2: 0.0917
Intercept: 0.0872 (0.0052)

Genetic Correlation
-------------------
Genetic Correlation: nan (nan) (h2  out of bounds) 
Z-score: nan (nan) (h2  out of bounds)
P: nan (nan) (h2  out of bounds)
WARNING: One of the h2's was out of bounds.
This usually indicates a data-munging error or that h2 or N is low.

Computing rg for phenotype 46/68
Reading summary statistics from ../output_sumstats/output_pmid27989323_MIF_eur.sumstats.gz ...
Read summary statistics for 1217311 SNPs.
After merging with summary statistics, 1166621 SNPs remain.
1163719 SNPs with valid alleles.

Heritability of phenotype 46/68
-------------------------------
Total Observed scale h2: 0.0925 (0.1358)
Lambda GC: 1.0075
Mean Chi^2: 1.0109
Intercept: 1.0045 (0.0069)
Ratio: 0.4105 (0.6344)

Genetic Covariance
------------------
Total Observed scale gencov: 0.0571 (0.0978)
Mean z1*z2: 0.055
Intercept: 0.0512 (0.005)

Genetic Correlation
-------------------
Genetic Correlation: nan (nan) (h2  out of bounds) 
Z-score: nan (nan) (h2  out of bounds)
P: nan (nan) (h2  out of bounds)
WARNING: One of the h2's was out of bounds.
This usually indicates a data-munging error or that h2 or N is low.

Computing rg for phenotype 47/68
Reading summary statistics from ../output_sumstats/output_pmid27989323_MIG_eur.sumstats.gz ...
Read summary statistics for 1217311 SNPs.
After merging with summary statistics, 1166621 SNPs remain.
1163818 SNPs with valid alleles.

Heritability of phenotype 47/68
-------------------------------
Total Observed scale h2: -0.1387 (0.1092)
Lambda GC: 1.0046
Mean Chi^2: 1.0045
Intercept: 1.0146 (0.0064)
Ratio: 3.2613 (1.4314)

Genetic Covariance
------------------
Total Observed scale gencov: -0.0615 (0.1014)
Mean z1*z2: 0.0961
Intercept: 0.1005 (0.005)

Genetic Correlation
-------------------
Genetic Correlation: nan (nan) (h2  out of bounds) 
Z-score: nan (nan) (h2  out of bounds)
P: nan (nan) (h2  out of bounds)
WARNING: One of the h2's was out of bounds.
This usually indicates a data-munging error or that h2 or N is low.

Computing rg for phenotype 48/68
Reading summary statistics from ../output_sumstats/output_pmid27989323_MIP1a_eur.sumstats.gz ...
Read summary statistics for 1217311 SNPs.
After merging with summary statistics, 1166621 SNPs remain.
1163415 SNPs with valid alleles.

Heritability of phenotype 48/68
-------------------------------
Total Observed scale h2: -0.1286 (0.1415)
Lambda GC: 0.9957
Mean Chi^2: 0.9994
Intercept: 1.0084 (0.0071)
Ratio: NA (mean chi^2 < 1)

Genetic Covariance
------------------
Total Observed scale gencov: -0.0954 (0.1161)
Mean z1*z2: 0.5332
Intercept: 0.5397 (0.0053)

Genetic Correlation
-------------------
Genetic Correlation: nan (nan) (h2  out of bounds) 
Z-score: nan (nan) (h2  out of bounds)
P: nan (nan) (h2  out of bounds)
WARNING: One of the h2's was out of bounds.
This usually indicates a data-munging error or that h2 or N is low.

Computing rg for phenotype 49/68
Reading summary statistics from ../output_sumstats/output_pmid27989323_MIP1b_eur.sumstats.gz ...
Read summary statistics for 1217311 SNPs.
After merging with summary statistics, 1166621 SNPs remain.
1164026 SNPs with valid alleles.

Heritability of phenotype 49/68
-------------------------------
Total Observed scale h2: 0.2212 (0.2759)
Lambda GC: 1.0165
Mean Chi^2: 1.0551
Intercept: 1.0185 (0.0286)
Ratio: 0.3365 (0.5187)

Genetic Covariance
------------------
Total Observed scale gencov: -0.0147 (0.0656)
Mean z1*z2: 0.1275
Intercept: 0.1293 (0.0052)

Genetic Correlation
-------------------
Genetic Correlation: nan (nan) (h2  out of bounds) 
Z-score: nan (nan) (h2  out of bounds)
P: nan (nan) (h2  out of bounds)
WARNING: One of the h2's was out of bounds.
This usually indicates a data-munging error or that h2 or N is low.

Computing rg for phenotype 50/68
Reading summary statistics from ../output_sumstats/output_pmid27989323_PDGFbb_eur.sumstats.gz ...
Read summary statistics for 1217311 SNPs.
After merging with summary statistics, 1166621 SNPs remain.
1164093 SNPs with valid alleles.

Heritability of phenotype 50/68
-------------------------------
Total Observed scale h2: -0.003 (0.0622)
Lambda GC: 1.0225
Mean Chi^2: 1.0209
Intercept: 1.0214 (0.0086)
Ratio: 1.024 (0.4086)

Genetic Covariance
------------------
Total Observed scale gencov: 0.0486 (0.0624)
Mean z1*z2: 0.2201
Intercept: 0.2149 (0.0052)

Genetic Correlation
-------------------
Genetic Correlation: nan (nan) (h2  out of bounds) 
Z-score: nan (nan) (h2  out of bounds)
P: nan (nan) (h2  out of bounds)
WARNING: One of the h2's was out of bounds.
This usually indicates a data-munging error or that h2 or N is low.

Computing rg for phenotype 51/68
Reading summary statistics from ../output_sumstats/output_pmid27989323_RANTES_eur.sumstats.gz ...
Read summary statistics for 1217311 SNPs.
After merging with summary statistics, 1166621 SNPs remain.
1163511 SNPs with valid alleles.

Heritability of phenotype 51/68
-------------------------------
Total Observed scale h2: 0.1213 (0.1266)
Lambda GC: 1.0046
Mean Chi^2: 1.0081
Intercept: 0.9998 (0.0067)
Ratio < 0 (usually indicates GC correction).

Genetic Covariance
------------------
Total Observed scale gencov: -0.0882 (0.0951)
Mean z1*z2: 0.1178
Intercept: 0.1238 (0.0052)

Genetic Correlation
-------------------
Genetic Correlation: nan (nan) (h2  out of bounds) 
Z-score: nan (nan) (h2  out of bounds)
P: nan (nan) (h2  out of bounds)
WARNING: One of the h2's was out of bounds.
This usually indicates a data-munging error or that h2 or N is low.

Computing rg for phenotype 52/68
Reading summary statistics from ../output_sumstats/output_pmid27989323_SCF_eur.sumstats.gz ...
Read summary statistics for 1217311 SNPs.
After merging with summary statistics, 1166621 SNPs remain.
1163856 SNPs with valid alleles.

Heritability of phenotype 52/68
-------------------------------
Total Observed scale h2: -0.057 (0.0561)
Lambda GC: 1.0046
Mean Chi^2: 1.0093
Intercept: 1.0187 (0.0073)
Ratio: 2.0075 (0.7863)

Genetic Covariance
------------------
Total Observed scale gencov: -0.0477 (0.0596)
Mean z1*z2: 0.0169
Intercept: 0.0219 (0.0051)

Genetic Correlation
-------------------
Genetic Correlation: nan (nan) (h2  out of bounds) 
Z-score: nan (nan) (h2  out of bounds)
P: nan (nan) (h2  out of bounds)
WARNING: One of the h2's was out of bounds.
This usually indicates a data-munging error or that h2 or N is low.

Computing rg for phenotype 53/68
Reading summary statistics from ../output_sumstats/output_pmid27989323_SCGFb_eur.sumstats.gz ...
Read summary statistics for 1217311 SNPs.
After merging with summary statistics, 1166621 SNPs remain.
518366 SNPs with valid alleles.

Heritability of phenotype 53/68
-------------------------------
Total Observed scale h2: 0.0927 (0.1786)
Lambda GC: 1.0165
Mean Chi^2: 1.0187
Intercept: 1.0116 (0.01)
Ratio: 0.6233 (0.5381)

Genetic Covariance
------------------
Total Observed scale gencov: -0.016 (0.1306)
Mean z1*z2: 0.109
Intercept: 0.11 (0.0072)

Genetic Correlation
-------------------
Genetic Correlation: -0.159 (1.5743)
Z-score: -0.101
P: 0.9195

Computing rg for phenotype 54/68
Reading summary statistics from ../output_sumstats/output_pmid27989323_SDF1_eur.sumstats.gz ...
Read summary statistics for 1217311 SNPs.
After merging with summary statistics, 1166621 SNPs remain.
1163591 SNPs with valid alleles.

Heritability of phenotype 54/68
-------------------------------
Total Observed scale h2: -0.0071 (0.0769)
Lambda GC: 0.9898
Mean Chi^2: 0.9972
Intercept: 0.998 (0.0073)
Ratio: NA (mean chi^2 < 1)

Genetic Covariance
------------------
Total Observed scale gencov: 0.0512 (0.0696)
Mean z1*z2: 0.0575
Intercept: 0.0529 (0.0053)

Genetic Correlation
-------------------
Genetic Correlation: nan (nan) (h2  out of bounds) 
Z-score: nan (nan) (h2  out of bounds)
P: nan (nan) (h2  out of bounds)
WARNING: One of the h2's was out of bounds.
This usually indicates a data-munging error or that h2 or N is low.

Computing rg for phenotype 55/68
Reading summary statistics from ../output_sumstats/output_pmid27989323_TNFa_eur.sumstats.gz ...
Read summary statistics for 1217311 SNPs.
After merging with summary statistics, 1166621 SNPs remain.
1163428 SNPs with valid alleles.

Heritability of phenotype 55/68
-------------------------------
Total Observed scale h2: -0.0587 (0.1333)
Lambda GC: 0.9868
Mean Chi^2: 0.9942
Intercept: 0.9982 (0.0069)
Ratio: NA (mean chi^2 < 1)

Genetic Covariance
------------------
Total Observed scale gencov: -0.1175 (0.1142)
Mean z1*z2: 0.5029
Intercept: 0.5109 (0.0059)

Genetic Correlation
-------------------
Genetic Correlation: nan (nan) (h2  out of bounds) 
Z-score: nan (nan) (h2  out of bounds)
P: nan (nan) (h2  out of bounds)
WARNING: One of the h2's was out of bounds.
This usually indicates a data-munging error or that h2 or N is low.

Computing rg for phenotype 56/68
Reading summary statistics from ../output_sumstats/output_pmid27989323_TNFb_eur.sumstats.gz ...
Read summary statistics for 1217311 SNPs.
After merging with summary statistics, 1166621 SNPs remain.
1048881 SNPs with valid alleles.

Heritability of phenotype 56/68
-------------------------------
Total Observed scale h2: -0.4543 (0.3086)
Lambda GC: 1.0075
Mean Chi^2: 0.9957
Intercept: 1.0104 (0.0075)
Ratio: NA (mean chi^2 < 1)

Genetic Covariance
------------------
Total Observed scale gencov: 0.1666 (0.1512)
Mean z1*z2: 0.0516
Intercept: 0.0436 (0.006)

Genetic Correlation
-------------------
Genetic Correlation: nan (nan) (h2  out of bounds) 
Z-score: nan (nan) (h2  out of bounds)
P: nan (nan) (h2  out of bounds)
WARNING: One of the h2's was out of bounds.
This usually indicates a data-munging error or that h2 or N is low.

Computing rg for phenotype 57/68
Reading summary statistics from ../output_sumstats/output_pmid27989323_TRAIL_eur.sumstats.gz ...
Read summary statistics for 1217311 SNPs.
After merging with summary statistics, 1166621 SNPs remain.
1163979 SNPs with valid alleles.

Heritability of phenotype 57/68
-------------------------------
Total Observed scale h2: -0.0231 (0.0553)
Lambda GC: 1.0195
Mean Chi^2: 1.0176
Intercept: 1.0213 (0.0117)
Ratio: 1.2135 (0.6658)

Genetic Covariance
------------------
Total Observed scale gencov: 0.0189 (0.0613)
Mean z1*z2: 0.0332
Intercept: 0.0312 (0.0053)

Genetic Correlation
-------------------
Genetic Correlation: nan (nan) (h2  out of bounds) 
Z-score: nan (nan) (h2  out of bounds)
P: nan (nan) (h2  out of bounds)
WARNING: One of the h2's was out of bounds.
This usually indicates a data-munging error or that h2 or N is low.

Computing rg for phenotype 58/68
Reading summary statistics from ../output_sumstats/output_pmid27989323_bNGF_eur.sumstats.gz ...
Read summary statistics for 1217311 SNPs.
After merging with summary statistics, 1166621 SNPs remain.
1163503 SNPs with valid alleles.

Heritability of phenotype 58/68
-------------------------------
Total Observed scale h2: 0.2595 (0.1381)
Lambda GC: 1.0165
Mean Chi^2: 1.0129
Intercept: 0.9946 (0.0078)
Ratio < 0 (usually indicates GC correction).

Genetic Covariance
------------------
Total Observed scale gencov: 0.0728 (0.1111)
Mean z1*z2: 0.1933
Intercept: 0.1884 (0.0058)

Genetic Correlation
-------------------
Genetic Correlation: nan (nan) (h2  out of bounds) 
Z-score: nan (nan) (h2  out of bounds)
P: nan (nan) (h2  out of bounds)
WARNING: One of the h2's was out of bounds.
This usually indicates a data-munging error or that h2 or N is low.

Computing rg for phenotype 59/68
Reading summary statistics from ../output_sumstats/output_pmid27989323_eotaxin_eur.sumstats.gz ...
Read summary statistics for 1217311 SNPs.
After merging with summary statistics, 1166621 SNPs remain.
1163970 SNPs with valid alleles.

Heritability of phenotype 59/68
-------------------------------
Total Observed scale h2: 0.1039 (0.0663)
Lambda GC: 1.0135
Mean Chi^2: 1.0254
Intercept: 1.0085 (0.0077)
Ratio: 0.3354 (0.3027)

Genetic Covariance
------------------
Total Observed scale gencov: 0.0797 (0.0682)
Mean z1*z2: 0.2186
Intercept: 0.2103 (0.0053)

Genetic Correlation
-------------------
Genetic Correlation: nan (nan) (h2  out of bounds) 
Z-score: nan (nan) (h2  out of bounds)
P: nan (nan) (h2  out of bounds)
WARNING: One of the h2's was out of bounds.
This usually indicates a data-munging error or that h2 or N is low.

Computing rg for phenotype 60/68
Reading summary statistics from ../output_sumstats/output_pmid27989323_ip10_eur.sumstats.gz ...
Read summary statistics for 1217311 SNPs.
After merging with summary statistics, 1166621 SNPs remain.
1163837 SNPs with valid alleles.

Heritability of phenotype 60/68
-------------------------------
Total Observed scale h2: 0.1256 (0.1237)
Lambda GC: 1.0225
Mean Chi^2: 1.0177
Intercept: 1.0085 (0.0072)
Ratio: 0.4815 (0.4069)

Genetic Covariance
------------------
Total Observed scale gencov: -0.0047 (0.0929)
Mean z1*z2: 0.0796
Intercept: 0.0799 (0.005)

Genetic Correlation
-------------------
Genetic Correlation: nan (nan) (h2  out of bounds) 
Z-score: nan (nan) (h2  out of bounds)
P: nan (nan) (h2  out of bounds)
WARNING: One of the h2's was out of bounds.
This usually indicates a data-munging error or that h2 or N is low.

Computing rg for phenotype 61/68
Reading summary statistics from ../output_sumstats/output_pmid29566793_ALS_eur.sumstats.gz ...
Read summary statistics for 1217311 SNPs.
After merging with summary statistics, 1166621 SNPs remain.
1160762 SNPs with valid alleles.

Heritability of phenotype 61/68
-------------------------------
Total Observed scale h2: 0.0322 (0.0072)
Lambda GC: 1.0496
Mean Chi^2: 1.0738
Intercept: 1.0216 (0.0073)
Ratio: 0.293 (0.0985)

Genetic Covariance
------------------
Total Observed scale gencov: 0.0294 (0.0191)
Mean z1*z2: -9.6788e-05
Intercept: -0.0097 (0.0046)

Genetic Correlation
-------------------
Genetic Correlation: nan (nan) (h2  out of bounds) 
Z-score: nan (nan) (h2  out of bounds)
P: nan (nan) (h2  out of bounds)
WARNING: One of the h2's was out of bounds.
This usually indicates a data-munging error or that h2 or N is low.

Computing rg for phenotype 62/68
Reading summary statistics from ../output_sumstats/output_pmid29632382_T2d-BMIadj_eur.sumstats.gz ...
Read summary statistics for 1217311 SNPs.
After merging with summary statistics, 1166621 SNPs remain.
25939 SNPs with valid alleles.
WARNING: number of SNPs less than 200k; this is almost always bad.
ERROR computing rg for phenotype 62/68, from file ../output_sumstats/output_pmid29632382_T2d-BMIadj_eur.sumstats.gz.
Traceback (most recent call last):
  File "/Users/as/Documents/UNI/Bioinformatik/2023:24_WS/GoBi_Lokal/BlockTeil_Metabolomics/ldsc/ldscore/sumstats.py", line 410, in estimate_rg
    rghat = _rg(loop, args, log, M_annot, ref_ld_cnames, w_ld_cname, i)
  File "/Users/as/Documents/UNI/Bioinformatik/2023:24_WS/GoBi_Lokal/BlockTeil_Metabolomics/ldsc/ldscore/sumstats.py", line 539, in _rg
    intercept_gencov=intercepts[2], n_blocks=n_blocks, twostep=args.two_step)
  File "/Users/as/Documents/UNI/Bioinformatik/2023:24_WS/GoBi_Lokal/BlockTeil_Metabolomics/ldsc/ldscore/regressions.py", line 705, in __init__
    np.multiply(hsq1.tot_delete_values, hsq2.tot_delete_values))
FloatingPointError: invalid value encountered in sqrt


Computing rg for phenotype 63/68
Reading summary statistics from ../output_sumstats/output_pmid30054458_T2d_eur.sumstats.gz ...
Read summary statistics for 1217311 SNPs.
After merging with summary statistics, 1166621 SNPs remain.
998341 SNPs with valid alleles.

Heritability of phenotype 63/68
-------------------------------
Total Observed scale h2: 0.0458 (0.003)
Lambda GC: 1.4602
Mean Chi^2: 1.6891
Intercept: 1.0537 (0.019)
Ratio: 0.0779 (0.0275)

Genetic Covariance
------------------
Total Observed scale gencov: 0.0015 (0.0113)
Mean z1*z2: 0.0028
Intercept: 0.0002 (0.0073)

Genetic Correlation
-------------------
Genetic Correlation: 0.0252 (0.1968)
Z-score: 0.1279
P: 0.8982

Computing rg for phenotype 64/68
Reading summary statistics from ../output_sumstats/output_pmid33111402_PD_eur.sumstats.gz ...
Read summary statistics for 1217311 SNPs.
After merging with summary statistics, 1166621 SNPs remain.
9914 SNPs with valid alleles.
WARNING: number of SNPs less than 200k; this is almost always bad.

Heritability of phenotype 64/68
-------------------------------
Total Observed scale h2: -2.6807 (1.1353)
Lambda GC: 0.9547
Mean Chi^2: 0.949
Intercept: 1.0877 (0.0601)
Ratio: NA (mean chi^2 < 1)

Genetic Covariance
------------------
Total Observed scale gencov: -0.6014 (0.7497)
Mean z1*z2: 0.0053
Intercept: 0.0399 (0.0454)

Genetic Correlation
-------------------
Genetic Correlation: nan (nan) (h2  out of bounds) 
Z-score: nan (nan) (h2  out of bounds)
P: nan (nan) (h2  out of bounds)
WARNING: One of the h2's was out of bounds.
This usually indicates a data-munging error or that h2 or N is low.

Computing rg for phenotype 65/68
Reading summary statistics from ../output_sumstats/output_pmid33310728_RA_eur.sumstats.gz ...
Read summary statistics for 1217311 SNPs.
After merging with summary statistics, 1166621 SNPs remain.
1157325 SNPs with valid alleles.

Heritability of phenotype 65/68
-------------------------------
Total Observed scale h2: 0.0368 (0.0042)
Lambda GC: 1.0741
Mean Chi^2: 1.2
Intercept: 0.9735 (0.0123)
Ratio < 0 (usually indicates GC correction).

Genetic Covariance
------------------
Total Observed scale gencov: 0.0173 (0.0107)
Mean z1*z2: 0.0082
Intercept: -0.004 (0.0044)

Genetic Correlation
-------------------
Genetic Correlation: nan (nan) (h2  out of bounds) 
Z-score: nan (nan) (h2  out of bounds)
P: nan (nan) (h2  out of bounds)
WARNING: One of the h2's was out of bounds.
This usually indicates a data-munging error or that h2 or N is low.

Computing rg for phenotype 66/68
Reading summary statistics from ../output_sumstats/output_pmid33589841_LBD_eur.sumstats.gz ...
Read summary statistics for 1217311 SNPs.
After merging with summary statistics, 1166621 SNPs remain.
1060104 SNPs with valid alleles.

Heritability of phenotype 66/68
-------------------------------
Total Observed scale h2: 0.1663 (0.0802)
Lambda GC: 1.0225
Mean Chi^2: 1.0247
Intercept: 1.0026 (0.0085)
Ratio: 0.1063 (0.343)

Genetic Covariance
------------------
Total Observed scale gencov: -0.1293 (0.0766)
Mean z1*z2: -0.0126
Intercept: -0.0005 (0.0048)

Genetic Correlation
-------------------
Genetic Correlation: nan (nan) (h2  out of bounds) 
Z-score: nan (nan) (h2  out of bounds)
P: nan (nan) (h2  out of bounds)
WARNING: One of the h2's was out of bounds.
This usually indicates a data-munging error or that h2 or N is low.

Computing rg for phenotype 67/68
Reading summary statistics from ../output_sumstats/output_pmid33987465_PD_eur.sumstats.gz ...
Read summary statistics for 1217311 SNPs.
After merging with summary statistics, 1166621 SNPs remain.
1163961 SNPs with valid alleles.

Heritability of phenotype 67/68
-------------------------------
Total Observed scale h2: 0.413 (0.147)
Lambda GC: 1.0016
Mean Chi^2: 1.005
Intercept: 0.9818 (0.0061)
Ratio < 0 (usually indicates GC correction).

Genetic Covariance
------------------
Total Observed scale gencov: 0.0174 (0.1004)
Mean z1*z2: -0.0058
Intercept: -0.0069 (0.0044)

Genetic Correlation
-------------------
Genetic Correlation: nan (nan) (h2  out of bounds) 
Z-score: nan (nan) (h2  out of bounds)
P: nan (nan) (h2  out of bounds)
WARNING: One of the h2's was out of bounds.
This usually indicates a data-munging error or that h2 or N is low.

Computing rg for phenotype 68/68
Reading summary statistics from ../output_sumstats/output_pmid34737426_APH_eur.sumstats.gz ...
Read summary statistics for 1217311 SNPs.
After merging with summary statistics, 1166621 SNPs remain.
1140980 SNPs with valid alleles.

Heritability of phenotype 68/68
-------------------------------
Total Observed scale h2: -4.3327e-05 (0.0009)
Lambda GC: 0.9957
Mean Chi^2: 0.985
Intercept: 0.9854 (0.0061)
Ratio: NA (mean chi^2 < 1)

Genetic Covariance
------------------
Total Observed scale gencov: 0.0096 (0.0077)
Mean z1*z2: 0.0018
Intercept: -0.0058 (0.0048)

Genetic Correlation
-------------------
Genetic Correlation: nan (nan) (h2  out of bounds) 
Z-score: nan (nan) (h2  out of bounds)
P: nan (nan) (h2  out of bounds)
WARNING: One of the h2's was out of bounds.
This usually indicates a data-munging error or that h2 or N is low.


Summary of Genetic Correlation Results
                                                         p1                                                                      p2       rg      se       z       p     h2_obs  h2_obs_se  h2_int h2_int_se   gcov_int gcov_int_se
 ../output_sumstats/output_pmid27989323_IL7_eur.sumstats.gz              ../output_sumstats/output_pmid27989323_IL7_eur.sumstats.gz       NA      NA      NA      NA   -0.03869     0.1572   1.013  0.008826      1.013    0.008822
 ../output_sumstats/output_pmid27989323_IL7_eur.sumstats.gz               ../output_sumstats/output_pmid21833088_MS_eur.sumstats.gz       NA      NA      NA      NA     0.0554    0.02826   1.059  0.009047  -0.005346     0.00629
 ../output_sumstats/output_pmid27989323_IL7_eur.sumstats.gz               ../output_sumstats/output_pmid24076602_MS_eur.sumstats.gz       NA      NA      NA      NA      1.608      0.238   1.001   0.08249    0.01334     0.02463
 ../output_sumstats/output_pmid27989323_IL7_eur.sumstats.gz  ../output_sumstats/output_pmid24816252_acetylcarnitine_eur.sumstats.gz       NA      NA      NA      NA    -0.2333    0.08302    1.02   0.00755  -0.003011    0.004664
 ../output_sumstats/output_pmid27989323_IL7_eur.sumstats.gz          ../output_sumstats/output_pmid24816252_alanine_eur.sumstats.gz       NA      NA      NA      NA      0.524    0.07026   1.012  0.007171   0.006578    0.004921
 ../output_sumstats/output_pmid27989323_IL7_eur.sumstats.gz         ../output_sumstats/output_pmid24816252_arginine_eur.sumstats.gz       NA      NA      NA      NA  -0.007034    0.06351   1.038   0.00717  -0.003593    0.004192
 ../output_sumstats/output_pmid27989323_IL7_eur.sumstats.gz       ../output_sumstats/output_pmid24816252_asparagine_eur.sumstats.gz       NA      NA      NA      NA     0.4976    0.06689   1.019  0.007251  -0.002717    0.004954
 ../output_sumstats/output_pmid27989323_IL7_eur.sumstats.gz      ../output_sumstats/output_pmid24816252_cholesterol_eur.sumstats.gz       NA      NA      NA      NA     0.1353    0.06714   1.043  0.006548  -0.003272    0.004998
 ../output_sumstats/output_pmid27989323_IL7_eur.sumstats.gz          ../output_sumstats/output_pmid24816252_citrate_eur.sumstats.gz       NA      NA      NA      NA     0.4514    0.08041   1.059  0.008272 -0.0008845    0.005021
 ../output_sumstats/output_pmid27989323_IL7_eur.sumstats.gz        ../output_sumstats/output_pmid24816252_glutamate_eur.sumstats.gz       NA      NA      NA      NA     0.1633    0.05679  0.9317   0.00589  0.0006948    0.004509
 ../output_sumstats/output_pmid27989323_IL7_eur.sumstats.gz         ../output_sumstats/output_pmid24816252_glycerol_eur.sumstats.gz       NA      NA      NA      NA     -0.127    0.06056   1.016   0.00691 -0.0003495    0.005097
 ../output_sumstats/output_pmid27989323_IL7_eur.sumstats.gz        ../output_sumstats/output_pmid24816252_histidine_eur.sumstats.gz       NA      NA      NA      NA     0.4309    0.06989  0.7586  0.006252   0.002696    0.003768
 ../output_sumstats/output_pmid27989323_IL7_eur.sumstats.gz       ../output_sumstats/output_pmid24816252_isoleucine_eur.sumstats.gz       NA      NA      NA      NA    -0.2772    0.05888  0.9996   0.00645    0.00168     0.00448
 ../output_sumstats/output_pmid27989323_IL7_eur.sumstats.gz    ../output_sumstats/output_pmid24816252_phenylalanine_eur.sumstats.gz       NA      NA      NA      NA     0.3282    0.04375  0.7777  0.005111   -0.00477    0.004195
 ../output_sumstats/output_pmid27989323_IL7_eur.sumstats.gz          ../output_sumstats/output_pmid24816252_proline_eur.sumstats.gz       NA      NA      NA      NA     0.3703    0.08925   1.038   0.01259   0.005714     0.00481
 ../output_sumstats/output_pmid27989323_IL7_eur.sumstats.gz         ../output_sumstats/output_pmid24816252_pyruvate_eur.sumstats.gz       NA      NA      NA      NA     0.1509    0.05614  0.9988  0.006004   0.003747    0.004733
 ../output_sumstats/output_pmid27989323_IL7_eur.sumstats.gz        ../output_sumstats/output_pmid24816252_threonine_eur.sumstats.gz       NA      NA      NA      NA    0.04888    0.08293   1.009  0.006782    0.00426    0.004965
 ../output_sumstats/output_pmid27989323_IL7_eur.sumstats.gz       ../output_sumstats/output_pmid24816252_tryptophan_eur.sumstats.gz       NA      NA      NA      NA      0.928    0.07416   1.048   0.00795  -0.009596    0.004983
 ../output_sumstats/output_pmid27989323_IL7_eur.sumstats.gz         ../output_sumstats/output_pmid24816252_tyrosine_eur.sumstats.gz       NA      NA      NA      NA     0.1654    0.07066   1.033  0.007215   0.002702     0.00467
 ../output_sumstats/output_pmid27989323_IL7_eur.sumstats.gz             ../output_sumstats/output_pmid24816252_urea_eur.sumstats.gz       NA      NA      NA      NA   -0.07751    0.05242   1.012  0.006204  -0.003543    0.004935
 ../output_sumstats/output_pmid27989323_IL7_eur.sumstats.gz               ../output_sumstats/output_pmid27386562_MS_eur.sumstats.gz       NA      NA      NA      NA     0.2417    0.04723   1.067  0.008927  -0.006389    0.004809
 ../output_sumstats/output_pmid27989323_IL7_eur.sumstats.gz              ../output_sumstats/output_pmid27455348_ALS_eur.sumstats.gz       NA      NA      NA      NA    0.04774    0.01275  0.9976  0.006339  -0.007458    0.004967
 ../output_sumstats/output_pmid27989323_IL7_eur.sumstats.gz            ../output_sumstats/output_pmid27989323_CTACK_eur.sumstats.gz       NA      NA      NA      NA   -0.01106     0.1163   1.004   0.00702    0.05287    0.005214
 ../output_sumstats/output_pmid27989323_IL7_eur.sumstats.gz             ../output_sumstats/output_pmid27989323_GCSF_eur.sumstats.gz       NA      NA      NA      NA    0.02739    0.06128   1.006  0.007893     0.3392    0.005928
 ../output_sumstats/output_pmid27989323_IL7_eur.sumstats.gz             ../output_sumstats/output_pmid27989323_GROa_eur.sumstats.gz       NA      NA      NA      NA      -45.3      20.77   1.381     0.479     0.2846      0.6826
 ../output_sumstats/output_pmid27989323_IL7_eur.sumstats.gz              ../output_sumstats/output_pmid27989323_HGF_eur.sumstats.gz       NA      NA      NA      NA   -0.02388    0.05852    1.01  0.007943     0.1192    0.005013
 ../output_sumstats/output_pmid27989323_IL7_eur.sumstats.gz             ../output_sumstats/output_pmid27989323_IFNg_eur.sumstats.gz       NA      NA      NA      NA    0.01583    0.06197  0.9985  0.007334      0.297    0.005315
 ../output_sumstats/output_pmid27989323_IL7_eur.sumstats.gz             ../output_sumstats/output_pmid27989323_IL10_eur.sumstats.gz       NA      NA      NA      NA  -0.007708    0.07964   1.018   0.01246     0.4776    0.009421
 ../output_sumstats/output_pmid27989323_IL7_eur.sumstats.gz          ../output_sumstats/output_pmid27989323_IL12p70_eur.sumstats.gz       NA      NA      NA      NA   -0.01733    0.09018   1.033   0.01952     0.4384     0.01113
 ../output_sumstats/output_pmid27989323_IL7_eur.sumstats.gz             ../output_sumstats/output_pmid27989323_IL13_eur.sumstats.gz       NA      NA      NA      NA    -0.1626     0.1633   1.017    0.0125     0.7089    0.009465
 ../output_sumstats/output_pmid27989323_IL7_eur.sumstats.gz             ../output_sumstats/output_pmid27989323_IL16_eur.sumstats.gz       NA      NA      NA      NA   -0.07721     0.1288  0.9955  0.007346    0.07281    0.005545
 ../output_sumstats/output_pmid27989323_IL7_eur.sumstats.gz             ../output_sumstats/output_pmid27989323_IL17_eur.sumstats.gz       NA      NA      NA      NA     -3.487      1.459     1.5    0.1453     0.3192     0.07936
 ../output_sumstats/output_pmid27989323_IL7_eur.sumstats.gz             ../output_sumstats/output_pmid27989323_IL18_eur.sumstats.gz       NA      NA      NA      NA         NA         NA      NA        NA         NA          NA
 ../output_sumstats/output_pmid27989323_IL7_eur.sumstats.gz            ../output_sumstats/output_pmid27989323_IL1ra_eur.sumstats.gz       NA      NA      NA      NA     0.0179     0.1442   1.007  0.008011     0.5285    0.005927
 ../output_sumstats/output_pmid27989323_IL7_eur.sumstats.gz              ../output_sumstats/output_pmid27989323_IL2_eur.sumstats.gz       NA      NA      NA      NA    -0.0892     0.1298   1.014  0.007128      0.496    0.005528
 ../output_sumstats/output_pmid27989323_IL7_eur.sumstats.gz            ../output_sumstats/output_pmid27989323_IL2ra_eur.sumstats.gz       NA      NA      NA      NA    0.05757     0.1202   1.004  0.006692     0.1366    0.004735
 ../output_sumstats/output_pmid27989323_IL7_eur.sumstats.gz              ../output_sumstats/output_pmid27989323_IL4_eur.sumstats.gz       NA      NA      NA      NA   -0.03838    0.06044    1.01  0.008026     0.2852    0.005363
 ../output_sumstats/output_pmid27989323_IL7_eur.sumstats.gz              ../output_sumstats/output_pmid27989323_IL5_eur.sumstats.gz       NA      NA      NA      NA    -0.1232     0.1381   1.013  0.007456     0.6164    0.006277
 ../output_sumstats/output_pmid27989323_IL7_eur.sumstats.gz              ../output_sumstats/output_pmid27989323_IL6_eur.sumstats.gz       NA      NA      NA      NA   0.002144    0.05714   1.007  0.007023     0.3336    0.005088
 ../output_sumstats/output_pmid27989323_IL7_eur.sumstats.gz              ../output_sumstats/output_pmid27989323_IL8_eur.sumstats.gz       NA      NA      NA      NA   -0.02673     0.1277   1.008  0.006811     0.4317    0.005289
 ../output_sumstats/output_pmid27989323_IL7_eur.sumstats.gz              ../output_sumstats/output_pmid27989323_IL9_eur.sumstats.gz       NA      NA      NA      NA    -0.1747     0.1261   1.014   0.00703     0.4407    0.005606
 ../output_sumstats/output_pmid27989323_IL7_eur.sumstats.gz             ../output_sumstats/output_pmid27989323_MCP1_eur.sumstats.gz       NA      NA      NA      NA     0.1711    0.08198  0.9946  0.007995     0.1755    0.005497
 ../output_sumstats/output_pmid27989323_IL7_eur.sumstats.gz             ../output_sumstats/output_pmid27989323_MCP3_eur.sumstats.gz       NA      NA      NA      NA    -0.8818     0.5701   1.014  0.007723    0.06905    0.005235
 ../output_sumstats/output_pmid27989323_IL7_eur.sumstats.gz             ../output_sumstats/output_pmid27989323_MCSF_eur.sumstats.gz       NA      NA      NA      NA      0.104      0.506  0.9915   0.00713    0.08721    0.005178
 ../output_sumstats/output_pmid27989323_IL7_eur.sumstats.gz              ../output_sumstats/output_pmid27989323_MIF_eur.sumstats.gz       NA      NA      NA      NA    0.09255     0.1358   1.004  0.006933    0.05116    0.004992
 ../output_sumstats/output_pmid27989323_IL7_eur.sumstats.gz              ../output_sumstats/output_pmid27989323_MIG_eur.sumstats.gz       NA      NA      NA      NA    -0.1387     0.1092   1.015  0.006424     0.1005    0.005022
 ../output_sumstats/output_pmid27989323_IL7_eur.sumstats.gz            ../output_sumstats/output_pmid27989323_MIP1a_eur.sumstats.gz       NA      NA      NA      NA    -0.1286     0.1415   1.008  0.007129     0.5397    0.005343
 ../output_sumstats/output_pmid27989323_IL7_eur.sumstats.gz            ../output_sumstats/output_pmid27989323_MIP1b_eur.sumstats.gz       NA      NA      NA      NA     0.2212     0.2759   1.019   0.02857     0.1293    0.005236
 ../output_sumstats/output_pmid27989323_IL7_eur.sumstats.gz           ../output_sumstats/output_pmid27989323_PDGFbb_eur.sumstats.gz       NA      NA      NA      NA   -0.00305    0.06224   1.021  0.008553     0.2149    0.005174
 ../output_sumstats/output_pmid27989323_IL7_eur.sumstats.gz           ../output_sumstats/output_pmid27989323_RANTES_eur.sumstats.gz       NA      NA      NA      NA     0.1213     0.1266  0.9998  0.006746     0.1238      0.0052
 ../output_sumstats/output_pmid27989323_IL7_eur.sumstats.gz              ../output_sumstats/output_pmid27989323_SCF_eur.sumstats.gz       NA      NA      NA      NA     -0.057    0.05606   1.019  0.007315    0.02188    0.005141
 ../output_sumstats/output_pmid27989323_IL7_eur.sumstats.gz            ../output_sumstats/output_pmid27989323_SCGFb_eur.sumstats.gz   -0.159   1.574  -0.101  0.9195    0.09269     0.1786   1.012   0.01004       0.11    0.007206
 ../output_sumstats/output_pmid27989323_IL7_eur.sumstats.gz             ../output_sumstats/output_pmid27989323_SDF1_eur.sumstats.gz       NA      NA      NA      NA   -0.00708    0.07687   0.998  0.007305     0.0529    0.005269
 ../output_sumstats/output_pmid27989323_IL7_eur.sumstats.gz             ../output_sumstats/output_pmid27989323_TNFa_eur.sumstats.gz       NA      NA      NA      NA   -0.05872     0.1333  0.9982  0.006921     0.5109    0.005896
 ../output_sumstats/output_pmid27989323_IL7_eur.sumstats.gz             ../output_sumstats/output_pmid27989323_TNFb_eur.sumstats.gz       NA      NA      NA      NA    -0.4543     0.3086    1.01  0.007535    0.04361    0.005991
 ../output_sumstats/output_pmid27989323_IL7_eur.sumstats.gz            ../output_sumstats/output_pmid27989323_TRAIL_eur.sumstats.gz       NA      NA      NA      NA   -0.02309    0.05529   1.021   0.01169    0.03119    0.005312
 ../output_sumstats/output_pmid27989323_IL7_eur.sumstats.gz             ../output_sumstats/output_pmid27989323_bNGF_eur.sumstats.gz       NA      NA      NA      NA     0.2595     0.1381  0.9946   0.00775     0.1884    0.005754
 ../output_sumstats/output_pmid27989323_IL7_eur.sumstats.gz          ../output_sumstats/output_pmid27989323_eotaxin_eur.sumstats.gz       NA      NA      NA      NA     0.1039    0.06631   1.009  0.007681     0.2103    0.005305
 ../output_sumstats/output_pmid27989323_IL7_eur.sumstats.gz             ../output_sumstats/output_pmid27989323_ip10_eur.sumstats.gz       NA      NA      NA      NA     0.1256     0.1237   1.009  0.007204    0.07987    0.004988
 ../output_sumstats/output_pmid27989323_IL7_eur.sumstats.gz              ../output_sumstats/output_pmid29566793_ALS_eur.sumstats.gz       NA      NA      NA      NA    0.03221   0.007222   1.022  0.007275  -0.009747    0.004587
 ../output_sumstats/output_pmid27989323_IL7_eur.sumstats.gz       ../output_sumstats/output_pmid29632382_T2d-BMIadj_eur.sumstats.gz       NA      NA      NA      NA         NA         NA      NA        NA         NA          NA
 ../output_sumstats/output_pmid27989323_IL7_eur.sumstats.gz              ../output_sumstats/output_pmid30054458_T2d_eur.sumstats.gz  0.02517  0.1968  0.1279  0.8982    0.04578   0.003036   1.054   0.01899  0.0002011    0.007284
 ../output_sumstats/output_pmid27989323_IL7_eur.sumstats.gz               ../output_sumstats/output_pmid33111402_PD_eur.sumstats.gz       NA      NA      NA      NA     -2.681      1.135   1.088   0.06005    0.03988     0.04539
 ../output_sumstats/output_pmid27989323_IL7_eur.sumstats.gz               ../output_sumstats/output_pmid33310728_RA_eur.sumstats.gz       NA      NA      NA      NA    0.03682   0.004197  0.9735   0.01229  -0.003987    0.004354
 ../output_sumstats/output_pmid27989323_IL7_eur.sumstats.gz              ../output_sumstats/output_pmid33589841_LBD_eur.sumstats.gz       NA      NA      NA      NA     0.1663     0.0802   1.003  0.008478  -0.000508    0.004796
 ../output_sumstats/output_pmid27989323_IL7_eur.sumstats.gz               ../output_sumstats/output_pmid33987465_PD_eur.sumstats.gz       NA      NA      NA      NA      0.413      0.147  0.9818  0.006123   -0.00695    0.004437
 ../output_sumstats/output_pmid27989323_IL7_eur.sumstats.gz              ../output_sumstats/output_pmid34737426_APH_eur.sumstats.gz       NA      NA      NA      NA -4.333e-05  0.0009291  0.9854  0.006138  -0.005754    0.004758

Analysis finished at Sat Feb 24 18:07:46 2024
Total time elapsed: 1.0h:38.0m:7.13s
