*********************************************************************
* LD Score Regression (LDSC)
* Version 1.0.1
* (C) 2014-2019 Brendan Bulik-Sullivan and Hilary Finucane
* Broad Institute of MIT and Harvard / MIT Department of Mathematics
* GNU General Public License v3
*********************************************************************
Call: 
./ldsc.py \
--ref-ld-chr ../input_files/eur_w_ld_chr/ \
--out ../output_ld_regression/output_pmid27989323_IL8_eur_ldReg \
--rg ../output_sumstats/output_pmid27989323_IL8_eur.sumstats.gz,../output_sumstats/output_pmid27989323_IL8_eur.sumstats.gz,../output_sumstats/output_pmid21833088_MS_eur.sumstats.gz,../output_sumstats/output_pmid24076602_MS_eur.sumstats.gz,../output_sumstats/output_pmid24816252_acetylcarnitine_eur.sumstats.gz,../output_sumstats/output_pmid24816252_alanine_eur.sumstats.gz,../output_sumstats/output_pmid24816252_arginine_eur.sumstats.gz,../output_sumstats/output_pmid24816252_asparagine_eur.sumstats.gz,../output_sumstats/output_pmid24816252_cholesterol_eur.sumstats.gz,../output_sumstats/output_pmid24816252_citrate_eur.sumstats.gz,../output_sumstats/output_pmid24816252_glutamate_eur.sumstats.gz,../output_sumstats/output_pmid24816252_glycerol_eur.sumstats.gz,../output_sumstats/output_pmid24816252_histidine_eur.sumstats.gz,../output_sumstats/output_pmid24816252_isoleucine_eur.sumstats.gz,../output_sumstats/output_pmid24816252_phenylalanine_eur.sumstats.gz,../output_sumstats/output_pmid24816252_proline_eur.sumstats.gz,../output_sumstats/output_pmid24816252_pyruvate_eur.sumstats.gz,../output_sumstats/output_pmid24816252_threonine_eur.sumstats.gz,../output_sumstats/output_pmid24816252_tryptophan_eur.sumstats.gz,../output_sumstats/output_pmid24816252_tyrosine_eur.sumstats.gz,../output_sumstats/output_pmid24816252_urea_eur.sumstats.gz,../output_sumstats/output_pmid27386562_MS_eur.sumstats.gz,../output_sumstats/output_pmid27455348_ALS_eur.sumstats.gz,../output_sumstats/output_pmid27989323_CTACK_eur.sumstats.gz,../output_sumstats/output_pmid27989323_GCSF_eur.sumstats.gz,../output_sumstats/output_pmid27989323_GROa_eur.sumstats.gz,../output_sumstats/output_pmid27989323_HGF_eur.sumstats.gz,../output_sumstats/output_pmid27989323_IFNg_eur.sumstats.gz,../output_sumstats/output_pmid27989323_IL10_eur.sumstats.gz,../output_sumstats/output_pmid27989323_IL12p70_eur.sumstats.gz,../output_sumstats/output_pmid27989323_IL13_eur.sumstats.gz,../output_sumstats/output_pmid27989323_IL16_eur.sumstats.gz,../output_sumstats/output_pmid27989323_IL17_eur.sumstats.gz,../output_sumstats/output_pmid27989323_IL18_eur.sumstats.gz,../output_sumstats/output_pmid27989323_IL1ra_eur.sumstats.gz,../output_sumstats/output_pmid27989323_IL2_eur.sumstats.gz,../output_sumstats/output_pmid27989323_IL2ra_eur.sumstats.gz,../output_sumstats/output_pmid27989323_IL4_eur.sumstats.gz,../output_sumstats/output_pmid27989323_IL5_eur.sumstats.gz,../output_sumstats/output_pmid27989323_IL6_eur.sumstats.gz,../output_sumstats/output_pmid27989323_IL7_eur.sumstats.gz,../output_sumstats/output_pmid27989323_IL9_eur.sumstats.gz,../output_sumstats/output_pmid27989323_MCP1_eur.sumstats.gz,../output_sumstats/output_pmid27989323_MCP3_eur.sumstats.gz,../output_sumstats/output_pmid27989323_MCSF_eur.sumstats.gz,../output_sumstats/output_pmid27989323_MIF_eur.sumstats.gz,../output_sumstats/output_pmid27989323_MIG_eur.sumstats.gz,../output_sumstats/output_pmid27989323_MIP1a_eur.sumstats.gz,../output_sumstats/output_pmid27989323_MIP1b_eur.sumstats.gz,../output_sumstats/output_pmid27989323_PDGFbb_eur.sumstats.gz,../output_sumstats/output_pmid27989323_RANTES_eur.sumstats.gz,../output_sumstats/output_pmid27989323_SCF_eur.sumstats.gz,../output_sumstats/output_pmid27989323_SCGFb_eur.sumstats.gz,../output_sumstats/output_pmid27989323_SDF1_eur.sumstats.gz,../output_sumstats/output_pmid27989323_TNFa_eur.sumstats.gz,../output_sumstats/output_pmid27989323_TNFb_eur.sumstats.gz,../output_sumstats/output_pmid27989323_TRAIL_eur.sumstats.gz,../output_sumstats/output_pmid27989323_bNGF_eur.sumstats.gz,../output_sumstats/output_pmid27989323_eotaxin_eur.sumstats.gz,../output_sumstats/output_pmid27989323_ip10_eur.sumstats.gz,../output_sumstats/output_pmid29566793_ALS_eur.sumstats.gz,../output_sumstats/output_pmid29632382_T2d-BMIadj_eur.sumstats.gz,../output_sumstats/output_pmid30054458_T2d_eur.sumstats.gz,../output_sumstats/output_pmid33111402_PD_eur.sumstats.gz,../output_sumstats/output_pmid33310728_RA_eur.sumstats.gz,../output_sumstats/output_pmid33589841_LBD_eur.sumstats.gz,../output_sumstats/output_pmid33987465_PD_eur.sumstats.gz,../output_sumstats/output_pmid34737426_APH_eur.sumstats.gz \
--w-ld-chr ../input_files/eur_w_ld_chr/ 

Beginning analysis at Sat Feb 24 18:07:47 2024
Reading summary statistics from ../output_sumstats/output_pmid27989323_IL8_eur.sumstats.gz ...
Read summary statistics for 1176292 SNPs.
Reading reference panel LD Score from ../input_files/eur_w_ld_chr/[1-22] ... (ldscore_fromlist)
Read reference panel LD Scores for 1290028 SNPs.
Removing partitioned LD Scores with zero variance.
Reading regression weight LD Score from ../input_files/eur_w_ld_chr/[1-22] ... (ldscore_fromlist)
Read regression weight LD Scores for 1290028 SNPs.
After merging with reference panel LD, 1165196 SNPs remain.
After merging with regression SNP LD, 1165196 SNPs remain.
Computing rg for phenotype 2/68
Reading summary statistics from ../output_sumstats/output_pmid27989323_IL8_eur.sumstats.gz ...
Read summary statistics for 1217311 SNPs.
After merging with summary statistics, 1165196 SNPs remain.
1165196 SNPs with valid alleles.

Heritability of phenotype 1
---------------------------
Total Observed scale h2: -0.0301 (0.1268)
Lambda GC: 1.0016
Mean Chi^2: 1.0057
Intercept: 1.0078 (0.0067)
Ratio: 1.3687 (1.178)

Heritability of phenotype 2/68
------------------------------
Total Observed scale h2: -0.0301 (0.1268)
Lambda GC: 1.0016
Mean Chi^2: 1.0057
Intercept: 1.0078 (0.0067)
Ratio: 1.3687 (1.178)

Genetic Covariance
------------------
Total Observed scale gencov: -0.0308 (0.1269)
Mean z1*z2: 1.0057
Intercept: 1.0079 (0.0068)

Genetic Correlation
-------------------
Genetic Correlation: nan (nan) (h2  out of bounds) 
Z-score: nan (nan) (h2  out of bounds)
P: nan (nan) (h2  out of bounds)
WARNING: One of the h2's was out of bounds.
This usually indicates a data-munging error or that h2 or N is low.

Computing rg for phenotype 3/68
Reading summary statistics from ../output_sumstats/output_pmid21833088_MS_eur.sumstats.gz ...
Read summary statistics for 1217311 SNPs.
After merging with summary statistics, 1165196 SNPs remain.
449640 SNPs with valid alleles.
ERROR computing rg for phenotype 3/68, from file ../output_sumstats/output_pmid21833088_MS_eur.sumstats.gz.
Traceback (most recent call last):
  File "/Users/as/Documents/UNI/Bioinformatik/2023:24_WS/GoBi_Lokal/BlockTeil_Metabolomics/ldsc/ldscore/sumstats.py", line 410, in estimate_rg
    rghat = _rg(loop, args, log, M_annot, ref_ld_cnames, w_ld_cname, i)
  File "/Users/as/Documents/UNI/Bioinformatik/2023:24_WS/GoBi_Lokal/BlockTeil_Metabolomics/ldsc/ldscore/sumstats.py", line 539, in _rg
    intercept_gencov=intercepts[2], n_blocks=n_blocks, twostep=args.two_step)
  File "/Users/as/Documents/UNI/Bioinformatik/2023:24_WS/GoBi_Lokal/BlockTeil_Metabolomics/ldsc/ldscore/regressions.py", line 705, in __init__
    np.multiply(hsq1.tot_delete_values, hsq2.tot_delete_values))
FloatingPointError: invalid value encountered in sqrt


Computing rg for phenotype 4/68
Reading summary statistics from ../output_sumstats/output_pmid24076602_MS_eur.sumstats.gz ...
Read summary statistics for 1217311 SNPs.
After merging with summary statistics, 1165196 SNPs remain.
49472 SNPs with valid alleles.
WARNING: number of SNPs less than 200k; this is almost always bad.
ERROR computing rg for phenotype 4/68, from file ../output_sumstats/output_pmid24076602_MS_eur.sumstats.gz.
Traceback (most recent call last):
  File "/Users/as/Documents/UNI/Bioinformatik/2023:24_WS/GoBi_Lokal/BlockTeil_Metabolomics/ldsc/ldscore/sumstats.py", line 410, in estimate_rg
    rghat = _rg(loop, args, log, M_annot, ref_ld_cnames, w_ld_cname, i)
  File "/Users/as/Documents/UNI/Bioinformatik/2023:24_WS/GoBi_Lokal/BlockTeil_Metabolomics/ldsc/ldscore/sumstats.py", line 539, in _rg
    intercept_gencov=intercepts[2], n_blocks=n_blocks, twostep=args.two_step)
  File "/Users/as/Documents/UNI/Bioinformatik/2023:24_WS/GoBi_Lokal/BlockTeil_Metabolomics/ldsc/ldscore/regressions.py", line 705, in __init__
    np.multiply(hsq1.tot_delete_values, hsq2.tot_delete_values))
FloatingPointError: invalid value encountered in sqrt


Computing rg for phenotype 5/68
Reading summary statistics from ../output_sumstats/output_pmid24816252_acetylcarnitine_eur.sumstats.gz ...
Read summary statistics for 1217311 SNPs.
After merging with summary statistics, 1165196 SNPs remain.
1022610 SNPs with valid alleles.

Heritability of phenotype 5/68
------------------------------
Total Observed scale h2: -0.2356 (0.0835)
Lambda GC: 0.9721
Mean Chi^2: 0.9855
Intercept: 1.0201 (0.0076)
Ratio: NA (mean chi^2 < 1)

Genetic Covariance
------------------
Total Observed scale gencov: 0.078 (0.0594)
Mean z1*z2: 0.0008
Intercept: -0.0071 (0.0047)

Genetic Correlation
-------------------
Genetic Correlation: nan (nan) (h2  out of bounds) 
Z-score: nan (nan) (h2  out of bounds)
P: nan (nan) (h2  out of bounds)
WARNING: One of the h2's was out of bounds.
This usually indicates a data-munging error or that h2 or N is low.

Computing rg for phenotype 6/68
Reading summary statistics from ../output_sumstats/output_pmid24816252_alanine_eur.sumstats.gz ...
Read summary statistics for 1217311 SNPs.
After merging with summary statistics, 1165196 SNPs remain.
1022610 SNPs with valid alleles.

Heritability of phenotype 6/68
------------------------------
Total Observed scale h2: 0.5261 (0.0704)
Lambda GC: 1.0649
Mean Chi^2: 1.0879
Intercept: 1.0119 (0.0071)
Ratio: 0.1358 (0.0813)

Genetic Covariance
------------------
Total Observed scale gencov: -0.03 (0.0608)
Mean z1*z2: -0.0007
Intercept: 0.0024 (0.0049)

Genetic Correlation
-------------------
Genetic Correlation: nan (nan) (h2  out of bounds) 
Z-score: nan (nan) (h2  out of bounds)
P: nan (nan) (h2  out of bounds)
WARNING: One of the h2's was out of bounds.
This usually indicates a data-munging error or that h2 or N is low.

Computing rg for phenotype 7/68
Reading summary statistics from ../output_sumstats/output_pmid24816252_arginine_eur.sumstats.gz ...
Read summary statistics for 1217311 SNPs.
After merging with summary statistics, 1165196 SNPs remain.
1022610 SNPs with valid alleles.

Heritability of phenotype 7/68
------------------------------
Total Observed scale h2: -0.0066 (0.0635)
Lambda GC: 1.0255
Mean Chi^2: 1.0368
Intercept: 1.0376 (0.0072)
Ratio: 1.0231 (0.1961)

Genetic Covariance
------------------
Total Observed scale gencov: -0.0116 (0.0598)
Mean z1*z2: -0.0009
Intercept: 0.0002 (0.0044)

Genetic Correlation
-------------------
Genetic Correlation: nan (nan) (h2  out of bounds) 
Z-score: nan (nan) (h2  out of bounds)
P: nan (nan) (h2  out of bounds)
WARNING: One of the h2's was out of bounds.
This usually indicates a data-munging error or that h2 or N is low.

Computing rg for phenotype 8/68
Reading summary statistics from ../output_sumstats/output_pmid24816252_asparagine_eur.sumstats.gz ...
Read summary statistics for 1217311 SNPs.
After merging with summary statistics, 1165196 SNPs remain.
1022610 SNPs with valid alleles.

Heritability of phenotype 8/68
------------------------------
Total Observed scale h2: 0.496 (0.067)
Lambda GC: 1.0679
Mean Chi^2: 1.0907
Intercept: 1.0192 (0.0073)
Ratio: 0.2113 (0.0801)

Genetic Covariance
------------------
Total Observed scale gencov: 0.0528 (0.0624)
Mean z1*z2: 0.001
Intercept: -0.0044 (0.0047)

Genetic Correlation
-------------------
Genetic Correlation: nan (nan) (h2  out of bounds) 
Z-score: nan (nan) (h2  out of bounds)
P: nan (nan) (h2  out of bounds)
WARNING: One of the h2's was out of bounds.
This usually indicates a data-munging error or that h2 or N is low.

Computing rg for phenotype 9/68
Reading summary statistics from ../output_sumstats/output_pmid24816252_cholesterol_eur.sumstats.gz ...
Read summary statistics for 1217311 SNPs.
After merging with summary statistics, 1165196 SNPs remain.
1022610 SNPs with valid alleles.

Heritability of phenotype 9/68
------------------------------
Total Observed scale h2: 0.1325 (0.0673)
Lambda GC: 1.0496
Mean Chi^2: 1.0634
Intercept: 1.0439 (0.0066)
Ratio: 0.6929 (0.1042)

Genetic Covariance
------------------
Total Observed scale gencov: -0.005 (0.063)
Mean z1*z2: -0.0033
Intercept: -0.0029 (0.0047)

Genetic Correlation
-------------------
Genetic Correlation: nan (nan) (h2  out of bounds) 
Z-score: nan (nan) (h2  out of bounds)
P: nan (nan) (h2  out of bounds)
WARNING: One of the h2's was out of bounds.
This usually indicates a data-munging error or that h2 or N is low.

Computing rg for phenotype 10/68
Reading summary statistics from ../output_sumstats/output_pmid24816252_citrate_eur.sumstats.gz ...
Read summary statistics for 1217311 SNPs.
After merging with summary statistics, 1165196 SNPs remain.
1022610 SNPs with valid alleles.

Heritability of phenotype 10/68
-------------------------------
Total Observed scale h2: 0.4513 (0.0803)
Lambda GC: 1.0957
Mean Chi^2: 1.1231
Intercept: 1.059 (0.0083)
Ratio: 0.4794 (0.0671)

Genetic Covariance
------------------
Total Observed scale gencov: 0.0284 (0.0671)
Mean z1*z2: 0.0014
Intercept: -0.0017 (0.0048)

Genetic Correlation
-------------------
Genetic Correlation: nan (nan) (h2  out of bounds) 
Z-score: nan (nan) (h2  out of bounds)
P: nan (nan) (h2  out of bounds)
WARNING: One of the h2's was out of bounds.
This usually indicates a data-munging error or that h2 or N is low.

Computing rg for phenotype 11/68
Reading summary statistics from ../output_sumstats/output_pmid24816252_glutamate_eur.sumstats.gz ...
Read summary statistics for 1217311 SNPs.
After merging with summary statistics, 1165196 SNPs remain.
1022610 SNPs with valid alleles.

Heritability of phenotype 11/68
-------------------------------
Total Observed scale h2: 0.1618 (0.0568)
Lambda GC: 0.9576
Mean Chi^2: 0.9552
Intercept: 0.9319 (0.0059)
Ratio: NA (mean chi^2 < 1)

Genetic Covariance
------------------
Total Observed scale gencov: 0.0908 (0.0613)
Mean z1*z2: 0.0096
Intercept: 0.0003 (0.0046)

Genetic Correlation
-------------------
Genetic Correlation: nan (nan) (h2  out of bounds) 
Z-score: nan (nan) (h2  out of bounds)
P: nan (nan) (h2  out of bounds)
WARNING: One of the h2's was out of bounds.
This usually indicates a data-munging error or that h2 or N is low.

Computing rg for phenotype 12/68
Reading summary statistics from ../output_sumstats/output_pmid24816252_glycerol_eur.sumstats.gz ...
Read summary statistics for 1217311 SNPs.
After merging with summary statistics, 1165196 SNPs remain.
1022610 SNPs with valid alleles.

Heritability of phenotype 12/68
-------------------------------
Total Observed scale h2: -0.1254 (0.0606)
Lambda GC: 0.9868
Mean Chi^2: 0.9974
Intercept: 1.0157 (0.0069)
Ratio: NA (mean chi^2 < 1)

Genetic Covariance
------------------
Total Observed scale gencov: -0.0472 (0.0644)
Mean z1*z2: -0.0051
Intercept: -0.0003 (0.0048)

Genetic Correlation
-------------------
Genetic Correlation: nan (nan) (h2  out of bounds) 
Z-score: nan (nan) (h2  out of bounds)
P: nan (nan) (h2  out of bounds)
WARNING: One of the h2's was out of bounds.
This usually indicates a data-munging error or that h2 or N is low.

Computing rg for phenotype 13/68
Reading summary statistics from ../output_sumstats/output_pmid24816252_histidine_eur.sumstats.gz ...
Read summary statistics for 1217311 SNPs.
After merging with summary statistics, 1165196 SNPs remain.
1022610 SNPs with valid alleles.

Heritability of phenotype 13/68
-------------------------------
Total Observed scale h2: 0.4293 (0.0698)
Lambda GC: 0.81
Mean Chi^2: 0.8194
Intercept: 0.759 (0.0062)
Ratio: NA (mean chi^2 < 1)

Genetic Covariance
------------------
Total Observed scale gencov: -0.0958 (0.0552)
Mean z1*z2: -0.0063
Intercept: 0.0036 (0.0039)

Genetic Correlation
-------------------
Genetic Correlation: nan (nan) (h2  out of bounds) 
Z-score: nan (nan) (h2  out of bounds)
P: nan (nan) (h2  out of bounds)
WARNING: One of the h2's was out of bounds.
This usually indicates a data-munging error or that h2 or N is low.

Computing rg for phenotype 14/68
Reading summary statistics from ../output_sumstats/output_pmid24816252_isoleucine_eur.sumstats.gz ...
Read summary statistics for 1217311 SNPs.
After merging with summary statistics, 1165196 SNPs remain.
1022610 SNPs with valid alleles.

Heritability of phenotype 14/68
-------------------------------
Total Observed scale h2: -0.2802 (0.0586)
Lambda GC: 0.9489
Mean Chi^2: 0.9588
Intercept: 0.9999 (0.0064)
Ratio: NA (mean chi^2 < 1)

Genetic Covariance
------------------
Total Observed scale gencov: 0.0105 (0.0601)
Mean z1*z2: 0.0017
Intercept: 0.0006 (0.0048)

Genetic Correlation
-------------------
Genetic Correlation: nan (nan) (h2  out of bounds) 
Z-score: nan (nan) (h2  out of bounds)
P: nan (nan) (h2  out of bounds)
WARNING: One of the h2's was out of bounds.
This usually indicates a data-munging error or that h2 or N is low.

Computing rg for phenotype 15/68
Reading summary statistics from ../output_sumstats/output_pmid24816252_phenylalanine_eur.sumstats.gz ...
Read summary statistics for 1217311 SNPs.
After merging with summary statistics, 1165196 SNPs remain.
1022610 SNPs with valid alleles.

Heritability of phenotype 15/68
-------------------------------
Total Observed scale h2: 0.3192 (0.0439)
Lambda GC: 0.8207
Mean Chi^2: 0.8233
Intercept: 0.7787 (0.0051)
Ratio: NA (mean chi^2 < 1)

Genetic Covariance
------------------
Total Observed scale gencov: 0.0569 (0.0584)
Mean z1*z2: -0.0002
Intercept: -0.006 (0.004)

Genetic Correlation
-------------------
Genetic Correlation: nan (nan) (h2  out of bounds) 
Z-score: nan (nan) (h2  out of bounds)
P: nan (nan) (h2  out of bounds)
WARNING: One of the h2's was out of bounds.
This usually indicates a data-munging error or that h2 or N is low.

Computing rg for phenotype 16/68
Reading summary statistics from ../output_sumstats/output_pmid24816252_proline_eur.sumstats.gz ...
Read summary statistics for 1217311 SNPs.
After merging with summary statistics, 1165196 SNPs remain.
1022610 SNPs with valid alleles.

Heritability of phenotype 16/68
-------------------------------
Total Observed scale h2: 0.3712 (0.09)
Lambda GC: 1.0679
Mean Chi^2: 1.0923
Intercept: 1.0384 (0.0127)
Ratio: 0.4157 (0.1379)

Genetic Covariance
------------------
Total Observed scale gencov: 0.0272 (0.0691)
Mean z1*z2: 0.0042
Intercept: 0.0016 (0.0051)

Genetic Correlation
-------------------
Genetic Correlation: nan (nan) (h2  out of bounds) 
Z-score: nan (nan) (h2  out of bounds)
P: nan (nan) (h2  out of bounds)
WARNING: One of the h2's was out of bounds.
This usually indicates a data-munging error or that h2 or N is low.

Computing rg for phenotype 17/68
Reading summary statistics from ../output_sumstats/output_pmid24816252_pyruvate_eur.sumstats.gz ...
Read summary statistics for 1217311 SNPs.
After merging with summary statistics, 1165196 SNPs remain.
1022610 SNPs with valid alleles.

Heritability of phenotype 17/68
-------------------------------
Total Observed scale h2: 0.1568 (0.0563)
Lambda GC: 1.0195
Mean Chi^2: 1.0202
Intercept: 0.998 (0.006)
Ratio < 0 (usually indicates GC correction).

Genetic Covariance
------------------
Total Observed scale gencov: -0.0298 (0.0589)
Mean z1*z2: -0.0047
Intercept: -0.0016 (0.0045)

Genetic Correlation
-------------------
Genetic Correlation: nan (nan) (h2  out of bounds) 
Z-score: nan (nan) (h2  out of bounds)
P: nan (nan) (h2  out of bounds)
WARNING: One of the h2's was out of bounds.
This usually indicates a data-munging error or that h2 or N is low.

Computing rg for phenotype 18/68
Reading summary statistics from ../output_sumstats/output_pmid24816252_threonine_eur.sumstats.gz ...
Read summary statistics for 1217311 SNPs.
After merging with summary statistics, 1165196 SNPs remain.
1022610 SNPs with valid alleles.

Heritability of phenotype 18/68
-------------------------------
Total Observed scale h2: 0.0461 (0.0834)
Lambda GC: 1.0016
Mean Chi^2: 1.015
Intercept: 1.0097 (0.0068)
Ratio: 0.6481 (0.4561)

Genetic Covariance
------------------
Total Observed scale gencov: -0.0571 (0.0664)
Mean z1*z2: -0.0027
Intercept: 0.0024 (0.0043)

Genetic Correlation
-------------------
Genetic Correlation: nan (nan) (h2  out of bounds) 
Z-score: nan (nan) (h2  out of bounds)
P: nan (nan) (h2  out of bounds)
WARNING: One of the h2's was out of bounds.
This usually indicates a data-munging error or that h2 or N is low.

Computing rg for phenotype 19/68
Reading summary statistics from ../output_sumstats/output_pmid24816252_tryptophan_eur.sumstats.gz ...
Read summary statistics for 1217311 SNPs.
After merging with summary statistics, 1165196 SNPs remain.
1022610 SNPs with valid alleles.

Heritability of phenotype 19/68
-------------------------------
Total Observed scale h2: 0.9241 (0.0741)
Lambda GC: 1.0864
Mean Chi^2: 1.1816
Intercept: 1.0485 (0.0079)
Ratio: 0.2672 (0.0436)

Genetic Covariance
------------------
Total Observed scale gencov: 0.0294 (0.0667)
Mean z1*z2: -0.003
Intercept: -0.0064 (0.005)

Genetic Correlation
-------------------
Genetic Correlation: nan (nan) (h2  out of bounds) 
Z-score: nan (nan) (h2  out of bounds)
P: nan (nan) (h2  out of bounds)
WARNING: One of the h2's was out of bounds.
This usually indicates a data-munging error or that h2 or N is low.

Computing rg for phenotype 20/68
Reading summary statistics from ../output_sumstats/output_pmid24816252_tyrosine_eur.sumstats.gz ...
Read summary statistics for 1217311 SNPs.
After merging with summary statistics, 1165196 SNPs remain.
1022610 SNPs with valid alleles.

Heritability of phenotype 20/68
-------------------------------
Total Observed scale h2: 0.1676 (0.0704)
Lambda GC: 1.0466
Mean Chi^2: 1.0566
Intercept: 1.0321 (0.0072)
Ratio: 0.5677 (0.127)

Genetic Covariance
------------------
Total Observed scale gencov: 0.0261 (0.056)
Mean z1*z2: 0.0037
Intercept: 0.001 (0.0045)

Genetic Correlation
-------------------
Genetic Correlation: nan (nan) (h2  out of bounds) 
Z-score: nan (nan) (h2  out of bounds)
P: nan (nan) (h2  out of bounds)
WARNING: One of the h2's was out of bounds.
This usually indicates a data-munging error or that h2 or N is low.

Computing rg for phenotype 21/68
Reading summary statistics from ../output_sumstats/output_pmid24816252_urea_eur.sumstats.gz ...
Read summary statistics for 1217311 SNPs.
After merging with summary statistics, 1165196 SNPs remain.
1022610 SNPs with valid alleles.

Heritability of phenotype 21/68
-------------------------------
Total Observed scale h2: -0.0764 (0.0523)
Lambda GC: 0.9898
Mean Chi^2: 1.0011
Intercept: 1.0122 (0.0062)
Ratio: 11.4026 (5.8116)

Genetic Covariance
------------------
Total Observed scale gencov: 0.0356 (0.0602)
Mean z1*z2: 0.0072
Intercept: 0.0036 (0.0048)

Genetic Correlation
-------------------
Genetic Correlation: nan (nan) (h2  out of bounds) 
Z-score: nan (nan) (h2  out of bounds)
P: nan (nan) (h2  out of bounds)
WARNING: One of the h2's was out of bounds.
This usually indicates a data-munging error or that h2 or N is low.

Computing rg for phenotype 22/68
Reading summary statistics from ../output_sumstats/output_pmid27386562_MS_eur.sumstats.gz ...
Read summary statistics for 1217311 SNPs.
After merging with summary statistics, 1165196 SNPs remain.
1136046 SNPs with valid alleles.

Heritability of phenotype 22/68
-------------------------------
Total Observed scale h2: 0.2432 (0.0474)
Lambda GC: 1.1207
Mean Chi^2: 1.1417
Intercept: 1.0664 (0.0089)
Ratio: 0.4688 (0.0627)

Genetic Covariance
------------------
Total Observed scale gencov: 0.0174 (0.0489)
Mean z1*z2: -0.0048
Intercept: -0.007 (0.0048)

Genetic Correlation
-------------------
Genetic Correlation: nan (nan) (h2  out of bounds) 
Z-score: nan (nan) (h2  out of bounds)
P: nan (nan) (h2  out of bounds)
WARNING: One of the h2's was out of bounds.
This usually indicates a data-munging error or that h2 or N is low.

Computing rg for phenotype 23/68
Reading summary statistics from ../output_sumstats/output_pmid27455348_ALS_eur.sumstats.gz ...
Read summary statistics for 1217311 SNPs.
After merging with summary statistics, 1165196 SNPs remain.
1151938 SNPs with valid alleles.

Heritability of phenotype 23/68
-------------------------------
Total Observed scale h2: 0.0473 (0.0127)
Lambda GC: 1.0285
Mean Chi^2: 1.0315
Intercept: 0.9978 (0.0063)
Ratio < 0 (usually indicates GC correction).

Genetic Covariance
------------------
Total Observed scale gencov: 0.0177 (0.0258)
Mean z1*z2: 0.0008
Intercept: -0.0031 (0.004)

Genetic Correlation
-------------------
Genetic Correlation: nan (nan) (h2  out of bounds) 
Z-score: nan (nan) (h2  out of bounds)
P: nan (nan) (h2  out of bounds)
WARNING: One of the h2's was out of bounds.
This usually indicates a data-munging error or that h2 or N is low.

Computing rg for phenotype 24/68
Reading summary statistics from ../output_sumstats/output_pmid27989323_CTACK_eur.sumstats.gz ...
Read summary statistics for 1217311 SNPs.
After merging with summary statistics, 1165196 SNPs remain.
1163122 SNPs with valid alleles.

Heritability of phenotype 24/68
-------------------------------
Total Observed scale h2: -0.0054 (0.1164)
Lambda GC: 0.9957
Mean Chi^2: 1.0033
Intercept: 1.0037 (0.0071)
Ratio: 1.1189 (2.1615)

Genetic Covariance
------------------
Total Observed scale gencov: -0.0126 (0.0957)
Mean z1*z2: 0.0814
Intercept: 0.0823 (0.0054)

Genetic Correlation
-------------------
Genetic Correlation: nan (nan) (h2  out of bounds) 
Z-score: nan (nan) (h2  out of bounds)
P: nan (nan) (h2  out of bounds)
WARNING: One of the h2's was out of bounds.
This usually indicates a data-munging error or that h2 or N is low.

Computing rg for phenotype 25/68
Reading summary statistics from ../output_sumstats/output_pmid27989323_GCSF_eur.sumstats.gz ...
Read summary statistics for 1217311 SNPs.
After merging with summary statistics, 1165196 SNPs remain.
1162822 SNPs with valid alleles.

Heritability of phenotype 25/68
-------------------------------
Total Observed scale h2: 0.0239 (0.0615)
Lambda GC: 1.0195
Mean Chi^2: 1.0108
Intercept: 1.0071 (0.008)
Ratio: 0.655 (0.7375)

Genetic Covariance
------------------
Total Observed scale gencov: 0.0269 (0.0679)
Mean z1*z2: 0.344
Intercept: 0.3412 (0.0059)

Genetic Correlation
-------------------
Genetic Correlation: nan (nan) (h2  out of bounds) 
Z-score: nan (nan) (h2  out of bounds)
P: nan (nan) (h2  out of bounds)
WARNING: One of the h2's was out of bounds.
This usually indicates a data-munging error or that h2 or N is low.

Computing rg for phenotype 26/68
Reading summary statistics from ../output_sumstats/output_pmid27989323_GROa_eur.sumstats.gz ...
Read summary statistics for 1217311 SNPs.
After merging with summary statistics, 1165196 SNPs remain.
63 SNPs with valid alleles.
WARNING: number of SNPs less than 200k; this is almost always bad.

Heritability of phenotype 26/68
-------------------------------
Total Observed scale h2: -45.2997 (20.7723)
Lambda GC: 0.3141
Mean Chi^2: 0.4167
Intercept: 1.381 (0.479)
Ratio: NA (mean chi^2 < 1)

Genetic Covariance
------------------
Total Observed scale gencov: -47.8214 (23.2154)
Mean z1*z2: 0.3526
Intercept: 1.3744 (0.5288)

Genetic Correlation
-------------------
Genetic Correlation: nan (nan) (h2  out of bounds) 
Z-score: nan (nan) (h2  out of bounds)
P: nan (nan) (h2  out of bounds)
WARNING: One of the h2's was out of bounds.
This usually indicates a data-munging error or that h2 or N is low.

Computing rg for phenotype 27/68
Reading summary statistics from ../output_sumstats/output_pmid27989323_HGF_eur.sumstats.gz ...
Read summary statistics for 1217311 SNPs.
After merging with summary statistics, 1165196 SNPs remain.
1162647 SNPs with valid alleles.

Heritability of phenotype 27/68
-------------------------------
Total Observed scale h2: -0.0261 (0.0586)
Lambda GC: 1.0046
Mean Chi^2: 1.0063
Intercept: 1.0106 (0.008)
Ratio: 1.6839 (1.2661)

Genetic Covariance
------------------
Total Observed scale gencov: 0.0467 (0.0539)
Mean z1*z2: 0.1773
Intercept: 0.1723 (0.005)

Genetic Correlation
-------------------
Genetic Correlation: nan (nan) (h2  out of bounds) 
Z-score: nan (nan) (h2  out of bounds)
P: nan (nan) (h2  out of bounds)
WARNING: One of the h2's was out of bounds.
This usually indicates a data-munging error or that h2 or N is low.

Computing rg for phenotype 28/68
Reading summary statistics from ../output_sumstats/output_pmid27989323_IFNg_eur.sumstats.gz ...
Read summary statistics for 1217311 SNPs.
After merging with summary statistics, 1165196 SNPs remain.
1162785 SNPs with valid alleles.

Heritability of phenotype 28/68
-------------------------------
Total Observed scale h2: 0.0128 (0.0623)
Lambda GC: 1.0046
Mean Chi^2: 1.001
Intercept: 0.999 (0.0074)
Ratio < 0 (usually indicates GC correction).

Genetic Covariance
------------------
Total Observed scale gencov: 0.0427 (0.0705)
Mean z1*z2: 0.3033
Intercept: 0.2988 (0.0054)

Genetic Correlation
-------------------
Genetic Correlation: nan (nan) (h2  out of bounds) 
Z-score: nan (nan) (h2  out of bounds)
P: nan (nan) (h2  out of bounds)
WARNING: One of the h2's was out of bounds.
This usually indicates a data-munging error or that h2 or N is low.

Computing rg for phenotype 29/68
Reading summary statistics from ../output_sumstats/output_pmid27989323_IL10_eur.sumstats.gz ...
Read summary statistics for 1217311 SNPs.
After merging with summary statistics, 1165196 SNPs remain.
1162815 SNPs with valid alleles.

Heritability of phenotype 29/68
-------------------------------
Total Observed scale h2: -0.0096 (0.0792)
Lambda GC: 1.0016
Mean Chi^2: 1.0167
Intercept: 1.0182 (0.0123)
Ratio: 1.0877 (0.7334)

Genetic Covariance
------------------
Total Observed scale gencov: 0.044 (0.0703)
Mean z1*z2: 0.293
Intercept: 0.2885 (0.0052)

Genetic Correlation
-------------------
Genetic Correlation: nan (nan) (h2  out of bounds) 
Z-score: nan (nan) (h2  out of bounds)
P: nan (nan) (h2  out of bounds)
WARNING: One of the h2's was out of bounds.
This usually indicates a data-munging error or that h2 or N is low.

Computing rg for phenotype 30/68
Reading summary statistics from ../output_sumstats/output_pmid27989323_IL12p70_eur.sumstats.gz ...
Read summary statistics for 1217311 SNPs.
After merging with summary statistics, 1165196 SNPs remain.
1162681 SNPs with valid alleles.

Heritability of phenotype 30/68
-------------------------------
Total Observed scale h2: -0.0214 (0.0887)
Lambda GC: 1.0255
Mean Chi^2: 1.0304
Intercept: 1.034 (0.0191)
Ratio: 1.1157 (0.6271)

Genetic Covariance
------------------
Total Observed scale gencov: 0.0563 (0.0687)
Mean z1*z2: 0.2859
Intercept: 0.2798 (0.0052)

Genetic Correlation
-------------------
Genetic Correlation: nan (nan) (h2  out of bounds) 
Z-score: nan (nan) (h2  out of bounds)
P: nan (nan) (h2  out of bounds)
WARNING: One of the h2's was out of bounds.
This usually indicates a data-munging error or that h2 or N is low.

Computing rg for phenotype 31/68
Reading summary statistics from ../output_sumstats/output_pmid27989323_IL13_eur.sumstats.gz ...
Read summary statistics for 1217311 SNPs.
After merging with summary statistics, 1165196 SNPs remain.
1163191 SNPs with valid alleles.

Heritability of phenotype 31/68
-------------------------------
Total Observed scale h2: -0.1688 (0.164)
Lambda GC: 1.0046
Mean Chi^2: 1.0055
Intercept: 1.0174 (0.0125)
Ratio: 3.1841 (2.2955)

Genetic Covariance
------------------
Total Observed scale gencov: -0.0703 (0.1019)
Mean z1*z2: 0.4066
Intercept: 0.4116 (0.0053)

Genetic Correlation
-------------------
Genetic Correlation: nan (nan) (h2  out of bounds) 
Z-score: nan (nan) (h2  out of bounds)
P: nan (nan) (h2  out of bounds)
WARNING: One of the h2's was out of bounds.
This usually indicates a data-munging error or that h2 or N is low.

Computing rg for phenotype 32/68
Reading summary statistics from ../output_sumstats/output_pmid27989323_IL16_eur.sumstats.gz ...
Read summary statistics for 1217311 SNPs.
After merging with summary statistics, 1165196 SNPs remain.
1162996 SNPs with valid alleles.

Heritability of phenotype 32/68
-------------------------------
Total Observed scale h2: -0.0721 (0.1281)
Lambda GC: 0.9898
Mean Chi^2: 0.9901
Intercept: 0.9951 (0.0073)
Ratio: NA (mean chi^2 < 1)

Genetic Covariance
------------------
Total Observed scale gencov: -0.0651 (0.0969)
Mean z1*z2: 0.0445
Intercept: 0.0491 (0.0051)

Genetic Correlation
-------------------
Genetic Correlation: nan (nan) (h2  out of bounds) 
Z-score: nan (nan) (h2  out of bounds)
P: nan (nan) (h2  out of bounds)
WARNING: One of the h2's was out of bounds.
This usually indicates a data-munging error or that h2 or N is low.

Computing rg for phenotype 33/68
Reading summary statistics from ../output_sumstats/output_pmid27989323_IL17_eur.sumstats.gz ...
Read summary statistics for 1217311 SNPs.
After merging with summary statistics, 1165196 SNPs remain.
2120 SNPs with valid alleles.
WARNING: number of SNPs less than 200k; this is almost always bad.

Heritability of phenotype 33/68
-------------------------------
Total Observed scale h2: -3.4792 (1.452)
Lambda GC: 1.1333
Mean Chi^2: 1.1991
Intercept: 1.4955 (0.1449)
Ratio: 2.4879 (0.7277)

Genetic Covariance
------------------
Total Observed scale gencov: -1.2085 (1.5345)
Mean z1*z2: 0.4936
Intercept: 0.563 (0.0971)

Genetic Correlation
-------------------
Genetic Correlation: nan (nan) (h2  out of bounds) 
Z-score: nan (nan) (h2  out of bounds)
P: nan (nan) (h2  out of bounds)
WARNING: One of the h2's was out of bounds.
This usually indicates a data-munging error or that h2 or N is low.

Computing rg for phenotype 34/68
Reading summary statistics from ../output_sumstats/output_pmid27989323_IL18_eur.sumstats.gz ...
Read summary statistics for 1217311 SNPs.
After merging with summary statistics, 1165196 SNPs remain.
388517 SNPs with valid alleles.
ERROR computing rg for phenotype 34/68, from file ../output_sumstats/output_pmid27989323_IL18_eur.sumstats.gz.
Traceback (most recent call last):
  File "/Users/as/Documents/UNI/Bioinformatik/2023:24_WS/GoBi_Lokal/BlockTeil_Metabolomics/ldsc/ldscore/sumstats.py", line 410, in estimate_rg
    rghat = _rg(loop, args, log, M_annot, ref_ld_cnames, w_ld_cname, i)
  File "/Users/as/Documents/UNI/Bioinformatik/2023:24_WS/GoBi_Lokal/BlockTeil_Metabolomics/ldsc/ldscore/sumstats.py", line 539, in _rg
    intercept_gencov=intercepts[2], n_blocks=n_blocks, twostep=args.two_step)
  File "/Users/as/Documents/UNI/Bioinformatik/2023:24_WS/GoBi_Lokal/BlockTeil_Metabolomics/ldsc/ldscore/regressions.py", line 705, in __init__
    np.multiply(hsq1.tot_delete_values, hsq2.tot_delete_values))
FloatingPointError: invalid value encountered in sqrt


Computing rg for phenotype 35/68
Reading summary statistics from ../output_sumstats/output_pmid27989323_IL1ra_eur.sumstats.gz ...
Read summary statistics for 1217311 SNPs.
After merging with summary statistics, 1165196 SNPs remain.
1163272 SNPs with valid alleles.

Heritability of phenotype 35/68
-------------------------------
Total Observed scale h2: 0.0144 (0.144)
Lambda GC: 1.0105
Mean Chi^2: 1.0084
Intercept: 1.0074 (0.008)
Ratio: 0.8772 (0.9486)

Genetic Covariance
------------------
Total Observed scale gencov: 0.0076 (0.1116)
Mean z1*z2: 0.4917
Intercept: 0.4912 (0.0058)

Genetic Correlation
-------------------
Genetic Correlation: nan (nan) (h2  out of bounds) 
Z-score: nan (nan) (h2  out of bounds)
P: nan (nan) (h2  out of bounds)
WARNING: One of the h2's was out of bounds.
This usually indicates a data-munging error or that h2 or N is low.

Computing rg for phenotype 36/68
Reading summary statistics from ../output_sumstats/output_pmid27989323_IL2_eur.sumstats.gz ...
Read summary statistics for 1217311 SNPs.
After merging with summary statistics, 1165196 SNPs remain.
1163017 SNPs with valid alleles.

Heritability of phenotype 36/68
-------------------------------
Total Observed scale h2: -0.094 (0.1296)
Lambda GC: 1.0165
Mean Chi^2: 1.0076
Intercept: 1.0141 (0.0071)
Ratio: 1.8495 (0.9268)

Genetic Covariance
------------------
Total Observed scale gencov: -0.0028 (0.1075)
Mean z1*z2: 0.565
Intercept: 0.5652 (0.0056)

Genetic Correlation
-------------------
Genetic Correlation: nan (nan) (h2  out of bounds) 
Z-score: nan (nan) (h2  out of bounds)
P: nan (nan) (h2  out of bounds)
WARNING: One of the h2's was out of bounds.
This usually indicates a data-munging error or that h2 or N is low.

Computing rg for phenotype 37/68
Reading summary statistics from ../output_sumstats/output_pmid27989323_IL2ra_eur.sumstats.gz ...
Read summary statistics for 1217311 SNPs.
After merging with summary statistics, 1165196 SNPs remain.
1163194 SNPs with valid alleles.

Heritability of phenotype 37/68
-------------------------------
Total Observed scale h2: 0.0644 (0.1199)
Lambda GC: 1.0105
Mean Chi^2: 1.0079
Intercept: 1.0032 (0.0067)
Ratio: 0.4122 (0.8528)

Genetic Covariance
------------------
Total Observed scale gencov: -0.0124 (0.0855)
Mean z1*z2: 0.1322
Intercept: 0.1331 (0.0048)

Genetic Correlation
-------------------
Genetic Correlation: nan (nan) (h2  out of bounds) 
Z-score: nan (nan) (h2  out of bounds)
P: nan (nan) (h2  out of bounds)
WARNING: One of the h2's was out of bounds.
This usually indicates a data-munging error or that h2 or N is low.

Computing rg for phenotype 38/68
Reading summary statistics from ../output_sumstats/output_pmid27989323_IL4_eur.sumstats.gz ...
Read summary statistics for 1217311 SNPs.
After merging with summary statistics, 1165196 SNPs remain.
1162642 SNPs with valid alleles.

Heritability of phenotype 38/68
-------------------------------
Total Observed scale h2: -0.0416 (0.0604)
Lambda GC: 1.0016
Mean Chi^2: 1.0038
Intercept: 1.0105 (0.008)
Ratio: 2.756 (2.1049)

Genetic Covariance
------------------
Total Observed scale gencov: -0.0166 (0.0677)
Mean z1*z2: 0.3947
Intercept: 0.3965 (0.0056)

Genetic Correlation
-------------------
Genetic Correlation: nan (nan) (h2  out of bounds) 
Z-score: nan (nan) (h2  out of bounds)
P: nan (nan) (h2  out of bounds)
WARNING: One of the h2's was out of bounds.
This usually indicates a data-munging error or that h2 or N is low.

Computing rg for phenotype 39/68
Reading summary statistics from ../output_sumstats/output_pmid27989323_IL5_eur.sumstats.gz ...
Read summary statistics for 1217311 SNPs.
After merging with summary statistics, 1165196 SNPs remain.
1162105 SNPs with valid alleles.

Heritability of phenotype 39/68
-------------------------------
Total Observed scale h2: -0.1212 (0.1366)
Lambda GC: 1.0075
Mean Chi^2: 1.0041
Intercept: 1.0122 (0.0074)
Ratio: 2.9615 (1.7921)

Genetic Covariance
------------------
Total Observed scale gencov: -0.0362 (0.1164)
Mean z1*z2: 0.4798
Intercept: 0.4823 (0.0055)

Genetic Correlation
-------------------
Genetic Correlation: nan (nan) (h2  out of bounds) 
Z-score: nan (nan) (h2  out of bounds)
P: nan (nan) (h2  out of bounds)
WARNING: One of the h2's was out of bounds.
This usually indicates a data-munging error or that h2 or N is low.

Computing rg for phenotype 40/68
Reading summary statistics from ../output_sumstats/output_pmid27989323_IL6_eur.sumstats.gz ...
Read summary statistics for 1217311 SNPs.
After merging with summary statistics, 1165196 SNPs remain.
1162778 SNPs with valid alleles.

Heritability of phenotype 40/68
-------------------------------
Total Observed scale h2: -0.0035 (0.0569)
Lambda GC: 1.0105
Mean Chi^2: 1.0076
Intercept: 1.0082 (0.007)
Ratio: 1.075 (0.9212)

Genetic Covariance
------------------
Total Observed scale gencov: 0.0389 (0.0732)
Mean z1*z2: 0.3769
Intercept: 0.3728 (0.0057)

Genetic Correlation
-------------------
Genetic Correlation: nan (nan) (h2  out of bounds) 
Z-score: nan (nan) (h2  out of bounds)
P: nan (nan) (h2  out of bounds)
WARNING: One of the h2's was out of bounds.
This usually indicates a data-munging error or that h2 or N is low.

Computing rg for phenotype 41/68
Reading summary statistics from ../output_sumstats/output_pmid27989323_IL7_eur.sumstats.gz ...
Read summary statistics for 1217311 SNPs.
After merging with summary statistics, 1165196 SNPs remain.
1163304 SNPs with valid alleles.

Heritability of phenotype 41/68
-------------------------------
Total Observed scale h2: -0.0366 (0.157)
Lambda GC: 1.0046
Mean Chi^2: 1.0107
Intercept: 1.0132 (0.009)
Ratio: 1.2314 (0.8368)

Genetic Covariance
------------------
Total Observed scale gencov: -0.0632 (0.1124)
Mean z1*z2: 0.4273
Intercept: 0.4317 (0.0053)

Genetic Correlation
-------------------
Genetic Correlation: nan (nan) (h2  out of bounds) 
Z-score: nan (nan) (h2  out of bounds)
P: nan (nan) (h2  out of bounds)
WARNING: One of the h2's was out of bounds.
This usually indicates a data-munging error or that h2 or N is low.

Computing rg for phenotype 42/68
Reading summary statistics from ../output_sumstats/output_pmid27989323_IL9_eur.sumstats.gz ...
Read summary statistics for 1217311 SNPs.
After merging with summary statistics, 1165196 SNPs remain.
1163249 SNPs with valid alleles.

Heritability of phenotype 42/68
-------------------------------
Total Observed scale h2: -0.1722 (0.1265)
Lambda GC: 1.0135
Mean Chi^2: 1.0011
Intercept: 1.0136 (0.0071)
Ratio: 12.0538 (6.2701)

Genetic Covariance
------------------
Total Observed scale gencov: -0.1258 (0.1014)
Mean z1*z2: 0.4398
Intercept: 0.4487 (0.0053)

Genetic Correlation
-------------------
Genetic Correlation: nan (nan) (h2  out of bounds) 
Z-score: nan (nan) (h2  out of bounds)
P: nan (nan) (h2  out of bounds)
WARNING: One of the h2's was out of bounds.
This usually indicates a data-munging error or that h2 or N is low.

Computing rg for phenotype 43/68
Reading summary statistics from ../output_sumstats/output_pmid27989323_MCP1_eur.sumstats.gz ...
Read summary statistics for 1217311 SNPs.
After merging with summary statistics, 1165196 SNPs remain.
1162751 SNPs with valid alleles.

Heritability of phenotype 43/68
-------------------------------
Total Observed scale h2: 0.1721 (0.082)
Lambda GC: 1.0105
Mean Chi^2: 1.0226
Intercept: 0.9945 (0.008)
Ratio < 0 (usually indicates GC correction).

Genetic Covariance
------------------
Total Observed scale gencov: 0.0664 (0.0614)
Mean z1*z2: 0.2223
Intercept: 0.2151 (0.0052)

Genetic Correlation
-------------------
Genetic Correlation: nan (nan) (h2  out of bounds) 
Z-score: nan (nan) (h2  out of bounds)
P: nan (nan) (h2  out of bounds)
WARNING: One of the h2's was out of bounds.
This usually indicates a data-munging error or that h2 or N is low.

Computing rg for phenotype 44/68
Reading summary statistics from ../output_sumstats/output_pmid27989323_MCP3_eur.sumstats.gz ...
Read summary statistics for 1217311 SNPs.
After merging with summary statistics, 1165196 SNPs remain.
1125990 SNPs with valid alleles.

Heritability of phenotype 44/68
-------------------------------
Total Observed scale h2: -0.8885 (0.5757)
Lambda GC: 0.9986
Mean Chi^2: 0.9991
Intercept: 1.0142 (0.0078)
Ratio: NA (mean chi^2 < 1)

Genetic Covariance
------------------
Total Observed scale gencov: 0.0112 (0.199)
Mean z1*z2: 0.091
Intercept: 0.0906 (0.0051)

Genetic Correlation
-------------------
Genetic Correlation: nan (nan) (h2  out of bounds) 
Z-score: nan (nan) (h2  out of bounds)
P: nan (nan) (h2  out of bounds)
WARNING: One of the h2's was out of bounds.
This usually indicates a data-munging error or that h2 or N is low.

Computing rg for phenotype 45/68
Reading summary statistics from ../output_sumstats/output_pmid27989323_MCSF_eur.sumstats.gz ...
Read summary statistics for 1217311 SNPs.
After merging with summary statistics, 1165196 SNPs remain.
1159416 SNPs with valid alleles.

Heritability of phenotype 45/68
-------------------------------
Total Observed scale h2: 0.0802 (0.5063)
Lambda GC: 0.9986
Mean Chi^2: 0.9932
Intercept: 0.9918 (0.0072)
Ratio: NA (mean chi^2 < 1)

Genetic Covariance
------------------
Total Observed scale gencov: -0.1922 (0.1682)
Mean z1*z2: 0.0414
Intercept: 0.048 (0.005)

Genetic Correlation
-------------------
Genetic Correlation: nan (nan) (h2  out of bounds) 
Z-score: nan (nan) (h2  out of bounds)
P: nan (nan) (h2  out of bounds)
WARNING: One of the h2's was out of bounds.
This usually indicates a data-munging error or that h2 or N is low.

Computing rg for phenotype 46/68
Reading summary statistics from ../output_sumstats/output_pmid27989323_MIF_eur.sumstats.gz ...
Read summary statistics for 1217311 SNPs.
After merging with summary statistics, 1165196 SNPs remain.
1163062 SNPs with valid alleles.

Heritability of phenotype 46/68
-------------------------------
Total Observed scale h2: 0.0877 (0.1362)
Lambda GC: 1.0075
Mean Chi^2: 1.0111
Intercept: 1.005 (0.0069)
Ratio: 0.4484 (0.6252)

Genetic Covariance
------------------
Total Observed scale gencov: 0.0538 (0.0947)
Mean z1*z2: 0.0737
Intercept: 0.0699 (0.0053)

Genetic Correlation
-------------------
Genetic Correlation: nan (nan) (h2  out of bounds) 
Z-score: nan (nan) (h2  out of bounds)
P: nan (nan) (h2  out of bounds)
WARNING: One of the h2's was out of bounds.
This usually indicates a data-munging error or that h2 or N is low.

Computing rg for phenotype 47/68
Reading summary statistics from ../output_sumstats/output_pmid27989323_MIG_eur.sumstats.gz ...
Read summary statistics for 1217311 SNPs.
After merging with summary statistics, 1165196 SNPs remain.
1163070 SNPs with valid alleles.

Heritability of phenotype 47/68
-------------------------------
Total Observed scale h2: -0.1291 (0.1096)
Lambda GC: 1.0046
Mean Chi^2: 1.0046
Intercept: 1.0141 (0.0065)
Ratio: 3.05 (1.4068)

Genetic Covariance
------------------
Total Observed scale gencov: -0.0309 (0.091)
Mean z1*z2: 0.1454
Intercept: 0.1476 (0.0053)

Genetic Correlation
-------------------
Genetic Correlation: nan (nan) (h2  out of bounds) 
Z-score: nan (nan) (h2  out of bounds)
P: nan (nan) (h2  out of bounds)
WARNING: One of the h2's was out of bounds.
This usually indicates a data-munging error or that h2 or N is low.

Computing rg for phenotype 48/68
Reading summary statistics from ../output_sumstats/output_pmid27989323_MIP1a_eur.sumstats.gz ...
Read summary statistics for 1217311 SNPs.
After merging with summary statistics, 1165196 SNPs remain.
1163135 SNPs with valid alleles.

Heritability of phenotype 48/68
-------------------------------
Total Observed scale h2: -0.1386 (0.1408)
Lambda GC: 0.9957
Mean Chi^2: 0.9995
Intercept: 1.0092 (0.0071)
Ratio: NA (mean chi^2 < 1)

Genetic Covariance
------------------
Total Observed scale gencov: -0.0818 (0.1065)
Mean z1*z2: 0.5462
Intercept: 0.5519 (0.0055)

Genetic Correlation
-------------------
Genetic Correlation: nan (nan) (h2  out of bounds) 
Z-score: nan (nan) (h2  out of bounds)
P: nan (nan) (h2  out of bounds)
WARNING: One of the h2's was out of bounds.
This usually indicates a data-munging error or that h2 or N is low.

Computing rg for phenotype 49/68
Reading summary statistics from ../output_sumstats/output_pmid27989323_MIP1b_eur.sumstats.gz ...
Read summary statistics for 1217311 SNPs.
After merging with summary statistics, 1165196 SNPs remain.
1162709 SNPs with valid alleles.

Heritability of phenotype 49/68
-------------------------------
Total Observed scale h2: 0.2206 (0.2766)
Lambda GC: 1.0165
Mean Chi^2: 1.0551
Intercept: 1.0186 (0.0288)
Ratio: 0.3381 (0.5222)

Genetic Covariance
------------------
Total Observed scale gencov: 0.0665 (0.0628)
Mean z1*z2: 0.1991
Intercept: 0.1919 (0.0049)

Genetic Correlation
-------------------
Genetic Correlation: nan (nan) (h2  out of bounds) 
Z-score: nan (nan) (h2  out of bounds)
P: nan (nan) (h2  out of bounds)
WARNING: One of the h2's was out of bounds.
This usually indicates a data-munging error or that h2 or N is low.

Computing rg for phenotype 50/68
Reading summary statistics from ../output_sumstats/output_pmid27989323_PDGFbb_eur.sumstats.gz ...
Read summary statistics for 1217311 SNPs.
After merging with summary statistics, 1165196 SNPs remain.
1162739 SNPs with valid alleles.

Heritability of phenotype 50/68
-------------------------------
Total Observed scale h2: -0.0116 (0.0624)
Lambda GC: 1.0225
Mean Chi^2: 1.0212
Intercept: 1.0231 (0.0086)
Ratio: 1.0899 (0.4073)

Genetic Covariance
------------------
Total Observed scale gencov: 0.0479 (0.0656)
Mean z1*z2: 0.2831
Intercept: 0.2779 (0.0056)

Genetic Correlation
-------------------
Genetic Correlation: nan (nan) (h2  out of bounds) 
Z-score: nan (nan) (h2  out of bounds)
P: nan (nan) (h2  out of bounds)
WARNING: One of the h2's was out of bounds.
This usually indicates a data-munging error or that h2 or N is low.

Computing rg for phenotype 51/68
Reading summary statistics from ../output_sumstats/output_pmid27989323_RANTES_eur.sumstats.gz ...
Read summary statistics for 1217311 SNPs.
After merging with summary statistics, 1165196 SNPs remain.
1162869 SNPs with valid alleles.

Heritability of phenotype 51/68
-------------------------------
Total Observed scale h2: 0.1128 (0.1271)
Lambda GC: 1.0046
Mean Chi^2: 1.0082
Intercept: 1.0005 (0.0068)
Ratio: 0.064 (0.8216)

Genetic Covariance
------------------
Total Observed scale gencov: -0.0933 (0.0954)
Mean z1*z2: 0.2383
Intercept: 0.2447 (0.005)

Genetic Correlation
-------------------
Genetic Correlation: nan (nan) (h2  out of bounds) 
Z-score: nan (nan) (h2  out of bounds)
P: nan (nan) (h2  out of bounds)
WARNING: One of the h2's was out of bounds.
This usually indicates a data-munging error or that h2 or N is low.

Computing rg for phenotype 52/68
Reading summary statistics from ../output_sumstats/output_pmid27989323_SCF_eur.sumstats.gz ...
Read summary statistics for 1217311 SNPs.
After merging with summary statistics, 1165196 SNPs remain.
1162512 SNPs with valid alleles.

Heritability of phenotype 52/68
-------------------------------
Total Observed scale h2: -0.0593 (0.0559)
Lambda GC: 1.0046
Mean Chi^2: 1.0094
Intercept: 1.0192 (0.0073)
Ratio: 2.0372 (0.7794)

Genetic Covariance
------------------
Total Observed scale gencov: -0.0188 (0.0583)
Mean z1*z2: -0.0109
Intercept: -0.0089 (0.0051)

Genetic Correlation
-------------------
Genetic Correlation: nan (nan) (h2  out of bounds) 
Z-score: nan (nan) (h2  out of bounds)
P: nan (nan) (h2  out of bounds)
WARNING: One of the h2's was out of bounds.
This usually indicates a data-munging error or that h2 or N is low.

Computing rg for phenotype 53/68
Reading summary statistics from ../output_sumstats/output_pmid27989323_SCGFb_eur.sumstats.gz ...
Read summary statistics for 1217311 SNPs.
After merging with summary statistics, 1165196 SNPs remain.
518015 SNPs with valid alleles.
ERROR computing rg for phenotype 53/68, from file ../output_sumstats/output_pmid27989323_SCGFb_eur.sumstats.gz.
Traceback (most recent call last):
  File "/Users/as/Documents/UNI/Bioinformatik/2023:24_WS/GoBi_Lokal/BlockTeil_Metabolomics/ldsc/ldscore/sumstats.py", line 410, in estimate_rg
    rghat = _rg(loop, args, log, M_annot, ref_ld_cnames, w_ld_cname, i)
  File "/Users/as/Documents/UNI/Bioinformatik/2023:24_WS/GoBi_Lokal/BlockTeil_Metabolomics/ldsc/ldscore/sumstats.py", line 539, in _rg
    intercept_gencov=intercepts[2], n_blocks=n_blocks, twostep=args.two_step)
  File "/Users/as/Documents/UNI/Bioinformatik/2023:24_WS/GoBi_Lokal/BlockTeil_Metabolomics/ldsc/ldscore/regressions.py", line 705, in __init__
    np.multiply(hsq1.tot_delete_values, hsq2.tot_delete_values))
FloatingPointError: invalid value encountered in sqrt


Computing rg for phenotype 54/68
Reading summary statistics from ../output_sumstats/output_pmid27989323_SDF1_eur.sumstats.gz ...
Read summary statistics for 1217311 SNPs.
After merging with summary statistics, 1165196 SNPs remain.
1162418 SNPs with valid alleles.

Heritability of phenotype 54/68
-------------------------------
Total Observed scale h2: -0.0102 (0.0761)
Lambda GC: 0.9898
Mean Chi^2: 0.9972
Intercept: 0.9984 (0.0073)
Ratio: NA (mean chi^2 < 1)

Genetic Covariance
------------------
Total Observed scale gencov: 0.0504 (0.069)
Mean z1*z2: 0.0519
Intercept: 0.0473 (0.0052)

Genetic Correlation
-------------------
Genetic Correlation: nan (nan) (h2  out of bounds) 
Z-score: nan (nan) (h2  out of bounds)
P: nan (nan) (h2  out of bounds)
WARNING: One of the h2's was out of bounds.
This usually indicates a data-munging error or that h2 or N is low.

Computing rg for phenotype 55/68
Reading summary statistics from ../output_sumstats/output_pmid27989323_TNFa_eur.sumstats.gz ...
Read summary statistics for 1217311 SNPs.
After merging with summary statistics, 1165196 SNPs remain.
1162973 SNPs with valid alleles.

Heritability of phenotype 55/68
-------------------------------
Total Observed scale h2: -0.0631 (0.1334)
Lambda GC: 0.9868
Mean Chi^2: 0.9943
Intercept: 0.9986 (0.0069)
Ratio: NA (mean chi^2 < 1)

Genetic Covariance
------------------
Total Observed scale gencov: -0.0598 (0.1126)
Mean z1*z2: 0.5166
Intercept: 0.5207 (0.0057)

Genetic Correlation
-------------------
Genetic Correlation: nan (nan) (h2  out of bounds) 
Z-score: nan (nan) (h2  out of bounds)
P: nan (nan) (h2  out of bounds)
WARNING: One of the h2's was out of bounds.
This usually indicates a data-munging error or that h2 or N is low.

Computing rg for phenotype 56/68
Reading summary statistics from ../output_sumstats/output_pmid27989323_TNFb_eur.sumstats.gz ...
Read summary statistics for 1217311 SNPs.
After merging with summary statistics, 1165196 SNPs remain.
1048578 SNPs with valid alleles.

Heritability of phenotype 56/68
-------------------------------
Total Observed scale h2: -0.4485 (0.3096)
Lambda GC: 1.0075
Mean Chi^2: 0.9958
Intercept: 1.0103 (0.0075)
Ratio: NA (mean chi^2 < 1)

Genetic Covariance
------------------
Total Observed scale gencov: -0.0802 (0.143)
Mean z1*z2: 0.048
Intercept: 0.0519 (0.0056)

Genetic Correlation
-------------------
Genetic Correlation: nan (nan) (h2  out of bounds) 
Z-score: nan (nan) (h2  out of bounds)
P: nan (nan) (h2  out of bounds)
WARNING: One of the h2's was out of bounds.
This usually indicates a data-munging error or that h2 or N is low.

Computing rg for phenotype 57/68
Reading summary statistics from ../output_sumstats/output_pmid27989323_TRAIL_eur.sumstats.gz ...
Read summary statistics for 1217311 SNPs.
After merging with summary statistics, 1165196 SNPs remain.
1162640 SNPs with valid alleles.

Heritability of phenotype 57/68
-------------------------------
Total Observed scale h2: -0.0199 (0.0554)
Lambda GC: 1.0195
Mean Chi^2: 1.0175
Intercept: 1.0208 (0.0117)
Ratio: 1.1846 (0.6692)

Genetic Covariance
------------------
Total Observed scale gencov: 0.0337 (0.0587)
Mean z1*z2: 0.0029
Intercept: -0.0006 (0.0054)

Genetic Correlation
-------------------
Genetic Correlation: nan (nan) (h2  out of bounds) 
Z-score: nan (nan) (h2  out of bounds)
P: nan (nan) (h2  out of bounds)
WARNING: One of the h2's was out of bounds.
This usually indicates a data-munging error or that h2 or N is low.

Computing rg for phenotype 58/68
Reading summary statistics from ../output_sumstats/output_pmid27989323_bNGF_eur.sumstats.gz ...
Read summary statistics for 1217311 SNPs.
After merging with summary statistics, 1165196 SNPs remain.
1162855 SNPs with valid alleles.

Heritability of phenotype 58/68
-------------------------------
Total Observed scale h2: 0.2583 (0.1383)
Lambda GC: 1.0165
Mean Chi^2: 1.0128
Intercept: 0.9946 (0.0078)
Ratio < 0 (usually indicates GC correction).

Genetic Covariance
------------------
Total Observed scale gencov: -0.0272 (0.0934)
Mean z1*z2: 0.2225
Intercept: 0.2245 (0.0051)

Genetic Correlation
-------------------
Genetic Correlation: nan (nan) (h2  out of bounds) 
Z-score: nan (nan) (h2  out of bounds)
P: nan (nan) (h2  out of bounds)
WARNING: One of the h2's was out of bounds.
This usually indicates a data-munging error or that h2 or N is low.

Computing rg for phenotype 59/68
Reading summary statistics from ../output_sumstats/output_pmid27989323_eotaxin_eur.sumstats.gz ...
Read summary statistics for 1217311 SNPs.
After merging with summary statistics, 1165196 SNPs remain.
1162685 SNPs with valid alleles.

Heritability of phenotype 59/68
-------------------------------
Total Observed scale h2: 0.1029 (0.0663)
Lambda GC: 1.0135
Mean Chi^2: 1.0253
Intercept: 1.0086 (0.0076)
Ratio: 0.34 (0.3008)

Genetic Covariance
------------------
Total Observed scale gencov: 0.0659 (0.0714)
Mean z1*z2: 0.226
Intercept: 0.219 (0.0048)

Genetic Correlation
-------------------
Genetic Correlation: nan (nan) (h2  out of bounds) 
Z-score: nan (nan) (h2  out of bounds)
P: nan (nan) (h2  out of bounds)
WARNING: One of the h2's was out of bounds.
This usually indicates a data-munging error or that h2 or N is low.

Computing rg for phenotype 60/68
Reading summary statistics from ../output_sumstats/output_pmid27989323_ip10_eur.sumstats.gz ...
Read summary statistics for 1217311 SNPs.
After merging with summary statistics, 1165196 SNPs remain.
1163142 SNPs with valid alleles.

Heritability of phenotype 60/68
-------------------------------
Total Observed scale h2: 0.1295 (0.1243)
Lambda GC: 1.0225
Mean Chi^2: 1.0178
Intercept: 1.0084 (0.0073)
Ratio: 0.4692 (0.4087)

Genetic Covariance
------------------
Total Observed scale gencov: 0.0459 (0.0914)
Mean z1*z2: 0.1249
Intercept: 0.1216 (0.005)

Genetic Correlation
-------------------
Genetic Correlation: nan (nan) (h2  out of bounds) 
Z-score: nan (nan) (h2  out of bounds)
P: nan (nan) (h2  out of bounds)
WARNING: One of the h2's was out of bounds.
This usually indicates a data-munging error or that h2 or N is low.

Computing rg for phenotype 61/68
Reading summary statistics from ../output_sumstats/output_pmid29566793_ALS_eur.sumstats.gz ...
Read summary statistics for 1217311 SNPs.
After merging with summary statistics, 1165196 SNPs remain.
1159413 SNPs with valid alleles.

Heritability of phenotype 61/68
-------------------------------
Total Observed scale h2: 0.0319 (0.0072)
Lambda GC: 1.0496
Mean Chi^2: 1.0739
Intercept: 1.0222 (0.0072)
Ratio: 0.3004 (0.0977)

Genetic Covariance
------------------
Total Observed scale gencov: 0.0239 (0.0182)
Mean z1*z2: 0.0037
Intercept: -0.0042 (0.004)

Genetic Correlation
-------------------
Genetic Correlation: nan (nan) (h2  out of bounds) 
Z-score: nan (nan) (h2  out of bounds)
P: nan (nan) (h2  out of bounds)
WARNING: One of the h2's was out of bounds.
This usually indicates a data-munging error or that h2 or N is low.

Computing rg for phenotype 62/68
Reading summary statistics from ../output_sumstats/output_pmid29632382_T2d-BMIadj_eur.sumstats.gz ...
Read summary statistics for 1217311 SNPs.
After merging with summary statistics, 1165196 SNPs remain.
25909 SNPs with valid alleles.
WARNING: number of SNPs less than 200k; this is almost always bad.

Heritability of phenotype 62/68
-------------------------------
Total Observed scale h2: 0.1023 (0.0273)
Lambda GC: 1.2136
Mean Chi^2: 1.7909
Intercept: 1.0038 (0.0816)
Ratio: 0.0048 (0.1032)

Genetic Covariance
------------------
Total Observed scale gencov: -0.0016 (0.0305)
Mean z1*z2: 0.0017
Intercept: 0.002 (0.0169)

Genetic Correlation
-------------------
Genetic Correlation: -0.0094 (0.1895)
Z-score: -0.0495
P: 0.9605

Computing rg for phenotype 63/68
Reading summary statistics from ../output_sumstats/output_pmid30054458_T2d_eur.sumstats.gz ...
Read summary statistics for 1217311 SNPs.
After merging with summary statistics, 1165196 SNPs remain.
997898 SNPs with valid alleles.

Heritability of phenotype 63/68
-------------------------------
Total Observed scale h2: 0.0457 (0.003)
Lambda GC: 1.4602
Mean Chi^2: 1.6893
Intercept: 1.0547 (0.019)
Ratio: 0.0794 (0.0276)

Genetic Covariance
------------------
Total Observed scale gencov: 0.0073 (0.0116)
Mean z1*z2: 0.0104
Intercept: 0.003 (0.0072)

Genetic Correlation
-------------------
Genetic Correlation: nan (nan) (h2  out of bounds) 
Z-score: nan (nan) (h2  out of bounds)
P: nan (nan) (h2  out of bounds)
WARNING: One of the h2's was out of bounds.
This usually indicates a data-munging error or that h2 or N is low.

Computing rg for phenotype 64/68
Reading summary statistics from ../output_sumstats/output_pmid33111402_PD_eur.sumstats.gz ...
Read summary statistics for 1217311 SNPs.
After merging with summary statistics, 1165196 SNPs remain.
9909 SNPs with valid alleles.
WARNING: number of SNPs less than 200k; this is almost always bad.

Heritability of phenotype 64/68
-------------------------------
Total Observed scale h2: -2.675 (1.137)
Lambda GC: 0.9547
Mean Chi^2: 0.9494
Intercept: 1.0878 (0.0597)
Ratio: NA (mean chi^2 < 1)

Genetic Covariance
------------------
Total Observed scale gencov: -0.8995 (0.7922)
Mean z1*z2: -0.0067
Intercept: 0.0459 (0.0458)

Genetic Correlation
-------------------
Genetic Correlation: nan (nan) (h2  out of bounds) 
Z-score: nan (nan) (h2  out of bounds)
P: nan (nan) (h2  out of bounds)
WARNING: One of the h2's was out of bounds.
This usually indicates a data-munging error or that h2 or N is low.

Computing rg for phenotype 65/68
Reading summary statistics from ../output_sumstats/output_pmid33310728_RA_eur.sumstats.gz ...
Read summary statistics for 1217311 SNPs.
After merging with summary statistics, 1165196 SNPs remain.
1156165 SNPs with valid alleles.

Heritability of phenotype 65/68
-------------------------------
Total Observed scale h2: 0.0368 (0.0042)
Lambda GC: 1.0741
Mean Chi^2: 1.2002
Intercept: 0.9737 (0.0122)
Ratio < 0 (usually indicates GC correction).

Genetic Covariance
------------------
Total Observed scale gencov: 0.009 (0.0097)
Mean z1*z2: 0.0057
Intercept: -3.9315e-05 (0.0045)

Genetic Correlation
-------------------
Genetic Correlation: nan (nan) (h2  out of bounds) 
Z-score: nan (nan) (h2  out of bounds)
P: nan (nan) (h2  out of bounds)
WARNING: One of the h2's was out of bounds.
This usually indicates a data-munging error or that h2 or N is low.

Computing rg for phenotype 66/68
Reading summary statistics from ../output_sumstats/output_pmid33589841_LBD_eur.sumstats.gz ...
Read summary statistics for 1217311 SNPs.
After merging with summary statistics, 1165196 SNPs remain.
1059032 SNPs with valid alleles.
ERROR computing rg for phenotype 66/68, from file ../output_sumstats/output_pmid33589841_LBD_eur.sumstats.gz.
Traceback (most recent call last):
  File "/Users/as/Documents/UNI/Bioinformatik/2023:24_WS/GoBi_Lokal/BlockTeil_Metabolomics/ldsc/ldscore/sumstats.py", line 410, in estimate_rg
    rghat = _rg(loop, args, log, M_annot, ref_ld_cnames, w_ld_cname, i)
  File "/Users/as/Documents/UNI/Bioinformatik/2023:24_WS/GoBi_Lokal/BlockTeil_Metabolomics/ldsc/ldscore/sumstats.py", line 539, in _rg
    intercept_gencov=intercepts[2], n_blocks=n_blocks, twostep=args.two_step)
  File "/Users/as/Documents/UNI/Bioinformatik/2023:24_WS/GoBi_Lokal/BlockTeil_Metabolomics/ldsc/ldscore/regressions.py", line 705, in __init__
    np.multiply(hsq1.tot_delete_values, hsq2.tot_delete_values))
FloatingPointError: invalid value encountered in sqrt


Computing rg for phenotype 67/68
Reading summary statistics from ../output_sumstats/output_pmid33987465_PD_eur.sumstats.gz ...
Read summary statistics for 1217311 SNPs.
After merging with summary statistics, 1165196 SNPs remain.
1162540 SNPs with valid alleles.

Heritability of phenotype 67/68
-------------------------------
Total Observed scale h2: 0.3931 (0.1451)
Lambda GC: 1.0016
Mean Chi^2: 1.0051
Intercept: 0.983 (0.0061)
Ratio < 0 (usually indicates GC correction).

Genetic Covariance
------------------
Total Observed scale gencov: -0.022 (0.1004)
Mean z1*z2: -0.0016
Intercept: -0.0002 (0.0042)

Genetic Correlation
-------------------
Genetic Correlation: nan (nan) (h2  out of bounds) 
Z-score: nan (nan) (h2  out of bounds)
P: nan (nan) (h2  out of bounds)
WARNING: One of the h2's was out of bounds.
This usually indicates a data-munging error or that h2 or N is low.

Computing rg for phenotype 68/68
Reading summary statistics from ../output_sumstats/output_pmid34737426_APH_eur.sumstats.gz ...
Read summary statistics for 1217311 SNPs.
After merging with summary statistics, 1165196 SNPs remain.
1139888 SNPs with valid alleles.

Heritability of phenotype 68/68
-------------------------------
Total Observed scale h2: -3.2202e-05 (0.0009)
Lambda GC: 0.9957
Mean Chi^2: 0.985
Intercept: 0.9853 (0.0062)
Ratio: NA (mean chi^2 < 1)

Genetic Covariance
------------------
Total Observed scale gencov: 0.01 (0.0078)
Mean z1*z2: 0.0025
Intercept: -0.0055 (0.0048)

Genetic Correlation
-------------------
Genetic Correlation: nan (nan) (h2  out of bounds) 
Z-score: nan (nan) (h2  out of bounds)
P: nan (nan) (h2  out of bounds)
WARNING: One of the h2's was out of bounds.
This usually indicates a data-munging error or that h2 or N is low.


Summary of Genetic Correlation Results
                                                         p1                                                                      p2        rg      se        z       p    h2_obs  h2_obs_se  h2_int h2_int_se   gcov_int gcov_int_se
 ../output_sumstats/output_pmid27989323_IL8_eur.sumstats.gz              ../output_sumstats/output_pmid27989323_IL8_eur.sumstats.gz        NA      NA       NA      NA  -0.03014     0.1268   1.008  0.006749      1.008    0.006752
 ../output_sumstats/output_pmid27989323_IL8_eur.sumstats.gz               ../output_sumstats/output_pmid21833088_MS_eur.sumstats.gz        NA      NA       NA      NA        NA         NA      NA        NA         NA          NA
 ../output_sumstats/output_pmid27989323_IL8_eur.sumstats.gz               ../output_sumstats/output_pmid24076602_MS_eur.sumstats.gz        NA      NA       NA      NA        NA         NA      NA        NA         NA          NA
 ../output_sumstats/output_pmid27989323_IL8_eur.sumstats.gz  ../output_sumstats/output_pmid24816252_acetylcarnitine_eur.sumstats.gz        NA      NA       NA      NA   -0.2356    0.08346    1.02  0.007616  -0.007145    0.004715
 ../output_sumstats/output_pmid27989323_IL8_eur.sumstats.gz          ../output_sumstats/output_pmid24816252_alanine_eur.sumstats.gz        NA      NA       NA      NA    0.5261    0.07038   1.012  0.007148   0.002408    0.004919
 ../output_sumstats/output_pmid27989323_IL8_eur.sumstats.gz         ../output_sumstats/output_pmid24816252_arginine_eur.sumstats.gz        NA      NA       NA      NA -0.006593    0.06351   1.038  0.007209  0.0002436    0.004403
 ../output_sumstats/output_pmid27989323_IL8_eur.sumstats.gz       ../output_sumstats/output_pmid24816252_asparagine_eur.sumstats.gz        NA      NA       NA      NA     0.496    0.06699   1.019  0.007264  -0.004413    0.004743
 ../output_sumstats/output_pmid27989323_IL8_eur.sumstats.gz      ../output_sumstats/output_pmid24816252_cholesterol_eur.sumstats.gz        NA      NA       NA      NA    0.1325    0.06726   1.044   0.00661  -0.002861    0.004695
 ../output_sumstats/output_pmid27989323_IL8_eur.sumstats.gz          ../output_sumstats/output_pmid24816252_citrate_eur.sumstats.gz        NA      NA       NA      NA    0.4513    0.08029   1.059  0.008254  -0.001676    0.004825
 ../output_sumstats/output_pmid27989323_IL8_eur.sumstats.gz        ../output_sumstats/output_pmid24816252_glutamate_eur.sumstats.gz        NA      NA       NA      NA    0.1618    0.05684  0.9319  0.005894  0.0003327    0.004561
 ../output_sumstats/output_pmid27989323_IL8_eur.sumstats.gz         ../output_sumstats/output_pmid24816252_glycerol_eur.sumstats.gz        NA      NA       NA      NA   -0.1254    0.06063   1.016  0.006934 -0.0002997    0.004815
 ../output_sumstats/output_pmid27989323_IL8_eur.sumstats.gz        ../output_sumstats/output_pmid24816252_histidine_eur.sumstats.gz        NA      NA       NA      NA    0.4293    0.06976   0.759  0.006226   0.003594    0.003853
 ../output_sumstats/output_pmid27989323_IL8_eur.sumstats.gz       ../output_sumstats/output_pmid24816252_isoleucine_eur.sumstats.gz        NA      NA       NA      NA   -0.2802    0.05863  0.9999  0.006423  0.0006253    0.004772
 ../output_sumstats/output_pmid27989323_IL8_eur.sumstats.gz    ../output_sumstats/output_pmid24816252_phenylalanine_eur.sumstats.gz        NA      NA       NA      NA    0.3192    0.04386  0.7787  0.005108     -0.006    0.004029
 ../output_sumstats/output_pmid27989323_IL8_eur.sumstats.gz          ../output_sumstats/output_pmid24816252_proline_eur.sumstats.gz        NA      NA       NA      NA    0.3712    0.09005   1.038   0.01272   0.001623    0.005135
 ../output_sumstats/output_pmid27989323_IL8_eur.sumstats.gz         ../output_sumstats/output_pmid24816252_pyruvate_eur.sumstats.gz        NA      NA       NA      NA    0.1568    0.05627   0.998  0.006015  -0.001627    0.004465
 ../output_sumstats/output_pmid27989323_IL8_eur.sumstats.gz        ../output_sumstats/output_pmid24816252_threonine_eur.sumstats.gz        NA      NA       NA      NA   0.04606    0.08337    1.01  0.006835   0.002434    0.004274
 ../output_sumstats/output_pmid27989323_IL8_eur.sumstats.gz       ../output_sumstats/output_pmid24816252_tryptophan_eur.sumstats.gz        NA      NA       NA      NA    0.9241    0.07405   1.049  0.007913  -0.006445    0.005017
 ../output_sumstats/output_pmid27989323_IL8_eur.sumstats.gz         ../output_sumstats/output_pmid24816252_tyrosine_eur.sumstats.gz        NA      NA       NA      NA    0.1676    0.07036   1.032  0.007189  0.0009863      0.0045
 ../output_sumstats/output_pmid27989323_IL8_eur.sumstats.gz             ../output_sumstats/output_pmid24816252_urea_eur.sumstats.gz        NA      NA       NA      NA  -0.07644     0.0523   1.012  0.006221   0.003552    0.004836
 ../output_sumstats/output_pmid27989323_IL8_eur.sumstats.gz               ../output_sumstats/output_pmid27386562_MS_eur.sumstats.gz        NA      NA       NA      NA    0.2432    0.04736   1.066  0.008893  -0.006998    0.004819
 ../output_sumstats/output_pmid27989323_IL8_eur.sumstats.gz              ../output_sumstats/output_pmid27455348_ALS_eur.sumstats.gz        NA      NA       NA      NA   0.04727    0.01269  0.9978  0.006265   -0.00307    0.003989
 ../output_sumstats/output_pmid27989323_IL8_eur.sumstats.gz            ../output_sumstats/output_pmid27989323_CTACK_eur.sumstats.gz        NA      NA       NA      NA -0.005361     0.1164   1.004  0.007062    0.08232    0.005414
 ../output_sumstats/output_pmid27989323_IL8_eur.sumstats.gz             ../output_sumstats/output_pmid27989323_GCSF_eur.sumstats.gz        NA      NA       NA      NA    0.0239    0.06155   1.007  0.007995     0.3412    0.005877
 ../output_sumstats/output_pmid27989323_IL8_eur.sumstats.gz             ../output_sumstats/output_pmid27989323_GROa_eur.sumstats.gz        NA      NA       NA      NA     -45.3      20.77   1.381     0.479      1.374      0.5288
 ../output_sumstats/output_pmid27989323_IL8_eur.sumstats.gz              ../output_sumstats/output_pmid27989323_HGF_eur.sumstats.gz        NA      NA       NA      NA  -0.02609    0.05864   1.011  0.007957     0.1723    0.004964
 ../output_sumstats/output_pmid27989323_IL8_eur.sumstats.gz             ../output_sumstats/output_pmid27989323_IFNg_eur.sumstats.gz        NA      NA       NA      NA    0.0128    0.06227   0.999  0.007374     0.2988    0.005396
 ../output_sumstats/output_pmid27989323_IL8_eur.sumstats.gz             ../output_sumstats/output_pmid27989323_IL10_eur.sumstats.gz        NA      NA       NA      NA  -0.00959    0.07918   1.018   0.01228     0.2885    0.005169
 ../output_sumstats/output_pmid27989323_IL8_eur.sumstats.gz          ../output_sumstats/output_pmid27989323_IL12p70_eur.sumstats.gz        NA      NA       NA      NA  -0.02145    0.08873   1.034   0.01908     0.2798    0.005219
 ../output_sumstats/output_pmid27989323_IL8_eur.sumstats.gz             ../output_sumstats/output_pmid27989323_IL13_eur.sumstats.gz        NA      NA       NA      NA   -0.1688      0.164   1.017   0.01253     0.4116    0.005323
 ../output_sumstats/output_pmid27989323_IL8_eur.sumstats.gz             ../output_sumstats/output_pmid27989323_IL16_eur.sumstats.gz        NA      NA       NA      NA  -0.07209     0.1281  0.9951  0.007268    0.04906    0.005092
 ../output_sumstats/output_pmid27989323_IL8_eur.sumstats.gz             ../output_sumstats/output_pmid27989323_IL17_eur.sumstats.gz        NA      NA       NA      NA    -3.479      1.452   1.495    0.1449      0.563     0.09705
 ../output_sumstats/output_pmid27989323_IL8_eur.sumstats.gz             ../output_sumstats/output_pmid27989323_IL18_eur.sumstats.gz        NA      NA       NA      NA        NA         NA      NA        NA         NA          NA
 ../output_sumstats/output_pmid27989323_IL8_eur.sumstats.gz            ../output_sumstats/output_pmid27989323_IL1ra_eur.sumstats.gz        NA      NA       NA      NA   0.01443      0.144   1.007  0.007965     0.4912     0.00581
 ../output_sumstats/output_pmid27989323_IL8_eur.sumstats.gz              ../output_sumstats/output_pmid27989323_IL2_eur.sumstats.gz        NA      NA       NA      NA  -0.09398     0.1296   1.014  0.007077     0.5652     0.00563
 ../output_sumstats/output_pmid27989323_IL8_eur.sumstats.gz            ../output_sumstats/output_pmid27989323_IL2ra_eur.sumstats.gz        NA      NA       NA      NA   0.06442     0.1199   1.003  0.006709     0.1331     0.00481
 ../output_sumstats/output_pmid27989323_IL8_eur.sumstats.gz              ../output_sumstats/output_pmid27989323_IL4_eur.sumstats.gz        NA      NA       NA      NA  -0.04158    0.06037   1.011  0.008038     0.3965    0.005602
 ../output_sumstats/output_pmid27989323_IL8_eur.sumstats.gz              ../output_sumstats/output_pmid27989323_IL5_eur.sumstats.gz        NA      NA       NA      NA   -0.1212     0.1366   1.012  0.007401     0.4823     0.00546
 ../output_sumstats/output_pmid27989323_IL8_eur.sumstats.gz              ../output_sumstats/output_pmid27989323_IL6_eur.sumstats.gz        NA      NA       NA      NA -0.003531    0.05693   1.008  0.007032     0.3728    0.005718
 ../output_sumstats/output_pmid27989323_IL8_eur.sumstats.gz              ../output_sumstats/output_pmid27989323_IL7_eur.sumstats.gz        NA      NA       NA      NA  -0.03659      0.157   1.013  0.008978     0.4317    0.005289
 ../output_sumstats/output_pmid27989323_IL8_eur.sumstats.gz              ../output_sumstats/output_pmid27989323_IL9_eur.sumstats.gz        NA      NA       NA      NA   -0.1722     0.1265   1.014   0.00705     0.4487    0.005345
 ../output_sumstats/output_pmid27989323_IL8_eur.sumstats.gz             ../output_sumstats/output_pmid27989323_MCP1_eur.sumstats.gz        NA      NA       NA      NA    0.1721    0.08196  0.9945  0.007987     0.2151    0.005238
 ../output_sumstats/output_pmid27989323_IL8_eur.sumstats.gz             ../output_sumstats/output_pmid27989323_MCP3_eur.sumstats.gz        NA      NA       NA      NA   -0.8885     0.5757   1.014  0.007798    0.09064    0.005055
 ../output_sumstats/output_pmid27989323_IL8_eur.sumstats.gz             ../output_sumstats/output_pmid27989323_MCSF_eur.sumstats.gz        NA      NA       NA      NA   0.08017     0.5063  0.9918  0.007158    0.04797     0.00499
 ../output_sumstats/output_pmid27989323_IL8_eur.sumstats.gz              ../output_sumstats/output_pmid27989323_MIF_eur.sumstats.gz        NA      NA       NA      NA   0.08768     0.1362   1.005  0.006926    0.06995     0.00526
 ../output_sumstats/output_pmid27989323_IL8_eur.sumstats.gz              ../output_sumstats/output_pmid27989323_MIG_eur.sumstats.gz        NA      NA       NA      NA   -0.1291     0.1096   1.014  0.006487     0.1476    0.005282
 ../output_sumstats/output_pmid27989323_IL8_eur.sumstats.gz            ../output_sumstats/output_pmid27989323_MIP1a_eur.sumstats.gz        NA      NA       NA      NA   -0.1386     0.1408   1.009  0.007134     0.5519    0.005507
 ../output_sumstats/output_pmid27989323_IL8_eur.sumstats.gz            ../output_sumstats/output_pmid27989323_MIP1b_eur.sumstats.gz        NA      NA       NA      NA    0.2206     0.2766   1.019   0.02877     0.1919    0.004933
 ../output_sumstats/output_pmid27989323_IL8_eur.sumstats.gz           ../output_sumstats/output_pmid27989323_PDGFbb_eur.sumstats.gz        NA      NA       NA      NA  -0.01156    0.06239   1.023  0.008635     0.2779    0.005648
 ../output_sumstats/output_pmid27989323_IL8_eur.sumstats.gz           ../output_sumstats/output_pmid27989323_RANTES_eur.sumstats.gz        NA      NA       NA      NA    0.1128     0.1271   1.001  0.006772     0.2447    0.004953
 ../output_sumstats/output_pmid27989323_IL8_eur.sumstats.gz              ../output_sumstats/output_pmid27989323_SCF_eur.sumstats.gz        NA      NA       NA      NA  -0.05929    0.05588   1.019   0.00733  -0.008925    0.005079
 ../output_sumstats/output_pmid27989323_IL8_eur.sumstats.gz            ../output_sumstats/output_pmid27989323_SCGFb_eur.sumstats.gz        NA      NA       NA      NA        NA         NA      NA        NA         NA          NA
 ../output_sumstats/output_pmid27989323_IL8_eur.sumstats.gz             ../output_sumstats/output_pmid27989323_SDF1_eur.sumstats.gz        NA      NA       NA      NA  -0.01021     0.0761  0.9984  0.007307    0.04729    0.005249
 ../output_sumstats/output_pmid27989323_IL8_eur.sumstats.gz             ../output_sumstats/output_pmid27989323_TNFa_eur.sumstats.gz        NA      NA       NA      NA  -0.06314     0.1334  0.9986  0.006924     0.5207    0.005703
 ../output_sumstats/output_pmid27989323_IL8_eur.sumstats.gz             ../output_sumstats/output_pmid27989323_TNFb_eur.sumstats.gz        NA      NA       NA      NA   -0.4485     0.3096    1.01  0.007527    0.05188    0.005593
 ../output_sumstats/output_pmid27989323_IL8_eur.sumstats.gz            ../output_sumstats/output_pmid27989323_TRAIL_eur.sumstats.gz        NA      NA       NA      NA   -0.0199    0.05537   1.021   0.01172 -0.0006498    0.005355
 ../output_sumstats/output_pmid27989323_IL8_eur.sumstats.gz             ../output_sumstats/output_pmid27989323_bNGF_eur.sumstats.gz        NA      NA       NA      NA    0.2583     0.1383  0.9946  0.007758     0.2245    0.005059
 ../output_sumstats/output_pmid27989323_IL8_eur.sumstats.gz          ../output_sumstats/output_pmid27989323_eotaxin_eur.sumstats.gz        NA      NA       NA      NA    0.1029    0.06628   1.009  0.007621      0.219    0.004806
 ../output_sumstats/output_pmid27989323_IL8_eur.sumstats.gz             ../output_sumstats/output_pmid27989323_ip10_eur.sumstats.gz        NA      NA       NA      NA    0.1295     0.1243   1.008  0.007291     0.1216    0.005039
 ../output_sumstats/output_pmid27989323_IL8_eur.sumstats.gz              ../output_sumstats/output_pmid29566793_ALS_eur.sumstats.gz        NA      NA       NA      NA   0.03185   0.007209   1.022  0.007218   -0.00418    0.003959
 ../output_sumstats/output_pmid27989323_IL8_eur.sumstats.gz       ../output_sumstats/output_pmid29632382_T2d-BMIadj_eur.sumstats.gz -0.009377  0.1895 -0.04948  0.9605    0.1023    0.02733   1.004   0.08161   0.001962     0.01691
 ../output_sumstats/output_pmid27989323_IL8_eur.sumstats.gz              ../output_sumstats/output_pmid30054458_T2d_eur.sumstats.gz        NA      NA       NA      NA   0.04569   0.003041   1.055   0.01904   0.002999    0.007245
 ../output_sumstats/output_pmid27989323_IL8_eur.sumstats.gz               ../output_sumstats/output_pmid33111402_PD_eur.sumstats.gz        NA      NA       NA      NA    -2.675      1.137   1.088   0.05968    0.04591     0.04578
 ../output_sumstats/output_pmid27989323_IL8_eur.sumstats.gz               ../output_sumstats/output_pmid33310728_RA_eur.sumstats.gz        NA      NA       NA      NA    0.0368   0.004194  0.9737   0.01219 -3.931e-05    0.004456
 ../output_sumstats/output_pmid27989323_IL8_eur.sumstats.gz              ../output_sumstats/output_pmid33589841_LBD_eur.sumstats.gz        NA      NA       NA      NA        NA         NA      NA        NA         NA          NA
 ../output_sumstats/output_pmid27989323_IL8_eur.sumstats.gz               ../output_sumstats/output_pmid33987465_PD_eur.sumstats.gz        NA      NA       NA      NA    0.3931     0.1451   0.983  0.006134  -0.000215    0.004224
 ../output_sumstats/output_pmid27989323_IL8_eur.sumstats.gz              ../output_sumstats/output_pmid34737426_APH_eur.sumstats.gz        NA      NA       NA      NA -3.22e-05  0.0009314  0.9853   0.00616  -0.005472    0.004768

Analysis finished at Sat Feb 24 19:27:11 2024
Total time elapsed: 1.0h:19.0m:23.15s
