*********************************************************************
* LD Score Regression (LDSC)
* Version 1.0.1
* (C) 2014-2019 Brendan Bulik-Sullivan and Hilary Finucane
* Broad Institute of MIT and Harvard / MIT Department of Mathematics
* GNU General Public License v3
*********************************************************************
Call: 
./ldsc.py \
--ref-ld-chr ../input_files/eur_w_ld_chr/ \
--out ../output_ld_regression/output_pmid27386562_MS_eur_ldReg \
--rg ../output_sumstats/output_pmid27386562_MS_eur.sumstats.gz,../output_sumstats/output_pmid27386562_MS_eur.sumstats.gz,../output_sumstats/output_pmid21833088_MS_eur.sumstats.gz,../output_sumstats/output_pmid24076602_MS_eur.sumstats.gz,../output_sumstats/output_pmid24816252_acetylcarnitine_eur.sumstats.gz,../output_sumstats/output_pmid24816252_alanine_eur.sumstats.gz,../output_sumstats/output_pmid24816252_arginine_eur.sumstats.gz,../output_sumstats/output_pmid24816252_asparagine_eur.sumstats.gz,../output_sumstats/output_pmid24816252_cholesterol_eur.sumstats.gz,../output_sumstats/output_pmid24816252_citrate_eur.sumstats.gz,../output_sumstats/output_pmid24816252_glutamate_eur.sumstats.gz,../output_sumstats/output_pmid24816252_glycerol_eur.sumstats.gz,../output_sumstats/output_pmid24816252_histidine_eur.sumstats.gz,../output_sumstats/output_pmid24816252_isoleucine_eur.sumstats.gz,../output_sumstats/output_pmid24816252_phenylalanine_eur.sumstats.gz,../output_sumstats/output_pmid24816252_proline_eur.sumstats.gz,../output_sumstats/output_pmid24816252_pyruvate_eur.sumstats.gz,../output_sumstats/output_pmid24816252_threonine_eur.sumstats.gz,../output_sumstats/output_pmid24816252_tryptophan_eur.sumstats.gz,../output_sumstats/output_pmid24816252_tyrosine_eur.sumstats.gz,../output_sumstats/output_pmid24816252_urea_eur.sumstats.gz,../output_sumstats/output_pmid27455348_ALS_eur.sumstats.gz,../output_sumstats/output_pmid27989323_CTACK_eur.sumstats.gz,../output_sumstats/output_pmid27989323_GCSF_eur.sumstats.gz,../output_sumstats/output_pmid27989323_GROa_eur.sumstats.gz,../output_sumstats/output_pmid27989323_HGF_eur.sumstats.gz,../output_sumstats/output_pmid27989323_IFNg_eur.sumstats.gz,../output_sumstats/output_pmid27989323_IL10_eur.sumstats.gz,../output_sumstats/output_pmid27989323_IL12p70_eur.sumstats.gz,../output_sumstats/output_pmid27989323_IL13_eur.sumstats.gz,../output_sumstats/output_pmid27989323_IL16_eur.sumstats.gz,../output_sumstats/output_pmid27989323_IL17_eur.sumstats.gz,../output_sumstats/output_pmid27989323_IL18_eur.sumstats.gz,../output_sumstats/output_pmid27989323_IL1ra_eur.sumstats.gz,../output_sumstats/output_pmid27989323_IL2_eur.sumstats.gz,../output_sumstats/output_pmid27989323_IL2ra_eur.sumstats.gz,../output_sumstats/output_pmid27989323_IL4_eur.sumstats.gz,../output_sumstats/output_pmid27989323_IL5_eur.sumstats.gz,../output_sumstats/output_pmid27989323_IL6_eur.sumstats.gz,../output_sumstats/output_pmid27989323_IL7_eur.sumstats.gz,../output_sumstats/output_pmid27989323_IL8_eur.sumstats.gz,../output_sumstats/output_pmid27989323_IL9_eur.sumstats.gz,../output_sumstats/output_pmid27989323_MCP1_eur.sumstats.gz,../output_sumstats/output_pmid27989323_MCP3_eur.sumstats.gz,../output_sumstats/output_pmid27989323_MCSF_eur.sumstats.gz,../output_sumstats/output_pmid27989323_MIF_eur.sumstats.gz,../output_sumstats/output_pmid27989323_MIG_eur.sumstats.gz,../output_sumstats/output_pmid27989323_MIP1a_eur.sumstats.gz,../output_sumstats/output_pmid27989323_MIP1b_eur.sumstats.gz,../output_sumstats/output_pmid27989323_PDGFbb_eur.sumstats.gz,../output_sumstats/output_pmid27989323_RANTES_eur.sumstats.gz,../output_sumstats/output_pmid27989323_SCF_eur.sumstats.gz,../output_sumstats/output_pmid27989323_SCGFb_eur.sumstats.gz,../output_sumstats/output_pmid27989323_SDF1_eur.sumstats.gz,../output_sumstats/output_pmid27989323_TNFa_eur.sumstats.gz,../output_sumstats/output_pmid27989323_TNFb_eur.sumstats.gz,../output_sumstats/output_pmid27989323_TRAIL_eur.sumstats.gz,../output_sumstats/output_pmid27989323_bNGF_eur.sumstats.gz,../output_sumstats/output_pmid27989323_eotaxin_eur.sumstats.gz,../output_sumstats/output_pmid27989323_ip10_eur.sumstats.gz,../output_sumstats/output_pmid29566793_ALS_eur.sumstats.gz,../output_sumstats/output_pmid29632382_T2d-BMIadj_eur.sumstats.gz,../output_sumstats/output_pmid30054458_T2d_eur.sumstats.gz,../output_sumstats/output_pmid33111402_PD_eur.sumstats.gz,../output_sumstats/output_pmid33310728_RA_eur.sumstats.gz,../output_sumstats/output_pmid33589841_LBD_eur.sumstats.gz,../output_sumstats/output_pmid33987465_PD_eur.sumstats.gz,../output_sumstats/output_pmid34737426_APH_eur.sumstats.gz \
--w-ld-chr ../input_files/eur_w_ld_chr/ 

Beginning analysis at Sat Feb 24 07:58:37 2024
Reading summary statistics from ../output_sumstats/output_pmid27386562_MS_eur.sumstats.gz ...
Read summary statistics for 1149796 SNPs.
Reading reference panel LD Score from ../input_files/eur_w_ld_chr/[1-22] ... (ldscore_fromlist)
Read reference panel LD Scores for 1290028 SNPs.
Removing partitioned LD Scores with zero variance.
Reading regression weight LD Score from ../input_files/eur_w_ld_chr/[1-22] ... (ldscore_fromlist)
Read regression weight LD Scores for 1290028 SNPs.
After merging with reference panel LD, 1143858 SNPs remain.
After merging with regression SNP LD, 1143858 SNPs remain.
Computing rg for phenotype 2/68
Reading summary statistics from ../output_sumstats/output_pmid27386562_MS_eur.sumstats.gz ...
Read summary statistics for 1217311 SNPs.
After merging with summary statistics, 1143858 SNPs remain.
1143858 SNPs with valid alleles.

Heritability of phenotype 1
---------------------------
Total Observed scale h2: 0.2427 (0.0474)
Lambda GC: 1.1207
Mean Chi^2: 1.1413
Intercept: 1.0664 (0.0085)
Ratio: 0.4698 (0.0605)

Heritability of phenotype 2/68
------------------------------
Total Observed scale h2: 0.2427 (0.0474)
Lambda GC: 1.1207
Mean Chi^2: 1.1413
Intercept: 1.0664 (0.0085)
Ratio: 0.4698 (0.0605)

Genetic Covariance
------------------
Total Observed scale gencov: 0.2427 (0.0474)
Mean z1*z2: 1.1413
Intercept: 1.0664 (0.0085)

Genetic Correlation
-------------------
Genetic Correlation: 1. (3.2166e-07)
Z-score: 3108877.9127
P: 0.

Computing rg for phenotype 3/68
Reading summary statistics from ../output_sumstats/output_pmid21833088_MS_eur.sumstats.gz ...
Read summary statistics for 1217311 SNPs.
After merging with summary statistics, 1143858 SNPs remain.
444814 SNPs with valid alleles.

Heritability of phenotype 3/68
------------------------------
Total Observed scale h2: 0.0612 (0.0276)
Lambda GC: 1.0405
Mean Chi^2: 1.0856
Intercept: 1.0561 (0.0091)
Ratio: 0.655 (0.1067)

Genetic Covariance
------------------
Total Observed scale gencov: -0.2091 (0.032)
Mean z1*z2: -0.2137
Intercept: -0.1387 (0.0076)

Genetic Correlation
-------------------
Genetic Correlation: nan (nan) (rg out of bounds) 
Z-score: nan (nan) (rg out of bounds)
P: nan (nan) (rg out of bounds)
WARNING: rg was out of bounds.
This often means that h2 is not significantly different from zero.

Computing rg for phenotype 4/68
Reading summary statistics from ../output_sumstats/output_pmid24076602_MS_eur.sumstats.gz ...
Read summary statistics for 1217311 SNPs.
After merging with summary statistics, 1143858 SNPs remain.
48726 SNPs with valid alleles.
WARNING: number of SNPs less than 200k; this is almost always bad.

Heritability of phenotype 4/68
------------------------------
Total Observed scale h2: 1.5708 (0.213)
Lambda GC: 1.4745
Mean Chi^2: 2.2185
Intercept: 1.0248 (0.0822)
Ratio: 0.0204 (0.0675)

Genetic Covariance
------------------
Total Observed scale gencov: -1.6097 (0.2544)
Mean z1*z2: -0.9705
Intercept: -0.2059 (0.0613)

Genetic Correlation
-------------------
Genetic Correlation: -1.0704 (0.0492)
Z-score: -21.7516
P: 6.6663e-105

Computing rg for phenotype 5/68
Reading summary statistics from ../output_sumstats/output_pmid24816252_acetylcarnitine_eur.sumstats.gz ...
Read summary statistics for 1217311 SNPs.
After merging with summary statistics, 1143858 SNPs remain.
1013618 SNPs with valid alleles.

Heritability of phenotype 5/68
------------------------------
Total Observed scale h2: -0.2436 (0.0857)
Lambda GC: 0.9721
Mean Chi^2: 0.9852
Intercept: 1.0212 (0.0082)
Ratio: NA (mean chi^2 < 1)

Genetic Covariance
------------------
Total Observed scale gencov: -0.0431 (0.032)
Mean z1*z2: -0.0014
Intercept: 0.0078 (0.0055)

Genetic Correlation
-------------------
Genetic Correlation: nan (nan) (h2  out of bounds) 
Z-score: nan (nan) (h2  out of bounds)
P: nan (nan) (h2  out of bounds)
WARNING: One of the h2's was out of bounds.
This usually indicates a data-munging error or that h2 or N is low.

Computing rg for phenotype 6/68
Reading summary statistics from ../output_sumstats/output_pmid24816252_alanine_eur.sumstats.gz ...
Read summary statistics for 1217311 SNPs.
After merging with summary statistics, 1143858 SNPs remain.
1013618 SNPs with valid alleles.

Heritability of phenotype 6/68
------------------------------
Total Observed scale h2: 0.5364 (0.0735)
Lambda GC: 1.0649
Mean Chi^2: 1.0885
Intercept: 1.0105 (0.0077)
Ratio: 0.1185 (0.0875)

Genetic Covariance
------------------
Total Observed scale gencov: -0.0013 (0.0344)
Mean z1*z2: -0.0033
Intercept: -0.0038 (0.0054)

Genetic Correlation
-------------------
Genetic Correlation: -0.0036 (0.0979)
Z-score: -0.0365
P: 0.9709

Computing rg for phenotype 7/68
Reading summary statistics from ../output_sumstats/output_pmid24816252_arginine_eur.sumstats.gz ...
Read summary statistics for 1217311 SNPs.
After merging with summary statistics, 1143858 SNPs remain.
1013618 SNPs with valid alleles.

Heritability of phenotype 7/68
------------------------------
Total Observed scale h2: -0.007 (0.0675)
Lambda GC: 1.0255
Mean Chi^2: 1.0367
Intercept: 1.0376 (0.0074)
Ratio: 1.0246 (0.2008)

Genetic Covariance
------------------
Total Observed scale gencov: 0.107 (0.0361)
Mean z1*z2: 0.0087
Intercept: -0.0137 (0.0054)

Genetic Correlation
-------------------
Genetic Correlation: nan (nan) (h2  out of bounds) 
Z-score: nan (nan) (h2  out of bounds)
P: nan (nan) (h2  out of bounds)
WARNING: One of the h2's was out of bounds.
This usually indicates a data-munging error or that h2 or N is low.

Computing rg for phenotype 8/68
Reading summary statistics from ../output_sumstats/output_pmid24816252_asparagine_eur.sumstats.gz ...
Read summary statistics for 1217311 SNPs.
After merging with summary statistics, 1143858 SNPs remain.
1013618 SNPs with valid alleles.

Heritability of phenotype 8/68
------------------------------
Total Observed scale h2: 0.497 (0.0684)
Lambda GC: 1.0679
Mean Chi^2: 1.0913
Intercept: 1.0191 (0.0077)
Ratio: 0.2086 (0.0838)

Genetic Covariance
------------------
Total Observed scale gencov: 0.0398 (0.0323)
Mean z1*z2: 0.0035
Intercept: -0.005 (0.0048)

Genetic Correlation
-------------------
Genetic Correlation: 0.1175 (0.0959)
Z-score: 1.2258
P: 0.2203

Computing rg for phenotype 9/68
Reading summary statistics from ../output_sumstats/output_pmid24816252_cholesterol_eur.sumstats.gz ...
Read summary statistics for 1217311 SNPs.
After merging with summary statistics, 1143858 SNPs remain.
1013618 SNPs with valid alleles.

Heritability of phenotype 9/68
------------------------------
Total Observed scale h2: 0.1454 (0.0687)
Lambda GC: 1.0496
Mean Chi^2: 1.0633
Intercept: 1.0418 (0.0068)
Ratio: 0.6608 (0.1077)

Genetic Covariance
------------------
Total Observed scale gencov: -0.0063 (0.033)
Mean z1*z2: 0.0046
Intercept: 0.0062 (0.005)

Genetic Correlation
-------------------
Genetic Correlation: -0.0343 (0.1808)
Z-score: -0.1898
P: 0.8494

Computing rg for phenotype 10/68
Reading summary statistics from ../output_sumstats/output_pmid24816252_citrate_eur.sumstats.gz ...
Read summary statistics for 1217311 SNPs.
After merging with summary statistics, 1143858 SNPs remain.
1013618 SNPs with valid alleles.

Heritability of phenotype 10/68
-------------------------------
Total Observed scale h2: 0.4523 (0.081)
Lambda GC: 1.0957
Mean Chi^2: 1.1238
Intercept: 1.059 (0.0083)
Ratio: 0.4769 (0.0673)

Genetic Covariance
------------------
Total Observed scale gencov: 0.0073 (0.0346)
Mean z1*z2: 0.0036
Intercept: 0.0021 (0.0051)

Genetic Correlation
-------------------
Genetic Correlation: 0.0227 (0.1078)
Z-score: 0.211
P: 0.8329

Computing rg for phenotype 11/68
Reading summary statistics from ../output_sumstats/output_pmid24816252_glutamate_eur.sumstats.gz ...
Read summary statistics for 1217311 SNPs.
After merging with summary statistics, 1143858 SNPs remain.
1013618 SNPs with valid alleles.

Heritability of phenotype 11/68
-------------------------------
Total Observed scale h2: 0.147 (0.0577)
Lambda GC: 0.9576
Mean Chi^2: 0.9556
Intercept: 0.9342 (0.006)
Ratio: NA (mean chi^2 < 1)

Genetic Covariance
------------------
Total Observed scale gencov: 0.0174 (0.0299)
Mean z1*z2: -0.0003
Intercept: -0.0037 (0.0048)

Genetic Correlation
-------------------
Genetic Correlation: 0.0942 (0.1623)
Z-score: 0.5808
P: 0.5614

Computing rg for phenotype 12/68
Reading summary statistics from ../output_sumstats/output_pmid24816252_glycerol_eur.sumstats.gz ...
Read summary statistics for 1217311 SNPs.
After merging with summary statistics, 1143858 SNPs remain.
1013618 SNPs with valid alleles.

Heritability of phenotype 12/68
-------------------------------
Total Observed scale h2: -0.1381 (0.0618)
Lambda GC: 0.9868
Mean Chi^2: 0.9977
Intercept: 1.018 (0.0073)
Ratio: NA (mean chi^2 < 1)

Genetic Covariance
------------------
Total Observed scale gencov: -0.044 (0.0333)
Mean z1*z2: 0.0012
Intercept: 0.0108 (0.0052)

Genetic Correlation
-------------------
Genetic Correlation: nan (nan) (h2  out of bounds) 
Z-score: nan (nan) (h2  out of bounds)
P: nan (nan) (h2  out of bounds)
WARNING: One of the h2's was out of bounds.
This usually indicates a data-munging error or that h2 or N is low.

Computing rg for phenotype 13/68
Reading summary statistics from ../output_sumstats/output_pmid24816252_histidine_eur.sumstats.gz ...
Read summary statistics for 1217311 SNPs.
After merging with summary statistics, 1143858 SNPs remain.
1013618 SNPs with valid alleles.

Heritability of phenotype 13/68
-------------------------------
Total Observed scale h2: 0.4214 (0.0718)
Lambda GC: 0.81
Mean Chi^2: 0.8198
Intercept: 0.7599 (0.0067)
Ratio: NA (mean chi^2 < 1)

Genetic Covariance
------------------
Total Observed scale gencov: 0.0467 (0.0289)
Mean z1*z2: 0.0109
Intercept: 0.0004 (0.0045)

Genetic Correlation
-------------------
Genetic Correlation: 0.1496 (0.0902)
Z-score: 1.6588
P: 0.0972

Computing rg for phenotype 14/68
Reading summary statistics from ../output_sumstats/output_pmid24816252_isoleucine_eur.sumstats.gz ...
Read summary statistics for 1217311 SNPs.
After merging with summary statistics, 1143858 SNPs remain.
1013618 SNPs with valid alleles.

Heritability of phenotype 14/68
-------------------------------
Total Observed scale h2: -0.2818 (0.0617)
Lambda GC: 0.946
Mean Chi^2: 0.9584
Intercept: 1.0001 (0.0065)
Ratio: NA (mean chi^2 < 1)

Genetic Covariance
------------------
Total Observed scale gencov: -0.0111 (0.0309)
Mean z1*z2: -0.0045
Intercept: -0.0023 (0.0046)

Genetic Correlation
-------------------
Genetic Correlation: nan (nan) (h2  out of bounds) 
Z-score: nan (nan) (h2  out of bounds)
P: nan (nan) (h2  out of bounds)
WARNING: One of the h2's was out of bounds.
This usually indicates a data-munging error or that h2 or N is low.

Computing rg for phenotype 15/68
Reading summary statistics from ../output_sumstats/output_pmid24816252_phenylalanine_eur.sumstats.gz ...
Read summary statistics for 1217311 SNPs.
After merging with summary statistics, 1143858 SNPs remain.
1013618 SNPs with valid alleles.

Heritability of phenotype 15/68
-------------------------------
Total Observed scale h2: 0.3242 (0.0447)
Lambda GC: 0.8207
Mean Chi^2: 0.8238
Intercept: 0.778 (0.0052)
Ratio: NA (mean chi^2 < 1)

Genetic Covariance
------------------
Total Observed scale gencov: -0.0222 (0.0286)
Mean z1*z2: -0.0025
Intercept: 0.0024 (0.0044)

Genetic Correlation
-------------------
Genetic Correlation: -0.0811 (0.1047)
Z-score: -0.7751
P: 0.4383

Computing rg for phenotype 16/68
Reading summary statistics from ../output_sumstats/output_pmid24816252_proline_eur.sumstats.gz ...
Read summary statistics for 1217311 SNPs.
After merging with summary statistics, 1143858 SNPs remain.
1013618 SNPs with valid alleles.

Heritability of phenotype 16/68
-------------------------------
Total Observed scale h2: 0.366 (0.0916)
Lambda GC: 1.0679
Mean Chi^2: 1.0933
Intercept: 1.0397 (0.013)
Ratio: 0.4253 (0.1389)

Genetic Covariance
------------------
Total Observed scale gencov: -0.0145 (0.0366)
Mean z1*z2: -0.0037
Intercept: -0.0008 (0.0056)

Genetic Correlation
-------------------
Genetic Correlation: -0.05 (0.1273)
Z-score: -0.3931
P: 0.6943

Computing rg for phenotype 17/68
Reading summary statistics from ../output_sumstats/output_pmid24816252_pyruvate_eur.sumstats.gz ...
Read summary statistics for 1217311 SNPs.
After merging with summary statistics, 1143858 SNPs remain.
1013618 SNPs with valid alleles.

Heritability of phenotype 17/68
-------------------------------
Total Observed scale h2: 0.1418 (0.0577)
Lambda GC: 1.0195
Mean Chi^2: 1.0204
Intercept: 1.0002 (0.0062)
Ratio: 0.0075 (0.3013)

Genetic Covariance
------------------
Total Observed scale gencov: -0.0037 (0.0313)
Mean z1*z2: -0.0038
Intercept: -0.0026 (0.0051)

Genetic Correlation
-------------------
Genetic Correlation: -0.0205 (0.1737)
Z-score: -0.118
P: 0.9061

Computing rg for phenotype 18/68
Reading summary statistics from ../output_sumstats/output_pmid24816252_threonine_eur.sumstats.gz ...
Read summary statistics for 1217311 SNPs.
After merging with summary statistics, 1143858 SNPs remain.
1013618 SNPs with valid alleles.

Heritability of phenotype 18/68
-------------------------------
Total Observed scale h2: 0.0372 (0.082)
Lambda GC: 1.0016
Mean Chi^2: 1.0149
Intercept: 1.0106 (0.0067)
Ratio: 0.7089 (0.4526)

Genetic Covariance
------------------
Total Observed scale gencov: 3.3799e-06 (0.039)
Mean z1*z2: 0.0018
Intercept: 0.0013 (0.0055)

Genetic Correlation
-------------------
Genetic Correlation: 3.6466e-05 (0.4342)
Z-score: 8.3988e-05
P: 0.9999

Computing rg for phenotype 19/68
Reading summary statistics from ../output_sumstats/output_pmid24816252_tryptophan_eur.sumstats.gz ...
Read summary statistics for 1217311 SNPs.
After merging with summary statistics, 1143858 SNPs remain.
1013618 SNPs with valid alleles.

Heritability of phenotype 19/68
-------------------------------
Total Observed scale h2: 0.9393 (0.0762)
Lambda GC: 1.0864
Mean Chi^2: 1.1828
Intercept: 1.0467 (0.0084)
Ratio: 0.2553 (0.0461)

Genetic Covariance
------------------
Total Observed scale gencov: -0.0512 (0.0351)
Mean z1*z2: -0.0064
Intercept: 0.0043 (0.0051)

Genetic Correlation
-------------------
Genetic Correlation: -0.1099 (0.0769)
Z-score: -1.4286
P: 0.1531

Computing rg for phenotype 20/68
Reading summary statistics from ../output_sumstats/output_pmid24816252_tyrosine_eur.sumstats.gz ...
Read summary statistics for 1217311 SNPs.
After merging with summary statistics, 1143858 SNPs remain.
1013618 SNPs with valid alleles.

Heritability of phenotype 20/68
-------------------------------
Total Observed scale h2: 0.1642 (0.0715)
Lambda GC: 1.0466
Mean Chi^2: 1.057
Intercept: 1.0329 (0.0074)
Ratio: 0.5762 (0.1297)

Genetic Covariance
------------------
Total Observed scale gencov: 0.0063 (0.0351)
Mean z1*z2: 0.0008
Intercept: -0.0007 (0.0052)

Genetic Correlation
-------------------
Genetic Correlation: 0.0325 (0.1861)
Z-score: 0.1749
P: 0.8612

Computing rg for phenotype 21/68
Reading summary statistics from ../output_sumstats/output_pmid24816252_urea_eur.sumstats.gz ...
Read summary statistics for 1217311 SNPs.
After merging with summary statistics, 1143858 SNPs remain.
1013618 SNPs with valid alleles.

Heritability of phenotype 21/68
-------------------------------
Total Observed scale h2: -0.0882 (0.0518)
Lambda GC: 0.9898
Mean Chi^2: 1.0011
Intercept: 1.014 (0.0059)
Ratio: 12.8546 (5.4152)

Genetic Covariance
------------------
Total Observed scale gencov: -0.0089 (0.033)
Mean z1*z2: -0.0022
Intercept: -0.0002 (0.0049)

Genetic Correlation
-------------------
Genetic Correlation: nan (nan) (h2  out of bounds) 
Z-score: nan (nan) (h2  out of bounds)
P: nan (nan) (h2  out of bounds)
WARNING: One of the h2's was out of bounds.
This usually indicates a data-munging error or that h2 or N is low.

Computing rg for phenotype 22/68
Reading summary statistics from ../output_sumstats/output_pmid27455348_ALS_eur.sumstats.gz ...
Read summary statistics for 1217311 SNPs.
After merging with summary statistics, 1143858 SNPs remain.
1132917 SNPs with valid alleles.

Heritability of phenotype 22/68
-------------------------------
Total Observed scale h2: 0.0489 (0.0132)
Lambda GC: 1.0285
Mean Chi^2: 1.0321
Intercept: 0.9968 (0.0066)
Ratio < 0 (usually indicates GC correction).

Genetic Covariance
------------------
Total Observed scale gencov: -0.0335 (0.0163)
Mean z1*z2: -0.0297
Intercept: -0.0127 (0.0052)

Genetic Correlation
-------------------
Genetic Correlation: -0.3064 (0.1579)
Z-score: -1.9405
P: 0.0523

Computing rg for phenotype 23/68
Reading summary statistics from ../output_sumstats/output_pmid27989323_CTACK_eur.sumstats.gz ...
Read summary statistics for 1217311 SNPs.
After merging with summary statistics, 1143858 SNPs remain.
1136531 SNPs with valid alleles.

Heritability of phenotype 23/68
-------------------------------
Total Observed scale h2: 0.0412 (0.129)
Lambda GC: 0.9957
Mean Chi^2: 1.0023
Intercept: 0.9993 (0.0075)
Ratio < 0 (usually indicates GC correction).

Genetic Covariance
------------------
Total Observed scale gencov: -0.0969 (0.0487)
Mean z1*z2: -0.0056
Intercept: 0.0093 (0.0046)

Genetic Correlation
-------------------
Genetic Correlation: -0.9712 (10.5394)
Z-score: -0.0922
P: 0.9266

Computing rg for phenotype 24/68
Reading summary statistics from ../output_sumstats/output_pmid27989323_GCSF_eur.sumstats.gz ...
Read summary statistics for 1217311 SNPs.
After merging with summary statistics, 1143858 SNPs remain.
1136764 SNPs with valid alleles.

Heritability of phenotype 24/68
-------------------------------
Total Observed scale h2: 0.0334 (0.0588)
Lambda GC: 1.0165
Mean Chi^2: 1.0107
Intercept: 1.0054 (0.0077)
Ratio: 0.5038 (0.7176)

Genetic Covariance
------------------
Total Observed scale gencov: 0.036 (0.0306)
Mean z1*z2: 0.0014
Intercept: -0.0064 (0.005)

Genetic Correlation
-------------------
Genetic Correlation: 0.4017 (0.4877)
Z-score: 0.8236
P: 0.4101

Computing rg for phenotype 25/68
Reading summary statistics from ../output_sumstats/output_pmid27989323_GROa_eur.sumstats.gz ...
Read summary statistics for 1217311 SNPs.
After merging with summary statistics, 1143858 SNPs remain.
45 SNPs with valid alleles.
WARNING: number of SNPs less than 200k; this is almost always bad.

Heritability of phenotype 25/68
-------------------------------
Total Observed scale h2: -52.596 (9.0762)
Lambda GC: 0.3275
Mean Chi^2: 0.4395
Intercept: 1.6522 (0.237)
Ratio: NA (mean chi^2 < 1)

Genetic Covariance
------------------
Total Observed scale gencov: -5.6379 (17.8773)
Mean z1*z2: -0.135
Intercept: 0.1366 (0.9157)

Genetic Correlation
-------------------
Genetic Correlation: nan (nan) (h2  out of bounds) 
Z-score: nan (nan) (h2  out of bounds)
P: nan (nan) (h2  out of bounds)
WARNING: One of the h2's was out of bounds.
This usually indicates a data-munging error or that h2 or N is low.

Computing rg for phenotype 26/68
Reading summary statistics from ../output_sumstats/output_pmid27989323_HGF_eur.sumstats.gz ...
Read summary statistics for 1217311 SNPs.
After merging with summary statistics, 1143858 SNPs remain.
1136755 SNPs with valid alleles.

Heritability of phenotype 26/68
-------------------------------
Total Observed scale h2: -0.0234 (0.0581)
Lambda GC: 1.0046
Mean Chi^2: 1.0064
Intercept: 1.0103 (0.0081)
Ratio: 1.6135 (1.2649)

Genetic Covariance
------------------
Total Observed scale gencov: -0.0041 (0.0327)
Mean z1*z2: 0.004
Intercept: 0.0055 (0.0056)

Genetic Correlation
-------------------
Genetic Correlation: nan (nan) (h2  out of bounds) 
Z-score: nan (nan) (h2  out of bounds)
P: nan (nan) (h2  out of bounds)
WARNING: One of the h2's was out of bounds.
This usually indicates a data-munging error or that h2 or N is low.

Computing rg for phenotype 27/68
Reading summary statistics from ../output_sumstats/output_pmid27989323_IFNg_eur.sumstats.gz ...
Read summary statistics for 1217311 SNPs.
After merging with summary statistics, 1143858 SNPs remain.
1136743 SNPs with valid alleles.
ERROR computing rg for phenotype 27/68, from file ../output_sumstats/output_pmid27989323_IFNg_eur.sumstats.gz.
Traceback (most recent call last):
  File "/Users/as/Documents/UNI/Bioinformatik/2023:24_WS/GoBi_Lokal/BlockTeil_Metabolomics/ldsc/ldscore/sumstats.py", line 410, in estimate_rg
    rghat = _rg(loop, args, log, M_annot, ref_ld_cnames, w_ld_cname, i)
  File "/Users/as/Documents/UNI/Bioinformatik/2023:24_WS/GoBi_Lokal/BlockTeil_Metabolomics/ldsc/ldscore/sumstats.py", line 539, in _rg
    intercept_gencov=intercepts[2], n_blocks=n_blocks, twostep=args.two_step)
  File "/Users/as/Documents/UNI/Bioinformatik/2023:24_WS/GoBi_Lokal/BlockTeil_Metabolomics/ldsc/ldscore/regressions.py", line 705, in __init__
    np.multiply(hsq1.tot_delete_values, hsq2.tot_delete_values))
FloatingPointError: invalid value encountered in sqrt


Computing rg for phenotype 28/68
Reading summary statistics from ../output_sumstats/output_pmid27989323_IL10_eur.sumstats.gz ...
Read summary statistics for 1217311 SNPs.
After merging with summary statistics, 1143858 SNPs remain.
1136862 SNPs with valid alleles.

Heritability of phenotype 28/68
-------------------------------
Total Observed scale h2: -0.0188 (0.0782)
Lambda GC: 1.0016
Mean Chi^2: 1.0165
Intercept: 1.0194 (0.0126)
Ratio: 1.177 (0.7674)

Genetic Covariance
------------------
Total Observed scale gencov: -0.0002 (0.0332)
Mean z1*z2: -0.0017
Intercept: -0.001 (0.0051)

Genetic Correlation
-------------------
Genetic Correlation: nan (nan) (h2  out of bounds) 
Z-score: nan (nan) (h2  out of bounds)
P: nan (nan) (h2  out of bounds)
WARNING: One of the h2's was out of bounds.
This usually indicates a data-munging error or that h2 or N is low.

Computing rg for phenotype 29/68
Reading summary statistics from ../output_sumstats/output_pmid27989323_IL12p70_eur.sumstats.gz ...
Read summary statistics for 1217311 SNPs.
After merging with summary statistics, 1143858 SNPs remain.
1136724 SNPs with valid alleles.

Heritability of phenotype 29/68
-------------------------------
Total Observed scale h2: -0.0195 (0.0905)
Lambda GC: 1.0255
Mean Chi^2: 1.0301
Intercept: 1.0333 (0.02)
Ratio: 1.108 (0.6642)

Genetic Covariance
------------------
Total Observed scale gencov: 0.014 (0.0304)
Mean z1*z2: -0.0017
Intercept: -0.0047 (0.0051)

Genetic Correlation
-------------------
Genetic Correlation: nan (nan) (h2  out of bounds) 
Z-score: nan (nan) (h2  out of bounds)
P: nan (nan) (h2  out of bounds)
WARNING: One of the h2's was out of bounds.
This usually indicates a data-munging error or that h2 or N is low.

Computing rg for phenotype 30/68
Reading summary statistics from ../output_sumstats/output_pmid27989323_IL13_eur.sumstats.gz ...
Read summary statistics for 1217311 SNPs.
After merging with summary statistics, 1143858 SNPs remain.
1136365 SNPs with valid alleles.

Heritability of phenotype 30/68
-------------------------------
Total Observed scale h2: -0.1463 (0.1587)
Lambda GC: 1.0046
Mean Chi^2: 1.0046
Intercept: 1.0151 (0.0121)
Ratio: 3.2699 (2.6117)

Genetic Covariance
------------------
Total Observed scale gencov: -0.0209 (0.048)
Mean z1*z2: -0.005
Intercept: -0.0017 (0.0051)

Genetic Correlation
-------------------
Genetic Correlation: nan (nan) (h2  out of bounds) 
Z-score: nan (nan) (h2  out of bounds)
P: nan (nan) (h2  out of bounds)
WARNING: One of the h2's was out of bounds.
This usually indicates a data-munging error or that h2 or N is low.

Computing rg for phenotype 31/68
Reading summary statistics from ../output_sumstats/output_pmid27989323_IL16_eur.sumstats.gz ...
Read summary statistics for 1217311 SNPs.
After merging with summary statistics, 1143858 SNPs remain.
1136485 SNPs with valid alleles.

Heritability of phenotype 31/68
-------------------------------
Total Observed scale h2: -0.0373 (0.1254)
Lambda GC: 0.9898
Mean Chi^2: 0.99
Intercept: 0.9926 (0.0074)
Ratio: NA (mean chi^2 < 1)

Genetic Covariance
------------------
Total Observed scale gencov: 0.0556 (0.0467)
Mean z1*z2: 0.0046
Intercept: -0.0039 (0.0049)

Genetic Correlation
-------------------
Genetic Correlation: nan (nan) (h2  out of bounds) 
Z-score: nan (nan) (h2  out of bounds)
P: nan (nan) (h2  out of bounds)
WARNING: One of the h2's was out of bounds.
This usually indicates a data-munging error or that h2 or N is low.

Computing rg for phenotype 32/68
Reading summary statistics from ../output_sumstats/output_pmid27989323_IL17_eur.sumstats.gz ...
Read summary statistics for 1217311 SNPs.
After merging with summary statistics, 1143858 SNPs remain.
1958 SNPs with valid alleles.
WARNING: number of SNPs less than 200k; this is almost always bad.

Heritability of phenotype 32/68
-------------------------------
Total Observed scale h2: -3.5733 (1.3843)
Lambda GC: 1.105
Mean Chi^2: 1.1643
Intercept: 1.4805 (0.1337)
Ratio: 2.924 (0.8135)

Genetic Covariance
------------------
Total Observed scale gencov: -0.418 (0.6496)
Mean z1*z2: -0.0147
Intercept: 0.0386 (0.0856)

Genetic Correlation
-------------------
Genetic Correlation: nan (nan) (h2  out of bounds) 
Z-score: nan (nan) (h2  out of bounds)
P: nan (nan) (h2  out of bounds)
WARNING: One of the h2's was out of bounds.
This usually indicates a data-munging error or that h2 or N is low.

Computing rg for phenotype 33/68
Reading summary statistics from ../output_sumstats/output_pmid27989323_IL18_eur.sumstats.gz ...
Read summary statistics for 1217311 SNPs.
After merging with summary statistics, 1143858 SNPs remain.
380418 SNPs with valid alleles.
ERROR computing rg for phenotype 33/68, from file ../output_sumstats/output_pmid27989323_IL18_eur.sumstats.gz.
Traceback (most recent call last):
  File "/Users/as/Documents/UNI/Bioinformatik/2023:24_WS/GoBi_Lokal/BlockTeil_Metabolomics/ldsc/ldscore/sumstats.py", line 410, in estimate_rg
    rghat = _rg(loop, args, log, M_annot, ref_ld_cnames, w_ld_cname, i)
  File "/Users/as/Documents/UNI/Bioinformatik/2023:24_WS/GoBi_Lokal/BlockTeil_Metabolomics/ldsc/ldscore/sumstats.py", line 539, in _rg
    intercept_gencov=intercepts[2], n_blocks=n_blocks, twostep=args.two_step)
  File "/Users/as/Documents/UNI/Bioinformatik/2023:24_WS/GoBi_Lokal/BlockTeil_Metabolomics/ldsc/ldscore/regressions.py", line 705, in __init__
    np.multiply(hsq1.tot_delete_values, hsq2.tot_delete_values))
FloatingPointError: invalid value encountered in sqrt


Computing rg for phenotype 34/68
Reading summary statistics from ../output_sumstats/output_pmid27989323_IL1ra_eur.sumstats.gz ...
Read summary statistics for 1217311 SNPs.
After merging with summary statistics, 1143858 SNPs remain.
1136583 SNPs with valid alleles.
ERROR computing rg for phenotype 34/68, from file ../output_sumstats/output_pmid27989323_IL1ra_eur.sumstats.gz.
Traceback (most recent call last):
  File "/Users/as/Documents/UNI/Bioinformatik/2023:24_WS/GoBi_Lokal/BlockTeil_Metabolomics/ldsc/ldscore/sumstats.py", line 410, in estimate_rg
    rghat = _rg(loop, args, log, M_annot, ref_ld_cnames, w_ld_cname, i)
  File "/Users/as/Documents/UNI/Bioinformatik/2023:24_WS/GoBi_Lokal/BlockTeil_Metabolomics/ldsc/ldscore/sumstats.py", line 539, in _rg
    intercept_gencov=intercepts[2], n_blocks=n_blocks, twostep=args.two_step)
  File "/Users/as/Documents/UNI/Bioinformatik/2023:24_WS/GoBi_Lokal/BlockTeil_Metabolomics/ldsc/ldscore/regressions.py", line 705, in __init__
    np.multiply(hsq1.tot_delete_values, hsq2.tot_delete_values))
FloatingPointError: invalid value encountered in sqrt


Computing rg for phenotype 35/68
Reading summary statistics from ../output_sumstats/output_pmid27989323_IL2_eur.sumstats.gz ...
Read summary statistics for 1217311 SNPs.
After merging with summary statistics, 1143858 SNPs remain.
1136248 SNPs with valid alleles.

Heritability of phenotype 35/68
-------------------------------
Total Observed scale h2: -0.1122 (0.1288)
Lambda GC: 1.0165
Mean Chi^2: 1.0075
Intercept: 1.0154 (0.0074)
Ratio: 2.0489 (0.9847)

Genetic Covariance
------------------
Total Observed scale gencov: -0.0303 (0.0465)
Mean z1*z2: -0.0053
Intercept: -0.0004 (0.0048)

Genetic Correlation
-------------------
Genetic Correlation: nan (nan) (h2  out of bounds) 
Z-score: nan (nan) (h2  out of bounds)
P: nan (nan) (h2  out of bounds)
WARNING: One of the h2's was out of bounds.
This usually indicates a data-munging error or that h2 or N is low.

Computing rg for phenotype 36/68
Reading summary statistics from ../output_sumstats/output_pmid27989323_IL2ra_eur.sumstats.gz ...
Read summary statistics for 1217311 SNPs.
After merging with summary statistics, 1143858 SNPs remain.
1136638 SNPs with valid alleles.
ERROR computing rg for phenotype 36/68, from file ../output_sumstats/output_pmid27989323_IL2ra_eur.sumstats.gz.
Traceback (most recent call last):
  File "/Users/as/Documents/UNI/Bioinformatik/2023:24_WS/GoBi_Lokal/BlockTeil_Metabolomics/ldsc/ldscore/sumstats.py", line 410, in estimate_rg
    rghat = _rg(loop, args, log, M_annot, ref_ld_cnames, w_ld_cname, i)
  File "/Users/as/Documents/UNI/Bioinformatik/2023:24_WS/GoBi_Lokal/BlockTeil_Metabolomics/ldsc/ldscore/sumstats.py", line 539, in _rg
    intercept_gencov=intercepts[2], n_blocks=n_blocks, twostep=args.two_step)
  File "/Users/as/Documents/UNI/Bioinformatik/2023:24_WS/GoBi_Lokal/BlockTeil_Metabolomics/ldsc/ldscore/regressions.py", line 705, in __init__
    np.multiply(hsq1.tot_delete_values, hsq2.tot_delete_values))
FloatingPointError: invalid value encountered in sqrt


Computing rg for phenotype 37/68
Reading summary statistics from ../output_sumstats/output_pmid27989323_IL4_eur.sumstats.gz ...
Read summary statistics for 1217311 SNPs.
After merging with summary statistics, 1143858 SNPs remain.
1136599 SNPs with valid alleles.

Heritability of phenotype 37/68
-------------------------------
Total Observed scale h2: -0.0413 (0.0596)
Lambda GC: 1.0016
Mean Chi^2: 1.0034
Intercept: 1.0101 (0.0077)
Ratio: 3.0218 (2.3049)

Genetic Covariance
------------------
Total Observed scale gencov: -0.0035 (0.0342)
Mean z1*z2: 0.0013
Intercept: 0.0026 (0.0051)

Genetic Correlation
-------------------
Genetic Correlation: nan (nan) (h2  out of bounds) 
Z-score: nan (nan) (h2  out of bounds)
P: nan (nan) (h2  out of bounds)
WARNING: One of the h2's was out of bounds.
This usually indicates a data-munging error or that h2 or N is low.

Computing rg for phenotype 38/68
Reading summary statistics from ../output_sumstats/output_pmid27989323_IL5_eur.sumstats.gz ...
Read summary statistics for 1217311 SNPs.
After merging with summary statistics, 1143858 SNPs remain.
1135289 SNPs with valid alleles.

Heritability of phenotype 38/68
-------------------------------
Total Observed scale h2: -0.1542 (0.1354)
Lambda GC: 1.0075
Mean Chi^2: 1.0038
Intercept: 1.0143 (0.008)
Ratio: 3.7295 (2.0808)

Genetic Covariance
------------------
Total Observed scale gencov: 0.0151 (0.052)
Mean z1*z2: -0.0046
Intercept: -0.0063 (0.005)

Genetic Correlation
-------------------
Genetic Correlation: nan (nan) (h2  out of bounds) 
Z-score: nan (nan) (h2  out of bounds)
P: nan (nan) (h2  out of bounds)
WARNING: One of the h2's was out of bounds.
This usually indicates a data-munging error or that h2 or N is low.

Computing rg for phenotype 39/68
Reading summary statistics from ../output_sumstats/output_pmid27989323_IL6_eur.sumstats.gz ...
Read summary statistics for 1217311 SNPs.
After merging with summary statistics, 1143858 SNPs remain.
1136820 SNPs with valid alleles.

Heritability of phenotype 39/68
-------------------------------
Total Observed scale h2: -0.0072 (0.0572)
Lambda GC: 1.0105
Mean Chi^2: 1.0074
Intercept: 1.0086 (0.0074)
Ratio: 1.1603 (1.0063)

Genetic Covariance
------------------
Total Observed scale gencov: 0.0354 (0.0328)
Mean z1*z2: 0.0038
Intercept: -0.0034 (0.0054)

Genetic Correlation
-------------------
Genetic Correlation: nan (nan) (h2  out of bounds) 
Z-score: nan (nan) (h2  out of bounds)
P: nan (nan) (h2  out of bounds)
WARNING: One of the h2's was out of bounds.
This usually indicates a data-munging error or that h2 or N is low.

Computing rg for phenotype 40/68
Reading summary statistics from ../output_sumstats/output_pmid27989323_IL7_eur.sumstats.gz ...
Read summary statistics for 1217311 SNPs.
After merging with summary statistics, 1143858 SNPs remain.
1136960 SNPs with valid alleles.

Heritability of phenotype 40/68
-------------------------------
Total Observed scale h2: -0.0053 (0.1466)
Lambda GC: 1.0046
Mean Chi^2: 1.0102
Intercept: 1.0106 (0.0089)
Ratio: 1.0359 (0.8703)

Genetic Covariance
------------------
Total Observed scale gencov: -0.003 (0.0506)
Mean z1*z2: -0.0078
Intercept: -0.0064 (0.0048)

Genetic Correlation
-------------------
Genetic Correlation: nan (nan) (h2  out of bounds) 
Z-score: nan (nan) (h2  out of bounds)
P: nan (nan) (h2  out of bounds)
WARNING: One of the h2's was out of bounds.
This usually indicates a data-munging error or that h2 or N is low.

Computing rg for phenotype 41/68
Reading summary statistics from ../output_sumstats/output_pmid27989323_IL8_eur.sumstats.gz ...
Read summary statistics for 1217311 SNPs.
After merging with summary statistics, 1143858 SNPs remain.
1136046 SNPs with valid alleles.

Heritability of phenotype 41/68
-------------------------------
Total Observed scale h2: -0.0679 (0.1254)
Lambda GC: 1.0016
Mean Chi^2: 1.006
Intercept: 1.0108 (0.0069)
Ratio: 1.8098 (1.1552)

Genetic Covariance
------------------
Total Observed scale gencov: 0.0174 (0.0489)
Mean z1*z2: -0.0048
Intercept: -0.007 (0.0048)

Genetic Correlation
-------------------
Genetic Correlation: nan (nan) (h2  out of bounds) 
Z-score: nan (nan) (h2  out of bounds)
P: nan (nan) (h2  out of bounds)
WARNING: One of the h2's was out of bounds.
This usually indicates a data-munging error or that h2 or N is low.

Computing rg for phenotype 42/68
Reading summary statistics from ../output_sumstats/output_pmid27989323_IL9_eur.sumstats.gz ...
Read summary statistics for 1217311 SNPs.
After merging with summary statistics, 1143858 SNPs remain.
1136560 SNPs with valid alleles.

Heritability of phenotype 42/68
-------------------------------
Total Observed scale h2: -0.153 (0.1287)
Lambda GC: 1.0135
Mean Chi^2: 1.0005
Intercept: 1.0118 (0.0077)
Ratio: 21.9353 (14.3305)

Genetic Covariance
------------------
Total Observed scale gencov: 0.061 (0.0438)
Mean z1*z2: 0.0003
Intercept: -0.0084 (0.005)

Genetic Correlation
-------------------
Genetic Correlation: nan (nan) (h2  out of bounds) 
Z-score: nan (nan) (h2  out of bounds)
P: nan (nan) (h2  out of bounds)
WARNING: One of the h2's was out of bounds.
This usually indicates a data-munging error or that h2 or N is low.

Computing rg for phenotype 43/68
Reading summary statistics from ../output_sumstats/output_pmid27989323_MCP1_eur.sumstats.gz ...
Read summary statistics for 1217311 SNPs.
After merging with summary statistics, 1143858 SNPs remain.
1136811 SNPs with valid alleles.

Heritability of phenotype 43/68
-------------------------------
Total Observed scale h2: 0.1619 (0.0835)
Lambda GC: 1.0105
Mean Chi^2: 1.0237
Intercept: 0.9967 (0.0087)
Ratio < 0 (usually indicates GC correction).

Genetic Covariance
------------------
Total Observed scale gencov: -0.0119 (0.0347)
Mean z1*z2: -0.0009
Intercept: 0.0027 (0.0056)

Genetic Correlation
-------------------
Genetic Correlation: -0.0603 (0.1852)
Z-score: -0.3258
P: 0.7446

Computing rg for phenotype 44/68
Reading summary statistics from ../output_sumstats/output_pmid27989323_MCP3_eur.sumstats.gz ...
Read summary statistics for 1217311 SNPs.
After merging with summary statistics, 1143858 SNPs remain.
1103391 SNPs with valid alleles.

Heritability of phenotype 44/68
-------------------------------
Total Observed scale h2: -0.8762 (0.5763)
Lambda GC: 0.9986
Mean Chi^2: 0.9983
Intercept: 1.0134 (0.0082)
Ratio: NA (mean chi^2 < 1)

Genetic Covariance
------------------
Total Observed scale gencov: -0.1009 (0.102)
Mean z1*z2: -0.0036
Intercept: 0.0032 (0.0057)

Genetic Correlation
-------------------
Genetic Correlation: nan (nan) (h2  out of bounds) 
Z-score: nan (nan) (h2  out of bounds)
P: nan (nan) (h2  out of bounds)
WARNING: One of the h2's was out of bounds.
This usually indicates a data-munging error or that h2 or N is low.

Computing rg for phenotype 45/68
Reading summary statistics from ../output_sumstats/output_pmid27989323_MCSF_eur.sumstats.gz ...
Read summary statistics for 1217311 SNPs.
After merging with summary statistics, 1143858 SNPs remain.
1133819 SNPs with valid alleles.
ERROR computing rg for phenotype 45/68, from file ../output_sumstats/output_pmid27989323_MCSF_eur.sumstats.gz.
Traceback (most recent call last):
  File "/Users/as/Documents/UNI/Bioinformatik/2023:24_WS/GoBi_Lokal/BlockTeil_Metabolomics/ldsc/ldscore/sumstats.py", line 410, in estimate_rg
    rghat = _rg(loop, args, log, M_annot, ref_ld_cnames, w_ld_cname, i)
  File "/Users/as/Documents/UNI/Bioinformatik/2023:24_WS/GoBi_Lokal/BlockTeil_Metabolomics/ldsc/ldscore/sumstats.py", line 539, in _rg
    intercept_gencov=intercepts[2], n_blocks=n_blocks, twostep=args.two_step)
  File "/Users/as/Documents/UNI/Bioinformatik/2023:24_WS/GoBi_Lokal/BlockTeil_Metabolomics/ldsc/ldscore/regressions.py", line 705, in __init__
    np.multiply(hsq1.tot_delete_values, hsq2.tot_delete_values))
FloatingPointError: invalid value encountered in sqrt


Computing rg for phenotype 46/68
Reading summary statistics from ../output_sumstats/output_pmid27989323_MIF_eur.sumstats.gz ...
Read summary statistics for 1217311 SNPs.
After merging with summary statistics, 1143858 SNPs remain.
1136568 SNPs with valid alleles.

Heritability of phenotype 46/68
-------------------------------
Total Observed scale h2: 0.1065 (0.1393)
Lambda GC: 1.0105
Mean Chi^2: 1.0112
Intercept: 1.0037 (0.0074)
Ratio: 0.3278 (0.6616)

Genetic Covariance
------------------
Total Observed scale gencov: 0.0221 (0.0448)
Mean z1*z2: 0.0003
Intercept: -0.0031 (0.0043)

Genetic Correlation
-------------------
Genetic Correlation: 0.1377 (0.3063)
Z-score: 0.4496
P: 0.653

Computing rg for phenotype 47/68
Reading summary statistics from ../output_sumstats/output_pmid27989323_MIG_eur.sumstats.gz ...
Read summary statistics for 1217311 SNPs.
After merging with summary statistics, 1143858 SNPs remain.
1136464 SNPs with valid alleles.

Heritability of phenotype 47/68
-------------------------------
Total Observed scale h2: -0.1215 (0.1194)
Lambda GC: 1.0046
Mean Chi^2: 1.0046
Intercept: 1.0137 (0.0073)
Ratio: 2.9513 (1.577)

Genetic Covariance
------------------
Total Observed scale gencov: 0.0482 (0.0507)
Mean z1*z2: 0.0075
Intercept: 2.6284e-05 (0.0054)

Genetic Correlation
-------------------
Genetic Correlation: nan (nan) (h2  out of bounds) 
Z-score: nan (nan) (h2  out of bounds)
P: nan (nan) (h2  out of bounds)
WARNING: One of the h2's was out of bounds.
This usually indicates a data-munging error or that h2 or N is low.

Computing rg for phenotype 48/68
Reading summary statistics from ../output_sumstats/output_pmid27989323_MIP1a_eur.sumstats.gz ...
Read summary statistics for 1217311 SNPs.
After merging with summary statistics, 1143858 SNPs remain.
1136073 SNPs with valid alleles.

Heritability of phenotype 48/68
-------------------------------
Total Observed scale h2: -0.1361 (0.1395)
Lambda GC: 0.9957
Mean Chi^2: 0.9986
Intercept: 1.0083 (0.0076)
Ratio: NA (mean chi^2 < 1)

Genetic Covariance
------------------
Total Observed scale gencov: 0.0224 (0.0417)
Mean z1*z2: -0.0028
Intercept: -0.0061 (0.0045)

Genetic Correlation
-------------------
Genetic Correlation: nan (nan) (h2  out of bounds) 
Z-score: nan (nan) (h2  out of bounds)
P: nan (nan) (h2  out of bounds)
WARNING: One of the h2's was out of bounds.
This usually indicates a data-munging error or that h2 or N is low.

Computing rg for phenotype 49/68
Reading summary statistics from ../output_sumstats/output_pmid27989323_MIP1b_eur.sumstats.gz ...
Read summary statistics for 1217311 SNPs.
After merging with summary statistics, 1143858 SNPs remain.
1136756 SNPs with valid alleles.
ERROR computing rg for phenotype 49/68, from file ../output_sumstats/output_pmid27989323_MIP1b_eur.sumstats.gz.
Traceback (most recent call last):
  File "/Users/as/Documents/UNI/Bioinformatik/2023:24_WS/GoBi_Lokal/BlockTeil_Metabolomics/ldsc/ldscore/sumstats.py", line 410, in estimate_rg
    rghat = _rg(loop, args, log, M_annot, ref_ld_cnames, w_ld_cname, i)
  File "/Users/as/Documents/UNI/Bioinformatik/2023:24_WS/GoBi_Lokal/BlockTeil_Metabolomics/ldsc/ldscore/sumstats.py", line 539, in _rg
    intercept_gencov=intercepts[2], n_blocks=n_blocks, twostep=args.two_step)
  File "/Users/as/Documents/UNI/Bioinformatik/2023:24_WS/GoBi_Lokal/BlockTeil_Metabolomics/ldsc/ldscore/regressions.py", line 705, in __init__
    np.multiply(hsq1.tot_delete_values, hsq2.tot_delete_values))
FloatingPointError: invalid value encountered in sqrt


Computing rg for phenotype 50/68
Reading summary statistics from ../output_sumstats/output_pmid27989323_PDGFbb_eur.sumstats.gz ...
Read summary statistics for 1217311 SNPs.
After merging with summary statistics, 1143858 SNPs remain.
1136815 SNPs with valid alleles.

Heritability of phenotype 50/68
-------------------------------
Total Observed scale h2: -0.0137 (0.0642)
Lambda GC: 1.0225
Mean Chi^2: 1.0211
Intercept: 1.0234 (0.009)
Ratio: 1.1083 (0.4259)

Genetic Covariance
------------------
Total Observed scale gencov: 0.0026 (0.0319)
Mean z1*z2: 0.0027
Intercept: 0.0025 (0.0049)

Genetic Correlation
-------------------
Genetic Correlation: nan (nan) (h2  out of bounds) 
Z-score: nan (nan) (h2  out of bounds)
P: nan (nan) (h2  out of bounds)
WARNING: One of the h2's was out of bounds.
This usually indicates a data-munging error or that h2 or N is low.

Computing rg for phenotype 51/68
Reading summary statistics from ../output_sumstats/output_pmid27989323_RANTES_eur.sumstats.gz ...
Read summary statistics for 1217311 SNPs.
After merging with summary statistics, 1143858 SNPs remain.
1136232 SNPs with valid alleles.

Heritability of phenotype 51/68
-------------------------------
Total Observed scale h2: 0.1786 (0.1363)
Lambda GC: 1.0046
Mean Chi^2: 1.0086
Intercept: 0.9963 (0.0071)
Ratio < 0 (usually indicates GC correction).

Genetic Covariance
------------------
Total Observed scale gencov: 0.0141 (0.047)
Mean z1*z2: -0.0036
Intercept: -0.0057 (0.0051)

Genetic Correlation
-------------------
Genetic Correlation: 0.0679 (0.2314)
Z-score: 0.2933
P: 0.7693

Computing rg for phenotype 52/68
Reading summary statistics from ../output_sumstats/output_pmid27989323_SCF_eur.sumstats.gz ...
Read summary statistics for 1217311 SNPs.
After merging with summary statistics, 1143858 SNPs remain.
1136654 SNPs with valid alleles.

Heritability of phenotype 52/68
-------------------------------
Total Observed scale h2: -0.0941 (0.0586)
Lambda GC: 1.0046
Mean Chi^2: 1.0098
Intercept: 1.0255 (0.0082)
Ratio: 2.6142 (0.8381)

Genetic Covariance
------------------
Total Observed scale gencov: -0.0285 (0.031)
Mean z1*z2: 0.0002
Intercept: 0.0067 (0.0053)

Genetic Correlation
-------------------
Genetic Correlation: nan (nan) (h2  out of bounds) 
Z-score: nan (nan) (h2  out of bounds)
P: nan (nan) (h2  out of bounds)
WARNING: One of the h2's was out of bounds.
This usually indicates a data-munging error or that h2 or N is low.

Computing rg for phenotype 53/68
Reading summary statistics from ../output_sumstats/output_pmid27989323_SCGFb_eur.sumstats.gz ...
Read summary statistics for 1217311 SNPs.
After merging with summary statistics, 1143858 SNPs remain.
507248 SNPs with valid alleles.
ERROR computing rg for phenotype 53/68, from file ../output_sumstats/output_pmid27989323_SCGFb_eur.sumstats.gz.
Traceback (most recent call last):
  File "/Users/as/Documents/UNI/Bioinformatik/2023:24_WS/GoBi_Lokal/BlockTeil_Metabolomics/ldsc/ldscore/sumstats.py", line 410, in estimate_rg
    rghat = _rg(loop, args, log, M_annot, ref_ld_cnames, w_ld_cname, i)
  File "/Users/as/Documents/UNI/Bioinformatik/2023:24_WS/GoBi_Lokal/BlockTeil_Metabolomics/ldsc/ldscore/sumstats.py", line 539, in _rg
    intercept_gencov=intercepts[2], n_blocks=n_blocks, twostep=args.two_step)
  File "/Users/as/Documents/UNI/Bioinformatik/2023:24_WS/GoBi_Lokal/BlockTeil_Metabolomics/ldsc/ldscore/regressions.py", line 705, in __init__
    np.multiply(hsq1.tot_delete_values, hsq2.tot_delete_values))
FloatingPointError: invalid value encountered in sqrt


Computing rg for phenotype 54/68
Reading summary statistics from ../output_sumstats/output_pmid27989323_SDF1_eur.sumstats.gz ...
Read summary statistics for 1217311 SNPs.
After merging with summary statistics, 1143858 SNPs remain.
1136429 SNPs with valid alleles.

Heritability of phenotype 54/68
-------------------------------
Total Observed scale h2: -0.0083 (0.0761)
Lambda GC: 0.9898
Mean Chi^2: 0.9971
Intercept: 0.9981 (0.007)
Ratio: NA (mean chi^2 < 1)

Genetic Covariance
------------------
Total Observed scale gencov: -0.0317 (0.0339)
Mean z1*z2: -0.0003
Intercept: 0.0058 (0.0051)

Genetic Correlation
-------------------
Genetic Correlation: nan (nan) (h2  out of bounds) 
Z-score: nan (nan) (h2  out of bounds)
P: nan (nan) (h2  out of bounds)
WARNING: One of the h2's was out of bounds.
This usually indicates a data-munging error or that h2 or N is low.

Computing rg for phenotype 55/68
Reading summary statistics from ../output_sumstats/output_pmid27989323_TNFa_eur.sumstats.gz ...
Read summary statistics for 1217311 SNPs.
After merging with summary statistics, 1143858 SNPs remain.
1136067 SNPs with valid alleles.

Heritability of phenotype 55/68
-------------------------------
Total Observed scale h2: -0.0687 (0.1395)
Lambda GC: 0.9868
Mean Chi^2: 0.994
Intercept: 0.9988 (0.0076)
Ratio: NA (mean chi^2 < 1)

Genetic Covariance
------------------
Total Observed scale gencov: -0.0301 (0.0497)
Mean z1*z2: -0.005
Intercept: 3.5752e-05 (0.0051)

Genetic Correlation
-------------------
Genetic Correlation: nan (nan) (h2  out of bounds) 
Z-score: nan (nan) (h2  out of bounds)
P: nan (nan) (h2  out of bounds)
WARNING: One of the h2's was out of bounds.
This usually indicates a data-munging error or that h2 or N is low.

Computing rg for phenotype 56/68
Reading summary statistics from ../output_sumstats/output_pmid27989323_TNFb_eur.sumstats.gz ...
Read summary statistics for 1217311 SNPs.
After merging with summary statistics, 1143858 SNPs remain.
1030701 SNPs with valid alleles.

Heritability of phenotype 56/68
-------------------------------
Total Observed scale h2: -0.486 (0.3201)
Lambda GC: 1.0105
Mean Chi^2: 0.9962
Intercept: 1.0121 (0.0079)
Ratio: NA (mean chi^2 < 1)

Genetic Covariance
------------------
Total Observed scale gencov: -0.0316 (0.0747)
Mean z1*z2: 0.0038
Intercept: 0.0075 (0.006)

Genetic Correlation
-------------------
Genetic Correlation: nan (nan) (h2  out of bounds) 
Z-score: nan (nan) (h2  out of bounds)
P: nan (nan) (h2  out of bounds)
WARNING: One of the h2's was out of bounds.
This usually indicates a data-munging error or that h2 or N is low.

Computing rg for phenotype 57/68
Reading summary statistics from ../output_sumstats/output_pmid27989323_TRAIL_eur.sumstats.gz ...
Read summary statistics for 1217311 SNPs.
After merging with summary statistics, 1143858 SNPs remain.
1136717 SNPs with valid alleles.

Heritability of phenotype 57/68
-------------------------------
Total Observed scale h2: -0.001 (0.056)
Lambda GC: 1.0195
Mean Chi^2: 1.0168
Intercept: 1.017 (0.0095)
Ratio: 1.0099 (0.5634)

Genetic Covariance
------------------
Total Observed scale gencov: 0.0194 (0.0303)
Mean z1*z2: 0.0022
Intercept: -0.0023 (0.0047)

Genetic Correlation
-------------------
Genetic Correlation: nan (nan) (h2  out of bounds) 
Z-score: nan (nan) (h2  out of bounds)
P: nan (nan) (h2  out of bounds)
WARNING: One of the h2's was out of bounds.
This usually indicates a data-munging error or that h2 or N is low.

Computing rg for phenotype 58/68
Reading summary statistics from ../output_sumstats/output_pmid27989323_bNGF_eur.sumstats.gz ...
Read summary statistics for 1217311 SNPs.
After merging with summary statistics, 1143858 SNPs remain.
1136234 SNPs with valid alleles.

Heritability of phenotype 58/68
-------------------------------
Total Observed scale h2: 0.2897 (0.1418)
Lambda GC: 1.0165
Mean Chi^2: 1.0129
Intercept: 0.9921 (0.0077)
Ratio < 0 (usually indicates GC correction).

Genetic Covariance
------------------
Total Observed scale gencov: -0.0145 (0.0475)
Mean z1*z2: -0.0032
Intercept: -0.0013 (0.0049)

Genetic Correlation
-------------------
Genetic Correlation: -0.0545 (0.1827)
Z-score: -0.2981
P: 0.7656

Computing rg for phenotype 59/68
Reading summary statistics from ../output_sumstats/output_pmid27989323_eotaxin_eur.sumstats.gz ...
Read summary statistics for 1217311 SNPs.
After merging with summary statistics, 1143858 SNPs remain.
1136680 SNPs with valid alleles.

Heritability of phenotype 59/68
-------------------------------
Total Observed scale h2: 0.1116 (0.0687)
Lambda GC: 1.0135
Mean Chi^2: 1.0259
Intercept: 1.0075 (0.0081)
Ratio: 0.2883 (0.3111)

Genetic Covariance
------------------
Total Observed scale gencov: -0.0019 (0.0314)
Mean z1*z2: 0.001
Intercept: 0.0017 (0.0055)

Genetic Correlation
-------------------
Genetic Correlation: -0.0118 (0.1935)
Z-score: -0.0608
P: 0.9515

Computing rg for phenotype 60/68
Reading summary statistics from ../output_sumstats/output_pmid27989323_ip10_eur.sumstats.gz ...
Read summary statistics for 1217311 SNPs.
After merging with summary statistics, 1143858 SNPs remain.
1136541 SNPs with valid alleles.

Heritability of phenotype 60/68
-------------------------------
Total Observed scale h2: 0.1044 (0.1212)
Lambda GC: 1.0225
Mean Chi^2: 1.0183
Intercept: 1.0105 (0.0073)
Ratio: 0.5753 (0.3962)

Genetic Covariance
------------------
Total Observed scale gencov: -0.0078 (0.0467)
Mean z1*z2: 0.0017
Intercept: 0.003 (0.0051)

Genetic Correlation
-------------------
Genetic Correlation: -0.049 (0.2974)
Z-score: -0.1646
P: 0.8692

Computing rg for phenotype 61/68
Reading summary statistics from ../output_sumstats/output_pmid29566793_ALS_eur.sumstats.gz ...
Read summary statistics for 1217311 SNPs.
After merging with summary statistics, 1143858 SNPs remain.
1140128 SNPs with valid alleles.

Heritability of phenotype 61/68
-------------------------------
Total Observed scale h2: 0.0324 (0.0073)
Lambda GC: 1.0496
Mean Chi^2: 1.0746
Intercept: 1.0213 (0.0079)
Ratio: 0.2855 (0.1064)

Genetic Covariance
------------------
Total Observed scale gencov: -0.0274 (0.0114)
Mean z1*z2: -0.0293
Intercept: -0.0083 (0.0054)

Genetic Correlation
-------------------
Genetic Correlation: -0.3089 (0.1368)
Z-score: -2.2576
P: 0.024

Computing rg for phenotype 62/68
Reading summary statistics from ../output_sumstats/output_pmid29632382_T2d-BMIadj_eur.sumstats.gz ...
Read summary statistics for 1217311 SNPs.
After merging with summary statistics, 1143858 SNPs remain.
25462 SNPs with valid alleles.
WARNING: number of SNPs less than 200k; this is almost always bad.

Heritability of phenotype 62/68
-------------------------------
Total Observed scale h2: 0.0975 (0.0272)
Lambda GC: 1.2136
Mean Chi^2: 1.802
Intercept: 1.0345 (0.0901)
Ratio: 0.0431 (0.1124)

Genetic Covariance
------------------
Total Observed scale gencov: -0.0546 (0.0179)
Mean z1*z2: -0.0311
Intercept: 0.0571 (0.0231)

Genetic Correlation
-------------------
Genetic Correlation: -0.2041 (0.0717)
Z-score: -2.8457
P: 0.0044

Computing rg for phenotype 63/68
Reading summary statistics from ../output_sumstats/output_pmid30054458_T2d_eur.sumstats.gz ...
Read summary statistics for 1217311 SNPs.
After merging with summary statistics, 1143858 SNPs remain.
998672 SNPs with valid alleles.

Heritability of phenotype 63/68
-------------------------------
Total Observed scale h2: 0.046 (0.0031)
Lambda GC: 1.4602
Mean Chi^2: 1.6899
Intercept: 1.051 (0.0189)
Ratio: 0.074 (0.0274)

Genetic Covariance
------------------
Total Observed scale gencov: -0.0264 (0.0055)
Mean z1*z2: -0.0362
Intercept: 0.0212 (0.0072)

Genetic Correlation
-------------------
Genetic Correlation: -0.2391 (0.0539)
Z-score: -4.4344
P: 9.2334e-06

Computing rg for phenotype 64/68
Reading summary statistics from ../output_sumstats/output_pmid33111402_PD_eur.sumstats.gz ...
Read summary statistics for 1217311 SNPs.
After merging with summary statistics, 1143858 SNPs remain.
9837 SNPs with valid alleles.
WARNING: number of SNPs less than 200k; this is almost always bad.

Heritability of phenotype 64/68
-------------------------------
Total Observed scale h2: -3.157 (1.2101)
Lambda GC: 0.9576
Mean Chi^2: 0.9508
Intercept: 1.1153 (0.063)
Ratio: NA (mean chi^2 < 1)

Genetic Covariance
------------------
Total Observed scale gencov: -0.8208 (0.3559)
Mean z1*z2: -0.0068
Intercept: 0.0933 (0.046)

Genetic Correlation
-------------------
Genetic Correlation: nan (nan) (h2  out of bounds) 
Z-score: nan (nan) (h2  out of bounds)
P: nan (nan) (h2  out of bounds)
WARNING: One of the h2's was out of bounds.
This usually indicates a data-munging error or that h2 or N is low.

Computing rg for phenotype 65/68
Reading summary statistics from ../output_sumstats/output_pmid33310728_RA_eur.sumstats.gz ...
Read summary statistics for 1217311 SNPs.
After merging with summary statistics, 1143858 SNPs remain.
1136326 SNPs with valid alleles.

Heritability of phenotype 65/68
-------------------------------
Total Observed scale h2: 0.0366 (0.0043)
Lambda GC: 1.0741
Mean Chi^2: 1.2042
Intercept: 0.9755 (0.0133)
Ratio < 0 (usually indicates GC correction).

Genetic Covariance
------------------
Total Observed scale gencov: -0.0189 (0.0062)
Mean z1*z2: -0.0259
Intercept: 0.0006 (0.0055)

Genetic Correlation
-------------------
Genetic Correlation: -0.2002 (0.062)
Z-score: -3.2305
P: 0.0012

Computing rg for phenotype 66/68
Reading summary statistics from ../output_sumstats/output_pmid33589841_LBD_eur.sumstats.gz ...
Read summary statistics for 1217311 SNPs.
After merging with summary statistics, 1143858 SNPs remain.
1042957 SNPs with valid alleles.

Heritability of phenotype 66/68
-------------------------------
Total Observed scale h2: 0.1805 (0.0876)
Lambda GC: 1.0225
Mean Chi^2: 1.025
Intercept: 1.0008 (0.0093)
Ratio: 0.0305 (0.3697)

Genetic Covariance
------------------
Total Observed scale gencov: 0.0074 (0.0348)
Mean z1*z2: -0.0053
Intercept: -0.0064 (0.0049)

Genetic Correlation
-------------------
Genetic Correlation: 0.0357 (0.1709)
Z-score: 0.2087
P: 0.8347

Computing rg for phenotype 67/68
Reading summary statistics from ../output_sumstats/output_pmid33987465_PD_eur.sumstats.gz ...
Read summary statistics for 1217311 SNPs.
After merging with summary statistics, 1143858 SNPs remain.
1139049 SNPs with valid alleles.

Heritability of phenotype 67/68
-------------------------------
Total Observed scale h2: 0.3477 (0.1542)
Lambda GC: 1.0016
Mean Chi^2: 1.0064
Intercept: 0.9865 (0.0064)
Ratio < 0 (usually indicates GC correction).

Genetic Covariance
------------------
Total Observed scale gencov: -0.0791 (0.0552)
Mean z1*z2: -0.0018
Intercept: 0.0093 (0.0049)

Genetic Correlation
-------------------
Genetic Correlation: -0.2721 (0.211)
Z-score: -1.2893
P: 0.1973

Computing rg for phenotype 68/68
Reading summary statistics from ../output_sumstats/output_pmid34737426_APH_eur.sumstats.gz ...
Read summary statistics for 1217311 SNPs.
After merging with summary statistics, 1143858 SNPs remain.
1126650 SNPs with valid alleles.
ERROR computing rg for phenotype 68/68, from file ../output_sumstats/output_pmid34737426_APH_eur.sumstats.gz.
Traceback (most recent call last):
  File "/Users/as/Documents/UNI/Bioinformatik/2023:24_WS/GoBi_Lokal/BlockTeil_Metabolomics/ldsc/ldscore/sumstats.py", line 410, in estimate_rg
    rghat = _rg(loop, args, log, M_annot, ref_ld_cnames, w_ld_cname, i)
  File "/Users/as/Documents/UNI/Bioinformatik/2023:24_WS/GoBi_Lokal/BlockTeil_Metabolomics/ldsc/ldscore/sumstats.py", line 539, in _rg
    intercept_gencov=intercepts[2], n_blocks=n_blocks, twostep=args.two_step)
  File "/Users/as/Documents/UNI/Bioinformatik/2023:24_WS/GoBi_Lokal/BlockTeil_Metabolomics/ldsc/ldscore/regressions.py", line 705, in __init__
    np.multiply(hsq1.tot_delete_values, hsq2.tot_delete_values))
FloatingPointError: invalid value encountered in sqrt



Summary of Genetic Correlation Results
                                                        p1                                                                      p2         rg         se          z           p    h2_obs h2_obs_se  h2_int h2_int_se   gcov_int gcov_int_se
 ../output_sumstats/output_pmid27386562_MS_eur.sumstats.gz               ../output_sumstats/output_pmid27386562_MS_eur.sumstats.gz          1  3.217e-07  3.109e+06           0    0.2427   0.04741   1.066  0.008549      1.066    0.008549
 ../output_sumstats/output_pmid27386562_MS_eur.sumstats.gz               ../output_sumstats/output_pmid21833088_MS_eur.sumstats.gz     -1.811     0.3788     -4.782   1.736e-06   0.06124    0.0276   1.056  0.009134    -0.1387    0.007645
 ../output_sumstats/output_pmid27386562_MS_eur.sumstats.gz               ../output_sumstats/output_pmid24076602_MS_eur.sumstats.gz      -1.07    0.04921     -21.75  6.666e-105     1.571     0.213   1.025   0.08223    -0.2059     0.06127
 ../output_sumstats/output_pmid27386562_MS_eur.sumstats.gz  ../output_sumstats/output_pmid24816252_acetylcarnitine_eur.sumstats.gz         NA         NA         NA          NA   -0.2436   0.08575   1.021  0.008181   0.007792    0.005461
 ../output_sumstats/output_pmid27386562_MS_eur.sumstats.gz          ../output_sumstats/output_pmid24816252_alanine_eur.sumstats.gz  -0.003576    0.09792   -0.03652      0.9709    0.5364   0.07349    1.01  0.007741  -0.003796    0.005413
 ../output_sumstats/output_pmid27386562_MS_eur.sumstats.gz         ../output_sumstats/output_pmid24816252_arginine_eur.sumstats.gz         NA         NA         NA          NA -0.007037   0.06753   1.038  0.007375   -0.01371    0.005362
 ../output_sumstats/output_pmid27386562_MS_eur.sumstats.gz       ../output_sumstats/output_pmid24816252_asparagine_eur.sumstats.gz     0.1175    0.09585      1.226      0.2203     0.497   0.06843   1.019  0.007651  -0.005048    0.004792
 ../output_sumstats/output_pmid27386562_MS_eur.sumstats.gz      ../output_sumstats/output_pmid24816252_cholesterol_eur.sumstats.gz   -0.03433     0.1808    -0.1898      0.8494    0.1454   0.06871   1.042  0.006811   0.006204    0.005008
 ../output_sumstats/output_pmid27386562_MS_eur.sumstats.gz          ../output_sumstats/output_pmid24816252_citrate_eur.sumstats.gz    0.02274     0.1078      0.211      0.8329    0.4523   0.08103   1.059  0.008333   0.002072    0.005051
 ../output_sumstats/output_pmid27386562_MS_eur.sumstats.gz        ../output_sumstats/output_pmid24816252_glutamate_eur.sumstats.gz    0.09423     0.1623     0.5808      0.5614     0.147   0.05767  0.9342  0.005965  -0.003673    0.004846
 ../output_sumstats/output_pmid27386562_MS_eur.sumstats.gz         ../output_sumstats/output_pmid24816252_glycerol_eur.sumstats.gz         NA         NA         NA          NA   -0.1381   0.06182   1.018  0.007274    0.01085    0.005209
 ../output_sumstats/output_pmid27386562_MS_eur.sumstats.gz        ../output_sumstats/output_pmid24816252_histidine_eur.sumstats.gz     0.1496     0.0902      1.659     0.09716    0.4214   0.07177  0.7599  0.006699  0.0004159    0.004514
 ../output_sumstats/output_pmid27386562_MS_eur.sumstats.gz       ../output_sumstats/output_pmid24816252_isoleucine_eur.sumstats.gz         NA         NA         NA          NA   -0.2818   0.06171       1  0.006534  -0.002345    0.004578
 ../output_sumstats/output_pmid27386562_MS_eur.sumstats.gz    ../output_sumstats/output_pmid24816252_phenylalanine_eur.sumstats.gz   -0.08112     0.1047    -0.7751      0.4383    0.3242   0.04466   0.778   0.00521   0.002375    0.004439
 ../output_sumstats/output_pmid27386562_MS_eur.sumstats.gz          ../output_sumstats/output_pmid24816252_proline_eur.sumstats.gz   -0.05004     0.1273    -0.3931      0.6943     0.366   0.09163    1.04   0.01296  -0.000774    0.005589
 ../output_sumstats/output_pmid27386562_MS_eur.sumstats.gz         ../output_sumstats/output_pmid24816252_pyruvate_eur.sumstats.gz   -0.02049     0.1737     -0.118      0.9061    0.1418   0.05772       1  0.006154  -0.002582    0.005082
 ../output_sumstats/output_pmid27386562_MS_eur.sumstats.gz        ../output_sumstats/output_pmid24816252_threonine_eur.sumstats.gz  3.647e-05     0.4342  8.399e-05      0.9999    0.0372   0.08196   1.011  0.006747   0.001341    0.005454
 ../output_sumstats/output_pmid27386562_MS_eur.sumstats.gz       ../output_sumstats/output_pmid24816252_tryptophan_eur.sumstats.gz    -0.1099    0.07691     -1.429      0.1531    0.9393   0.07622   1.047  0.008427   0.004277    0.005095
 ../output_sumstats/output_pmid27386562_MS_eur.sumstats.gz         ../output_sumstats/output_pmid24816252_tyrosine_eur.sumstats.gz    0.03255     0.1861     0.1749      0.8612    0.1642   0.07154   1.033  0.007398 -0.0006747    0.005191
 ../output_sumstats/output_pmid27386562_MS_eur.sumstats.gz             ../output_sumstats/output_pmid24816252_urea_eur.sumstats.gz         NA         NA         NA          NA  -0.08816   0.05178   1.014  0.005914 -0.0002252    0.004934
 ../output_sumstats/output_pmid27386562_MS_eur.sumstats.gz              ../output_sumstats/output_pmid27455348_ALS_eur.sumstats.gz    -0.3064     0.1579      -1.94     0.05232   0.04895   0.01324  0.9968  0.006636   -0.01274    0.005151
 ../output_sumstats/output_pmid27386562_MS_eur.sumstats.gz            ../output_sumstats/output_pmid27989323_CTACK_eur.sumstats.gz    -0.9712      10.54   -0.09215      0.9266   0.04121     0.129  0.9993  0.007548   0.009336    0.004592
 ../output_sumstats/output_pmid27386562_MS_eur.sumstats.gz             ../output_sumstats/output_pmid27989323_GCSF_eur.sumstats.gz     0.4017     0.4877     0.8236      0.4101   0.03336   0.05881   1.005  0.007666   -0.00637    0.004959
 ../output_sumstats/output_pmid27386562_MS_eur.sumstats.gz             ../output_sumstats/output_pmid27989323_GROa_eur.sumstats.gz         NA         NA         NA          NA     -52.6     9.076   1.652     0.237     0.1366      0.9157
 ../output_sumstats/output_pmid27386562_MS_eur.sumstats.gz              ../output_sumstats/output_pmid27989323_HGF_eur.sumstats.gz         NA         NA         NA          NA  -0.02337   0.05806    1.01  0.008069   0.005481    0.005646
 ../output_sumstats/output_pmid27386562_MS_eur.sumstats.gz             ../output_sumstats/output_pmid27989323_IFNg_eur.sumstats.gz         NA         NA         NA          NA        NA        NA      NA        NA         NA          NA
 ../output_sumstats/output_pmid27386562_MS_eur.sumstats.gz             ../output_sumstats/output_pmid27989323_IL10_eur.sumstats.gz         NA         NA         NA          NA  -0.01877   0.07824   1.019   0.01263  -0.001033    0.005093
 ../output_sumstats/output_pmid27386562_MS_eur.sumstats.gz          ../output_sumstats/output_pmid27989323_IL12p70_eur.sumstats.gz         NA         NA         NA          NA  -0.01946   0.09054   1.033   0.01999  -0.004743    0.005118
 ../output_sumstats/output_pmid27386562_MS_eur.sumstats.gz             ../output_sumstats/output_pmid27989323_IL13_eur.sumstats.gz         NA         NA         NA          NA   -0.1463    0.1587   1.015    0.0121  -0.001701    0.005149
 ../output_sumstats/output_pmid27386562_MS_eur.sumstats.gz             ../output_sumstats/output_pmid27989323_IL16_eur.sumstats.gz         NA         NA         NA          NA  -0.03725    0.1254  0.9926  0.007372  -0.003903    0.004879
 ../output_sumstats/output_pmid27386562_MS_eur.sumstats.gz             ../output_sumstats/output_pmid27989323_IL17_eur.sumstats.gz         NA         NA         NA          NA    -3.573     1.384    1.48    0.1337    0.03859     0.08557
 ../output_sumstats/output_pmid27386562_MS_eur.sumstats.gz             ../output_sumstats/output_pmid27989323_IL18_eur.sumstats.gz         NA         NA         NA          NA        NA        NA      NA        NA         NA          NA
 ../output_sumstats/output_pmid27386562_MS_eur.sumstats.gz            ../output_sumstats/output_pmid27989323_IL1ra_eur.sumstats.gz         NA         NA         NA          NA        NA        NA      NA        NA         NA          NA
 ../output_sumstats/output_pmid27386562_MS_eur.sumstats.gz              ../output_sumstats/output_pmid27989323_IL2_eur.sumstats.gz         NA         NA         NA          NA   -0.1122    0.1288   1.015  0.007397 -0.0004392    0.004766
 ../output_sumstats/output_pmid27386562_MS_eur.sumstats.gz            ../output_sumstats/output_pmid27989323_IL2ra_eur.sumstats.gz         NA         NA         NA          NA        NA        NA      NA        NA         NA          NA
 ../output_sumstats/output_pmid27386562_MS_eur.sumstats.gz              ../output_sumstats/output_pmid27989323_IL4_eur.sumstats.gz         NA         NA         NA          NA  -0.04131   0.05964    1.01  0.007725   0.002567    0.005118
 ../output_sumstats/output_pmid27386562_MS_eur.sumstats.gz              ../output_sumstats/output_pmid27989323_IL5_eur.sumstats.gz         NA         NA         NA          NA   -0.1542    0.1354   1.014  0.007998  -0.006285    0.004957
 ../output_sumstats/output_pmid27386562_MS_eur.sumstats.gz              ../output_sumstats/output_pmid27989323_IL6_eur.sumstats.gz         NA         NA         NA          NA -0.007154    0.0572   1.009  0.007428   -0.00339    0.005369
 ../output_sumstats/output_pmid27386562_MS_eur.sumstats.gz              ../output_sumstats/output_pmid27989323_IL7_eur.sumstats.gz         NA         NA         NA          NA -0.005322    0.1466   1.011  0.008913  -0.006389    0.004809
 ../output_sumstats/output_pmid27386562_MS_eur.sumstats.gz              ../output_sumstats/output_pmid27989323_IL8_eur.sumstats.gz         NA         NA         NA          NA  -0.06786    0.1254   1.011    0.0069  -0.006998    0.004819
 ../output_sumstats/output_pmid27386562_MS_eur.sumstats.gz              ../output_sumstats/output_pmid27989323_IL9_eur.sumstats.gz         NA         NA         NA          NA    -0.153    0.1287   1.012  0.007692  -0.008447    0.005016
 ../output_sumstats/output_pmid27386562_MS_eur.sumstats.gz             ../output_sumstats/output_pmid27989323_MCP1_eur.sumstats.gz   -0.06034     0.1852    -0.3258      0.7446    0.1619    0.0835  0.9967  0.008664    0.00266    0.005635
 ../output_sumstats/output_pmid27386562_MS_eur.sumstats.gz             ../output_sumstats/output_pmid27989323_MCP3_eur.sumstats.gz         NA         NA         NA          NA   -0.8762    0.5763   1.013  0.008196   0.003196    0.005746
 ../output_sumstats/output_pmid27386562_MS_eur.sumstats.gz             ../output_sumstats/output_pmid27989323_MCSF_eur.sumstats.gz         NA         NA         NA          NA        NA        NA      NA        NA         NA          NA
 ../output_sumstats/output_pmid27386562_MS_eur.sumstats.gz              ../output_sumstats/output_pmid27989323_MIF_eur.sumstats.gz     0.1377     0.3063     0.4496       0.653    0.1065    0.1393   1.004  0.007421  -0.003108    0.004305
 ../output_sumstats/output_pmid27386562_MS_eur.sumstats.gz              ../output_sumstats/output_pmid27989323_MIG_eur.sumstats.gz         NA         NA         NA          NA   -0.1215    0.1194   1.014  0.007314  2.628e-05    0.005353
 ../output_sumstats/output_pmid27386562_MS_eur.sumstats.gz            ../output_sumstats/output_pmid27989323_MIP1a_eur.sumstats.gz         NA         NA         NA          NA   -0.1361    0.1395   1.008  0.007578  -0.006139    0.004498
 ../output_sumstats/output_pmid27386562_MS_eur.sumstats.gz            ../output_sumstats/output_pmid27989323_MIP1b_eur.sumstats.gz         NA         NA         NA          NA        NA        NA      NA        NA         NA          NA
 ../output_sumstats/output_pmid27386562_MS_eur.sumstats.gz           ../output_sumstats/output_pmid27989323_PDGFbb_eur.sumstats.gz         NA         NA         NA          NA  -0.01367   0.06424   1.023  0.008999   0.002481    0.004945
 ../output_sumstats/output_pmid27386562_MS_eur.sumstats.gz           ../output_sumstats/output_pmid27989323_RANTES_eur.sumstats.gz    0.06789     0.2314     0.2933      0.7693    0.1786    0.1363  0.9963    0.0071  -0.005652    0.005068
 ../output_sumstats/output_pmid27386562_MS_eur.sumstats.gz              ../output_sumstats/output_pmid27989323_SCF_eur.sumstats.gz         NA         NA         NA          NA  -0.09414   0.05859   1.026   0.00818   0.006672    0.005345
 ../output_sumstats/output_pmid27386562_MS_eur.sumstats.gz            ../output_sumstats/output_pmid27989323_SCGFb_eur.sumstats.gz         NA         NA         NA          NA        NA        NA      NA        NA         NA          NA
 ../output_sumstats/output_pmid27386562_MS_eur.sumstats.gz             ../output_sumstats/output_pmid27989323_SDF1_eur.sumstats.gz         NA         NA         NA          NA -0.008292   0.07608  0.9981  0.006977   0.005802    0.005088
 ../output_sumstats/output_pmid27386562_MS_eur.sumstats.gz             ../output_sumstats/output_pmid27989323_TNFa_eur.sumstats.gz         NA         NA         NA          NA  -0.06874    0.1395  0.9988  0.007622  3.575e-05    0.005073
 ../output_sumstats/output_pmid27386562_MS_eur.sumstats.gz             ../output_sumstats/output_pmid27989323_TNFb_eur.sumstats.gz         NA         NA         NA          NA    -0.486    0.3201   1.012  0.007855   0.007491    0.005968
 ../output_sumstats/output_pmid27386562_MS_eur.sumstats.gz            ../output_sumstats/output_pmid27989323_TRAIL_eur.sumstats.gz         NA         NA         NA          NA -0.001013   0.05598   1.017  0.009486   -0.00231    0.004716
 ../output_sumstats/output_pmid27386562_MS_eur.sumstats.gz             ../output_sumstats/output_pmid27989323_bNGF_eur.sumstats.gz   -0.05447     0.1827    -0.2981      0.7656    0.2897    0.1418  0.9921   0.00765  -0.001285    0.004882
 ../output_sumstats/output_pmid27386562_MS_eur.sumstats.gz          ../output_sumstats/output_pmid27989323_eotaxin_eur.sumstats.gz   -0.01176     0.1935   -0.06078      0.9515    0.1116   0.06868   1.007   0.00805   0.001707    0.005549
 ../output_sumstats/output_pmid27386562_MS_eur.sumstats.gz             ../output_sumstats/output_pmid27989323_ip10_eur.sumstats.gz   -0.04895     0.2974    -0.1646      0.8692    0.1044    0.1212   1.011  0.007258   0.003013    0.005114
 ../output_sumstats/output_pmid27386562_MS_eur.sumstats.gz              ../output_sumstats/output_pmid29566793_ALS_eur.sumstats.gz    -0.3089     0.1368     -2.258     0.02397   0.03244  0.007259   1.021  0.007941  -0.008347    0.005394
 ../output_sumstats/output_pmid27386562_MS_eur.sumstats.gz       ../output_sumstats/output_pmid29632382_T2d-BMIadj_eur.sumstats.gz    -0.2041    0.07171     -2.846    0.004431    0.0975   0.02717   1.035   0.09013    0.05706     0.02315
 ../output_sumstats/output_pmid27386562_MS_eur.sumstats.gz              ../output_sumstats/output_pmid30054458_T2d_eur.sumstats.gz    -0.2391    0.05392     -4.434   9.233e-06   0.04601  0.003056   1.051    0.0189    0.02124    0.007202
 ../output_sumstats/output_pmid27386562_MS_eur.sumstats.gz               ../output_sumstats/output_pmid33111402_PD_eur.sumstats.gz         NA         NA         NA          NA    -3.157      1.21   1.115   0.06297    0.09332     0.04602
 ../output_sumstats/output_pmid27386562_MS_eur.sumstats.gz               ../output_sumstats/output_pmid33310728_RA_eur.sumstats.gz    -0.2002    0.06196     -3.231    0.001236   0.03664  0.004287  0.9755   0.01331  0.0006088    0.005517
 ../output_sumstats/output_pmid27386562_MS_eur.sumstats.gz              ../output_sumstats/output_pmid33589841_LBD_eur.sumstats.gz    0.03567     0.1709     0.2087      0.8347    0.1805   0.08758   1.001  0.009253  -0.006382    0.004927
 ../output_sumstats/output_pmid27386562_MS_eur.sumstats.gz               ../output_sumstats/output_pmid33987465_PD_eur.sumstats.gz    -0.2721      0.211     -1.289      0.1973    0.3477    0.1542  0.9865  0.006443   0.009252    0.004869
 ../output_sumstats/output_pmid27386562_MS_eur.sumstats.gz              ../output_sumstats/output_pmid34737426_APH_eur.sumstats.gz         NA         NA         NA          NA        NA        NA      NA        NA         NA          NA

Analysis finished at Sat Feb 24 08:05:45 2024
Total time elapsed: 7.0m:7.98s
