*********************************************************************
* LD Score Regression (LDSC)
* Version 1.0.1
* (C) 2014-2019 Brendan Bulik-Sullivan and Hilary Finucane
* Broad Institute of MIT and Harvard / MIT Department of Mathematics
* GNU General Public License v3
*********************************************************************
Call: 
./ldsc.py \
--ref-ld-chr ../input_files/eur_w_ld_chr/ \
--out ../output_ld_regression/output_pmid29632382_T2d-BMIadj_eur_ldReg \
--rg ../output_sumstats/output_pmid29632382_T2d-BMIadj_eur.sumstats.gz,../output_sumstats/output_pmid29632382_T2d-BMIadj_eur.sumstats.gz,../output_sumstats/output_pmid21833088_MS_eur.sumstats.gz,../output_sumstats/output_pmid24076602_MS_eur.sumstats.gz,../output_sumstats/output_pmid24816252_acetylcarnitine_eur.sumstats.gz,../output_sumstats/output_pmid24816252_alanine_eur.sumstats.gz,../output_sumstats/output_pmid24816252_arginine_eur.sumstats.gz,../output_sumstats/output_pmid24816252_asparagine_eur.sumstats.gz,../output_sumstats/output_pmid24816252_cholesterol_eur.sumstats.gz,../output_sumstats/output_pmid24816252_citrate_eur.sumstats.gz,../output_sumstats/output_pmid24816252_glutamate_eur.sumstats.gz,../output_sumstats/output_pmid24816252_glycerol_eur.sumstats.gz,../output_sumstats/output_pmid24816252_histidine_eur.sumstats.gz,../output_sumstats/output_pmid24816252_isoleucine_eur.sumstats.gz,../output_sumstats/output_pmid24816252_phenylalanine_eur.sumstats.gz,../output_sumstats/output_pmid24816252_proline_eur.sumstats.gz,../output_sumstats/output_pmid24816252_pyruvate_eur.sumstats.gz,../output_sumstats/output_pmid24816252_threonine_eur.sumstats.gz,../output_sumstats/output_pmid24816252_tryptophan_eur.sumstats.gz,../output_sumstats/output_pmid24816252_tyrosine_eur.sumstats.gz,../output_sumstats/output_pmid24816252_urea_eur.sumstats.gz,../output_sumstats/output_pmid27386562_MS_eur.sumstats.gz,../output_sumstats/output_pmid27455348_ALS_eur.sumstats.gz,../output_sumstats/output_pmid27989323_CTACK_eur.sumstats.gz,../output_sumstats/output_pmid27989323_GCSF_eur.sumstats.gz,../output_sumstats/output_pmid27989323_GROa_eur.sumstats.gz,../output_sumstats/output_pmid27989323_HGF_eur.sumstats.gz,../output_sumstats/output_pmid27989323_IFNg_eur.sumstats.gz,../output_sumstats/output_pmid27989323_IL10_eur.sumstats.gz,../output_sumstats/output_pmid27989323_IL12p70_eur.sumstats.gz,../output_sumstats/output_pmid27989323_IL13_eur.sumstats.gz,../output_sumstats/output_pmid27989323_IL16_eur.sumstats.gz,../output_sumstats/output_pmid27989323_IL17_eur.sumstats.gz,../output_sumstats/output_pmid27989323_IL18_eur.sumstats.gz,../output_sumstats/output_pmid27989323_IL1ra_eur.sumstats.gz,../output_sumstats/output_pmid27989323_IL2_eur.sumstats.gz,../output_sumstats/output_pmid27989323_IL2ra_eur.sumstats.gz,../output_sumstats/output_pmid27989323_IL4_eur.sumstats.gz,../output_sumstats/output_pmid27989323_IL5_eur.sumstats.gz,../output_sumstats/output_pmid27989323_IL6_eur.sumstats.gz,../output_sumstats/output_pmid27989323_IL7_eur.sumstats.gz,../output_sumstats/output_pmid27989323_IL8_eur.sumstats.gz,../output_sumstats/output_pmid27989323_IL9_eur.sumstats.gz,../output_sumstats/output_pmid27989323_MCP1_eur.sumstats.gz,../output_sumstats/output_pmid27989323_MCP3_eur.sumstats.gz,../output_sumstats/output_pmid27989323_MCSF_eur.sumstats.gz,../output_sumstats/output_pmid27989323_MIF_eur.sumstats.gz,../output_sumstats/output_pmid27989323_MIG_eur.sumstats.gz,../output_sumstats/output_pmid27989323_MIP1a_eur.sumstats.gz,../output_sumstats/output_pmid27989323_MIP1b_eur.sumstats.gz,../output_sumstats/output_pmid27989323_PDGFbb_eur.sumstats.gz,../output_sumstats/output_pmid27989323_RANTES_eur.sumstats.gz,../output_sumstats/output_pmid27989323_SCF_eur.sumstats.gz,../output_sumstats/output_pmid27989323_SCGFb_eur.sumstats.gz,../output_sumstats/output_pmid27989323_SDF1_eur.sumstats.gz,../output_sumstats/output_pmid27989323_TNFa_eur.sumstats.gz,../output_sumstats/output_pmid27989323_TNFb_eur.sumstats.gz,../output_sumstats/output_pmid27989323_TRAIL_eur.sumstats.gz,../output_sumstats/output_pmid27989323_bNGF_eur.sumstats.gz,../output_sumstats/output_pmid27989323_eotaxin_eur.sumstats.gz,../output_sumstats/output_pmid27989323_ip10_eur.sumstats.gz,../output_sumstats/output_pmid29566793_ALS_eur.sumstats.gz,../output_sumstats/output_pmid30054458_T2d_eur.sumstats.gz,../output_sumstats/output_pmid33111402_PD_eur.sumstats.gz,../output_sumstats/output_pmid33310728_RA_eur.sumstats.gz,../output_sumstats/output_pmid33589841_LBD_eur.sumstats.gz,../output_sumstats/output_pmid33987465_PD_eur.sumstats.gz,../output_sumstats/output_pmid34737426_APH_eur.sumstats.gz \
--w-ld-chr ../input_files/eur_w_ld_chr/ 

Beginning analysis at Sat Feb 24 23:21:36 2024
Reading summary statistics from ../output_sumstats/output_pmid29632382_T2d-BMIadj_eur.sumstats.gz ...
Read summary statistics for 27164 SNPs.
Reading reference panel LD Score from ../input_files/eur_w_ld_chr/[1-22] ... (ldscore_fromlist)
Read reference panel LD Scores for 1290028 SNPs.
Removing partitioned LD Scores with zero variance.
Reading regression weight LD Score from ../input_files/eur_w_ld_chr/[1-22] ... (ldscore_fromlist)
Read regression weight LD Scores for 1290028 SNPs.
After merging with reference panel LD, 26307 SNPs remain.
After merging with regression SNP LD, 26307 SNPs remain.
Computing rg for phenotype 2/68
Reading summary statistics from ../output_sumstats/output_pmid29632382_T2d-BMIadj_eur.sumstats.gz ...
Read summary statistics for 1217311 SNPs.
After merging with summary statistics, 26307 SNPs remain.
26307 SNPs with valid alleles.
WARNING: number of SNPs less than 200k; this is almost always bad.

Heritability of phenotype 1
---------------------------
Total Observed scale h2: 0.095 (0.0264)
Lambda GC: 1.2136
Mean Chi^2: 1.7825
Intercept: 1.0455 (0.0762)
Ratio: 0.0581 (0.0974)

Heritability of phenotype 2/68
------------------------------
Total Observed scale h2: 0.095 (0.0264)
Lambda GC: 1.2136
Mean Chi^2: 1.7825
Intercept: 1.0455 (0.0762)
Ratio: 0.0581 (0.0974)

Genetic Covariance
------------------
Total Observed scale gencov: 0.095 (0.0264)
Mean z1*z2: 1.7825
Intercept: 1.0453 (0.0762)

Genetic Correlation
-------------------
Genetic Correlation: 1.0005 (0.0003)
Z-score: 3094.6087
P: 0.

Computing rg for phenotype 3/68
Reading summary statistics from ../output_sumstats/output_pmid21833088_MS_eur.sumstats.gz ...
Read summary statistics for 1217311 SNPs.
After merging with summary statistics, 26307 SNPs remain.
13484 SNPs with valid alleles.
WARNING: number of SNPs less than 200k; this is almost always bad.

Heritability of phenotype 3/68
------------------------------
Total Observed scale h2: 0.4271 (0.1134)
Lambda GC: 1.127
Mean Chi^2: 1.3339
Intercept: 1.1213 (0.0428)
Ratio: 0.3633 (0.1282)

Genetic Covariance
------------------
Total Observed scale gencov: 0.0174 (0.0204)
Mean z1*z2: 0.0449
Intercept: 0.008 (0.0339)

Genetic Correlation
-------------------
Genetic Correlation: 0.0745 (0.087)
Z-score: 0.8566
P: 0.3917

Computing rg for phenotype 4/68
Reading summary statistics from ../output_sumstats/output_pmid24076602_MS_eur.sumstats.gz ...
Read summary statistics for 1217311 SNPs.
After merging with summary statistics, 26307 SNPs remain.
2496 SNPs with valid alleles.
WARNING: number of SNPs less than 200k; this is almost always bad.

Heritability of phenotype 4/68
------------------------------
Total Observed scale h2: 1.9042 (0.9912)
Lambda GC: 1.7965
Mean Chi^2: 3.2498
Intercept: 1.7379 (0.6683)
Ratio: 0.328 (0.2971)

Genetic Covariance
------------------
Total Observed scale gencov: 0.0978 (0.0725)
Mean z1*z2: 0.0726
Intercept: -0.069 (0.1319)

Genetic Correlation
-------------------
Genetic Correlation: 0.1253 (0.1031)
Z-score: 1.2152
P: 0.2243

Computing rg for phenotype 5/68
Reading summary statistics from ../output_sumstats/output_pmid24816252_acetylcarnitine_eur.sumstats.gz ...
Read summary statistics for 1217311 SNPs.
After merging with summary statistics, 26307 SNPs remain.
23942 SNPs with valid alleles.
WARNING: number of SNPs less than 200k; this is almost always bad.

Heritability of phenotype 5/68
------------------------------
Total Observed scale h2: -0.2169 (0.214)
Lambda GC: 0.9402
Mean Chi^2: 0.9937
Intercept: 1.0265 (0.0295)
Ratio: NA (mean chi^2 < 1)

Genetic Covariance
------------------
Total Observed scale gencov: -0.0412 (0.0226)
Mean z1*z2: -0.0399
Intercept: 0.0023 (0.0211)

Genetic Correlation
-------------------
Genetic Correlation: nan (nan) (h2  out of bounds) 
Z-score: nan (nan) (h2  out of bounds)
P: nan (nan) (h2  out of bounds)
WARNING: One of the h2's was out of bounds.
This usually indicates a data-munging error or that h2 or N is low.

Computing rg for phenotype 6/68
Reading summary statistics from ../output_sumstats/output_pmid24816252_alanine_eur.sumstats.gz ...
Read summary statistics for 1217311 SNPs.
After merging with summary statistics, 26307 SNPs remain.
23942 SNPs with valid alleles.
WARNING: number of SNPs less than 200k; this is almost always bad.

Heritability of phenotype 6/68
------------------------------
Total Observed scale h2: 0.6399 (0.2198)
Lambda GC: 1.0926
Mean Chi^2: 1.1165
Intercept: 1.0231 (0.0246)
Ratio: 0.198 (0.2113)

Genetic Covariance
------------------
Total Observed scale gencov: -0.0234 (0.0286)
Mean z1*z2: 0.0252
Intercept: 0.0501 (0.0245)

Genetic Correlation
-------------------
Genetic Correlation: -0.0902 (0.1122)
Z-score: -0.8043
P: 0.4212

Computing rg for phenotype 7/68
Reading summary statistics from ../output_sumstats/output_pmid24816252_arginine_eur.sumstats.gz ...
Read summary statistics for 1217311 SNPs.
After merging with summary statistics, 26307 SNPs remain.
23942 SNPs with valid alleles.
WARNING: number of SNPs less than 200k; this is almost always bad.

Heritability of phenotype 7/68
------------------------------
Total Observed scale h2: 0.1851 (0.1688)
Lambda GC: 1.0618
Mean Chi^2: 1.0583
Intercept: 1.0324 (0.0238)
Ratio: 0.5553 (0.4082)

Genetic Covariance
------------------
Total Observed scale gencov: -0.0319 (0.0248)
Mean z1*z2: -0.0149
Intercept: 0.0181 (0.0218)

Genetic Correlation
-------------------
Genetic Correlation: -0.2284 (0.2001)
Z-score: -1.1417
P: 0.2536

Computing rg for phenotype 8/68
Reading summary statistics from ../output_sumstats/output_pmid24816252_asparagine_eur.sumstats.gz ...
Read summary statistics for 1217311 SNPs.
After merging with summary statistics, 26307 SNPs remain.
23942 SNPs with valid alleles.
WARNING: number of SNPs less than 200k; this is almost always bad.

Heritability of phenotype 8/68
------------------------------
Total Observed scale h2: 0.615 (0.2006)
Lambda GC: 1.1144
Mean Chi^2: 1.113
Intercept: 1.0212 (0.0283)
Ratio: 0.1878 (0.2507)

Genetic Covariance
------------------
Total Observed scale gencov: -0.0005 (0.0252)
Mean z1*z2: 0.0007
Intercept: 0.0016 (0.0228)

Genetic Correlation
-------------------
Genetic Correlation: -0.0019 (0.0995)
Z-score: -0.0193
P: 0.9846

Computing rg for phenotype 9/68
Reading summary statistics from ../output_sumstats/output_pmid24816252_cholesterol_eur.sumstats.gz ...
Read summary statistics for 1217311 SNPs.
After merging with summary statistics, 26307 SNPs remain.
23942 SNPs with valid alleles.
WARNING: number of SNPs less than 200k; this is almost always bad.

Heritability of phenotype 9/68
------------------------------
Total Observed scale h2: 0.3496 (0.2109)
Lambda GC: 1.0864
Mean Chi^2: 1.1056
Intercept: 1.0542 (0.0344)
Ratio: 0.5132 (0.3258)

Genetic Covariance
------------------
Total Observed scale gencov: 0.01 (0.0251)
Mean z1*z2: -0.0177
Intercept: -0.0295 (0.0232)

Genetic Correlation
-------------------
Genetic Correlation: 0.0522 (0.1343)
Z-score: 0.3882
P: 0.6979

Computing rg for phenotype 10/68
Reading summary statistics from ../output_sumstats/output_pmid24816252_citrate_eur.sumstats.gz ...
Read summary statistics for 1217311 SNPs.
After merging with summary statistics, 26307 SNPs remain.
23942 SNPs with valid alleles.
WARNING: number of SNPs less than 200k; this is almost always bad.

Heritability of phenotype 10/68
-------------------------------
Total Observed scale h2: 0.5177 (0.2077)
Lambda GC: 1.1364
Mean Chi^2: 1.159
Intercept: 1.0838 (0.029)
Ratio: 0.5268 (0.1825)

Genetic Covariance
------------------
Total Observed scale gencov: -0.0639 (0.0256)
Mean z1*z2: -0.0283
Intercept: 0.0391 (0.0236)

Genetic Correlation
-------------------
Genetic Correlation: -0.2737 (0.1225)
Z-score: -2.2344
P: 0.0255

Computing rg for phenotype 11/68
Reading summary statistics from ../output_sumstats/output_pmid24816252_glutamate_eur.sumstats.gz ...
Read summary statistics for 1217311 SNPs.
After merging with summary statistics, 26307 SNPs remain.
23942 SNPs with valid alleles.
WARNING: number of SNPs less than 200k; this is almost always bad.

Heritability of phenotype 11/68
-------------------------------
Total Observed scale h2: 0.0789 (0.1514)
Lambda GC: 0.9692
Mean Chi^2: 0.9643
Intercept: 0.9526 (0.023)
Ratio: NA (mean chi^2 < 1)

Genetic Covariance
------------------
Total Observed scale gencov: 0.018 (0.0249)
Mean z1*z2: 0.0667
Intercept: 0.0432 (0.0225)

Genetic Correlation
-------------------
Genetic Correlation: 0.1978 (0.3423)
Z-score: 0.5778
P: 0.5634

Computing rg for phenotype 12/68
Reading summary statistics from ../output_sumstats/output_pmid24816252_glycerol_eur.sumstats.gz ...
Read summary statistics for 1217311 SNPs.
After merging with summary statistics, 26307 SNPs remain.
23942 SNPs with valid alleles.
WARNING: number of SNPs less than 200k; this is almost always bad.

Heritability of phenotype 12/68
-------------------------------
Total Observed scale h2: -0.0537 (0.1487)
Lambda GC: 0.9839
Mean Chi^2: 0.9933
Intercept: 1.0013 (0.021)
Ratio: NA (mean chi^2 < 1)

Genetic Covariance
------------------
Total Observed scale gencov: -0.039 (0.0261)
Mean z1*z2: -0.0118
Intercept: 0.0267 (0.024)

Genetic Correlation
-------------------
Genetic Correlation: nan (nan) (h2  out of bounds) 
Z-score: nan (nan) (h2  out of bounds)
P: nan (nan) (h2  out of bounds)
WARNING: One of the h2's was out of bounds.
This usually indicates a data-munging error or that h2 or N is low.

Computing rg for phenotype 13/68
Reading summary statistics from ../output_sumstats/output_pmid24816252_histidine_eur.sumstats.gz ...
Read summary statistics for 1217311 SNPs.
After merging with summary statistics, 26307 SNPs remain.
23942 SNPs with valid alleles.
WARNING: number of SNPs less than 200k; this is almost always bad.

Heritability of phenotype 13/68
-------------------------------
Total Observed scale h2: 0.5577 (0.2095)
Lambda GC: 0.8314
Mean Chi^2: 0.8451
Intercept: 0.7624 (0.0217)
Ratio: NA (mean chi^2 < 1)

Genetic Covariance
------------------
Total Observed scale gencov: 0.0107 (0.0235)
Mean z1*z2: 0.0005
Intercept: -0.0101 (0.0204)

Genetic Correlation
-------------------
Genetic Correlation: 0.044 (0.0956)
Z-score: 0.4598
P: 0.6456

Computing rg for phenotype 14/68
Reading summary statistics from ../output_sumstats/output_pmid24816252_isoleucine_eur.sumstats.gz ...
Read summary statistics for 1217311 SNPs.
After merging with summary statistics, 26307 SNPs remain.
23942 SNPs with valid alleles.
WARNING: number of SNPs less than 200k; this is almost always bad.

Heritability of phenotype 14/68
-------------------------------
Total Observed scale h2: -0.053 (0.15)
Lambda GC: 0.9489
Mean Chi^2: 0.9544
Intercept: 0.9626 (0.0233)
Ratio: NA (mean chi^2 < 1)

Genetic Covariance
------------------
Total Observed scale gencov: 0.0283 (0.0247)
Mean z1*z2: 0.0614
Intercept: 0.0318 (0.0247)

Genetic Correlation
-------------------
Genetic Correlation: nan (nan) (h2  out of bounds) 
Z-score: nan (nan) (h2  out of bounds)
P: nan (nan) (h2  out of bounds)
WARNING: One of the h2's was out of bounds.
This usually indicates a data-munging error or that h2 or N is low.

Computing rg for phenotype 15/68
Reading summary statistics from ../output_sumstats/output_pmid24816252_phenylalanine_eur.sumstats.gz ...
Read summary statistics for 1217311 SNPs.
After merging with summary statistics, 26307 SNPs remain.
23942 SNPs with valid alleles.
WARNING: number of SNPs less than 200k; this is almost always bad.

Heritability of phenotype 15/68
-------------------------------
Total Observed scale h2: 0.4188 (0.1575)
Lambda GC: 0.8046
Mean Chi^2: 0.8229
Intercept: 0.7639 (0.0211)
Ratio: NA (mean chi^2 < 1)

Genetic Covariance
------------------
Total Observed scale gencov: -0.0209 (0.022)
Mean z1*z2: 0.0047
Intercept: 0.0248 (0.0205)

Genetic Correlation
-------------------
Genetic Correlation: -0.0997 (0.108)
Z-score: -0.923
P: 0.356

Computing rg for phenotype 16/68
Reading summary statistics from ../output_sumstats/output_pmid24816252_proline_eur.sumstats.gz ...
Read summary statistics for 1217311 SNPs.
After merging with summary statistics, 26307 SNPs remain.
23942 SNPs with valid alleles.
WARNING: number of SNPs less than 200k; this is almost always bad.

Heritability of phenotype 16/68
-------------------------------
Total Observed scale h2: 0.1981 (0.1959)
Lambda GC: 1.0557
Mean Chi^2: 1.1125
Intercept: 1.0828 (0.0277)
Ratio: 0.736 (0.2461)

Genetic Covariance
------------------
Total Observed scale gencov: 0.0141 (0.025)
Mean z1*z2: 0.0441
Intercept: 0.0332 (0.0242)

Genetic Correlation
-------------------
Genetic Correlation: 0.0972 (0.1723)
Z-score: 0.5643
P: 0.5726

Computing rg for phenotype 17/68
Reading summary statistics from ../output_sumstats/output_pmid24816252_pyruvate_eur.sumstats.gz ...
Read summary statistics for 1217311 SNPs.
After merging with summary statistics, 26307 SNPs remain.
23942 SNPs with valid alleles.
WARNING: number of SNPs less than 200k; this is almost always bad.

Heritability of phenotype 17/68
-------------------------------
Total Observed scale h2: 0.5785 (0.1847)
Lambda GC: 1.0375
Mean Chi^2: 1.0274
Intercept: 0.9459 (0.0214)
Ratio < 0 (usually indicates GC correction).

Genetic Covariance
------------------
Total Observed scale gencov: -0.0436 (0.0226)
Mean z1*z2: 0.0087
Intercept: 0.054 (0.0212)

Genetic Correlation
-------------------
Genetic Correlation: -0.1767 (0.0949)
Z-score: -1.8628
P: 0.0625

Computing rg for phenotype 18/68
Reading summary statistics from ../output_sumstats/output_pmid24816252_threonine_eur.sumstats.gz ...
Read summary statistics for 1217311 SNPs.
After merging with summary statistics, 26307 SNPs remain.
23942 SNPs with valid alleles.
WARNING: number of SNPs less than 200k; this is almost always bad.

Heritability of phenotype 18/68
-------------------------------
Total Observed scale h2: 0.2537 (0.227)
Lambda GC: 1.0075
Mean Chi^2: 1.0248
Intercept: 0.9951 (0.0241)
Ratio < 0 (usually indicates GC correction).

Genetic Covariance
------------------
Total Observed scale gencov: -0.0258 (0.0317)
Mean z1*z2: 0.0174
Intercept: 0.0403 (0.0249)

Genetic Correlation
-------------------
Genetic Correlation: -0.1579 (0.2249)
Z-score: -0.7023
P: 0.4825

Computing rg for phenotype 19/68
Reading summary statistics from ../output_sumstats/output_pmid24816252_tryptophan_eur.sumstats.gz ...
Read summary statistics for 1217311 SNPs.
After merging with summary statistics, 26307 SNPs remain.
23942 SNPs with valid alleles.
WARNING: number of SNPs less than 200k; this is almost always bad.

Heritability of phenotype 19/68
-------------------------------
Total Observed scale h2: 1.0502 (0.2208)
Lambda GC: 1.1175
Mean Chi^2: 1.248
Intercept: 1.0966 (0.0302)
Ratio: 0.3897 (0.1217)

Genetic Covariance
------------------
Total Observed scale gencov: 0.0181 (0.0273)
Mean z1*z2: 0.0048
Intercept: -0.0119 (0.0269)

Genetic Correlation
-------------------
Genetic Correlation: 0.0542 (0.0812)
Z-score: 0.6677
P: 0.5043

Computing rg for phenotype 20/68
Reading summary statistics from ../output_sumstats/output_pmid24816252_tyrosine_eur.sumstats.gz ...
Read summary statistics for 1217311 SNPs.
After merging with summary statistics, 26307 SNPs remain.
23942 SNPs with valid alleles.
WARNING: number of SNPs less than 200k; this is almost always bad.

Heritability of phenotype 20/68
-------------------------------
Total Observed scale h2: 0.288 (0.1834)
Lambda GC: 1.0603
Mean Chi^2: 1.068
Intercept: 1.0252 (0.0251)
Ratio: 0.3708 (0.3695)

Genetic Covariance
------------------
Total Observed scale gencov: 0.0021 (0.0243)
Mean z1*z2: 0.0188
Intercept: 0.0161 (0.0227)

Genetic Correlation
-------------------
Genetic Correlation: 0.0119 (0.1413)
Z-score: 0.0844
P: 0.9328

Computing rg for phenotype 21/68
Reading summary statistics from ../output_sumstats/output_pmid24816252_urea_eur.sumstats.gz ...
Read summary statistics for 1217311 SNPs.
After merging with summary statistics, 26307 SNPs remain.
23942 SNPs with valid alleles.
WARNING: number of SNPs less than 200k; this is almost always bad.

Heritability of phenotype 21/68
-------------------------------
Total Observed scale h2: -0.1419 (0.1406)
Lambda GC: 0.9986
Mean Chi^2: 0.9854
Intercept: 1.0066 (0.0218)
Ratio: NA (mean chi^2 < 1)

Genetic Covariance
------------------
Total Observed scale gencov: 0.0417 (0.0215)
Mean z1*z2: 0.0207
Intercept: -0.0269 (0.0202)

Genetic Correlation
-------------------
Genetic Correlation: nan (nan) (h2  out of bounds) 
Z-score: nan (nan) (h2  out of bounds)
P: nan (nan) (h2  out of bounds)
WARNING: One of the h2's was out of bounds.
This usually indicates a data-munging error or that h2 or N is low.

Computing rg for phenotype 22/68
Reading summary statistics from ../output_sumstats/output_pmid27386562_MS_eur.sumstats.gz ...
Read summary statistics for 1217311 SNPs.
After merging with summary statistics, 26307 SNPs remain.
25462 SNPs with valid alleles.
WARNING: number of SNPs less than 200k; this is almost always bad.

Heritability of phenotype 22/68
-------------------------------
Total Observed scale h2: 0.7332 (0.1422)
Lambda GC: 1.1973
Mean Chi^2: 1.2788
Intercept: 1.0612 (0.0293)
Ratio: 0.2194 (0.105)

Genetic Covariance
------------------
Total Observed scale gencov: -0.0546 (0.0179)
Mean z1*z2: -0.0311
Intercept: 0.0571 (0.0231)

Genetic Correlation
-------------------
Genetic Correlation: -0.2041 (0.0717)
Z-score: -2.8457
P: 0.0044

Computing rg for phenotype 23/68
Reading summary statistics from ../output_sumstats/output_pmid27455348_ALS_eur.sumstats.gz ...
Read summary statistics for 1217311 SNPs.
After merging with summary statistics, 26307 SNPs remain.
25853 SNPs with valid alleles.
WARNING: number of SNPs less than 200k; this is almost always bad.

Heritability of phenotype 23/68
-------------------------------
Total Observed scale h2: 0.1551 (0.0455)
Lambda GC: 1.0618
Mean Chi^2: 1.0644
Intercept: 0.9574 (0.0242)
Ratio < 0 (usually indicates GC correction).

Genetic Covariance
------------------
Total Observed scale gencov: -0.0012 (0.01)
Mean z1*z2: 0.0041
Intercept: 0.0045 (0.0194)

Genetic Correlation
-------------------
Genetic Correlation: -0.01 (0.0817)
Z-score: -0.1225
P: 0.9025

Computing rg for phenotype 24/68
Reading summary statistics from ../output_sumstats/output_pmid27989323_CTACK_eur.sumstats.gz ...
Read summary statistics for 1217311 SNPs.
After merging with summary statistics, 26307 SNPs remain.
25919 SNPs with valid alleles.
WARNING: number of SNPs less than 200k; this is almost always bad.

Heritability of phenotype 24/68
-------------------------------
Total Observed scale h2: -0.0038 (0.3281)
Lambda GC: 1.0315
Mean Chi^2: 1.0312
Intercept: 1.0315 (0.0244)
Ratio: 1.0091 (0.7804)

Genetic Covariance
------------------
Total Observed scale gencov: 0.0164 (0.0342)
Mean z1*z2: -0.0135
Intercept: -0.0286 (0.0244)

Genetic Correlation
-------------------
Genetic Correlation: nan (nan) (h2  out of bounds) 
Z-score: nan (nan) (h2  out of bounds)
P: nan (nan) (h2  out of bounds)
WARNING: One of the h2's was out of bounds.
This usually indicates a data-munging error or that h2 or N is low.

Computing rg for phenotype 25/68
Reading summary statistics from ../output_sumstats/output_pmid27989323_GCSF_eur.sumstats.gz ...
Read summary statistics for 1217311 SNPs.
After merging with summary statistics, 26307 SNPs remain.
25923 SNPs with valid alleles.
WARNING: number of SNPs less than 200k; this is almost always bad.
ERROR computing rg for phenotype 25/68, from file ../output_sumstats/output_pmid27989323_GCSF_eur.sumstats.gz.
Traceback (most recent call last):
  File "/Users/as/Documents/UNI/Bioinformatik/2023:24_WS/GoBi_Lokal/BlockTeil_Metabolomics/ldsc/ldscore/sumstats.py", line 410, in estimate_rg
    rghat = _rg(loop, args, log, M_annot, ref_ld_cnames, w_ld_cname, i)
  File "/Users/as/Documents/UNI/Bioinformatik/2023:24_WS/GoBi_Lokal/BlockTeil_Metabolomics/ldsc/ldscore/sumstats.py", line 539, in _rg
    intercept_gencov=intercepts[2], n_blocks=n_blocks, twostep=args.two_step)
  File "/Users/as/Documents/UNI/Bioinformatik/2023:24_WS/GoBi_Lokal/BlockTeil_Metabolomics/ldsc/ldscore/regressions.py", line 705, in __init__
    np.multiply(hsq1.tot_delete_values, hsq2.tot_delete_values))
FloatingPointError: invalid value encountered in sqrt


Computing rg for phenotype 26/68
Reading summary statistics from ../output_sumstats/output_pmid27989323_GROa_eur.sumstats.gz ...
Read summary statistics for 1217311 SNPs.
After merging with summary statistics, 26307 SNPs remain.
3 SNPs with valid alleles.
WARNING: number of SNPs less than 200k; this is almost always bad.
ERROR computing rg for phenotype 26/68, from file ../output_sumstats/output_pmid27989323_GROa_eur.sumstats.gz.
Traceback (most recent call last):
  File "/Users/as/Documents/UNI/Bioinformatik/2023:24_WS/GoBi_Lokal/BlockTeil_Metabolomics/ldsc/ldscore/sumstats.py", line 410, in estimate_rg
    rghat = _rg(loop, args, log, M_annot, ref_ld_cnames, w_ld_cname, i)
  File "/Users/as/Documents/UNI/Bioinformatik/2023:24_WS/GoBi_Lokal/BlockTeil_Metabolomics/ldsc/ldscore/sumstats.py", line 539, in _rg
    intercept_gencov=intercepts[2], n_blocks=n_blocks, twostep=args.two_step)
  File "/Users/as/Documents/UNI/Bioinformatik/2023:24_WS/GoBi_Lokal/BlockTeil_Metabolomics/ldsc/ldscore/regressions.py", line 693, in __init__
    twostep=twostep)
  File "/Users/as/Documents/UNI/Bioinformatik/2023:24_WS/GoBi_Lokal/BlockTeil_Metabolomics/ldsc/ldscore/regressions.py", line 555, in __init__
    intercept=intercept_gencov, slow=slow, step1_ii=step1_ii)
  File "/Users/as/Documents/UNI/Bioinformatik/2023:24_WS/GoBi_Lokal/BlockTeil_Metabolomics/ldsc/ldscore/regressions.py", line 213, in __init__
    x, yp, update_func, n_blocks, slow=slow, w=initial_w)
  File "/Users/as/Documents/UNI/Bioinformatik/2023:24_WS/GoBi_Lokal/BlockTeil_Metabolomics/ldsc/ldscore/irwls.py", line 66, in __init__
    x, y, update_func, n_blocks, w, slow=slow, separators=separators)
  File "/Users/as/Documents/UNI/Bioinformatik/2023:24_WS/GoBi_Lokal/BlockTeil_Metabolomics/ldsc/ldscore/irwls.py", line 111, in irwls
    w = np.sqrt(w)
FloatingPointError: invalid value encountered in sqrt


Computing rg for phenotype 27/68
Reading summary statistics from ../output_sumstats/output_pmid27989323_HGF_eur.sumstats.gz ...
Read summary statistics for 1217311 SNPs.
After merging with summary statistics, 26307 SNPs remain.
25921 SNPs with valid alleles.
WARNING: number of SNPs less than 200k; this is almost always bad.

Heritability of phenotype 27/68
-------------------------------
Total Observed scale h2: -0.325 (0.1596)
Lambda GC: 0.9927
Mean Chi^2: 1.0014
Intercept: 1.056 (0.027)
Ratio: 39.9943 (19.2961)

Genetic Covariance
------------------
Total Observed scale gencov: -0.0027 (0.0245)
Mean z1*z2: 0.0148
Intercept: 0.0165 (0.0237)

Genetic Correlation
-------------------
Genetic Correlation: nan (nan) (h2  out of bounds) 
Z-score: nan (nan) (h2  out of bounds)
P: nan (nan) (h2  out of bounds)
WARNING: One of the h2's was out of bounds.
This usually indicates a data-munging error or that h2 or N is low.

Computing rg for phenotype 28/68
Reading summary statistics from ../output_sumstats/output_pmid27989323_IFNg_eur.sumstats.gz ...
Read summary statistics for 1217311 SNPs.
After merging with summary statistics, 26307 SNPs remain.
25930 SNPs with valid alleles.
WARNING: number of SNPs less than 200k; this is almost always bad.

Heritability of phenotype 28/68
-------------------------------
Total Observed scale h2: 0.1282 (0.1893)
Lambda GC: 1.0375
Mean Chi^2: 1.0215
Intercept: 1.001 (0.0271)
Ratio: 0.0479 (1.2643)

Genetic Covariance
------------------
Total Observed scale gencov: 0.0274 (0.0222)
Mean z1*z2: 0.0135
Intercept: -0.0143 (0.0209)

Genetic Correlation
-------------------
Genetic Correlation: 0.2396 (0.2718)
Z-score: 0.8818
P: 0.3779

Computing rg for phenotype 29/68
Reading summary statistics from ../output_sumstats/output_pmid27989323_IL10_eur.sumstats.gz ...
Read summary statistics for 1217311 SNPs.
After merging with summary statistics, 26307 SNPs remain.
25929 SNPs with valid alleles.
WARNING: number of SNPs less than 200k; this is almost always bad.

Heritability of phenotype 29/68
-------------------------------
Total Observed scale h2: -0.0348 (0.1749)
Lambda GC: 0.9957
Mean Chi^2: 1.0333
Intercept: 1.0387 (0.0283)
Ratio: 1.1627 (0.8499)

Genetic Covariance
------------------
Total Observed scale gencov: 0.0055 (0.0211)
Mean z1*z2: 0.0057
Intercept: -0.0015 (0.0206)

Genetic Correlation
-------------------
Genetic Correlation: nan (nan) (h2  out of bounds) 
Z-score: nan (nan) (h2  out of bounds)
P: nan (nan) (h2  out of bounds)
WARNING: One of the h2's was out of bounds.
This usually indicates a data-munging error or that h2 or N is low.

Computing rg for phenotype 30/68
Reading summary statistics from ../output_sumstats/output_pmid27989323_IL12p70_eur.sumstats.gz ...
Read summary statistics for 1217311 SNPs.
After merging with summary statistics, 26307 SNPs remain.
25933 SNPs with valid alleles.
WARNING: number of SNPs less than 200k; this is almost always bad.

Heritability of phenotype 30/68
-------------------------------
Total Observed scale h2: -0.063 (0.2023)
Lambda GC: 1.0345
Mean Chi^2: 1.0629
Intercept: 1.0734 (0.039)
Ratio: 1.1679 (0.6197)

Genetic Covariance
------------------
Total Observed scale gencov: -0.0197 (0.0215)
Mean z1*z2: 0.0033
Intercept: 0.0249 (0.0207)

Genetic Correlation
-------------------
Genetic Correlation: nan (nan) (h2  out of bounds) 
Z-score: nan (nan) (h2  out of bounds)
P: nan (nan) (h2  out of bounds)
WARNING: One of the h2's was out of bounds.
This usually indicates a data-munging error or that h2 or N is low.

Computing rg for phenotype 31/68
Reading summary statistics from ../output_sumstats/output_pmid27989323_IL13_eur.sumstats.gz ...
Read summary statistics for 1217311 SNPs.
After merging with summary statistics, 26307 SNPs remain.
25923 SNPs with valid alleles.
WARNING: number of SNPs less than 200k; this is almost always bad.

Heritability of phenotype 31/68
-------------------------------
Total Observed scale h2: -0.0772 (0.369)
Lambda GC: 0.9751
Mean Chi^2: 0.9974
Intercept: 1.003 (0.0278)
Ratio: NA (mean chi^2 < 1)

Genetic Covariance
------------------
Total Observed scale gencov: 0.0145 (0.0303)
Mean z1*z2: 0.0161
Intercept: 0.0081 (0.02)

Genetic Correlation
-------------------
Genetic Correlation: nan (nan) (h2  out of bounds) 
Z-score: nan (nan) (h2  out of bounds)
P: nan (nan) (h2  out of bounds)
WARNING: One of the h2's was out of bounds.
This usually indicates a data-munging error or that h2 or N is low.

Computing rg for phenotype 32/68
Reading summary statistics from ../output_sumstats/output_pmid27989323_IL16_eur.sumstats.gz ...
Read summary statistics for 1217311 SNPs.
After merging with summary statistics, 26307 SNPs remain.
25908 SNPs with valid alleles.
WARNING: number of SNPs less than 200k; this is almost always bad.

Heritability of phenotype 32/68
-------------------------------
Total Observed scale h2: 0.8028 (0.3328)
Lambda GC: 1.0046
Mean Chi^2: 1.0163
Intercept: 0.9617 (0.0229)
Ratio < 0 (usually indicates GC correction).

Genetic Covariance
------------------
Total Observed scale gencov: -0.0419 (0.0312)
Mean z1*z2: -0.0289
Intercept: 0.0015 (0.0186)

Genetic Correlation
-------------------
Genetic Correlation: -0.146 (0.1052)
Z-score: -1.3876
P: 0.1652

Computing rg for phenotype 33/68
Reading summary statistics from ../output_sumstats/output_pmid27989323_IL17_eur.sumstats.gz ...
Read summary statistics for 1217311 SNPs.
After merging with summary statistics, 26307 SNPs remain.
39 SNPs with valid alleles.
WARNING: number of SNPs less than 200k; this is almost always bad.

Heritability of phenotype 33/68
-------------------------------
Total Observed scale h2: -7.4387 (4.4052)
Lambda GC: 0.7626
Mean Chi^2: 1.0186
Intercept: 1.7069 (0.4829)
Ratio: 37.9284 (25.9064)

Genetic Covariance
------------------
Total Observed scale gencov: -0.4096 (0.5754)
Mean z1*z2: -0.0488
Intercept: 0.0838 (0.2025)

Genetic Correlation
-------------------
Genetic Correlation: nan (nan) (h2  out of bounds) 
Z-score: nan (nan) (h2  out of bounds)
P: nan (nan) (h2  out of bounds)
WARNING: One of the h2's was out of bounds.
This usually indicates a data-munging error or that h2 or N is low.

Computing rg for phenotype 34/68
Reading summary statistics from ../output_sumstats/output_pmid27989323_IL18_eur.sumstats.gz ...
Read summary statistics for 1217311 SNPs.
After merging with summary statistics, 26307 SNPs remain.
8406 SNPs with valid alleles.
WARNING: number of SNPs less than 200k; this is almost always bad.

Heritability of phenotype 34/68
-------------------------------
Total Observed scale h2: 0.5134 (0.5245)
Lambda GC: 1.0195
Mean Chi^2: 1.0068
Intercept: 0.9679 (0.0385)
Ratio < 0 (usually indicates GC correction).

Genetic Covariance
------------------
Total Observed scale gencov: -0.0583 (0.0413)
Mean z1*z2: -0.0026
Intercept: 0.0425 (0.0284)

Genetic Correlation
-------------------
Genetic Correlation: -0.2914 (0.2624)
Z-score: -1.1106
P: 0.2668

Computing rg for phenotype 35/68
Reading summary statistics from ../output_sumstats/output_pmid27989323_IL1ra_eur.sumstats.gz ...
Read summary statistics for 1217311 SNPs.
After merging with summary statistics, 26307 SNPs remain.
25916 SNPs with valid alleles.
WARNING: number of SNPs less than 200k; this is almost always bad.

Heritability of phenotype 35/68
-------------------------------
Total Observed scale h2: 0.4279 (0.4875)
Lambda GC: 1.0225
Mean Chi^2: 1.018
Intercept: 0.9871 (0.0267)
Ratio < 0 (usually indicates GC correction).

Genetic Covariance
------------------
Total Observed scale gencov: 0.0237 (0.0342)
Mean z1*z2: 3.602e-06
Intercept: -0.0131 (0.0206)

Genetic Correlation
-------------------
Genetic Correlation: 0.1133 (0.199)
Z-score: 0.5694
P: 0.5691

Computing rg for phenotype 36/68
Reading summary statistics from ../output_sumstats/output_pmid27989323_IL2_eur.sumstats.gz ...
Read summary statistics for 1217311 SNPs.
After merging with summary statistics, 26307 SNPs remain.
25886 SNPs with valid alleles.
WARNING: number of SNPs less than 200k; this is almost always bad.
ERROR computing rg for phenotype 36/68, from file ../output_sumstats/output_pmid27989323_IL2_eur.sumstats.gz.
Traceback (most recent call last):
  File "/Users/as/Documents/UNI/Bioinformatik/2023:24_WS/GoBi_Lokal/BlockTeil_Metabolomics/ldsc/ldscore/sumstats.py", line 410, in estimate_rg
    rghat = _rg(loop, args, log, M_annot, ref_ld_cnames, w_ld_cname, i)
  File "/Users/as/Documents/UNI/Bioinformatik/2023:24_WS/GoBi_Lokal/BlockTeil_Metabolomics/ldsc/ldscore/sumstats.py", line 539, in _rg
    intercept_gencov=intercepts[2], n_blocks=n_blocks, twostep=args.two_step)
  File "/Users/as/Documents/UNI/Bioinformatik/2023:24_WS/GoBi_Lokal/BlockTeil_Metabolomics/ldsc/ldscore/regressions.py", line 705, in __init__
    np.multiply(hsq1.tot_delete_values, hsq2.tot_delete_values))
FloatingPointError: invalid value encountered in sqrt


Computing rg for phenotype 37/68
Reading summary statistics from ../output_sumstats/output_pmid27989323_IL2ra_eur.sumstats.gz ...
Read summary statistics for 1217311 SNPs.
After merging with summary statistics, 26307 SNPs remain.
25924 SNPs with valid alleles.
WARNING: number of SNPs less than 200k; this is almost always bad.
ERROR computing rg for phenotype 37/68, from file ../output_sumstats/output_pmid27989323_IL2ra_eur.sumstats.gz.
Traceback (most recent call last):
  File "/Users/as/Documents/UNI/Bioinformatik/2023:24_WS/GoBi_Lokal/BlockTeil_Metabolomics/ldsc/ldscore/sumstats.py", line 410, in estimate_rg
    rghat = _rg(loop, args, log, M_annot, ref_ld_cnames, w_ld_cname, i)
  File "/Users/as/Documents/UNI/Bioinformatik/2023:24_WS/GoBi_Lokal/BlockTeil_Metabolomics/ldsc/ldscore/sumstats.py", line 539, in _rg
    intercept_gencov=intercepts[2], n_blocks=n_blocks, twostep=args.two_step)
  File "/Users/as/Documents/UNI/Bioinformatik/2023:24_WS/GoBi_Lokal/BlockTeil_Metabolomics/ldsc/ldscore/regressions.py", line 705, in __init__
    np.multiply(hsq1.tot_delete_values, hsq2.tot_delete_values))
FloatingPointError: invalid value encountered in sqrt


Computing rg for phenotype 38/68
Reading summary statistics from ../output_sumstats/output_pmid27989323_IL4_eur.sumstats.gz ...
Read summary statistics for 1217311 SNPs.
After merging with summary statistics, 26307 SNPs remain.
25913 SNPs with valid alleles.
WARNING: number of SNPs less than 200k; this is almost always bad.

Heritability of phenotype 38/68
-------------------------------
Total Observed scale h2: 0.1738 (0.1688)
Lambda GC: 1.0255
Mean Chi^2: 1.0349
Intercept: 1.006 (0.0242)
Ratio: 0.1729 (0.6941)

Genetic Covariance
------------------
Total Observed scale gencov: 0.0153 (0.0214)
Mean z1*z2: 0.0132
Intercept: -0.0014 (0.0213)

Genetic Correlation
-------------------
Genetic Correlation: 0.1157 (0.1791)
Z-score: 0.6463
P: 0.5181

Computing rg for phenotype 39/68
Reading summary statistics from ../output_sumstats/output_pmid27989323_IL5_eur.sumstats.gz ...
Read summary statistics for 1217311 SNPs.
After merging with summary statistics, 26307 SNPs remain.
25898 SNPs with valid alleles.
WARNING: number of SNPs less than 200k; this is almost always bad.

Heritability of phenotype 39/68
-------------------------------
Total Observed scale h2: -0.1612 (0.354)
Lambda GC: 1.0315
Mean Chi^2: 0.9972
Intercept: 1.0082 (0.0234)
Ratio: NA (mean chi^2 < 1)

Genetic Covariance
------------------
Total Observed scale gencov: 0.028 (0.0277)
Mean z1*z2: 0.0018
Intercept: -0.0137 (0.0176)

Genetic Correlation
-------------------
Genetic Correlation: nan (nan) (h2  out of bounds) 
Z-score: nan (nan) (h2  out of bounds)
P: nan (nan) (h2  out of bounds)
WARNING: One of the h2's was out of bounds.
This usually indicates a data-munging error or that h2 or N is low.

Computing rg for phenotype 40/68
Reading summary statistics from ../output_sumstats/output_pmid27989323_IL6_eur.sumstats.gz ...
Read summary statistics for 1217311 SNPs.
After merging with summary statistics, 26307 SNPs remain.
25937 SNPs with valid alleles.
WARNING: number of SNPs less than 200k; this is almost always bad.
ERROR computing rg for phenotype 40/68, from file ../output_sumstats/output_pmid27989323_IL6_eur.sumstats.gz.
Traceback (most recent call last):
  File "/Users/as/Documents/UNI/Bioinformatik/2023:24_WS/GoBi_Lokal/BlockTeil_Metabolomics/ldsc/ldscore/sumstats.py", line 410, in estimate_rg
    rghat = _rg(loop, args, log, M_annot, ref_ld_cnames, w_ld_cname, i)
  File "/Users/as/Documents/UNI/Bioinformatik/2023:24_WS/GoBi_Lokal/BlockTeil_Metabolomics/ldsc/ldscore/sumstats.py", line 539, in _rg
    intercept_gencov=intercepts[2], n_blocks=n_blocks, twostep=args.two_step)
  File "/Users/as/Documents/UNI/Bioinformatik/2023:24_WS/GoBi_Lokal/BlockTeil_Metabolomics/ldsc/ldscore/regressions.py", line 705, in __init__
    np.multiply(hsq1.tot_delete_values, hsq2.tot_delete_values))
FloatingPointError: invalid value encountered in sqrt


Computing rg for phenotype 41/68
Reading summary statistics from ../output_sumstats/output_pmid27989323_IL7_eur.sumstats.gz ...
Read summary statistics for 1217311 SNPs.
After merging with summary statistics, 26307 SNPs remain.
25939 SNPs with valid alleles.
WARNING: number of SNPs less than 200k; this is almost always bad.
ERROR computing rg for phenotype 41/68, from file ../output_sumstats/output_pmid27989323_IL7_eur.sumstats.gz.
Traceback (most recent call last):
  File "/Users/as/Documents/UNI/Bioinformatik/2023:24_WS/GoBi_Lokal/BlockTeil_Metabolomics/ldsc/ldscore/sumstats.py", line 410, in estimate_rg
    rghat = _rg(loop, args, log, M_annot, ref_ld_cnames, w_ld_cname, i)
  File "/Users/as/Documents/UNI/Bioinformatik/2023:24_WS/GoBi_Lokal/BlockTeil_Metabolomics/ldsc/ldscore/sumstats.py", line 539, in _rg
    intercept_gencov=intercepts[2], n_blocks=n_blocks, twostep=args.two_step)
  File "/Users/as/Documents/UNI/Bioinformatik/2023:24_WS/GoBi_Lokal/BlockTeil_Metabolomics/ldsc/ldscore/regressions.py", line 705, in __init__
    np.multiply(hsq1.tot_delete_values, hsq2.tot_delete_values))
FloatingPointError: invalid value encountered in sqrt


Computing rg for phenotype 42/68
Reading summary statistics from ../output_sumstats/output_pmid27989323_IL8_eur.sumstats.gz ...
Read summary statistics for 1217311 SNPs.
After merging with summary statistics, 26307 SNPs remain.
25909 SNPs with valid alleles.
WARNING: number of SNPs less than 200k; this is almost always bad.

Heritability of phenotype 42/68
-------------------------------
Total Observed scale h2: 0.3021 (0.4309)
Lambda GC: 1.0075
Mean Chi^2: 1.0013
Intercept: 0.9807 (0.0243)
Ratio < 0 (usually indicates GC correction).

Genetic Covariance
------------------
Total Observed scale gencov: -0.0016 (0.0305)
Mean z1*z2: 0.0017
Intercept: 0.002 (0.0169)

Genetic Correlation
-------------------
Genetic Correlation: -0.0094 (0.1895)
Z-score: -0.0495
P: 0.9605

Computing rg for phenotype 43/68
Reading summary statistics from ../output_sumstats/output_pmid27989323_IL9_eur.sumstats.gz ...
Read summary statistics for 1217311 SNPs.
After merging with summary statistics, 26307 SNPs remain.
25914 SNPs with valid alleles.
WARNING: number of SNPs less than 200k; this is almost always bad.
ERROR computing rg for phenotype 43/68, from file ../output_sumstats/output_pmid27989323_IL9_eur.sumstats.gz.
Traceback (most recent call last):
  File "/Users/as/Documents/UNI/Bioinformatik/2023:24_WS/GoBi_Lokal/BlockTeil_Metabolomics/ldsc/ldscore/sumstats.py", line 410, in estimate_rg
    rghat = _rg(loop, args, log, M_annot, ref_ld_cnames, w_ld_cname, i)
  File "/Users/as/Documents/UNI/Bioinformatik/2023:24_WS/GoBi_Lokal/BlockTeil_Metabolomics/ldsc/ldscore/sumstats.py", line 539, in _rg
    intercept_gencov=intercepts[2], n_blocks=n_blocks, twostep=args.two_step)
  File "/Users/as/Documents/UNI/Bioinformatik/2023:24_WS/GoBi_Lokal/BlockTeil_Metabolomics/ldsc/ldscore/regressions.py", line 705, in __init__
    np.multiply(hsq1.tot_delete_values, hsq2.tot_delete_values))
FloatingPointError: invalid value encountered in sqrt


Computing rg for phenotype 44/68
Reading summary statistics from ../output_sumstats/output_pmid27989323_MCP1_eur.sumstats.gz ...
Read summary statistics for 1217311 SNPs.
After merging with summary statistics, 26307 SNPs remain.
25917 SNPs with valid alleles.
WARNING: number of SNPs less than 200k; this is almost always bad.

Heritability of phenotype 44/68
-------------------------------
Total Observed scale h2: 0.4288 (0.1641)
Lambda GC: 1.0436
Mean Chi^2: 1.0697
Intercept: 0.9998 (0.0266)
Ratio < 0 (usually indicates GC correction).

Genetic Covariance
------------------
Total Observed scale gencov: 0.0124 (0.022)
Mean z1*z2: 0.0063
Intercept: 0.0004 (0.02)

Genetic Correlation
-------------------
Genetic Correlation: 0.0594 (0.1088)
Z-score: 0.5459
P: 0.5851

Computing rg for phenotype 45/68
Reading summary statistics from ../output_sumstats/output_pmid27989323_MCP3_eur.sumstats.gz ...
Read summary statistics for 1217311 SNPs.
After merging with summary statistics, 26307 SNPs remain.
25182 SNPs with valid alleles.
WARNING: number of SNPs less than 200k; this is almost always bad.

Heritability of phenotype 45/68
-------------------------------
Total Observed scale h2: -2.3458 (1.5443)
Lambda GC: 0.9986
Mean Chi^2: 1.0113
Intercept: 1.0521 (0.0273)
Ratio: 4.5974 (2.4064)

Genetic Covariance
------------------
Total Observed scale gencov: -0.104 (0.0643)
Mean z1*z2: -0.0032
Intercept: 0.0359 (0.0206)

Genetic Correlation
-------------------
Genetic Correlation: nan (nan) (h2  out of bounds) 
Z-score: nan (nan) (h2  out of bounds)
P: nan (nan) (h2  out of bounds)
WARNING: One of the h2's was out of bounds.
This usually indicates a data-munging error or that h2 or N is low.

Computing rg for phenotype 46/68
Reading summary statistics from ../output_sumstats/output_pmid27989323_MCSF_eur.sumstats.gz ...
Read summary statistics for 1217311 SNPs.
After merging with summary statistics, 26307 SNPs remain.
25837 SNPs with valid alleles.
WARNING: number of SNPs less than 200k; this is almost always bad.
ERROR computing rg for phenotype 46/68, from file ../output_sumstats/output_pmid27989323_MCSF_eur.sumstats.gz.
Traceback (most recent call last):
  File "/Users/as/Documents/UNI/Bioinformatik/2023:24_WS/GoBi_Lokal/BlockTeil_Metabolomics/ldsc/ldscore/sumstats.py", line 410, in estimate_rg
    rghat = _rg(loop, args, log, M_annot, ref_ld_cnames, w_ld_cname, i)
  File "/Users/as/Documents/UNI/Bioinformatik/2023:24_WS/GoBi_Lokal/BlockTeil_Metabolomics/ldsc/ldscore/sumstats.py", line 539, in _rg
    intercept_gencov=intercepts[2], n_blocks=n_blocks, twostep=args.two_step)
  File "/Users/as/Documents/UNI/Bioinformatik/2023:24_WS/GoBi_Lokal/BlockTeil_Metabolomics/ldsc/ldscore/regressions.py", line 705, in __init__
    np.multiply(hsq1.tot_delete_values, hsq2.tot_delete_values))
FloatingPointError: invalid value encountered in sqrt


Computing rg for phenotype 47/68
Reading summary statistics from ../output_sumstats/output_pmid27989323_MIF_eur.sumstats.gz ...
Read summary statistics for 1217311 SNPs.
After merging with summary statistics, 26307 SNPs remain.
25919 SNPs with valid alleles.
WARNING: number of SNPs less than 200k; this is almost always bad.

Heritability of phenotype 47/68
-------------------------------
Total Observed scale h2: -0.1373 (0.3206)
Lambda GC: 1.0315
Mean Chi^2: 1.0165
Intercept: 1.0262 (0.0217)
Ratio: 1.589 (1.3164)

Genetic Covariance
------------------
Total Observed scale gencov: -0.0264 (0.0318)
Mean z1*z2: -0.0068
Intercept: 0.0144 (0.0209)

Genetic Correlation
-------------------
Genetic Correlation: nan (nan) (h2  out of bounds) 
Z-score: nan (nan) (h2  out of bounds)
P: nan (nan) (h2  out of bounds)
WARNING: One of the h2's was out of bounds.
This usually indicates a data-munging error or that h2 or N is low.

Computing rg for phenotype 48/68
Reading summary statistics from ../output_sumstats/output_pmid27989323_MIG_eur.sumstats.gz ...
Read summary statistics for 1217311 SNPs.
After merging with summary statistics, 26307 SNPs remain.
25920 SNPs with valid alleles.
WARNING: number of SNPs less than 200k; this is almost always bad.

Heritability of phenotype 48/68
-------------------------------
Total Observed scale h2: 0.307 (0.3786)
Lambda GC: 1.015
Mean Chi^2: 1.0037
Intercept: 0.9806 (0.0234)
Ratio < 0 (usually indicates GC correction).

Genetic Covariance
------------------
Total Observed scale gencov: -0.0045 (0.0309)
Mean z1*z2: -0.0156
Intercept: -0.0083 (0.0198)

Genetic Correlation
-------------------
Genetic Correlation: -0.0255 (0.1811)
Z-score: -0.1411
P: 0.8878

Computing rg for phenotype 49/68
Reading summary statistics from ../output_sumstats/output_pmid27989323_MIP1a_eur.sumstats.gz ...
Read summary statistics for 1217311 SNPs.
After merging with summary statistics, 26307 SNPs remain.
25907 SNPs with valid alleles.
WARNING: number of SNPs less than 200k; this is almost always bad.
ERROR computing rg for phenotype 49/68, from file ../output_sumstats/output_pmid27989323_MIP1a_eur.sumstats.gz.
Traceback (most recent call last):
  File "/Users/as/Documents/UNI/Bioinformatik/2023:24_WS/GoBi_Lokal/BlockTeil_Metabolomics/ldsc/ldscore/sumstats.py", line 410, in estimate_rg
    rghat = _rg(loop, args, log, M_annot, ref_ld_cnames, w_ld_cname, i)
  File "/Users/as/Documents/UNI/Bioinformatik/2023:24_WS/GoBi_Lokal/BlockTeil_Metabolomics/ldsc/ldscore/sumstats.py", line 539, in _rg
    intercept_gencov=intercepts[2], n_blocks=n_blocks, twostep=args.two_step)
  File "/Users/as/Documents/UNI/Bioinformatik/2023:24_WS/GoBi_Lokal/BlockTeil_Metabolomics/ldsc/ldscore/regressions.py", line 705, in __init__
    np.multiply(hsq1.tot_delete_values, hsq2.tot_delete_values))
FloatingPointError: invalid value encountered in sqrt


Computing rg for phenotype 50/68
Reading summary statistics from ../output_sumstats/output_pmid27989323_MIP1b_eur.sumstats.gz ...
Read summary statistics for 1217311 SNPs.
After merging with summary statistics, 26307 SNPs remain.
25931 SNPs with valid alleles.
WARNING: number of SNPs less than 200k; this is almost always bad.

Heritability of phenotype 50/68
-------------------------------
Total Observed scale h2: 0.5587 (0.6858)
Lambda GC: 1.0345
Mean Chi^2: 1.1635
Intercept: 1.0688 (0.1041)
Ratio: 0.4209 (0.637)

Genetic Covariance
------------------
Total Observed scale gencov: 0.061 (0.0217)
Mean z1*z2: 0.0487
Intercept: -0.0259 (0.0183)

Genetic Correlation
-------------------
Genetic Correlation: 0.2573 (0.623)
Z-score: 0.413
P: 0.6796

Computing rg for phenotype 51/68
Reading summary statistics from ../output_sumstats/output_pmid27989323_PDGFbb_eur.sumstats.gz ...
Read summary statistics for 1217311 SNPs.
After merging with summary statistics, 26307 SNPs remain.
25920 SNPs with valid alleles.
WARNING: number of SNPs less than 200k; this is almost always bad.

Heritability of phenotype 51/68
-------------------------------
Total Observed scale h2: -0.1367 (0.1613)
Lambda GC: 1.0772
Mean Chi^2: 1.0417
Intercept: 1.0646 (0.0251)
Ratio: 1.551 (0.6022)

Genetic Covariance
------------------
Total Observed scale gencov: 0.0004 (0.0243)
Mean z1*z2: 0.0072
Intercept: 0.0076 (0.0226)

Genetic Correlation
-------------------
Genetic Correlation: nan (nan) (h2  out of bounds) 
Z-score: nan (nan) (h2  out of bounds)
P: nan (nan) (h2  out of bounds)
WARNING: One of the h2's was out of bounds.
This usually indicates a data-munging error or that h2 or N is low.

Computing rg for phenotype 52/68
Reading summary statistics from ../output_sumstats/output_pmid27989323_RANTES_eur.sumstats.gz ...
Read summary statistics for 1217311 SNPs.
After merging with summary statistics, 26307 SNPs remain.
25905 SNPs with valid alleles.
WARNING: number of SNPs less than 200k; this is almost always bad.

Heritability of phenotype 52/68
-------------------------------
Total Observed scale h2: 0.8986 (0.3904)
Lambda GC: 1.0255
Mean Chi^2: 1.0352
Intercept: 0.973 (0.025)
Ratio < 0 (usually indicates GC correction).

Genetic Covariance
------------------
Total Observed scale gencov: -0.0237 (0.0321)
Mean z1*z2: -0.0237
Intercept: -0.0018 (0.0208)

Genetic Correlation
-------------------
Genetic Correlation: -0.0781 (0.1045)
Z-score: -0.7476
P: 0.4547

Computing rg for phenotype 53/68
Reading summary statistics from ../output_sumstats/output_pmid27989323_SCF_eur.sumstats.gz ...
Read summary statistics for 1217311 SNPs.
After merging with summary statistics, 26307 SNPs remain.
25922 SNPs with valid alleles.
WARNING: number of SNPs less than 200k; this is almost always bad.

Heritability of phenotype 53/68
-------------------------------
Total Observed scale h2: 0.1541 (0.1531)
Lambda GC: 1.0255
Mean Chi^2: 1.0378
Intercept: 1.0132 (0.0241)
Ratio: 0.3487 (0.6382)

Genetic Covariance
------------------
Total Observed scale gencov: 0.0121 (0.02)
Mean z1*z2: 0.0063
Intercept: -0.0128 (0.0189)

Genetic Correlation
-------------------
Genetic Correlation: 0.0964 (0.1687)
Z-score: 0.5714
P: 0.5678

Computing rg for phenotype 54/68
Reading summary statistics from ../output_sumstats/output_pmid27989323_SCGFb_eur.sumstats.gz ...
Read summary statistics for 1217311 SNPs.
After merging with summary statistics, 26307 SNPs remain.
11127 SNPs with valid alleles.
WARNING: number of SNPs less than 200k; this is almost always bad.

Heritability of phenotype 54/68
-------------------------------
Total Observed scale h2: -0.0087 (0.4452)
Lambda GC: 1.0195
Mean Chi^2: 1.021
Intercept: 1.0216 (0.0328)
Ratio: 1.0316 (1.5651)

Genetic Covariance
------------------
Total Observed scale gencov: -0.0766 (0.044)
Mean z1*z2: 0.0033
Intercept: 0.0576 (0.0312)

Genetic Correlation
-------------------
Genetic Correlation: nan (nan) (h2  out of bounds) 
Z-score: nan (nan) (h2  out of bounds)
P: nan (nan) (h2  out of bounds)
WARNING: One of the h2's was out of bounds.
This usually indicates a data-munging error or that h2 or N is low.

Computing rg for phenotype 55/68
Reading summary statistics from ../output_sumstats/output_pmid27989323_SDF1_eur.sumstats.gz ...
Read summary statistics for 1217311 SNPs.
After merging with summary statistics, 26307 SNPs remain.
25896 SNPs with valid alleles.
WARNING: number of SNPs less than 200k; this is almost always bad.

Heritability of phenotype 55/68
-------------------------------
Total Observed scale h2: -0.1133 (0.2294)
Lambda GC: 1.0135
Mean Chi^2: 1.0007
Intercept: 1.0144 (0.028)
Ratio: 21.9768 (42.6219)

Genetic Covariance
------------------
Total Observed scale gencov: 0.0291 (0.0272)
Mean z1*z2: 0.0115
Intercept: -0.0144 (0.0227)

Genetic Correlation
-------------------
Genetic Correlation: nan (nan) (h2  out of bounds) 
Z-score: nan (nan) (h2  out of bounds)
P: nan (nan) (h2  out of bounds)
WARNING: One of the h2's was out of bounds.
This usually indicates a data-munging error or that h2 or N is low.

Computing rg for phenotype 56/68
Reading summary statistics from ../output_sumstats/output_pmid27989323_TNFa_eur.sumstats.gz ...
Read summary statistics for 1217311 SNPs.
After merging with summary statistics, 26307 SNPs remain.
25907 SNPs with valid alleles.
WARNING: number of SNPs less than 200k; this is almost always bad.

Heritability of phenotype 56/68
-------------------------------
Total Observed scale h2: 0.3923 (0.3889)
Lambda GC: 0.9957
Mean Chi^2: 1.0091
Intercept: 0.9821 (0.0241)
Ratio < 0 (usually indicates GC correction).

Genetic Covariance
------------------
Total Observed scale gencov: 0.0079 (0.0314)
Mean z1*z2: -0.0007
Intercept: -0.0049 (0.0186)

Genetic Correlation
-------------------
Genetic Correlation: 0.0399 (0.1656)
Z-score: 0.2407
P: 0.8098

Computing rg for phenotype 57/68
Reading summary statistics from ../output_sumstats/output_pmid27989323_TNFb_eur.sumstats.gz ...
Read summary statistics for 1217311 SNPs.
After merging with summary statistics, 26307 SNPs remain.
23683 SNPs with valid alleles.
WARNING: number of SNPs less than 200k; this is almost always bad.

Heritability of phenotype 57/68
-------------------------------
Total Observed scale h2: -0.9032 (0.8179)
Lambda GC: 1.0165
Mean Chi^2: 0.9928
Intercept: 1.0226 (0.0264)
Ratio: NA (mean chi^2 < 1)

Genetic Covariance
------------------
Total Observed scale gencov: -0.0356 (0.0515)
Mean z1*z2: -0.0257
Intercept: -0.0031 (0.0219)

Genetic Correlation
-------------------
Genetic Correlation: nan (nan) (h2  out of bounds) 
Z-score: nan (nan) (h2  out of bounds)
P: nan (nan) (h2  out of bounds)
WARNING: One of the h2's was out of bounds.
This usually indicates a data-munging error or that h2 or N is low.

Computing rg for phenotype 58/68
Reading summary statistics from ../output_sumstats/output_pmid27989323_TRAIL_eur.sumstats.gz ...
Read summary statistics for 1217311 SNPs.
After merging with summary statistics, 26307 SNPs remain.
25930 SNPs with valid alleles.
WARNING: number of SNPs less than 200k; this is almost always bad.

Heritability of phenotype 58/68
-------------------------------
Total Observed scale h2: 0.2405 (0.1388)
Lambda GC: 1.0421
Mean Chi^2: 1.0253
Intercept: 0.9868 (0.0212)
Ratio < 0 (usually indicates GC correction).

Genetic Covariance
------------------
Total Observed scale gencov: 0.051 (0.0217)
Mean z1*z2: 0.026
Intercept: -0.0256 (0.0209)

Genetic Correlation
-------------------
Genetic Correlation: 0.3269 (0.1888)
Z-score: 1.7319
P: 0.0833

Computing rg for phenotype 59/68
Reading summary statistics from ../output_sumstats/output_pmid27989323_bNGF_eur.sumstats.gz ...
Read summary statistics for 1217311 SNPs.
After merging with summary statistics, 26307 SNPs remain.
25921 SNPs with valid alleles.
WARNING: number of SNPs less than 200k; this is almost always bad.

Heritability of phenotype 59/68
-------------------------------
Total Observed scale h2: 0.4503 (0.3317)
Lambda GC: 0.9927
Mean Chi^2: 1.0008
Intercept: 0.9688 (0.0218)
Ratio < 0 (usually indicates GC correction).

Genetic Covariance
------------------
Total Observed scale gencov: 0.0066 (0.033)
Mean z1*z2: -0.0079
Intercept: -0.0102 (0.0212)

Genetic Correlation
-------------------
Genetic Correlation: 0.0308 (0.154)
Z-score: 0.2
P: 0.8415

Computing rg for phenotype 60/68
Reading summary statistics from ../output_sumstats/output_pmid27989323_eotaxin_eur.sumstats.gz ...
Read summary statistics for 1217311 SNPs.
After merging with summary statistics, 26307 SNPs remain.
25914 SNPs with valid alleles.
WARNING: number of SNPs less than 200k; this is almost always bad.

Heritability of phenotype 60/68
-------------------------------
Total Observed scale h2: 0.2203 (0.2018)
Lambda GC: 1.0105
Mean Chi^2: 1.0846
Intercept: 1.0481 (0.0443)
Ratio: 0.5687 (0.5244)

Genetic Covariance
------------------
Total Observed scale gencov: -0.0136 (0.0227)
Mean z1*z2: 0.007
Intercept: 0.0247 (0.0206)

Genetic Correlation
-------------------
Genetic Correlation: -0.0909 (0.1644)
Z-score: -0.5529
P: 0.5804

Computing rg for phenotype 61/68
Reading summary statistics from ../output_sumstats/output_pmid27989323_ip10_eur.sumstats.gz ...
Read summary statistics for 1217311 SNPs.
After merging with summary statistics, 26307 SNPs remain.
25912 SNPs with valid alleles.
WARNING: number of SNPs less than 200k; this is almost always bad.

Heritability of phenotype 61/68
-------------------------------
Total Observed scale h2: 0.4162 (0.3878)
Lambda GC: 1.0225
Mean Chi^2: 1.0333
Intercept: 1.0024 (0.0255)
Ratio: 0.0733 (0.768)

Genetic Covariance
------------------
Total Observed scale gencov: 0.0693 (0.033)
Mean z1*z2: 0.002
Intercept: -0.0498 (0.0212)

Genetic Correlation
-------------------
Genetic Correlation: 0.3348 (0.2502)
Z-score: 1.3384
P: 0.1808

Computing rg for phenotype 62/68
Reading summary statistics from ../output_sumstats/output_pmid29566793_ALS_eur.sumstats.gz ...
Read summary statistics for 1217311 SNPs.
After merging with summary statistics, 26307 SNPs remain.
26154 SNPs with valid alleles.
WARNING: number of SNPs less than 200k; this is almost always bad.

Heritability of phenotype 62/68
-------------------------------
Total Observed scale h2: 0.0655 (0.0262)
Lambda GC: 1.0679
Mean Chi^2: 1.117
Intercept: 1.01 (0.0266)
Ratio: 0.0852 (0.2277)

Genetic Covariance
------------------
Total Observed scale gencov: -0.0032 (0.0073)
Mean z1*z2: -0.0034
Intercept: 0.005 (0.0217)

Genetic Correlation
-------------------
Genetic Correlation: -0.0413 (0.0918)
Z-score: -0.4501
P: 0.6527

Computing rg for phenotype 63/68
Reading summary statistics from ../output_sumstats/output_pmid30054458_T2d_eur.sumstats.gz ...
Read summary statistics for 1217311 SNPs.
After merging with summary statistics, 26307 SNPs remain.
21552 SNPs with valid alleles.
WARNING: number of SNPs less than 200k; this is almost always bad.

Heritability of phenotype 63/68
-------------------------------
Total Observed scale h2: 0.1344 (0.0315)
Lambda GC: 1.6448
Mean Chi^2: 2.734
Intercept: 1.0644 (0.1357)
Ratio: 0.0371 (0.0783)

Genetic Covariance
------------------
Total Observed scale gencov: 0.0867 (0.0217)
Mean z1*z2: 1.1058
Intercept: 0.2075 (0.1262)

Genetic Correlation
-------------------
Genetic Correlation: 0.8201 (0.0505)
Z-score: 16.2307
P: 3.0591e-59

Computing rg for phenotype 64/68
Reading summary statistics from ../output_sumstats/output_pmid33111402_PD_eur.sumstats.gz ...
Read summary statistics for 1217311 SNPs.
After merging with summary statistics, 26307 SNPs remain.
201 SNPs with valid alleles.
WARNING: number of SNPs less than 200k; this is almost always bad.
ERROR computing rg for phenotype 64/68, from file ../output_sumstats/output_pmid33111402_PD_eur.sumstats.gz.
Traceback (most recent call last):
  File "/Users/as/Documents/UNI/Bioinformatik/2023:24_WS/GoBi_Lokal/BlockTeil_Metabolomics/ldsc/ldscore/sumstats.py", line 410, in estimate_rg
    rghat = _rg(loop, args, log, M_annot, ref_ld_cnames, w_ld_cname, i)
  File "/Users/as/Documents/UNI/Bioinformatik/2023:24_WS/GoBi_Lokal/BlockTeil_Metabolomics/ldsc/ldscore/sumstats.py", line 539, in _rg
    intercept_gencov=intercepts[2], n_blocks=n_blocks, twostep=args.two_step)
  File "/Users/as/Documents/UNI/Bioinformatik/2023:24_WS/GoBi_Lokal/BlockTeil_Metabolomics/ldsc/ldscore/regressions.py", line 705, in __init__
    np.multiply(hsq1.tot_delete_values, hsq2.tot_delete_values))
FloatingPointError: invalid value encountered in sqrt


Computing rg for phenotype 65/68
Reading summary statistics from ../output_sumstats/output_pmid33310728_RA_eur.sumstats.gz ...
Read summary statistics for 1217311 SNPs.
After merging with summary statistics, 26307 SNPs remain.
25977 SNPs with valid alleles.
WARNING: number of SNPs less than 200k; this is almost always bad.

Heritability of phenotype 65/68
-------------------------------
Total Observed scale h2: 0.1061 (0.0246)
Lambda GC: 1.2005
Mean Chi^2: 1.6345
Intercept: 1.0198 (0.0623)
Ratio: 0.0311 (0.0982)

Genetic Covariance
------------------
Total Observed scale gencov: 0.0005 (0.0049)
Mean z1*z2: -0.038
Intercept: -0.0414 (0.0246)

Genetic Correlation
-------------------
Genetic Correlation: 0.0049 (0.0499)
Z-score: 0.098
P: 0.9219

Computing rg for phenotype 66/68
Reading summary statistics from ../output_sumstats/output_pmid33589841_LBD_eur.sumstats.gz ...
Read summary statistics for 1217311 SNPs.
After merging with summary statistics, 26307 SNPs remain.
23871 SNPs with valid alleles.
WARNING: number of SNPs less than 200k; this is almost always bad.

Heritability of phenotype 66/68
-------------------------------
Total Observed scale h2: -0.1155 (0.535)
Lambda GC: 1.0405
Mean Chi^2: 1.0606
Intercept: 1.076 (0.0875)
Ratio: 1.2533 (1.4436)

Genetic Covariance
------------------
Total Observed scale gencov: 0.0116 (0.0291)
Mean z1*z2: -0.0108
Intercept: -0.0181 (0.0276)

Genetic Correlation
-------------------
Genetic Correlation: nan (nan) (h2  out of bounds) 
Z-score: nan (nan) (h2  out of bounds)
P: nan (nan) (h2  out of bounds)
WARNING: One of the h2's was out of bounds.
This usually indicates a data-munging error or that h2 or N is low.

Computing rg for phenotype 67/68
Reading summary statistics from ../output_sumstats/output_pmid33987465_PD_eur.sumstats.gz ...
Read summary statistics for 1217311 SNPs.
After merging with summary statistics, 26307 SNPs remain.
26141 SNPs with valid alleles.
WARNING: number of SNPs less than 200k; this is almost always bad.

Heritability of phenotype 67/68
-------------------------------
Total Observed scale h2: 0.5746 (0.4783)
Lambda GC: 1.0075
Mean Chi^2: 1.0139
Intercept: 0.9808 (0.0233)
Ratio < 0 (usually indicates GC correction).

Genetic Covariance
------------------
Total Observed scale gencov: -0.0286 (0.0407)
Mean z1*z2: 0.0173
Intercept: 0.0366 (0.0226)

Genetic Correlation
-------------------
Genetic Correlation: -0.1217 (0.1921)
Z-score: -0.6335
P: 0.5264

Computing rg for phenotype 68/68
Reading summary statistics from ../output_sumstats/output_pmid34737426_APH_eur.sumstats.gz ...
Read summary statistics for 1217311 SNPs.
After merging with summary statistics, 26307 SNPs remain.
25690 SNPs with valid alleles.
WARNING: number of SNPs less than 200k; this is almost always bad.

Heritability of phenotype 68/68
-------------------------------
Total Observed scale h2: -0.0008 (0.0026)
Lambda GC: 1.0255
Mean Chi^2: 0.9931
Intercept: 1.0008 (0.0246)
Ratio: NA (mean chi^2 < 1)

Genetic Covariance
------------------
Total Observed scale gencov: 0.0013 (0.0031)
Mean z1*z2: 0.0113
Intercept: -0.0056 (0.0214)

Genetic Correlation
-------------------
Genetic Correlation: nan (nan) (h2  out of bounds) 
Z-score: nan (nan) (h2  out of bounds)
P: nan (nan) (h2  out of bounds)
WARNING: One of the h2's was out of bounds.
This usually indicates a data-munging error or that h2 or N is low.


Summary of Genetic Correlation Results
                                                                p1                                                                      p2        rg         se        z          p     h2_obs h2_obs_se  h2_int h2_int_se   gcov_int gcov_int_se
 ../output_sumstats/output_pmid29632382_T2d-BMIadj_eur.sumstats.gz       ../output_sumstats/output_pmid29632382_T2d-BMIadj_eur.sumstats.gz     1.001  0.0003233     3095          0    0.09498   0.02638   1.045   0.07618      1.045     0.07619
 ../output_sumstats/output_pmid29632382_T2d-BMIadj_eur.sumstats.gz               ../output_sumstats/output_pmid21833088_MS_eur.sumstats.gz   0.07451    0.08698   0.8566     0.3917     0.4271    0.1134   1.121   0.04279   0.008031     0.03388
 ../output_sumstats/output_pmid29632382_T2d-BMIadj_eur.sumstats.gz               ../output_sumstats/output_pmid24076602_MS_eur.sumstats.gz    0.1253     0.1031    1.215     0.2243      1.904    0.9912   1.738    0.6683   -0.06901      0.1319
 ../output_sumstats/output_pmid29632382_T2d-BMIadj_eur.sumstats.gz  ../output_sumstats/output_pmid24816252_acetylcarnitine_eur.sumstats.gz        NA         NA       NA         NA    -0.2169     0.214   1.026   0.02954   0.002278     0.02109
 ../output_sumstats/output_pmid29632382_T2d-BMIadj_eur.sumstats.gz          ../output_sumstats/output_pmid24816252_alanine_eur.sumstats.gz  -0.09021     0.1122  -0.8043     0.4212     0.6399    0.2198   1.023   0.02461    0.05009     0.02447
 ../output_sumstats/output_pmid29632382_T2d-BMIadj_eur.sumstats.gz         ../output_sumstats/output_pmid24816252_arginine_eur.sumstats.gz   -0.2284     0.2001   -1.142     0.2536     0.1851    0.1688   1.032    0.0238    0.01815     0.02184
 ../output_sumstats/output_pmid29632382_T2d-BMIadj_eur.sumstats.gz       ../output_sumstats/output_pmid24816252_asparagine_eur.sumstats.gz -0.001919    0.09949 -0.01929     0.9846      0.615    0.2006   1.021   0.02834   0.001643     0.02277
 ../output_sumstats/output_pmid29632382_T2d-BMIadj_eur.sumstats.gz      ../output_sumstats/output_pmid24816252_cholesterol_eur.sumstats.gz   0.05215     0.1343   0.3882     0.6979     0.3496    0.2109   1.054    0.0344   -0.02949     0.02318
 ../output_sumstats/output_pmid29632382_T2d-BMIadj_eur.sumstats.gz          ../output_sumstats/output_pmid24816252_citrate_eur.sumstats.gz   -0.2737     0.1225   -2.234    0.02546     0.5177    0.2077   1.084   0.02902    0.03909      0.0236
 ../output_sumstats/output_pmid29632382_T2d-BMIadj_eur.sumstats.gz        ../output_sumstats/output_pmid24816252_glutamate_eur.sumstats.gz    0.1978     0.3423   0.5778     0.5634    0.07892    0.1514  0.9526   0.02302    0.04316     0.02247
 ../output_sumstats/output_pmid29632382_T2d-BMIadj_eur.sumstats.gz         ../output_sumstats/output_pmid24816252_glycerol_eur.sumstats.gz        NA         NA       NA         NA   -0.05369    0.1487   1.001   0.02096    0.02671       0.024
 ../output_sumstats/output_pmid29632382_T2d-BMIadj_eur.sumstats.gz        ../output_sumstats/output_pmid24816252_histidine_eur.sumstats.gz   0.04397    0.09562   0.4598     0.6456     0.5577    0.2095  0.7624   0.02174   -0.01006     0.02044
 ../output_sumstats/output_pmid29632382_T2d-BMIadj_eur.sumstats.gz       ../output_sumstats/output_pmid24816252_isoleucine_eur.sumstats.gz        NA         NA       NA         NA   -0.05299      0.15  0.9626   0.02332     0.0318     0.02466
 ../output_sumstats/output_pmid29632382_T2d-BMIadj_eur.sumstats.gz    ../output_sumstats/output_pmid24816252_phenylalanine_eur.sumstats.gz  -0.09966      0.108   -0.923      0.356     0.4188    0.1575  0.7639   0.02106    0.02475     0.02047
 ../output_sumstats/output_pmid29632382_T2d-BMIadj_eur.sumstats.gz          ../output_sumstats/output_pmid24816252_proline_eur.sumstats.gz   0.09725     0.1723   0.5643     0.5726     0.1981    0.1959   1.083   0.02769    0.03318     0.02419
 ../output_sumstats/output_pmid29632382_T2d-BMIadj_eur.sumstats.gz         ../output_sumstats/output_pmid24816252_pyruvate_eur.sumstats.gz   -0.1767    0.09486   -1.863    0.06249     0.5785    0.1847  0.9459   0.02144    0.05399     0.02123
 ../output_sumstats/output_pmid29632382_T2d-BMIadj_eur.sumstats.gz        ../output_sumstats/output_pmid24816252_threonine_eur.sumstats.gz   -0.1579     0.2249  -0.7023     0.4825     0.2537     0.227  0.9951   0.02407    0.04031     0.02494
 ../output_sumstats/output_pmid29632382_T2d-BMIadj_eur.sumstats.gz       ../output_sumstats/output_pmid24816252_tryptophan_eur.sumstats.gz   0.05425    0.08125   0.6677     0.5043       1.05    0.2208   1.097   0.03017   -0.01192     0.02691
 ../output_sumstats/output_pmid29632382_T2d-BMIadj_eur.sumstats.gz         ../output_sumstats/output_pmid24816252_tyrosine_eur.sumstats.gz   0.01193     0.1413  0.08438     0.9328      0.288    0.1834   1.025   0.02513    0.01606     0.02266
 ../output_sumstats/output_pmid29632382_T2d-BMIadj_eur.sumstats.gz             ../output_sumstats/output_pmid24816252_urea_eur.sumstats.gz        NA         NA       NA         NA    -0.1419    0.1406   1.007   0.02183   -0.02687     0.02022
 ../output_sumstats/output_pmid29632382_T2d-BMIadj_eur.sumstats.gz               ../output_sumstats/output_pmid27386562_MS_eur.sumstats.gz   -0.2041    0.07171   -2.846   0.004431     0.7332    0.1422   1.061   0.02928    0.05706     0.02315
 ../output_sumstats/output_pmid29632382_T2d-BMIadj_eur.sumstats.gz              ../output_sumstats/output_pmid27455348_ALS_eur.sumstats.gz  -0.01001    0.08173  -0.1225     0.9025     0.1551   0.04555  0.9574   0.02424   0.004457     0.01944
 ../output_sumstats/output_pmid29632382_T2d-BMIadj_eur.sumstats.gz            ../output_sumstats/output_pmid27989323_CTACK_eur.sumstats.gz        NA         NA       NA         NA  -0.003835    0.3281   1.032   0.02437   -0.02857     0.02445
 ../output_sumstats/output_pmid29632382_T2d-BMIadj_eur.sumstats.gz             ../output_sumstats/output_pmid27989323_GCSF_eur.sumstats.gz        NA         NA       NA         NA         NA        NA      NA        NA         NA          NA
 ../output_sumstats/output_pmid29632382_T2d-BMIadj_eur.sumstats.gz             ../output_sumstats/output_pmid27989323_GROa_eur.sumstats.gz        NA         NA       NA         NA         NA        NA      NA        NA         NA          NA
 ../output_sumstats/output_pmid29632382_T2d-BMIadj_eur.sumstats.gz              ../output_sumstats/output_pmid27989323_HGF_eur.sumstats.gz        NA         NA       NA         NA     -0.325    0.1596   1.056   0.02701    0.01646     0.02372
 ../output_sumstats/output_pmid29632382_T2d-BMIadj_eur.sumstats.gz             ../output_sumstats/output_pmid27989323_IFNg_eur.sumstats.gz    0.2396     0.2718   0.8818     0.3779     0.1282    0.1893   1.001   0.02715   -0.01433     0.02089
 ../output_sumstats/output_pmid29632382_T2d-BMIadj_eur.sumstats.gz             ../output_sumstats/output_pmid27989323_IL10_eur.sumstats.gz        NA         NA       NA         NA   -0.03482    0.1749   1.039    0.0283  -0.001454     0.02056
 ../output_sumstats/output_pmid29632382_T2d-BMIadj_eur.sumstats.gz          ../output_sumstats/output_pmid27989323_IL12p70_eur.sumstats.gz        NA         NA       NA         NA     -0.063    0.2023   1.073   0.03895     0.0249     0.02065
 ../output_sumstats/output_pmid29632382_T2d-BMIadj_eur.sumstats.gz             ../output_sumstats/output_pmid27989323_IL13_eur.sumstats.gz        NA         NA       NA         NA    -0.0772     0.369   1.003   0.02777   0.008074     0.01998
 ../output_sumstats/output_pmid29632382_T2d-BMIadj_eur.sumstats.gz             ../output_sumstats/output_pmid27989323_IL16_eur.sumstats.gz    -0.146     0.1052   -1.388     0.1652     0.8028    0.3328  0.9617   0.02294   0.001474     0.01859
 ../output_sumstats/output_pmid29632382_T2d-BMIadj_eur.sumstats.gz             ../output_sumstats/output_pmid27989323_IL17_eur.sumstats.gz        NA         NA       NA         NA     -7.439     4.405   1.707    0.4829    0.08382      0.2025
 ../output_sumstats/output_pmid29632382_T2d-BMIadj_eur.sumstats.gz             ../output_sumstats/output_pmid27989323_IL18_eur.sumstats.gz   -0.2914     0.2624   -1.111     0.2668     0.5134    0.5245  0.9679   0.03854    0.04254      0.0284
 ../output_sumstats/output_pmid29632382_T2d-BMIadj_eur.sumstats.gz            ../output_sumstats/output_pmid27989323_IL1ra_eur.sumstats.gz    0.1133      0.199   0.5694     0.5691     0.4279    0.4875  0.9871   0.02674   -0.01314     0.02064
 ../output_sumstats/output_pmid29632382_T2d-BMIadj_eur.sumstats.gz              ../output_sumstats/output_pmid27989323_IL2_eur.sumstats.gz        NA         NA       NA         NA         NA        NA      NA        NA         NA          NA
 ../output_sumstats/output_pmid29632382_T2d-BMIadj_eur.sumstats.gz            ../output_sumstats/output_pmid27989323_IL2ra_eur.sumstats.gz        NA         NA       NA         NA         NA        NA      NA        NA         NA          NA
 ../output_sumstats/output_pmid29632382_T2d-BMIadj_eur.sumstats.gz              ../output_sumstats/output_pmid27989323_IL4_eur.sumstats.gz    0.1157     0.1791   0.6463     0.5181     0.1738    0.1688   1.006    0.0242   -0.00142     0.02132
 ../output_sumstats/output_pmid29632382_T2d-BMIadj_eur.sumstats.gz              ../output_sumstats/output_pmid27989323_IL5_eur.sumstats.gz        NA         NA       NA         NA    -0.1612     0.354   1.008   0.02344   -0.01368     0.01763
 ../output_sumstats/output_pmid29632382_T2d-BMIadj_eur.sumstats.gz              ../output_sumstats/output_pmid27989323_IL6_eur.sumstats.gz        NA         NA       NA         NA         NA        NA      NA        NA         NA          NA
 ../output_sumstats/output_pmid29632382_T2d-BMIadj_eur.sumstats.gz              ../output_sumstats/output_pmid27989323_IL7_eur.sumstats.gz        NA         NA       NA         NA         NA        NA      NA        NA         NA          NA
 ../output_sumstats/output_pmid29632382_T2d-BMIadj_eur.sumstats.gz              ../output_sumstats/output_pmid27989323_IL8_eur.sumstats.gz -0.009377     0.1895 -0.04948     0.9605     0.3021    0.4309  0.9807   0.02432   0.001962     0.01691
 ../output_sumstats/output_pmid29632382_T2d-BMIadj_eur.sumstats.gz              ../output_sumstats/output_pmid27989323_IL9_eur.sumstats.gz        NA         NA       NA         NA         NA        NA      NA        NA         NA          NA
 ../output_sumstats/output_pmid29632382_T2d-BMIadj_eur.sumstats.gz             ../output_sumstats/output_pmid27989323_MCP1_eur.sumstats.gz   0.05938     0.1088   0.5459     0.5851     0.4288    0.1641  0.9998   0.02662  0.0003657     0.01995
 ../output_sumstats/output_pmid29632382_T2d-BMIadj_eur.sumstats.gz             ../output_sumstats/output_pmid27989323_MCP3_eur.sumstats.gz        NA         NA       NA         NA     -2.346     1.544   1.052   0.02729    0.03586     0.02062
 ../output_sumstats/output_pmid29632382_T2d-BMIadj_eur.sumstats.gz             ../output_sumstats/output_pmid27989323_MCSF_eur.sumstats.gz        NA         NA       NA         NA         NA        NA      NA        NA         NA          NA
 ../output_sumstats/output_pmid29632382_T2d-BMIadj_eur.sumstats.gz              ../output_sumstats/output_pmid27989323_MIF_eur.sumstats.gz        NA         NA       NA         NA    -0.1373    0.3206   1.026   0.02174     0.0144     0.02089
 ../output_sumstats/output_pmid29632382_T2d-BMIadj_eur.sumstats.gz              ../output_sumstats/output_pmid27989323_MIG_eur.sumstats.gz  -0.02555     0.1811  -0.1411     0.8878      0.307    0.3786  0.9806   0.02345  -0.008346      0.0198
 ../output_sumstats/output_pmid29632382_T2d-BMIadj_eur.sumstats.gz            ../output_sumstats/output_pmid27989323_MIP1a_eur.sumstats.gz        NA         NA       NA         NA         NA        NA      NA        NA         NA          NA
 ../output_sumstats/output_pmid29632382_T2d-BMIadj_eur.sumstats.gz            ../output_sumstats/output_pmid27989323_MIP1b_eur.sumstats.gz    0.2573      0.623    0.413     0.6796     0.5587    0.6858   1.069    0.1041   -0.02593     0.01833
 ../output_sumstats/output_pmid29632382_T2d-BMIadj_eur.sumstats.gz           ../output_sumstats/output_pmid27989323_PDGFbb_eur.sumstats.gz        NA         NA       NA         NA    -0.1367    0.1613   1.065   0.02508   0.007572     0.02262
 ../output_sumstats/output_pmid29632382_T2d-BMIadj_eur.sumstats.gz           ../output_sumstats/output_pmid27989323_RANTES_eur.sumstats.gz   -0.0781     0.1045  -0.7476     0.4547     0.8986    0.3904   0.973     0.025  -0.001781     0.02081
 ../output_sumstats/output_pmid29632382_T2d-BMIadj_eur.sumstats.gz              ../output_sumstats/output_pmid27989323_SCF_eur.sumstats.gz   0.09639     0.1687   0.5714     0.5678     0.1541    0.1531   1.013   0.02411   -0.01278     0.01888
 ../output_sumstats/output_pmid29632382_T2d-BMIadj_eur.sumstats.gz            ../output_sumstats/output_pmid27989323_SCGFb_eur.sumstats.gz        NA         NA       NA         NA  -0.008669    0.4452   1.022    0.0328    0.05755     0.03123
 ../output_sumstats/output_pmid29632382_T2d-BMIadj_eur.sumstats.gz             ../output_sumstats/output_pmid27989323_SDF1_eur.sumstats.gz        NA         NA       NA         NA    -0.1133    0.2294   1.014   0.02798   -0.01444     0.02272
 ../output_sumstats/output_pmid29632382_T2d-BMIadj_eur.sumstats.gz             ../output_sumstats/output_pmid27989323_TNFa_eur.sumstats.gz   0.03986     0.1656   0.2407     0.8098     0.3923    0.3889  0.9821   0.02411  -0.004945     0.01862
 ../output_sumstats/output_pmid29632382_T2d-BMIadj_eur.sumstats.gz             ../output_sumstats/output_pmid27989323_TNFb_eur.sumstats.gz        NA         NA       NA         NA    -0.9032    0.8179   1.023   0.02644  -0.003089     0.02194
 ../output_sumstats/output_pmid29632382_T2d-BMIadj_eur.sumstats.gz            ../output_sumstats/output_pmid27989323_TRAIL_eur.sumstats.gz    0.3269     0.1888    1.732    0.08329     0.2405    0.1388  0.9868   0.02122   -0.02556      0.0209
 ../output_sumstats/output_pmid29632382_T2d-BMIadj_eur.sumstats.gz             ../output_sumstats/output_pmid27989323_bNGF_eur.sumstats.gz   0.03081      0.154      0.2     0.8415     0.4503    0.3317  0.9688   0.02178   -0.01017     0.02121
 ../output_sumstats/output_pmid29632382_T2d-BMIadj_eur.sumstats.gz          ../output_sumstats/output_pmid27989323_eotaxin_eur.sumstats.gz  -0.09088     0.1644  -0.5529     0.5804     0.2203    0.2018   1.048   0.04434    0.02473     0.02064
 ../output_sumstats/output_pmid29632382_T2d-BMIadj_eur.sumstats.gz             ../output_sumstats/output_pmid27989323_ip10_eur.sumstats.gz    0.3348     0.2502    1.338     0.1808     0.4162    0.3878   1.002   0.02554   -0.04976     0.02122
 ../output_sumstats/output_pmid29632382_T2d-BMIadj_eur.sumstats.gz              ../output_sumstats/output_pmid29566793_ALS_eur.sumstats.gz  -0.04131    0.09179  -0.4501     0.6527    0.06545   0.02625    1.01   0.02664   0.005021      0.0217
 ../output_sumstats/output_pmid29632382_T2d-BMIadj_eur.sumstats.gz              ../output_sumstats/output_pmid30054458_T2d_eur.sumstats.gz    0.8201    0.05052    16.23  3.059e-59     0.1344   0.03149   1.064    0.1357     0.2075      0.1262
 ../output_sumstats/output_pmid29632382_T2d-BMIadj_eur.sumstats.gz               ../output_sumstats/output_pmid33111402_PD_eur.sumstats.gz        NA         NA       NA         NA         NA        NA      NA        NA         NA          NA
 ../output_sumstats/output_pmid29632382_T2d-BMIadj_eur.sumstats.gz               ../output_sumstats/output_pmid33310728_RA_eur.sumstats.gz  0.004889    0.04988  0.09803     0.9219     0.1061   0.02464    1.02   0.06232   -0.04136     0.02458
 ../output_sumstats/output_pmid29632382_T2d-BMIadj_eur.sumstats.gz              ../output_sumstats/output_pmid33589841_LBD_eur.sumstats.gz        NA         NA       NA         NA    -0.1155     0.535   1.076    0.0875   -0.01809      0.0276
 ../output_sumstats/output_pmid29632382_T2d-BMIadj_eur.sumstats.gz               ../output_sumstats/output_pmid33987465_PD_eur.sumstats.gz   -0.1217     0.1921  -0.6335     0.5264     0.5746    0.4783  0.9808   0.02332    0.03656     0.02257
 ../output_sumstats/output_pmid29632382_T2d-BMIadj_eur.sumstats.gz              ../output_sumstats/output_pmid34737426_APH_eur.sumstats.gz        NA         NA       NA         NA -0.0008384   0.00256   1.001   0.02463  -0.005644     0.02144

Analysis finished at Sun Feb 25 00:09:08 2024
Total time elapsed: 47.0m:31.83s
