*********************************************************************
* LD Score Regression (LDSC)
* Version 1.0.1
* (C) 2014-2019 Brendan Bulik-Sullivan and Hilary Finucane
* Broad Institute of MIT and Harvard / MIT Department of Mathematics
* GNU General Public License v3
*********************************************************************
Call: 
./ldsc.py \
--ref-ld-chr ../input_files/eur_w_ld_chr/ \
--out ../output_ld_regression/output_pmid27989323_GCSF_eur_ldReg \
--rg ../output_sumstats/output_pmid27989323_GCSF_eur.sumstats.gz,../output_sumstats/output_pmid27989323_GCSF_eur.sumstats.gz,../output_sumstats/output_pmid21833088_MS_eur.sumstats.gz,../output_sumstats/output_pmid24076602_MS_eur.sumstats.gz,../output_sumstats/output_pmid24816252_acetylcarnitine_eur.sumstats.gz,../output_sumstats/output_pmid24816252_alanine_eur.sumstats.gz,../output_sumstats/output_pmid24816252_arginine_eur.sumstats.gz,../output_sumstats/output_pmid24816252_asparagine_eur.sumstats.gz,../output_sumstats/output_pmid24816252_cholesterol_eur.sumstats.gz,../output_sumstats/output_pmid24816252_citrate_eur.sumstats.gz,../output_sumstats/output_pmid24816252_glutamate_eur.sumstats.gz,../output_sumstats/output_pmid24816252_glycerol_eur.sumstats.gz,../output_sumstats/output_pmid24816252_histidine_eur.sumstats.gz,../output_sumstats/output_pmid24816252_isoleucine_eur.sumstats.gz,../output_sumstats/output_pmid24816252_phenylalanine_eur.sumstats.gz,../output_sumstats/output_pmid24816252_proline_eur.sumstats.gz,../output_sumstats/output_pmid24816252_pyruvate_eur.sumstats.gz,../output_sumstats/output_pmid24816252_threonine_eur.sumstats.gz,../output_sumstats/output_pmid24816252_tryptophan_eur.sumstats.gz,../output_sumstats/output_pmid24816252_tyrosine_eur.sumstats.gz,../output_sumstats/output_pmid24816252_urea_eur.sumstats.gz,../output_sumstats/output_pmid27386562_MS_eur.sumstats.gz,../output_sumstats/output_pmid27455348_ALS_eur.sumstats.gz,../output_sumstats/output_pmid27989323_CTACK_eur.sumstats.gz,../output_sumstats/output_pmid27989323_GROa_eur.sumstats.gz,../output_sumstats/output_pmid27989323_HGF_eur.sumstats.gz,../output_sumstats/output_pmid27989323_IFNg_eur.sumstats.gz,../output_sumstats/output_pmid27989323_IL10_eur.sumstats.gz,../output_sumstats/output_pmid27989323_IL12p70_eur.sumstats.gz,../output_sumstats/output_pmid27989323_IL13_eur.sumstats.gz,../output_sumstats/output_pmid27989323_IL16_eur.sumstats.gz,../output_sumstats/output_pmid27989323_IL17_eur.sumstats.gz,../output_sumstats/output_pmid27989323_IL18_eur.sumstats.gz,../output_sumstats/output_pmid27989323_IL1ra_eur.sumstats.gz,../output_sumstats/output_pmid27989323_IL2_eur.sumstats.gz,../output_sumstats/output_pmid27989323_IL2ra_eur.sumstats.gz,../output_sumstats/output_pmid27989323_IL4_eur.sumstats.gz,../output_sumstats/output_pmid27989323_IL5_eur.sumstats.gz,../output_sumstats/output_pmid27989323_IL6_eur.sumstats.gz,../output_sumstats/output_pmid27989323_IL7_eur.sumstats.gz,../output_sumstats/output_pmid27989323_IL8_eur.sumstats.gz,../output_sumstats/output_pmid27989323_IL9_eur.sumstats.gz,../output_sumstats/output_pmid27989323_MCP1_eur.sumstats.gz,../output_sumstats/output_pmid27989323_MCP3_eur.sumstats.gz,../output_sumstats/output_pmid27989323_MCSF_eur.sumstats.gz,../output_sumstats/output_pmid27989323_MIF_eur.sumstats.gz,../output_sumstats/output_pmid27989323_MIG_eur.sumstats.gz,../output_sumstats/output_pmid27989323_MIP1a_eur.sumstats.gz,../output_sumstats/output_pmid27989323_MIP1b_eur.sumstats.gz,../output_sumstats/output_pmid27989323_PDGFbb_eur.sumstats.gz,../output_sumstats/output_pmid27989323_RANTES_eur.sumstats.gz,../output_sumstats/output_pmid27989323_SCF_eur.sumstats.gz,../output_sumstats/output_pmid27989323_SCGFb_eur.sumstats.gz,../output_sumstats/output_pmid27989323_SDF1_eur.sumstats.gz,../output_sumstats/output_pmid27989323_TNFa_eur.sumstats.gz,../output_sumstats/output_pmid27989323_TNFb_eur.sumstats.gz,../output_sumstats/output_pmid27989323_TRAIL_eur.sumstats.gz,../output_sumstats/output_pmid27989323_bNGF_eur.sumstats.gz,../output_sumstats/output_pmid27989323_eotaxin_eur.sumstats.gz,../output_sumstats/output_pmid27989323_ip10_eur.sumstats.gz,../output_sumstats/output_pmid29566793_ALS_eur.sumstats.gz,../output_sumstats/output_pmid29632382_T2d-BMIadj_eur.sumstats.gz,../output_sumstats/output_pmid30054458_T2d_eur.sumstats.gz,../output_sumstats/output_pmid33111402_PD_eur.sumstats.gz,../output_sumstats/output_pmid33310728_RA_eur.sumstats.gz,../output_sumstats/output_pmid33589841_LBD_eur.sumstats.gz,../output_sumstats/output_pmid33987465_PD_eur.sumstats.gz,../output_sumstats/output_pmid34737426_APH_eur.sumstats.gz \
--w-ld-chr ../input_files/eur_w_ld_chr/ 

Beginning analysis at Sat Feb 24 08:29:42 2024
Reading summary statistics from ../output_sumstats/output_pmid27989323_GCSF_eur.sumstats.gz ...
Read summary statistics for 1179502 SNPs.
Reading reference panel LD Score from ../input_files/eur_w_ld_chr/[1-22] ... (ldscore_fromlist)
Read reference panel LD Scores for 1290028 SNPs.
Removing partitioned LD Scores with zero variance.
Reading regression weight LD Score from ../input_files/eur_w_ld_chr/[1-22] ... (ldscore_fromlist)
Read regression weight LD Scores for 1290028 SNPs.
After merging with reference panel LD, 1167036 SNPs remain.
After merging with regression SNP LD, 1167036 SNPs remain.
Computing rg for phenotype 2/68
Reading summary statistics from ../output_sumstats/output_pmid27989323_GCSF_eur.sumstats.gz ...
Read summary statistics for 1217311 SNPs.
After merging with summary statistics, 1167036 SNPs remain.
1167036 SNPs with valid alleles.

Heritability of phenotype 1
---------------------------
Total Observed scale h2: 0.0223 (0.0615)
Lambda GC: 1.0165
Mean Chi^2: 1.0107
Intercept: 1.0072 (0.0079)
Ratio: 0.6743 (0.7404)

Heritability of phenotype 2/68
------------------------------
Total Observed scale h2: 0.0223 (0.0615)
Lambda GC: 1.0165
Mean Chi^2: 1.0107
Intercept: 1.0072 (0.0079)
Ratio: 0.6743 (0.7404)

Genetic Covariance
------------------
Total Observed scale gencov: 0.0223 (0.0615)
Mean z1*z2: 1.0107
Intercept: 1.0072 (0.0079)

Genetic Correlation
-------------------
Genetic Correlation: 1. (1.3161e-07)
Z-score: 7598272.1937
P: 0.

Computing rg for phenotype 3/68
Reading summary statistics from ../output_sumstats/output_pmid21833088_MS_eur.sumstats.gz ...
Read summary statistics for 1217311 SNPs.
After merging with summary statistics, 1167036 SNPs remain.
449814 SNPs with valid alleles.

Heritability of phenotype 3/68
------------------------------
Total Observed scale h2: 0.0561 (0.0282)
Lambda GC: 1.0405
Mean Chi^2: 1.0856
Intercept: 1.0588 (0.0089)
Ratio: 0.686 (0.1045)

Genetic Covariance
------------------
Total Observed scale gencov: 0.0111 (0.0252)
Mean z1*z2: 0.0012
Intercept: -0.0016 (0.0052)

Genetic Correlation
-------------------
Genetic Correlation: nan (nan) (h2  out of bounds) 
Z-score: nan (nan) (h2  out of bounds)
P: nan (nan) (h2  out of bounds)
WARNING: One of the h2's was out of bounds.
This usually indicates a data-munging error or that h2 or N is low.

Computing rg for phenotype 4/68
Reading summary statistics from ../output_sumstats/output_pmid24076602_MS_eur.sumstats.gz ...
Read summary statistics for 1217311 SNPs.
After merging with summary statistics, 1167036 SNPs remain.
49506 SNPs with valid alleles.
WARNING: number of SNPs less than 200k; this is almost always bad.

Heritability of phenotype 4/68
------------------------------
Total Observed scale h2: 1.5878 (0.2423)
Lambda GC: 1.4602
Mean Chi^2: 2.2014
Intercept: 1.0118 (0.0869)
Ratio: 0.0098 (0.0724)

Genetic Covariance
------------------
Total Observed scale gencov: -0.0638 (0.1206)
Mean z1*z2: -0.0356
Intercept: 0.0173 (0.0232)

Genetic Correlation
-------------------
Genetic Correlation: -0.1114 (0.2107)
Z-score: -0.5289
P: 0.5969

Computing rg for phenotype 5/68
Reading summary statistics from ../output_sumstats/output_pmid24816252_acetylcarnitine_eur.sumstats.gz ...
Read summary statistics for 1217311 SNPs.
After merging with summary statistics, 1167036 SNPs remain.
1022980 SNPs with valid alleles.

Heritability of phenotype 5/68
------------------------------
Total Observed scale h2: -0.2342 (0.0832)
Lambda GC: 0.9721
Mean Chi^2: 0.9856
Intercept: 1.0199 (0.0076)
Ratio: NA (mean chi^2 < 1)

Genetic Covariance
------------------
Total Observed scale gencov: 0.024 (0.0389)
Mean z1*z2: 0.0027
Intercept: -0.001 (0.0043)

Genetic Correlation
-------------------
Genetic Correlation: nan (nan) (h2  out of bounds) 
Z-score: nan (nan) (h2  out of bounds)
P: nan (nan) (h2  out of bounds)
WARNING: One of the h2's was out of bounds.
This usually indicates a data-munging error or that h2 or N is low.

Computing rg for phenotype 6/68
Reading summary statistics from ../output_sumstats/output_pmid24816252_alanine_eur.sumstats.gz ...
Read summary statistics for 1217311 SNPs.
After merging with summary statistics, 1167036 SNPs remain.
1022980 SNPs with valid alleles.

Heritability of phenotype 6/68
------------------------------
Total Observed scale h2: 0.5268 (0.0702)
Lambda GC: 1.0649
Mean Chi^2: 1.0876
Intercept: 1.0116 (0.0071)
Ratio: 0.1328 (0.0809)

Genetic Covariance
------------------
Total Observed scale gencov: 0.0637 (0.0383)
Mean z1*z2: 0.0049
Intercept: -0.0043 (0.0047)

Genetic Correlation
-------------------
Genetic Correlation: 0.617 (1.1097)
Z-score: 0.556
P: 0.5782

Computing rg for phenotype 7/68
Reading summary statistics from ../output_sumstats/output_pmid24816252_arginine_eur.sumstats.gz ...
Read summary statistics for 1217311 SNPs.
After merging with summary statistics, 1167036 SNPs remain.
1022980 SNPs with valid alleles.

Heritability of phenotype 7/68
------------------------------
Total Observed scale h2: -0.0039 (0.0638)
Lambda GC: 1.0255
Mean Chi^2: 1.0367
Intercept: 1.0372 (0.0072)
Ratio: 1.0128 (0.1959)

Genetic Covariance
------------------
Total Observed scale gencov: 0.0872 (0.0429)
Mean z1*z2: 0.0021
Intercept: -0.0109 (0.0046)

Genetic Correlation
-------------------
Genetic Correlation: nan (nan) (h2  out of bounds) 
Z-score: nan (nan) (h2  out of bounds)
P: nan (nan) (h2  out of bounds)
WARNING: One of the h2's was out of bounds.
This usually indicates a data-munging error or that h2 or N is low.

Computing rg for phenotype 8/68
Reading summary statistics from ../output_sumstats/output_pmid24816252_asparagine_eur.sumstats.gz ...
Read summary statistics for 1217311 SNPs.
After merging with summary statistics, 1167036 SNPs remain.
1022980 SNPs with valid alleles.

Heritability of phenotype 8/68
------------------------------
Total Observed scale h2: 0.4983 (0.0667)
Lambda GC: 1.0679
Mean Chi^2: 1.0905
Intercept: 1.0187 (0.0073)
Ratio: 0.2069 (0.0802)

Genetic Covariance
------------------
Total Observed scale gencov: 0.0687 (0.0429)
Mean z1*z2: 0.001
Intercept: -0.0093 (0.0045)

Genetic Correlation
-------------------
Genetic Correlation: 0.6841 (1.218)
Z-score: 0.5617
P: 0.5743

Computing rg for phenotype 9/68
Reading summary statistics from ../output_sumstats/output_pmid24816252_cholesterol_eur.sumstats.gz ...
Read summary statistics for 1217311 SNPs.
After merging with summary statistics, 1167036 SNPs remain.
1022980 SNPs with valid alleles.

Heritability of phenotype 9/68
------------------------------
Total Observed scale h2: 0.1323 (0.0677)
Lambda GC: 1.0496
Mean Chi^2: 1.0632
Intercept: 1.0438 (0.0065)
Ratio: 0.6927 (0.1028)

Genetic Covariance
------------------
Total Observed scale gencov: 0.0499 (0.0432)
Mean z1*z2: -0.0004
Intercept: -0.0078 (0.0049)

Genetic Correlation
-------------------
Genetic Correlation: 0.9642 (1.8805)
Z-score: 0.5127
P: 0.6081

Computing rg for phenotype 10/68
Reading summary statistics from ../output_sumstats/output_pmid24816252_citrate_eur.sumstats.gz ...
Read summary statistics for 1217311 SNPs.
After merging with summary statistics, 1167036 SNPs remain.
1022980 SNPs with valid alleles.

Heritability of phenotype 10/68
-------------------------------
Total Observed scale h2: 0.4507 (0.0801)
Lambda GC: 1.0957
Mean Chi^2: 1.123
Intercept: 1.059 (0.0083)
Ratio: 0.48 (0.0672)

Genetic Covariance
------------------
Total Observed scale gencov: 0.0333 (0.0436)
Mean z1*z2: 0.0008
Intercept: -0.0044 (0.0044)

Genetic Correlation
-------------------
Genetic Correlation: 0.3483 (0.7419)
Z-score: 0.4695
P: 0.6387

Computing rg for phenotype 11/68
Reading summary statistics from ../output_sumstats/output_pmid24816252_glutamate_eur.sumstats.gz ...
Read summary statistics for 1217311 SNPs.
After merging with summary statistics, 1167036 SNPs remain.
1022980 SNPs with valid alleles.

Heritability of phenotype 11/68
-------------------------------
Total Observed scale h2: 0.1622 (0.0569)
Lambda GC: 0.9576
Mean Chi^2: 0.9552
Intercept: 0.9319 (0.0059)
Ratio: NA (mean chi^2 < 1)

Genetic Covariance
------------------
Total Observed scale gencov: 0.0574 (0.0395)
Mean z1*z2: 0.0025
Intercept: -0.0063 (0.0043)

Genetic Correlation
-------------------
Genetic Correlation: 1.0018 (1.8572)
Z-score: 0.5394
P: 0.5896

Computing rg for phenotype 12/68
Reading summary statistics from ../output_sumstats/output_pmid24816252_glycerol_eur.sumstats.gz ...
Read summary statistics for 1217311 SNPs.
After merging with summary statistics, 1167036 SNPs remain.
1022980 SNPs with valid alleles.

Heritability of phenotype 12/68
-------------------------------
Total Observed scale h2: -0.1275 (0.0605)
Lambda GC: 0.9868
Mean Chi^2: 0.9975
Intercept: 1.0161 (0.007)
Ratio: NA (mean chi^2 < 1)

Genetic Covariance
------------------
Total Observed scale gencov: 0.0501 (0.0384)
Mean z1*z2: 0.0035
Intercept: -0.0041 (0.0045)

Genetic Correlation
-------------------
Genetic Correlation: nan (nan) (h2  out of bounds) 
Z-score: nan (nan) (h2  out of bounds)
P: nan (nan) (h2  out of bounds)
WARNING: One of the h2's was out of bounds.
This usually indicates a data-munging error or that h2 or N is low.

Computing rg for phenotype 13/68
Reading summary statistics from ../output_sumstats/output_pmid24816252_histidine_eur.sumstats.gz ...
Read summary statistics for 1217311 SNPs.
After merging with summary statistics, 1167036 SNPs remain.
1022980 SNPs with valid alleles.

Heritability of phenotype 13/68
-------------------------------
Total Observed scale h2: 0.4327 (0.0694)
Lambda GC: 0.81
Mean Chi^2: 0.8192
Intercept: 0.7584 (0.0061)
Ratio: NA (mean chi^2 < 1)

Genetic Covariance
------------------
Total Observed scale gencov: -0.0212 (0.0347)
Mean z1*z2: -0.0031
Intercept: 0.0004 (0.004)

Genetic Correlation
-------------------
Genetic Correlation: -0.2269 (0.5222)
Z-score: -0.4345
P: 0.6639

Computing rg for phenotype 14/68
Reading summary statistics from ../output_sumstats/output_pmid24816252_isoleucine_eur.sumstats.gz ...
Read summary statistics for 1217311 SNPs.
After merging with summary statistics, 1167036 SNPs remain.
1022980 SNPs with valid alleles.

Heritability of phenotype 14/68
-------------------------------
Total Observed scale h2: -0.2797 (0.0587)
Lambda GC: 0.9489
Mean Chi^2: 0.9588
Intercept: 0.9998 (0.0064)
Ratio: NA (mean chi^2 < 1)

Genetic Covariance
------------------
Total Observed scale gencov: 0.0982 (0.0427)
Mean z1*z2: 0.0056
Intercept: -0.0093 (0.0047)

Genetic Correlation
-------------------
Genetic Correlation: nan (nan) (h2  out of bounds) 
Z-score: nan (nan) (h2  out of bounds)
P: nan (nan) (h2  out of bounds)
WARNING: One of the h2's was out of bounds.
This usually indicates a data-munging error or that h2 or N is low.

Computing rg for phenotype 15/68
Reading summary statistics from ../output_sumstats/output_pmid24816252_phenylalanine_eur.sumstats.gz ...
Read summary statistics for 1217311 SNPs.
After merging with summary statistics, 1167036 SNPs remain.
1022980 SNPs with valid alleles.

Heritability of phenotype 15/68
-------------------------------
Total Observed scale h2: 0.3262 (0.0436)
Lambda GC: 0.8207
Mean Chi^2: 0.8234
Intercept: 0.7779 (0.0051)
Ratio: NA (mean chi^2 < 1)

Genetic Covariance
------------------
Total Observed scale gencov: 0.0687 (0.0346)
Mean z1*z2: 0.0029
Intercept: -0.0072 (0.0038)

Genetic Correlation
-------------------
Genetic Correlation: 0.8457 (1.4917)
Z-score: 0.567
P: 0.5707

Computing rg for phenotype 16/68
Reading summary statistics from ../output_sumstats/output_pmid24816252_proline_eur.sumstats.gz ...
Read summary statistics for 1217311 SNPs.
After merging with summary statistics, 1167036 SNPs remain.
1022980 SNPs with valid alleles.

Heritability of phenotype 16/68
-------------------------------
Total Observed scale h2: 0.3717 (0.0897)
Lambda GC: 1.0679
Mean Chi^2: 1.0923
Intercept: 1.0383 (0.0126)
Ratio: 0.4154 (0.1367)

Genetic Covariance
------------------
Total Observed scale gencov: 0.0705 (0.0472)
Mean z1*z2: 0.0108
Intercept: -0.0001 (0.0047)

Genetic Correlation
-------------------
Genetic Correlation: 0.8128 (1.3668)
Z-score: 0.5947
P: 0.552

Computing rg for phenotype 17/68
Reading summary statistics from ../output_sumstats/output_pmid24816252_pyruvate_eur.sumstats.gz ...
Read summary statistics for 1217311 SNPs.
After merging with summary statistics, 1167036 SNPs remain.
1022980 SNPs with valid alleles.

Heritability of phenotype 17/68
-------------------------------
Total Observed scale h2: 0.1512 (0.056)
Lambda GC: 1.0195
Mean Chi^2: 1.0203
Intercept: 0.9988 (0.0059)
Ratio < 0 (usually indicates GC correction).

Genetic Covariance
------------------
Total Observed scale gencov: 0.0169 (0.0403)
Mean z1*z2: -0.0014
Intercept: -0.004 (0.0045)

Genetic Correlation
-------------------
Genetic Correlation: 0.3049 (0.9758)
Z-score: 0.3124
P: 0.7547

Computing rg for phenotype 18/68
Reading summary statistics from ../output_sumstats/output_pmid24816252_threonine_eur.sumstats.gz ...
Read summary statistics for 1217311 SNPs.
After merging with summary statistics, 1167036 SNPs remain.
1022980 SNPs with valid alleles.

Heritability of phenotype 18/68
-------------------------------
Total Observed scale h2: 0.0449 (0.0828)
Lambda GC: 1.0016
Mean Chi^2: 1.015
Intercept: 1.0098 (0.0067)
Ratio: 0.6567 (0.4463)

Genetic Covariance
------------------
Total Observed scale gencov: 0.0327 (0.0501)
Mean z1*z2: 0.0052
Intercept: 0.0009 (0.0049)

Genetic Correlation
-------------------
Genetic Correlation: 1.0845 (2.6276)
Z-score: 0.4127
P: 0.6798

Computing rg for phenotype 19/68
Reading summary statistics from ../output_sumstats/output_pmid24816252_tryptophan_eur.sumstats.gz ...
Read summary statistics for 1217311 SNPs.
After merging with summary statistics, 1167036 SNPs remain.
1022980 SNPs with valid alleles.

Heritability of phenotype 19/68
-------------------------------
Total Observed scale h2: 0.9281 (0.0746)
Lambda GC: 1.0864
Mean Chi^2: 1.1815
Intercept: 1.0481 (0.0079)
Ratio: 0.2647 (0.0438)

Genetic Covariance
------------------
Total Observed scale gencov: 0.0604 (0.0414)
Mean z1*z2: 0.0008
Intercept: -0.0086 (0.0048)

Genetic Correlation
-------------------
Genetic Correlation: 0.4412 (0.79)
Z-score: 0.5585
P: 0.5765

Computing rg for phenotype 20/68
Reading summary statistics from ../output_sumstats/output_pmid24816252_tyrosine_eur.sumstats.gz ...
Read summary statistics for 1217311 SNPs.
After merging with summary statistics, 1167036 SNPs remain.
1022980 SNPs with valid alleles.

Heritability of phenotype 20/68
-------------------------------
Total Observed scale h2: 0.1637 (0.0711)
Lambda GC: 1.0466
Mean Chi^2: 1.0567
Intercept: 1.0328 (0.0072)
Ratio: 0.5788 (0.1262)

Genetic Covariance
------------------
Total Observed scale gencov: 0.0775 (0.0381)
Mean z1*z2: 0.0082
Intercept: -0.0034 (0.0044)

Genetic Correlation
-------------------
Genetic Correlation: nan (nan) (rg out of bounds) 
Z-score: nan (nan) (rg out of bounds)
P: nan (nan) (rg out of bounds)
WARNING: rg was out of bounds.
This often means that h2 is not significantly different from zero.

Computing rg for phenotype 21/68
Reading summary statistics from ../output_sumstats/output_pmid24816252_urea_eur.sumstats.gz ...
Read summary statistics for 1217311 SNPs.
After merging with summary statistics, 1167036 SNPs remain.
1022980 SNPs with valid alleles.

Heritability of phenotype 21/68
-------------------------------
Total Observed scale h2: -0.0771 (0.0529)
Lambda GC: 0.9898
Mean Chi^2: 1.0011
Intercept: 1.0123 (0.0064)
Ratio: 11.3129 (5.8387)

Genetic Covariance
------------------
Total Observed scale gencov: 0.1116 (0.0416)
Mean z1*z2: 0.0079
Intercept: -0.0091 (0.0049)

Genetic Correlation
-------------------
Genetic Correlation: nan (nan) (h2  out of bounds) 
Z-score: nan (nan) (h2  out of bounds)
P: nan (nan) (h2  out of bounds)
WARNING: One of the h2's was out of bounds.
This usually indicates a data-munging error or that h2 or N is low.

Computing rg for phenotype 22/68
Reading summary statistics from ../output_sumstats/output_pmid27386562_MS_eur.sumstats.gz ...
Read summary statistics for 1217311 SNPs.
After merging with summary statistics, 1167036 SNPs remain.
1136764 SNPs with valid alleles.

Heritability of phenotype 22/68
-------------------------------
Total Observed scale h2: 0.2406 (0.047)
Lambda GC: 1.1207
Mean Chi^2: 1.1416
Intercept: 1.0671 (0.0088)
Ratio: 0.474 (0.0624)

Genetic Covariance
------------------
Total Observed scale gencov: 0.036 (0.0306)
Mean z1*z2: 0.0014
Intercept: -0.0064 (0.005)

Genetic Correlation
-------------------
Genetic Correlation: 0.4017 (0.4877)
Z-score: 0.8236
P: 0.4101

Computing rg for phenotype 23/68
Reading summary statistics from ../output_sumstats/output_pmid27455348_ALS_eur.sumstats.gz ...
Read summary statistics for 1217311 SNPs.
After merging with summary statistics, 1167036 SNPs remain.
1153264 SNPs with valid alleles.

Heritability of phenotype 23/68
-------------------------------
Total Observed scale h2: 0.0484 (0.0128)
Lambda GC: 1.0285
Mean Chi^2: 1.0315
Intercept: 0.9971 (0.0063)
Ratio < 0 (usually indicates GC correction).

Genetic Covariance
------------------
Total Observed scale gencov: 0.02 (0.0198)
Mean z1*z2: 0.0006
Intercept: -0.0062 (0.0048)

Genetic Correlation
-------------------
Genetic Correlation: 0.6991 (1.5797)
Z-score: 0.4425
P: 0.6581

Computing rg for phenotype 24/68
Reading summary statistics from ../output_sumstats/output_pmid27989323_CTACK_eur.sumstats.gz ...
Read summary statistics for 1217311 SNPs.
After merging with summary statistics, 1167036 SNPs remain.
1163489 SNPs with valid alleles.

Heritability of phenotype 24/68
-------------------------------
Total Observed scale h2: -0.0111 (0.116)
Lambda GC: 0.9957
Mean Chi^2: 1.0032
Intercept: 1.004 (0.007)
Ratio: 1.2486 (2.1519)

Genetic Covariance
------------------
Total Observed scale gencov: 0.0231 (0.0636)
Mean z1*z2: 0.0691
Intercept: 0.0666 (0.0052)

Genetic Correlation
-------------------
Genetic Correlation: nan (nan) (h2  out of bounds) 
Z-score: nan (nan) (h2  out of bounds)
P: nan (nan) (h2  out of bounds)
WARNING: One of the h2's was out of bounds.
This usually indicates a data-munging error or that h2 or N is low.

Computing rg for phenotype 25/68
Reading summary statistics from ../output_sumstats/output_pmid27989323_GROa_eur.sumstats.gz ...
Read summary statistics for 1217311 SNPs.
After merging with summary statistics, 1167036 SNPs remain.
63 SNPs with valid alleles.
WARNING: number of SNPs less than 200k; this is almost always bad.

Heritability of phenotype 25/68
-------------------------------
Total Observed scale h2: -45.2997 (20.7723)
Lambda GC: 0.3141
Mean Chi^2: 0.4167
Intercept: 1.381 (0.479)
Ratio: NA (mean chi^2 < 1)

Genetic Covariance
------------------
Total Observed scale gencov: -14.1154 (8.9497)
Mean z1*z2: 0.1445
Intercept: 0.5943 (0.3179)

Genetic Correlation
-------------------
Genetic Correlation: nan (nan) (h2  out of bounds) 
Z-score: nan (nan) (h2  out of bounds)
P: nan (nan) (h2  out of bounds)
WARNING: One of the h2's was out of bounds.
This usually indicates a data-munging error or that h2 or N is low.

Computing rg for phenotype 26/68
Reading summary statistics from ../output_sumstats/output_pmid27989323_HGF_eur.sumstats.gz ...
Read summary statistics for 1217311 SNPs.
After merging with summary statistics, 1167036 SNPs remain.
1164332 SNPs with valid alleles.

Heritability of phenotype 26/68
-------------------------------
Total Observed scale h2: -0.029 (0.0585)
Lambda GC: 1.0046
Mean Chi^2: 1.0062
Intercept: 1.011 (0.0081)
Ratio: 1.7672 (1.3066)

Genetic Covariance
------------------
Total Observed scale gencov: -0.0221 (0.0417)
Mean z1*z2: 0.2194
Intercept: 0.223 (0.0054)

Genetic Correlation
-------------------
Genetic Correlation: nan (nan) (h2  out of bounds) 
Z-score: nan (nan) (h2  out of bounds)
P: nan (nan) (h2  out of bounds)
WARNING: One of the h2's was out of bounds.
This usually indicates a data-munging error or that h2 or N is low.

Computing rg for phenotype 27/68
Reading summary statistics from ../output_sumstats/output_pmid27989323_IFNg_eur.sumstats.gz ...
Read summary statistics for 1217311 SNPs.
After merging with summary statistics, 1167036 SNPs remain.
1164433 SNPs with valid alleles.
ERROR computing rg for phenotype 27/68, from file ../output_sumstats/output_pmid27989323_IFNg_eur.sumstats.gz.
Traceback (most recent call last):
  File "/Users/as/Documents/UNI/Bioinformatik/2023:24_WS/GoBi_Lokal/BlockTeil_Metabolomics/ldsc/ldscore/sumstats.py", line 410, in estimate_rg
    rghat = _rg(loop, args, log, M_annot, ref_ld_cnames, w_ld_cname, i)
  File "/Users/as/Documents/UNI/Bioinformatik/2023:24_WS/GoBi_Lokal/BlockTeil_Metabolomics/ldsc/ldscore/sumstats.py", line 539, in _rg
    intercept_gencov=intercepts[2], n_blocks=n_blocks, twostep=args.two_step)
  File "/Users/as/Documents/UNI/Bioinformatik/2023:24_WS/GoBi_Lokal/BlockTeil_Metabolomics/ldsc/ldscore/regressions.py", line 705, in __init__
    np.multiply(hsq1.tot_delete_values, hsq2.tot_delete_values))
FloatingPointError: invalid value encountered in sqrt


Computing rg for phenotype 28/68
Reading summary statistics from ../output_sumstats/output_pmid27989323_IL10_eur.sumstats.gz ...
Read summary statistics for 1217311 SNPs.
After merging with summary statistics, 1167036 SNPs remain.
1164436 SNPs with valid alleles.

Heritability of phenotype 28/68
-------------------------------
Total Observed scale h2: -0.0089 (0.0798)
Lambda GC: 1.0046
Mean Chi^2: 1.0172
Intercept: 1.0185 (0.0123)
Ratio: 1.0789 (0.7164)

Genetic Covariance
------------------
Total Observed scale gencov: 0.0306 (0.0508)
Mean z1*z2: 0.4914
Intercept: 0.4867 (0.006)

Genetic Correlation
-------------------
Genetic Correlation: nan (nan) (h2  out of bounds) 
Z-score: nan (nan) (h2  out of bounds)
P: nan (nan) (h2  out of bounds)
WARNING: One of the h2's was out of bounds.
This usually indicates a data-munging error or that h2 or N is low.

Computing rg for phenotype 29/68
Reading summary statistics from ../output_sumstats/output_pmid27989323_IL12p70_eur.sumstats.gz ...
Read summary statistics for 1217311 SNPs.
After merging with summary statistics, 1167036 SNPs remain.
1164359 SNPs with valid alleles.

Heritability of phenotype 29/68
-------------------------------
Total Observed scale h2: -0.0219 (0.0907)
Lambda GC: 1.0255
Mean Chi^2: 1.031
Intercept: 1.0346 (0.0194)
Ratio: 1.1158 (0.6275)

Genetic Covariance
------------------
Total Observed scale gencov: 0.023 (0.0475)
Mean z1*z2: 0.5632
Intercept: 0.5595 (0.0064)

Genetic Correlation
-------------------
Genetic Correlation: nan (nan) (h2  out of bounds) 
Z-score: nan (nan) (h2  out of bounds)
P: nan (nan) (h2  out of bounds)
WARNING: One of the h2's was out of bounds.
This usually indicates a data-munging error or that h2 or N is low.

Computing rg for phenotype 30/68
Reading summary statistics from ../output_sumstats/output_pmid27989323_IL13_eur.sumstats.gz ...
Read summary statistics for 1217311 SNPs.
After merging with summary statistics, 1167036 SNPs remain.
1163267 SNPs with valid alleles.

Heritability of phenotype 30/68
-------------------------------
Total Observed scale h2: -0.1718 (0.1623)
Lambda GC: 1.0046
Mean Chi^2: 1.0054
Intercept: 1.0175 (0.0124)
Ratio: 3.245 (2.2993)

Genetic Covariance
------------------
Total Observed scale gencov: 0.0082 (0.0633)
Mean z1*z2: 0.3153
Intercept: 0.3144 (0.0055)

Genetic Correlation
-------------------
Genetic Correlation: nan (nan) (h2  out of bounds) 
Z-score: nan (nan) (h2  out of bounds)
P: nan (nan) (h2  out of bounds)
WARNING: One of the h2's was out of bounds.
This usually indicates a data-munging error or that h2 or N is low.

Computing rg for phenotype 31/68
Reading summary statistics from ../output_sumstats/output_pmid27989323_IL16_eur.sumstats.gz ...
Read summary statistics for 1217311 SNPs.
After merging with summary statistics, 1167036 SNPs remain.
1163337 SNPs with valid alleles.

Heritability of phenotype 31/68
-------------------------------
Total Observed scale h2: -0.0808 (0.1283)
Lambda GC: 0.9898
Mean Chi^2: 0.9902
Intercept: 0.9958 (0.0073)
Ratio: NA (mean chi^2 < 1)

Genetic Covariance
------------------
Total Observed scale gencov: -0.105 (0.0654)
Mean z1*z2: 0.0515
Intercept: 0.0625 (0.0053)

Genetic Correlation
-------------------
Genetic Correlation: nan (nan) (h2  out of bounds) 
Z-score: nan (nan) (h2  out of bounds)
P: nan (nan) (h2  out of bounds)
WARNING: One of the h2's was out of bounds.
This usually indicates a data-munging error or that h2 or N is low.

Computing rg for phenotype 32/68
Reading summary statistics from ../output_sumstats/output_pmid27989323_IL17_eur.sumstats.gz ...
Read summary statistics for 1217311 SNPs.
After merging with summary statistics, 1167036 SNPs remain.
2125 SNPs with valid alleles.
WARNING: number of SNPs less than 200k; this is almost always bad.

Heritability of phenotype 32/68
-------------------------------
Total Observed scale h2: -3.1754 (1.3683)
Lambda GC: 1.1333
Mean Chi^2: 1.2003
Intercept: 1.4701 (0.1356)
Ratio: 2.3471 (0.6769)

Genetic Covariance
------------------
Total Observed scale gencov: -1.4713 (0.9125)
Mean z1*z2: 0.7156
Intercept: 0.8408 (0.0857)

Genetic Correlation
-------------------
Genetic Correlation: nan (nan) (h2  out of bounds) 
Z-score: nan (nan) (h2  out of bounds)
P: nan (nan) (h2  out of bounds)
WARNING: One of the h2's was out of bounds.
This usually indicates a data-munging error or that h2 or N is low.

Computing rg for phenotype 33/68
Reading summary statistics from ../output_sumstats/output_pmid27989323_IL18_eur.sumstats.gz ...
Read summary statistics for 1217311 SNPs.
After merging with summary statistics, 1167036 SNPs remain.
388746 SNPs with valid alleles.
ERROR computing rg for phenotype 33/68, from file ../output_sumstats/output_pmid27989323_IL18_eur.sumstats.gz.
Traceback (most recent call last):
  File "/Users/as/Documents/UNI/Bioinformatik/2023:24_WS/GoBi_Lokal/BlockTeil_Metabolomics/ldsc/ldscore/sumstats.py", line 410, in estimate_rg
    rghat = _rg(loop, args, log, M_annot, ref_ld_cnames, w_ld_cname, i)
  File "/Users/as/Documents/UNI/Bioinformatik/2023:24_WS/GoBi_Lokal/BlockTeil_Metabolomics/ldsc/ldscore/sumstats.py", line 539, in _rg
    intercept_gencov=intercepts[2], n_blocks=n_blocks, twostep=args.two_step)
  File "/Users/as/Documents/UNI/Bioinformatik/2023:24_WS/GoBi_Lokal/BlockTeil_Metabolomics/ldsc/ldscore/regressions.py", line 705, in __init__
    np.multiply(hsq1.tot_delete_values, hsq2.tot_delete_values))
FloatingPointError: invalid value encountered in sqrt


Computing rg for phenotype 34/68
Reading summary statistics from ../output_sumstats/output_pmid27989323_IL1ra_eur.sumstats.gz ...
Read summary statistics for 1217311 SNPs.
After merging with summary statistics, 1167036 SNPs remain.
1163560 SNPs with valid alleles.
ERROR computing rg for phenotype 34/68, from file ../output_sumstats/output_pmid27989323_IL1ra_eur.sumstats.gz.
Traceback (most recent call last):
  File "/Users/as/Documents/UNI/Bioinformatik/2023:24_WS/GoBi_Lokal/BlockTeil_Metabolomics/ldsc/ldscore/sumstats.py", line 410, in estimate_rg
    rghat = _rg(loop, args, log, M_annot, ref_ld_cnames, w_ld_cname, i)
  File "/Users/as/Documents/UNI/Bioinformatik/2023:24_WS/GoBi_Lokal/BlockTeil_Metabolomics/ldsc/ldscore/sumstats.py", line 539, in _rg
    intercept_gencov=intercepts[2], n_blocks=n_blocks, twostep=args.two_step)
  File "/Users/as/Documents/UNI/Bioinformatik/2023:24_WS/GoBi_Lokal/BlockTeil_Metabolomics/ldsc/ldscore/regressions.py", line 705, in __init__
    np.multiply(hsq1.tot_delete_values, hsq2.tot_delete_values))
FloatingPointError: invalid value encountered in sqrt


Computing rg for phenotype 35/68
Reading summary statistics from ../output_sumstats/output_pmid27989323_IL2_eur.sumstats.gz ...
Read summary statistics for 1217311 SNPs.
After merging with summary statistics, 1167036 SNPs remain.
1163092 SNPs with valid alleles.

Heritability of phenotype 35/68
-------------------------------
Total Observed scale h2: -0.0876 (0.1298)
Lambda GC: 1.0165
Mean Chi^2: 1.0074
Intercept: 1.0134 (0.0071)
Ratio: 1.816 (0.9557)

Genetic Covariance
------------------
Total Observed scale gencov: -0.0075 (0.0636)
Mean z1*z2: 0.3574
Intercept: 0.3582 (0.0055)

Genetic Correlation
-------------------
Genetic Correlation: nan (nan) (h2  out of bounds) 
Z-score: nan (nan) (h2  out of bounds)
P: nan (nan) (h2  out of bounds)
WARNING: One of the h2's was out of bounds.
This usually indicates a data-munging error or that h2 or N is low.

Computing rg for phenotype 36/68
Reading summary statistics from ../output_sumstats/output_pmid27989323_IL2ra_eur.sumstats.gz ...
Read summary statistics for 1217311 SNPs.
After merging with summary statistics, 1167036 SNPs remain.
1163569 SNPs with valid alleles.

Heritability of phenotype 36/68
-------------------------------
Total Observed scale h2: 0.0598 (0.1175)
Lambda GC: 1.0105
Mean Chi^2: 1.0078
Intercept: 1.0035 (0.0067)
Ratio: 0.446 (0.8639)

Genetic Covariance
------------------
Total Observed scale gencov: 0.0253 (0.0589)
Mean z1*z2: 0.1237
Intercept: 0.121 (0.0051)

Genetic Correlation
-------------------
Genetic Correlation: 0.7215 (1.8967)
Z-score: 0.3804
P: 0.7037

Computing rg for phenotype 37/68
Reading summary statistics from ../output_sumstats/output_pmid27989323_IL4_eur.sumstats.gz ...
Read summary statistics for 1217311 SNPs.
After merging with summary statistics, 1167036 SNPs remain.
1164285 SNPs with valid alleles.

Heritability of phenotype 37/68
-------------------------------
Total Observed scale h2: -0.0371 (0.0602)
Lambda GC: 1.0016
Mean Chi^2: 1.0043
Intercept: 1.0103 (0.008)
Ratio: 2.3887 (1.8507)

Genetic Covariance
------------------
Total Observed scale gencov: 0.0164 (0.0479)
Mean z1*z2: 0.6459
Intercept: 0.6433 (0.0069)

Genetic Correlation
-------------------
Genetic Correlation: nan (nan) (h2  out of bounds) 
Z-score: nan (nan) (h2  out of bounds)
P: nan (nan) (h2  out of bounds)
WARNING: One of the h2's was out of bounds.
This usually indicates a data-munging error or that h2 or N is low.

Computing rg for phenotype 38/68
Reading summary statistics from ../output_sumstats/output_pmid27989323_IL5_eur.sumstats.gz ...
Read summary statistics for 1217311 SNPs.
After merging with summary statistics, 1167036 SNPs remain.
1161841 SNPs with valid alleles.

Heritability of phenotype 38/68
-------------------------------
Total Observed scale h2: -0.1258 (0.1361)
Lambda GC: 1.0075
Mean Chi^2: 1.0041
Intercept: 1.0125 (0.0074)
Ratio: 3.0655 (1.8258)

Genetic Covariance
------------------
Total Observed scale gencov: 0.0508 (0.0733)
Mean z1*z2: 0.3473
Intercept: 0.3421 (0.0059)

Genetic Correlation
-------------------
Genetic Correlation: nan (nan) (h2  out of bounds) 
Z-score: nan (nan) (h2  out of bounds)
P: nan (nan) (h2  out of bounds)
WARNING: One of the h2's was out of bounds.
This usually indicates a data-munging error or that h2 or N is low.

Computing rg for phenotype 39/68
Reading summary statistics from ../output_sumstats/output_pmid27989323_IL6_eur.sumstats.gz ...
Read summary statistics for 1217311 SNPs.
After merging with summary statistics, 1167036 SNPs remain.
1164466 SNPs with valid alleles.
ERROR computing rg for phenotype 39/68, from file ../output_sumstats/output_pmid27989323_IL6_eur.sumstats.gz.
Traceback (most recent call last):
  File "/Users/as/Documents/UNI/Bioinformatik/2023:24_WS/GoBi_Lokal/BlockTeil_Metabolomics/ldsc/ldscore/sumstats.py", line 410, in estimate_rg
    rghat = _rg(loop, args, log, M_annot, ref_ld_cnames, w_ld_cname, i)
  File "/Users/as/Documents/UNI/Bioinformatik/2023:24_WS/GoBi_Lokal/BlockTeil_Metabolomics/ldsc/ldscore/sumstats.py", line 539, in _rg
    intercept_gencov=intercepts[2], n_blocks=n_blocks, twostep=args.two_step)
  File "/Users/as/Documents/UNI/Bioinformatik/2023:24_WS/GoBi_Lokal/BlockTeil_Metabolomics/ldsc/ldscore/regressions.py", line 705, in __init__
    np.multiply(hsq1.tot_delete_values, hsq2.tot_delete_values))
FloatingPointError: invalid value encountered in sqrt


Computing rg for phenotype 40/68
Reading summary statistics from ../output_sumstats/output_pmid27989323_IL7_eur.sumstats.gz ...
Read summary statistics for 1217311 SNPs.
After merging with summary statistics, 1167036 SNPs remain.
1164113 SNPs with valid alleles.

Heritability of phenotype 40/68
-------------------------------
Total Observed scale h2: -0.0373 (0.1571)
Lambda GC: 1.0046
Mean Chi^2: 1.0107
Intercept: 1.0132 (0.0089)
Ratio: 1.2367 (0.8333)

Genetic Covariance
------------------
Total Observed scale gencov: 0.0559 (0.0735)
Mean z1*z2: 0.345
Intercept: 0.3392 (0.0059)

Genetic Correlation
-------------------
Genetic Correlation: nan (nan) (h2  out of bounds) 
Z-score: nan (nan) (h2  out of bounds)
P: nan (nan) (h2  out of bounds)
WARNING: One of the h2's was out of bounds.
This usually indicates a data-munging error or that h2 or N is low.

Computing rg for phenotype 41/68
Reading summary statistics from ../output_sumstats/output_pmid27989323_IL8_eur.sumstats.gz ...
Read summary statistics for 1217311 SNPs.
After merging with summary statistics, 1167036 SNPs remain.
1162822 SNPs with valid alleles.

Heritability of phenotype 41/68
-------------------------------
Total Observed scale h2: -0.0245 (0.1265)
Lambda GC: 1.0016
Mean Chi^2: 1.0058
Intercept: 1.0076 (0.0067)
Ratio: 1.2932 (1.1492)

Genetic Covariance
------------------
Total Observed scale gencov: 0.0269 (0.0679)
Mean z1*z2: 0.344
Intercept: 0.3412 (0.0059)

Genetic Correlation
-------------------
Genetic Correlation: nan (nan) (h2  out of bounds) 
Z-score: nan (nan) (h2  out of bounds)
P: nan (nan) (h2  out of bounds)
WARNING: One of the h2's was out of bounds.
This usually indicates a data-munging error or that h2 or N is low.

Computing rg for phenotype 42/68
Reading summary statistics from ../output_sumstats/output_pmid27989323_IL9_eur.sumstats.gz ...
Read summary statistics for 1217311 SNPs.
After merging with summary statistics, 1167036 SNPs remain.
1163565 SNPs with valid alleles.

Heritability of phenotype 42/68
-------------------------------
Total Observed scale h2: -0.1773 (0.1248)
Lambda GC: 1.0135
Mean Chi^2: 1.0011
Intercept: 1.0139 (0.007)
Ratio: 12.175 (6.1565)

Genetic Covariance
------------------
Total Observed scale gencov: -0.0408 (0.065)
Mean z1*z2: 0.3061
Intercept: 0.3105 (0.0055)

Genetic Correlation
-------------------
Genetic Correlation: nan (nan) (h2  out of bounds) 
Z-score: nan (nan) (h2  out of bounds)
P: nan (nan) (h2  out of bounds)
WARNING: One of the h2's was out of bounds.
This usually indicates a data-munging error or that h2 or N is low.

Computing rg for phenotype 43/68
Reading summary statistics from ../output_sumstats/output_pmid27989323_MCP1_eur.sumstats.gz ...
Read summary statistics for 1217311 SNPs.
After merging with summary statistics, 1167036 SNPs remain.
1164458 SNPs with valid alleles.

Heritability of phenotype 43/68
-------------------------------
Total Observed scale h2: 0.1691 (0.0821)
Lambda GC: 1.0105
Mean Chi^2: 1.0227
Intercept: 0.9951 (0.0081)
Ratio < 0 (usually indicates GC correction).

Genetic Covariance
------------------
Total Observed scale gencov: 0.0691 (0.0404)
Mean z1*z2: 0.2304
Intercept: 0.2193 (0.0052)

Genetic Correlation
-------------------
Genetic Correlation: 1.1066 (1.6254)
Z-score: 0.6809
P: 0.496

Computing rg for phenotype 44/68
Reading summary statistics from ../output_sumstats/output_pmid27989323_MCP3_eur.sumstats.gz ...
Read summary statistics for 1217311 SNPs.
After merging with summary statistics, 1167036 SNPs remain.
1125830 SNPs with valid alleles.

Heritability of phenotype 44/68
-------------------------------
Total Observed scale h2: -0.882 (0.5691)
Lambda GC: 0.9986
Mean Chi^2: 0.9992
Intercept: 1.0142 (0.0077)
Ratio: NA (mean chi^2 < 1)

Genetic Covariance
------------------
Total Observed scale gencov: -0.0803 (0.1306)
Mean z1*z2: 0.0737
Intercept: 0.0779 (0.0055)

Genetic Correlation
-------------------
Genetic Correlation: nan (nan) (h2  out of bounds) 
Z-score: nan (nan) (h2  out of bounds)
P: nan (nan) (h2  out of bounds)
WARNING: One of the h2's was out of bounds.
This usually indicates a data-munging error or that h2 or N is low.

Computing rg for phenotype 45/68
Reading summary statistics from ../output_sumstats/output_pmid27989323_MCSF_eur.sumstats.gz ...
Read summary statistics for 1217311 SNPs.
After merging with summary statistics, 1167036 SNPs remain.
1159773 SNPs with valid alleles.
ERROR computing rg for phenotype 45/68, from file ../output_sumstats/output_pmid27989323_MCSF_eur.sumstats.gz.
Traceback (most recent call last):
  File "/Users/as/Documents/UNI/Bioinformatik/2023:24_WS/GoBi_Lokal/BlockTeil_Metabolomics/ldsc/ldscore/sumstats.py", line 410, in estimate_rg
    rghat = _rg(loop, args, log, M_annot, ref_ld_cnames, w_ld_cname, i)
  File "/Users/as/Documents/UNI/Bioinformatik/2023:24_WS/GoBi_Lokal/BlockTeil_Metabolomics/ldsc/ldscore/sumstats.py", line 539, in _rg
    intercept_gencov=intercepts[2], n_blocks=n_blocks, twostep=args.two_step)
  File "/Users/as/Documents/UNI/Bioinformatik/2023:24_WS/GoBi_Lokal/BlockTeil_Metabolomics/ldsc/ldscore/regressions.py", line 705, in __init__
    np.multiply(hsq1.tot_delete_values, hsq2.tot_delete_values))
FloatingPointError: invalid value encountered in sqrt


Computing rg for phenotype 46/68
Reading summary statistics from ../output_sumstats/output_pmid27989323_MIF_eur.sumstats.gz ...
Read summary statistics for 1217311 SNPs.
After merging with summary statistics, 1167036 SNPs remain.
1163388 SNPs with valid alleles.

Heritability of phenotype 46/68
-------------------------------
Total Observed scale h2: 0.0861 (0.135)
Lambda GC: 1.0075
Mean Chi^2: 1.011
Intercept: 1.005 (0.0069)
Ratio: 0.4553 (0.6272)

Genetic Covariance
------------------
Total Observed scale gencov: -0.011 (0.0695)
Mean z1*z2: 0.0635
Intercept: 0.0647 (0.0054)

Genetic Correlation
-------------------
Genetic Correlation: -0.2381 (1.6964)
Z-score: -0.1404
P: 0.8884

Computing rg for phenotype 47/68
Reading summary statistics from ../output_sumstats/output_pmid27989323_MIG_eur.sumstats.gz ...
Read summary statistics for 1217311 SNPs.
After merging with summary statistics, 1167036 SNPs remain.
1163384 SNPs with valid alleles.

Heritability of phenotype 47/68
-------------------------------
Total Observed scale h2: -0.1323 (0.1094)
Lambda GC: 1.0046
Mean Chi^2: 1.0046
Intercept: 1.0143 (0.0064)
Ratio: 3.0893 (1.3757)

Genetic Covariance
------------------
Total Observed scale gencov: 0.0382 (0.0617)
Mean z1*z2: 0.0729
Intercept: 0.0689 (0.0051)

Genetic Correlation
-------------------
Genetic Correlation: nan (nan) (h2  out of bounds) 
Z-score: nan (nan) (h2  out of bounds)
P: nan (nan) (h2  out of bounds)
WARNING: One of the h2's was out of bounds.
This usually indicates a data-munging error or that h2 or N is low.

Computing rg for phenotype 48/68
Reading summary statistics from ../output_sumstats/output_pmid27989323_MIP1a_eur.sumstats.gz ...
Read summary statistics for 1217311 SNPs.
After merging with summary statistics, 1167036 SNPs remain.
1162880 SNPs with valid alleles.

Heritability of phenotype 48/68
-------------------------------
Total Observed scale h2: -0.139 (0.1399)
Lambda GC: 0.9957
Mean Chi^2: 0.9993
Intercept: 1.009 (0.0071)
Ratio: NA (mean chi^2 < 1)

Genetic Covariance
------------------
Total Observed scale gencov: 0.0226 (0.0629)
Mean z1*z2: 0.3748
Intercept: 0.3725 (0.0057)

Genetic Correlation
-------------------
Genetic Correlation: nan (nan) (h2  out of bounds) 
Z-score: nan (nan) (h2  out of bounds)
P: nan (nan) (h2  out of bounds)
WARNING: One of the h2's was out of bounds.
This usually indicates a data-munging error or that h2 or N is low.

Computing rg for phenotype 49/68
Reading summary statistics from ../output_sumstats/output_pmid27989323_MIP1b_eur.sumstats.gz ...
Read summary statistics for 1217311 SNPs.
After merging with summary statistics, 1167036 SNPs remain.
1164395 SNPs with valid alleles.
ERROR computing rg for phenotype 49/68, from file ../output_sumstats/output_pmid27989323_MIP1b_eur.sumstats.gz.
Traceback (most recent call last):
  File "/Users/as/Documents/UNI/Bioinformatik/2023:24_WS/GoBi_Lokal/BlockTeil_Metabolomics/ldsc/ldscore/sumstats.py", line 410, in estimate_rg
    rghat = _rg(loop, args, log, M_annot, ref_ld_cnames, w_ld_cname, i)
  File "/Users/as/Documents/UNI/Bioinformatik/2023:24_WS/GoBi_Lokal/BlockTeil_Metabolomics/ldsc/ldscore/sumstats.py", line 539, in _rg
    intercept_gencov=intercepts[2], n_blocks=n_blocks, twostep=args.two_step)
  File "/Users/as/Documents/UNI/Bioinformatik/2023:24_WS/GoBi_Lokal/BlockTeil_Metabolomics/ldsc/ldscore/regressions.py", line 705, in __init__
    np.multiply(hsq1.tot_delete_values, hsq2.tot_delete_values))
FloatingPointError: invalid value encountered in sqrt


Computing rg for phenotype 50/68
Reading summary statistics from ../output_sumstats/output_pmid27989323_PDGFbb_eur.sumstats.gz ...
Read summary statistics for 1217311 SNPs.
After merging with summary statistics, 1167036 SNPs remain.
1164422 SNPs with valid alleles.

Heritability of phenotype 50/68
-------------------------------
Total Observed scale h2: -0.0045 (0.0627)
Lambda GC: 1.0225
Mean Chi^2: 1.0214
Intercept: 1.0222 (0.0087)
Ratio: 1.0348 (0.4062)

Genetic Covariance
------------------
Total Observed scale gencov: 0.0261 (0.048)
Mean z1*z2: 0.5179
Intercept: 0.5138 (0.0063)

Genetic Correlation
-------------------
Genetic Correlation: nan (nan) (h2  out of bounds) 
Z-score: nan (nan) (h2  out of bounds)
P: nan (nan) (h2  out of bounds)
WARNING: One of the h2's was out of bounds.
This usually indicates a data-munging error or that h2 or N is low.

Computing rg for phenotype 51/68
Reading summary statistics from ../output_sumstats/output_pmid27989323_RANTES_eur.sumstats.gz ...
Read summary statistics for 1217311 SNPs.
After merging with summary statistics, 1167036 SNPs remain.
1163075 SNPs with valid alleles.

Heritability of phenotype 51/68
-------------------------------
Total Observed scale h2: 0.1215 (0.1266)
Lambda GC: 1.0016
Mean Chi^2: 1.008
Intercept: 0.9997 (0.0067)
Ratio < 0 (usually indicates GC correction).

Genetic Covariance
------------------
Total Observed scale gencov: 0.0341 (0.0665)
Mean z1*z2: 0.1137
Intercept: 0.1103 (0.0056)

Genetic Correlation
-------------------
Genetic Correlation: 0.6244 (1.3496)
Z-score: 0.4626
P: 0.6436

Computing rg for phenotype 52/68
Reading summary statistics from ../output_sumstats/output_pmid27989323_SCF_eur.sumstats.gz ...
Read summary statistics for 1217311 SNPs.
After merging with summary statistics, 1167036 SNPs remain.
1164202 SNPs with valid alleles.

Heritability of phenotype 52/68
-------------------------------
Total Observed scale h2: -0.0558 (0.056)
Lambda GC: 1.0046
Mean Chi^2: 1.0093
Intercept: 1.0185 (0.0071)
Ratio: 1.9806 (0.7647)

Genetic Covariance
------------------
Total Observed scale gencov: 0.0055 (0.0395)
Mean z1*z2: 0.1015
Intercept: 0.1006 (0.0049)

Genetic Correlation
-------------------
Genetic Correlation: nan (nan) (h2  out of bounds) 
Z-score: nan (nan) (h2  out of bounds)
P: nan (nan) (h2  out of bounds)
WARNING: One of the h2's was out of bounds.
This usually indicates a data-munging error or that h2 or N is low.

Computing rg for phenotype 53/68
Reading summary statistics from ../output_sumstats/output_pmid27989323_SCGFb_eur.sumstats.gz ...
Read summary statistics for 1217311 SNPs.
After merging with summary statistics, 1167036 SNPs remain.
518117 SNPs with valid alleles.

Heritability of phenotype 53/68
-------------------------------
Total Observed scale h2: 0.0863 (0.1804)
Lambda GC: 1.0165
Mean Chi^2: 1.0186
Intercept: 1.012 (0.0103)
Ratio: 0.6476 (0.5522)

Genetic Covariance
------------------
Total Observed scale gencov: -0.141 (0.09)
Mean z1*z2: 0.0694
Intercept: 0.0849 (0.0087)

Genetic Correlation
-------------------
Genetic Correlation: nan (nan) (rg out of bounds) 
Z-score: nan (nan) (rg out of bounds)
P: nan (nan) (rg out of bounds)
WARNING: rg was out of bounds.
This often means that h2 is not significantly different from zero.

Computing rg for phenotype 54/68
Reading summary statistics from ../output_sumstats/output_pmid27989323_SDF1_eur.sumstats.gz ...
Read summary statistics for 1217311 SNPs.
After merging with summary statistics, 1167036 SNPs remain.
1163900 SNPs with valid alleles.

Heritability of phenotype 54/68
-------------------------------
Total Observed scale h2: -0.0064 (0.0756)
Lambda GC: 0.9898
Mean Chi^2: 0.9976
Intercept: 0.9983 (0.0071)
Ratio: NA (mean chi^2 < 1)

Genetic Covariance
------------------
Total Observed scale gencov: 0.0337 (0.0487)
Mean z1*z2: 0.4353
Intercept: 0.4307 (0.0054)

Genetic Correlation
-------------------
Genetic Correlation: nan (nan) (h2  out of bounds) 
Z-score: nan (nan) (h2  out of bounds)
P: nan (nan) (h2  out of bounds)
WARNING: One of the h2's was out of bounds.
This usually indicates a data-munging error or that h2 or N is low.

Computing rg for phenotype 55/68
Reading summary statistics from ../output_sumstats/output_pmid27989323_TNFa_eur.sumstats.gz ...
Read summary statistics for 1217311 SNPs.
After merging with summary statistics, 1167036 SNPs remain.
1162916 SNPs with valid alleles.

Heritability of phenotype 55/68
-------------------------------
Total Observed scale h2: -0.0603 (0.1329)
Lambda GC: 0.9868
Mean Chi^2: 0.994
Intercept: 0.9982 (0.0069)
Ratio: NA (mean chi^2 < 1)

Genetic Covariance
------------------
Total Observed scale gencov: 0.0001 (0.0642)
Mean z1*z2: 0.3451
Intercept: 0.3451 (0.0056)

Genetic Correlation
-------------------
Genetic Correlation: nan (nan) (h2  out of bounds) 
Z-score: nan (nan) (h2  out of bounds)
P: nan (nan) (h2  out of bounds)
WARNING: One of the h2's was out of bounds.
This usually indicates a data-munging error or that h2 or N is low.

Computing rg for phenotype 56/68
Reading summary statistics from ../output_sumstats/output_pmid27989323_TNFb_eur.sumstats.gz ...
Read summary statistics for 1217311 SNPs.
After merging with summary statistics, 1167036 SNPs remain.
1048200 SNPs with valid alleles.

Heritability of phenotype 56/68
-------------------------------
Total Observed scale h2: -0.4574 (0.3067)
Lambda GC: 1.0075
Mean Chi^2: 0.9957
Intercept: 1.0105 (0.0075)
Ratio: NA (mean chi^2 < 1)

Genetic Covariance
------------------
Total Observed scale gencov: 0.0928 (0.1118)
Mean z1*z2: 0.0497
Intercept: 0.043 (0.0063)

Genetic Correlation
-------------------
Genetic Correlation: nan (nan) (h2  out of bounds) 
Z-score: nan (nan) (h2  out of bounds)
P: nan (nan) (h2  out of bounds)
WARNING: One of the h2's was out of bounds.
This usually indicates a data-munging error or that h2 or N is low.

Computing rg for phenotype 57/68
Reading summary statistics from ../output_sumstats/output_pmid27989323_TRAIL_eur.sumstats.gz ...
Read summary statistics for 1217311 SNPs.
After merging with summary statistics, 1167036 SNPs remain.
1164300 SNPs with valid alleles.

Heritability of phenotype 57/68
-------------------------------
Total Observed scale h2: -0.0164 (0.0542)
Lambda GC: 1.0195
Mean Chi^2: 1.0176
Intercept: 1.0202 (0.0116)
Ratio: 1.1514 (0.6606)

Genetic Covariance
------------------
Total Observed scale gencov: 0.0182 (0.0385)
Mean z1*z2: 0.1411
Intercept: 0.1382 (0.0055)

Genetic Correlation
-------------------
Genetic Correlation: nan (nan) (h2  out of bounds) 
Z-score: nan (nan) (h2  out of bounds)
P: nan (nan) (h2  out of bounds)
WARNING: One of the h2's was out of bounds.
This usually indicates a data-munging error or that h2 or N is low.

Computing rg for phenotype 58/68
Reading summary statistics from ../output_sumstats/output_pmid27989323_bNGF_eur.sumstats.gz ...
Read summary statistics for 1217311 SNPs.
After merging with summary statistics, 1167036 SNPs remain.
1163042 SNPs with valid alleles.

Heritability of phenotype 58/68
-------------------------------
Total Observed scale h2: 0.2636 (0.1393)
Lambda GC: 1.0165
Mean Chi^2: 1.0128
Intercept: 0.9942 (0.0077)
Ratio < 0 (usually indicates GC correction).

Genetic Covariance
------------------
Total Observed scale gencov: 0.1703 (0.0644)
Mean z1*z2: 0.1721
Intercept: 0.1542 (0.0055)

Genetic Correlation
-------------------
Genetic Correlation: nan (nan) (rg out of bounds) 
Z-score: nan (nan) (rg out of bounds)
P: nan (nan) (rg out of bounds)
WARNING: rg was out of bounds.
This often means that h2 is not significantly different from zero.

Computing rg for phenotype 59/68
Reading summary statistics from ../output_sumstats/output_pmid27989323_eotaxin_eur.sumstats.gz ...
Read summary statistics for 1217311 SNPs.
After merging with summary statistics, 1167036 SNPs remain.
1164292 SNPs with valid alleles.

Heritability of phenotype 59/68
-------------------------------
Total Observed scale h2: 0.1049 (0.066)
Lambda GC: 1.0135
Mean Chi^2: 1.0255
Intercept: 1.0085 (0.0076)
Ratio: 0.3332 (0.2995)

Genetic Covariance
------------------
Total Observed scale gencov: 0.0376 (0.0473)
Mean z1*z2: 0.3341
Intercept: 0.3282 (0.0055)

Genetic Correlation
-------------------
Genetic Correlation: 0.8103 (1.1974)
Z-score: 0.6767
P: 0.4986

Computing rg for phenotype 60/68
Reading summary statistics from ../output_sumstats/output_pmid27989323_ip10_eur.sumstats.gz ...
Read summary statistics for 1217311 SNPs.
After merging with summary statistics, 1167036 SNPs remain.
1163406 SNPs with valid alleles.

Heritability of phenotype 60/68
-------------------------------
Total Observed scale h2: 0.1326 (0.1224)
Lambda GC: 1.0225
Mean Chi^2: 1.0176
Intercept: 1.008 (0.0073)
Ratio: 0.451 (0.4117)

Genetic Covariance
------------------
Total Observed scale gencov: 0.1377 (0.0566)
Mean z1*z2: 0.0774
Intercept: 0.0627 (0.0044)

Genetic Correlation
-------------------
Genetic Correlation: nan (nan) (rg out of bounds) 
Z-score: nan (nan) (rg out of bounds)
P: nan (nan) (rg out of bounds)
WARNING: rg was out of bounds.
This often means that h2 is not significantly different from zero.

Computing rg for phenotype 61/68
Reading summary statistics from ../output_sumstats/output_pmid29566793_ALS_eur.sumstats.gz ...
Read summary statistics for 1217311 SNPs.
After merging with summary statistics, 1167036 SNPs remain.
1161162 SNPs with valid alleles.

Heritability of phenotype 61/68
-------------------------------
Total Observed scale h2: 0.0318 (0.0072)
Lambda GC: 1.0496
Mean Chi^2: 1.0739
Intercept: 1.0224 (0.0071)
Ratio: 0.3031 (0.0962)

Genetic Covariance
------------------
Total Observed scale gencov: 0.013 (0.013)
Mean z1*z2: 0.0014
Intercept: -0.0051 (0.0046)

Genetic Correlation
-------------------
Genetic Correlation: 0.455 (0.7931)
Z-score: 0.5737
P: 0.5662

Computing rg for phenotype 62/68
Reading summary statistics from ../output_sumstats/output_pmid29632382_T2d-BMIadj_eur.sumstats.gz ...
Read summary statistics for 1217311 SNPs.
After merging with summary statistics, 1167036 SNPs remain.
25923 SNPs with valid alleles.
WARNING: number of SNPs less than 200k; this is almost always bad.
ERROR computing rg for phenotype 62/68, from file ../output_sumstats/output_pmid29632382_T2d-BMIadj_eur.sumstats.gz.
Traceback (most recent call last):
  File "/Users/as/Documents/UNI/Bioinformatik/2023:24_WS/GoBi_Lokal/BlockTeil_Metabolomics/ldsc/ldscore/sumstats.py", line 410, in estimate_rg
    rghat = _rg(loop, args, log, M_annot, ref_ld_cnames, w_ld_cname, i)
  File "/Users/as/Documents/UNI/Bioinformatik/2023:24_WS/GoBi_Lokal/BlockTeil_Metabolomics/ldsc/ldscore/sumstats.py", line 539, in _rg
    intercept_gencov=intercepts[2], n_blocks=n_blocks, twostep=args.two_step)
  File "/Users/as/Documents/UNI/Bioinformatik/2023:24_WS/GoBi_Lokal/BlockTeil_Metabolomics/ldsc/ldscore/regressions.py", line 705, in __init__
    np.multiply(hsq1.tot_delete_values, hsq2.tot_delete_values))
FloatingPointError: invalid value encountered in sqrt


Computing rg for phenotype 63/68
Reading summary statistics from ../output_sumstats/output_pmid30054458_T2d_eur.sumstats.gz ...
Read summary statistics for 1217311 SNPs.
After merging with summary statistics, 1167036 SNPs remain.
997914 SNPs with valid alleles.

Heritability of phenotype 63/68
-------------------------------
Total Observed scale h2: 0.0458 (0.003)
Lambda GC: 1.4602
Mean Chi^2: 1.6893
Intercept: 1.0538 (0.019)
Ratio: 0.0781 (0.0275)

Genetic Covariance
------------------
Total Observed scale gencov: -0.0047 (0.0069)
Mean z1*z2: -0.0036
Intercept: 0.0039 (0.0073)

Genetic Correlation
-------------------
Genetic Correlation: -0.1537 (0.3424)
Z-score: -0.4489
P: 0.6535

Computing rg for phenotype 64/68
Reading summary statistics from ../output_sumstats/output_pmid33111402_PD_eur.sumstats.gz ...
Read summary statistics for 1217311 SNPs.
After merging with summary statistics, 1167036 SNPs remain.
9917 SNPs with valid alleles.
WARNING: number of SNPs less than 200k; this is almost always bad.

Heritability of phenotype 64/68
-------------------------------
Total Observed scale h2: -2.6392 (1.1386)
Lambda GC: 0.9547
Mean Chi^2: 0.9491
Intercept: 1.0856 (0.0588)
Ratio: NA (mean chi^2 < 1)

Genetic Covariance
------------------
Total Observed scale gencov: -0.2195 (0.5129)
Mean z1*z2: -3.619e-06
Intercept: 0.0192 (0.0399)

Genetic Correlation
-------------------
Genetic Correlation: nan (nan) (h2  out of bounds) 
Z-score: nan (nan) (h2  out of bounds)
P: nan (nan) (h2  out of bounds)
WARNING: One of the h2's was out of bounds.
This usually indicates a data-munging error or that h2 or N is low.

Computing rg for phenotype 65/68
Reading summary statistics from ../output_sumstats/output_pmid33310728_RA_eur.sumstats.gz ...
Read summary statistics for 1217311 SNPs.
After merging with summary statistics, 1167036 SNPs remain.
1157575 SNPs with valid alleles.

Heritability of phenotype 65/68
-------------------------------
Total Observed scale h2: 0.0366 (0.0042)
Lambda GC: 1.0741
Mean Chi^2: 1.1998
Intercept: 0.9744 (0.0121)
Ratio < 0 (usually indicates GC correction).

Genetic Covariance
------------------
Total Observed scale gencov: 0.0036 (0.0074)
Mean z1*z2: 0.0054
Intercept: 0.0016 (0.0045)

Genetic Correlation
-------------------
Genetic Correlation: 0.1324 (0.3397)
Z-score: 0.3897
P: 0.6968

Computing rg for phenotype 66/68
Reading summary statistics from ../output_sumstats/output_pmid33589841_LBD_eur.sumstats.gz ...
Read summary statistics for 1217311 SNPs.
After merging with summary statistics, 1167036 SNPs remain.
1060294 SNPs with valid alleles.

Heritability of phenotype 66/68
-------------------------------
Total Observed scale h2: 0.1683 (0.0809)
Lambda GC: 1.0225
Mean Chi^2: 1.0247
Intercept: 1.0024 (0.0086)
Ratio: 0.0968 (0.347)

Genetic Covariance
------------------
Total Observed scale gencov: -0.0744 (0.0446)
Mean z1*z2: -0.0057
Intercept: 0.005 (0.005)

Genetic Correlation
-------------------
Genetic Correlation: -0.9265 (0.9774)
Z-score: -0.9479
P: 0.3432

Computing rg for phenotype 67/68
Reading summary statistics from ../output_sumstats/output_pmid33987465_PD_eur.sumstats.gz ...
Read summary statistics for 1217311 SNPs.
After merging with summary statistics, 1167036 SNPs remain.
1164369 SNPs with valid alleles.

Heritability of phenotype 67/68
-------------------------------
Total Observed scale h2: 0.4114 (0.1481)
Lambda GC: 1.0016
Mean Chi^2: 1.0049
Intercept: 0.9818 (0.0062)
Ratio < 0 (usually indicates GC correction).

Genetic Covariance
------------------
Total Observed scale gencov: -0.0099 (0.0694)
Mean z1*z2: -0.0048
Intercept: -0.0037 (0.0046)

Genetic Correlation
-------------------
Genetic Correlation: -0.1016 (0.7579)
Z-score: -0.134
P: 0.8934

Computing rg for phenotype 68/68
Reading summary statistics from ../output_sumstats/output_pmid34737426_APH_eur.sumstats.gz ...
Read summary statistics for 1217311 SNPs.
After merging with summary statistics, 1167036 SNPs remain.
1141264 SNPs with valid alleles.

Heritability of phenotype 68/68
-------------------------------
Total Observed scale h2: -6.893e-05 (0.001)
Lambda GC: 0.9957
Mean Chi^2: 0.9851
Intercept: 0.9857 (0.0061)
Ratio: NA (mean chi^2 < 1)

Genetic Covariance
------------------
Total Observed scale gencov: 0.0027 (0.0053)
Mean z1*z2: -0.0004
Intercept: -0.0037 (0.0042)

Genetic Correlation
-------------------
Genetic Correlation: nan (nan) (h2  out of bounds) 
Z-score: nan (nan) (h2  out of bounds)
P: nan (nan) (h2  out of bounds)
WARNING: One of the h2's was out of bounds.
This usually indicates a data-munging error or that h2 or N is low.


Summary of Genetic Correlation Results
                                                          p1                                                                      p2      rg         se          z       p     h2_obs  h2_obs_se  h2_int h2_int_se   gcov_int gcov_int_se
 ../output_sumstats/output_pmid27989323_GCSF_eur.sumstats.gz             ../output_sumstats/output_pmid27989323_GCSF_eur.sumstats.gz       1  1.316e-07  7.598e+06       0    0.02235    0.06155   1.007  0.007936      1.007    0.007936
 ../output_sumstats/output_pmid27989323_GCSF_eur.sumstats.gz               ../output_sumstats/output_pmid21833088_MS_eur.sumstats.gz      NA         NA         NA      NA    0.05612    0.02818   1.059  0.008948   -0.00165    0.005186
 ../output_sumstats/output_pmid27989323_GCSF_eur.sumstats.gz               ../output_sumstats/output_pmid24076602_MS_eur.sumstats.gz -0.1114     0.2107    -0.5289  0.5969      1.588     0.2423   1.012   0.08692     0.0173      0.0232
 ../output_sumstats/output_pmid27989323_GCSF_eur.sumstats.gz  ../output_sumstats/output_pmid24816252_acetylcarnitine_eur.sumstats.gz      NA         NA         NA      NA    -0.2342    0.08316    1.02  0.007578 -0.0009921    0.004284
 ../output_sumstats/output_pmid27989323_GCSF_eur.sumstats.gz          ../output_sumstats/output_pmid24816252_alanine_eur.sumstats.gz   0.617       1.11      0.556  0.5782     0.5268    0.07023   1.012  0.007095  -0.004349    0.004749
 ../output_sumstats/output_pmid27989323_GCSF_eur.sumstats.gz         ../output_sumstats/output_pmid24816252_arginine_eur.sumstats.gz      NA         NA         NA      NA  -0.003896    0.06385   1.037  0.007194   -0.01092    0.004619
 ../output_sumstats/output_pmid27989323_GCSF_eur.sumstats.gz       ../output_sumstats/output_pmid24816252_asparagine_eur.sumstats.gz  0.6841      1.218     0.5617  0.5743     0.4983    0.06673   1.019   0.00726  -0.009305    0.004544
 ../output_sumstats/output_pmid27989323_GCSF_eur.sumstats.gz      ../output_sumstats/output_pmid24816252_cholesterol_eur.sumstats.gz  0.9642      1.881     0.5127  0.6081     0.1323    0.06772   1.044  0.006503   -0.00779    0.004873
 ../output_sumstats/output_pmid27989323_GCSF_eur.sumstats.gz          ../output_sumstats/output_pmid24816252_citrate_eur.sumstats.gz  0.3483     0.7419     0.4695  0.6387     0.4507    0.08006   1.059   0.00827  -0.004387    0.004439
 ../output_sumstats/output_pmid27989323_GCSF_eur.sumstats.gz        ../output_sumstats/output_pmid24816252_glutamate_eur.sumstats.gz   1.002      1.857     0.5394  0.5896     0.1622    0.05693  0.9319  0.005857  -0.006269    0.004315
 ../output_sumstats/output_pmid27989323_GCSF_eur.sumstats.gz         ../output_sumstats/output_pmid24816252_glycerol_eur.sumstats.gz      NA         NA         NA      NA    -0.1275    0.06046   1.016  0.006956  -0.004055    0.004499
 ../output_sumstats/output_pmid27989323_GCSF_eur.sumstats.gz        ../output_sumstats/output_pmid24816252_histidine_eur.sumstats.gz -0.2269     0.5222    -0.4345  0.6639     0.4327    0.06942  0.7584   0.00614  0.0003679       0.004
 ../output_sumstats/output_pmid27989323_GCSF_eur.sumstats.gz       ../output_sumstats/output_pmid24816252_isoleucine_eur.sumstats.gz      NA         NA         NA      NA    -0.2797    0.05866  0.9998  0.006417  -0.009298    0.004659
 ../output_sumstats/output_pmid27989323_GCSF_eur.sumstats.gz    ../output_sumstats/output_pmid24816252_phenylalanine_eur.sumstats.gz  0.8457      1.492      0.567  0.5707     0.3262    0.04361  0.7779  0.005113   -0.00725    0.003776
 ../output_sumstats/output_pmid27989323_GCSF_eur.sumstats.gz          ../output_sumstats/output_pmid24816252_proline_eur.sumstats.gz  0.8128      1.367     0.5947   0.552     0.3717    0.08965   1.038   0.01261 -0.0001141    0.004669
 ../output_sumstats/output_pmid27989323_GCSF_eur.sumstats.gz         ../output_sumstats/output_pmid24816252_pyruvate_eur.sumstats.gz  0.3049     0.9758     0.3124  0.7547     0.1512    0.05604  0.9988  0.005944   -0.00397    0.004471
 ../output_sumstats/output_pmid27989323_GCSF_eur.sumstats.gz        ../output_sumstats/output_pmid24816252_threonine_eur.sumstats.gz   1.084      2.628     0.4127  0.6798    0.04495    0.08282    1.01  0.006677  0.0009097    0.004907
 ../output_sumstats/output_pmid27989323_GCSF_eur.sumstats.gz       ../output_sumstats/output_pmid24816252_tryptophan_eur.sumstats.gz  0.4412       0.79     0.5585  0.5765     0.9281    0.07459   1.048  0.007943  -0.008587    0.004761
 ../output_sumstats/output_pmid27989323_GCSF_eur.sumstats.gz         ../output_sumstats/output_pmid24816252_tyrosine_eur.sumstats.gz   1.346      2.335     0.5765  0.5643     0.1637    0.07112   1.033  0.007157  -0.003398    0.004384
 ../output_sumstats/output_pmid27989323_GCSF_eur.sumstats.gz             ../output_sumstats/output_pmid24816252_urea_eur.sumstats.gz      NA         NA         NA      NA   -0.07708     0.0529   1.012  0.006352  -0.009108    0.004878
 ../output_sumstats/output_pmid27989323_GCSF_eur.sumstats.gz               ../output_sumstats/output_pmid27386562_MS_eur.sumstats.gz  0.4017     0.4877     0.8236  0.4101     0.2406    0.04704   1.067  0.008839   -0.00637    0.004959
 ../output_sumstats/output_pmid27989323_GCSF_eur.sumstats.gz              ../output_sumstats/output_pmid27455348_ALS_eur.sumstats.gz  0.6991       1.58     0.4425  0.6581    0.04837    0.01276  0.9971   0.00625  -0.006175    0.004768
 ../output_sumstats/output_pmid27989323_GCSF_eur.sumstats.gz            ../output_sumstats/output_pmid27989323_CTACK_eur.sumstats.gz      NA         NA         NA      NA   -0.01114      0.116   1.004  0.006966    0.06662     0.00524
 ../output_sumstats/output_pmid27989323_GCSF_eur.sumstats.gz             ../output_sumstats/output_pmid27989323_GROa_eur.sumstats.gz      NA         NA         NA      NA      -45.3      20.77   1.381     0.479     0.5943      0.3179
 ../output_sumstats/output_pmid27989323_GCSF_eur.sumstats.gz              ../output_sumstats/output_pmid27989323_HGF_eur.sumstats.gz      NA         NA         NA      NA   -0.02895    0.05851   1.011   0.00811      0.223    0.005362
 ../output_sumstats/output_pmid27989323_GCSF_eur.sumstats.gz             ../output_sumstats/output_pmid27989323_IFNg_eur.sumstats.gz      NA         NA         NA      NA         NA         NA      NA        NA         NA          NA
 ../output_sumstats/output_pmid27989323_GCSF_eur.sumstats.gz             ../output_sumstats/output_pmid27989323_IL10_eur.sumstats.gz      NA         NA         NA      NA  -0.008852    0.07983   1.019    0.0123     0.4867    0.006043
 ../output_sumstats/output_pmid27989323_GCSF_eur.sumstats.gz          ../output_sumstats/output_pmid27989323_IL12p70_eur.sumstats.gz      NA         NA         NA      NA    -0.0219    0.09066   1.035   0.01945     0.5595    0.006355
 ../output_sumstats/output_pmid27989323_GCSF_eur.sumstats.gz             ../output_sumstats/output_pmid27989323_IL13_eur.sumstats.gz      NA         NA         NA      NA    -0.1718     0.1623   1.018   0.01243     0.3144    0.005548
 ../output_sumstats/output_pmid27989323_GCSF_eur.sumstats.gz             ../output_sumstats/output_pmid27989323_IL16_eur.sumstats.gz      NA         NA         NA      NA   -0.08079     0.1283  0.9958  0.007287    0.06247    0.005333
 ../output_sumstats/output_pmid27989323_GCSF_eur.sumstats.gz             ../output_sumstats/output_pmid27989323_IL17_eur.sumstats.gz      NA         NA         NA      NA     -3.175      1.368    1.47    0.1356     0.8408     0.08569
 ../output_sumstats/output_pmid27989323_GCSF_eur.sumstats.gz             ../output_sumstats/output_pmid27989323_IL18_eur.sumstats.gz      NA         NA         NA      NA         NA         NA      NA        NA         NA          NA
 ../output_sumstats/output_pmid27989323_GCSF_eur.sumstats.gz            ../output_sumstats/output_pmid27989323_IL1ra_eur.sumstats.gz      NA         NA         NA      NA         NA         NA      NA        NA         NA          NA
 ../output_sumstats/output_pmid27989323_GCSF_eur.sumstats.gz              ../output_sumstats/output_pmid27989323_IL2_eur.sumstats.gz      NA         NA         NA      NA   -0.08758     0.1298   1.013  0.007077     0.3582    0.005477
 ../output_sumstats/output_pmid27989323_GCSF_eur.sumstats.gz            ../output_sumstats/output_pmid27989323_IL2ra_eur.sumstats.gz  0.7215      1.897     0.3804  0.7037    0.05984     0.1175   1.003  0.006698      0.121    0.005143
 ../output_sumstats/output_pmid27989323_GCSF_eur.sumstats.gz              ../output_sumstats/output_pmid27989323_IL4_eur.sumstats.gz      NA         NA         NA      NA   -0.03715    0.06017    1.01  0.007972     0.6433    0.006877
 ../output_sumstats/output_pmid27989323_GCSF_eur.sumstats.gz              ../output_sumstats/output_pmid27989323_IL5_eur.sumstats.gz      NA         NA         NA      NA    -0.1258     0.1361   1.012  0.007433     0.3421    0.005905
 ../output_sumstats/output_pmid27989323_GCSF_eur.sumstats.gz              ../output_sumstats/output_pmid27989323_IL6_eur.sumstats.gz      NA         NA         NA      NA         NA         NA      NA        NA         NA          NA
 ../output_sumstats/output_pmid27989323_GCSF_eur.sumstats.gz              ../output_sumstats/output_pmid27989323_IL7_eur.sumstats.gz      NA         NA         NA      NA    -0.0373     0.1571   1.013  0.008896     0.3392    0.005928
 ../output_sumstats/output_pmid27989323_GCSF_eur.sumstats.gz              ../output_sumstats/output_pmid27989323_IL8_eur.sumstats.gz      NA         NA         NA      NA   -0.02447     0.1265   1.008  0.006721     0.3412    0.005877
 ../output_sumstats/output_pmid27989323_GCSF_eur.sumstats.gz              ../output_sumstats/output_pmid27989323_IL9_eur.sumstats.gz      NA         NA         NA      NA    -0.1773     0.1248   1.014  0.007044     0.3105    0.005517
 ../output_sumstats/output_pmid27989323_GCSF_eur.sumstats.gz             ../output_sumstats/output_pmid27989323_MCP1_eur.sumstats.gz   1.107      1.625     0.6809   0.496     0.1691     0.0821  0.9951  0.008063     0.2193    0.005214
 ../output_sumstats/output_pmid27989323_GCSF_eur.sumstats.gz             ../output_sumstats/output_pmid27989323_MCP3_eur.sumstats.gz      NA         NA         NA      NA     -0.882     0.5691   1.014  0.007744     0.0779    0.005463
 ../output_sumstats/output_pmid27989323_GCSF_eur.sumstats.gz             ../output_sumstats/output_pmid27989323_MCSF_eur.sumstats.gz      NA         NA         NA      NA         NA         NA      NA        NA         NA          NA
 ../output_sumstats/output_pmid27989323_GCSF_eur.sumstats.gz              ../output_sumstats/output_pmid27989323_MIF_eur.sumstats.gz -0.2381      1.696    -0.1404  0.8884    0.08611      0.135   1.005  0.006904    0.06467    0.005357
 ../output_sumstats/output_pmid27989323_GCSF_eur.sumstats.gz              ../output_sumstats/output_pmid27989323_MIG_eur.sumstats.gz      NA         NA         NA      NA    -0.1323     0.1094   1.014  0.006374    0.06886    0.005098
 ../output_sumstats/output_pmid27989323_GCSF_eur.sumstats.gz            ../output_sumstats/output_pmid27989323_MIP1a_eur.sumstats.gz      NA         NA         NA      NA     -0.139     0.1399   1.009  0.007081     0.3725    0.005673
 ../output_sumstats/output_pmid27989323_GCSF_eur.sumstats.gz            ../output_sumstats/output_pmid27989323_MIP1b_eur.sumstats.gz      NA         NA         NA      NA         NA         NA      NA        NA         NA          NA
 ../output_sumstats/output_pmid27989323_GCSF_eur.sumstats.gz           ../output_sumstats/output_pmid27989323_PDGFbb_eur.sumstats.gz      NA         NA         NA      NA  -0.004536    0.06273   1.022   0.00871     0.5138    0.006291
 ../output_sumstats/output_pmid27989323_GCSF_eur.sumstats.gz           ../output_sumstats/output_pmid27989323_RANTES_eur.sumstats.gz  0.6244       1.35     0.4626  0.6436     0.1215     0.1266  0.9997  0.006718     0.1103      0.0056
 ../output_sumstats/output_pmid27989323_GCSF_eur.sumstats.gz              ../output_sumstats/output_pmid27989323_SCF_eur.sumstats.gz      NA         NA         NA      NA   -0.05577    0.05597   1.019  0.007144     0.1006    0.004901
 ../output_sumstats/output_pmid27989323_GCSF_eur.sumstats.gz            ../output_sumstats/output_pmid27989323_SCGFb_eur.sumstats.gz   -2.34      4.604    -0.5083  0.6112    0.08628     0.1804   1.012   0.01026     0.0849     0.00865
 ../output_sumstats/output_pmid27989323_GCSF_eur.sumstats.gz             ../output_sumstats/output_pmid27989323_SDF1_eur.sumstats.gz      NA         NA         NA      NA  -0.006436    0.07558  0.9983  0.007107     0.4307    0.005435
 ../output_sumstats/output_pmid27989323_GCSF_eur.sumstats.gz             ../output_sumstats/output_pmid27989323_TNFa_eur.sumstats.gz      NA         NA         NA      NA   -0.06026     0.1329  0.9982   0.00692     0.3451    0.005634
 ../output_sumstats/output_pmid27989323_GCSF_eur.sumstats.gz             ../output_sumstats/output_pmid27989323_TNFb_eur.sumstats.gz      NA         NA         NA      NA    -0.4574     0.3067   1.011  0.007533    0.04297    0.006327
 ../output_sumstats/output_pmid27989323_GCSF_eur.sumstats.gz            ../output_sumstats/output_pmid27989323_TRAIL_eur.sumstats.gz      NA         NA         NA      NA    -0.0164    0.05422    1.02   0.01161     0.1382    0.005506
 ../output_sumstats/output_pmid27989323_GCSF_eur.sumstats.gz             ../output_sumstats/output_pmid27989323_bNGF_eur.sumstats.gz   2.048      2.563     0.7992  0.4242     0.2636     0.1393  0.9942  0.007726     0.1542    0.005533
 ../output_sumstats/output_pmid27989323_GCSF_eur.sumstats.gz          ../output_sumstats/output_pmid27989323_eotaxin_eur.sumstats.gz  0.8103      1.197     0.6767  0.4986     0.1049    0.06598   1.009  0.007645     0.3282     0.00552
 ../output_sumstats/output_pmid27989323_GCSF_eur.sumstats.gz             ../output_sumstats/output_pmid27989323_ip10_eur.sumstats.gz   2.372      3.328     0.7128   0.476     0.1326     0.1224   1.008  0.007264    0.06266     0.00438
 ../output_sumstats/output_pmid27989323_GCSF_eur.sumstats.gz              ../output_sumstats/output_pmid29566793_ALS_eur.sumstats.gz   0.455     0.7931     0.5737  0.5662    0.03178   0.007202   1.022   0.00711   -0.00506    0.004604
 ../output_sumstats/output_pmid27989323_GCSF_eur.sumstats.gz       ../output_sumstats/output_pmid29632382_T2d-BMIadj_eur.sumstats.gz      NA         NA         NA      NA         NA         NA      NA        NA         NA          NA
 ../output_sumstats/output_pmid27989323_GCSF_eur.sumstats.gz              ../output_sumstats/output_pmid30054458_T2d_eur.sumstats.gz -0.1537     0.3424    -0.4489  0.6535    0.04579   0.003023   1.054   0.01897   0.003874     0.00728
 ../output_sumstats/output_pmid27989323_GCSF_eur.sumstats.gz               ../output_sumstats/output_pmid33111402_PD_eur.sumstats.gz      NA         NA         NA      NA     -2.639      1.139   1.086   0.05875    0.01924     0.03989
 ../output_sumstats/output_pmid27989323_GCSF_eur.sumstats.gz               ../output_sumstats/output_pmid33310728_RA_eur.sumstats.gz  0.1324     0.3397     0.3897  0.6968    0.03665   0.004209  0.9744   0.01214   0.001588    0.004526
 ../output_sumstats/output_pmid27989323_GCSF_eur.sumstats.gz              ../output_sumstats/output_pmid33589841_LBD_eur.sumstats.gz -0.9265     0.9774    -0.9479  0.3432     0.1683    0.08088   1.002   0.00858   0.004989    0.005044
 ../output_sumstats/output_pmid27989323_GCSF_eur.sumstats.gz               ../output_sumstats/output_pmid33987465_PD_eur.sumstats.gz -0.1016     0.7579     -0.134  0.8934     0.4114     0.1481  0.9818  0.006235  -0.003749    0.004565
 ../output_sumstats/output_pmid27989323_GCSF_eur.sumstats.gz              ../output_sumstats/output_pmid34737426_APH_eur.sumstats.gz      NA         NA         NA      NA -6.893e-05  0.0009502  0.9857  0.006133  -0.003713     0.00423

Analysis finished at Sat Feb 24 09:00:01 2024
Total time elapsed: 30.0m:19.28s
