*********************************************************************
* LD Score Regression (LDSC)
* Version 1.0.1
* (C) 2014-2019 Brendan Bulik-Sullivan and Hilary Finucane
* Broad Institute of MIT and Harvard / MIT Department of Mathematics
* GNU General Public License v3
*********************************************************************
Call: 
./ldsc.py \
--ref-ld-chr ../input_files/eur_w_ld_chr/ \
--out ../output_ld_regression/output_pmid27989323_IL1ra_eur_ldReg \
--rg ../output_sumstats/output_pmid27989323_IL1ra_eur.sumstats.gz,../output_sumstats/output_pmid27989323_IL1ra_eur.sumstats.gz,../output_sumstats/output_pmid21833088_MS_eur.sumstats.gz,../output_sumstats/output_pmid24076602_MS_eur.sumstats.gz,../output_sumstats/output_pmid24816252_acetylcarnitine_eur.sumstats.gz,../output_sumstats/output_pmid24816252_alanine_eur.sumstats.gz,../output_sumstats/output_pmid24816252_arginine_eur.sumstats.gz,../output_sumstats/output_pmid24816252_asparagine_eur.sumstats.gz,../output_sumstats/output_pmid24816252_cholesterol_eur.sumstats.gz,../output_sumstats/output_pmid24816252_citrate_eur.sumstats.gz,../output_sumstats/output_pmid24816252_glutamate_eur.sumstats.gz,../output_sumstats/output_pmid24816252_glycerol_eur.sumstats.gz,../output_sumstats/output_pmid24816252_histidine_eur.sumstats.gz,../output_sumstats/output_pmid24816252_isoleucine_eur.sumstats.gz,../output_sumstats/output_pmid24816252_phenylalanine_eur.sumstats.gz,../output_sumstats/output_pmid24816252_proline_eur.sumstats.gz,../output_sumstats/output_pmid24816252_pyruvate_eur.sumstats.gz,../output_sumstats/output_pmid24816252_threonine_eur.sumstats.gz,../output_sumstats/output_pmid24816252_tryptophan_eur.sumstats.gz,../output_sumstats/output_pmid24816252_tyrosine_eur.sumstats.gz,../output_sumstats/output_pmid24816252_urea_eur.sumstats.gz,../output_sumstats/output_pmid27386562_MS_eur.sumstats.gz,../output_sumstats/output_pmid27455348_ALS_eur.sumstats.gz,../output_sumstats/output_pmid27989323_CTACK_eur.sumstats.gz,../output_sumstats/output_pmid27989323_GCSF_eur.sumstats.gz,../output_sumstats/output_pmid27989323_GROa_eur.sumstats.gz,../output_sumstats/output_pmid27989323_HGF_eur.sumstats.gz,../output_sumstats/output_pmid27989323_IFNg_eur.sumstats.gz,../output_sumstats/output_pmid27989323_IL10_eur.sumstats.gz,../output_sumstats/output_pmid27989323_IL12p70_eur.sumstats.gz,../output_sumstats/output_pmid27989323_IL13_eur.sumstats.gz,../output_sumstats/output_pmid27989323_IL16_eur.sumstats.gz,../output_sumstats/output_pmid27989323_IL17_eur.sumstats.gz,../output_sumstats/output_pmid27989323_IL18_eur.sumstats.gz,../output_sumstats/output_pmid27989323_IL2_eur.sumstats.gz,../output_sumstats/output_pmid27989323_IL2ra_eur.sumstats.gz,../output_sumstats/output_pmid27989323_IL4_eur.sumstats.gz,../output_sumstats/output_pmid27989323_IL5_eur.sumstats.gz,../output_sumstats/output_pmid27989323_IL6_eur.sumstats.gz,../output_sumstats/output_pmid27989323_IL7_eur.sumstats.gz,../output_sumstats/output_pmid27989323_IL8_eur.sumstats.gz,../output_sumstats/output_pmid27989323_IL9_eur.sumstats.gz,../output_sumstats/output_pmid27989323_MCP1_eur.sumstats.gz,../output_sumstats/output_pmid27989323_MCP3_eur.sumstats.gz,../output_sumstats/output_pmid27989323_MCSF_eur.sumstats.gz,../output_sumstats/output_pmid27989323_MIF_eur.sumstats.gz,../output_sumstats/output_pmid27989323_MIG_eur.sumstats.gz,../output_sumstats/output_pmid27989323_MIP1a_eur.sumstats.gz,../output_sumstats/output_pmid27989323_MIP1b_eur.sumstats.gz,../output_sumstats/output_pmid27989323_PDGFbb_eur.sumstats.gz,../output_sumstats/output_pmid27989323_RANTES_eur.sumstats.gz,../output_sumstats/output_pmid27989323_SCF_eur.sumstats.gz,../output_sumstats/output_pmid27989323_SCGFb_eur.sumstats.gz,../output_sumstats/output_pmid27989323_SDF1_eur.sumstats.gz,../output_sumstats/output_pmid27989323_TNFa_eur.sumstats.gz,../output_sumstats/output_pmid27989323_TNFb_eur.sumstats.gz,../output_sumstats/output_pmid27989323_TRAIL_eur.sumstats.gz,../output_sumstats/output_pmid27989323_bNGF_eur.sumstats.gz,../output_sumstats/output_pmid27989323_eotaxin_eur.sumstats.gz,../output_sumstats/output_pmid27989323_ip10_eur.sumstats.gz,../output_sumstats/output_pmid29566793_ALS_eur.sumstats.gz,../output_sumstats/output_pmid29632382_T2d-BMIadj_eur.sumstats.gz,../output_sumstats/output_pmid30054458_T2d_eur.sumstats.gz,../output_sumstats/output_pmid33111402_PD_eur.sumstats.gz,../output_sumstats/output_pmid33310728_RA_eur.sumstats.gz,../output_sumstats/output_pmid33589841_LBD_eur.sumstats.gz,../output_sumstats/output_pmid33987465_PD_eur.sumstats.gz,../output_sumstats/output_pmid34737426_APH_eur.sumstats.gz \
--w-ld-chr ../input_files/eur_w_ld_chr/ 

Beginning analysis at Sat Feb 24 15:47:25 2024
Reading summary statistics from ../output_sumstats/output_pmid27989323_IL1ra_eur.sumstats.gz ...
Read summary statistics for 1177460 SNPs.
Reading reference panel LD Score from ../input_files/eur_w_ld_chr/[1-22] ... (ldscore_fromlist)
Read reference panel LD Scores for 1290028 SNPs.
Removing partitioned LD Scores with zero variance.
Reading regression weight LD Score from ../input_files/eur_w_ld_chr/[1-22] ... (ldscore_fromlist)
Read regression weight LD Scores for 1290028 SNPs.
After merging with reference panel LD, 1166108 SNPs remain.
After merging with regression SNP LD, 1166108 SNPs remain.
Computing rg for phenotype 2/68
Reading summary statistics from ../output_sumstats/output_pmid27989323_IL1ra_eur.sumstats.gz ...
Read summary statistics for 1217311 SNPs.
After merging with summary statistics, 1166108 SNPs remain.
1166108 SNPs with valid alleles.

Heritability of phenotype 1
---------------------------
Total Observed scale h2: 0.0199 (0.1437)
Lambda GC: 1.0105
Mean Chi^2: 1.0081
Intercept: 1.0067 (0.008)
Ratio: 0.8254 (0.9903)

Heritability of phenotype 2/68
------------------------------
Total Observed scale h2: 0.0199 (0.1437)
Lambda GC: 1.0105
Mean Chi^2: 1.0081
Intercept: 1.0067 (0.008)
Ratio: 0.8254 (0.9903)

Genetic Covariance
------------------
Total Observed scale gencov: 0.0199 (0.1437)
Mean z1*z2: 1.0081
Intercept: 1.0067 (0.008)

Genetic Correlation
-------------------
Genetic Correlation: 1. (4.813)
Z-score: 0.2078
P: 0.8354

Computing rg for phenotype 3/68
Reading summary statistics from ../output_sumstats/output_pmid21833088_MS_eur.sumstats.gz ...
Read summary statistics for 1217311 SNPs.
After merging with summary statistics, 1166108 SNPs remain.
449994 SNPs with valid alleles.

Heritability of phenotype 3/68
------------------------------
Total Observed scale h2: 0.0551 (0.0282)
Lambda GC: 1.0405
Mean Chi^2: 1.0857
Intercept: 1.0593 (0.0091)
Ratio: 0.6921 (0.106)

Genetic Covariance
------------------
Total Observed scale gencov: 0.0156 (0.038)
Mean z1*z2: 0.0012
Intercept: -0.0016 (0.0062)

Genetic Correlation
-------------------
Genetic Correlation: nan (nan) (h2  out of bounds) 
Z-score: nan (nan) (h2  out of bounds)
P: nan (nan) (h2  out of bounds)
WARNING: One of the h2's was out of bounds.
This usually indicates a data-munging error or that h2 or N is low.

Computing rg for phenotype 4/68
Reading summary statistics from ../output_sumstats/output_pmid24076602_MS_eur.sumstats.gz ...
Read summary statistics for 1217311 SNPs.
After merging with summary statistics, 1166108 SNPs remain.
49514 SNPs with valid alleles.
WARNING: number of SNPs less than 200k; this is almost always bad.

Heritability of phenotype 4/68
------------------------------
Total Observed scale h2: 1.5975 (0.241)
Lambda GC: 1.4673
Mean Chi^2: 2.202
Intercept: 1.0071 (0.0837)
Ratio: 0.0059 (0.0696)

Genetic Covariance
------------------
Total Observed scale gencov: -0.0637 (0.1615)
Mean z1*z2: -0.0152
Intercept: 0.0062 (0.021)

Genetic Correlation
-------------------
Genetic Correlation: nan (nan) (h2  out of bounds) 
Z-score: nan (nan) (h2  out of bounds)
P: nan (nan) (h2  out of bounds)
WARNING: One of the h2's was out of bounds.
This usually indicates a data-munging error or that h2 or N is low.

Computing rg for phenotype 5/68
Reading summary statistics from ../output_sumstats/output_pmid24816252_acetylcarnitine_eur.sumstats.gz ...
Read summary statistics for 1217311 SNPs.
After merging with summary statistics, 1166108 SNPs remain.
1023123 SNPs with valid alleles.

Heritability of phenotype 5/68
------------------------------
Total Observed scale h2: -0.2348 (0.0828)
Lambda GC: 0.9721
Mean Chi^2: 0.9854
Intercept: 1.0199 (0.0076)
Ratio: NA (mean chi^2 < 1)

Genetic Covariance
------------------
Total Observed scale gencov: 0.0511 (0.0526)
Mean z1*z2: 0.0018
Intercept: -0.0035 (0.0045)

Genetic Correlation
-------------------
Genetic Correlation: nan (nan) (h2  out of bounds) 
Z-score: nan (nan) (h2  out of bounds)
P: nan (nan) (h2  out of bounds)
WARNING: One of the h2's was out of bounds.
This usually indicates a data-munging error or that h2 or N is low.

Computing rg for phenotype 6/68
Reading summary statistics from ../output_sumstats/output_pmid24816252_alanine_eur.sumstats.gz ...
Read summary statistics for 1217311 SNPs.
After merging with summary statistics, 1166108 SNPs remain.
1023123 SNPs with valid alleles.

Heritability of phenotype 6/68
------------------------------
Total Observed scale h2: 0.5291 (0.0706)
Lambda GC: 1.0649
Mean Chi^2: 1.0878
Intercept: 1.0114 (0.0072)
Ratio: 0.1302 (0.0818)

Genetic Covariance
------------------
Total Observed scale gencov: 0.0745 (0.0625)
Mean z1*z2: 0.0082
Intercept: 0.0011 (0.0051)

Genetic Correlation
-------------------
Genetic Correlation: 0.462 (1.2289)
Z-score: 0.376
P: 0.7069

Computing rg for phenotype 7/68
Reading summary statistics from ../output_sumstats/output_pmid24816252_arginine_eur.sumstats.gz ...
Read summary statistics for 1217311 SNPs.
After merging with summary statistics, 1166108 SNPs remain.
1023123 SNPs with valid alleles.

Heritability of phenotype 7/68
------------------------------
Total Observed scale h2: -0.0073 (0.0633)
Lambda GC: 1.0255
Mean Chi^2: 1.0367
Intercept: 1.0377 (0.0071)
Ratio: 1.0261 (0.1945)

Genetic Covariance
------------------
Total Observed scale gencov: -0.0307 (0.0549)
Mean z1*z2: -0.0048
Intercept: -0.0017 (0.0042)

Genetic Correlation
-------------------
Genetic Correlation: nan (nan) (h2  out of bounds) 
Z-score: nan (nan) (h2  out of bounds)
P: nan (nan) (h2  out of bounds)
WARNING: One of the h2's was out of bounds.
This usually indicates a data-munging error or that h2 or N is low.

Computing rg for phenotype 8/68
Reading summary statistics from ../output_sumstats/output_pmid24816252_asparagine_eur.sumstats.gz ...
Read summary statistics for 1217311 SNPs.
After merging with summary statistics, 1166108 SNPs remain.
1023123 SNPs with valid alleles.

Heritability of phenotype 8/68
------------------------------
Total Observed scale h2: 0.497 (0.067)
Lambda GC: 1.0679
Mean Chi^2: 1.0907
Intercept: 1.019 (0.0073)
Ratio: 0.2099 (0.0804)

Genetic Covariance
------------------
Total Observed scale gencov: -0.0368 (0.0585)
Mean z1*z2: -0.0046
Intercept: -0.0009 (0.0045)

Genetic Correlation
-------------------
Genetic Correlation: -0.2357 (0.631)
Z-score: -0.3736
P: 0.7087

Computing rg for phenotype 9/68
Reading summary statistics from ../output_sumstats/output_pmid24816252_cholesterol_eur.sumstats.gz ...
Read summary statistics for 1217311 SNPs.
After merging with summary statistics, 1166108 SNPs remain.
1023123 SNPs with valid alleles.

Heritability of phenotype 9/68
------------------------------
Total Observed scale h2: 0.1326 (0.0676)
Lambda GC: 1.0496
Mean Chi^2: 1.0633
Intercept: 1.0438 (0.0066)
Ratio: 0.6924 (0.1046)

Genetic Covariance
------------------
Total Observed scale gencov: 0.0712 (0.0668)
Mean z1*z2: 0.0004
Intercept: -0.0069 (0.0048)

Genetic Correlation
-------------------
Genetic Correlation: 0.8824 (2.2132)
Z-score: 0.3987
P: 0.6901

Computing rg for phenotype 10/68
Reading summary statistics from ../output_sumstats/output_pmid24816252_citrate_eur.sumstats.gz ...
Read summary statistics for 1217311 SNPs.
After merging with summary statistics, 1166108 SNPs remain.
1023123 SNPs with valid alleles.

Heritability of phenotype 10/68
-------------------------------
Total Observed scale h2: 0.449 (0.08)
Lambda GC: 1.0957
Mean Chi^2: 1.123
Intercept: 1.0593 (0.0082)
Ratio: 0.4818 (0.067)

Genetic Covariance
------------------
Total Observed scale gencov: 0.0255 (0.0664)
Mean z1*z2: 0.0017
Intercept: -0.001 (0.0046)

Genetic Correlation
-------------------
Genetic Correlation: 0.1715 (0.6112)
Z-score: 0.2806
P: 0.779

Computing rg for phenotype 11/68
Reading summary statistics from ../output_sumstats/output_pmid24816252_glutamate_eur.sumstats.gz ...
Read summary statistics for 1217311 SNPs.
After merging with summary statistics, 1166108 SNPs remain.
1023123 SNPs with valid alleles.

Heritability of phenotype 11/68
-------------------------------
Total Observed scale h2: 0.16 (0.057)
Lambda GC: 0.9576
Mean Chi^2: 0.9553
Intercept: 0.9322 (0.0059)
Ratio: NA (mean chi^2 < 1)

Genetic Covariance
------------------
Total Observed scale gencov: 0.1419 (0.0624)
Mean z1*z2: 0.0142
Intercept: -0.0004 (0.0047)

Genetic Correlation
-------------------
Genetic Correlation: nan (nan) (rg out of bounds) 
Z-score: nan (nan) (rg out of bounds)
P: nan (nan) (rg out of bounds)
WARNING: rg was out of bounds.
This often means that h2 is not significantly different from zero.

Computing rg for phenotype 12/68
Reading summary statistics from ../output_sumstats/output_pmid24816252_glycerol_eur.sumstats.gz ...
Read summary statistics for 1217311 SNPs.
After merging with summary statistics, 1166108 SNPs remain.
1023123 SNPs with valid alleles.

Heritability of phenotype 12/68
-------------------------------
Total Observed scale h2: -0.1293 (0.0607)
Lambda GC: 0.9868
Mean Chi^2: 0.9975
Intercept: 1.0163 (0.007)
Ratio: NA (mean chi^2 < 1)

Genetic Covariance
------------------
Total Observed scale gencov: -0.0503 (0.0604)
Mean z1*z2: -0.0044
Intercept: 0.0007 (0.0046)

Genetic Correlation
-------------------
Genetic Correlation: nan (nan) (h2  out of bounds) 
Z-score: nan (nan) (h2  out of bounds)
P: nan (nan) (h2  out of bounds)
WARNING: One of the h2's was out of bounds.
This usually indicates a data-munging error or that h2 or N is low.

Computing rg for phenotype 13/68
Reading summary statistics from ../output_sumstats/output_pmid24816252_histidine_eur.sumstats.gz ...
Read summary statistics for 1217311 SNPs.
After merging with summary statistics, 1166108 SNPs remain.
1023123 SNPs with valid alleles.

Heritability of phenotype 13/68
-------------------------------
Total Observed scale h2: 0.4295 (0.07)
Lambda GC: 0.81
Mean Chi^2: 0.8193
Intercept: 0.7589 (0.0062)
Ratio: NA (mean chi^2 < 1)

Genetic Covariance
------------------
Total Observed scale gencov: -0.1099 (0.0555)
Mean z1*z2: -0.0044
Intercept: 0.007 (0.004)

Genetic Correlation
-------------------
Genetic Correlation: -0.7569 (1.6031)
Z-score: -0.4721
P: 0.6368

Computing rg for phenotype 14/68
Reading summary statistics from ../output_sumstats/output_pmid24816252_isoleucine_eur.sumstats.gz ...
Read summary statistics for 1217311 SNPs.
After merging with summary statistics, 1166108 SNPs remain.
1023123 SNPs with valid alleles.

Heritability of phenotype 14/68
-------------------------------
Total Observed scale h2: -0.2772 (0.0586)
Lambda GC: 0.9489
Mean Chi^2: 0.9588
Intercept: 0.9995 (0.0064)
Ratio: NA (mean chi^2 < 1)

Genetic Covariance
------------------
Total Observed scale gencov: 0.1132 (0.0593)
Mean z1*z2: 0.0129
Intercept: 0.0012 (0.0043)

Genetic Correlation
-------------------
Genetic Correlation: nan (nan) (h2  out of bounds) 
Z-score: nan (nan) (h2  out of bounds)
P: nan (nan) (h2  out of bounds)
WARNING: One of the h2's was out of bounds.
This usually indicates a data-munging error or that h2 or N is low.

Computing rg for phenotype 15/68
Reading summary statistics from ../output_sumstats/output_pmid24816252_phenylalanine_eur.sumstats.gz ...
Read summary statistics for 1217311 SNPs.
After merging with summary statistics, 1166108 SNPs remain.
1023123 SNPs with valid alleles.

Heritability of phenotype 15/68
-------------------------------
Total Observed scale h2: 0.33 (0.0436)
Lambda GC: 0.8207
Mean Chi^2: 0.8233
Intercept: 0.7773 (0.0051)
Ratio: NA (mean chi^2 < 1)

Genetic Covariance
------------------
Total Observed scale gencov: 0.1228 (0.0584)
Mean z1*z2: 0.0068
Intercept: -0.0059 (0.0037)

Genetic Correlation
-------------------
Genetic Correlation: 0.9652 (2.0283)
Z-score: 0.4759
P: 0.6342

Computing rg for phenotype 16/68
Reading summary statistics from ../output_sumstats/output_pmid24816252_proline_eur.sumstats.gz ...
Read summary statistics for 1217311 SNPs.
After merging with summary statistics, 1166108 SNPs remain.
1023123 SNPs with valid alleles.

Heritability of phenotype 16/68
-------------------------------
Total Observed scale h2: 0.3726 (0.0899)
Lambda GC: 1.0679
Mean Chi^2: 1.0923
Intercept: 1.0383 (0.0127)
Ratio: 0.4142 (0.1373)

Genetic Covariance
------------------
Total Observed scale gencov: 0.0575 (0.0633)
Mean z1*z2: 0.0119
Intercept: 0.0063 (0.0044)

Genetic Correlation
-------------------
Genetic Correlation: 0.425 (1.0705)
Z-score: 0.397
P: 0.6913

Computing rg for phenotype 17/68
Reading summary statistics from ../output_sumstats/output_pmid24816252_pyruvate_eur.sumstats.gz ...
Read summary statistics for 1217311 SNPs.
After merging with summary statistics, 1166108 SNPs remain.
1023123 SNPs with valid alleles.

Heritability of phenotype 17/68
-------------------------------
Total Observed scale h2: 0.1543 (0.056)
Lambda GC: 1.0195
Mean Chi^2: 1.0203
Intercept: 0.9984 (0.006)
Ratio < 0 (usually indicates GC correction).

Genetic Covariance
------------------
Total Observed scale gencov: 0.0589 (0.0583)
Mean z1*z2: 0.0029
Intercept: -0.0031 (0.0044)

Genetic Correlation
-------------------
Genetic Correlation: 0.6769 (1.7794)
Z-score: 0.3804
P: 0.7036

Computing rg for phenotype 18/68
Reading summary statistics from ../output_sumstats/output_pmid24816252_threonine_eur.sumstats.gz ...
Read summary statistics for 1217311 SNPs.
After merging with summary statistics, 1166108 SNPs remain.
1023123 SNPs with valid alleles.

Heritability of phenotype 18/68
-------------------------------
Total Observed scale h2: 0.0478 (0.0834)
Lambda GC: 1.0016
Mean Chi^2: 1.0149
Intercept: 1.0094 (0.0068)
Ratio: 0.6324 (0.4549)

Genetic Covariance
------------------
Total Observed scale gencov: -0.0672 (0.0691)
Mean z1*z2: 0.0011
Intercept: 0.0073 (0.0044)

Genetic Correlation
-------------------
Genetic Correlation: nan (nan) (rg out of bounds) 
Z-score: nan (nan) (rg out of bounds)
P: nan (nan) (rg out of bounds)
WARNING: rg was out of bounds.
This often means that h2 is not significantly different from zero.

Computing rg for phenotype 19/68
Reading summary statistics from ../output_sumstats/output_pmid24816252_tryptophan_eur.sumstats.gz ...
Read summary statistics for 1217311 SNPs.
After merging with summary statistics, 1166108 SNPs remain.
1023123 SNPs with valid alleles.

Heritability of phenotype 19/68
-------------------------------
Total Observed scale h2: 0.926 (0.0745)
Lambda GC: 1.0864
Mean Chi^2: 1.1816
Intercept: 1.0484 (0.008)
Ratio: 0.2663 (0.0439)

Genetic Covariance
------------------
Total Observed scale gencov: 0.0783 (0.0647)
Mean z1*z2: 0.0053
Intercept: -0.0024 (0.0048)

Genetic Correlation
-------------------
Genetic Correlation: 0.3672 (0.8348)
Z-score: 0.4399
P: 0.66

Computing rg for phenotype 20/68
Reading summary statistics from ../output_sumstats/output_pmid24816252_tyrosine_eur.sumstats.gz ...
Read summary statistics for 1217311 SNPs.
After merging with summary statistics, 1166108 SNPs remain.
1023123 SNPs with valid alleles.

Heritability of phenotype 20/68
-------------------------------
Total Observed scale h2: 0.1662 (0.0709)
Lambda GC: 1.0466
Mean Chi^2: 1.0566
Intercept: 1.0324 (0.0072)
Ratio: 0.5716 (0.1279)

Genetic Covariance
------------------
Total Observed scale gencov: 0.0309 (0.061)
Mean z1*z2: 0.01
Intercept: 0.0071 (0.0044)

Genetic Correlation
-------------------
Genetic Correlation: 0.342 (1.1964)
Z-score: 0.2858
P: 0.775

Computing rg for phenotype 21/68
Reading summary statistics from ../output_sumstats/output_pmid24816252_urea_eur.sumstats.gz ...
Read summary statistics for 1217311 SNPs.
After merging with summary statistics, 1166108 SNPs remain.
1023123 SNPs with valid alleles.

Heritability of phenotype 21/68
-------------------------------
Total Observed scale h2: -0.0768 (0.0527)
Lambda GC: 0.9898
Mean Chi^2: 1.001
Intercept: 1.0122 (0.0063)
Ratio: 12.5506 (6.5374)

Genetic Covariance
------------------
Total Observed scale gencov: 0.1408 (0.0606)
Mean z1*z2: 0.0122
Intercept: -0.0024 (0.0046)

Genetic Correlation
-------------------
Genetic Correlation: nan (nan) (h2  out of bounds) 
Z-score: nan (nan) (h2  out of bounds)
P: nan (nan) (h2  out of bounds)
WARNING: One of the h2's was out of bounds.
This usually indicates a data-munging error or that h2 or N is low.

Computing rg for phenotype 22/68
Reading summary statistics from ../output_sumstats/output_pmid27386562_MS_eur.sumstats.gz ...
Read summary statistics for 1217311 SNPs.
After merging with summary statistics, 1166108 SNPs remain.
1136583 SNPs with valid alleles.
ERROR computing rg for phenotype 22/68, from file ../output_sumstats/output_pmid27386562_MS_eur.sumstats.gz.
Traceback (most recent call last):
  File "/Users/as/Documents/UNI/Bioinformatik/2023:24_WS/GoBi_Lokal/BlockTeil_Metabolomics/ldsc/ldscore/sumstats.py", line 410, in estimate_rg
    rghat = _rg(loop, args, log, M_annot, ref_ld_cnames, w_ld_cname, i)
  File "/Users/as/Documents/UNI/Bioinformatik/2023:24_WS/GoBi_Lokal/BlockTeil_Metabolomics/ldsc/ldscore/sumstats.py", line 539, in _rg
    intercept_gencov=intercepts[2], n_blocks=n_blocks, twostep=args.two_step)
  File "/Users/as/Documents/UNI/Bioinformatik/2023:24_WS/GoBi_Lokal/BlockTeil_Metabolomics/ldsc/ldscore/regressions.py", line 705, in __init__
    np.multiply(hsq1.tot_delete_values, hsq2.tot_delete_values))
FloatingPointError: invalid value encountered in sqrt


Computing rg for phenotype 23/68
Reading summary statistics from ../output_sumstats/output_pmid27455348_ALS_eur.sumstats.gz ...
Read summary statistics for 1217311 SNPs.
After merging with summary statistics, 1166108 SNPs remain.
1152763 SNPs with valid alleles.
ERROR computing rg for phenotype 23/68, from file ../output_sumstats/output_pmid27455348_ALS_eur.sumstats.gz.
Traceback (most recent call last):
  File "/Users/as/Documents/UNI/Bioinformatik/2023:24_WS/GoBi_Lokal/BlockTeil_Metabolomics/ldsc/ldscore/sumstats.py", line 410, in estimate_rg
    rghat = _rg(loop, args, log, M_annot, ref_ld_cnames, w_ld_cname, i)
  File "/Users/as/Documents/UNI/Bioinformatik/2023:24_WS/GoBi_Lokal/BlockTeil_Metabolomics/ldsc/ldscore/sumstats.py", line 539, in _rg
    intercept_gencov=intercepts[2], n_blocks=n_blocks, twostep=args.two_step)
  File "/Users/as/Documents/UNI/Bioinformatik/2023:24_WS/GoBi_Lokal/BlockTeil_Metabolomics/ldsc/ldscore/regressions.py", line 705, in __init__
    np.multiply(hsq1.tot_delete_values, hsq2.tot_delete_values))
FloatingPointError: invalid value encountered in sqrt


Computing rg for phenotype 24/68
Reading summary statistics from ../output_sumstats/output_pmid27989323_CTACK_eur.sumstats.gz ...
Read summary statistics for 1217311 SNPs.
After merging with summary statistics, 1166108 SNPs remain.
1163911 SNPs with valid alleles.

Heritability of phenotype 24/68
-------------------------------
Total Observed scale h2: -0.0119 (0.1159)
Lambda GC: 0.9957
Mean Chi^2: 1.0032
Intercept: 1.0041 (0.007)
Ratio: 1.2651 (2.1699)

Genetic Covariance
------------------
Total Observed scale gencov: -0.0472 (0.0894)
Mean z1*z2: 0.0351
Intercept: 0.0385 (0.0052)

Genetic Correlation
-------------------
Genetic Correlation: nan (nan) (h2  out of bounds) 
Z-score: nan (nan) (h2  out of bounds)
P: nan (nan) (h2  out of bounds)
WARNING: One of the h2's was out of bounds.
This usually indicates a data-munging error or that h2 or N is low.

Computing rg for phenotype 25/68
Reading summary statistics from ../output_sumstats/output_pmid27989323_GCSF_eur.sumstats.gz ...
Read summary statistics for 1217311 SNPs.
After merging with summary statistics, 1166108 SNPs remain.
1163560 SNPs with valid alleles.
ERROR computing rg for phenotype 25/68, from file ../output_sumstats/output_pmid27989323_GCSF_eur.sumstats.gz.
Traceback (most recent call last):
  File "/Users/as/Documents/UNI/Bioinformatik/2023:24_WS/GoBi_Lokal/BlockTeil_Metabolomics/ldsc/ldscore/sumstats.py", line 410, in estimate_rg
    rghat = _rg(loop, args, log, M_annot, ref_ld_cnames, w_ld_cname, i)
  File "/Users/as/Documents/UNI/Bioinformatik/2023:24_WS/GoBi_Lokal/BlockTeil_Metabolomics/ldsc/ldscore/sumstats.py", line 539, in _rg
    intercept_gencov=intercepts[2], n_blocks=n_blocks, twostep=args.two_step)
  File "/Users/as/Documents/UNI/Bioinformatik/2023:24_WS/GoBi_Lokal/BlockTeil_Metabolomics/ldsc/ldscore/regressions.py", line 705, in __init__
    np.multiply(hsq1.tot_delete_values, hsq2.tot_delete_values))
FloatingPointError: invalid value encountered in sqrt


Computing rg for phenotype 26/68
Reading summary statistics from ../output_sumstats/output_pmid27989323_GROa_eur.sumstats.gz ...
Read summary statistics for 1217311 SNPs.
After merging with summary statistics, 1166108 SNPs remain.
63 SNPs with valid alleles.
WARNING: number of SNPs less than 200k; this is almost always bad.

Heritability of phenotype 26/68
-------------------------------
Total Observed scale h2: -45.2997 (20.7723)
Lambda GC: 0.3141
Mean Chi^2: 0.4167
Intercept: 1.381 (0.479)
Ratio: NA (mean chi^2 < 1)

Genetic Covariance
------------------
Total Observed scale gencov: -32.4552 (26.141)
Mean z1*z2: 0.2823
Intercept: 0.9869 (0.6103)

Genetic Correlation
-------------------
Genetic Correlation: nan (nan) (h2  out of bounds) 
Z-score: nan (nan) (h2  out of bounds)
P: nan (nan) (h2  out of bounds)
WARNING: One of the h2's was out of bounds.
This usually indicates a data-munging error or that h2 or N is low.

Computing rg for phenotype 27/68
Reading summary statistics from ../output_sumstats/output_pmid27989323_HGF_eur.sumstats.gz ...
Read summary statistics for 1217311 SNPs.
After merging with summary statistics, 1166108 SNPs remain.
1163494 SNPs with valid alleles.

Heritability of phenotype 27/68
-------------------------------
Total Observed scale h2: -0.0251 (0.0584)
Lambda GC: 1.0046
Mean Chi^2: 1.0062
Intercept: 1.0103 (0.0079)
Ratio: 1.6676 (1.2764)

Genetic Covariance
------------------
Total Observed scale gencov: -0.0162 (0.0565)
Mean z1*z2: 0.109
Intercept: 0.1108 (0.005)

Genetic Correlation
-------------------
Genetic Correlation: nan (nan) (h2  out of bounds) 
Z-score: nan (nan) (h2  out of bounds)
P: nan (nan) (h2  out of bounds)
WARNING: One of the h2's was out of bounds.
This usually indicates a data-munging error or that h2 or N is low.

Computing rg for phenotype 28/68
Reading summary statistics from ../output_sumstats/output_pmid27989323_IFNg_eur.sumstats.gz ...
Read summary statistics for 1217311 SNPs.
After merging with summary statistics, 1166108 SNPs remain.
1163570 SNPs with valid alleles.
ERROR computing rg for phenotype 28/68, from file ../output_sumstats/output_pmid27989323_IFNg_eur.sumstats.gz.
Traceback (most recent call last):
  File "/Users/as/Documents/UNI/Bioinformatik/2023:24_WS/GoBi_Lokal/BlockTeil_Metabolomics/ldsc/ldscore/sumstats.py", line 410, in estimate_rg
    rghat = _rg(loop, args, log, M_annot, ref_ld_cnames, w_ld_cname, i)
  File "/Users/as/Documents/UNI/Bioinformatik/2023:24_WS/GoBi_Lokal/BlockTeil_Metabolomics/ldsc/ldscore/sumstats.py", line 539, in _rg
    intercept_gencov=intercepts[2], n_blocks=n_blocks, twostep=args.two_step)
  File "/Users/as/Documents/UNI/Bioinformatik/2023:24_WS/GoBi_Lokal/BlockTeil_Metabolomics/ldsc/ldscore/regressions.py", line 705, in __init__
    np.multiply(hsq1.tot_delete_values, hsq2.tot_delete_values))
FloatingPointError: invalid value encountered in sqrt


Computing rg for phenotype 29/68
Reading summary statistics from ../output_sumstats/output_pmid27989323_IL10_eur.sumstats.gz ...
Read summary statistics for 1217311 SNPs.
After merging with summary statistics, 1166108 SNPs remain.
1163696 SNPs with valid alleles.

Heritability of phenotype 29/68
-------------------------------
Total Observed scale h2: -0.0082 (0.0798)
Lambda GC: 1.0016
Mean Chi^2: 1.0169
Intercept: 1.0181 (0.0124)
Ratio: 1.0748 (0.7333)

Genetic Covariance
------------------
Total Observed scale gencov: 0.0743 (0.0708)
Mean z1*z2: 0.388
Intercept: 0.3802 (0.0056)

Genetic Correlation
-------------------
Genetic Correlation: nan (nan) (h2  out of bounds) 
Z-score: nan (nan) (h2  out of bounds)
P: nan (nan) (h2  out of bounds)
WARNING: One of the h2's was out of bounds.
This usually indicates a data-munging error or that h2 or N is low.

Computing rg for phenotype 30/68
Reading summary statistics from ../output_sumstats/output_pmid27989323_IL12p70_eur.sumstats.gz ...
Read summary statistics for 1217311 SNPs.
After merging with summary statistics, 1166108 SNPs remain.
1163523 SNPs with valid alleles.

Heritability of phenotype 30/68
-------------------------------
Total Observed scale h2: -0.0175 (0.0901)
Lambda GC: 1.0255
Mean Chi^2: 1.0305
Intercept: 1.0334 (0.0194)
Ratio: 1.0942 (0.6368)

Genetic Covariance
------------------
Total Observed scale gencov: 0.0978 (0.0719)
Mean z1*z2: 0.3649
Intercept: 0.3542 (0.0059)

Genetic Correlation
-------------------
Genetic Correlation: nan (nan) (h2  out of bounds) 
Z-score: nan (nan) (h2  out of bounds)
P: nan (nan) (h2  out of bounds)
WARNING: One of the h2's was out of bounds.
This usually indicates a data-munging error or that h2 or N is low.

Computing rg for phenotype 31/68
Reading summary statistics from ../output_sumstats/output_pmid27989323_IL13_eur.sumstats.gz ...
Read summary statistics for 1217311 SNPs.
After merging with summary statistics, 1166108 SNPs remain.
1163793 SNPs with valid alleles.

Heritability of phenotype 31/68
-------------------------------
Total Observed scale h2: -0.1588 (0.1628)
Lambda GC: 1.0046
Mean Chi^2: 1.0057
Intercept: 1.0169 (0.0125)
Ratio: 2.9833 (2.2051)

Genetic Covariance
------------------
Total Observed scale gencov: 0.0318 (0.1098)
Mean z1*z2: 0.5904
Intercept: 0.5882 (0.0064)

Genetic Correlation
-------------------
Genetic Correlation: nan (nan) (h2  out of bounds) 
Z-score: nan (nan) (h2  out of bounds)
P: nan (nan) (h2  out of bounds)
WARNING: One of the h2's was out of bounds.
This usually indicates a data-munging error or that h2 or N is low.

Computing rg for phenotype 32/68
Reading summary statistics from ../output_sumstats/output_pmid27989323_IL16_eur.sumstats.gz ...
Read summary statistics for 1217311 SNPs.
After merging with summary statistics, 1166108 SNPs remain.
1163794 SNPs with valid alleles.

Heritability of phenotype 32/68
-------------------------------
Total Observed scale h2: -0.0709 (0.1283)
Lambda GC: 0.9898
Mean Chi^2: 0.99
Intercept: 0.9949 (0.0073)
Ratio: NA (mean chi^2 < 1)

Genetic Covariance
------------------
Total Observed scale gencov: -0.1346 (0.0898)
Mean z1*z2: 0.0674
Intercept: 0.0769 (0.0053)

Genetic Correlation
-------------------
Genetic Correlation: nan (nan) (h2  out of bounds) 
Z-score: nan (nan) (h2  out of bounds)
P: nan (nan) (h2  out of bounds)
WARNING: One of the h2's was out of bounds.
This usually indicates a data-munging error or that h2 or N is low.

Computing rg for phenotype 33/68
Reading summary statistics from ../output_sumstats/output_pmid27989323_IL17_eur.sumstats.gz ...
Read summary statistics for 1217311 SNPs.
After merging with summary statistics, 1166108 SNPs remain.
2117 SNPs with valid alleles.
WARNING: number of SNPs less than 200k; this is almost always bad.

Heritability of phenotype 33/68
-------------------------------
Total Observed scale h2: -3.4521 (1.4841)
Lambda GC: 1.1333
Mean Chi^2: 1.2024
Intercept: 1.4964 (0.148)
Ratio: 2.4526 (0.7311)

Genetic Covariance
------------------
Total Observed scale gencov: -2.0631 (1.3845)
Mean z1*z2: 0.4618
Intercept: 0.5821 (0.0974)

Genetic Correlation
-------------------
Genetic Correlation: nan (nan) (h2  out of bounds) 
Z-score: nan (nan) (h2  out of bounds)
P: nan (nan) (h2  out of bounds)
WARNING: One of the h2's was out of bounds.
This usually indicates a data-munging error or that h2 or N is low.

Computing rg for phenotype 34/68
Reading summary statistics from ../output_sumstats/output_pmid27989323_IL18_eur.sumstats.gz ...
Read summary statistics for 1217311 SNPs.
After merging with summary statistics, 1166108 SNPs remain.
388738 SNPs with valid alleles.
ERROR computing rg for phenotype 34/68, from file ../output_sumstats/output_pmid27989323_IL18_eur.sumstats.gz.
Traceback (most recent call last):
  File "/Users/as/Documents/UNI/Bioinformatik/2023:24_WS/GoBi_Lokal/BlockTeil_Metabolomics/ldsc/ldscore/sumstats.py", line 410, in estimate_rg
    rghat = _rg(loop, args, log, M_annot, ref_ld_cnames, w_ld_cname, i)
  File "/Users/as/Documents/UNI/Bioinformatik/2023:24_WS/GoBi_Lokal/BlockTeil_Metabolomics/ldsc/ldscore/sumstats.py", line 539, in _rg
    intercept_gencov=intercepts[2], n_blocks=n_blocks, twostep=args.two_step)
  File "/Users/as/Documents/UNI/Bioinformatik/2023:24_WS/GoBi_Lokal/BlockTeil_Metabolomics/ldsc/ldscore/regressions.py", line 705, in __init__
    np.multiply(hsq1.tot_delete_values, hsq2.tot_delete_values))
FloatingPointError: invalid value encountered in sqrt


Computing rg for phenotype 35/68
Reading summary statistics from ../output_sumstats/output_pmid27989323_IL2_eur.sumstats.gz ...
Read summary statistics for 1217311 SNPs.
After merging with summary statistics, 1166108 SNPs remain.
1163683 SNPs with valid alleles.

Heritability of phenotype 35/68
-------------------------------
Total Observed scale h2: -0.083 (0.1304)
Lambda GC: 1.0165
Mean Chi^2: 1.0077
Intercept: 1.0134 (0.0071)
Ratio: 1.7417 (0.9233)

Genetic Covariance
------------------
Total Observed scale gencov: 0.0304 (0.1154)
Mean z1*z2: 0.6831
Intercept: 0.6809 (0.0062)

Genetic Correlation
-------------------
Genetic Correlation: nan (nan) (h2  out of bounds) 
Z-score: nan (nan) (h2  out of bounds)
P: nan (nan) (h2  out of bounds)
WARNING: One of the h2's was out of bounds.
This usually indicates a data-munging error or that h2 or N is low.

Computing rg for phenotype 36/68
Reading summary statistics from ../output_sumstats/output_pmid27989323_IL2ra_eur.sumstats.gz ...
Read summary statistics for 1217311 SNPs.
After merging with summary statistics, 1166108 SNPs remain.
1164025 SNPs with valid alleles.
ERROR computing rg for phenotype 36/68, from file ../output_sumstats/output_pmid27989323_IL2ra_eur.sumstats.gz.
Traceback (most recent call last):
  File "/Users/as/Documents/UNI/Bioinformatik/2023:24_WS/GoBi_Lokal/BlockTeil_Metabolomics/ldsc/ldscore/sumstats.py", line 410, in estimate_rg
    rghat = _rg(loop, args, log, M_annot, ref_ld_cnames, w_ld_cname, i)
  File "/Users/as/Documents/UNI/Bioinformatik/2023:24_WS/GoBi_Lokal/BlockTeil_Metabolomics/ldsc/ldscore/sumstats.py", line 539, in _rg
    intercept_gencov=intercepts[2], n_blocks=n_blocks, twostep=args.two_step)
  File "/Users/as/Documents/UNI/Bioinformatik/2023:24_WS/GoBi_Lokal/BlockTeil_Metabolomics/ldsc/ldscore/regressions.py", line 705, in __init__
    np.multiply(hsq1.tot_delete_values, hsq2.tot_delete_values))
FloatingPointError: invalid value encountered in sqrt


Computing rg for phenotype 37/68
Reading summary statistics from ../output_sumstats/output_pmid27989323_IL4_eur.sumstats.gz ...
Read summary statistics for 1217311 SNPs.
After merging with summary statistics, 1166108 SNPs remain.
1163367 SNPs with valid alleles.

Heritability of phenotype 37/68
-------------------------------
Total Observed scale h2: -0.0427 (0.0601)
Lambda GC: 1.0016
Mean Chi^2: 1.0038
Intercept: 1.0106 (0.008)
Ratio: 2.8331 (2.1352)

Genetic Covariance
------------------
Total Observed scale gencov: 0.0151 (0.0674)
Mean z1*z2: 0.3382
Intercept: 0.3366 (0.0059)

Genetic Correlation
-------------------
Genetic Correlation: nan (nan) (h2  out of bounds) 
Z-score: nan (nan) (h2  out of bounds)
P: nan (nan) (h2  out of bounds)
WARNING: One of the h2's was out of bounds.
This usually indicates a data-munging error or that h2 or N is low.

Computing rg for phenotype 38/68
Reading summary statistics from ../output_sumstats/output_pmid27989323_IL5_eur.sumstats.gz ...
Read summary statistics for 1217311 SNPs.
After merging with summary statistics, 1166108 SNPs remain.
1162324 SNPs with valid alleles.

Heritability of phenotype 38/68
-------------------------------
Total Observed scale h2: -0.1236 (0.1364)
Lambda GC: 1.0105
Mean Chi^2: 1.0042
Intercept: 1.0125 (0.0074)
Ratio: 2.9596 (1.7546)

Genetic Covariance
------------------
Total Observed scale gencov: 0.0843 (0.1051)
Mean z1*z2: 0.536
Intercept: 0.5302 (0.0061)

Genetic Correlation
-------------------
Genetic Correlation: nan (nan) (h2  out of bounds) 
Z-score: nan (nan) (h2  out of bounds)
P: nan (nan) (h2  out of bounds)
WARNING: One of the h2's was out of bounds.
This usually indicates a data-munging error or that h2 or N is low.

Computing rg for phenotype 39/68
Reading summary statistics from ../output_sumstats/output_pmid27989323_IL6_eur.sumstats.gz ...
Read summary statistics for 1217311 SNPs.
After merging with summary statistics, 1166108 SNPs remain.
1163672 SNPs with valid alleles.

Heritability of phenotype 39/68
-------------------------------
Total Observed scale h2: -0.0015 (0.0568)
Lambda GC: 1.0105
Mean Chi^2: 1.0077
Intercept: 1.008 (0.0071)
Ratio: 1.0314 (0.914)

Genetic Covariance
------------------
Total Observed scale gencov: 0.0599 (0.0724)
Mean z1*z2: 0.4469
Intercept: 0.4404 (0.0059)

Genetic Correlation
-------------------
Genetic Correlation: nan (nan) (h2  out of bounds) 
Z-score: nan (nan) (h2  out of bounds)
P: nan (nan) (h2  out of bounds)
WARNING: One of the h2's was out of bounds.
This usually indicates a data-munging error or that h2 or N is low.

Computing rg for phenotype 40/68
Reading summary statistics from ../output_sumstats/output_pmid27989323_IL7_eur.sumstats.gz ...
Read summary statistics for 1217311 SNPs.
After merging with summary statistics, 1166108 SNPs remain.
1164020 SNPs with valid alleles.

Heritability of phenotype 40/68
-------------------------------
Total Observed scale h2: -0.036 (0.1571)
Lambda GC: 1.0046
Mean Chi^2: 1.0108
Intercept: 1.0133 (0.0089)
Ratio: 1.225 (0.8209)

Genetic Covariance
------------------
Total Observed scale gencov: 0.0197 (0.1141)
Mean z1*z2: 0.5299
Intercept: 0.5285 (0.0059)

Genetic Correlation
-------------------
Genetic Correlation: nan (nan) (h2  out of bounds) 
Z-score: nan (nan) (h2  out of bounds)
P: nan (nan) (h2  out of bounds)
WARNING: One of the h2's was out of bounds.
This usually indicates a data-munging error or that h2 or N is low.

Computing rg for phenotype 41/68
Reading summary statistics from ../output_sumstats/output_pmid27989323_IL8_eur.sumstats.gz ...
Read summary statistics for 1217311 SNPs.
After merging with summary statistics, 1166108 SNPs remain.
1163272 SNPs with valid alleles.

Heritability of phenotype 41/68
-------------------------------
Total Observed scale h2: -0.0288 (0.1275)
Lambda GC: 1.0016
Mean Chi^2: 1.006
Intercept: 1.008 (0.0068)
Ratio: 1.3377 (1.1328)

Genetic Covariance
------------------
Total Observed scale gencov: 0.0076 (0.1116)
Mean z1*z2: 0.4917
Intercept: 0.4912 (0.0058)

Genetic Correlation
-------------------
Genetic Correlation: nan (nan) (h2  out of bounds) 
Z-score: nan (nan) (h2  out of bounds)
P: nan (nan) (h2  out of bounds)
WARNING: One of the h2's was out of bounds.
This usually indicates a data-munging error or that h2 or N is low.

Computing rg for phenotype 42/68
Reading summary statistics from ../output_sumstats/output_pmid27989323_IL9_eur.sumstats.gz ...
Read summary statistics for 1217311 SNPs.
After merging with summary statistics, 1166108 SNPs remain.
1164106 SNPs with valid alleles.

Heritability of phenotype 42/68
-------------------------------
Total Observed scale h2: -0.1732 (0.1256)
Lambda GC: 1.0135
Mean Chi^2: 1.0014
Intercept: 1.0139 (0.0071)
Ratio: 10.0468 (5.1126)

Genetic Covariance
------------------
Total Observed scale gencov: -0.1245 (0.1133)
Mean z1*z2: 0.5784
Intercept: 0.5873 (0.0065)

Genetic Correlation
-------------------
Genetic Correlation: nan (nan) (h2  out of bounds) 
Z-score: nan (nan) (h2  out of bounds)
P: nan (nan) (h2  out of bounds)
WARNING: One of the h2's was out of bounds.
This usually indicates a data-munging error or that h2 or N is low.

Computing rg for phenotype 43/68
Reading summary statistics from ../output_sumstats/output_pmid27989323_MCP1_eur.sumstats.gz ...
Read summary statistics for 1217311 SNPs.
After merging with summary statistics, 1166108 SNPs remain.
1163643 SNPs with valid alleles.
ERROR computing rg for phenotype 43/68, from file ../output_sumstats/output_pmid27989323_MCP1_eur.sumstats.gz.
Traceback (most recent call last):
  File "/Users/as/Documents/UNI/Bioinformatik/2023:24_WS/GoBi_Lokal/BlockTeil_Metabolomics/ldsc/ldscore/sumstats.py", line 410, in estimate_rg
    rghat = _rg(loop, args, log, M_annot, ref_ld_cnames, w_ld_cname, i)
  File "/Users/as/Documents/UNI/Bioinformatik/2023:24_WS/GoBi_Lokal/BlockTeil_Metabolomics/ldsc/ldscore/sumstats.py", line 539, in _rg
    intercept_gencov=intercepts[2], n_blocks=n_blocks, twostep=args.two_step)
  File "/Users/as/Documents/UNI/Bioinformatik/2023:24_WS/GoBi_Lokal/BlockTeil_Metabolomics/ldsc/ldscore/regressions.py", line 705, in __init__
    np.multiply(hsq1.tot_delete_values, hsq2.tot_delete_values))
FloatingPointError: invalid value encountered in sqrt


Computing rg for phenotype 44/68
Reading summary statistics from ../output_sumstats/output_pmid27989323_MCP3_eur.sumstats.gz ...
Read summary statistics for 1217311 SNPs.
After merging with summary statistics, 1166108 SNPs remain.
1126485 SNPs with valid alleles.

Heritability of phenotype 44/68
-------------------------------
Total Observed scale h2: -0.8565 (0.5696)
Lambda GC: 0.9986
Mean Chi^2: 0.9992
Intercept: 1.0138 (0.0078)
Ratio: NA (mean chi^2 < 1)

Genetic Covariance
------------------
Total Observed scale gencov: 0.0984 (0.1833)
Mean z1*z2: 0.1711
Intercept: 0.1677 (0.0049)

Genetic Correlation
-------------------
Genetic Correlation: nan (nan) (h2  out of bounds) 
Z-score: nan (nan) (h2  out of bounds)
P: nan (nan) (h2  out of bounds)
WARNING: One of the h2's was out of bounds.
This usually indicates a data-munging error or that h2 or N is low.

Computing rg for phenotype 45/68
Reading summary statistics from ../output_sumstats/output_pmid27989323_MCSF_eur.sumstats.gz ...
Read summary statistics for 1217311 SNPs.
After merging with summary statistics, 1166108 SNPs remain.
1159980 SNPs with valid alleles.
ERROR computing rg for phenotype 45/68, from file ../output_sumstats/output_pmid27989323_MCSF_eur.sumstats.gz.
Traceback (most recent call last):
  File "/Users/as/Documents/UNI/Bioinformatik/2023:24_WS/GoBi_Lokal/BlockTeil_Metabolomics/ldsc/ldscore/sumstats.py", line 410, in estimate_rg
    rghat = _rg(loop, args, log, M_annot, ref_ld_cnames, w_ld_cname, i)
  File "/Users/as/Documents/UNI/Bioinformatik/2023:24_WS/GoBi_Lokal/BlockTeil_Metabolomics/ldsc/ldscore/sumstats.py", line 539, in _rg
    intercept_gencov=intercepts[2], n_blocks=n_blocks, twostep=args.two_step)
  File "/Users/as/Documents/UNI/Bioinformatik/2023:24_WS/GoBi_Lokal/BlockTeil_Metabolomics/ldsc/ldscore/regressions.py", line 705, in __init__
    np.multiply(hsq1.tot_delete_values, hsq2.tot_delete_values))
FloatingPointError: invalid value encountered in sqrt


Computing rg for phenotype 46/68
Reading summary statistics from ../output_sumstats/output_pmid27989323_MIF_eur.sumstats.gz ...
Read summary statistics for 1217311 SNPs.
After merging with summary statistics, 1166108 SNPs remain.
1163818 SNPs with valid alleles.
ERROR computing rg for phenotype 46/68, from file ../output_sumstats/output_pmid27989323_MIF_eur.sumstats.gz.
Traceback (most recent call last):
  File "/Users/as/Documents/UNI/Bioinformatik/2023:24_WS/GoBi_Lokal/BlockTeil_Metabolomics/ldsc/ldscore/sumstats.py", line 410, in estimate_rg
    rghat = _rg(loop, args, log, M_annot, ref_ld_cnames, w_ld_cname, i)
  File "/Users/as/Documents/UNI/Bioinformatik/2023:24_WS/GoBi_Lokal/BlockTeil_Metabolomics/ldsc/ldscore/sumstats.py", line 539, in _rg
    intercept_gencov=intercepts[2], n_blocks=n_blocks, twostep=args.two_step)
  File "/Users/as/Documents/UNI/Bioinformatik/2023:24_WS/GoBi_Lokal/BlockTeil_Metabolomics/ldsc/ldscore/regressions.py", line 705, in __init__
    np.multiply(hsq1.tot_delete_values, hsq2.tot_delete_values))
FloatingPointError: invalid value encountered in sqrt


Computing rg for phenotype 47/68
Reading summary statistics from ../output_sumstats/output_pmid27989323_MIG_eur.sumstats.gz ...
Read summary statistics for 1217311 SNPs.
After merging with summary statistics, 1166108 SNPs remain.
1163839 SNPs with valid alleles.

Heritability of phenotype 47/68
-------------------------------
Total Observed scale h2: -0.1299 (0.1095)
Lambda GC: 1.0046
Mean Chi^2: 1.0045
Intercept: 1.014 (0.0064)
Ratio: 3.1098 (1.4294)

Genetic Covariance
------------------
Total Observed scale gencov: -0.0659 (0.0912)
Mean z1*z2: 0.1298
Intercept: 0.1346 (0.0052)

Genetic Correlation
-------------------
Genetic Correlation: nan (nan) (h2  out of bounds) 
Z-score: nan (nan) (h2  out of bounds)
P: nan (nan) (h2  out of bounds)
WARNING: One of the h2's was out of bounds.
This usually indicates a data-munging error or that h2 or N is low.

Computing rg for phenotype 48/68
Reading summary statistics from ../output_sumstats/output_pmid27989323_MIP1a_eur.sumstats.gz ...
Read summary statistics for 1217311 SNPs.
After merging with summary statistics, 1166108 SNPs remain.
1163383 SNPs with valid alleles.

Heritability of phenotype 48/68
-------------------------------
Total Observed scale h2: -0.1351 (0.1406)
Lambda GC: 0.9957
Mean Chi^2: 0.9996
Intercept: 1.009 (0.0071)
Ratio: NA (mean chi^2 < 1)

Genetic Covariance
------------------
Total Observed scale gencov: -0.053 (0.117)
Mean z1*z2: 0.5936
Intercept: 0.5974 (0.0061)

Genetic Correlation
-------------------
Genetic Correlation: nan (nan) (h2  out of bounds) 
Z-score: nan (nan) (h2  out of bounds)
P: nan (nan) (h2  out of bounds)
WARNING: One of the h2's was out of bounds.
This usually indicates a data-munging error or that h2 or N is low.

Computing rg for phenotype 49/68
Reading summary statistics from ../output_sumstats/output_pmid27989323_MIP1b_eur.sumstats.gz ...
Read summary statistics for 1217311 SNPs.
After merging with summary statistics, 1166108 SNPs remain.
1163519 SNPs with valid alleles.
ERROR computing rg for phenotype 49/68, from file ../output_sumstats/output_pmid27989323_MIP1b_eur.sumstats.gz.
Traceback (most recent call last):
  File "/Users/as/Documents/UNI/Bioinformatik/2023:24_WS/GoBi_Lokal/BlockTeil_Metabolomics/ldsc/ldscore/sumstats.py", line 410, in estimate_rg
    rghat = _rg(loop, args, log, M_annot, ref_ld_cnames, w_ld_cname, i)
  File "/Users/as/Documents/UNI/Bioinformatik/2023:24_WS/GoBi_Lokal/BlockTeil_Metabolomics/ldsc/ldscore/sumstats.py", line 539, in _rg
    intercept_gencov=intercepts[2], n_blocks=n_blocks, twostep=args.two_step)
  File "/Users/as/Documents/UNI/Bioinformatik/2023:24_WS/GoBi_Lokal/BlockTeil_Metabolomics/ldsc/ldscore/regressions.py", line 705, in __init__
    np.multiply(hsq1.tot_delete_values, hsq2.tot_delete_values))
FloatingPointError: invalid value encountered in sqrt


Computing rg for phenotype 50/68
Reading summary statistics from ../output_sumstats/output_pmid27989323_PDGFbb_eur.sumstats.gz ...
Read summary statistics for 1217311 SNPs.
After merging with summary statistics, 1166108 SNPs remain.
1163586 SNPs with valid alleles.

Heritability of phenotype 50/68
-------------------------------
Total Observed scale h2: -0.0063 (0.0628)
Lambda GC: 1.0225
Mean Chi^2: 1.021
Intercept: 1.0221 (0.0087)
Ratio: 1.0496 (0.4136)

Genetic Covariance
------------------
Total Observed scale gencov: 0.0556 (0.0647)
Mean z1*z2: 0.2141
Intercept: 0.208 (0.0054)

Genetic Correlation
-------------------
Genetic Correlation: nan (nan) (h2  out of bounds) 
Z-score: nan (nan) (h2  out of bounds)
P: nan (nan) (h2  out of bounds)
WARNING: One of the h2's was out of bounds.
This usually indicates a data-munging error or that h2 or N is low.

Computing rg for phenotype 51/68
Reading summary statistics from ../output_sumstats/output_pmid27989323_RANTES_eur.sumstats.gz ...
Read summary statistics for 1217311 SNPs.
After merging with summary statistics, 1166108 SNPs remain.
1163516 SNPs with valid alleles.
ERROR computing rg for phenotype 51/68, from file ../output_sumstats/output_pmid27989323_RANTES_eur.sumstats.gz.
Traceback (most recent call last):
  File "/Users/as/Documents/UNI/Bioinformatik/2023:24_WS/GoBi_Lokal/BlockTeil_Metabolomics/ldsc/ldscore/sumstats.py", line 410, in estimate_rg
    rghat = _rg(loop, args, log, M_annot, ref_ld_cnames, w_ld_cname, i)
  File "/Users/as/Documents/UNI/Bioinformatik/2023:24_WS/GoBi_Lokal/BlockTeil_Metabolomics/ldsc/ldscore/sumstats.py", line 539, in _rg
    intercept_gencov=intercepts[2], n_blocks=n_blocks, twostep=args.two_step)
  File "/Users/as/Documents/UNI/Bioinformatik/2023:24_WS/GoBi_Lokal/BlockTeil_Metabolomics/ldsc/ldscore/regressions.py", line 705, in __init__
    np.multiply(hsq1.tot_delete_values, hsq2.tot_delete_values))
FloatingPointError: invalid value encountered in sqrt


Computing rg for phenotype 52/68
Reading summary statistics from ../output_sumstats/output_pmid27989323_SCF_eur.sumstats.gz ...
Read summary statistics for 1217311 SNPs.
After merging with summary statistics, 1166108 SNPs remain.
1163345 SNPs with valid alleles.

Heritability of phenotype 52/68
-------------------------------
Total Observed scale h2: -0.0554 (0.0562)
Lambda GC: 1.0046
Mean Chi^2: 1.0092
Intercept: 1.0183 (0.0073)
Ratio: 1.9889 (0.7932)

Genetic Covariance
------------------
Total Observed scale gencov: -0.0299 (0.0543)
Mean z1*z2: 0.0088
Intercept: 0.0121 (0.0049)

Genetic Correlation
-------------------
Genetic Correlation: nan (nan) (h2  out of bounds) 
Z-score: nan (nan) (h2  out of bounds)
P: nan (nan) (h2  out of bounds)
WARNING: One of the h2's was out of bounds.
This usually indicates a data-munging error or that h2 or N is low.

Computing rg for phenotype 53/68
Reading summary statistics from ../output_sumstats/output_pmid27989323_SCGFb_eur.sumstats.gz ...
Read summary statistics for 1217311 SNPs.
After merging with summary statistics, 1166108 SNPs remain.
518314 SNPs with valid alleles.

Heritability of phenotype 53/68
-------------------------------
Total Observed scale h2: 0.095 (0.1788)
Lambda GC: 1.0165
Mean Chi^2: 1.0187
Intercept: 1.0115 (0.01)
Ratio: 0.6151 (0.5319)

Genetic Covariance
------------------
Total Observed scale gencov: 0.2267 (0.1268)
Mean z1*z2: 0.0818
Intercept: 0.0647 (0.0068)

Genetic Correlation
-------------------
Genetic Correlation: nan (nan) (rg out of bounds) 
Z-score: nan (nan) (rg out of bounds)
P: nan (nan) (rg out of bounds)
WARNING: rg was out of bounds.
This often means that h2 is not significantly different from zero.

Computing rg for phenotype 54/68
Reading summary statistics from ../output_sumstats/output_pmid27989323_SDF1_eur.sumstats.gz ...
Read summary statistics for 1217311 SNPs.
After merging with summary statistics, 1166108 SNPs remain.
1163202 SNPs with valid alleles.

Heritability of phenotype 54/68
-------------------------------
Total Observed scale h2: -0.0123 (0.0753)
Lambda GC: 0.9898
Mean Chi^2: 0.9972
Intercept: 0.9986 (0.0071)
Ratio: NA (mean chi^2 < 1)

Genetic Covariance
------------------
Total Observed scale gencov: 0.0957 (0.0659)
Mean z1*z2: 0.0661
Intercept: 0.0572 (0.0053)

Genetic Correlation
-------------------
Genetic Correlation: nan (nan) (h2  out of bounds) 
Z-score: nan (nan) (h2  out of bounds)
P: nan (nan) (h2  out of bounds)
WARNING: One of the h2's was out of bounds.
This usually indicates a data-munging error or that h2 or N is low.

Computing rg for phenotype 55/68
Reading summary statistics from ../output_sumstats/output_pmid27989323_TNFa_eur.sumstats.gz ...
Read summary statistics for 1217311 SNPs.
After merging with summary statistics, 1166108 SNPs remain.
1163420 SNPs with valid alleles.

Heritability of phenotype 55/68
-------------------------------
Total Observed scale h2: -0.0586 (0.1341)
Lambda GC: 0.9868
Mean Chi^2: 0.9943
Intercept: 0.9983 (0.007)
Ratio: NA (mean chi^2 < 1)

Genetic Covariance
------------------
Total Observed scale gencov: 0.0322 (0.1173)
Mean z1*z2: 0.5934
Intercept: 0.5912 (0.0061)

Genetic Correlation
-------------------
Genetic Correlation: nan (nan) (h2  out of bounds) 
Z-score: nan (nan) (h2  out of bounds)
P: nan (nan) (h2  out of bounds)
WARNING: One of the h2's was out of bounds.
This usually indicates a data-munging error or that h2 or N is low.

Computing rg for phenotype 56/68
Reading summary statistics from ../output_sumstats/output_pmid27989323_TNFb_eur.sumstats.gz ...
Read summary statistics for 1217311 SNPs.
After merging with summary statistics, 1166108 SNPs remain.
1048889 SNPs with valid alleles.

Heritability of phenotype 56/68
-------------------------------
Total Observed scale h2: -0.4524 (0.308)
Lambda GC: 1.0075
Mean Chi^2: 0.9958
Intercept: 1.0104 (0.0075)
Ratio: NA (mean chi^2 < 1)

Genetic Covariance
------------------
Total Observed scale gencov: 0.1358 (0.1397)
Mean z1*z2: 0.0486
Intercept: 0.0419 (0.005)

Genetic Correlation
-------------------
Genetic Correlation: nan (nan) (h2  out of bounds) 
Z-score: nan (nan) (h2  out of bounds)
P: nan (nan) (h2  out of bounds)
WARNING: One of the h2's was out of bounds.
This usually indicates a data-munging error or that h2 or N is low.

Computing rg for phenotype 57/68
Reading summary statistics from ../output_sumstats/output_pmid27989323_TRAIL_eur.sumstats.gz ...
Read summary statistics for 1217311 SNPs.
After merging with summary statistics, 1166108 SNPs remain.
1163458 SNPs with valid alleles.

Heritability of phenotype 57/68
-------------------------------
Total Observed scale h2: -0.0219 (0.0552)
Lambda GC: 1.0195
Mean Chi^2: 1.0176
Intercept: 1.0211 (0.0117)
Ratio: 1.2022 (0.6672)

Genetic Covariance
------------------
Total Observed scale gencov: -0.0271 (0.0527)
Mean z1*z2: 0.0114
Intercept: 0.0143 (0.0052)

Genetic Correlation
-------------------
Genetic Correlation: nan (nan) (h2  out of bounds) 
Z-score: nan (nan) (h2  out of bounds)
P: nan (nan) (h2  out of bounds)
WARNING: One of the h2's was out of bounds.
This usually indicates a data-munging error or that h2 or N is low.

Computing rg for phenotype 58/68
Reading summary statistics from ../output_sumstats/output_pmid27989323_bNGF_eur.sumstats.gz ...
Read summary statistics for 1217311 SNPs.
After merging with summary statistics, 1166108 SNPs remain.
1163530 SNPs with valid alleles.
ERROR computing rg for phenotype 58/68, from file ../output_sumstats/output_pmid27989323_bNGF_eur.sumstats.gz.
Traceback (most recent call last):
  File "/Users/as/Documents/UNI/Bioinformatik/2023:24_WS/GoBi_Lokal/BlockTeil_Metabolomics/ldsc/ldscore/sumstats.py", line 410, in estimate_rg
    rghat = _rg(loop, args, log, M_annot, ref_ld_cnames, w_ld_cname, i)
  File "/Users/as/Documents/UNI/Bioinformatik/2023:24_WS/GoBi_Lokal/BlockTeil_Metabolomics/ldsc/ldscore/sumstats.py", line 539, in _rg
    intercept_gencov=intercepts[2], n_blocks=n_blocks, twostep=args.two_step)
  File "/Users/as/Documents/UNI/Bioinformatik/2023:24_WS/GoBi_Lokal/BlockTeil_Metabolomics/ldsc/ldscore/regressions.py", line 705, in __init__
    np.multiply(hsq1.tot_delete_values, hsq2.tot_delete_values))
FloatingPointError: invalid value encountered in sqrt


Computing rg for phenotype 59/68
Reading summary statistics from ../output_sumstats/output_pmid27989323_eotaxin_eur.sumstats.gz ...
Read summary statistics for 1217311 SNPs.
After merging with summary statistics, 1166108 SNPs remain.
1163460 SNPs with valid alleles.
ERROR computing rg for phenotype 59/68, from file ../output_sumstats/output_pmid27989323_eotaxin_eur.sumstats.gz.
Traceback (most recent call last):
  File "/Users/as/Documents/UNI/Bioinformatik/2023:24_WS/GoBi_Lokal/BlockTeil_Metabolomics/ldsc/ldscore/sumstats.py", line 410, in estimate_rg
    rghat = _rg(loop, args, log, M_annot, ref_ld_cnames, w_ld_cname, i)
  File "/Users/as/Documents/UNI/Bioinformatik/2023:24_WS/GoBi_Lokal/BlockTeil_Metabolomics/ldsc/ldscore/sumstats.py", line 539, in _rg
    intercept_gencov=intercepts[2], n_blocks=n_blocks, twostep=args.two_step)
  File "/Users/as/Documents/UNI/Bioinformatik/2023:24_WS/GoBi_Lokal/BlockTeil_Metabolomics/ldsc/ldscore/regressions.py", line 705, in __init__
    np.multiply(hsq1.tot_delete_values, hsq2.tot_delete_values))
FloatingPointError: invalid value encountered in sqrt


Computing rg for phenotype 60/68
Reading summary statistics from ../output_sumstats/output_pmid27989323_ip10_eur.sumstats.gz ...
Read summary statistics for 1217311 SNPs.
After merging with summary statistics, 1166108 SNPs remain.
1163889 SNPs with valid alleles.
ERROR computing rg for phenotype 60/68, from file ../output_sumstats/output_pmid27989323_ip10_eur.sumstats.gz.
Traceback (most recent call last):
  File "/Users/as/Documents/UNI/Bioinformatik/2023:24_WS/GoBi_Lokal/BlockTeil_Metabolomics/ldsc/ldscore/sumstats.py", line 410, in estimate_rg
    rghat = _rg(loop, args, log, M_annot, ref_ld_cnames, w_ld_cname, i)
  File "/Users/as/Documents/UNI/Bioinformatik/2023:24_WS/GoBi_Lokal/BlockTeil_Metabolomics/ldsc/ldscore/sumstats.py", line 539, in _rg
    intercept_gencov=intercepts[2], n_blocks=n_blocks, twostep=args.two_step)
  File "/Users/as/Documents/UNI/Bioinformatik/2023:24_WS/GoBi_Lokal/BlockTeil_Metabolomics/ldsc/ldscore/regressions.py", line 705, in __init__
    np.multiply(hsq1.tot_delete_values, hsq2.tot_delete_values))
FloatingPointError: invalid value encountered in sqrt


Computing rg for phenotype 61/68
Reading summary statistics from ../output_sumstats/output_pmid29566793_ALS_eur.sumstats.gz ...
Read summary statistics for 1217311 SNPs.
After merging with summary statistics, 1166108 SNPs remain.
1160306 SNPs with valid alleles.
ERROR computing rg for phenotype 61/68, from file ../output_sumstats/output_pmid29566793_ALS_eur.sumstats.gz.
Traceback (most recent call last):
  File "/Users/as/Documents/UNI/Bioinformatik/2023:24_WS/GoBi_Lokal/BlockTeil_Metabolomics/ldsc/ldscore/sumstats.py", line 410, in estimate_rg
    rghat = _rg(loop, args, log, M_annot, ref_ld_cnames, w_ld_cname, i)
  File "/Users/as/Documents/UNI/Bioinformatik/2023:24_WS/GoBi_Lokal/BlockTeil_Metabolomics/ldsc/ldscore/sumstats.py", line 539, in _rg
    intercept_gencov=intercepts[2], n_blocks=n_blocks, twostep=args.two_step)
  File "/Users/as/Documents/UNI/Bioinformatik/2023:24_WS/GoBi_Lokal/BlockTeil_Metabolomics/ldsc/ldscore/regressions.py", line 705, in __init__
    np.multiply(hsq1.tot_delete_values, hsq2.tot_delete_values))
FloatingPointError: invalid value encountered in sqrt


Computing rg for phenotype 62/68
Reading summary statistics from ../output_sumstats/output_pmid29632382_T2d-BMIadj_eur.sumstats.gz ...
Read summary statistics for 1217311 SNPs.
After merging with summary statistics, 1166108 SNPs remain.
25916 SNPs with valid alleles.
WARNING: number of SNPs less than 200k; this is almost always bad.

Heritability of phenotype 62/68
-------------------------------
Total Observed scale h2: 0.1026 (0.0274)
Lambda GC: 1.2136
Mean Chi^2: 1.7902
Intercept: 1.0019 (0.0844)
Ratio: 0.0024 (0.1068)

Genetic Covariance
------------------
Total Observed scale gencov: 0.0237 (0.0342)
Mean z1*z2: 3.602e-06
Intercept: -0.0131 (0.0206)

Genetic Correlation
-------------------
Genetic Correlation: 0.1133 (0.199)
Z-score: 0.5694
P: 0.5691

Computing rg for phenotype 63/68
Reading summary statistics from ../output_sumstats/output_pmid30054458_T2d_eur.sumstats.gz ...
Read summary statistics for 1217311 SNPs.
After merging with summary statistics, 1166108 SNPs remain.
998114 SNPs with valid alleles.
ERROR computing rg for phenotype 63/68, from file ../output_sumstats/output_pmid30054458_T2d_eur.sumstats.gz.
Traceback (most recent call last):
  File "/Users/as/Documents/UNI/Bioinformatik/2023:24_WS/GoBi_Lokal/BlockTeil_Metabolomics/ldsc/ldscore/sumstats.py", line 410, in estimate_rg
    rghat = _rg(loop, args, log, M_annot, ref_ld_cnames, w_ld_cname, i)
  File "/Users/as/Documents/UNI/Bioinformatik/2023:24_WS/GoBi_Lokal/BlockTeil_Metabolomics/ldsc/ldscore/sumstats.py", line 539, in _rg
    intercept_gencov=intercepts[2], n_blocks=n_blocks, twostep=args.two_step)
  File "/Users/as/Documents/UNI/Bioinformatik/2023:24_WS/GoBi_Lokal/BlockTeil_Metabolomics/ldsc/ldscore/regressions.py", line 705, in __init__
    np.multiply(hsq1.tot_delete_values, hsq2.tot_delete_values))
FloatingPointError: invalid value encountered in sqrt


Computing rg for phenotype 64/68
Reading summary statistics from ../output_sumstats/output_pmid33111402_PD_eur.sumstats.gz ...
Read summary statistics for 1217311 SNPs.
After merging with summary statistics, 1166108 SNPs remain.
9911 SNPs with valid alleles.
WARNING: number of SNPs less than 200k; this is almost always bad.

Heritability of phenotype 64/68
-------------------------------
Total Observed scale h2: -2.6525 (1.1414)
Lambda GC: 0.9547
Mean Chi^2: 0.9497
Intercept: 1.0869 (0.0601)
Ratio: NA (mean chi^2 < 1)

Genetic Covariance
------------------
Total Observed scale gencov: -0.5939 (0.6348)
Mean z1*z2: -0.015
Intercept: 0.0202 (0.0391)

Genetic Correlation
-------------------
Genetic Correlation: nan (nan) (h2  out of bounds) 
Z-score: nan (nan) (h2  out of bounds)
P: nan (nan) (h2  out of bounds)
WARNING: One of the h2's was out of bounds.
This usually indicates a data-munging error or that h2 or N is low.

Computing rg for phenotype 65/68
Reading summary statistics from ../output_sumstats/output_pmid33310728_RA_eur.sumstats.gz ...
Read summary statistics for 1217311 SNPs.
After merging with summary statistics, 1166108 SNPs remain.
1156981 SNPs with valid alleles.
ERROR computing rg for phenotype 65/68, from file ../output_sumstats/output_pmid33310728_RA_eur.sumstats.gz.
Traceback (most recent call last):
  File "/Users/as/Documents/UNI/Bioinformatik/2023:24_WS/GoBi_Lokal/BlockTeil_Metabolomics/ldsc/ldscore/sumstats.py", line 410, in estimate_rg
    rghat = _rg(loop, args, log, M_annot, ref_ld_cnames, w_ld_cname, i)
  File "/Users/as/Documents/UNI/Bioinformatik/2023:24_WS/GoBi_Lokal/BlockTeil_Metabolomics/ldsc/ldscore/sumstats.py", line 539, in _rg
    intercept_gencov=intercepts[2], n_blocks=n_blocks, twostep=args.two_step)
  File "/Users/as/Documents/UNI/Bioinformatik/2023:24_WS/GoBi_Lokal/BlockTeil_Metabolomics/ldsc/ldscore/regressions.py", line 705, in __init__
    np.multiply(hsq1.tot_delete_values, hsq2.tot_delete_values))
FloatingPointError: invalid value encountered in sqrt


Computing rg for phenotype 66/68
Reading summary statistics from ../output_sumstats/output_pmid33589841_LBD_eur.sumstats.gz ...
Read summary statistics for 1217311 SNPs.
After merging with summary statistics, 1166108 SNPs remain.
1059791 SNPs with valid alleles.
ERROR computing rg for phenotype 66/68, from file ../output_sumstats/output_pmid33589841_LBD_eur.sumstats.gz.
Traceback (most recent call last):
  File "/Users/as/Documents/UNI/Bioinformatik/2023:24_WS/GoBi_Lokal/BlockTeil_Metabolomics/ldsc/ldscore/sumstats.py", line 410, in estimate_rg
    rghat = _rg(loop, args, log, M_annot, ref_ld_cnames, w_ld_cname, i)
  File "/Users/as/Documents/UNI/Bioinformatik/2023:24_WS/GoBi_Lokal/BlockTeil_Metabolomics/ldsc/ldscore/sumstats.py", line 539, in _rg
    intercept_gencov=intercepts[2], n_blocks=n_blocks, twostep=args.two_step)
  File "/Users/as/Documents/UNI/Bioinformatik/2023:24_WS/GoBi_Lokal/BlockTeil_Metabolomics/ldsc/ldscore/regressions.py", line 705, in __init__
    np.multiply(hsq1.tot_delete_values, hsq2.tot_delete_values))
FloatingPointError: invalid value encountered in sqrt


Computing rg for phenotype 67/68
Reading summary statistics from ../output_sumstats/output_pmid33987465_PD_eur.sumstats.gz ...
Read summary statistics for 1217311 SNPs.
After merging with summary statistics, 1166108 SNPs remain.
1163448 SNPs with valid alleles.
ERROR computing rg for phenotype 67/68, from file ../output_sumstats/output_pmid33987465_PD_eur.sumstats.gz.
Traceback (most recent call last):
  File "/Users/as/Documents/UNI/Bioinformatik/2023:24_WS/GoBi_Lokal/BlockTeil_Metabolomics/ldsc/ldscore/sumstats.py", line 410, in estimate_rg
    rghat = _rg(loop, args, log, M_annot, ref_ld_cnames, w_ld_cname, i)
  File "/Users/as/Documents/UNI/Bioinformatik/2023:24_WS/GoBi_Lokal/BlockTeil_Metabolomics/ldsc/ldscore/sumstats.py", line 539, in _rg
    intercept_gencov=intercepts[2], n_blocks=n_blocks, twostep=args.two_step)
  File "/Users/as/Documents/UNI/Bioinformatik/2023:24_WS/GoBi_Lokal/BlockTeil_Metabolomics/ldsc/ldscore/regressions.py", line 705, in __init__
    np.multiply(hsq1.tot_delete_values, hsq2.tot_delete_values))
FloatingPointError: invalid value encountered in sqrt


Computing rg for phenotype 68/68
Reading summary statistics from ../output_sumstats/output_pmid34737426_APH_eur.sumstats.gz ...
Read summary statistics for 1217311 SNPs.
After merging with summary statistics, 1166108 SNPs remain.
1140611 SNPs with valid alleles.

Heritability of phenotype 68/68
-------------------------------
Total Observed scale h2: -2.3675e-05 (0.0009)
Lambda GC: 0.9957
Mean Chi^2: 0.9851
Intercept: 0.9854 (0.0061)
Ratio: NA (mean chi^2 < 1)

Genetic Covariance
------------------
Total Observed scale gencov: 0.0133 (0.0078)
Mean z1*z2: 0.0052
Intercept: -0.0056 (0.0048)

Genetic Correlation
-------------------
Genetic Correlation: nan (nan) (h2  out of bounds) 
Z-score: nan (nan) (h2  out of bounds)
P: nan (nan) (h2  out of bounds)
WARNING: One of the h2's was out of bounds.
This usually indicates a data-munging error or that h2 or N is low.


Summary of Genetic Correlation Results
                                                           p1                                                                      p2      rg      se       z       p     h2_obs h2_obs_se  h2_int h2_int_se   gcov_int gcov_int_se
 ../output_sumstats/output_pmid27989323_IL1ra_eur.sumstats.gz            ../output_sumstats/output_pmid27989323_IL1ra_eur.sumstats.gz       1   4.813  0.2078  0.8354    0.01988    0.1437   1.007  0.008049      1.007    0.008049
 ../output_sumstats/output_pmid27989323_IL1ra_eur.sumstats.gz               ../output_sumstats/output_pmid21833088_MS_eur.sumstats.gz      NA      NA      NA      NA    0.05507   0.02823   1.059  0.009082   -0.00158    0.006185
 ../output_sumstats/output_pmid27989323_IL1ra_eur.sumstats.gz               ../output_sumstats/output_pmid24076602_MS_eur.sumstats.gz      NA      NA      NA      NA      1.598     0.241   1.007   0.08371   0.006193     0.02096
 ../output_sumstats/output_pmid27989323_IL1ra_eur.sumstats.gz  ../output_sumstats/output_pmid24816252_acetylcarnitine_eur.sumstats.gz      NA      NA      NA      NA    -0.2348   0.08283    1.02  0.007555   -0.00348    0.004474
 ../output_sumstats/output_pmid27989323_IL1ra_eur.sumstats.gz          ../output_sumstats/output_pmid24816252_alanine_eur.sumstats.gz   0.462   1.229   0.376  0.7069     0.5291   0.07061   1.011  0.007175   0.001135    0.005131
 ../output_sumstats/output_pmid27989323_IL1ra_eur.sumstats.gz         ../output_sumstats/output_pmid24816252_arginine_eur.sumstats.gz      NA      NA      NA      NA  -0.007339   0.06329   1.038  0.007139  -0.001693    0.004198
 ../output_sumstats/output_pmid27989323_IL1ra_eur.sumstats.gz       ../output_sumstats/output_pmid24816252_asparagine_eur.sumstats.gz -0.2357   0.631 -0.3736  0.7087      0.497   0.06704   1.019  0.007291 -0.0008655      0.0045
 ../output_sumstats/output_pmid27989323_IL1ra_eur.sumstats.gz      ../output_sumstats/output_pmid24816252_cholesterol_eur.sumstats.gz  0.8824   2.213  0.3987  0.6901     0.1326   0.06761   1.044  0.006627  -0.006918    0.004799
 ../output_sumstats/output_pmid27989323_IL1ra_eur.sumstats.gz          ../output_sumstats/output_pmid24816252_citrate_eur.sumstats.gz  0.1715  0.6112  0.2806   0.779      0.449   0.08002   1.059  0.008243  -0.001009     0.00463
 ../output_sumstats/output_pmid27989323_IL1ra_eur.sumstats.gz        ../output_sumstats/output_pmid24816252_glutamate_eur.sumstats.gz   1.601   3.507  0.4565   0.648       0.16   0.05701  0.9322  0.005895 -0.0004146    0.004732
 ../output_sumstats/output_pmid27989323_IL1ra_eur.sumstats.gz         ../output_sumstats/output_pmid24816252_glycerol_eur.sumstats.gz      NA      NA      NA      NA    -0.1293   0.06067   1.016  0.006951  0.0007073    0.004627
 ../output_sumstats/output_pmid27989323_IL1ra_eur.sumstats.gz        ../output_sumstats/output_pmid24816252_histidine_eur.sumstats.gz -0.7569   1.603 -0.4721  0.6368     0.4295   0.07003  0.7589  0.006221    0.00705    0.004047
 ../output_sumstats/output_pmid27989323_IL1ra_eur.sumstats.gz       ../output_sumstats/output_pmid24816252_isoleucine_eur.sumstats.gz      NA      NA      NA      NA    -0.2772   0.05863  0.9995  0.006413   0.001233     0.00431
 ../output_sumstats/output_pmid27989323_IL1ra_eur.sumstats.gz    ../output_sumstats/output_pmid24816252_phenylalanine_eur.sumstats.gz  0.9652   2.028  0.4759  0.6342       0.33   0.04361  0.7773  0.005078  -0.005881      0.0037
 ../output_sumstats/output_pmid27989323_IL1ra_eur.sumstats.gz          ../output_sumstats/output_pmid24816252_proline_eur.sumstats.gz   0.425    1.07   0.397  0.6913     0.3726   0.08991   1.038   0.01268   0.006277    0.004437
 ../output_sumstats/output_pmid27989323_IL1ra_eur.sumstats.gz         ../output_sumstats/output_pmid24816252_pyruvate_eur.sumstats.gz  0.6769   1.779  0.3804  0.7036     0.1543   0.05595  0.9984  0.005952  -0.003054    0.004432
 ../output_sumstats/output_pmid27989323_IL1ra_eur.sumstats.gz        ../output_sumstats/output_pmid24816252_threonine_eur.sumstats.gz  -1.388   3.387 -0.4097   0.682    0.04781   0.08338   1.009  0.006767   0.007269    0.004396
 ../output_sumstats/output_pmid27989323_IL1ra_eur.sumstats.gz       ../output_sumstats/output_pmid24816252_tryptophan_eur.sumstats.gz  0.3672  0.8348  0.4399    0.66      0.926   0.07453   1.048  0.007983  -0.002354    0.004829
 ../output_sumstats/output_pmid27989323_IL1ra_eur.sumstats.gz         ../output_sumstats/output_pmid24816252_tyrosine_eur.sumstats.gz   0.342   1.196  0.2858   0.775     0.1662   0.07089   1.032   0.00724   0.007053    0.004418
 ../output_sumstats/output_pmid27989323_IL1ra_eur.sumstats.gz             ../output_sumstats/output_pmid24816252_urea_eur.sumstats.gz      NA      NA      NA      NA   -0.07677   0.05267   1.012  0.006332  -0.002357    0.004637
 ../output_sumstats/output_pmid27989323_IL1ra_eur.sumstats.gz               ../output_sumstats/output_pmid27386562_MS_eur.sumstats.gz      NA      NA      NA      NA         NA        NA      NA        NA         NA          NA
 ../output_sumstats/output_pmid27989323_IL1ra_eur.sumstats.gz              ../output_sumstats/output_pmid27455348_ALS_eur.sumstats.gz      NA      NA      NA      NA         NA        NA      NA        NA         NA          NA
 ../output_sumstats/output_pmid27989323_IL1ra_eur.sumstats.gz            ../output_sumstats/output_pmid27989323_CTACK_eur.sumstats.gz      NA      NA      NA      NA   -0.01188    0.1159   1.004   0.00702    0.03851    0.005151
 ../output_sumstats/output_pmid27989323_IL1ra_eur.sumstats.gz             ../output_sumstats/output_pmid27989323_GCSF_eur.sumstats.gz      NA      NA      NA      NA         NA        NA      NA        NA         NA          NA
 ../output_sumstats/output_pmid27989323_IL1ra_eur.sumstats.gz             ../output_sumstats/output_pmid27989323_GROa_eur.sumstats.gz      NA      NA      NA      NA      -45.3     20.77   1.381     0.479     0.9869      0.6103
 ../output_sumstats/output_pmid27989323_IL1ra_eur.sumstats.gz              ../output_sumstats/output_pmid27989323_HGF_eur.sumstats.gz      NA      NA      NA      NA   -0.02513   0.05839    1.01  0.007913     0.1108     0.00496
 ../output_sumstats/output_pmid27989323_IL1ra_eur.sumstats.gz             ../output_sumstats/output_pmid27989323_IFNg_eur.sumstats.gz      NA      NA      NA      NA         NA        NA      NA        NA         NA          NA
 ../output_sumstats/output_pmid27989323_IL1ra_eur.sumstats.gz             ../output_sumstats/output_pmid27989323_IL10_eur.sumstats.gz      NA      NA      NA      NA  -0.008234   0.07983   1.018   0.01236     0.3802    0.005599
 ../output_sumstats/output_pmid27989323_IL1ra_eur.sumstats.gz          ../output_sumstats/output_pmid27989323_IL12p70_eur.sumstats.gz      NA      NA      NA      NA    -0.0175    0.0901   1.033   0.01942     0.3542    0.005916
 ../output_sumstats/output_pmid27989323_IL1ra_eur.sumstats.gz             ../output_sumstats/output_pmid27989323_IL13_eur.sumstats.gz      NA      NA      NA      NA    -0.1588    0.1628   1.017   0.01247     0.5882    0.006353
 ../output_sumstats/output_pmid27989323_IL1ra_eur.sumstats.gz             ../output_sumstats/output_pmid27989323_IL16_eur.sumstats.gz      NA      NA      NA      NA   -0.07093    0.1283  0.9949  0.007302    0.07692    0.005296
 ../output_sumstats/output_pmid27989323_IL1ra_eur.sumstats.gz             ../output_sumstats/output_pmid27989323_IL17_eur.sumstats.gz      NA      NA      NA      NA     -3.452     1.484   1.496     0.148     0.5821     0.09742
 ../output_sumstats/output_pmid27989323_IL1ra_eur.sumstats.gz             ../output_sumstats/output_pmid27989323_IL18_eur.sumstats.gz      NA      NA      NA      NA         NA        NA      NA        NA         NA          NA
 ../output_sumstats/output_pmid27989323_IL1ra_eur.sumstats.gz              ../output_sumstats/output_pmid27989323_IL2_eur.sumstats.gz      NA      NA      NA      NA   -0.08299    0.1304   1.013  0.007128     0.6809    0.006241
 ../output_sumstats/output_pmid27989323_IL1ra_eur.sumstats.gz            ../output_sumstats/output_pmid27989323_IL2ra_eur.sumstats.gz      NA      NA      NA      NA         NA        NA      NA        NA         NA          NA
 ../output_sumstats/output_pmid27989323_IL1ra_eur.sumstats.gz              ../output_sumstats/output_pmid27989323_IL4_eur.sumstats.gz      NA      NA      NA      NA   -0.04266   0.06007   1.011  0.008012     0.3366    0.005942
 ../output_sumstats/output_pmid27989323_IL1ra_eur.sumstats.gz              ../output_sumstats/output_pmid27989323_IL5_eur.sumstats.gz      NA      NA      NA      NA    -0.1236    0.1364   1.012  0.007401     0.5302    0.006136
 ../output_sumstats/output_pmid27989323_IL1ra_eur.sumstats.gz              ../output_sumstats/output_pmid27989323_IL6_eur.sumstats.gz      NA      NA      NA      NA   -0.00151    0.0568   1.008  0.007054     0.4404    0.005859
 ../output_sumstats/output_pmid27989323_IL1ra_eur.sumstats.gz              ../output_sumstats/output_pmid27989323_IL7_eur.sumstats.gz      NA      NA      NA      NA   -0.03601    0.1571   1.013  0.008902     0.5285    0.005927
 ../output_sumstats/output_pmid27989323_IL1ra_eur.sumstats.gz              ../output_sumstats/output_pmid27989323_IL8_eur.sumstats.gz      NA      NA      NA      NA   -0.02883    0.1275   1.008  0.006776     0.4912     0.00581
 ../output_sumstats/output_pmid27989323_IL1ra_eur.sumstats.gz              ../output_sumstats/output_pmid27989323_IL9_eur.sumstats.gz      NA      NA      NA      NA    -0.1732    0.1256   1.014  0.007057     0.5873    0.006485
 ../output_sumstats/output_pmid27989323_IL1ra_eur.sumstats.gz             ../output_sumstats/output_pmid27989323_MCP1_eur.sumstats.gz      NA      NA      NA      NA         NA        NA      NA        NA         NA          NA
 ../output_sumstats/output_pmid27989323_IL1ra_eur.sumstats.gz             ../output_sumstats/output_pmid27989323_MCP3_eur.sumstats.gz      NA      NA      NA      NA    -0.8565    0.5696   1.014  0.007773     0.1677    0.004933
 ../output_sumstats/output_pmid27989323_IL1ra_eur.sumstats.gz             ../output_sumstats/output_pmid27989323_MCSF_eur.sumstats.gz      NA      NA      NA      NA         NA        NA      NA        NA         NA          NA
 ../output_sumstats/output_pmid27989323_IL1ra_eur.sumstats.gz              ../output_sumstats/output_pmid27989323_MIF_eur.sumstats.gz      NA      NA      NA      NA         NA        NA      NA        NA         NA          NA
 ../output_sumstats/output_pmid27989323_IL1ra_eur.sumstats.gz              ../output_sumstats/output_pmid27989323_MIG_eur.sumstats.gz      NA      NA      NA      NA    -0.1299    0.1095   1.014  0.006439     0.1346    0.005151
 ../output_sumstats/output_pmid27989323_IL1ra_eur.sumstats.gz            ../output_sumstats/output_pmid27989323_MIP1a_eur.sumstats.gz      NA      NA      NA      NA    -0.1351    0.1406   1.009  0.007109     0.5974    0.006137
 ../output_sumstats/output_pmid27989323_IL1ra_eur.sumstats.gz            ../output_sumstats/output_pmid27989323_MIP1b_eur.sumstats.gz      NA      NA      NA      NA         NA        NA      NA        NA         NA          NA
 ../output_sumstats/output_pmid27989323_IL1ra_eur.sumstats.gz           ../output_sumstats/output_pmid27989323_PDGFbb_eur.sumstats.gz      NA      NA      NA      NA  -0.006326   0.06284   1.022  0.008702      0.208     0.00537
 ../output_sumstats/output_pmid27989323_IL1ra_eur.sumstats.gz           ../output_sumstats/output_pmid27989323_RANTES_eur.sumstats.gz      NA      NA      NA      NA         NA        NA      NA        NA         NA          NA
 ../output_sumstats/output_pmid27989323_IL1ra_eur.sumstats.gz              ../output_sumstats/output_pmid27989323_SCF_eur.sumstats.gz      NA      NA      NA      NA   -0.05538   0.05625   1.018  0.007304    0.01209    0.004893
 ../output_sumstats/output_pmid27989323_IL1ra_eur.sumstats.gz            ../output_sumstats/output_pmid27989323_SCGFb_eur.sumstats.gz   1.996   2.561  0.7795  0.4357    0.09504    0.1788   1.012  0.009957     0.0647    0.006795
 ../output_sumstats/output_pmid27989323_IL1ra_eur.sumstats.gz             ../output_sumstats/output_pmid27989323_SDF1_eur.sumstats.gz      NA      NA      NA      NA   -0.01228   0.07532  0.9986  0.007122    0.05719    0.005262
 ../output_sumstats/output_pmid27989323_IL1ra_eur.sumstats.gz             ../output_sumstats/output_pmid27989323_TNFa_eur.sumstats.gz      NA      NA      NA      NA   -0.05858    0.1341  0.9983  0.006959     0.5912     0.00613
 ../output_sumstats/output_pmid27989323_IL1ra_eur.sumstats.gz             ../output_sumstats/output_pmid27989323_TNFb_eur.sumstats.gz      NA      NA      NA      NA    -0.4524     0.308    1.01  0.007536    0.04188    0.005019
 ../output_sumstats/output_pmid27989323_IL1ra_eur.sumstats.gz            ../output_sumstats/output_pmid27989323_TRAIL_eur.sumstats.gz      NA      NA      NA      NA   -0.02189   0.05524   1.021   0.01173    0.01432    0.005239
 ../output_sumstats/output_pmid27989323_IL1ra_eur.sumstats.gz             ../output_sumstats/output_pmid27989323_bNGF_eur.sumstats.gz      NA      NA      NA      NA         NA        NA      NA        NA         NA          NA
 ../output_sumstats/output_pmid27989323_IL1ra_eur.sumstats.gz          ../output_sumstats/output_pmid27989323_eotaxin_eur.sumstats.gz      NA      NA      NA      NA         NA        NA      NA        NA         NA          NA
 ../output_sumstats/output_pmid27989323_IL1ra_eur.sumstats.gz             ../output_sumstats/output_pmid27989323_ip10_eur.sumstats.gz      NA      NA      NA      NA         NA        NA      NA        NA         NA          NA
 ../output_sumstats/output_pmid27989323_IL1ra_eur.sumstats.gz              ../output_sumstats/output_pmid29566793_ALS_eur.sumstats.gz      NA      NA      NA      NA         NA        NA      NA        NA         NA          NA
 ../output_sumstats/output_pmid27989323_IL1ra_eur.sumstats.gz       ../output_sumstats/output_pmid29632382_T2d-BMIadj_eur.sumstats.gz  0.1133   0.199  0.5694  0.5691     0.1026   0.02742   1.002   0.08436   -0.01314     0.02064
 ../output_sumstats/output_pmid27989323_IL1ra_eur.sumstats.gz              ../output_sumstats/output_pmid30054458_T2d_eur.sumstats.gz      NA      NA      NA      NA         NA        NA      NA        NA         NA          NA
 ../output_sumstats/output_pmid27989323_IL1ra_eur.sumstats.gz               ../output_sumstats/output_pmid33111402_PD_eur.sumstats.gz      NA      NA      NA      NA     -2.652     1.141   1.087   0.06006     0.0202     0.03909
 ../output_sumstats/output_pmid27989323_IL1ra_eur.sumstats.gz               ../output_sumstats/output_pmid33310728_RA_eur.sumstats.gz      NA      NA      NA      NA         NA        NA      NA        NA         NA          NA
 ../output_sumstats/output_pmid27989323_IL1ra_eur.sumstats.gz              ../output_sumstats/output_pmid33589841_LBD_eur.sumstats.gz      NA      NA      NA      NA         NA        NA      NA        NA         NA          NA
 ../output_sumstats/output_pmid27989323_IL1ra_eur.sumstats.gz               ../output_sumstats/output_pmid33987465_PD_eur.sumstats.gz      NA      NA      NA      NA         NA        NA      NA        NA         NA          NA
 ../output_sumstats/output_pmid27989323_IL1ra_eur.sumstats.gz              ../output_sumstats/output_pmid34737426_APH_eur.sumstats.gz      NA      NA      NA      NA -2.368e-05  0.000935  0.9854  0.006125  -0.005642    0.004822

Analysis finished at Sat Feb 24 15:54:54 2024
Total time elapsed: 7.0m:29.43s
