*********************************************************************
* LD Score Regression (LDSC)
* Version 1.0.1
* (C) 2014-2019 Brendan Bulik-Sullivan and Hilary Finucane
* Broad Institute of MIT and Harvard / MIT Department of Mathematics
* GNU General Public License v3
*********************************************************************
Call: 
./ldsc.py \
--ref-ld-chr ../input_files/eur_w_ld_chr/ \
--out ../output_ld_regression/output_pmid27989323_SCGFb_eur_ldReg \
--rg ../output_sumstats/output_pmid27989323_SCGFb_eur.sumstats.gz,../output_sumstats/output_pmid27989323_SCGFb_eur.sumstats.gz,../output_sumstats/output_pmid21833088_MS_eur.sumstats.gz,../output_sumstats/output_pmid24076602_MS_eur.sumstats.gz,../output_sumstats/output_pmid24816252_acetylcarnitine_eur.sumstats.gz,../output_sumstats/output_pmid24816252_alanine_eur.sumstats.gz,../output_sumstats/output_pmid24816252_arginine_eur.sumstats.gz,../output_sumstats/output_pmid24816252_asparagine_eur.sumstats.gz,../output_sumstats/output_pmid24816252_cholesterol_eur.sumstats.gz,../output_sumstats/output_pmid24816252_citrate_eur.sumstats.gz,../output_sumstats/output_pmid24816252_glutamate_eur.sumstats.gz,../output_sumstats/output_pmid24816252_glycerol_eur.sumstats.gz,../output_sumstats/output_pmid24816252_histidine_eur.sumstats.gz,../output_sumstats/output_pmid24816252_isoleucine_eur.sumstats.gz,../output_sumstats/output_pmid24816252_phenylalanine_eur.sumstats.gz,../output_sumstats/output_pmid24816252_proline_eur.sumstats.gz,../output_sumstats/output_pmid24816252_pyruvate_eur.sumstats.gz,../output_sumstats/output_pmid24816252_threonine_eur.sumstats.gz,../output_sumstats/output_pmid24816252_tryptophan_eur.sumstats.gz,../output_sumstats/output_pmid24816252_tyrosine_eur.sumstats.gz,../output_sumstats/output_pmid24816252_urea_eur.sumstats.gz,../output_sumstats/output_pmid27386562_MS_eur.sumstats.gz,../output_sumstats/output_pmid27455348_ALS_eur.sumstats.gz,../output_sumstats/output_pmid27989323_CTACK_eur.sumstats.gz,../output_sumstats/output_pmid27989323_GCSF_eur.sumstats.gz,../output_sumstats/output_pmid27989323_GROa_eur.sumstats.gz,../output_sumstats/output_pmid27989323_HGF_eur.sumstats.gz,../output_sumstats/output_pmid27989323_IFNg_eur.sumstats.gz,../output_sumstats/output_pmid27989323_IL10_eur.sumstats.gz,../output_sumstats/output_pmid27989323_IL12p70_eur.sumstats.gz,../output_sumstats/output_pmid27989323_IL13_eur.sumstats.gz,../output_sumstats/output_pmid27989323_IL16_eur.sumstats.gz,../output_sumstats/output_pmid27989323_IL17_eur.sumstats.gz,../output_sumstats/output_pmid27989323_IL18_eur.sumstats.gz,../output_sumstats/output_pmid27989323_IL1ra_eur.sumstats.gz,../output_sumstats/output_pmid27989323_IL2_eur.sumstats.gz,../output_sumstats/output_pmid27989323_IL2ra_eur.sumstats.gz,../output_sumstats/output_pmid27989323_IL4_eur.sumstats.gz,../output_sumstats/output_pmid27989323_IL5_eur.sumstats.gz,../output_sumstats/output_pmid27989323_IL6_eur.sumstats.gz,../output_sumstats/output_pmid27989323_IL7_eur.sumstats.gz,../output_sumstats/output_pmid27989323_IL8_eur.sumstats.gz,../output_sumstats/output_pmid27989323_IL9_eur.sumstats.gz,../output_sumstats/output_pmid27989323_MCP1_eur.sumstats.gz,../output_sumstats/output_pmid27989323_MCP3_eur.sumstats.gz,../output_sumstats/output_pmid27989323_MCSF_eur.sumstats.gz,../output_sumstats/output_pmid27989323_MIF_eur.sumstats.gz,../output_sumstats/output_pmid27989323_MIG_eur.sumstats.gz,../output_sumstats/output_pmid27989323_MIP1a_eur.sumstats.gz,../output_sumstats/output_pmid27989323_MIP1b_eur.sumstats.gz,../output_sumstats/output_pmid27989323_PDGFbb_eur.sumstats.gz,../output_sumstats/output_pmid27989323_RANTES_eur.sumstats.gz,../output_sumstats/output_pmid27989323_SCF_eur.sumstats.gz,../output_sumstats/output_pmid27989323_SDF1_eur.sumstats.gz,../output_sumstats/output_pmid27989323_TNFa_eur.sumstats.gz,../output_sumstats/output_pmid27989323_TNFb_eur.sumstats.gz,../output_sumstats/output_pmid27989323_TRAIL_eur.sumstats.gz,../output_sumstats/output_pmid27989323_bNGF_eur.sumstats.gz,../output_sumstats/output_pmid27989323_eotaxin_eur.sumstats.gz,../output_sumstats/output_pmid27989323_ip10_eur.sumstats.gz,../output_sumstats/output_pmid29566793_ALS_eur.sumstats.gz,../output_sumstats/output_pmid29632382_T2d-BMIadj_eur.sumstats.gz,../output_sumstats/output_pmid30054458_T2d_eur.sumstats.gz,../output_sumstats/output_pmid33111402_PD_eur.sumstats.gz,../output_sumstats/output_pmid33310728_RA_eur.sumstats.gz,../output_sumstats/output_pmid33589841_LBD_eur.sumstats.gz,../output_sumstats/output_pmid33987465_PD_eur.sumstats.gz,../output_sumstats/output_pmid34737426_APH_eur.sumstats.gz \
--w-ld-chr ../input_files/eur_w_ld_chr/ 

Beginning analysis at Sat Feb 24 20:49:42 2024
Reading summary statistics from ../output_sumstats/output_pmid27989323_SCGFb_eur.sumstats.gz ...
Read summary statistics for 525992 SNPs.
Reading reference panel LD Score from ../input_files/eur_w_ld_chr/[1-22] ... (ldscore_fromlist)
Read reference panel LD Scores for 1290028 SNPs.
Removing partitioned LD Scores with zero variance.
Reading regression weight LD Score from ../input_files/eur_w_ld_chr/[1-22] ... (ldscore_fromlist)
Read regression weight LD Scores for 1290028 SNPs.
After merging with reference panel LD, 519249 SNPs remain.
After merging with regression SNP LD, 519249 SNPs remain.
Computing rg for phenotype 2/68
Reading summary statistics from ../output_sumstats/output_pmid27989323_SCGFb_eur.sumstats.gz ...
Read summary statistics for 1217311 SNPs.
After merging with summary statistics, 519249 SNPs remain.
519249 SNPs with valid alleles.

Heritability of phenotype 1
---------------------------
Total Observed scale h2: 0.0963 (0.1788)
Lambda GC: 1.0165
Mean Chi^2: 1.0187
Intercept: 1.0114 (0.01)
Ratio: 0.6089 (0.5335)

Heritability of phenotype 2/68
------------------------------
Total Observed scale h2: 0.0963 (0.1788)
Lambda GC: 1.0165
Mean Chi^2: 1.0187
Intercept: 1.0114 (0.01)
Ratio: 0.6089 (0.5335)

Genetic Covariance
------------------
Total Observed scale gencov: 0.0963 (0.1788)
Mean z1*z2: 1.0187
Intercept: 1.0114 (0.01)

Genetic Correlation
-------------------
Genetic Correlation: 1. (1.3855e-06)
Z-score: 721750.2116
P: 0.

Computing rg for phenotype 3/68
Reading summary statistics from ../output_sumstats/output_pmid21833088_MS_eur.sumstats.gz ...
Read summary statistics for 1217311 SNPs.
After merging with summary statistics, 519249 SNPs remain.
196864 SNPs with valid alleles.
WARNING: number of SNPs less than 200k; this is almost always bad.

Heritability of phenotype 3/68
------------------------------
Total Observed scale h2: 0.0557 (0.0402)
Lambda GC: 1.0345
Mean Chi^2: 1.0936
Intercept: 1.0663 (0.0143)
Ratio: 0.709 (0.1533)

Genetic Covariance
------------------
Total Observed scale gencov: 0.0616 (0.0506)
Mean z1*z2: 0.0129
Intercept: 0.0016 (0.0086)

Genetic Correlation
-------------------
Genetic Correlation: 0.5605 (0.5111)
Z-score: 1.0965
P: 0.2728

Computing rg for phenotype 4/68
Reading summary statistics from ../output_sumstats/output_pmid24076602_MS_eur.sumstats.gz ...
Read summary statistics for 1217311 SNPs.
After merging with summary statistics, 519249 SNPs remain.
23239 SNPs with valid alleles.
WARNING: number of SNPs less than 200k; this is almost always bad.

Heritability of phenotype 4/68
------------------------------
Total Observed scale h2: 1.3321 (0.2135)
Lambda GC: 1.4494
Mean Chi^2: 2.1455
Intercept: 1.1955 (0.1024)
Ratio: 0.1707 (0.0894)

Genetic Covariance
------------------
Total Observed scale gencov: 0.1329 (0.1705)
Mean z1*z2: -0.0302
Intercept: -0.0515 (0.0317)

Genetic Correlation
-------------------
Genetic Correlation: 0.1082 (0.1424)
Z-score: 0.7598
P: 0.4474

Computing rg for phenotype 5/68
Reading summary statistics from ../output_sumstats/output_pmid24816252_acetylcarnitine_eur.sumstats.gz ...
Read summary statistics for 1217311 SNPs.
After merging with summary statistics, 519249 SNPs remain.
456081 SNPs with valid alleles.

Heritability of phenotype 5/68
------------------------------
Total Observed scale h2: -0.1622 (0.156)
Lambda GC: 0.9634
Mean Chi^2: 0.9857
Intercept: 1.0103 (0.0139)
Ratio: NA (mean chi^2 < 1)

Genetic Covariance
------------------
Total Observed scale gencov: -0.0515 (0.0895)
Mean z1*z2: -0.0057
Intercept: -0.0003 (0.0074)

Genetic Correlation
-------------------
Genetic Correlation: nan (nan) (h2  out of bounds) 
Z-score: nan (nan) (h2  out of bounds)
P: nan (nan) (h2  out of bounds)
WARNING: One of the h2's was out of bounds.
This usually indicates a data-munging error or that h2 or N is low.

Computing rg for phenotype 6/68
Reading summary statistics from ../output_sumstats/output_pmid24816252_alanine_eur.sumstats.gz ...
Read summary statistics for 1217311 SNPs.
After merging with summary statistics, 519249 SNPs remain.
456081 SNPs with valid alleles.

Heritability of phenotype 6/68
------------------------------
Total Observed scale h2: 0.4988 (0.101)
Lambda GC: 1.071
Mean Chi^2: 1.0884
Intercept: 1.0137 (0.0105)
Ratio: 0.1555 (0.1191)

Genetic Covariance
------------------
Total Observed scale gencov: 0.115 (0.0946)
Mean z1*z2: 0.0118
Intercept: -0.0001 (0.0072)

Genetic Correlation
-------------------
Genetic Correlation: 0.4605 (0.5438)
Z-score: 0.8468
P: 0.3971

Computing rg for phenotype 7/68
Reading summary statistics from ../output_sumstats/output_pmid24816252_arginine_eur.sumstats.gz ...
Read summary statistics for 1217311 SNPs.
After merging with summary statistics, 519249 SNPs remain.
456081 SNPs with valid alleles.

Heritability of phenotype 7/68
------------------------------
Total Observed scale h2: -0.0144 (0.0856)
Lambda GC: 1.0195
Mean Chi^2: 1.0323
Intercept: 1.0343 (0.0099)
Ratio: 1.0628 (0.3077)

Genetic Covariance
------------------
Total Observed scale gencov: -0.0571 (0.0926)
Mean z1*z2: -0.0024
Intercept: 0.0036 (0.0072)

Genetic Correlation
-------------------
Genetic Correlation: nan (nan) (h2  out of bounds) 
Z-score: nan (nan) (h2  out of bounds)
P: nan (nan) (h2  out of bounds)
WARNING: One of the h2's was out of bounds.
This usually indicates a data-munging error or that h2 or N is low.

Computing rg for phenotype 8/68
Reading summary statistics from ../output_sumstats/output_pmid24816252_asparagine_eur.sumstats.gz ...
Read summary statistics for 1217311 SNPs.
After merging with summary statistics, 519249 SNPs remain.
456081 SNPs with valid alleles.

Heritability of phenotype 8/68
------------------------------
Total Observed scale h2: 0.4836 (0.0949)
Lambda GC: 1.0802
Mean Chi^2: 1.1015
Intercept: 1.0289 (0.0104)
Ratio: 0.2843 (0.1027)

Genetic Covariance
------------------
Total Observed scale gencov: 0.0469 (0.0967)
Mean z1*z2: 0.0029
Intercept: -0.0019 (0.0074)

Genetic Correlation
-------------------
Genetic Correlation: 0.1906 (0.4452)
Z-score: 0.4281
P: 0.6686

Computing rg for phenotype 9/68
Reading summary statistics from ../output_sumstats/output_pmid24816252_cholesterol_eur.sumstats.gz ...
Read summary statistics for 1217311 SNPs.
After merging with summary statistics, 519249 SNPs remain.
456081 SNPs with valid alleles.

Heritability of phenotype 9/68
------------------------------
Total Observed scale h2: 0.1693 (0.1057)
Lambda GC: 1.0436
Mean Chi^2: 1.058
Intercept: 1.0322 (0.0114)
Ratio: 0.5562 (0.1968)

Genetic Covariance
------------------
Total Observed scale gencov: 0.1653 (0.0836)
Mean z1*z2: 0.0092
Intercept: -0.0084 (0.0069)

Genetic Correlation
-------------------
Genetic Correlation: 1.1362 (1.1042)
Z-score: 1.029
P: 0.3035

Computing rg for phenotype 10/68
Reading summary statistics from ../output_sumstats/output_pmid24816252_citrate_eur.sumstats.gz ...
Read summary statistics for 1217311 SNPs.
After merging with summary statistics, 519249 SNPs remain.
456081 SNPs with valid alleles.

Heritability of phenotype 10/68
-------------------------------
Total Observed scale h2: 0.5811 (0.0987)
Lambda GC: 1.105
Mean Chi^2: 1.1257
Intercept: 1.0402 (0.0105)
Ratio: 0.3194 (0.0837)

Genetic Covariance
------------------
Total Observed scale gencov: -0.0875 (0.1022)
Mean z1*z2: -0.0044
Intercept: 0.0049 (0.0079)

Genetic Correlation
-------------------
Genetic Correlation: -0.3245 (0.4588)
Z-score: -0.7073
P: 0.4794

Computing rg for phenotype 11/68
Reading summary statistics from ../output_sumstats/output_pmid24816252_glutamate_eur.sumstats.gz ...
Read summary statistics for 1217311 SNPs.
After merging with summary statistics, 519249 SNPs remain.
456081 SNPs with valid alleles.

Heritability of phenotype 11/68
-------------------------------
Total Observed scale h2: 0.1625 (0.0813)
Lambda GC: 0.9605
Mean Chi^2: 0.95
Intercept: 0.9258 (0.0086)
Ratio: NA (mean chi^2 < 1)

Genetic Covariance
------------------
Total Observed scale gencov: -0.0524 (0.0854)
Mean z1*z2: 0.0031
Intercept: 0.0087 (0.0071)

Genetic Correlation
-------------------
Genetic Correlation: -0.3677 (0.6792)
Z-score: -0.5413
P: 0.5883

Computing rg for phenotype 12/68
Reading summary statistics from ../output_sumstats/output_pmid24816252_glycerol_eur.sumstats.gz ...
Read summary statistics for 1217311 SNPs.
After merging with summary statistics, 519249 SNPs remain.
456081 SNPs with valid alleles.

Heritability of phenotype 12/68
-------------------------------
Total Observed scale h2: -0.0895 (0.0921)
Lambda GC: 0.9868
Mean Chi^2: 0.9922
Intercept: 1.0056 (0.0101)
Ratio: NA (mean chi^2 < 1)

Genetic Covariance
------------------
Total Observed scale gencov: -0.1458 (0.0839)
Mean z1*z2: 0.0009
Intercept: 0.0164 (0.0067)

Genetic Correlation
-------------------
Genetic Correlation: nan (nan) (h2  out of bounds) 
Z-score: nan (nan) (h2  out of bounds)
P: nan (nan) (h2  out of bounds)
WARNING: One of the h2's was out of bounds.
This usually indicates a data-munging error or that h2 or N is low.

Computing rg for phenotype 13/68
Reading summary statistics from ../output_sumstats/output_pmid24816252_histidine_eur.sumstats.gz ...
Read summary statistics for 1217311 SNPs.
After merging with summary statistics, 519249 SNPs remain.
456081 SNPs with valid alleles.

Heritability of phenotype 13/68
-------------------------------
Total Observed scale h2: 0.4224 (0.1373)
Lambda GC: 0.8073
Mean Chi^2: 0.8199
Intercept: 0.7577 (0.0118)
Ratio: NA (mean chi^2 < 1)

Genetic Covariance
------------------
Total Observed scale gencov: -0.0472 (0.0806)
Mean z1*z2: -0.008
Intercept: -0.0031 (0.0063)

Genetic Correlation
-------------------
Genetic Correlation: -0.2053 (0.3958)
Z-score: -0.5187
P: 0.604

Computing rg for phenotype 14/68
Reading summary statistics from ../output_sumstats/output_pmid24816252_isoleucine_eur.sumstats.gz ...
Read summary statistics for 1217311 SNPs.
After merging with summary statistics, 519249 SNPs remain.
456081 SNPs with valid alleles.

Heritability of phenotype 14/68
-------------------------------
Total Observed scale h2: -0.3194 (0.0867)
Lambda GC: 0.9489
Mean Chi^2: 0.9651
Intercept: 1.0136 (0.0108)
Ratio: NA (mean chi^2 < 1)

Genetic Covariance
------------------
Total Observed scale gencov: -0.0703 (0.0798)
Mean z1*z2: -0.002
Intercept: 0.0056 (0.0065)

Genetic Correlation
-------------------
Genetic Correlation: nan (nan) (h2  out of bounds) 
Z-score: nan (nan) (h2  out of bounds)
P: nan (nan) (h2  out of bounds)
WARNING: One of the h2's was out of bounds.
This usually indicates a data-munging error or that h2 or N is low.

Computing rg for phenotype 15/68
Reading summary statistics from ../output_sumstats/output_pmid24816252_phenylalanine_eur.sumstats.gz ...
Read summary statistics for 1217311 SNPs.
After merging with summary statistics, 519249 SNPs remain.
456081 SNPs with valid alleles.

Heritability of phenotype 15/68
-------------------------------
Total Observed scale h2: 0.2648 (0.068)
Lambda GC: 0.818
Mean Chi^2: 0.8222
Intercept: 0.7838 (0.0085)
Ratio: NA (mean chi^2 < 1)

Genetic Covariance
------------------
Total Observed scale gencov: -0.0896 (0.0764)
Mean z1*z2: -0.0061
Intercept: 0.0035 (0.0062)

Genetic Correlation
-------------------
Genetic Correlation: -0.4924 (0.5518)
Z-score: -0.8923
P: 0.3722

Computing rg for phenotype 16/68
Reading summary statistics from ../output_sumstats/output_pmid24816252_proline_eur.sumstats.gz ...
Read summary statistics for 1217311 SNPs.
After merging with summary statistics, 519249 SNPs remain.
456081 SNPs with valid alleles.

Heritability of phenotype 16/68
-------------------------------
Total Observed scale h2: 0.3369 (0.0995)
Lambda GC: 1.0557
Mean Chi^2: 1.0796
Intercept: 1.0299 (0.0103)
Ratio: 0.3759 (0.1298)

Genetic Covariance
------------------
Total Observed scale gencov: 0.1866 (0.0885)
Mean z1*z2: 0.0085
Intercept: -0.012 (0.0076)

Genetic Correlation
-------------------
Genetic Correlation: 0.9091 (0.861)
Z-score: 1.0559
P: 0.291

Computing rg for phenotype 17/68
Reading summary statistics from ../output_sumstats/output_pmid24816252_pyruvate_eur.sumstats.gz ...
Read summary statistics for 1217311 SNPs.
After merging with summary statistics, 519249 SNPs remain.
456081 SNPs with valid alleles.

Heritability of phenotype 17/68
-------------------------------
Total Observed scale h2: 0.2259 (0.0827)
Lambda GC: 1.0135
Mean Chi^2: 1.0176
Intercept: 0.9844 (0.0093)
Ratio < 0 (usually indicates GC correction).

Genetic Covariance
------------------
Total Observed scale gencov: 0.0817 (0.0965)
Mean z1*z2: 0.0162
Intercept: 0.0075 (0.0081)

Genetic Correlation
-------------------
Genetic Correlation: 0.4858 (0.7321)
Z-score: 0.6635
P: 0.507

Computing rg for phenotype 18/68
Reading summary statistics from ../output_sumstats/output_pmid24816252_threonine_eur.sumstats.gz ...
Read summary statistics for 1217311 SNPs.
After merging with summary statistics, 519249 SNPs remain.
456081 SNPs with valid alleles.

Heritability of phenotype 18/68
-------------------------------
Total Observed scale h2: -0.0546 (0.1255)
Lambda GC: 0.9809
Mean Chi^2: 0.9993
Intercept: 1.0057 (0.0106)
Ratio: NA (mean chi^2 < 1)

Genetic Covariance
------------------
Total Observed scale gencov: -0.0558 (0.0986)
Mean z1*z2: 0.0029
Intercept: 0.0081 (0.0076)

Genetic Correlation
-------------------
Genetic Correlation: nan (nan) (h2  out of bounds) 
Z-score: nan (nan) (h2  out of bounds)
P: nan (nan) (h2  out of bounds)
WARNING: One of the h2's was out of bounds.
This usually indicates a data-munging error or that h2 or N is low.

Computing rg for phenotype 19/68
Reading summary statistics from ../output_sumstats/output_pmid24816252_tryptophan_eur.sumstats.gz ...
Read summary statistics for 1217311 SNPs.
After merging with summary statistics, 519249 SNPs remain.
456081 SNPs with valid alleles.

Heritability of phenotype 19/68
-------------------------------
Total Observed scale h2: 0.831 (0.1243)
Lambda GC: 1.0864
Mean Chi^2: 1.1857
Intercept: 1.0608 (0.0128)
Ratio: 0.3274 (0.0688)

Genetic Covariance
------------------
Total Observed scale gencov: 0.0921 (0.0995)
Mean z1*z2: -0.0019
Intercept: -0.012 (0.008)

Genetic Correlation
-------------------
Genetic Correlation: 0.2856 (0.3624)
Z-score: 0.788
P: 0.4307

Computing rg for phenotype 20/68
Reading summary statistics from ../output_sumstats/output_pmid24816252_tyrosine_eur.sumstats.gz ...
Read summary statistics for 1217311 SNPs.
After merging with summary statistics, 519249 SNPs remain.
456081 SNPs with valid alleles.
ERROR computing rg for phenotype 20/68, from file ../output_sumstats/output_pmid24816252_tyrosine_eur.sumstats.gz.
Traceback (most recent call last):
  File "/Users/as/Documents/UNI/Bioinformatik/2023:24_WS/GoBi_Lokal/BlockTeil_Metabolomics/ldsc/ldscore/sumstats.py", line 410, in estimate_rg
    rghat = _rg(loop, args, log, M_annot, ref_ld_cnames, w_ld_cname, i)
  File "/Users/as/Documents/UNI/Bioinformatik/2023:24_WS/GoBi_Lokal/BlockTeil_Metabolomics/ldsc/ldscore/sumstats.py", line 539, in _rg
    intercept_gencov=intercepts[2], n_blocks=n_blocks, twostep=args.two_step)
  File "/Users/as/Documents/UNI/Bioinformatik/2023:24_WS/GoBi_Lokal/BlockTeil_Metabolomics/ldsc/ldscore/regressions.py", line 705, in __init__
    np.multiply(hsq1.tot_delete_values, hsq2.tot_delete_values))
FloatingPointError: invalid value encountered in sqrt


Computing rg for phenotype 21/68
Reading summary statistics from ../output_sumstats/output_pmid24816252_urea_eur.sumstats.gz ...
Read summary statistics for 1217311 SNPs.
After merging with summary statistics, 519249 SNPs remain.
456081 SNPs with valid alleles.

Heritability of phenotype 21/68
-------------------------------
Total Observed scale h2: -0.0264 (0.0837)
Lambda GC: 1.0016
Mean Chi^2: 1.0086
Intercept: 1.0126 (0.0101)
Ratio: 1.4662 (1.1733)

Genetic Covariance
------------------
Total Observed scale gencov: -0.0594 (0.0822)
Mean z1*z2: -0.0081
Intercept: -0.0017 (0.0071)

Genetic Correlation
-------------------
Genetic Correlation: nan (nan) (h2  out of bounds) 
Z-score: nan (nan) (h2  out of bounds)
P: nan (nan) (h2  out of bounds)
WARNING: One of the h2's was out of bounds.
This usually indicates a data-munging error or that h2 or N is low.

Computing rg for phenotype 22/68
Reading summary statistics from ../output_sumstats/output_pmid27386562_MS_eur.sumstats.gz ...
Read summary statistics for 1217311 SNPs.
After merging with summary statistics, 519249 SNPs remain.
507248 SNPs with valid alleles.
ERROR computing rg for phenotype 22/68, from file ../output_sumstats/output_pmid27386562_MS_eur.sumstats.gz.
Traceback (most recent call last):
  File "/Users/as/Documents/UNI/Bioinformatik/2023:24_WS/GoBi_Lokal/BlockTeil_Metabolomics/ldsc/ldscore/sumstats.py", line 410, in estimate_rg
    rghat = _rg(loop, args, log, M_annot, ref_ld_cnames, w_ld_cname, i)
  File "/Users/as/Documents/UNI/Bioinformatik/2023:24_WS/GoBi_Lokal/BlockTeil_Metabolomics/ldsc/ldscore/sumstats.py", line 539, in _rg
    intercept_gencov=intercepts[2], n_blocks=n_blocks, twostep=args.two_step)
  File "/Users/as/Documents/UNI/Bioinformatik/2023:24_WS/GoBi_Lokal/BlockTeil_Metabolomics/ldsc/ldscore/regressions.py", line 705, in __init__
    np.multiply(hsq1.tot_delete_values, hsq2.tot_delete_values))
FloatingPointError: invalid value encountered in sqrt


Computing rg for phenotype 23/68
Reading summary statistics from ../output_sumstats/output_pmid27455348_ALS_eur.sumstats.gz ...
Read summary statistics for 1217311 SNPs.
After merging with summary statistics, 519249 SNPs remain.
514151 SNPs with valid alleles.

Heritability of phenotype 23/68
-------------------------------
Total Observed scale h2: 0.043 (0.0168)
Lambda GC: 1.0285
Mean Chi^2: 1.0276
Intercept: 0.9956 (0.0104)
Ratio < 0 (usually indicates GC correction).

Genetic Covariance
------------------
Total Observed scale gencov: 0.0269 (0.0431)
Mean z1*z2: 0.0049
Intercept: -0.0012 (0.0073)

Genetic Correlation
-------------------
Genetic Correlation: 0.3961 (0.7966)
Z-score: 0.4972
P: 0.6191

Computing rg for phenotype 24/68
Reading summary statistics from ../output_sumstats/output_pmid27989323_CTACK_eur.sumstats.gz ...
Read summary statistics for 1217311 SNPs.
After merging with summary statistics, 519249 SNPs remain.
518320 SNPs with valid alleles.

Heritability of phenotype 24/68
-------------------------------
Total Observed scale h2: 0.3658 (0.1833)
Lambda GC: 1.0046
Mean Chi^2: 1.0201
Intercept: 0.9931 (0.0106)
Ratio < 0 (usually indicates GC correction).

Genetic Covariance
------------------
Total Observed scale gencov: 0.2561 (0.1348)
Mean z1*z2: 0.1784
Intercept: 0.1596 (0.0078)

Genetic Correlation
-------------------
Genetic Correlation: nan (nan) (rg out of bounds) 
Z-score: nan (nan) (rg out of bounds)
P: nan (nan) (rg out of bounds)
WARNING: rg was out of bounds.
This often means that h2 is not significantly different from zero.

Computing rg for phenotype 25/68
Reading summary statistics from ../output_sumstats/output_pmid27989323_GCSF_eur.sumstats.gz ...
Read summary statistics for 1217311 SNPs.
After merging with summary statistics, 519249 SNPs remain.
518117 SNPs with valid alleles.

Heritability of phenotype 25/68
-------------------------------
Total Observed scale h2: 0.0421 (0.0823)
Lambda GC: 1.0405
Mean Chi^2: 1.0186
Intercept: 1.0118 (0.0116)
Ratio: 0.6319 (0.6245)

Genetic Covariance
------------------
Total Observed scale gencov: -0.141 (0.09)
Mean z1*z2: 0.0694
Intercept: 0.0849 (0.0087)

Genetic Correlation
-------------------
Genetic Correlation: nan (nan) (rg out of bounds) 
Z-score: nan (nan) (rg out of bounds)
P: nan (nan) (rg out of bounds)
WARNING: rg was out of bounds.
This often means that h2 is not significantly different from zero.

Computing rg for phenotype 26/68
Reading summary statistics from ../output_sumstats/output_pmid27989323_GROa_eur.sumstats.gz ...
Read summary statistics for 1217311 SNPs.
After merging with summary statistics, 519249 SNPs remain.
61 SNPs with valid alleles.
WARNING: number of SNPs less than 200k; this is almost always bad.

Heritability of phenotype 26/68
-------------------------------
Total Observed scale h2: -44.8133 (20.6729)
Lambda GC: 0.3275
Mean Chi^2: 0.428
Intercept: 1.3839 (0.4791)
Ratio: NA (mean chi^2 < 1)

Genetic Covariance
------------------
Total Observed scale gencov: 4.6671 (34.806)
Mean z1*z2: -0.0028
Intercept: -0.1049 (0.8207)

Genetic Correlation
-------------------
Genetic Correlation: nan (nan) (h2  out of bounds) 
Z-score: nan (nan) (h2  out of bounds)
P: nan (nan) (h2  out of bounds)
WARNING: One of the h2's was out of bounds.
This usually indicates a data-munging error or that h2 or N is low.

Computing rg for phenotype 27/68
Reading summary statistics from ../output_sumstats/output_pmid27989323_HGF_eur.sumstats.gz ...
Read summary statistics for 1217311 SNPs.
After merging with summary statistics, 519249 SNPs remain.
518096 SNPs with valid alleles.

Heritability of phenotype 27/68
-------------------------------
Total Observed scale h2: -0.1007 (0.0849)
Lambda GC: 1.0016
Mean Chi^2: 0.9953
Intercept: 1.0125 (0.0125)
Ratio: NA (mean chi^2 < 1)

Genetic Covariance
------------------
Total Observed scale gencov: -0.0204 (0.0914)
Mean z1*z2: 0.1742
Intercept: 0.1765 (0.0076)

Genetic Correlation
-------------------
Genetic Correlation: nan (nan) (h2  out of bounds) 
Z-score: nan (nan) (h2  out of bounds)
P: nan (nan) (h2  out of bounds)
WARNING: One of the h2's was out of bounds.
This usually indicates a data-munging error or that h2 or N is low.

Computing rg for phenotype 28/68
Reading summary statistics from ../output_sumstats/output_pmid27989323_IFNg_eur.sumstats.gz ...
Read summary statistics for 1217311 SNPs.
After merging with summary statistics, 519249 SNPs remain.
518119 SNPs with valid alleles.

Heritability of phenotype 28/68
-------------------------------
Total Observed scale h2: -0.0531 (0.0874)
Lambda GC: 1.0016
Mean Chi^2: 0.9968
Intercept: 1.0052 (0.01)
Ratio: NA (mean chi^2 < 1)

Genetic Covariance
------------------
Total Observed scale gencov: -0.0177 (0.0959)
Mean z1*z2: 0.0607
Intercept: 0.0626 (0.0076)

Genetic Correlation
-------------------
Genetic Correlation: nan (nan) (h2  out of bounds) 
Z-score: nan (nan) (h2  out of bounds)
P: nan (nan) (h2  out of bounds)
WARNING: One of the h2's was out of bounds.
This usually indicates a data-munging error or that h2 or N is low.

Computing rg for phenotype 29/68
Reading summary statistics from ../output_sumstats/output_pmid27989323_IL10_eur.sumstats.gz ...
Read summary statistics for 1217311 SNPs.
After merging with summary statistics, 519249 SNPs remain.
518142 SNPs with valid alleles.

Heritability of phenotype 29/68
-------------------------------
Total Observed scale h2: -0.1372 (0.1498)
Lambda GC: 1.0105
Mean Chi^2: 1.0267
Intercept: 1.0484 (0.0284)
Ratio: 1.8101 (1.0628)

Genetic Covariance
------------------
Total Observed scale gencov: 0.0139 (0.0929)
Mean z1*z2: 0.073
Intercept: 0.0715 (0.0081)

Genetic Correlation
-------------------
Genetic Correlation: nan (nan) (h2  out of bounds) 
Z-score: nan (nan) (h2  out of bounds)
P: nan (nan) (h2  out of bounds)
WARNING: One of the h2's was out of bounds.
This usually indicates a data-munging error or that h2 or N is low.

Computing rg for phenotype 30/68
Reading summary statistics from ../output_sumstats/output_pmid27989323_IL12p70_eur.sumstats.gz ...
Read summary statistics for 1217311 SNPs.
After merging with summary statistics, 519249 SNPs remain.
518079 SNPs with valid alleles.

Heritability of phenotype 30/68
-------------------------------
Total Observed scale h2: -0.1831 (0.2211)
Lambda GC: 1.0255
Mean Chi^2: 1.0294
Intercept: 1.0606 (0.0489)
Ratio: 2.0573 (1.6624)

Genetic Covariance
------------------
Total Observed scale gencov: -0.0786 (0.0877)
Mean z1*z2: 0.0846
Intercept: 0.0935 (0.0079)

Genetic Correlation
-------------------
Genetic Correlation: nan (nan) (h2  out of bounds) 
Z-score: nan (nan) (h2  out of bounds)
P: nan (nan) (h2  out of bounds)
WARNING: One of the h2's was out of bounds.
This usually indicates a data-munging error or that h2 or N is low.

Computing rg for phenotype 31/68
Reading summary statistics from ../output_sumstats/output_pmid27989323_IL13_eur.sumstats.gz ...
Read summary statistics for 1217311 SNPs.
After merging with summary statistics, 519249 SNPs remain.
518169 SNPs with valid alleles.

Heritability of phenotype 31/68
-------------------------------
Total Observed scale h2: -0.1425 (0.298)
Lambda GC: 1.0016
Mean Chi^2: 1.0067
Intercept: 1.0171 (0.0268)
Ratio: 2.5583 (4.0032)

Genetic Covariance
------------------
Total Observed scale gencov: -0.0561 (0.1322)
Mean z1*z2: 0.0969
Intercept: 0.101 (0.0081)

Genetic Correlation
-------------------
Genetic Correlation: nan (nan) (h2  out of bounds) 
Z-score: nan (nan) (h2  out of bounds)
P: nan (nan) (h2  out of bounds)
WARNING: One of the h2's was out of bounds.
This usually indicates a data-munging error or that h2 or N is low.

Computing rg for phenotype 32/68
Reading summary statistics from ../output_sumstats/output_pmid27989323_IL16_eur.sumstats.gz ...
Read summary statistics for 1217311 SNPs.
After merging with summary statistics, 519249 SNPs remain.
518179 SNPs with valid alleles.

Heritability of phenotype 32/68
-------------------------------
Total Observed scale h2: -0.031 (0.1991)
Lambda GC: 0.978
Mean Chi^2: 0.9845
Intercept: 0.9868 (0.0105)
Ratio: NA (mean chi^2 < 1)

Genetic Covariance
------------------
Total Observed scale gencov: -0.1102 (0.1242)
Mean z1*z2: 0.1328
Intercept: 0.1409 (0.007)

Genetic Correlation
-------------------
Genetic Correlation: nan (nan) (h2  out of bounds) 
Z-score: nan (nan) (h2  out of bounds)
P: nan (nan) (h2  out of bounds)
WARNING: One of the h2's was out of bounds.
This usually indicates a data-munging error or that h2 or N is low.

Computing rg for phenotype 33/68
Reading summary statistics from ../output_sumstats/output_pmid27989323_IL17_eur.sumstats.gz ...
Read summary statistics for 1217311 SNPs.
After merging with summary statistics, 519249 SNPs remain.
2109 SNPs with valid alleles.
WARNING: number of SNPs less than 200k; this is almost always bad.

Heritability of phenotype 33/68
-------------------------------
Total Observed scale h2: -3.4522 (1.373)
Lambda GC: 1.1428
Mean Chi^2: 1.2054
Intercept: 1.4988 (0.1376)
Ratio: 2.4282 (0.6697)

Genetic Covariance
------------------
Total Observed scale gencov: -1.133 (1.4645)
Mean z1*z2: 0.0567
Intercept: 0.1209 (0.0782)

Genetic Correlation
-------------------
Genetic Correlation: nan (nan) (h2  out of bounds) 
Z-score: nan (nan) (h2  out of bounds)
P: nan (nan) (h2  out of bounds)
WARNING: One of the h2's was out of bounds.
This usually indicates a data-munging error or that h2 or N is low.

Computing rg for phenotype 34/68
Reading summary statistics from ../output_sumstats/output_pmid27989323_IL18_eur.sumstats.gz ...
Read summary statistics for 1217311 SNPs.
After merging with summary statistics, 519249 SNPs remain.
388702 SNPs with valid alleles.
ERROR computing rg for phenotype 34/68, from file ../output_sumstats/output_pmid27989323_IL18_eur.sumstats.gz.
Traceback (most recent call last):
  File "/Users/as/Documents/UNI/Bioinformatik/2023:24_WS/GoBi_Lokal/BlockTeil_Metabolomics/ldsc/ldscore/sumstats.py", line 410, in estimate_rg
    rghat = _rg(loop, args, log, M_annot, ref_ld_cnames, w_ld_cname, i)
  File "/Users/as/Documents/UNI/Bioinformatik/2023:24_WS/GoBi_Lokal/BlockTeil_Metabolomics/ldsc/ldscore/sumstats.py", line 539, in _rg
    intercept_gencov=intercepts[2], n_blocks=n_blocks, twostep=args.two_step)
  File "/Users/as/Documents/UNI/Bioinformatik/2023:24_WS/GoBi_Lokal/BlockTeil_Metabolomics/ldsc/ldscore/regressions.py", line 705, in __init__
    np.multiply(hsq1.tot_delete_values, hsq2.tot_delete_values))
FloatingPointError: invalid value encountered in sqrt


Computing rg for phenotype 35/68
Reading summary statistics from ../output_sumstats/output_pmid27989323_IL1ra_eur.sumstats.gz ...
Read summary statistics for 1217311 SNPs.
After merging with summary statistics, 519249 SNPs remain.
518314 SNPs with valid alleles.

Heritability of phenotype 35/68
-------------------------------
Total Observed scale h2: 0.1358 (0.1868)
Lambda GC: 1.0016
Mean Chi^2: 0.9926
Intercept: 0.9827 (0.0109)
Ratio: NA (mean chi^2 < 1)

Genetic Covariance
------------------
Total Observed scale gencov: 0.2267 (0.1268)
Mean z1*z2: 0.0818
Intercept: 0.0647 (0.0068)

Genetic Correlation
-------------------
Genetic Correlation: nan (nan) (rg out of bounds) 
Z-score: nan (nan) (rg out of bounds)
P: nan (nan) (rg out of bounds)
WARNING: rg was out of bounds.
This often means that h2 is not significantly different from zero.

Computing rg for phenotype 36/68
Reading summary statistics from ../output_sumstats/output_pmid27989323_IL2_eur.sumstats.gz ...
Read summary statistics for 1217311 SNPs.
After merging with summary statistics, 519249 SNPs remain.
518030 SNPs with valid alleles.

Heritability of phenotype 36/68
-------------------------------
Total Observed scale h2: -0.1303 (0.1788)
Lambda GC: 0.9898
Mean Chi^2: 0.9908
Intercept: 1.0001 (0.0101)
Ratio: NA (mean chi^2 < 1)

Genetic Covariance
------------------
Total Observed scale gencov: 0.0931 (0.1277)
Mean z1*z2: 0.1047
Intercept: 0.0979 (0.0072)

Genetic Correlation
-------------------
Genetic Correlation: nan (nan) (h2  out of bounds) 
Z-score: nan (nan) (h2  out of bounds)
P: nan (nan) (h2  out of bounds)
WARNING: One of the h2's was out of bounds.
This usually indicates a data-munging error or that h2 or N is low.

Computing rg for phenotype 37/68
Reading summary statistics from ../output_sumstats/output_pmid27989323_IL2ra_eur.sumstats.gz ...
Read summary statistics for 1217311 SNPs.
After merging with summary statistics, 519249 SNPs remain.
518298 SNPs with valid alleles.

Heritability of phenotype 37/68
-------------------------------
Total Observed scale h2: -0.095 (0.1847)
Lambda GC: 1.0046
Mean Chi^2: 1.
Intercept: 1.0072 (0.0108)
Ratio: 849.4271 (1276.1246)

Genetic Covariance
------------------
Total Observed scale gencov: -0.074 (0.1176)
Mean z1*z2: 0.1394
Intercept: 0.145 (0.0078)

Genetic Correlation
-------------------
Genetic Correlation: nan (nan) (h2  out of bounds) 
Z-score: nan (nan) (h2  out of bounds)
P: nan (nan) (h2  out of bounds)
WARNING: One of the h2's was out of bounds.
This usually indicates a data-munging error or that h2 or N is low.

Computing rg for phenotype 38/68
Reading summary statistics from ../output_sumstats/output_pmid27989323_IL4_eur.sumstats.gz ...
Read summary statistics for 1217311 SNPs.
After merging with summary statistics, 519249 SNPs remain.
518044 SNPs with valid alleles.

Heritability of phenotype 38/68
-------------------------------
Total Observed scale h2: -0.0764 (0.082)
Lambda GC: 1.0135
Mean Chi^2: 1.0057
Intercept: 1.0184 (0.0112)
Ratio: 3.2506 (1.979)

Genetic Covariance
------------------
Total Observed scale gencov: -0.1384 (0.0858)
Mean z1*z2: 0.0776
Intercept: 0.0931 (0.0076)

Genetic Correlation
-------------------
Genetic Correlation: nan (nan) (h2  out of bounds) 
Z-score: nan (nan) (h2  out of bounds)
P: nan (nan) (h2  out of bounds)
WARNING: One of the h2's was out of bounds.
This usually indicates a data-munging error or that h2 or N is low.

Computing rg for phenotype 39/68
Reading summary statistics from ../output_sumstats/output_pmid27989323_IL5_eur.sumstats.gz ...
Read summary statistics for 1217311 SNPs.
After merging with summary statistics, 519249 SNPs remain.
517668 SNPs with valid alleles.

Heritability of phenotype 39/68
-------------------------------
Total Observed scale h2: -0.1101 (0.2076)
Lambda GC: 0.9986
Mean Chi^2: 0.9995
Intercept: 1.0071 (0.0119)
Ratio: NA (mean chi^2 < 1)

Genetic Covariance
------------------
Total Observed scale gencov: -0.1208 (0.1434)
Mean z1*z2: 0.0969
Intercept: 0.1056 (0.0078)

Genetic Correlation
-------------------
Genetic Correlation: nan (nan) (h2  out of bounds) 
Z-score: nan (nan) (h2  out of bounds)
P: nan (nan) (h2  out of bounds)
WARNING: One of the h2's was out of bounds.
This usually indicates a data-munging error or that h2 or N is low.

Computing rg for phenotype 40/68
Reading summary statistics from ../output_sumstats/output_pmid27989323_IL6_eur.sumstats.gz ...
Read summary statistics for 1217311 SNPs.
After merging with summary statistics, 519249 SNPs remain.
518185 SNPs with valid alleles.

Heritability of phenotype 40/68
-------------------------------
Total Observed scale h2: -0.0534 (0.0849)
Lambda GC: 1.0105
Mean Chi^2: 1.0048
Intercept: 1.0138 (0.0103)
Ratio: 2.8531 (2.1189)

Genetic Covariance
------------------
Total Observed scale gencov: -0.0527 (0.0918)
Mean z1*z2: 0.0622
Intercept: 0.0682 (0.0079)

Genetic Correlation
-------------------
Genetic Correlation: nan (nan) (h2  out of bounds) 
Z-score: nan (nan) (h2  out of bounds)
P: nan (nan) (h2  out of bounds)
WARNING: One of the h2's was out of bounds.
This usually indicates a data-munging error or that h2 or N is low.

Computing rg for phenotype 41/68
Reading summary statistics from ../output_sumstats/output_pmid27989323_IL7_eur.sumstats.gz ...
Read summary statistics for 1217311 SNPs.
After merging with summary statistics, 519249 SNPs remain.
518366 SNPs with valid alleles.

Heritability of phenotype 41/68
-------------------------------
Total Observed scale h2: 0.1089 (0.2422)
Lambda GC: 1.0075
Mean Chi^2: 1.012
Intercept: 1.0042 (0.0174)
Ratio: 0.3547 (1.4543)

Genetic Covariance
------------------
Total Observed scale gencov: -0.016 (0.1306)
Mean z1*z2: 0.109
Intercept: 0.11 (0.0072)

Genetic Correlation
-------------------
Genetic Correlation: -0.159 (1.5743)
Z-score: -0.101
P: 0.9195

Computing rg for phenotype 42/68
Reading summary statistics from ../output_sumstats/output_pmid27989323_IL8_eur.sumstats.gz ...
Read summary statistics for 1217311 SNPs.
After merging with summary statistics, 519249 SNPs remain.
518015 SNPs with valid alleles.
ERROR computing rg for phenotype 42/68, from file ../output_sumstats/output_pmid27989323_IL8_eur.sumstats.gz.
Traceback (most recent call last):
  File "/Users/as/Documents/UNI/Bioinformatik/2023:24_WS/GoBi_Lokal/BlockTeil_Metabolomics/ldsc/ldscore/sumstats.py", line 410, in estimate_rg
    rghat = _rg(loop, args, log, M_annot, ref_ld_cnames, w_ld_cname, i)
  File "/Users/as/Documents/UNI/Bioinformatik/2023:24_WS/GoBi_Lokal/BlockTeil_Metabolomics/ldsc/ldscore/sumstats.py", line 539, in _rg
    intercept_gencov=intercepts[2], n_blocks=n_blocks, twostep=args.two_step)
  File "/Users/as/Documents/UNI/Bioinformatik/2023:24_WS/GoBi_Lokal/BlockTeil_Metabolomics/ldsc/ldscore/regressions.py", line 705, in __init__
    np.multiply(hsq1.tot_delete_values, hsq2.tot_delete_values))
FloatingPointError: invalid value encountered in sqrt


Computing rg for phenotype 43/68
Reading summary statistics from ../output_sumstats/output_pmid27989323_IL9_eur.sumstats.gz ...
Read summary statistics for 1217311 SNPs.
After merging with summary statistics, 519249 SNPs remain.
518302 SNPs with valid alleles.

Heritability of phenotype 43/68
-------------------------------
Total Observed scale h2: -0.113 (0.1827)
Lambda GC: 1.0046
Mean Chi^2: 0.9877
Intercept: 0.9961 (0.0109)
Ratio: NA (mean chi^2 < 1)

Genetic Covariance
------------------
Total Observed scale gencov: -0.0805 (0.1432)
Mean z1*z2: 0.1029
Intercept: 0.1089 (0.008)

Genetic Correlation
-------------------
Genetic Correlation: nan (nan) (h2  out of bounds) 
Z-score: nan (nan) (h2  out of bounds)
P: nan (nan) (h2  out of bounds)
WARNING: One of the h2's was out of bounds.
This usually indicates a data-munging error or that h2 or N is low.

Computing rg for phenotype 44/68
Reading summary statistics from ../output_sumstats/output_pmid27989323_MCP1_eur.sumstats.gz ...
Read summary statistics for 1217311 SNPs.
After merging with summary statistics, 519249 SNPs remain.
518169 SNPs with valid alleles.

Heritability of phenotype 44/68
-------------------------------
Total Observed scale h2: 0.3187 (0.154)
Lambda GC: 1.0105
Mean Chi^2: 1.0415
Intercept: 0.987 (0.0137)
Ratio < 0 (usually indicates GC correction).

Genetic Covariance
------------------
Total Observed scale gencov: 0.0372 (0.0919)
Mean z1*z2: 0.1094
Intercept: 0.1055 (0.0075)

Genetic Correlation
-------------------
Genetic Correlation: 0.2136 (0.5282)
Z-score: 0.4043
P: 0.686

Computing rg for phenotype 45/68
Reading summary statistics from ../output_sumstats/output_pmid27989323_MCP3_eur.sumstats.gz ...
Read summary statistics for 1217311 SNPs.
After merging with summary statistics, 519249 SNPs remain.
501327 SNPs with valid alleles.

Heritability of phenotype 45/68
-------------------------------
Total Observed scale h2: 0.1607 (0.8165)
Lambda GC: 1.0225
Mean Chi^2: 1.0182
Intercept: 1.0153 (0.0115)
Ratio: 0.843 (0.6355)

Genetic Covariance
------------------
Total Observed scale gencov: -0.0426 (0.2785)
Mean z1*z2: -0.0083
Intercept: -0.0067 (0.0092)

Genetic Correlation
-------------------
Genetic Correlation: -0.4391 (6.6797)
Z-score: -0.0657
P: 0.9476

Computing rg for phenotype 46/68
Reading summary statistics from ../output_sumstats/output_pmid27989323_MCSF_eur.sumstats.gz ...
Read summary statistics for 1217311 SNPs.
After merging with summary statistics, 519249 SNPs remain.
516469 SNPs with valid alleles.

Heritability of phenotype 46/68
-------------------------------
Total Observed scale h2: 0.363 (0.8057)
Lambda GC: 0.9927
Mean Chi^2: 0.9912
Intercept: 0.9849 (0.0114)
Ratio: NA (mean chi^2 < 1)

Genetic Covariance
------------------
Total Observed scale gencov: -0.2848 (0.2766)
Mean z1*z2: 0.1061
Intercept: 0.1165 (0.008)

Genetic Correlation
-------------------
Genetic Correlation: nan (nan) (rg out of bounds) 
Z-score: nan (nan) (rg out of bounds)
P: nan (nan) (rg out of bounds)
WARNING: rg was out of bounds.
This often means that h2 is not significantly different from zero.

Computing rg for phenotype 47/68
Reading summary statistics from ../output_sumstats/output_pmid27989323_MIF_eur.sumstats.gz ...
Read summary statistics for 1217311 SNPs.
After merging with summary statistics, 519249 SNPs remain.
518217 SNPs with valid alleles.
ERROR computing rg for phenotype 47/68, from file ../output_sumstats/output_pmid27989323_MIF_eur.sumstats.gz.
Traceback (most recent call last):
  File "/Users/as/Documents/UNI/Bioinformatik/2023:24_WS/GoBi_Lokal/BlockTeil_Metabolomics/ldsc/ldscore/sumstats.py", line 410, in estimate_rg
    rghat = _rg(loop, args, log, M_annot, ref_ld_cnames, w_ld_cname, i)
  File "/Users/as/Documents/UNI/Bioinformatik/2023:24_WS/GoBi_Lokal/BlockTeil_Metabolomics/ldsc/ldscore/sumstats.py", line 539, in _rg
    intercept_gencov=intercepts[2], n_blocks=n_blocks, twostep=args.two_step)
  File "/Users/as/Documents/UNI/Bioinformatik/2023:24_WS/GoBi_Lokal/BlockTeil_Metabolomics/ldsc/ldscore/regressions.py", line 705, in __init__
    np.multiply(hsq1.tot_delete_values, hsq2.tot_delete_values))
FloatingPointError: invalid value encountered in sqrt


Computing rg for phenotype 48/68
Reading summary statistics from ../output_sumstats/output_pmid27989323_MIG_eur.sumstats.gz ...
Read summary statistics for 1217311 SNPs.
After merging with summary statistics, 519249 SNPs remain.
518299 SNPs with valid alleles.

Heritability of phenotype 48/68
-------------------------------
Total Observed scale h2: -0.3456 (0.1632)
Lambda GC: 1.0195
Mean Chi^2: 1.0123
Intercept: 1.0384 (0.0095)
Ratio: 3.1362 (0.7779)

Genetic Covariance
------------------
Total Observed scale gencov: -0.1697 (0.1285)
Mean z1*z2: 0.1554
Intercept: 0.1682 (0.0078)

Genetic Correlation
-------------------
Genetic Correlation: nan (nan) (h2  out of bounds) 
Z-score: nan (nan) (h2  out of bounds)
P: nan (nan) (h2  out of bounds)
WARNING: One of the h2's was out of bounds.
This usually indicates a data-munging error or that h2 or N is low.

Computing rg for phenotype 49/68
Reading summary statistics from ../output_sumstats/output_pmid27989323_MIP1a_eur.sumstats.gz ...
Read summary statistics for 1217311 SNPs.
After merging with summary statistics, 519249 SNPs remain.
518006 SNPs with valid alleles.

Heritability of phenotype 49/68
-------------------------------
Total Observed scale h2: -0.0763 (0.2037)
Lambda GC: 0.9839
Mean Chi^2: 0.9888
Intercept: 0.9943 (0.0112)
Ratio: NA (mean chi^2 < 1)

Genetic Covariance
------------------
Total Observed scale gencov: 0.1031 (0.1211)
Mean z1*z2: 0.0981
Intercept: 0.0904 (0.0075)

Genetic Correlation
-------------------
Genetic Correlation: nan (nan) (h2  out of bounds) 
Z-score: nan (nan) (h2  out of bounds)
P: nan (nan) (h2  out of bounds)
WARNING: One of the h2's was out of bounds.
This usually indicates a data-munging error or that h2 or N is low.

Computing rg for phenotype 50/68
Reading summary statistics from ../output_sumstats/output_pmid27989323_MIP1b_eur.sumstats.gz ...
Read summary statistics for 1217311 SNPs.
After merging with summary statistics, 519249 SNPs remain.
518107 SNPs with valid alleles.
ERROR computing rg for phenotype 50/68, from file ../output_sumstats/output_pmid27989323_MIP1b_eur.sumstats.gz.
Traceback (most recent call last):
  File "/Users/as/Documents/UNI/Bioinformatik/2023:24_WS/GoBi_Lokal/BlockTeil_Metabolomics/ldsc/ldscore/sumstats.py", line 410, in estimate_rg
    rghat = _rg(loop, args, log, M_annot, ref_ld_cnames, w_ld_cname, i)
  File "/Users/as/Documents/UNI/Bioinformatik/2023:24_WS/GoBi_Lokal/BlockTeil_Metabolomics/ldsc/ldscore/sumstats.py", line 539, in _rg
    intercept_gencov=intercepts[2], n_blocks=n_blocks, twostep=args.two_step)
  File "/Users/as/Documents/UNI/Bioinformatik/2023:24_WS/GoBi_Lokal/BlockTeil_Metabolomics/ldsc/ldscore/regressions.py", line 705, in __init__
    np.multiply(hsq1.tot_delete_values, hsq2.tot_delete_values))
FloatingPointError: invalid value encountered in sqrt


Computing rg for phenotype 51/68
Reading summary statistics from ../output_sumstats/output_pmid27989323_PDGFbb_eur.sumstats.gz ...
Read summary statistics for 1217311 SNPs.
After merging with summary statistics, 519249 SNPs remain.
518167 SNPs with valid alleles.

Heritability of phenotype 51/68
-------------------------------
Total Observed scale h2: -0.0479 (0.0806)
Lambda GC: 1.0345
Mean Chi^2: 1.0306
Intercept: 1.0387 (0.0119)
Ratio: 1.2673 (0.3885)

Genetic Covariance
------------------
Total Observed scale gencov: -0.0678 (0.0923)
Mean z1*z2: 0.1153
Intercept: 0.123 (0.0081)

Genetic Correlation
-------------------
Genetic Correlation: nan (nan) (h2  out of bounds) 
Z-score: nan (nan) (h2  out of bounds)
P: nan (nan) (h2  out of bounds)
WARNING: One of the h2's was out of bounds.
This usually indicates a data-munging error or that h2 or N is low.

Computing rg for phenotype 52/68
Reading summary statistics from ../output_sumstats/output_pmid27989323_RANTES_eur.sumstats.gz ...
Read summary statistics for 1217311 SNPs.
After merging with summary statistics, 519249 SNPs remain.
518161 SNPs with valid alleles.
ERROR computing rg for phenotype 52/68, from file ../output_sumstats/output_pmid27989323_RANTES_eur.sumstats.gz.
Traceback (most recent call last):
  File "/Users/as/Documents/UNI/Bioinformatik/2023:24_WS/GoBi_Lokal/BlockTeil_Metabolomics/ldsc/ldscore/sumstats.py", line 410, in estimate_rg
    rghat = _rg(loop, args, log, M_annot, ref_ld_cnames, w_ld_cname, i)
  File "/Users/as/Documents/UNI/Bioinformatik/2023:24_WS/GoBi_Lokal/BlockTeil_Metabolomics/ldsc/ldscore/sumstats.py", line 539, in _rg
    intercept_gencov=intercepts[2], n_blocks=n_blocks, twostep=args.two_step)
  File "/Users/as/Documents/UNI/Bioinformatik/2023:24_WS/GoBi_Lokal/BlockTeil_Metabolomics/ldsc/ldscore/regressions.py", line 705, in __init__
    np.multiply(hsq1.tot_delete_values, hsq2.tot_delete_values))
FloatingPointError: invalid value encountered in sqrt


Computing rg for phenotype 53/68
Reading summary statistics from ../output_sumstats/output_pmid27989323_SCF_eur.sumstats.gz ...
Read summary statistics for 1217311 SNPs.
After merging with summary statistics, 519249 SNPs remain.
518023 SNPs with valid alleles.

Heritability of phenotype 53/68
-------------------------------
Total Observed scale h2: -0.115 (0.0878)
Lambda GC: 0.9839
Mean Chi^2: 0.9922
Intercept: 1.0118 (0.0098)
Ratio: NA (mean chi^2 < 1)

Genetic Covariance
------------------
Total Observed scale gencov: 0.0436 (0.0998)
Mean z1*z2: 0.0983
Intercept: 0.0933 (0.008)

Genetic Correlation
-------------------
Genetic Correlation: nan (nan) (h2  out of bounds) 
Z-score: nan (nan) (h2  out of bounds)
P: nan (nan) (h2  out of bounds)
WARNING: One of the h2's was out of bounds.
This usually indicates a data-munging error or that h2 or N is low.

Computing rg for phenotype 54/68
Reading summary statistics from ../output_sumstats/output_pmid27989323_SDF1_eur.sumstats.gz ...
Read summary statistics for 1217311 SNPs.
After merging with summary statistics, 519249 SNPs remain.
518016 SNPs with valid alleles.

Heritability of phenotype 54/68
-------------------------------
Total Observed scale h2: -0.1408 (0.1118)
Lambda GC: 0.9957
Mean Chi^2: 1.0037
Intercept: 1.0211 (0.0116)
Ratio: 5.6605 (3.1226)

Genetic Covariance
------------------
Total Observed scale gencov: -0.1643 (0.1078)
Mean z1*z2: 0.0503
Intercept: 0.0662 (0.0079)

Genetic Correlation
-------------------
Genetic Correlation: nan (nan) (h2  out of bounds) 
Z-score: nan (nan) (h2  out of bounds)
P: nan (nan) (h2  out of bounds)
WARNING: One of the h2's was out of bounds.
This usually indicates a data-munging error or that h2 or N is low.

Computing rg for phenotype 55/68
Reading summary statistics from ../output_sumstats/output_pmid27989323_TNFa_eur.sumstats.gz ...
Read summary statistics for 1217311 SNPs.
After merging with summary statistics, 519249 SNPs remain.
518070 SNPs with valid alleles.

Heritability of phenotype 55/68
-------------------------------
Total Observed scale h2: 0.0773 (0.1962)
Lambda GC: 0.978
Mean Chi^2: 0.9897
Intercept: 0.9843 (0.0102)
Ratio: NA (mean chi^2 < 1)

Genetic Covariance
------------------
Total Observed scale gencov: 0.0244 (0.1274)
Mean z1*z2: 0.1102
Intercept: 0.1083 (0.0068)

Genetic Correlation
-------------------
Genetic Correlation: 0.2715 (1.4734)
Z-score: 0.1842
P: 0.8538

Computing rg for phenotype 56/68
Reading summary statistics from ../output_sumstats/output_pmid27989323_TNFb_eur.sumstats.gz ...
Read summary statistics for 1217311 SNPs.
After merging with summary statistics, 519249 SNPs remain.
466783 SNPs with valid alleles.

Heritability of phenotype 56/68
-------------------------------
Total Observed scale h2: -0.3533 (0.3842)
Lambda GC: 0.9986
Mean Chi^2: 0.9827
Intercept: 0.9946 (0.0109)
Ratio: NA (mean chi^2 < 1)

Genetic Covariance
------------------
Total Observed scale gencov: -0.0865 (0.2077)
Mean z1*z2: 0.0516
Intercept: 0.0561 (0.0104)

Genetic Correlation
-------------------
Genetic Correlation: nan (nan) (h2  out of bounds) 
Z-score: nan (nan) (h2  out of bounds)
P: nan (nan) (h2  out of bounds)
WARNING: One of the h2's was out of bounds.
This usually indicates a data-munging error or that h2 or N is low.

Computing rg for phenotype 57/68
Reading summary statistics from ../output_sumstats/output_pmid27989323_TRAIL_eur.sumstats.gz ...
Read summary statistics for 1217311 SNPs.
After merging with summary statistics, 519249 SNPs remain.
518080 SNPs with valid alleles.

Heritability of phenotype 57/68
-------------------------------
Total Observed scale h2: -0.0358 (0.0806)
Lambda GC: 1.0285
Mean Chi^2: 1.011
Intercept: 1.0171 (0.0125)
Ratio: 1.5456 (1.1301)

Genetic Covariance
------------------
Total Observed scale gencov: -0.1159 (0.0892)
Mean z1*z2: 0.0227
Intercept: 0.0357 (0.0071)

Genetic Correlation
-------------------
Genetic Correlation: nan (nan) (h2  out of bounds) 
Z-score: nan (nan) (h2  out of bounds)
P: nan (nan) (h2  out of bounds)
WARNING: One of the h2's was out of bounds.
This usually indicates a data-munging error or that h2 or N is low.

Computing rg for phenotype 58/68
Reading summary statistics from ../output_sumstats/output_pmid27989323_bNGF_eur.sumstats.gz ...
Read summary statistics for 1217311 SNPs.
After merging with summary statistics, 519249 SNPs remain.
518111 SNPs with valid alleles.

Heritability of phenotype 58/68
-------------------------------
Total Observed scale h2: 0.0825 (0.191)
Lambda GC: 1.0165
Mean Chi^2: 1.0117
Intercept: 1.0059 (0.0108)
Ratio: 0.499 (0.9175)

Genetic Covariance
------------------
Total Observed scale gencov: -0.0119 (0.1422)
Mean z1*z2: 0.2015
Intercept: 0.2023 (0.0079)

Genetic Correlation
-------------------
Genetic Correlation: -0.1304 (1.9135)
Z-score: -0.0681
P: 0.9457

Computing rg for phenotype 59/68
Reading summary statistics from ../output_sumstats/output_pmid27989323_eotaxin_eur.sumstats.gz ...
Read summary statistics for 1217311 SNPs.
After merging with summary statistics, 519249 SNPs remain.
518061 SNPs with valid alleles.

Heritability of phenotype 59/68
-------------------------------
Total Observed scale h2: 0.0766 (0.1068)
Lambda GC: 1.0165
Mean Chi^2: 1.0252
Intercept: 1.0126 (0.0114)
Ratio: 0.4999 (0.4519)

Genetic Covariance
------------------
Total Observed scale gencov: -0.103 (0.0917)
Mean z1*z2: 0.0361
Intercept: 0.0477 (0.0076)

Genetic Correlation
-------------------
Genetic Correlation: nan (nan) (rg out of bounds) 
Z-score: nan (nan) (rg out of bounds)
P: nan (nan) (rg out of bounds)
WARNING: rg was out of bounds.
This often means that h2 is not significantly different from zero.

Computing rg for phenotype 60/68
Reading summary statistics from ../output_sumstats/output_pmid27989323_ip10_eur.sumstats.gz ...
Read summary statistics for 1217311 SNPs.
After merging with summary statistics, 519249 SNPs remain.
518299 SNPs with valid alleles.

Heritability of phenotype 60/68
-------------------------------
Total Observed scale h2: -0.0598 (0.1816)
Lambda GC: 1.0135
Mean Chi^2: 1.0126
Intercept: 1.0171 (0.0111)
Ratio: 1.3591 (0.878)

Genetic Covariance
------------------
Total Observed scale gencov: -0.1518 (0.1264)
Mean z1*z2: 0.1404
Intercept: 0.1519 (0.0084)

Genetic Correlation
-------------------
Genetic Correlation: nan (nan) (h2  out of bounds) 
Z-score: nan (nan) (h2  out of bounds)
P: nan (nan) (h2  out of bounds)
WARNING: One of the h2's was out of bounds.
This usually indicates a data-munging error or that h2 or N is low.

Computing rg for phenotype 61/68
Reading summary statistics from ../output_sumstats/output_pmid29566793_ALS_eur.sumstats.gz ...
Read summary statistics for 1217311 SNPs.
After merging with summary statistics, 519249 SNPs remain.
516918 SNPs with valid alleles.

Heritability of phenotype 61/68
-------------------------------
Total Observed scale h2: 0.0284 (0.0094)
Lambda GC: 1.0496
Mean Chi^2: 1.0713
Intercept: 1.0232 (0.0115)
Ratio: 0.3247 (0.1615)

Genetic Covariance
------------------
Total Observed scale gencov: 0.0252 (0.0325)
Mean z1*z2: 0.0024
Intercept: -0.006 (0.0073)

Genetic Correlation
-------------------
Genetic Correlation: 0.4786 (0.9067)
Z-score: 0.5279
P: 0.5976

Computing rg for phenotype 62/68
Reading summary statistics from ../output_sumstats/output_pmid29632382_T2d-BMIadj_eur.sumstats.gz ...
Read summary statistics for 1217311 SNPs.
After merging with summary statistics, 519249 SNPs remain.
11127 SNPs with valid alleles.
WARNING: number of SNPs less than 200k; this is almost always bad.

Heritability of phenotype 62/68
-------------------------------
Total Observed scale h2: 0.0892 (0.028)
Lambda GC: 1.1715
Mean Chi^2: 1.6915
Intercept: 0.9006 (0.1174)
Ratio < 0 (usually indicates GC correction).

Genetic Covariance
------------------
Total Observed scale gencov: -0.0766 (0.044)
Mean z1*z2: 0.0033
Intercept: 0.0576 (0.0312)

Genetic Correlation
-------------------
Genetic Correlation: nan (nan) (h2  out of bounds) 
Z-score: nan (nan) (h2  out of bounds)
P: nan (nan) (h2  out of bounds)
WARNING: One of the h2's was out of bounds.
This usually indicates a data-munging error or that h2 or N is low.

Computing rg for phenotype 63/68
Reading summary statistics from ../output_sumstats/output_pmid30054458_T2d_eur.sumstats.gz ...
Read summary statistics for 1217311 SNPs.
After merging with summary statistics, 519249 SNPs remain.
454612 SNPs with valid alleles.

Heritability of phenotype 63/68
-------------------------------
Total Observed scale h2: 0.0502 (0.0044)
Lambda GC: 1.4781
Mean Chi^2: 1.7057
Intercept: 0.9946 (0.0279)
Ratio < 0 (usually indicates GC correction).

Genetic Covariance
------------------
Total Observed scale gencov: -0.0081 (0.0151)
Mean z1*z2: 0.0001
Intercept: 0.01 (0.0113)

Genetic Correlation
-------------------
Genetic Correlation: nan (nan) (h2  out of bounds) 
Z-score: nan (nan) (h2  out of bounds)
P: nan (nan) (h2  out of bounds)
WARNING: One of the h2's was out of bounds.
This usually indicates a data-munging error or that h2 or N is low.

Computing rg for phenotype 64/68
Reading summary statistics from ../output_sumstats/output_pmid33111402_PD_eur.sumstats.gz ...
Read summary statistics for 1217311 SNPs.
After merging with summary statistics, 519249 SNPs remain.
1271 SNPs with valid alleles.
WARNING: number of SNPs less than 200k; this is almost always bad.
ERROR computing rg for phenotype 64/68, from file ../output_sumstats/output_pmid33111402_PD_eur.sumstats.gz.
Traceback (most recent call last):
  File "/Users/as/Documents/UNI/Bioinformatik/2023:24_WS/GoBi_Lokal/BlockTeil_Metabolomics/ldsc/ldscore/sumstats.py", line 410, in estimate_rg
    rghat = _rg(loop, args, log, M_annot, ref_ld_cnames, w_ld_cname, i)
  File "/Users/as/Documents/UNI/Bioinformatik/2023:24_WS/GoBi_Lokal/BlockTeil_Metabolomics/ldsc/ldscore/sumstats.py", line 539, in _rg
    intercept_gencov=intercepts[2], n_blocks=n_blocks, twostep=args.two_step)
  File "/Users/as/Documents/UNI/Bioinformatik/2023:24_WS/GoBi_Lokal/BlockTeil_Metabolomics/ldsc/ldscore/regressions.py", line 705, in __init__
    np.multiply(hsq1.tot_delete_values, hsq2.tot_delete_values))
FloatingPointError: invalid value encountered in sqrt


Computing rg for phenotype 65/68
Reading summary statistics from ../output_sumstats/output_pmid33310728_RA_eur.sumstats.gz ...
Read summary statistics for 1217311 SNPs.
After merging with summary statistics, 519249 SNPs remain.
515409 SNPs with valid alleles.

Heritability of phenotype 65/68
-------------------------------
Total Observed scale h2: 0.0378 (0.0075)
Lambda GC: 1.0864
Mean Chi^2: 1.2267
Intercept: 0.983 (0.0214)
Ratio < 0 (usually indicates GC correction).

Genetic Covariance
------------------
Total Observed scale gencov: 0.037 (0.0151)
Mean z1*z2: 0.0142
Intercept: -0.0117 (0.0074)

Genetic Correlation
-------------------
Genetic Correlation: 0.6381 (0.8065)
Z-score: 0.7912
P: 0.4288

Computing rg for phenotype 66/68
Reading summary statistics from ../output_sumstats/output_pmid33589841_LBD_eur.sumstats.gz ...
Read summary statistics for 1217311 SNPs.
After merging with summary statistics, 519249 SNPs remain.
474986 SNPs with valid alleles.
ERROR computing rg for phenotype 66/68, from file ../output_sumstats/output_pmid33589841_LBD_eur.sumstats.gz.
Traceback (most recent call last):
  File "/Users/as/Documents/UNI/Bioinformatik/2023:24_WS/GoBi_Lokal/BlockTeil_Metabolomics/ldsc/ldscore/sumstats.py", line 410, in estimate_rg
    rghat = _rg(loop, args, log, M_annot, ref_ld_cnames, w_ld_cname, i)
  File "/Users/as/Documents/UNI/Bioinformatik/2023:24_WS/GoBi_Lokal/BlockTeil_Metabolomics/ldsc/ldscore/sumstats.py", line 539, in _rg
    intercept_gencov=intercepts[2], n_blocks=n_blocks, twostep=args.two_step)
  File "/Users/as/Documents/UNI/Bioinformatik/2023:24_WS/GoBi_Lokal/BlockTeil_Metabolomics/ldsc/ldscore/regressions.py", line 705, in __init__
    np.multiply(hsq1.tot_delete_values, hsq2.tot_delete_values))
FloatingPointError: invalid value encountered in sqrt


Computing rg for phenotype 67/68
Reading summary statistics from ../output_sumstats/output_pmid33987465_PD_eur.sumstats.gz ...
Read summary statistics for 1217311 SNPs.
After merging with summary statistics, 519249 SNPs remain.
518266 SNPs with valid alleles.

Heritability of phenotype 67/68
-------------------------------
Total Observed scale h2: 0.3554 (0.2367)
Lambda GC: 1.0016
Mean Chi^2: 1.0098
Intercept: 0.9887 (0.0103)
Ratio < 0 (usually indicates GC correction).

Genetic Covariance
------------------
Total Observed scale gencov: 0.153 (0.1719)
Mean z1*z2: -0.0016
Intercept: -0.0113 (0.0075)

Genetic Correlation
-------------------
Genetic Correlation: 0.8193 (1.3789)
Z-score: 0.5941
P: 0.5524

Computing rg for phenotype 68/68
Reading summary statistics from ../output_sumstats/output_pmid34737426_APH_eur.sumstats.gz ...
Read summary statistics for 1217311 SNPs.
After merging with summary statistics, 519249 SNPs remain.
508850 SNPs with valid alleles.

Heritability of phenotype 68/68
-------------------------------
Total Observed scale h2: -7.9151e-05 (0.0013)
Lambda GC: 0.9957
Mean Chi^2: 0.9875
Intercept: 0.9883 (0.0094)
Ratio: NA (mean chi^2 < 1)

Genetic Covariance
------------------
Total Observed scale gencov: -0.0005 (0.0112)
Mean z1*z2: 0.0046
Intercept: 0.0051 (0.0072)

Genetic Correlation
-------------------
Genetic Correlation: nan (nan) (h2  out of bounds) 
Z-score: nan (nan) (h2  out of bounds)
P: nan (nan) (h2  out of bounds)
WARNING: One of the h2's was out of bounds.
This usually indicates a data-munging error or that h2 or N is low.


Summary of Genetic Correlation Results
                                                           p1                                                                      p2      rg         se          z       p     h2_obs h2_obs_se  h2_int h2_int_se   gcov_int gcov_int_se
 ../output_sumstats/output_pmid27989323_SCGFb_eur.sumstats.gz            ../output_sumstats/output_pmid27989323_SCGFb_eur.sumstats.gz       1  1.386e-06  7.218e+05       0    0.09628    0.1788   1.011  0.009955      1.011    0.009955
 ../output_sumstats/output_pmid27989323_SCGFb_eur.sumstats.gz               ../output_sumstats/output_pmid21833088_MS_eur.sumstats.gz  0.5605     0.5111      1.097  0.2728    0.05565   0.04017   1.066   0.01434   0.001606    0.008564
 ../output_sumstats/output_pmid27989323_SCGFb_eur.sumstats.gz               ../output_sumstats/output_pmid24076602_MS_eur.sumstats.gz  0.1082     0.1424     0.7598  0.4474      1.332    0.2135   1.196    0.1024   -0.05153     0.03166
 ../output_sumstats/output_pmid27989323_SCGFb_eur.sumstats.gz  ../output_sumstats/output_pmid24816252_acetylcarnitine_eur.sumstats.gz      NA         NA         NA      NA    -0.1622     0.156    1.01   0.01386 -0.0002627    0.007378
 ../output_sumstats/output_pmid27989323_SCGFb_eur.sumstats.gz          ../output_sumstats/output_pmid24816252_alanine_eur.sumstats.gz  0.4605     0.5438     0.8468  0.3971     0.4988     0.101   1.014   0.01053 -0.0001067     0.00723
 ../output_sumstats/output_pmid27989323_SCGFb_eur.sumstats.gz         ../output_sumstats/output_pmid24816252_arginine_eur.sumstats.gz      NA         NA         NA      NA   -0.01438   0.08562   1.034  0.009924   0.003594    0.007189
 ../output_sumstats/output_pmid27989323_SCGFb_eur.sumstats.gz       ../output_sumstats/output_pmid24816252_asparagine_eur.sumstats.gz  0.1906     0.4452     0.4281  0.6686     0.4836   0.09493   1.029   0.01042  -0.001926    0.007395
 ../output_sumstats/output_pmid27989323_SCGFb_eur.sumstats.gz      ../output_sumstats/output_pmid24816252_cholesterol_eur.sumstats.gz   1.136      1.104      1.029  0.3035     0.1693    0.1057   1.032   0.01141  -0.008411    0.006915
 ../output_sumstats/output_pmid27989323_SCGFb_eur.sumstats.gz          ../output_sumstats/output_pmid24816252_citrate_eur.sumstats.gz -0.3245     0.4588    -0.7073  0.4794     0.5811   0.09868    1.04   0.01052     0.0049    0.007883
 ../output_sumstats/output_pmid27989323_SCGFb_eur.sumstats.gz        ../output_sumstats/output_pmid24816252_glutamate_eur.sumstats.gz -0.3677     0.6792    -0.5413  0.5883     0.1625   0.08129  0.9258  0.008626   0.008655    0.007112
 ../output_sumstats/output_pmid27989323_SCGFb_eur.sumstats.gz         ../output_sumstats/output_pmid24816252_glycerol_eur.sumstats.gz      NA         NA         NA      NA   -0.08946   0.09209   1.006    0.0101     0.0164    0.006705
 ../output_sumstats/output_pmid27989323_SCGFb_eur.sumstats.gz        ../output_sumstats/output_pmid24816252_histidine_eur.sumstats.gz -0.2053     0.3958    -0.5187   0.604     0.4224    0.1373  0.7577   0.01176  -0.003138    0.006318
 ../output_sumstats/output_pmid27989323_SCGFb_eur.sumstats.gz       ../output_sumstats/output_pmid24816252_isoleucine_eur.sumstats.gz      NA         NA         NA      NA    -0.3194   0.08668   1.014   0.01082   0.005558     0.00647
 ../output_sumstats/output_pmid27989323_SCGFb_eur.sumstats.gz    ../output_sumstats/output_pmid24816252_phenylalanine_eur.sumstats.gz -0.4924     0.5518    -0.8923  0.3722     0.2648   0.06803  0.7838  0.008547   0.003516    0.006191
 ../output_sumstats/output_pmid27989323_SCGFb_eur.sumstats.gz          ../output_sumstats/output_pmid24816252_proline_eur.sumstats.gz  0.9091      0.861      1.056   0.291     0.3369   0.09953    1.03   0.01033   -0.01203    0.007644
 ../output_sumstats/output_pmid27989323_SCGFb_eur.sumstats.gz         ../output_sumstats/output_pmid24816252_pyruvate_eur.sumstats.gz  0.4858     0.7321     0.6635   0.507     0.2259   0.08275  0.9844  0.009328   0.007506    0.008075
 ../output_sumstats/output_pmid27989323_SCGFb_eur.sumstats.gz        ../output_sumstats/output_pmid24816252_threonine_eur.sumstats.gz      NA         NA         NA      NA   -0.05458    0.1255   1.006   0.01062   0.008118    0.007597
 ../output_sumstats/output_pmid27989323_SCGFb_eur.sumstats.gz       ../output_sumstats/output_pmid24816252_tryptophan_eur.sumstats.gz  0.2856     0.3624      0.788  0.4307      0.831    0.1243   1.061   0.01277   -0.01201    0.008024
 ../output_sumstats/output_pmid27989323_SCGFb_eur.sumstats.gz         ../output_sumstats/output_pmid24816252_tyrosine_eur.sumstats.gz      NA         NA         NA      NA         NA        NA      NA        NA         NA          NA
 ../output_sumstats/output_pmid27989323_SCGFb_eur.sumstats.gz             ../output_sumstats/output_pmid24816252_urea_eur.sumstats.gz      NA         NA         NA      NA   -0.02637   0.08367   1.013   0.01008  -0.001737    0.007118
 ../output_sumstats/output_pmid27989323_SCGFb_eur.sumstats.gz               ../output_sumstats/output_pmid27386562_MS_eur.sumstats.gz      NA         NA         NA      NA         NA        NA      NA        NA         NA          NA
 ../output_sumstats/output_pmid27989323_SCGFb_eur.sumstats.gz              ../output_sumstats/output_pmid27455348_ALS_eur.sumstats.gz  0.3961     0.7966     0.4972  0.6191    0.04302   0.01676  0.9956   0.01043  -0.001209    0.007324
 ../output_sumstats/output_pmid27989323_SCGFb_eur.sumstats.gz            ../output_sumstats/output_pmid27989323_CTACK_eur.sumstats.gz   1.387      1.564     0.8871   0.375     0.3658    0.1833  0.9931   0.01064     0.1596    0.007768
 ../output_sumstats/output_pmid27989323_SCGFb_eur.sumstats.gz             ../output_sumstats/output_pmid27989323_GCSF_eur.sumstats.gz   -2.34      4.604    -0.5083  0.6112    0.04209    0.0823   1.012   0.01164     0.0849     0.00865
 ../output_sumstats/output_pmid27989323_SCGFb_eur.sumstats.gz             ../output_sumstats/output_pmid27989323_GROa_eur.sumstats.gz      NA         NA         NA      NA     -44.81     20.67   1.384    0.4791    -0.1049      0.8207
 ../output_sumstats/output_pmid27989323_SCGFb_eur.sumstats.gz              ../output_sumstats/output_pmid27989323_HGF_eur.sumstats.gz      NA         NA         NA      NA    -0.1007   0.08492   1.012   0.01254     0.1765    0.007621
 ../output_sumstats/output_pmid27989323_SCGFb_eur.sumstats.gz             ../output_sumstats/output_pmid27989323_IFNg_eur.sumstats.gz      NA         NA         NA      NA   -0.05313   0.08741   1.005   0.01004    0.06264    0.007591
 ../output_sumstats/output_pmid27989323_SCGFb_eur.sumstats.gz             ../output_sumstats/output_pmid27989323_IL10_eur.sumstats.gz      NA         NA         NA      NA    -0.1372    0.1498   1.048   0.02841    0.07149    0.008125
 ../output_sumstats/output_pmid27989323_SCGFb_eur.sumstats.gz          ../output_sumstats/output_pmid27989323_IL12p70_eur.sumstats.gz      NA         NA         NA      NA    -0.1831    0.2211   1.061   0.04894    0.09345    0.007936
 ../output_sumstats/output_pmid27989323_SCGFb_eur.sumstats.gz             ../output_sumstats/output_pmid27989323_IL13_eur.sumstats.gz      NA         NA         NA      NA    -0.1425     0.298   1.017   0.02676      0.101    0.008093
 ../output_sumstats/output_pmid27989323_SCGFb_eur.sumstats.gz             ../output_sumstats/output_pmid27989323_IL16_eur.sumstats.gz      NA         NA         NA      NA   -0.03096    0.1991  0.9868   0.01052     0.1409    0.007002
 ../output_sumstats/output_pmid27989323_SCGFb_eur.sumstats.gz             ../output_sumstats/output_pmid27989323_IL17_eur.sumstats.gz      NA         NA         NA      NA     -3.452     1.373   1.499    0.1376     0.1209     0.07818
 ../output_sumstats/output_pmid27989323_SCGFb_eur.sumstats.gz             ../output_sumstats/output_pmid27989323_IL18_eur.sumstats.gz      NA         NA         NA      NA         NA        NA      NA        NA         NA          NA
 ../output_sumstats/output_pmid27989323_SCGFb_eur.sumstats.gz            ../output_sumstats/output_pmid27989323_IL1ra_eur.sumstats.gz   1.996      2.561     0.7795  0.4357     0.1358    0.1868  0.9827   0.01087     0.0647    0.006795
 ../output_sumstats/output_pmid27989323_SCGFb_eur.sumstats.gz              ../output_sumstats/output_pmid27989323_IL2_eur.sumstats.gz      NA         NA         NA      NA    -0.1303    0.1788       1    0.0101    0.09787    0.007154
 ../output_sumstats/output_pmid27989323_SCGFb_eur.sumstats.gz            ../output_sumstats/output_pmid27989323_IL2ra_eur.sumstats.gz      NA         NA         NA      NA   -0.09503    0.1847   1.007   0.01081      0.145    0.007773
 ../output_sumstats/output_pmid27989323_SCGFb_eur.sumstats.gz              ../output_sumstats/output_pmid27989323_IL4_eur.sumstats.gz      NA         NA         NA      NA   -0.07637   0.08201   1.018   0.01121    0.09314     0.00757
 ../output_sumstats/output_pmid27989323_SCGFb_eur.sumstats.gz              ../output_sumstats/output_pmid27989323_IL5_eur.sumstats.gz      NA         NA         NA      NA    -0.1101    0.2076   1.007   0.01185     0.1056    0.007822
 ../output_sumstats/output_pmid27989323_SCGFb_eur.sumstats.gz              ../output_sumstats/output_pmid27989323_IL6_eur.sumstats.gz      NA         NA         NA      NA   -0.05337   0.08487   1.014   0.01027     0.0682    0.007867
 ../output_sumstats/output_pmid27989323_SCGFb_eur.sumstats.gz              ../output_sumstats/output_pmid27989323_IL7_eur.sumstats.gz  -0.159      1.574     -0.101  0.9195     0.1089    0.2422   1.004   0.01741       0.11    0.007206
 ../output_sumstats/output_pmid27989323_SCGFb_eur.sumstats.gz              ../output_sumstats/output_pmid27989323_IL8_eur.sumstats.gz      NA         NA         NA      NA         NA        NA      NA        NA         NA          NA
 ../output_sumstats/output_pmid27989323_SCGFb_eur.sumstats.gz              ../output_sumstats/output_pmid27989323_IL9_eur.sumstats.gz      NA         NA         NA      NA     -0.113    0.1827  0.9961   0.01089     0.1089    0.008029
 ../output_sumstats/output_pmid27989323_SCGFb_eur.sumstats.gz             ../output_sumstats/output_pmid27989323_MCP1_eur.sumstats.gz  0.2136     0.5282     0.4043   0.686     0.3187     0.154   0.987   0.01369     0.1055    0.007475
 ../output_sumstats/output_pmid27989323_SCGFb_eur.sumstats.gz             ../output_sumstats/output_pmid27989323_MCP3_eur.sumstats.gz -0.4391       6.68   -0.06574  0.9476     0.1607    0.8165   1.015   0.01153  -0.006697    0.009168
 ../output_sumstats/output_pmid27989323_SCGFb_eur.sumstats.gz             ../output_sumstats/output_pmid27989323_MCSF_eur.sumstats.gz  -1.542       4.13    -0.3733  0.7089      0.363    0.8057  0.9849   0.01143     0.1165    0.007993
 ../output_sumstats/output_pmid27989323_SCGFb_eur.sumstats.gz              ../output_sumstats/output_pmid27989323_MIF_eur.sumstats.gz      NA         NA         NA      NA         NA        NA      NA        NA         NA          NA
 ../output_sumstats/output_pmid27989323_SCGFb_eur.sumstats.gz              ../output_sumstats/output_pmid27989323_MIG_eur.sumstats.gz      NA         NA         NA      NA    -0.3456    0.1632   1.038  0.009533     0.1682    0.007795
 ../output_sumstats/output_pmid27989323_SCGFb_eur.sumstats.gz            ../output_sumstats/output_pmid27989323_MIP1a_eur.sumstats.gz      NA         NA         NA      NA    -0.0763    0.2037  0.9943   0.01116    0.09041    0.007503
 ../output_sumstats/output_pmid27989323_SCGFb_eur.sumstats.gz            ../output_sumstats/output_pmid27989323_MIP1b_eur.sumstats.gz      NA         NA         NA      NA         NA        NA      NA        NA         NA          NA
 ../output_sumstats/output_pmid27989323_SCGFb_eur.sumstats.gz           ../output_sumstats/output_pmid27989323_PDGFbb_eur.sumstats.gz      NA         NA         NA      NA   -0.04792   0.08057   1.039   0.01187      0.123    0.008129
 ../output_sumstats/output_pmid27989323_SCGFb_eur.sumstats.gz           ../output_sumstats/output_pmid27989323_RANTES_eur.sumstats.gz      NA         NA         NA      NA         NA        NA      NA        NA         NA          NA
 ../output_sumstats/output_pmid27989323_SCGFb_eur.sumstats.gz              ../output_sumstats/output_pmid27989323_SCF_eur.sumstats.gz      NA         NA         NA      NA     -0.115   0.08778   1.012  0.009775    0.09331    0.008003
 ../output_sumstats/output_pmid27989323_SCGFb_eur.sumstats.gz             ../output_sumstats/output_pmid27989323_SDF1_eur.sumstats.gz      NA         NA         NA      NA    -0.1408    0.1118   1.021   0.01163    0.06616    0.007866
 ../output_sumstats/output_pmid27989323_SCGFb_eur.sumstats.gz             ../output_sumstats/output_pmid27989323_TNFa_eur.sumstats.gz  0.2715      1.473     0.1842  0.8538    0.07735    0.1962  0.9843   0.01019     0.1083    0.006803
 ../output_sumstats/output_pmid27989323_SCGFb_eur.sumstats.gz             ../output_sumstats/output_pmid27989323_TNFb_eur.sumstats.gz      NA         NA         NA      NA    -0.3533    0.3842  0.9946   0.01085    0.05606     0.01038
 ../output_sumstats/output_pmid27989323_SCGFb_eur.sumstats.gz            ../output_sumstats/output_pmid27989323_TRAIL_eur.sumstats.gz      NA         NA         NA      NA   -0.03581   0.08063   1.017   0.01247    0.03575    0.007081
 ../output_sumstats/output_pmid27989323_SCGFb_eur.sumstats.gz             ../output_sumstats/output_pmid27989323_bNGF_eur.sumstats.gz -0.1304      1.913   -0.06813  0.9457    0.08247     0.191   1.006   0.01078     0.2023    0.007862
 ../output_sumstats/output_pmid27989323_SCGFb_eur.sumstats.gz          ../output_sumstats/output_pmid27989323_eotaxin_eur.sumstats.gz  -1.221      3.365    -0.3629  0.7167    0.07658    0.1068   1.013   0.01138    0.04775    0.007592
 ../output_sumstats/output_pmid27989323_SCGFb_eur.sumstats.gz             ../output_sumstats/output_pmid27989323_ip10_eur.sumstats.gz      NA         NA         NA      NA   -0.05977    0.1816   1.017   0.01108     0.1519    0.008358
 ../output_sumstats/output_pmid27989323_SCGFb_eur.sumstats.gz              ../output_sumstats/output_pmid29566793_ALS_eur.sumstats.gz  0.4786     0.9067     0.5279  0.5976    0.02842  0.009416   1.023   0.01152  -0.005967    0.007318
 ../output_sumstats/output_pmid27989323_SCGFb_eur.sumstats.gz       ../output_sumstats/output_pmid29632382_T2d-BMIadj_eur.sumstats.gz      NA         NA         NA      NA     0.0892   0.02796  0.9006    0.1174    0.05755     0.03123
 ../output_sumstats/output_pmid27989323_SCGFb_eur.sumstats.gz              ../output_sumstats/output_pmid30054458_T2d_eur.sumstats.gz      NA         NA         NA      NA    0.05021  0.004414  0.9946   0.02791    0.01004     0.01127
 ../output_sumstats/output_pmid27989323_SCGFb_eur.sumstats.gz               ../output_sumstats/output_pmid33111402_PD_eur.sumstats.gz      NA         NA         NA      NA         NA        NA      NA        NA         NA          NA
 ../output_sumstats/output_pmid27989323_SCGFb_eur.sumstats.gz               ../output_sumstats/output_pmid33310728_RA_eur.sumstats.gz  0.6381     0.8065     0.7912  0.4288    0.03777  0.007533   0.983   0.02143   -0.01171     0.00742
 ../output_sumstats/output_pmid27989323_SCGFb_eur.sumstats.gz              ../output_sumstats/output_pmid33589841_LBD_eur.sumstats.gz      NA         NA         NA      NA         NA        NA      NA        NA         NA          NA
 ../output_sumstats/output_pmid27989323_SCGFb_eur.sumstats.gz               ../output_sumstats/output_pmid33987465_PD_eur.sumstats.gz  0.8193      1.379     0.5941  0.5524     0.3554    0.2367  0.9887   0.01031   -0.01133    0.007469
 ../output_sumstats/output_pmid27989323_SCGFb_eur.sumstats.gz              ../output_sumstats/output_pmid34737426_APH_eur.sumstats.gz      NA         NA         NA      NA -7.915e-05  0.001279  0.9883  0.009442    0.00508    0.007244

Analysis finished at Sat Feb 24 20:54:16 2024
Total time elapsed: 4.0m:34.38s
