*********************************************************************
* LD Score Regression (LDSC)
* Version 1.0.1
* (C) 2014-2019 Brendan Bulik-Sullivan and Hilary Finucane
* Broad Institute of MIT and Harvard / MIT Department of Mathematics
* GNU General Public License v3
*********************************************************************
Call: 
./ldsc.py \
--ref-ld-chr ../input_files/eur_w_ld_chr/ \
--out ../output_ld_regression/output_pmid27989323_IL6_eur_ldReg \
--rg ../output_sumstats/output_pmid27989323_IL6_eur.sumstats.gz,../output_sumstats/output_pmid27989323_IL6_eur.sumstats.gz,../output_sumstats/output_pmid21833088_MS_eur.sumstats.gz,../output_sumstats/output_pmid24076602_MS_eur.sumstats.gz,../output_sumstats/output_pmid24816252_acetylcarnitine_eur.sumstats.gz,../output_sumstats/output_pmid24816252_alanine_eur.sumstats.gz,../output_sumstats/output_pmid24816252_arginine_eur.sumstats.gz,../output_sumstats/output_pmid24816252_asparagine_eur.sumstats.gz,../output_sumstats/output_pmid24816252_cholesterol_eur.sumstats.gz,../output_sumstats/output_pmid24816252_citrate_eur.sumstats.gz,../output_sumstats/output_pmid24816252_glutamate_eur.sumstats.gz,../output_sumstats/output_pmid24816252_glycerol_eur.sumstats.gz,../output_sumstats/output_pmid24816252_histidine_eur.sumstats.gz,../output_sumstats/output_pmid24816252_isoleucine_eur.sumstats.gz,../output_sumstats/output_pmid24816252_phenylalanine_eur.sumstats.gz,../output_sumstats/output_pmid24816252_proline_eur.sumstats.gz,../output_sumstats/output_pmid24816252_pyruvate_eur.sumstats.gz,../output_sumstats/output_pmid24816252_threonine_eur.sumstats.gz,../output_sumstats/output_pmid24816252_tryptophan_eur.sumstats.gz,../output_sumstats/output_pmid24816252_tyrosine_eur.sumstats.gz,../output_sumstats/output_pmid24816252_urea_eur.sumstats.gz,../output_sumstats/output_pmid27386562_MS_eur.sumstats.gz,../output_sumstats/output_pmid27455348_ALS_eur.sumstats.gz,../output_sumstats/output_pmid27989323_CTACK_eur.sumstats.gz,../output_sumstats/output_pmid27989323_GCSF_eur.sumstats.gz,../output_sumstats/output_pmid27989323_GROa_eur.sumstats.gz,../output_sumstats/output_pmid27989323_HGF_eur.sumstats.gz,../output_sumstats/output_pmid27989323_IFNg_eur.sumstats.gz,../output_sumstats/output_pmid27989323_IL10_eur.sumstats.gz,../output_sumstats/output_pmid27989323_IL12p70_eur.sumstats.gz,../output_sumstats/output_pmid27989323_IL13_eur.sumstats.gz,../output_sumstats/output_pmid27989323_IL16_eur.sumstats.gz,../output_sumstats/output_pmid27989323_IL17_eur.sumstats.gz,../output_sumstats/output_pmid27989323_IL18_eur.sumstats.gz,../output_sumstats/output_pmid27989323_IL1ra_eur.sumstats.gz,../output_sumstats/output_pmid27989323_IL2_eur.sumstats.gz,../output_sumstats/output_pmid27989323_IL2ra_eur.sumstats.gz,../output_sumstats/output_pmid27989323_IL4_eur.sumstats.gz,../output_sumstats/output_pmid27989323_IL5_eur.sumstats.gz,../output_sumstats/output_pmid27989323_IL7_eur.sumstats.gz,../output_sumstats/output_pmid27989323_IL8_eur.sumstats.gz,../output_sumstats/output_pmid27989323_IL9_eur.sumstats.gz,../output_sumstats/output_pmid27989323_MCP1_eur.sumstats.gz,../output_sumstats/output_pmid27989323_MCP3_eur.sumstats.gz,../output_sumstats/output_pmid27989323_MCSF_eur.sumstats.gz,../output_sumstats/output_pmid27989323_MIF_eur.sumstats.gz,../output_sumstats/output_pmid27989323_MIG_eur.sumstats.gz,../output_sumstats/output_pmid27989323_MIP1a_eur.sumstats.gz,../output_sumstats/output_pmid27989323_MIP1b_eur.sumstats.gz,../output_sumstats/output_pmid27989323_PDGFbb_eur.sumstats.gz,../output_sumstats/output_pmid27989323_RANTES_eur.sumstats.gz,../output_sumstats/output_pmid27989323_SCF_eur.sumstats.gz,../output_sumstats/output_pmid27989323_SCGFb_eur.sumstats.gz,../output_sumstats/output_pmid27989323_SDF1_eur.sumstats.gz,../output_sumstats/output_pmid27989323_TNFa_eur.sumstats.gz,../output_sumstats/output_pmid27989323_TNFb_eur.sumstats.gz,../output_sumstats/output_pmid27989323_TRAIL_eur.sumstats.gz,../output_sumstats/output_pmid27989323_bNGF_eur.sumstats.gz,../output_sumstats/output_pmid27989323_eotaxin_eur.sumstats.gz,../output_sumstats/output_pmid27989323_ip10_eur.sumstats.gz,../output_sumstats/output_pmid29566793_ALS_eur.sumstats.gz,../output_sumstats/output_pmid29632382_T2d-BMIadj_eur.sumstats.gz,../output_sumstats/output_pmid30054458_T2d_eur.sumstats.gz,../output_sumstats/output_pmid33111402_PD_eur.sumstats.gz,../output_sumstats/output_pmid33310728_RA_eur.sumstats.gz,../output_sumstats/output_pmid33589841_LBD_eur.sumstats.gz,../output_sumstats/output_pmid33987465_PD_eur.sumstats.gz,../output_sumstats/output_pmid34737426_APH_eur.sumstats.gz \
--w-ld-chr ../input_files/eur_w_ld_chr/ 

Beginning analysis at Sat Feb 24 16:22:41 2024
Reading summary statistics from ../output_sumstats/output_pmid27989323_IL6_eur.sumstats.gz ...
Read summary statistics for 1179646 SNPs.
Reading reference panel LD Score from ../input_files/eur_w_ld_chr/[1-22] ... (ldscore_fromlist)
Read reference panel LD Scores for 1290028 SNPs.
Removing partitioned LD Scores with zero variance.
Reading regression weight LD Score from ../input_files/eur_w_ld_chr/[1-22] ... (ldscore_fromlist)
Read regression weight LD Scores for 1290028 SNPs.
After merging with reference panel LD, 1167126 SNPs remain.
After merging with regression SNP LD, 1167126 SNPs remain.
Computing rg for phenotype 2/68
Reading summary statistics from ../output_sumstats/output_pmid27989323_IL6_eur.sumstats.gz ...
Read summary statistics for 1217311 SNPs.
After merging with summary statistics, 1167126 SNPs remain.
1167126 SNPs with valid alleles.

Heritability of phenotype 1
---------------------------
Total Observed scale h2: -0.0038 (0.0564)
Lambda GC: 1.0105
Mean Chi^2: 1.0075
Intercept: 1.0081 (0.007)
Ratio: 1.0804 (0.9246)

Heritability of phenotype 2/68
------------------------------
Total Observed scale h2: -0.0038 (0.0564)
Lambda GC: 1.0105
Mean Chi^2: 1.0075
Intercept: 1.0081 (0.007)
Ratio: 1.0804 (0.9246)

Genetic Covariance
------------------
Total Observed scale gencov: -0.0037 (0.0564)
Mean z1*z2: 1.0075
Intercept: 1.0081 (0.007)

Genetic Correlation
-------------------
Genetic Correlation: nan (nan) (h2  out of bounds) 
Z-score: nan (nan) (h2  out of bounds)
P: nan (nan) (h2  out of bounds)
WARNING: One of the h2's was out of bounds.
This usually indicates a data-munging error or that h2 or N is low.

Computing rg for phenotype 3/68
Reading summary statistics from ../output_sumstats/output_pmid21833088_MS_eur.sumstats.gz ...
Read summary statistics for 1217311 SNPs.
After merging with summary statistics, 1167126 SNPs remain.
449881 SNPs with valid alleles.

Heritability of phenotype 3/68
------------------------------
Total Observed scale h2: 0.0576 (0.0283)
Lambda GC: 1.0405
Mean Chi^2: 1.0858
Intercept: 1.0583 (0.0091)
Ratio: 0.6789 (0.1057)

Genetic Covariance
------------------
Total Observed scale gencov: -0.0523 (0.0256)
Mean z1*z2: -0.0013
Intercept: 0.0123 (0.0055)

Genetic Correlation
-------------------
Genetic Correlation: nan (nan) (h2  out of bounds) 
Z-score: nan (nan) (h2  out of bounds)
P: nan (nan) (h2  out of bounds)
WARNING: One of the h2's was out of bounds.
This usually indicates a data-munging error or that h2 or N is low.

Computing rg for phenotype 4/68
Reading summary statistics from ../output_sumstats/output_pmid24076602_MS_eur.sumstats.gz ...
Read summary statistics for 1217311 SNPs.
After merging with summary statistics, 1167126 SNPs remain.
49497 SNPs with valid alleles.
WARNING: number of SNPs less than 200k; this is almost always bad.

Heritability of phenotype 4/68
------------------------------
Total Observed scale h2: 1.5894 (0.2449)
Lambda GC: 1.4602
Mean Chi^2: 2.2015
Intercept: 1.0117 (0.0876)
Ratio: 0.0097 (0.0729)

Genetic Covariance
------------------
Total Observed scale gencov: -0.1825 (0.1201)
Mean z1*z2: -0.0732
Intercept: 0.0258 (0.0227)

Genetic Correlation
-------------------
Genetic Correlation: -0.2644 (0.1665)
Z-score: -1.5878
P: 0.1123

Computing rg for phenotype 5/68
Reading summary statistics from ../output_sumstats/output_pmid24816252_acetylcarnitine_eur.sumstats.gz ...
Read summary statistics for 1217311 SNPs.
After merging with summary statistics, 1167126 SNPs remain.
1023066 SNPs with valid alleles.

Heritability of phenotype 5/68
------------------------------
Total Observed scale h2: -0.2389 (0.0831)
Lambda GC: 0.9721
Mean Chi^2: 0.9855
Intercept: 1.0206 (0.0076)
Ratio: NA (mean chi^2 < 1)

Genetic Covariance
------------------
Total Observed scale gencov: 0.0124 (0.0383)
Mean z1*z2: 0.0023
Intercept: 0.0004 (0.0044)

Genetic Correlation
-------------------
Genetic Correlation: nan (nan) (h2  out of bounds) 
Z-score: nan (nan) (h2  out of bounds)
P: nan (nan) (h2  out of bounds)
WARNING: One of the h2's was out of bounds.
This usually indicates a data-munging error or that h2 or N is low.

Computing rg for phenotype 6/68
Reading summary statistics from ../output_sumstats/output_pmid24816252_alanine_eur.sumstats.gz ...
Read summary statistics for 1217311 SNPs.
After merging with summary statistics, 1167126 SNPs remain.
1023066 SNPs with valid alleles.

Heritability of phenotype 6/68
------------------------------
Total Observed scale h2: 0.5266 (0.0703)
Lambda GC: 1.0649
Mean Chi^2: 1.0876
Intercept: 1.0117 (0.0071)
Ratio: 0.1336 (0.0811)

Genetic Covariance
------------------
Total Observed scale gencov: -0.0281 (0.0444)
Mean z1*z2: -0.0016
Intercept: 0.0031 (0.0052)

Genetic Correlation
-------------------
Genetic Correlation: nan (nan) (h2  out of bounds) 
Z-score: nan (nan) (h2  out of bounds)
P: nan (nan) (h2  out of bounds)
WARNING: One of the h2's was out of bounds.
This usually indicates a data-munging error or that h2 or N is low.

Computing rg for phenotype 7/68
Reading summary statistics from ../output_sumstats/output_pmid24816252_arginine_eur.sumstats.gz ...
Read summary statistics for 1217311 SNPs.
After merging with summary statistics, 1167126 SNPs remain.
1023066 SNPs with valid alleles.

Heritability of phenotype 7/68
------------------------------
Total Observed scale h2: -0.0069 (0.0636)
Lambda GC: 1.0255
Mean Chi^2: 1.0365
Intercept: 1.0374 (0.0071)
Ratio: 1.0245 (0.195)

Genetic Covariance
------------------
Total Observed scale gencov: -0.0038 (0.0406)
Mean z1*z2: -0.004
Intercept: -0.0034 (0.0043)

Genetic Correlation
-------------------
Genetic Correlation: nan (nan) (h2  out of bounds) 
Z-score: nan (nan) (h2  out of bounds)
P: nan (nan) (h2  out of bounds)
WARNING: One of the h2's was out of bounds.
This usually indicates a data-munging error or that h2 or N is low.

Computing rg for phenotype 8/68
Reading summary statistics from ../output_sumstats/output_pmid24816252_asparagine_eur.sumstats.gz ...
Read summary statistics for 1217311 SNPs.
After merging with summary statistics, 1167126 SNPs remain.
1023066 SNPs with valid alleles.

Heritability of phenotype 8/68
------------------------------
Total Observed scale h2: 0.4964 (0.0666)
Lambda GC: 1.0679
Mean Chi^2: 1.0904
Intercept: 1.0189 (0.0072)
Ratio: 0.2092 (0.0798)

Genetic Covariance
------------------
Total Observed scale gencov: 0.0219 (0.0417)
Mean z1*z2: -0.0039
Intercept: -0.0075 (0.0048)

Genetic Correlation
-------------------
Genetic Correlation: nan (nan) (h2  out of bounds) 
Z-score: nan (nan) (h2  out of bounds)
P: nan (nan) (h2  out of bounds)
WARNING: One of the h2's was out of bounds.
This usually indicates a data-munging error or that h2 or N is low.

Computing rg for phenotype 9/68
Reading summary statistics from ../output_sumstats/output_pmid24816252_cholesterol_eur.sumstats.gz ...
Read summary statistics for 1217311 SNPs.
After merging with summary statistics, 1167126 SNPs remain.
1023066 SNPs with valid alleles.

Heritability of phenotype 9/68
------------------------------
Total Observed scale h2: 0.1334 (0.0678)
Lambda GC: 1.0496
Mean Chi^2: 1.0634
Intercept: 1.0438 (0.0066)
Ratio: 0.6911 (0.1043)

Genetic Covariance
------------------
Total Observed scale gencov: 0.0678 (0.0437)
Mean z1*z2: 0.0016
Intercept: -0.0088 (0.005)

Genetic Correlation
-------------------
Genetic Correlation: nan (nan) (h2  out of bounds) 
Z-score: nan (nan) (h2  out of bounds)
P: nan (nan) (h2  out of bounds)
WARNING: One of the h2's was out of bounds.
This usually indicates a data-munging error or that h2 or N is low.

Computing rg for phenotype 10/68
Reading summary statistics from ../output_sumstats/output_pmid24816252_citrate_eur.sumstats.gz ...
Read summary statistics for 1217311 SNPs.
After merging with summary statistics, 1167126 SNPs remain.
1023066 SNPs with valid alleles.

Heritability of phenotype 10/68
-------------------------------
Total Observed scale h2: 0.446 (0.0799)
Lambda GC: 1.0957
Mean Chi^2: 1.1229
Intercept: 1.0596 (0.0083)
Ratio: 0.4847 (0.0673)

Genetic Covariance
------------------
Total Observed scale gencov: 0.0484 (0.0436)
Mean z1*z2: 0.0041
Intercept: -0.0034 (0.0044)

Genetic Correlation
-------------------
Genetic Correlation: nan (nan) (h2  out of bounds) 
Z-score: nan (nan) (h2  out of bounds)
P: nan (nan) (h2  out of bounds)
WARNING: One of the h2's was out of bounds.
This usually indicates a data-munging error or that h2 or N is low.

Computing rg for phenotype 11/68
Reading summary statistics from ../output_sumstats/output_pmid24816252_glutamate_eur.sumstats.gz ...
Read summary statistics for 1217311 SNPs.
After merging with summary statistics, 1167126 SNPs remain.
1023066 SNPs with valid alleles.

Heritability of phenotype 11/68
-------------------------------
Total Observed scale h2: 0.163 (0.0569)
Lambda GC: 0.9576
Mean Chi^2: 0.9552
Intercept: 0.9317 (0.0059)
Ratio: NA (mean chi^2 < 1)

Genetic Covariance
------------------
Total Observed scale gencov: 0.087 (0.0389)
Mean z1*z2: 0.0071
Intercept: -0.0064 (0.0046)

Genetic Correlation
-------------------
Genetic Correlation: nan (nan) (h2  out of bounds) 
Z-score: nan (nan) (h2  out of bounds)
P: nan (nan) (h2  out of bounds)
WARNING: One of the h2's was out of bounds.
This usually indicates a data-munging error or that h2 or N is low.

Computing rg for phenotype 12/68
Reading summary statistics from ../output_sumstats/output_pmid24816252_glycerol_eur.sumstats.gz ...
Read summary statistics for 1217311 SNPs.
After merging with summary statistics, 1167126 SNPs remain.
1023066 SNPs with valid alleles.

Heritability of phenotype 12/68
-------------------------------
Total Observed scale h2: -0.1317 (0.0605)
Lambda GC: 0.9868
Mean Chi^2: 0.9976
Intercept: 1.0168 (0.0069)
Ratio: NA (mean chi^2 < 1)

Genetic Covariance
------------------
Total Observed scale gencov: -0.0413 (0.0388)
Mean z1*z2: -0.0045
Intercept: 0.0018 (0.0045)

Genetic Correlation
-------------------
Genetic Correlation: nan (nan) (h2  out of bounds) 
Z-score: nan (nan) (h2  out of bounds)
P: nan (nan) (h2  out of bounds)
WARNING: One of the h2's was out of bounds.
This usually indicates a data-munging error or that h2 or N is low.

Computing rg for phenotype 13/68
Reading summary statistics from ../output_sumstats/output_pmid24816252_histidine_eur.sumstats.gz ...
Read summary statistics for 1217311 SNPs.
After merging with summary statistics, 1167126 SNPs remain.
1023066 SNPs with valid alleles.

Heritability of phenotype 13/68
-------------------------------
Total Observed scale h2: 0.4326 (0.0701)
Lambda GC: 0.81
Mean Chi^2: 0.8192
Intercept: 0.7585 (0.0063)
Ratio: NA (mean chi^2 < 1)

Genetic Covariance
------------------
Total Observed scale gencov: -0.0713 (0.0342)
Mean z1*z2: -0.0077
Intercept: 0.0032 (0.0036)

Genetic Correlation
-------------------
Genetic Correlation: nan (nan) (h2  out of bounds) 
Z-score: nan (nan) (h2  out of bounds)
P: nan (nan) (h2  out of bounds)
WARNING: One of the h2's was out of bounds.
This usually indicates a data-munging error or that h2 or N is low.

Computing rg for phenotype 14/68
Reading summary statistics from ../output_sumstats/output_pmid24816252_isoleucine_eur.sumstats.gz ...
Read summary statistics for 1217311 SNPs.
After merging with summary statistics, 1167126 SNPs remain.
1023066 SNPs with valid alleles.

Heritability of phenotype 14/68
-------------------------------
Total Observed scale h2: -0.2767 (0.0588)
Lambda GC: 0.9489
Mean Chi^2: 0.959
Intercept: 0.9996 (0.0064)
Ratio: NA (mean chi^2 < 1)

Genetic Covariance
------------------
Total Observed scale gencov: 0.0168 (0.042)
Mean z1*z2: -0.0011
Intercept: -0.0037 (0.0045)

Genetic Correlation
-------------------
Genetic Correlation: nan (nan) (h2  out of bounds) 
Z-score: nan (nan) (h2  out of bounds)
P: nan (nan) (h2  out of bounds)
WARNING: One of the h2's was out of bounds.
This usually indicates a data-munging error or that h2 or N is low.

Computing rg for phenotype 15/68
Reading summary statistics from ../output_sumstats/output_pmid24816252_phenylalanine_eur.sumstats.gz ...
Read summary statistics for 1217311 SNPs.
After merging with summary statistics, 1167126 SNPs remain.
1023066 SNPs with valid alleles.

Heritability of phenotype 15/68
-------------------------------
Total Observed scale h2: 0.331 (0.0439)
Lambda GC: 0.8207
Mean Chi^2: 0.8234
Intercept: 0.7773 (0.0051)
Ratio: NA (mean chi^2 < 1)

Genetic Covariance
------------------
Total Observed scale gencov: 0.0514 (0.0371)
Mean z1*z2: 0.0022
Intercept: -0.0058 (0.0039)

Genetic Correlation
-------------------
Genetic Correlation: nan (nan) (h2  out of bounds) 
Z-score: nan (nan) (h2  out of bounds)
P: nan (nan) (h2  out of bounds)
WARNING: One of the h2's was out of bounds.
This usually indicates a data-munging error or that h2 or N is low.

Computing rg for phenotype 16/68
Reading summary statistics from ../output_sumstats/output_pmid24816252_proline_eur.sumstats.gz ...
Read summary statistics for 1217311 SNPs.
After merging with summary statistics, 1167126 SNPs remain.
1023066 SNPs with valid alleles.

Heritability of phenotype 16/68
-------------------------------
Total Observed scale h2: 0.3738 (0.0893)
Lambda GC: 1.0649
Mean Chi^2: 1.0923
Intercept: 1.0381 (0.0125)
Ratio: 0.4126 (0.1356)

Genetic Covariance
------------------
Total Observed scale gencov: -0.0002 (0.0445)
Mean z1*z2: 0.0079
Intercept: 0.008 (0.0046)

Genetic Correlation
-------------------
Genetic Correlation: nan (nan) (h2  out of bounds) 
Z-score: nan (nan) (h2  out of bounds)
P: nan (nan) (h2  out of bounds)
WARNING: One of the h2's was out of bounds.
This usually indicates a data-munging error or that h2 or N is low.

Computing rg for phenotype 17/68
Reading summary statistics from ../output_sumstats/output_pmid24816252_pyruvate_eur.sumstats.gz ...
Read summary statistics for 1217311 SNPs.
After merging with summary statistics, 1167126 SNPs remain.
1023066 SNPs with valid alleles.

Heritability of phenotype 17/68
-------------------------------
Total Observed scale h2: 0.1519 (0.0557)
Lambda GC: 1.0195
Mean Chi^2: 1.0203
Intercept: 0.9988 (0.0059)
Ratio < 0 (usually indicates GC correction).

Genetic Covariance
------------------
Total Observed scale gencov: -0.0443 (0.0411)
Mean z1*z2: -0.0049
Intercept: 0.0018 (0.0044)

Genetic Correlation
-------------------
Genetic Correlation: nan (nan) (h2  out of bounds) 
Z-score: nan (nan) (h2  out of bounds)
P: nan (nan) (h2  out of bounds)
WARNING: One of the h2's was out of bounds.
This usually indicates a data-munging error or that h2 or N is low.

Computing rg for phenotype 18/68
Reading summary statistics from ../output_sumstats/output_pmid24816252_threonine_eur.sumstats.gz ...
Read summary statistics for 1217311 SNPs.
After merging with summary statistics, 1167126 SNPs remain.
1023066 SNPs with valid alleles.

Heritability of phenotype 18/68
-------------------------------
Total Observed scale h2: 0.0459 (0.0828)
Lambda GC: 1.0016
Mean Chi^2: 1.0149
Intercept: 1.0096 (0.0067)
Ratio: 0.6474 (0.4509)

Genetic Covariance
------------------
Total Observed scale gencov: -0.0302 (0.0488)
Mean z1*z2: -0.0005
Intercept: 0.0036 (0.0049)

Genetic Correlation
-------------------
Genetic Correlation: nan (nan) (h2  out of bounds) 
Z-score: nan (nan) (h2  out of bounds)
P: nan (nan) (h2  out of bounds)
WARNING: One of the h2's was out of bounds.
This usually indicates a data-munging error or that h2 or N is low.

Computing rg for phenotype 19/68
Reading summary statistics from ../output_sumstats/output_pmid24816252_tryptophan_eur.sumstats.gz ...
Read summary statistics for 1217311 SNPs.
After merging with summary statistics, 1167126 SNPs remain.
1023066 SNPs with valid alleles.

Heritability of phenotype 19/68
-------------------------------
Total Observed scale h2: 0.9227 (0.0745)
Lambda GC: 1.0864
Mean Chi^2: 1.1816
Intercept: 1.0488 (0.008)
Ratio: 0.2688 (0.044)

Genetic Covariance
------------------
Total Observed scale gencov: -0.0344 (0.045)
Mean z1*z2: -0.0062
Intercept: -0.0012 (0.0051)

Genetic Correlation
-------------------
Genetic Correlation: nan (nan) (h2  out of bounds) 
Z-score: nan (nan) (h2  out of bounds)
P: nan (nan) (h2  out of bounds)
WARNING: One of the h2's was out of bounds.
This usually indicates a data-munging error or that h2 or N is low.

Computing rg for phenotype 20/68
Reading summary statistics from ../output_sumstats/output_pmid24816252_tyrosine_eur.sumstats.gz ...
Read summary statistics for 1217311 SNPs.
After merging with summary statistics, 1167126 SNPs remain.
1023066 SNPs with valid alleles.

Heritability of phenotype 20/68
-------------------------------
Total Observed scale h2: 0.1659 (0.0706)
Lambda GC: 1.0466
Mean Chi^2: 1.0568
Intercept: 1.0326 (0.0072)
Ratio: 0.574 (0.1263)

Genetic Covariance
------------------
Total Observed scale gencov: -0.0317 (0.0408)
Mean z1*z2: 0.0007
Intercept: 0.0058 (0.0045)

Genetic Correlation
-------------------
Genetic Correlation: nan (nan) (h2  out of bounds) 
Z-score: nan (nan) (h2  out of bounds)
P: nan (nan) (h2  out of bounds)
WARNING: One of the h2's was out of bounds.
This usually indicates a data-munging error or that h2 or N is low.

Computing rg for phenotype 21/68
Reading summary statistics from ../output_sumstats/output_pmid24816252_urea_eur.sumstats.gz ...
Read summary statistics for 1217311 SNPs.
After merging with summary statistics, 1167126 SNPs remain.
1023066 SNPs with valid alleles.

Heritability of phenotype 21/68
-------------------------------
Total Observed scale h2: -0.08 (0.0526)
Lambda GC: 0.9898
Mean Chi^2: 1.0009
Intercept: 1.0125 (0.0063)
Ratio: 14.2193 (7.1914)

Genetic Covariance
------------------
Total Observed scale gencov: 0.0316 (0.0385)
Mean z1*z2: 0.003
Intercept: -0.0018 (0.0047)

Genetic Correlation
-------------------
Genetic Correlation: nan (nan) (h2  out of bounds) 
Z-score: nan (nan) (h2  out of bounds)
P: nan (nan) (h2  out of bounds)
WARNING: One of the h2's was out of bounds.
This usually indicates a data-munging error or that h2 or N is low.

Computing rg for phenotype 22/68
Reading summary statistics from ../output_sumstats/output_pmid27386562_MS_eur.sumstats.gz ...
Read summary statistics for 1217311 SNPs.
After merging with summary statistics, 1167126 SNPs remain.
1136820 SNPs with valid alleles.

Heritability of phenotype 22/68
-------------------------------
Total Observed scale h2: 0.2422 (0.0475)
Lambda GC: 1.1207
Mean Chi^2: 1.1414
Intercept: 1.0665 (0.0089)
Ratio: 0.4702 (0.063)

Genetic Covariance
------------------
Total Observed scale gencov: 0.0354 (0.0328)
Mean z1*z2: 0.0038
Intercept: -0.0034 (0.0054)

Genetic Correlation
-------------------
Genetic Correlation: nan (nan) (h2  out of bounds) 
Z-score: nan (nan) (h2  out of bounds)
P: nan (nan) (h2  out of bounds)
WARNING: One of the h2's was out of bounds.
This usually indicates a data-munging error or that h2 or N is low.

Computing rg for phenotype 23/68
Reading summary statistics from ../output_sumstats/output_pmid27455348_ALS_eur.sumstats.gz ...
Read summary statistics for 1217311 SNPs.
After merging with summary statistics, 1167126 SNPs remain.
1153352 SNPs with valid alleles.

Heritability of phenotype 23/68
-------------------------------
Total Observed scale h2: 0.0478 (0.0128)
Lambda GC: 1.0285
Mean Chi^2: 1.0316
Intercept: 0.9975 (0.0063)
Ratio < 0 (usually indicates GC correction).

Genetic Covariance
------------------
Total Observed scale gencov: -0.0098 (0.0198)
Mean z1*z2: 0.0003
Intercept: 0.0034 (0.005)

Genetic Correlation
-------------------
Genetic Correlation: nan (nan) (h2  out of bounds) 
Z-score: nan (nan) (h2  out of bounds)
P: nan (nan) (h2  out of bounds)
WARNING: One of the h2's was out of bounds.
This usually indicates a data-munging error or that h2 or N is low.

Computing rg for phenotype 24/68
Reading summary statistics from ../output_sumstats/output_pmid27989323_CTACK_eur.sumstats.gz ...
Read summary statistics for 1217311 SNPs.
After merging with summary statistics, 1167126 SNPs remain.
1163550 SNPs with valid alleles.

Heritability of phenotype 24/68
-------------------------------
Total Observed scale h2: -0.0072 (0.1165)
Lambda GC: 0.9957
Mean Chi^2: 1.0034
Intercept: 1.0039 (0.0071)
Ratio: 1.1553 (2.1044)

Genetic Covariance
------------------
Total Observed scale gencov: -0.0039 (0.0623)
Mean z1*z2: 0.0367
Intercept: 0.0371 (0.0051)

Genetic Correlation
-------------------
Genetic Correlation: nan (nan) (h2  out of bounds) 
Z-score: nan (nan) (h2  out of bounds)
P: nan (nan) (h2  out of bounds)
WARNING: One of the h2's was out of bounds.
This usually indicates a data-munging error or that h2 or N is low.

Computing rg for phenotype 25/68
Reading summary statistics from ../output_sumstats/output_pmid27989323_GCSF_eur.sumstats.gz ...
Read summary statistics for 1217311 SNPs.
After merging with summary statistics, 1167126 SNPs remain.
1164466 SNPs with valid alleles.
ERROR computing rg for phenotype 25/68, from file ../output_sumstats/output_pmid27989323_GCSF_eur.sumstats.gz.
Traceback (most recent call last):
  File "/Users/as/Documents/UNI/Bioinformatik/2023:24_WS/GoBi_Lokal/BlockTeil_Metabolomics/ldsc/ldscore/sumstats.py", line 410, in estimate_rg
    rghat = _rg(loop, args, log, M_annot, ref_ld_cnames, w_ld_cname, i)
  File "/Users/as/Documents/UNI/Bioinformatik/2023:24_WS/GoBi_Lokal/BlockTeil_Metabolomics/ldsc/ldscore/sumstats.py", line 539, in _rg
    intercept_gencov=intercepts[2], n_blocks=n_blocks, twostep=args.two_step)
  File "/Users/as/Documents/UNI/Bioinformatik/2023:24_WS/GoBi_Lokal/BlockTeil_Metabolomics/ldsc/ldscore/regressions.py", line 705, in __init__
    np.multiply(hsq1.tot_delete_values, hsq2.tot_delete_values))
FloatingPointError: invalid value encountered in sqrt


Computing rg for phenotype 26/68
Reading summary statistics from ../output_sumstats/output_pmid27989323_GROa_eur.sumstats.gz ...
Read summary statistics for 1217311 SNPs.
After merging with summary statistics, 1167126 SNPs remain.
63 SNPs with valid alleles.
WARNING: number of SNPs less than 200k; this is almost always bad.

Heritability of phenotype 26/68
-------------------------------
Total Observed scale h2: -45.2997 (20.7723)
Lambda GC: 0.3141
Mean Chi^2: 0.4167
Intercept: 1.381 (0.479)
Ratio: NA (mean chi^2 < 1)

Genetic Covariance
------------------
Total Observed scale gencov: -20.9013 (11.5092)
Mean z1*z2: 0.0948
Intercept: 0.7743 (0.4009)

Genetic Correlation
-------------------
Genetic Correlation: nan (nan) (h2  out of bounds) 
Z-score: nan (nan) (h2  out of bounds)
P: nan (nan) (h2  out of bounds)
WARNING: One of the h2's was out of bounds.
This usually indicates a data-munging error or that h2 or N is low.

Computing rg for phenotype 27/68
Reading summary statistics from ../output_sumstats/output_pmid27989323_HGF_eur.sumstats.gz ...
Read summary statistics for 1217311 SNPs.
After merging with summary statistics, 1167126 SNPs remain.
1164396 SNPs with valid alleles.

Heritability of phenotype 27/68
-------------------------------
Total Observed scale h2: -0.0254 (0.0588)
Lambda GC: 1.0046
Mean Chi^2: 1.0063
Intercept: 1.0105 (0.0081)
Ratio: 1.6598 (1.286)

Genetic Covariance
------------------
Total Observed scale gencov: -0.0471 (0.0436)
Mean z1*z2: 0.3297
Intercept: 0.3374 (0.0054)

Genetic Correlation
-------------------
Genetic Correlation: nan (nan) (h2  out of bounds) 
Z-score: nan (nan) (h2  out of bounds)
P: nan (nan) (h2  out of bounds)
WARNING: One of the h2's was out of bounds.
This usually indicates a data-munging error or that h2 or N is low.

Computing rg for phenotype 28/68
Reading summary statistics from ../output_sumstats/output_pmid27989323_IFNg_eur.sumstats.gz ...
Read summary statistics for 1217311 SNPs.
After merging with summary statistics, 1167126 SNPs remain.
1164473 SNPs with valid alleles.

Heritability of phenotype 28/68
-------------------------------
Total Observed scale h2: 0.0136 (0.0623)
Lambda GC: 1.0075
Mean Chi^2: 1.0018
Intercept: 0.9997 (0.0073)
Ratio < 0 (usually indicates GC correction).

Genetic Covariance
------------------
Total Observed scale gencov: 0.0182 (0.0544)
Mean z1*z2: 0.6639
Intercept: 0.661 (0.0065)

Genetic Correlation
-------------------
Genetic Correlation: nan (nan) (h2  out of bounds) 
Z-score: nan (nan) (h2  out of bounds)
P: nan (nan) (h2  out of bounds)
WARNING: One of the h2's was out of bounds.
This usually indicates a data-munging error or that h2 or N is low.

Computing rg for phenotype 29/68
Reading summary statistics from ../output_sumstats/output_pmid27989323_IL10_eur.sumstats.gz ...
Read summary statistics for 1217311 SNPs.
After merging with summary statistics, 1167126 SNPs remain.
1164556 SNPs with valid alleles.

Heritability of phenotype 29/68
-------------------------------
Total Observed scale h2: -0.0076 (0.0792)
Lambda GC: 1.0046
Mean Chi^2: 1.0174
Intercept: 1.0186 (0.0122)
Ratio: 1.0668 (0.7018)

Genetic Covariance
------------------
Total Observed scale gencov: 0.0491 (0.0524)
Mean z1*z2: 0.6084
Intercept: 0.6006 (0.0058)

Genetic Correlation
-------------------
Genetic Correlation: nan (nan) (h2  out of bounds) 
Z-score: nan (nan) (h2  out of bounds)
P: nan (nan) (h2  out of bounds)
WARNING: One of the h2's was out of bounds.
This usually indicates a data-munging error or that h2 or N is low.

Computing rg for phenotype 30/68
Reading summary statistics from ../output_sumstats/output_pmid27989323_IL12p70_eur.sumstats.gz ...
Read summary statistics for 1217311 SNPs.
After merging with summary statistics, 1167126 SNPs remain.
1164430 SNPs with valid alleles.

Heritability of phenotype 30/68
-------------------------------
Total Observed scale h2: -0.0203 (0.0898)
Lambda GC: 1.0255
Mean Chi^2: 1.0313
Intercept: 1.0347 (0.0194)
Ratio: 1.1059 (0.6188)

Genetic Covariance
------------------
Total Observed scale gencov: 0.0227 (0.0489)
Mean z1*z2: 0.6663
Intercept: 0.6626 (0.0063)

Genetic Correlation
-------------------
Genetic Correlation: nan (nan) (h2  out of bounds) 
Z-score: nan (nan) (h2  out of bounds)
P: nan (nan) (h2  out of bounds)
WARNING: One of the h2's was out of bounds.
This usually indicates a data-munging error or that h2 or N is low.

Computing rg for phenotype 31/68
Reading summary statistics from ../output_sumstats/output_pmid27989323_IL13_eur.sumstats.gz ...
Read summary statistics for 1217311 SNPs.
After merging with summary statistics, 1167126 SNPs remain.
1163317 SNPs with valid alleles.

Heritability of phenotype 31/68
-------------------------------
Total Observed scale h2: -0.1648 (0.1627)
Lambda GC: 1.0046
Mean Chi^2: 1.0055
Intercept: 1.0171 (0.0124)
Ratio: 3.1235 (2.2692)

Genetic Covariance
------------------
Total Observed scale gencov: 0.0342 (0.0685)
Mean z1*z2: 0.3356
Intercept: 0.332 (0.0055)

Genetic Correlation
-------------------
Genetic Correlation: nan (nan) (h2  out of bounds) 
Z-score: nan (nan) (h2  out of bounds)
P: nan (nan) (h2  out of bounds)
WARNING: One of the h2's was out of bounds.
This usually indicates a data-munging error or that h2 or N is low.

Computing rg for phenotype 32/68
Reading summary statistics from ../output_sumstats/output_pmid27989323_IL16_eur.sumstats.gz ...
Read summary statistics for 1217311 SNPs.
After merging with summary statistics, 1167126 SNPs remain.
1163434 SNPs with valid alleles.

Heritability of phenotype 32/68
-------------------------------
Total Observed scale h2: -0.0837 (0.1284)
Lambda GC: 0.9898
Mean Chi^2: 0.9902
Intercept: 0.996 (0.0073)
Ratio: NA (mean chi^2 < 1)

Genetic Covariance
------------------
Total Observed scale gencov: -0.1253 (0.0597)
Mean z1*z2: 0.0409
Intercept: 0.0542 (0.0049)

Genetic Correlation
-------------------
Genetic Correlation: nan (nan) (h2  out of bounds) 
Z-score: nan (nan) (h2  out of bounds)
P: nan (nan) (h2  out of bounds)
WARNING: One of the h2's was out of bounds.
This usually indicates a data-munging error or that h2 or N is low.

Computing rg for phenotype 33/68
Reading summary statistics from ../output_sumstats/output_pmid27989323_IL17_eur.sumstats.gz ...
Read summary statistics for 1217311 SNPs.
After merging with summary statistics, 1167126 SNPs remain.
2128 SNPs with valid alleles.
WARNING: number of SNPs less than 200k; this is almost always bad.

Heritability of phenotype 33/68
-------------------------------
Total Observed scale h2: -3.0864 (1.346)
Lambda GC: 1.1317
Mean Chi^2: 1.1987
Intercept: 1.4607 (0.1332)
Ratio: 2.3186 (0.6701)

Genetic Covariance
------------------
Total Observed scale gencov: -3.6071 (0.6831)
Mean z1*z2: 0.5267
Intercept: 0.8404 (0.0752)

Genetic Correlation
-------------------
Genetic Correlation: nan (nan) (h2  out of bounds) 
Z-score: nan (nan) (h2  out of bounds)
P: nan (nan) (h2  out of bounds)
WARNING: One of the h2's was out of bounds.
This usually indicates a data-munging error or that h2 or N is low.

Computing rg for phenotype 34/68
Reading summary statistics from ../output_sumstats/output_pmid27989323_IL18_eur.sumstats.gz ...
Read summary statistics for 1217311 SNPs.
After merging with summary statistics, 1167126 SNPs remain.
388864 SNPs with valid alleles.
ERROR computing rg for phenotype 34/68, from file ../output_sumstats/output_pmid27989323_IL18_eur.sumstats.gz.
Traceback (most recent call last):
  File "/Users/as/Documents/UNI/Bioinformatik/2023:24_WS/GoBi_Lokal/BlockTeil_Metabolomics/ldsc/ldscore/sumstats.py", line 410, in estimate_rg
    rghat = _rg(loop, args, log, M_annot, ref_ld_cnames, w_ld_cname, i)
  File "/Users/as/Documents/UNI/Bioinformatik/2023:24_WS/GoBi_Lokal/BlockTeil_Metabolomics/ldsc/ldscore/sumstats.py", line 539, in _rg
    intercept_gencov=intercepts[2], n_blocks=n_blocks, twostep=args.two_step)
  File "/Users/as/Documents/UNI/Bioinformatik/2023:24_WS/GoBi_Lokal/BlockTeil_Metabolomics/ldsc/ldscore/regressions.py", line 705, in __init__
    np.multiply(hsq1.tot_delete_values, hsq2.tot_delete_values))
FloatingPointError: invalid value encountered in sqrt


Computing rg for phenotype 35/68
Reading summary statistics from ../output_sumstats/output_pmid27989323_IL1ra_eur.sumstats.gz ...
Read summary statistics for 1217311 SNPs.
After merging with summary statistics, 1167126 SNPs remain.
1163672 SNPs with valid alleles.

Heritability of phenotype 35/68
-------------------------------
Total Observed scale h2: 0.02 (0.1436)
Lambda GC: 1.0105
Mean Chi^2: 1.0085
Intercept: 1.007 (0.008)
Ratio: 0.8318 (0.942)

Genetic Covariance
------------------
Total Observed scale gencov: 0.0599 (0.0724)
Mean z1*z2: 0.4469
Intercept: 0.4404 (0.0059)

Genetic Correlation
-------------------
Genetic Correlation: nan (nan) (h2  out of bounds) 
Z-score: nan (nan) (h2  out of bounds)
P: nan (nan) (h2  out of bounds)
WARNING: One of the h2's was out of bounds.
This usually indicates a data-munging error or that h2 or N is low.

Computing rg for phenotype 36/68
Reading summary statistics from ../output_sumstats/output_pmid27989323_IL2_eur.sumstats.gz ...
Read summary statistics for 1217311 SNPs.
After merging with summary statistics, 1167126 SNPs remain.
1163176 SNPs with valid alleles.

Heritability of phenotype 36/68
-------------------------------
Total Observed scale h2: -0.0818 (0.1299)
Lambda GC: 1.0165
Mean Chi^2: 1.0075
Intercept: 1.0131 (0.0071)
Ratio: 1.7547 (0.9483)

Genetic Covariance
------------------
Total Observed scale gencov: -0.0517 (0.0711)
Mean z1*z2: 0.4436
Intercept: 0.4491 (0.0056)

Genetic Correlation
-------------------
Genetic Correlation: nan (nan) (h2  out of bounds) 
Z-score: nan (nan) (h2  out of bounds)
P: nan (nan) (h2  out of bounds)
WARNING: One of the h2's was out of bounds.
This usually indicates a data-munging error or that h2 or N is low.

Computing rg for phenotype 37/68
Reading summary statistics from ../output_sumstats/output_pmid27989323_IL2ra_eur.sumstats.gz ...
Read summary statistics for 1217311 SNPs.
After merging with summary statistics, 1167126 SNPs remain.
1163639 SNPs with valid alleles.
ERROR computing rg for phenotype 37/68, from file ../output_sumstats/output_pmid27989323_IL2ra_eur.sumstats.gz.
Traceback (most recent call last):
  File "/Users/as/Documents/UNI/Bioinformatik/2023:24_WS/GoBi_Lokal/BlockTeil_Metabolomics/ldsc/ldscore/sumstats.py", line 410, in estimate_rg
    rghat = _rg(loop, args, log, M_annot, ref_ld_cnames, w_ld_cname, i)
  File "/Users/as/Documents/UNI/Bioinformatik/2023:24_WS/GoBi_Lokal/BlockTeil_Metabolomics/ldsc/ldscore/sumstats.py", line 539, in _rg
    intercept_gencov=intercepts[2], n_blocks=n_blocks, twostep=args.two_step)
  File "/Users/as/Documents/UNI/Bioinformatik/2023:24_WS/GoBi_Lokal/BlockTeil_Metabolomics/ldsc/ldscore/regressions.py", line 705, in __init__
    np.multiply(hsq1.tot_delete_values, hsq2.tot_delete_values))
FloatingPointError: invalid value encountered in sqrt


Computing rg for phenotype 38/68
Reading summary statistics from ../output_sumstats/output_pmid27989323_IL4_eur.sumstats.gz ...
Read summary statistics for 1217311 SNPs.
After merging with summary statistics, 1167126 SNPs remain.
1164305 SNPs with valid alleles.

Heritability of phenotype 38/68
-------------------------------
Total Observed scale h2: -0.0389 (0.06)
Lambda GC: 1.0046
Mean Chi^2: 1.0046
Intercept: 1.0108 (0.0079)
Ratio: 2.3644 (1.7303)

Genetic Covariance
------------------
Total Observed scale gencov: -0.0152 (0.05)
Mean z1*z2: 0.7455
Intercept: 0.748 (0.0066)

Genetic Correlation
-------------------
Genetic Correlation: nan (nan) (h2  out of bounds) 
Z-score: nan (nan) (h2  out of bounds)
P: nan (nan) (h2  out of bounds)
WARNING: One of the h2's was out of bounds.
This usually indicates a data-munging error or that h2 or N is low.

Computing rg for phenotype 39/68
Reading summary statistics from ../output_sumstats/output_pmid27989323_IL5_eur.sumstats.gz ...
Read summary statistics for 1217311 SNPs.
After merging with summary statistics, 1167126 SNPs remain.
1161778 SNPs with valid alleles.

Heritability of phenotype 39/68
-------------------------------
Total Observed scale h2: -0.1238 (0.1374)
Lambda GC: 1.0075
Mean Chi^2: 1.0041
Intercept: 1.0124 (0.0074)
Ratio: 2.9963 (1.7954)

Genetic Covariance
------------------
Total Observed scale gencov: 0.0665 (0.0659)
Mean z1*z2: 0.3478
Intercept: 0.3408 (0.0055)

Genetic Correlation
-------------------
Genetic Correlation: nan (nan) (h2  out of bounds) 
Z-score: nan (nan) (h2  out of bounds)
P: nan (nan) (h2  out of bounds)
WARNING: One of the h2's was out of bounds.
This usually indicates a data-munging error or that h2 or N is low.

Computing rg for phenotype 40/68
Reading summary statistics from ../output_sumstats/output_pmid27989323_IL7_eur.sumstats.gz ...
Read summary statistics for 1217311 SNPs.
After merging with summary statistics, 1167126 SNPs remain.
1164136 SNPs with valid alleles.

Heritability of phenotype 40/68
-------------------------------
Total Observed scale h2: -0.0312 (0.157)
Lambda GC: 1.0046
Mean Chi^2: 1.0107
Intercept: 1.0128 (0.0089)
Ratio: 1.1977 (0.8356)

Genetic Covariance
------------------
Total Observed scale gencov: 0.0409 (0.0706)
Mean z1*z2: 0.3379
Intercept: 0.3336 (0.0051)

Genetic Correlation
-------------------
Genetic Correlation: nan (nan) (h2  out of bounds) 
Z-score: nan (nan) (h2  out of bounds)
P: nan (nan) (h2  out of bounds)
WARNING: One of the h2's was out of bounds.
This usually indicates a data-munging error or that h2 or N is low.

Computing rg for phenotype 41/68
Reading summary statistics from ../output_sumstats/output_pmid27989323_IL8_eur.sumstats.gz ...
Read summary statistics for 1217311 SNPs.
After merging with summary statistics, 1167126 SNPs remain.
1162778 SNPs with valid alleles.

Heritability of phenotype 41/68
-------------------------------
Total Observed scale h2: -0.0308 (0.1268)
Lambda GC: 1.0016
Mean Chi^2: 1.006
Intercept: 1.0081 (0.0068)
Ratio: 1.3625 (1.1413)

Genetic Covariance
------------------
Total Observed scale gencov: 0.0389 (0.0732)
Mean z1*z2: 0.3769
Intercept: 0.3728 (0.0057)

Genetic Correlation
-------------------
Genetic Correlation: nan (nan) (h2  out of bounds) 
Z-score: nan (nan) (h2  out of bounds)
P: nan (nan) (h2  out of bounds)
WARNING: One of the h2's was out of bounds.
This usually indicates a data-munging error or that h2 or N is low.

Computing rg for phenotype 42/68
Reading summary statistics from ../output_sumstats/output_pmid27989323_IL9_eur.sumstats.gz ...
Read summary statistics for 1217311 SNPs.
After merging with summary statistics, 1167126 SNPs remain.
1163624 SNPs with valid alleles.

Heritability of phenotype 42/68
-------------------------------
Total Observed scale h2: -0.1717 (0.126)
Lambda GC: 1.0135
Mean Chi^2: 1.001
Intercept: 1.0134 (0.007)
Ratio: 13.4696 (7.0701)

Genetic Covariance
------------------
Total Observed scale gencov: -0.0679 (0.0638)
Mean z1*z2: 0.3292
Intercept: 0.3365 (0.0055)

Genetic Correlation
-------------------
Genetic Correlation: nan (nan) (h2  out of bounds) 
Z-score: nan (nan) (h2  out of bounds)
P: nan (nan) (h2  out of bounds)
WARNING: One of the h2's was out of bounds.
This usually indicates a data-munging error or that h2 or N is low.

Computing rg for phenotype 43/68
Reading summary statistics from ../output_sumstats/output_pmid27989323_MCP1_eur.sumstats.gz ...
Read summary statistics for 1217311 SNPs.
After merging with summary statistics, 1167126 SNPs remain.
1164560 SNPs with valid alleles.

Heritability of phenotype 43/68
-------------------------------
Total Observed scale h2: 0.171 (0.0822)
Lambda GC: 1.0105
Mean Chi^2: 1.0228
Intercept: 0.9949 (0.0079)
Ratio < 0 (usually indicates GC correction).

Genetic Covariance
------------------
Total Observed scale gencov: 0.0475 (0.0445)
Mean z1*z2: 0.341
Intercept: 0.3331 (0.0055)

Genetic Correlation
-------------------
Genetic Correlation: nan (nan) (h2  out of bounds) 
Z-score: nan (nan) (h2  out of bounds)
P: nan (nan) (h2  out of bounds)
WARNING: One of the h2's was out of bounds.
This usually indicates a data-munging error or that h2 or N is low.

Computing rg for phenotype 44/68
Reading summary statistics from ../output_sumstats/output_pmid27989323_MCP3_eur.sumstats.gz ...
Read summary statistics for 1217311 SNPs.
After merging with summary statistics, 1167126 SNPs remain.
1125916 SNPs with valid alleles.

Heritability of phenotype 44/68
-------------------------------
Total Observed scale h2: -0.8636 (0.5711)
Lambda GC: 0.9986
Mean Chi^2: 0.9992
Intercept: 1.0139 (0.0078)
Ratio: NA (mean chi^2 < 1)

Genetic Covariance
------------------
Total Observed scale gencov: -0.0334 (0.1197)
Mean z1*z2: 0.0958
Intercept: 0.0976 (0.005)

Genetic Correlation
-------------------
Genetic Correlation: nan (nan) (h2  out of bounds) 
Z-score: nan (nan) (h2  out of bounds)
P: nan (nan) (h2  out of bounds)
WARNING: One of the h2's was out of bounds.
This usually indicates a data-munging error or that h2 or N is low.

Computing rg for phenotype 45/68
Reading summary statistics from ../output_sumstats/output_pmid27989323_MCSF_eur.sumstats.gz ...
Read summary statistics for 1217311 SNPs.
After merging with summary statistics, 1167126 SNPs remain.
1159831 SNPs with valid alleles.

Heritability of phenotype 45/68
-------------------------------
Total Observed scale h2: 0.1292 (0.5024)
Lambda GC: 0.9986
Mean Chi^2: 0.9932
Intercept: 0.991 (0.0069)
Ratio: NA (mean chi^2 < 1)

Genetic Covariance
------------------
Total Observed scale gencov: -0.2379 (0.118)
Mean z1*z2: 0.0387
Intercept: 0.0511 (0.0045)

Genetic Correlation
-------------------
Genetic Correlation: nan (nan) (h2  out of bounds) 
Z-score: nan (nan) (h2  out of bounds)
P: nan (nan) (h2  out of bounds)
WARNING: One of the h2's was out of bounds.
This usually indicates a data-munging error or that h2 or N is low.

Computing rg for phenotype 46/68
Reading summary statistics from ../output_sumstats/output_pmid27989323_MIF_eur.sumstats.gz ...
Read summary statistics for 1217311 SNPs.
After merging with summary statistics, 1167126 SNPs remain.
1163439 SNPs with valid alleles.
ERROR computing rg for phenotype 46/68, from file ../output_sumstats/output_pmid27989323_MIF_eur.sumstats.gz.
Traceback (most recent call last):
  File "/Users/as/Documents/UNI/Bioinformatik/2023:24_WS/GoBi_Lokal/BlockTeil_Metabolomics/ldsc/ldscore/sumstats.py", line 410, in estimate_rg
    rghat = _rg(loop, args, log, M_annot, ref_ld_cnames, w_ld_cname, i)
  File "/Users/as/Documents/UNI/Bioinformatik/2023:24_WS/GoBi_Lokal/BlockTeil_Metabolomics/ldsc/ldscore/sumstats.py", line 539, in _rg
    intercept_gencov=intercepts[2], n_blocks=n_blocks, twostep=args.two_step)
  File "/Users/as/Documents/UNI/Bioinformatik/2023:24_WS/GoBi_Lokal/BlockTeil_Metabolomics/ldsc/ldscore/regressions.py", line 705, in __init__
    np.multiply(hsq1.tot_delete_values, hsq2.tot_delete_values))
FloatingPointError: invalid value encountered in sqrt


Computing rg for phenotype 47/68
Reading summary statistics from ../output_sumstats/output_pmid27989323_MIG_eur.sumstats.gz ...
Read summary statistics for 1217311 SNPs.
After merging with summary statistics, 1167126 SNPs remain.
1163436 SNPs with valid alleles.

Heritability of phenotype 47/68
-------------------------------
Total Observed scale h2: -0.1369 (0.1086)
Lambda GC: 1.0046
Mean Chi^2: 1.0044
Intercept: 1.0144 (0.0064)
Ratio: 3.2736 (1.4642)

Genetic Covariance
------------------
Total Observed scale gencov: -0.0764 (0.0618)
Mean z1*z2: 0.102
Intercept: 0.1103 (0.0053)

Genetic Correlation
-------------------
Genetic Correlation: nan (nan) (h2  out of bounds) 
Z-score: nan (nan) (h2  out of bounds)
P: nan (nan) (h2  out of bounds)
WARNING: One of the h2's was out of bounds.
This usually indicates a data-munging error or that h2 or N is low.

Computing rg for phenotype 48/68
Reading summary statistics from ../output_sumstats/output_pmid27989323_MIP1a_eur.sumstats.gz ...
Read summary statistics for 1217311 SNPs.
After merging with summary statistics, 1167126 SNPs remain.
1162844 SNPs with valid alleles.

Heritability of phenotype 48/68
-------------------------------
Total Observed scale h2: -0.132 (0.1415)
Lambda GC: 0.9957
Mean Chi^2: 0.9991
Intercept: 1.0083 (0.0071)
Ratio: NA (mean chi^2 < 1)

Genetic Covariance
------------------
Total Observed scale gencov: -0.0052 (0.0646)
Mean z1*z2: 0.3336
Intercept: 0.3341 (0.0053)

Genetic Correlation
-------------------
Genetic Correlation: nan (nan) (h2  out of bounds) 
Z-score: nan (nan) (h2  out of bounds)
P: nan (nan) (h2  out of bounds)
WARNING: One of the h2's was out of bounds.
This usually indicates a data-munging error or that h2 or N is low.

Computing rg for phenotype 49/68
Reading summary statistics from ../output_sumstats/output_pmid27989323_MIP1b_eur.sumstats.gz ...
Read summary statistics for 1217311 SNPs.
After merging with summary statistics, 1167126 SNPs remain.
1164433 SNPs with valid alleles.

Heritability of phenotype 49/68
-------------------------------
Total Observed scale h2: 0.2276 (0.2753)
Lambda GC: 1.0165
Mean Chi^2: 1.0552
Intercept: 1.0177 (0.0284)
Ratio: 0.3204 (0.5149)

Genetic Covariance
------------------
Total Observed scale gencov: -0.0119 (0.057)
Mean z1*z2: 0.3498
Intercept: 0.352 (0.0059)

Genetic Correlation
-------------------
Genetic Correlation: nan (nan) (h2  out of bounds) 
Z-score: nan (nan) (h2  out of bounds)
P: nan (nan) (h2  out of bounds)
WARNING: One of the h2's was out of bounds.
This usually indicates a data-munging error or that h2 or N is low.

Computing rg for phenotype 50/68
Reading summary statistics from ../output_sumstats/output_pmid27989323_PDGFbb_eur.sumstats.gz ...
Read summary statistics for 1217311 SNPs.
After merging with summary statistics, 1167126 SNPs remain.
1164494 SNPs with valid alleles.

Heritability of phenotype 50/68
-------------------------------
Total Observed scale h2: -0.0061 (0.0623)
Lambda GC: 1.0225
Mean Chi^2: 1.0215
Intercept: 1.0225 (0.0086)
Ratio: 1.0469 (0.4)

Genetic Covariance
------------------
Total Observed scale gencov: -0.0355 (0.0446)
Mean z1*z2: 0.5101
Intercept: 0.5159 (0.0059)

Genetic Correlation
-------------------
Genetic Correlation: nan (nan) (h2  out of bounds) 
Z-score: nan (nan) (h2  out of bounds)
P: nan (nan) (h2  out of bounds)
WARNING: One of the h2's was out of bounds.
This usually indicates a data-munging error or that h2 or N is low.

Computing rg for phenotype 51/68
Reading summary statistics from ../output_sumstats/output_pmid27989323_RANTES_eur.sumstats.gz ...
Read summary statistics for 1217311 SNPs.
After merging with summary statistics, 1167126 SNPs remain.
1163125 SNPs with valid alleles.
ERROR computing rg for phenotype 51/68, from file ../output_sumstats/output_pmid27989323_RANTES_eur.sumstats.gz.
Traceback (most recent call last):
  File "/Users/as/Documents/UNI/Bioinformatik/2023:24_WS/GoBi_Lokal/BlockTeil_Metabolomics/ldsc/ldscore/sumstats.py", line 410, in estimate_rg
    rghat = _rg(loop, args, log, M_annot, ref_ld_cnames, w_ld_cname, i)
  File "/Users/as/Documents/UNI/Bioinformatik/2023:24_WS/GoBi_Lokal/BlockTeil_Metabolomics/ldsc/ldscore/sumstats.py", line 539, in _rg
    intercept_gencov=intercepts[2], n_blocks=n_blocks, twostep=args.two_step)
  File "/Users/as/Documents/UNI/Bioinformatik/2023:24_WS/GoBi_Lokal/BlockTeil_Metabolomics/ldsc/ldscore/regressions.py", line 705, in __init__
    np.multiply(hsq1.tot_delete_values, hsq2.tot_delete_values))
FloatingPointError: invalid value encountered in sqrt


Computing rg for phenotype 52/68
Reading summary statistics from ../output_sumstats/output_pmid27989323_SCF_eur.sumstats.gz ...
Read summary statistics for 1217311 SNPs.
After merging with summary statistics, 1167126 SNPs remain.
1164250 SNPs with valid alleles.

Heritability of phenotype 52/68
-------------------------------
Total Observed scale h2: -0.0559 (0.0561)
Lambda GC: 1.0046
Mean Chi^2: 1.0093
Intercept: 1.0185 (0.0072)
Ratio: 1.9874 (0.7706)

Genetic Covariance
------------------
Total Observed scale gencov: -0.0847 (0.0348)
Mean z1*z2: 0.1311
Intercept: 0.1449 (0.0051)

Genetic Correlation
-------------------
Genetic Correlation: nan (nan) (h2  out of bounds) 
Z-score: nan (nan) (h2  out of bounds)
P: nan (nan) (h2  out of bounds)
WARNING: One of the h2's was out of bounds.
This usually indicates a data-munging error or that h2 or N is low.

Computing rg for phenotype 53/68
Reading summary statistics from ../output_sumstats/output_pmid27989323_SCGFb_eur.sumstats.gz ...
Read summary statistics for 1217311 SNPs.
After merging with summary statistics, 1167126 SNPs remain.
518185 SNPs with valid alleles.

Heritability of phenotype 53/68
-------------------------------
Total Observed scale h2: 0.099 (0.1779)
Lambda GC: 1.0165
Mean Chi^2: 1.0187
Intercept: 1.0112 (0.0099)
Ratio: 0.5978 (0.5288)

Genetic Covariance
------------------
Total Observed scale gencov: -0.0527 (0.0918)
Mean z1*z2: 0.0622
Intercept: 0.0682 (0.0079)

Genetic Correlation
-------------------
Genetic Correlation: nan (nan) (h2  out of bounds) 
Z-score: nan (nan) (h2  out of bounds)
P: nan (nan) (h2  out of bounds)
WARNING: One of the h2's was out of bounds.
This usually indicates a data-munging error or that h2 or N is low.

Computing rg for phenotype 54/68
Reading summary statistics from ../output_sumstats/output_pmid27989323_SDF1_eur.sumstats.gz ...
Read summary statistics for 1217311 SNPs.
After merging with summary statistics, 1167126 SNPs remain.
1163924 SNPs with valid alleles.

Heritability of phenotype 54/68
-------------------------------
Total Observed scale h2: -0.0085 (0.0753)
Lambda GC: 0.9898
Mean Chi^2: 0.9977
Intercept: 0.9987 (0.0071)
Ratio: NA (mean chi^2 < 1)

Genetic Covariance
------------------
Total Observed scale gencov: 0.0081 (0.0482)
Mean z1*z2: 0.4779
Intercept: 0.4767 (0.0056)

Genetic Correlation
-------------------
Genetic Correlation: nan (nan) (h2  out of bounds) 
Z-score: nan (nan) (h2  out of bounds)
P: nan (nan) (h2  out of bounds)
WARNING: One of the h2's was out of bounds.
This usually indicates a data-munging error or that h2 or N is low.

Computing rg for phenotype 55/68
Reading summary statistics from ../output_sumstats/output_pmid27989323_TNFa_eur.sumstats.gz ...
Read summary statistics for 1217311 SNPs.
After merging with summary statistics, 1167126 SNPs remain.
1162949 SNPs with valid alleles.

Heritability of phenotype 55/68
-------------------------------
Total Observed scale h2: -0.052 (0.1339)
Lambda GC: 0.9868
Mean Chi^2: 0.9941
Intercept: 0.9977 (0.0069)
Ratio: NA (mean chi^2 < 1)

Genetic Covariance
------------------
Total Observed scale gencov: 0.0074 (0.0669)
Mean z1*z2: 0.4253
Intercept: 0.4245 (0.0053)

Genetic Correlation
-------------------
Genetic Correlation: nan (nan) (h2  out of bounds) 
Z-score: nan (nan) (h2  out of bounds)
P: nan (nan) (h2  out of bounds)
WARNING: One of the h2's was out of bounds.
This usually indicates a data-munging error or that h2 or N is low.

Computing rg for phenotype 56/68
Reading summary statistics from ../output_sumstats/output_pmid27989323_TNFb_eur.sumstats.gz ...
Read summary statistics for 1217311 SNPs.
After merging with summary statistics, 1167126 SNPs remain.
1048211 SNPs with valid alleles.

Heritability of phenotype 56/68
-------------------------------
Total Observed scale h2: -0.4513 (0.3085)
Lambda GC: 1.0075
Mean Chi^2: 0.9957
Intercept: 1.0103 (0.0075)
Ratio: NA (mean chi^2 < 1)

Genetic Covariance
------------------
Total Observed scale gencov: 0.0382 (0.0883)
Mean z1*z2: 0.0438
Intercept: 0.0409 (0.0061)

Genetic Correlation
-------------------
Genetic Correlation: nan (nan) (h2  out of bounds) 
Z-score: nan (nan) (h2  out of bounds)
P: nan (nan) (h2  out of bounds)
WARNING: One of the h2's was out of bounds.
This usually indicates a data-munging error or that h2 or N is low.

Computing rg for phenotype 57/68
Reading summary statistics from ../output_sumstats/output_pmid27989323_TRAIL_eur.sumstats.gz ...
Read summary statistics for 1217311 SNPs.
After merging with summary statistics, 1167126 SNPs remain.
1164334 SNPs with valid alleles.

Heritability of phenotype 57/68
-------------------------------
Total Observed scale h2: -0.0191 (0.055)
Lambda GC: 1.0195
Mean Chi^2: 1.0174
Intercept: 1.0205 (0.0116)
Ratio: 1.1778 (0.6693)

Genetic Covariance
------------------
Total Observed scale gencov: -0.0041 (0.0375)
Mean z1*z2: 0.1238
Intercept: 0.1245 (0.0054)

Genetic Correlation
-------------------
Genetic Correlation: nan (nan) (h2  out of bounds) 
Z-score: nan (nan) (h2  out of bounds)
P: nan (nan) (h2  out of bounds)
WARNING: One of the h2's was out of bounds.
This usually indicates a data-munging error or that h2 or N is low.

Computing rg for phenotype 58/68
Reading summary statistics from ../output_sumstats/output_pmid27989323_bNGF_eur.sumstats.gz ...
Read summary statistics for 1217311 SNPs.
After merging with summary statistics, 1167126 SNPs remain.
1163084 SNPs with valid alleles.
ERROR computing rg for phenotype 58/68, from file ../output_sumstats/output_pmid27989323_bNGF_eur.sumstats.gz.
Traceback (most recent call last):
  File "/Users/as/Documents/UNI/Bioinformatik/2023:24_WS/GoBi_Lokal/BlockTeil_Metabolomics/ldsc/ldscore/sumstats.py", line 410, in estimate_rg
    rghat = _rg(loop, args, log, M_annot, ref_ld_cnames, w_ld_cname, i)
  File "/Users/as/Documents/UNI/Bioinformatik/2023:24_WS/GoBi_Lokal/BlockTeil_Metabolomics/ldsc/ldscore/sumstats.py", line 539, in _rg
    intercept_gencov=intercepts[2], n_blocks=n_blocks, twostep=args.two_step)
  File "/Users/as/Documents/UNI/Bioinformatik/2023:24_WS/GoBi_Lokal/BlockTeil_Metabolomics/ldsc/ldscore/regressions.py", line 705, in __init__
    np.multiply(hsq1.tot_delete_values, hsq2.tot_delete_values))
FloatingPointError: invalid value encountered in sqrt


Computing rg for phenotype 59/68
Reading summary statistics from ../output_sumstats/output_pmid27989323_eotaxin_eur.sumstats.gz ...
Read summary statistics for 1217311 SNPs.
After merging with summary statistics, 1167126 SNPs remain.
1164304 SNPs with valid alleles.

Heritability of phenotype 59/68
-------------------------------
Total Observed scale h2: 0.103 (0.0669)
Lambda GC: 1.0135
Mean Chi^2: 1.0256
Intercept: 1.0089 (0.0076)
Ratio: 0.347 (0.2964)

Genetic Covariance
------------------
Total Observed scale gencov: 0.0728 (0.0478)
Mean z1*z2: 0.3882
Intercept: 0.3762 (0.0055)

Genetic Correlation
-------------------
Genetic Correlation: nan (nan) (h2  out of bounds) 
Z-score: nan (nan) (h2  out of bounds)
P: nan (nan) (h2  out of bounds)
WARNING: One of the h2's was out of bounds.
This usually indicates a data-munging error or that h2 or N is low.

Computing rg for phenotype 60/68
Reading summary statistics from ../output_sumstats/output_pmid27989323_ip10_eur.sumstats.gz ...
Read summary statistics for 1217311 SNPs.
After merging with summary statistics, 1167126 SNPs remain.
1163462 SNPs with valid alleles.

Heritability of phenotype 60/68
-------------------------------
Total Observed scale h2: 0.1306 (0.1235)
Lambda GC: 1.0225
Mean Chi^2: 1.0177
Intercept: 1.0082 (0.0072)
Ratio: 0.4622 (0.4086)

Genetic Covariance
------------------
Total Observed scale gencov: 0.1014 (0.0539)
Mean z1*z2: 0.103
Intercept: 0.0919 (0.0048)

Genetic Correlation
-------------------
Genetic Correlation: nan (nan) (h2  out of bounds) 
Z-score: nan (nan) (h2  out of bounds)
P: nan (nan) (h2  out of bounds)
WARNING: One of the h2's was out of bounds.
This usually indicates a data-munging error or that h2 or N is low.

Computing rg for phenotype 61/68
Reading summary statistics from ../output_sumstats/output_pmid29566793_ALS_eur.sumstats.gz ...
Read summary statistics for 1217311 SNPs.
After merging with summary statistics, 1167126 SNPs remain.
1161253 SNPs with valid alleles.

Heritability of phenotype 61/68
-------------------------------
Total Observed scale h2: 0.0319 (0.0072)
Lambda GC: 1.0496
Mean Chi^2: 1.0739
Intercept: 1.0222 (0.0072)
Ratio: 0.301 (0.0974)

Genetic Covariance
------------------
Total Observed scale gencov: 0.0022 (0.0138)
Mean z1*z2: 0.0019
Intercept: 0.0005 (0.005)

Genetic Correlation
-------------------
Genetic Correlation: nan (nan) (h2  out of bounds) 
Z-score: nan (nan) (h2  out of bounds)
P: nan (nan) (h2  out of bounds)
WARNING: One of the h2's was out of bounds.
This usually indicates a data-munging error or that h2 or N is low.

Computing rg for phenotype 62/68
Reading summary statistics from ../output_sumstats/output_pmid29632382_T2d-BMIadj_eur.sumstats.gz ...
Read summary statistics for 1217311 SNPs.
After merging with summary statistics, 1167126 SNPs remain.
25937 SNPs with valid alleles.
WARNING: number of SNPs less than 200k; this is almost always bad.
ERROR computing rg for phenotype 62/68, from file ../output_sumstats/output_pmid29632382_T2d-BMIadj_eur.sumstats.gz.
Traceback (most recent call last):
  File "/Users/as/Documents/UNI/Bioinformatik/2023:24_WS/GoBi_Lokal/BlockTeil_Metabolomics/ldsc/ldscore/sumstats.py", line 410, in estimate_rg
    rghat = _rg(loop, args, log, M_annot, ref_ld_cnames, w_ld_cname, i)
  File "/Users/as/Documents/UNI/Bioinformatik/2023:24_WS/GoBi_Lokal/BlockTeil_Metabolomics/ldsc/ldscore/sumstats.py", line 539, in _rg
    intercept_gencov=intercepts[2], n_blocks=n_blocks, twostep=args.two_step)
  File "/Users/as/Documents/UNI/Bioinformatik/2023:24_WS/GoBi_Lokal/BlockTeil_Metabolomics/ldsc/ldscore/regressions.py", line 705, in __init__
    np.multiply(hsq1.tot_delete_values, hsq2.tot_delete_values))
FloatingPointError: invalid value encountered in sqrt


Computing rg for phenotype 63/68
Reading summary statistics from ../output_sumstats/output_pmid30054458_T2d_eur.sumstats.gz ...
Read summary statistics for 1217311 SNPs.
After merging with summary statistics, 1167126 SNPs remain.
997847 SNPs with valid alleles.

Heritability of phenotype 63/68
-------------------------------
Total Observed scale h2: 0.0457 (0.003)
Lambda GC: 1.4602
Mean Chi^2: 1.6887
Intercept: 1.054 (0.019)
Ratio: 0.0785 (0.0276)

Genetic Covariance
------------------
Total Observed scale gencov: -0.0076 (0.0071)
Mean z1*z2: 0.0005
Intercept: 0.0123 (0.007)

Genetic Correlation
-------------------
Genetic Correlation: -0.1959 (0.3051)
Z-score: -0.6423
P: 0.5207

Computing rg for phenotype 64/68
Reading summary statistics from ../output_sumstats/output_pmid33111402_PD_eur.sumstats.gz ...
Read summary statistics for 1217311 SNPs.
After merging with summary statistics, 1167126 SNPs remain.
9911 SNPs with valid alleles.
WARNING: number of SNPs less than 200k; this is almost always bad.

Heritability of phenotype 64/68
-------------------------------
Total Observed scale h2: -2.5969 (1.1495)
Lambda GC: 0.9547
Mean Chi^2: 0.9491
Intercept: 1.0835 (0.0598)
Ratio: NA (mean chi^2 < 1)

Genetic Covariance
------------------
Total Observed scale gencov: -0.1033 (0.3688)
Mean z1*z2: -0.0082
Intercept: 0.001 (0.0342)

Genetic Correlation
-------------------
Genetic Correlation: nan (nan) (h2  out of bounds) 
Z-score: nan (nan) (h2  out of bounds)
P: nan (nan) (h2  out of bounds)
WARNING: One of the h2's was out of bounds.
This usually indicates a data-munging error or that h2 or N is low.

Computing rg for phenotype 65/68
Reading summary statistics from ../output_sumstats/output_pmid33310728_RA_eur.sumstats.gz ...
Read summary statistics for 1217311 SNPs.
After merging with summary statistics, 1167126 SNPs remain.
1157661 SNPs with valid alleles.

Heritability of phenotype 65/68
-------------------------------
Total Observed scale h2: 0.0367 (0.0042)
Lambda GC: 1.0741
Mean Chi^2: 1.1999
Intercept: 0.974 (0.012)
Ratio < 0 (usually indicates GC correction).

Genetic Covariance
------------------
Total Observed scale gencov: 0.0119 (0.0064)
Mean z1*z2: 0.0146
Intercept: 0.0021 (0.0042)

Genetic Correlation
-------------------
Genetic Correlation: nan (nan) (h2  out of bounds) 
Z-score: nan (nan) (h2  out of bounds)
P: nan (nan) (h2  out of bounds)
WARNING: One of the h2's was out of bounds.
This usually indicates a data-munging error or that h2 or N is low.

Computing rg for phenotype 66/68
Reading summary statistics from ../output_sumstats/output_pmid33589841_LBD_eur.sumstats.gz ...
Read summary statistics for 1217311 SNPs.
After merging with summary statistics, 1167126 SNPs remain.
1060376 SNPs with valid alleles.

Heritability of phenotype 66/68
-------------------------------
Total Observed scale h2: 0.1688 (0.081)
Lambda GC: 1.0225
Mean Chi^2: 1.0248
Intercept: 1.0024 (0.0086)
Ratio: 0.0974 (0.3448)

Genetic Covariance
------------------
Total Observed scale gencov: -0.091 (0.0477)
Mean z1*z2: -0.009
Intercept: 0.0042 (0.005)

Genetic Correlation
-------------------
Genetic Correlation: nan (nan) (h2  out of bounds) 
Z-score: nan (nan) (h2  out of bounds)
P: nan (nan) (h2  out of bounds)
WARNING: One of the h2's was out of bounds.
This usually indicates a data-munging error or that h2 or N is low.

Computing rg for phenotype 67/68
Reading summary statistics from ../output_sumstats/output_pmid33987465_PD_eur.sumstats.gz ...
Read summary statistics for 1217311 SNPs.
After merging with summary statistics, 1167126 SNPs remain.
1164457 SNPs with valid alleles.

Heritability of phenotype 67/68
-------------------------------
Total Observed scale h2: 0.4098 (0.146)
Lambda GC: 1.0016
Mean Chi^2: 1.0049
Intercept: 0.9819 (0.0062)
Ratio < 0 (usually indicates GC correction).

Genetic Covariance
------------------
Total Observed scale gencov: 0.0087 (0.0652)
Mean z1*z2: -0.0047
Intercept: -0.0057 (0.0048)

Genetic Correlation
-------------------
Genetic Correlation: nan (nan) (h2  out of bounds) 
Z-score: nan (nan) (h2  out of bounds)
P: nan (nan) (h2  out of bounds)
WARNING: One of the h2's was out of bounds.
This usually indicates a data-munging error or that h2 or N is low.

Computing rg for phenotype 68/68
Reading summary statistics from ../output_sumstats/output_pmid34737426_APH_eur.sumstats.gz ...
Read summary statistics for 1217311 SNPs.
After merging with summary statistics, 1167126 SNPs remain.
1141311 SNPs with valid alleles.

Heritability of phenotype 68/68
-------------------------------
Total Observed scale h2: -6.28e-05 (0.0009)
Lambda GC: 0.9957
Mean Chi^2: 0.9849
Intercept: 0.9855 (0.0061)
Ratio: NA (mean chi^2 < 1)

Genetic Covariance
------------------
Total Observed scale gencov: 0.0021 (0.0048)
Mean z1*z2: -0.001
Intercept: -0.0035 (0.0045)

Genetic Correlation
-------------------
Genetic Correlation: nan (nan) (h2  out of bounds) 
Z-score: nan (nan) (h2  out of bounds)
P: nan (nan) (h2  out of bounds)
WARNING: One of the h2's was out of bounds.
This usually indicates a data-munging error or that h2 or N is low.


Summary of Genetic Correlation Results
                                                         p1                                                                      p2      rg      se       z       p    h2_obs  h2_obs_se  h2_int h2_int_se   gcov_int gcov_int_se
 ../output_sumstats/output_pmid27989323_IL6_eur.sumstats.gz              ../output_sumstats/output_pmid27989323_IL6_eur.sumstats.gz      NA      NA      NA      NA -0.003751    0.05639   1.008  0.006963      1.008    0.006964
 ../output_sumstats/output_pmid27989323_IL6_eur.sumstats.gz               ../output_sumstats/output_pmid21833088_MS_eur.sumstats.gz      NA      NA      NA      NA   0.05758    0.02826   1.058  0.009071    0.01229    0.005458
 ../output_sumstats/output_pmid27989323_IL6_eur.sumstats.gz               ../output_sumstats/output_pmid24076602_MS_eur.sumstats.gz -0.2644  0.1665  -1.588  0.1123     1.589     0.2449   1.012   0.08756    0.02584     0.02267
 ../output_sumstats/output_pmid27989323_IL6_eur.sumstats.gz  ../output_sumstats/output_pmid24816252_acetylcarnitine_eur.sumstats.gz      NA      NA      NA      NA   -0.2389    0.08314   1.021  0.007582  0.0004187    0.004428
 ../output_sumstats/output_pmid27989323_IL6_eur.sumstats.gz          ../output_sumstats/output_pmid24816252_alanine_eur.sumstats.gz      NA      NA      NA      NA    0.5266    0.07026   1.012   0.00711   0.003097    0.005185
 ../output_sumstats/output_pmid27989323_IL6_eur.sumstats.gz         ../output_sumstats/output_pmid24816252_arginine_eur.sumstats.gz      NA      NA      NA      NA -0.006931    0.06364   1.037  0.007121  -0.003377    0.004317
 ../output_sumstats/output_pmid27989323_IL6_eur.sumstats.gz       ../output_sumstats/output_pmid24816252_asparagine_eur.sumstats.gz      NA      NA      NA      NA    0.4964    0.06657   1.019  0.007213    -0.0075     0.00481
 ../output_sumstats/output_pmid27989323_IL6_eur.sumstats.gz      ../output_sumstats/output_pmid24816252_cholesterol_eur.sumstats.gz      NA      NA      NA      NA    0.1334    0.06779   1.044  0.006611  -0.008842    0.004998
 ../output_sumstats/output_pmid27989323_IL6_eur.sumstats.gz          ../output_sumstats/output_pmid24816252_citrate_eur.sumstats.gz      NA      NA      NA      NA     0.446     0.0799    1.06  0.008273  -0.003425    0.004406
 ../output_sumstats/output_pmid27989323_IL6_eur.sumstats.gz        ../output_sumstats/output_pmid24816252_glutamate_eur.sumstats.gz      NA      NA      NA      NA     0.163    0.05686  0.9317   0.00587  -0.006438    0.004607
 ../output_sumstats/output_pmid27989323_IL6_eur.sumstats.gz         ../output_sumstats/output_pmid24816252_glycerol_eur.sumstats.gz      NA      NA      NA      NA   -0.1317    0.06047   1.017   0.00691   0.001838    0.004533
 ../output_sumstats/output_pmid27989323_IL6_eur.sumstats.gz        ../output_sumstats/output_pmid24816252_histidine_eur.sumstats.gz      NA      NA      NA      NA    0.4326    0.07007  0.7585  0.006268   0.003219    0.003634
 ../output_sumstats/output_pmid27989323_IL6_eur.sumstats.gz       ../output_sumstats/output_pmid24816252_isoleucine_eur.sumstats.gz      NA      NA      NA      NA   -0.2767    0.05878  0.9996  0.006439  -0.003722    0.004467
 ../output_sumstats/output_pmid27989323_IL6_eur.sumstats.gz    ../output_sumstats/output_pmid24816252_phenylalanine_eur.sumstats.gz      NA      NA      NA      NA     0.331    0.04394  0.7773  0.005112  -0.005847    0.003919
 ../output_sumstats/output_pmid27989323_IL6_eur.sumstats.gz          ../output_sumstats/output_pmid24816252_proline_eur.sumstats.gz      NA      NA      NA      NA    0.3738    0.08929   1.038   0.01252   0.008036    0.004642
 ../output_sumstats/output_pmid27989323_IL6_eur.sumstats.gz         ../output_sumstats/output_pmid24816252_pyruvate_eur.sumstats.gz      NA      NA      NA      NA    0.1519    0.05574  0.9988  0.005896   0.001778    0.004429
 ../output_sumstats/output_pmid27989323_IL6_eur.sumstats.gz        ../output_sumstats/output_pmid24816252_threonine_eur.sumstats.gz      NA      NA      NA      NA   0.04594    0.08282    1.01  0.006718   0.003642    0.004932
 ../output_sumstats/output_pmid27989323_IL6_eur.sumstats.gz       ../output_sumstats/output_pmid24816252_tryptophan_eur.sumstats.gz      NA      NA      NA      NA    0.9227    0.07454   1.049  0.007988  -0.001244    0.005136
 ../output_sumstats/output_pmid27989323_IL6_eur.sumstats.gz         ../output_sumstats/output_pmid24816252_tyrosine_eur.sumstats.gz      NA      NA      NA      NA    0.1659    0.07058   1.033  0.007171   0.005751    0.004546
 ../output_sumstats/output_pmid27989323_IL6_eur.sumstats.gz             ../output_sumstats/output_pmid24816252_urea_eur.sumstats.gz      NA      NA      NA      NA     -0.08    0.05262   1.013  0.006335  -0.001849    0.004674
 ../output_sumstats/output_pmid27989323_IL6_eur.sumstats.gz               ../output_sumstats/output_pmid27386562_MS_eur.sumstats.gz      NA      NA      NA      NA    0.2422     0.0475   1.067  0.008905   -0.00339    0.005369
 ../output_sumstats/output_pmid27989323_IL6_eur.sumstats.gz              ../output_sumstats/output_pmid27455348_ALS_eur.sumstats.gz      NA      NA      NA      NA   0.04781     0.0128  0.9975  0.006313   0.003428    0.004973
 ../output_sumstats/output_pmid27989323_IL6_eur.sumstats.gz            ../output_sumstats/output_pmid27989323_CTACK_eur.sumstats.gz      NA      NA      NA      NA -0.007189     0.1165   1.004  0.007051    0.03712    0.005135
 ../output_sumstats/output_pmid27989323_IL6_eur.sumstats.gz             ../output_sumstats/output_pmid27989323_GCSF_eur.sumstats.gz      NA      NA      NA      NA        NA         NA      NA        NA         NA          NA
 ../output_sumstats/output_pmid27989323_IL6_eur.sumstats.gz             ../output_sumstats/output_pmid27989323_GROa_eur.sumstats.gz      NA      NA      NA      NA     -45.3      20.77   1.381     0.479     0.7743      0.4009
 ../output_sumstats/output_pmid27989323_IL6_eur.sumstats.gz              ../output_sumstats/output_pmid27989323_HGF_eur.sumstats.gz      NA      NA      NA      NA  -0.02541    0.05885   1.011  0.008147     0.3374    0.005384
 ../output_sumstats/output_pmid27989323_IL6_eur.sumstats.gz             ../output_sumstats/output_pmid27989323_IFNg_eur.sumstats.gz      NA      NA      NA      NA   0.01359    0.06231  0.9997  0.007272      0.661    0.006539
 ../output_sumstats/output_pmid27989323_IL6_eur.sumstats.gz             ../output_sumstats/output_pmid27989323_IL10_eur.sumstats.gz      NA      NA      NA      NA -0.007617     0.0792   1.019   0.01224     0.6006    0.005797
 ../output_sumstats/output_pmid27989323_IL6_eur.sumstats.gz          ../output_sumstats/output_pmid27989323_IL12p70_eur.sumstats.gz      NA      NA      NA      NA  -0.02025    0.08983   1.035   0.01939     0.6626    0.006336
 ../output_sumstats/output_pmid27989323_IL6_eur.sumstats.gz             ../output_sumstats/output_pmid27989323_IL13_eur.sumstats.gz      NA      NA      NA      NA   -0.1648     0.1627   1.017   0.01244      0.332    0.005513
 ../output_sumstats/output_pmid27989323_IL6_eur.sumstats.gz             ../output_sumstats/output_pmid27989323_IL16_eur.sumstats.gz      NA      NA      NA      NA  -0.08368     0.1284   0.996  0.007338     0.0542     0.00488
 ../output_sumstats/output_pmid27989323_IL6_eur.sumstats.gz             ../output_sumstats/output_pmid27989323_IL17_eur.sumstats.gz      NA      NA      NA      NA    -3.086      1.346   1.461    0.1332     0.8404     0.07517
 ../output_sumstats/output_pmid27989323_IL6_eur.sumstats.gz             ../output_sumstats/output_pmid27989323_IL18_eur.sumstats.gz      NA      NA      NA      NA        NA         NA      NA        NA         NA          NA
 ../output_sumstats/output_pmid27989323_IL6_eur.sumstats.gz            ../output_sumstats/output_pmid27989323_IL1ra_eur.sumstats.gz      NA      NA      NA      NA   0.01996     0.1436   1.007  0.007975     0.4404    0.005859
 ../output_sumstats/output_pmid27989323_IL6_eur.sumstats.gz              ../output_sumstats/output_pmid27989323_IL2_eur.sumstats.gz      NA      NA      NA      NA  -0.08181     0.1299   1.013  0.007092     0.4491    0.005592
 ../output_sumstats/output_pmid27989323_IL6_eur.sumstats.gz            ../output_sumstats/output_pmid27989323_IL2ra_eur.sumstats.gz      NA      NA      NA      NA        NA         NA      NA        NA         NA          NA
 ../output_sumstats/output_pmid27989323_IL6_eur.sumstats.gz              ../output_sumstats/output_pmid27989323_IL4_eur.sumstats.gz      NA      NA      NA      NA  -0.03887    0.05999   1.011  0.007939      0.748    0.006585
 ../output_sumstats/output_pmid27989323_IL6_eur.sumstats.gz              ../output_sumstats/output_pmid27989323_IL5_eur.sumstats.gz      NA      NA      NA      NA   -0.1238     0.1374   1.012  0.007442     0.3408    0.005509
 ../output_sumstats/output_pmid27989323_IL6_eur.sumstats.gz              ../output_sumstats/output_pmid27989323_IL7_eur.sumstats.gz      NA      NA      NA      NA  -0.03118      0.157   1.013   0.00893     0.3336    0.005088
 ../output_sumstats/output_pmid27989323_IL6_eur.sumstats.gz              ../output_sumstats/output_pmid27989323_IL8_eur.sumstats.gz      NA      NA      NA      NA  -0.03084     0.1268   1.008  0.006802     0.3728    0.005718
 ../output_sumstats/output_pmid27989323_IL6_eur.sumstats.gz              ../output_sumstats/output_pmid27989323_IL9_eur.sumstats.gz      NA      NA      NA      NA   -0.1717      0.126   1.013  0.007022     0.3365    0.005452
 ../output_sumstats/output_pmid27989323_IL6_eur.sumstats.gz             ../output_sumstats/output_pmid27989323_MCP1_eur.sumstats.gz      NA      NA      NA      NA     0.171    0.08218  0.9949  0.007941     0.3331    0.005472
 ../output_sumstats/output_pmid27989323_IL6_eur.sumstats.gz             ../output_sumstats/output_pmid27989323_MCP3_eur.sumstats.gz      NA      NA      NA      NA   -0.8636     0.5711   1.014  0.007758    0.09761    0.004982
 ../output_sumstats/output_pmid27989323_IL6_eur.sumstats.gz             ../output_sumstats/output_pmid27989323_MCSF_eur.sumstats.gz      NA      NA      NA      NA    0.1292     0.5024   0.991  0.006937    0.05109    0.004541
 ../output_sumstats/output_pmid27989323_IL6_eur.sumstats.gz              ../output_sumstats/output_pmid27989323_MIF_eur.sumstats.gz      NA      NA      NA      NA        NA         NA      NA        NA         NA          NA
 ../output_sumstats/output_pmid27989323_IL6_eur.sumstats.gz              ../output_sumstats/output_pmid27989323_MIG_eur.sumstats.gz      NA      NA      NA      NA   -0.1369     0.1086   1.014  0.006449     0.1103    0.005326
 ../output_sumstats/output_pmid27989323_IL6_eur.sumstats.gz            ../output_sumstats/output_pmid27989323_MIP1a_eur.sumstats.gz      NA      NA      NA      NA    -0.132     0.1415   1.008  0.007131     0.3341    0.005302
 ../output_sumstats/output_pmid27989323_IL6_eur.sumstats.gz            ../output_sumstats/output_pmid27989323_MIP1b_eur.sumstats.gz      NA      NA      NA      NA    0.2276     0.2753   1.018   0.02843      0.352    0.005871
 ../output_sumstats/output_pmid27989323_IL6_eur.sumstats.gz           ../output_sumstats/output_pmid27989323_PDGFbb_eur.sumstats.gz      NA      NA      NA      NA -0.006114    0.06229   1.022  0.008594     0.5159    0.005895
 ../output_sumstats/output_pmid27989323_IL6_eur.sumstats.gz           ../output_sumstats/output_pmid27989323_RANTES_eur.sumstats.gz      NA      NA      NA      NA        NA         NA      NA        NA         NA          NA
 ../output_sumstats/output_pmid27989323_IL6_eur.sumstats.gz              ../output_sumstats/output_pmid27989323_SCF_eur.sumstats.gz      NA      NA      NA      NA  -0.05592    0.05613   1.018   0.00717     0.1449    0.005137
 ../output_sumstats/output_pmid27989323_IL6_eur.sumstats.gz            ../output_sumstats/output_pmid27989323_SCGFb_eur.sumstats.gz      NA      NA      NA      NA   0.09898     0.1779   1.011  0.009864     0.0682    0.007867
 ../output_sumstats/output_pmid27989323_IL6_eur.sumstats.gz             ../output_sumstats/output_pmid27989323_SDF1_eur.sumstats.gz      NA      NA      NA      NA -0.008464    0.07533  0.9987  0.007085     0.4767    0.005595
 ../output_sumstats/output_pmid27989323_IL6_eur.sumstats.gz             ../output_sumstats/output_pmid27989323_TNFa_eur.sumstats.gz      NA      NA      NA      NA  -0.05195     0.1339  0.9977  0.006886     0.4245    0.005311
 ../output_sumstats/output_pmid27989323_IL6_eur.sumstats.gz             ../output_sumstats/output_pmid27989323_TNFb_eur.sumstats.gz      NA      NA      NA      NA   -0.4513     0.3085    1.01  0.007489    0.04095    0.006118
 ../output_sumstats/output_pmid27989323_IL6_eur.sumstats.gz            ../output_sumstats/output_pmid27989323_TRAIL_eur.sumstats.gz      NA      NA      NA      NA  -0.01907    0.05503    1.02   0.01165     0.1245    0.005385
 ../output_sumstats/output_pmid27989323_IL6_eur.sumstats.gz             ../output_sumstats/output_pmid27989323_bNGF_eur.sumstats.gz      NA      NA      NA      NA        NA         NA      NA        NA         NA          NA
 ../output_sumstats/output_pmid27989323_IL6_eur.sumstats.gz          ../output_sumstats/output_pmid27989323_eotaxin_eur.sumstats.gz      NA      NA      NA      NA     0.103    0.06694   1.009  0.007585     0.3762    0.005493
 ../output_sumstats/output_pmid27989323_IL6_eur.sumstats.gz             ../output_sumstats/output_pmid27989323_ip10_eur.sumstats.gz      NA      NA      NA      NA    0.1306     0.1235   1.008  0.007247    0.09187    0.004842
 ../output_sumstats/output_pmid27989323_IL6_eur.sumstats.gz              ../output_sumstats/output_pmid29566793_ALS_eur.sumstats.gz      NA      NA      NA      NA   0.03187    0.00718   1.022  0.007195  0.0005433    0.005008
 ../output_sumstats/output_pmid27989323_IL6_eur.sumstats.gz       ../output_sumstats/output_pmid29632382_T2d-BMIadj_eur.sumstats.gz      NA      NA      NA      NA        NA         NA      NA        NA         NA          NA
 ../output_sumstats/output_pmid27989323_IL6_eur.sumstats.gz              ../output_sumstats/output_pmid30054458_T2d_eur.sumstats.gz -0.1959  0.3051 -0.6423  0.5207   0.04573   0.003031   1.054   0.01899    0.01231    0.006984
 ../output_sumstats/output_pmid27989323_IL6_eur.sumstats.gz               ../output_sumstats/output_pmid33111402_PD_eur.sumstats.gz      NA      NA      NA      NA    -2.597      1.149   1.083   0.05977   0.001048     0.03423
 ../output_sumstats/output_pmid27989323_IL6_eur.sumstats.gz               ../output_sumstats/output_pmid33310728_RA_eur.sumstats.gz      NA      NA      NA      NA   0.03674   0.004181   0.974   0.01196   0.002092    0.004172
 ../output_sumstats/output_pmid27989323_IL6_eur.sumstats.gz              ../output_sumstats/output_pmid33589841_LBD_eur.sumstats.gz      NA      NA      NA      NA    0.1688    0.08097   1.002  0.008558   0.004189    0.004976
 ../output_sumstats/output_pmid27989323_IL6_eur.sumstats.gz               ../output_sumstats/output_pmid33987465_PD_eur.sumstats.gz      NA      NA      NA      NA    0.4098      0.146  0.9819  0.006228  -0.005743    0.004772
 ../output_sumstats/output_pmid27989323_IL6_eur.sumstats.gz              ../output_sumstats/output_pmid34737426_APH_eur.sumstats.gz      NA      NA      NA      NA -6.28e-05  0.0009397  0.9855  0.006127  -0.003523    0.004539

Analysis finished at Sat Feb 24 16:29:36 2024
Total time elapsed: 6.0m:55.54s
