*********************************************************************
* LD Score Regression (LDSC)
* Version 1.0.1
* (C) 2014-2019 Brendan Bulik-Sullivan and Hilary Finucane
* Broad Institute of MIT and Harvard / MIT Department of Mathematics
* GNU General Public License v3
*********************************************************************
Call: 
./ldsc.py \
--ref-ld-chr ../input_files/eur_w_ld_chr/ \
--out ../output_ld_regression/output_pmid24816252_proline_eur_ldReg \
--rg ../output_sumstats/output_pmid24816252_proline_eur.sumstats.gz,../output_sumstats/output_pmid24816252_proline_eur.sumstats.gz,../output_sumstats/output_pmid21833088_MS_eur.sumstats.gz,../output_sumstats/output_pmid24076602_MS_eur.sumstats.gz,../output_sumstats/output_pmid24816252_acetylcarnitine_eur.sumstats.gz,../output_sumstats/output_pmid24816252_alanine_eur.sumstats.gz,../output_sumstats/output_pmid24816252_arginine_eur.sumstats.gz,../output_sumstats/output_pmid24816252_asparagine_eur.sumstats.gz,../output_sumstats/output_pmid24816252_cholesterol_eur.sumstats.gz,../output_sumstats/output_pmid24816252_citrate_eur.sumstats.gz,../output_sumstats/output_pmid24816252_glutamate_eur.sumstats.gz,../output_sumstats/output_pmid24816252_glycerol_eur.sumstats.gz,../output_sumstats/output_pmid24816252_histidine_eur.sumstats.gz,../output_sumstats/output_pmid24816252_isoleucine_eur.sumstats.gz,../output_sumstats/output_pmid24816252_phenylalanine_eur.sumstats.gz,../output_sumstats/output_pmid24816252_pyruvate_eur.sumstats.gz,../output_sumstats/output_pmid24816252_threonine_eur.sumstats.gz,../output_sumstats/output_pmid24816252_tryptophan_eur.sumstats.gz,../output_sumstats/output_pmid24816252_tyrosine_eur.sumstats.gz,../output_sumstats/output_pmid24816252_urea_eur.sumstats.gz,../output_sumstats/output_pmid27386562_MS_eur.sumstats.gz,../output_sumstats/output_pmid27455348_ALS_eur.sumstats.gz,../output_sumstats/output_pmid27989323_CTACK_eur.sumstats.gz,../output_sumstats/output_pmid27989323_GCSF_eur.sumstats.gz,../output_sumstats/output_pmid27989323_GROa_eur.sumstats.gz,../output_sumstats/output_pmid27989323_HGF_eur.sumstats.gz,../output_sumstats/output_pmid27989323_IFNg_eur.sumstats.gz,../output_sumstats/output_pmid27989323_IL10_eur.sumstats.gz,../output_sumstats/output_pmid27989323_IL12p70_eur.sumstats.gz,../output_sumstats/output_pmid27989323_IL13_eur.sumstats.gz,../output_sumstats/output_pmid27989323_IL16_eur.sumstats.gz,../output_sumstats/output_pmid27989323_IL17_eur.sumstats.gz,../output_sumstats/output_pmid27989323_IL18_eur.sumstats.gz,../output_sumstats/output_pmid27989323_IL1ra_eur.sumstats.gz,../output_sumstats/output_pmid27989323_IL2_eur.sumstats.gz,../output_sumstats/output_pmid27989323_IL2ra_eur.sumstats.gz,../output_sumstats/output_pmid27989323_IL4_eur.sumstats.gz,../output_sumstats/output_pmid27989323_IL5_eur.sumstats.gz,../output_sumstats/output_pmid27989323_IL6_eur.sumstats.gz,../output_sumstats/output_pmid27989323_IL7_eur.sumstats.gz,../output_sumstats/output_pmid27989323_IL8_eur.sumstats.gz,../output_sumstats/output_pmid27989323_IL9_eur.sumstats.gz,../output_sumstats/output_pmid27989323_MCP1_eur.sumstats.gz,../output_sumstats/output_pmid27989323_MCP3_eur.sumstats.gz,../output_sumstats/output_pmid27989323_MCSF_eur.sumstats.gz,../output_sumstats/output_pmid27989323_MIF_eur.sumstats.gz,../output_sumstats/output_pmid27989323_MIG_eur.sumstats.gz,../output_sumstats/output_pmid27989323_MIP1a_eur.sumstats.gz,../output_sumstats/output_pmid27989323_MIP1b_eur.sumstats.gz,../output_sumstats/output_pmid27989323_PDGFbb_eur.sumstats.gz,../output_sumstats/output_pmid27989323_RANTES_eur.sumstats.gz,../output_sumstats/output_pmid27989323_SCF_eur.sumstats.gz,../output_sumstats/output_pmid27989323_SCGFb_eur.sumstats.gz,../output_sumstats/output_pmid27989323_SDF1_eur.sumstats.gz,../output_sumstats/output_pmid27989323_TNFa_eur.sumstats.gz,../output_sumstats/output_pmid27989323_TNFb_eur.sumstats.gz,../output_sumstats/output_pmid27989323_TRAIL_eur.sumstats.gz,../output_sumstats/output_pmid27989323_bNGF_eur.sumstats.gz,../output_sumstats/output_pmid27989323_eotaxin_eur.sumstats.gz,../output_sumstats/output_pmid27989323_ip10_eur.sumstats.gz,../output_sumstats/output_pmid29566793_ALS_eur.sumstats.gz,../output_sumstats/output_pmid29632382_T2d-BMIadj_eur.sumstats.gz,../output_sumstats/output_pmid30054458_T2d_eur.sumstats.gz,../output_sumstats/output_pmid33111402_PD_eur.sumstats.gz,../output_sumstats/output_pmid33310728_RA_eur.sumstats.gz,../output_sumstats/output_pmid33589841_LBD_eur.sumstats.gz,../output_sumstats/output_pmid33987465_PD_eur.sumstats.gz,../output_sumstats/output_pmid34737426_APH_eur.sumstats.gz \
--w-ld-chr ../input_files/eur_w_ld_chr/ 

Beginning analysis at Sat Feb 24 06:20:35 2024
Reading summary statistics from ../output_sumstats/output_pmid24816252_proline_eur.sumstats.gz ...
Read summary statistics for 1033561 SNPs.
Reading reference panel LD Score from ../input_files/eur_w_ld_chr/[1-22] ... (ldscore_fromlist)
Read reference panel LD Scores for 1290028 SNPs.
Removing partitioned LD Scores with zero variance.
Reading regression weight LD Score from ../input_files/eur_w_ld_chr/[1-22] ... (ldscore_fromlist)
Read regression weight LD Scores for 1290028 SNPs.
After merging with reference panel LD, 1030075 SNPs remain.
After merging with regression SNP LD, 1030075 SNPs remain.
Computing rg for phenotype 2/68
Reading summary statistics from ../output_sumstats/output_pmid24816252_proline_eur.sumstats.gz ...
Read summary statistics for 1217311 SNPs.
After merging with summary statistics, 1030075 SNPs remain.
1030075 SNPs with valid alleles.

Heritability of phenotype 1
---------------------------
Total Observed scale h2: 0.3879 (0.0883)
Lambda GC: 1.0679
Mean Chi^2: 1.0922
Intercept: 1.0361 (0.0122)
Ratio: 0.3913 (0.1319)

Heritability of phenotype 2/68
------------------------------
Total Observed scale h2: 0.3879 (0.0883)
Lambda GC: 1.0679
Mean Chi^2: 1.0922
Intercept: 1.0361 (0.0122)
Ratio: 0.3913 (0.1319)

Genetic Covariance
------------------
Total Observed scale gencov: 0.3879 (0.0883)
Mean z1*z2: 1.0922
Intercept: 1.0361 (0.0122)

Genetic Correlation
-------------------
Genetic Correlation: 1. (4.898e-06)
Z-score: 204163.0782
P: 0.

Computing rg for phenotype 3/68
Reading summary statistics from ../output_sumstats/output_pmid21833088_MS_eur.sumstats.gz ...
Read summary statistics for 1217311 SNPs.
After merging with summary statistics, 1030075 SNPs remain.
448189 SNPs with valid alleles.

Heritability of phenotype 3/68
------------------------------
Total Observed scale h2: 0.0653 (0.028)
Lambda GC: 1.0375
Mean Chi^2: 1.0848
Intercept: 1.0536 (0.009)
Ratio: 0.6317 (0.1064)

Genetic Covariance
------------------
Total Observed scale gencov: -0.0116 (0.0252)
Mean z1*z2: 0.0018
Intercept: 0.0045 (0.0055)

Genetic Correlation
-------------------
Genetic Correlation: -0.071 (0.1535)
Z-score: -0.4629
P: 0.6434

Computing rg for phenotype 4/68
Reading summary statistics from ../output_sumstats/output_pmid24076602_MS_eur.sumstats.gz ...
Read summary statistics for 1217311 SNPs.
After merging with summary statistics, 1030075 SNPs remain.
44921 SNPs with valid alleles.
WARNING: number of SNPs less than 200k; this is almost always bad.

Heritability of phenotype 4/68
------------------------------
Total Observed scale h2: 1.5254 (0.2708)
Lambda GC: 1.4602
Mean Chi^2: 2.1802
Intercept: 1.0306 (0.0902)
Ratio: 0.0259 (0.0765)

Genetic Covariance
------------------
Total Observed scale gencov: -0.0492 (0.0815)
Mean z1*z2: -0.008
Intercept: 0.0079 (0.0207)

Genetic Correlation
-------------------
Genetic Correlation: -0.0752 (0.1262)
Z-score: -0.5956
P: 0.5515

Computing rg for phenotype 5/68
Reading summary statistics from ../output_sumstats/output_pmid24816252_acetylcarnitine_eur.sumstats.gz ...
Read summary statistics for 1217311 SNPs.
After merging with summary statistics, 1030075 SNPs remain.
1030075 SNPs with valid alleles.

Heritability of phenotype 5/68
------------------------------
Total Observed scale h2: -0.2399 (0.0823)
Lambda GC: 0.9721
Mean Chi^2: 0.9856
Intercept: 1.0207 (0.0076)
Ratio: NA (mean chi^2 < 1)

Genetic Covariance
------------------
Total Observed scale gencov: -0.0117 (0.0417)
Mean z1*z2: -0.0612
Intercept: -0.0596 (0.0045)

Genetic Correlation
-------------------
Genetic Correlation: nan (nan) (h2  out of bounds) 
Z-score: nan (nan) (h2  out of bounds)
P: nan (nan) (h2  out of bounds)
WARNING: One of the h2's was out of bounds.
This usually indicates a data-munging error or that h2 or N is low.

Computing rg for phenotype 6/68
Reading summary statistics from ../output_sumstats/output_pmid24816252_alanine_eur.sumstats.gz ...
Read summary statistics for 1217311 SNPs.
After merging with summary statistics, 1030075 SNPs remain.
1030075 SNPs with valid alleles.

Heritability of phenotype 6/68
------------------------------
Total Observed scale h2: 0.5276 (0.0707)
Lambda GC: 1.0649
Mean Chi^2: 1.0877
Intercept: 1.0117 (0.0069)
Ratio: 0.1337 (0.0788)

Genetic Covariance
------------------
Total Observed scale gencov: 0.1981 (0.0541)
Mean z1*z2: 0.395
Intercept: 0.3662 (0.005)

Genetic Correlation
-------------------
Genetic Correlation: 0.4378 (0.0943)
Z-score: 4.642
P: 3.4512e-06

Computing rg for phenotype 7/68
Reading summary statistics from ../output_sumstats/output_pmid24816252_arginine_eur.sumstats.gz ...
Read summary statistics for 1217311 SNPs.
After merging with summary statistics, 1030075 SNPs remain.
1030075 SNPs with valid alleles.

Heritability of phenotype 7/68
------------------------------
Total Observed scale h2: -0.006 (0.0636)
Lambda GC: 1.0255
Mean Chi^2: 1.0366
Intercept: 1.0374 (0.0073)
Ratio: 1.0212 (0.198)

Genetic Covariance
------------------
Total Observed scale gencov: 0.0115 (0.0474)
Mean z1*z2: 0.0928
Intercept: 0.0912 (0.0049)

Genetic Correlation
-------------------
Genetic Correlation: nan (nan) (h2  out of bounds) 
Z-score: nan (nan) (h2  out of bounds)
P: nan (nan) (h2  out of bounds)
WARNING: One of the h2's was out of bounds.
This usually indicates a data-munging error or that h2 or N is low.

Computing rg for phenotype 8/68
Reading summary statistics from ../output_sumstats/output_pmid24816252_asparagine_eur.sumstats.gz ...
Read summary statistics for 1217311 SNPs.
After merging with summary statistics, 1030075 SNPs remain.
1030075 SNPs with valid alleles.

Heritability of phenotype 8/68
------------------------------
Total Observed scale h2: 0.4987 (0.0662)
Lambda GC: 1.0679
Mean Chi^2: 1.0905
Intercept: 1.0188 (0.007)
Ratio: 0.2074 (0.0777)

Genetic Covariance
------------------
Total Observed scale gencov: 0.0562 (0.049)
Mean z1*z2: 0.0891
Intercept: 0.0809 (0.005)

Genetic Correlation
-------------------
Genetic Correlation: 0.1277 (0.1102)
Z-score: 1.1588
P: 0.2465

Computing rg for phenotype 9/68
Reading summary statistics from ../output_sumstats/output_pmid24816252_cholesterol_eur.sumstats.gz ...
Read summary statistics for 1217311 SNPs.
After merging with summary statistics, 1030075 SNPs remain.
1030075 SNPs with valid alleles.

Heritability of phenotype 9/68
------------------------------
Total Observed scale h2: 0.1371 (0.071)
Lambda GC: 1.0496
Mean Chi^2: 1.0636
Intercept: 1.0435 (0.0068)
Ratio: 0.684 (0.1063)

Genetic Covariance
------------------
Total Observed scale gencov: 0.0149 (0.0438)
Mean z1*z2: 0.0079
Intercept: 0.0057 (0.0043)

Genetic Correlation
-------------------
Genetic Correlation: 0.0644 (0.1909)
Z-score: 0.3374
P: 0.7358

Computing rg for phenotype 10/68
Reading summary statistics from ../output_sumstats/output_pmid24816252_citrate_eur.sumstats.gz ...
Read summary statistics for 1217311 SNPs.
After merging with summary statistics, 1030075 SNPs remain.
1030075 SNPs with valid alleles.

Heritability of phenotype 10/68
-------------------------------
Total Observed scale h2: 0.4515 (0.0776)
Lambda GC: 1.0957
Mean Chi^2: 1.1228
Intercept: 1.0588 (0.0078)
Ratio: 0.4791 (0.0635)

Genetic Covariance
------------------
Total Observed scale gencov: -0.0373 (0.0438)
Mean z1*z2: -0.0055
Intercept: -0.0004 (0.005)

Genetic Correlation
-------------------
Genetic Correlation: -0.089 (0.1065)
Z-score: -0.8365
P: 0.4029

Computing rg for phenotype 11/68
Reading summary statistics from ../output_sumstats/output_pmid24816252_glutamate_eur.sumstats.gz ...
Read summary statistics for 1217311 SNPs.
After merging with summary statistics, 1030075 SNPs remain.
1030075 SNPs with valid alleles.

Heritability of phenotype 11/68
-------------------------------
Total Observed scale h2: 0.1583 (0.0573)
Lambda GC: 0.9576
Mean Chi^2: 0.9553
Intercept: 0.9325 (0.006)
Ratio: NA (mean chi^2 < 1)

Genetic Covariance
------------------
Total Observed scale gencov: 0.0124 (0.0463)
Mean z1*z2: 0.2012
Intercept: 0.1995 (0.0048)

Genetic Correlation
-------------------
Genetic Correlation: 0.0501 (0.1841)
Z-score: 0.2723
P: 0.7854

Computing rg for phenotype 12/68
Reading summary statistics from ../output_sumstats/output_pmid24816252_glycerol_eur.sumstats.gz ...
Read summary statistics for 1217311 SNPs.
After merging with summary statistics, 1030075 SNPs remain.
1030075 SNPs with valid alleles.

Heritability of phenotype 12/68
-------------------------------
Total Observed scale h2: -0.1305 (0.0608)
Lambda GC: 0.9868
Mean Chi^2: 0.9976
Intercept: 1.0166 (0.007)
Ratio: NA (mean chi^2 < 1)

Genetic Covariance
------------------
Total Observed scale gencov: 0.0228 (0.0464)
Mean z1*z2: 0.0206
Intercept: 0.0171 (0.0049)

Genetic Correlation
-------------------
Genetic Correlation: nan (nan) (h2  out of bounds) 
Z-score: nan (nan) (h2  out of bounds)
P: nan (nan) (h2  out of bounds)
WARNING: One of the h2's was out of bounds.
This usually indicates a data-munging error or that h2 or N is low.

Computing rg for phenotype 13/68
Reading summary statistics from ../output_sumstats/output_pmid24816252_histidine_eur.sumstats.gz ...
Read summary statistics for 1217311 SNPs.
After merging with summary statistics, 1030075 SNPs remain.
1030075 SNPs with valid alleles.

Heritability of phenotype 13/68
-------------------------------
Total Observed scale h2: 0.4424 (0.072)
Lambda GC: 0.81
Mean Chi^2: 0.8189
Intercept: 0.757 (0.0063)
Ratio: NA (mean chi^2 < 1)

Genetic Covariance
------------------
Total Observed scale gencov: 0.0562 (0.0413)
Mean z1*z2: 0.0588
Intercept: 0.0504 (0.0042)

Genetic Correlation
-------------------
Genetic Correlation: 0.1357 (0.0961)
Z-score: 1.4121
P: 0.1579

Computing rg for phenotype 14/68
Reading summary statistics from ../output_sumstats/output_pmid24816252_isoleucine_eur.sumstats.gz ...
Read summary statistics for 1217311 SNPs.
After merging with summary statistics, 1030075 SNPs remain.
1030075 SNPs with valid alleles.

Heritability of phenotype 14/68
-------------------------------
Total Observed scale h2: -0.2844 (0.0592)
Lambda GC: 0.9489
Mean Chi^2: 0.959
Intercept: 1.0007 (0.0063)
Ratio: NA (mean chi^2 < 1)

Genetic Covariance
------------------
Total Observed scale gencov: -0.0072 (0.0453)
Mean z1*z2: 0.3849
Intercept: 0.3856 (0.0047)

Genetic Correlation
-------------------
Genetic Correlation: nan (nan) (h2  out of bounds) 
Z-score: nan (nan) (h2  out of bounds)
P: nan (nan) (h2  out of bounds)
WARNING: One of the h2's was out of bounds.
This usually indicates a data-munging error or that h2 or N is low.

Computing rg for phenotype 15/68
Reading summary statistics from ../output_sumstats/output_pmid24816252_phenylalanine_eur.sumstats.gz ...
Read summary statistics for 1217311 SNPs.
After merging with summary statistics, 1030075 SNPs remain.
1030075 SNPs with valid alleles.

Heritability of phenotype 15/68
-------------------------------
Total Observed scale h2: 0.3394 (0.0447)
Lambda GC: 0.8207
Mean Chi^2: 0.8233
Intercept: 0.7761 (0.0052)
Ratio: NA (mean chi^2 < 1)

Genetic Covariance
------------------
Total Observed scale gencov: 0.096 (0.0405)
Mean z1*z2: 0.2209
Intercept: 0.2071 (0.0042)

Genetic Correlation
-------------------
Genetic Correlation: 0.2645 (0.1021)
Z-score: 2.5912
P: 0.0096

Computing rg for phenotype 16/68
Reading summary statistics from ../output_sumstats/output_pmid24816252_pyruvate_eur.sumstats.gz ...
Read summary statistics for 1217311 SNPs.
After merging with summary statistics, 1030075 SNPs remain.
1030075 SNPs with valid alleles.

Heritability of phenotype 16/68
-------------------------------
Total Observed scale h2: 0.137 (0.0539)
Lambda GC: 1.0195
Mean Chi^2: 1.0204
Intercept: 1.001 (0.0056)
Ratio: 0.0501 (0.2761)

Genetic Covariance
------------------
Total Observed scale gencov: 0.0178 (0.0436)
Mean z1*z2: 0.0758
Intercept: 0.073 (0.0046)

Genetic Correlation
-------------------
Genetic Correlation: 0.0773 (0.1879)
Z-score: 0.411
P: 0.681

Computing rg for phenotype 17/68
Reading summary statistics from ../output_sumstats/output_pmid24816252_threonine_eur.sumstats.gz ...
Read summary statistics for 1217311 SNPs.
After merging with summary statistics, 1030075 SNPs remain.
1030075 SNPs with valid alleles.

Heritability of phenotype 17/68
-------------------------------
Total Observed scale h2: 0.054 (0.0827)
Lambda GC: 1.0016
Mean Chi^2: 1.0149
Intercept: 1.0087 (0.0065)
Ratio: 0.5851 (0.4401)

Genetic Covariance
------------------
Total Observed scale gencov: 0.0884 (0.0523)
Mean z1*z2: 0.1751
Intercept: 0.1638 (0.005)

Genetic Correlation
-------------------
Genetic Correlation: 0.6107 (0.5607)
Z-score: 1.0891
P: 0.2761

Computing rg for phenotype 18/68
Reading summary statistics from ../output_sumstats/output_pmid24816252_tryptophan_eur.sumstats.gz ...
Read summary statistics for 1217311 SNPs.
After merging with summary statistics, 1030075 SNPs remain.
1030075 SNPs with valid alleles.

Heritability of phenotype 18/68
-------------------------------
Total Observed scale h2: 0.9201 (0.0742)
Lambda GC: 1.0864
Mean Chi^2: 1.1811
Intercept: 1.0489 (0.0078)
Ratio: 0.2699 (0.0432)

Genetic Covariance
------------------
Total Observed scale gencov: 0.1413 (0.0461)
Mean z1*z2: 0.2175
Intercept: 0.1978 (0.005)

Genetic Correlation
-------------------
Genetic Correlation: 0.2365 (0.0725)
Z-score: 3.2596
P: 0.0011

Computing rg for phenotype 19/68
Reading summary statistics from ../output_sumstats/output_pmid24816252_tyrosine_eur.sumstats.gz ...
Read summary statistics for 1217311 SNPs.
After merging with summary statistics, 1030075 SNPs remain.
1030075 SNPs with valid alleles.

Heritability of phenotype 19/68
-------------------------------
Total Observed scale h2: 0.1747 (0.0734)
Lambda GC: 1.0466
Mean Chi^2: 1.0567
Intercept: 1.0312 (0.0073)
Ratio: 0.5513 (0.1295)

Genetic Covariance
------------------
Total Observed scale gencov: 0.1275 (0.0535)
Mean z1*z2: 0.357
Intercept: 0.3381 (0.0056)

Genetic Correlation
-------------------
Genetic Correlation: 0.4897 (0.1866)
Z-score: 2.6248
P: 0.0087

Computing rg for phenotype 20/68
Reading summary statistics from ../output_sumstats/output_pmid24816252_urea_eur.sumstats.gz ...
Read summary statistics for 1217311 SNPs.
After merging with summary statistics, 1030075 SNPs remain.
1030075 SNPs with valid alleles.

Heritability of phenotype 20/68
-------------------------------
Total Observed scale h2: -0.0814 (0.0529)
Lambda GC: 0.9898
Mean Chi^2: 1.0011
Intercept: 1.0129 (0.0062)
Ratio: 12.0371 (5.8145)

Genetic Covariance
------------------
Total Observed scale gencov: -0.0781 (0.041)
Mean z1*z2: 0.075
Intercept: 0.0865 (0.0043)

Genetic Correlation
-------------------
Genetic Correlation: nan (nan) (h2  out of bounds) 
Z-score: nan (nan) (h2  out of bounds)
P: nan (nan) (h2  out of bounds)
WARNING: One of the h2's was out of bounds.
This usually indicates a data-munging error or that h2 or N is low.

Computing rg for phenotype 21/68
Reading summary statistics from ../output_sumstats/output_pmid27386562_MS_eur.sumstats.gz ...
Read summary statistics for 1217311 SNPs.
After merging with summary statistics, 1030075 SNPs remain.
1013618 SNPs with valid alleles.

Heritability of phenotype 21/68
-------------------------------
Total Observed scale h2: 0.2309 (0.0466)
Lambda GC: 1.1207
Mean Chi^2: 1.1405
Intercept: 1.0692 (0.0087)
Ratio: 0.4926 (0.0617)

Genetic Covariance
------------------
Total Observed scale gencov: -0.0145 (0.0366)
Mean z1*z2: -0.0037
Intercept: -0.0008 (0.0056)

Genetic Correlation
-------------------
Genetic Correlation: -0.05 (0.1273)
Z-score: -0.3931
P: 0.6943

Computing rg for phenotype 22/68
Reading summary statistics from ../output_sumstats/output_pmid27455348_ALS_eur.sumstats.gz ...
Read summary statistics for 1217311 SNPs.
After merging with summary statistics, 1030075 SNPs remain.
1022293 SNPs with valid alleles.

Heritability of phenotype 22/68
-------------------------------
Total Observed scale h2: 0.0414 (0.013)
Lambda GC: 1.0255
Mean Chi^2: 1.0313
Intercept: 1.0017 (0.0068)
Ratio: 0.0558 (0.2177)

Genetic Covariance
------------------
Total Observed scale gencov: 0.0079 (0.0191)
Mean z1*z2: 0.0026
Intercept: 0.0002 (0.0046)

Genetic Correlation
-------------------
Genetic Correlation: 0.0629 (0.153)
Z-score: 0.411
P: 0.681

Computing rg for phenotype 23/68
Reading summary statistics from ../output_sumstats/output_pmid27989323_CTACK_eur.sumstats.gz ...
Read summary statistics for 1217311 SNPs.
After merging with summary statistics, 1030075 SNPs remain.
1023065 SNPs with valid alleles.
ERROR computing rg for phenotype 23/68, from file ../output_sumstats/output_pmid27989323_CTACK_eur.sumstats.gz.
Traceback (most recent call last):
  File "/Users/as/Documents/UNI/Bioinformatik/2023:24_WS/GoBi_Lokal/BlockTeil_Metabolomics/ldsc/ldscore/sumstats.py", line 410, in estimate_rg
    rghat = _rg(loop, args, log, M_annot, ref_ld_cnames, w_ld_cname, i)
  File "/Users/as/Documents/UNI/Bioinformatik/2023:24_WS/GoBi_Lokal/BlockTeil_Metabolomics/ldsc/ldscore/sumstats.py", line 539, in _rg
    intercept_gencov=intercepts[2], n_blocks=n_blocks, twostep=args.two_step)
  File "/Users/as/Documents/UNI/Bioinformatik/2023:24_WS/GoBi_Lokal/BlockTeil_Metabolomics/ldsc/ldscore/regressions.py", line 705, in __init__
    np.multiply(hsq1.tot_delete_values, hsq2.tot_delete_values))
FloatingPointError: invalid value encountered in sqrt


Computing rg for phenotype 24/68
Reading summary statistics from ../output_sumstats/output_pmid27989323_GCSF_eur.sumstats.gz ...
Read summary statistics for 1217311 SNPs.
After merging with summary statistics, 1030075 SNPs remain.
1022980 SNPs with valid alleles.

Heritability of phenotype 24/68
-------------------------------
Total Observed scale h2: 0.0202 (0.0581)
Lambda GC: 1.0165
Mean Chi^2: 1.0111
Intercept: 1.0079 (0.0079)
Ratio: 0.7134 (0.7138)

Genetic Covariance
------------------
Total Observed scale gencov: 0.0705 (0.0472)
Mean z1*z2: 0.0108
Intercept: -0.0001 (0.0047)

Genetic Correlation
-------------------
Genetic Correlation: 0.8128 (1.3668)
Z-score: 0.5947
P: 0.552

Computing rg for phenotype 25/68
Reading summary statistics from ../output_sumstats/output_pmid27989323_GROa_eur.sumstats.gz ...
Read summary statistics for 1217311 SNPs.
After merging with summary statistics, 1030075 SNPs remain.
35 SNPs with valid alleles.
WARNING: number of SNPs less than 200k; this is almost always bad.

Heritability of phenotype 25/68
-------------------------------
Total Observed scale h2: -73.4871 (22.4436)
Lambda GC: 0.3275
Mean Chi^2: 0.5205
Intercept: 2.133 (0.5225)
Ratio: NA (mean chi^2 < 1)

Genetic Covariance
------------------
Total Observed scale gencov: 7.8093 (24.4229)
Mean z1*z2: 0.109
Intercept: -0.1369 (0.8198)

Genetic Correlation
-------------------
Genetic Correlation: nan (nan) (h2  out of bounds) 
Z-score: nan (nan) (h2  out of bounds)
P: nan (nan) (h2  out of bounds)
WARNING: One of the h2's was out of bounds.
This usually indicates a data-munging error or that h2 or N is low.

Computing rg for phenotype 26/68
Reading summary statistics from ../output_sumstats/output_pmid27989323_HGF_eur.sumstats.gz ...
Read summary statistics for 1217311 SNPs.
After merging with summary statistics, 1030075 SNPs remain.
1023003 SNPs with valid alleles.

Heritability of phenotype 26/68
-------------------------------
Total Observed scale h2: -0.0196 (0.0576)
Lambda GC: 1.0046
Mean Chi^2: 1.0061
Intercept: 1.0094 (0.008)
Ratio: 1.5278 (1.2948)

Genetic Covariance
------------------
Total Observed scale gencov: 0.0214 (0.0412)
Mean z1*z2: 0.0055
Intercept: 0.0022 (0.0046)

Genetic Correlation
-------------------
Genetic Correlation: nan (nan) (h2  out of bounds) 
Z-score: nan (nan) (h2  out of bounds)
P: nan (nan) (h2  out of bounds)
WARNING: One of the h2's was out of bounds.
This usually indicates a data-munging error or that h2 or N is low.

Computing rg for phenotype 27/68
Reading summary statistics from ../output_sumstats/output_pmid27989323_IFNg_eur.sumstats.gz ...
Read summary statistics for 1217311 SNPs.
After merging with summary statistics, 1030075 SNPs remain.
1022955 SNPs with valid alleles.
ERROR computing rg for phenotype 27/68, from file ../output_sumstats/output_pmid27989323_IFNg_eur.sumstats.gz.
Traceback (most recent call last):
  File "/Users/as/Documents/UNI/Bioinformatik/2023:24_WS/GoBi_Lokal/BlockTeil_Metabolomics/ldsc/ldscore/sumstats.py", line 410, in estimate_rg
    rghat = _rg(loop, args, log, M_annot, ref_ld_cnames, w_ld_cname, i)
  File "/Users/as/Documents/UNI/Bioinformatik/2023:24_WS/GoBi_Lokal/BlockTeil_Metabolomics/ldsc/ldscore/sumstats.py", line 539, in _rg
    intercept_gencov=intercepts[2], n_blocks=n_blocks, twostep=args.two_step)
  File "/Users/as/Documents/UNI/Bioinformatik/2023:24_WS/GoBi_Lokal/BlockTeil_Metabolomics/ldsc/ldscore/regressions.py", line 705, in __init__
    np.multiply(hsq1.tot_delete_values, hsq2.tot_delete_values))
FloatingPointError: invalid value encountered in sqrt


Computing rg for phenotype 28/68
Reading summary statistics from ../output_sumstats/output_pmid27989323_IL10_eur.sumstats.gz ...
Read summary statistics for 1217311 SNPs.
After merging with summary statistics, 1030075 SNPs remain.
1023134 SNPs with valid alleles.

Heritability of phenotype 28/68
-------------------------------
Total Observed scale h2: -0.013 (0.0883)
Lambda GC: 1.0016
Mean Chi^2: 1.0164
Intercept: 1.0184 (0.0136)
Ratio: 1.1215 (0.8266)

Genetic Covariance
------------------
Total Observed scale gencov: 0.0503 (0.0487)
Mean z1*z2: 0.008
Intercept: 0.0004 (0.0048)

Genetic Correlation
-------------------
Genetic Correlation: nan (nan) (h2  out of bounds) 
Z-score: nan (nan) (h2  out of bounds)
P: nan (nan) (h2  out of bounds)
WARNING: One of the h2's was out of bounds.
This usually indicates a data-munging error or that h2 or N is low.

Computing rg for phenotype 29/68
Reading summary statistics from ../output_sumstats/output_pmid27989323_IL12p70_eur.sumstats.gz ...
Read summary statistics for 1217311 SNPs.
After merging with summary statistics, 1030075 SNPs remain.
1022938 SNPs with valid alleles.

Heritability of phenotype 29/68
-------------------------------
Total Observed scale h2: -0.0307 (0.1141)
Lambda GC: 1.0255
Mean Chi^2: 1.031
Intercept: 1.036 (0.0229)
Ratio: 1.1631 (0.7401)

Genetic Covariance
------------------
Total Observed scale gencov: 0.006 (0.0456)
Mean z1*z2: 0.0065
Intercept: 0.0056 (0.0051)

Genetic Correlation
-------------------
Genetic Correlation: nan (nan) (h2  out of bounds) 
Z-score: nan (nan) (h2  out of bounds)
P: nan (nan) (h2  out of bounds)
WARNING: One of the h2's was out of bounds.
This usually indicates a data-munging error or that h2 or N is low.

Computing rg for phenotype 30/68
Reading summary statistics from ../output_sumstats/output_pmid27989323_IL13_eur.sumstats.gz ...
Read summary statistics for 1217311 SNPs.
After merging with summary statistics, 1030075 SNPs remain.
1022943 SNPs with valid alleles.

Heritability of phenotype 30/68
-------------------------------
Total Observed scale h2: -0.1681 (0.1663)
Lambda GC: 1.0046
Mean Chi^2: 1.0049
Intercept: 1.0168 (0.0128)
Ratio: 3.4308 (2.6205)

Genetic Covariance
------------------
Total Observed scale gencov: 0.0896 (0.063)
Mean z1*z2: 0.0113
Intercept: 0.0023 (0.0046)

Genetic Correlation
-------------------
Genetic Correlation: nan (nan) (h2  out of bounds) 
Z-score: nan (nan) (h2  out of bounds)
P: nan (nan) (h2  out of bounds)
WARNING: One of the h2's was out of bounds.
This usually indicates a data-munging error or that h2 or N is low.

Computing rg for phenotype 31/68
Reading summary statistics from ../output_sumstats/output_pmid27989323_IL16_eur.sumstats.gz ...
Read summary statistics for 1217311 SNPs.
After merging with summary statistics, 1030075 SNPs remain.
1023090 SNPs with valid alleles.

Heritability of phenotype 31/68
-------------------------------
Total Observed scale h2: -0.0499 (0.1319)
Lambda GC: 0.9898
Mean Chi^2: 0.9898
Intercept: 0.9933 (0.0077)
Ratio: NA (mean chi^2 < 1)

Genetic Covariance
------------------
Total Observed scale gencov: -0.0639 (0.0681)
Mean z1*z2: 0.0017
Intercept: 0.0083 (0.0046)

Genetic Correlation
-------------------
Genetic Correlation: nan (nan) (h2  out of bounds) 
Z-score: nan (nan) (h2  out of bounds)
P: nan (nan) (h2  out of bounds)
WARNING: One of the h2's was out of bounds.
This usually indicates a data-munging error or that h2 or N is low.

Computing rg for phenotype 32/68
Reading summary statistics from ../output_sumstats/output_pmid27989323_IL17_eur.sumstats.gz ...
Read summary statistics for 1217311 SNPs.
After merging with summary statistics, 1030075 SNPs remain.
1648 SNPs with valid alleles.
WARNING: number of SNPs less than 200k; this is almost always bad.

Heritability of phenotype 32/68
-------------------------------
Total Observed scale h2: -4.1071 (1.4819)
Lambda GC: 1.0557
Mean Chi^2: 1.152
Intercept: 1.499 (0.1364)
Ratio: 3.2818 (0.8973)

Genetic Covariance
------------------
Total Observed scale gencov: -0.3046 (0.9565)
Mean z1*z2: 0.0077
Intercept: 0.0318 (0.082)

Genetic Correlation
-------------------
Genetic Correlation: nan (nan) (h2  out of bounds) 
Z-score: nan (nan) (h2  out of bounds)
P: nan (nan) (h2  out of bounds)
WARNING: One of the h2's was out of bounds.
This usually indicates a data-munging error or that h2 or N is low.

Computing rg for phenotype 33/68
Reading summary statistics from ../output_sumstats/output_pmid27989323_IL18_eur.sumstats.gz ...
Read summary statistics for 1217311 SNPs.
After merging with summary statistics, 1030075 SNPs remain.
340270 SNPs with valid alleles.
ERROR computing rg for phenotype 33/68, from file ../output_sumstats/output_pmid27989323_IL18_eur.sumstats.gz.
Traceback (most recent call last):
  File "/Users/as/Documents/UNI/Bioinformatik/2023:24_WS/GoBi_Lokal/BlockTeil_Metabolomics/ldsc/ldscore/sumstats.py", line 410, in estimate_rg
    rghat = _rg(loop, args, log, M_annot, ref_ld_cnames, w_ld_cname, i)
  File "/Users/as/Documents/UNI/Bioinformatik/2023:24_WS/GoBi_Lokal/BlockTeil_Metabolomics/ldsc/ldscore/sumstats.py", line 539, in _rg
    intercept_gencov=intercepts[2], n_blocks=n_blocks, twostep=args.two_step)
  File "/Users/as/Documents/UNI/Bioinformatik/2023:24_WS/GoBi_Lokal/BlockTeil_Metabolomics/ldsc/ldscore/regressions.py", line 705, in __init__
    np.multiply(hsq1.tot_delete_values, hsq2.tot_delete_values))
FloatingPointError: invalid value encountered in sqrt


Computing rg for phenotype 34/68
Reading summary statistics from ../output_sumstats/output_pmid27989323_IL1ra_eur.sumstats.gz ...
Read summary statistics for 1217311 SNPs.
After merging with summary statistics, 1030075 SNPs remain.
1023123 SNPs with valid alleles.

Heritability of phenotype 34/68
-------------------------------
Total Observed scale h2: 0.0491 (0.1362)
Lambda GC: 1.0105
Mean Chi^2: 1.0097
Intercept: 1.0062 (0.0084)
Ratio: 0.6378 (0.8614)

Genetic Covariance
------------------
Total Observed scale gencov: 0.0575 (0.0633)
Mean z1*z2: 0.0119
Intercept: 0.0063 (0.0044)

Genetic Correlation
-------------------
Genetic Correlation: 0.425 (1.0705)
Z-score: 0.397
P: 0.6913

Computing rg for phenotype 35/68
Reading summary statistics from ../output_sumstats/output_pmid27989323_IL2_eur.sumstats.gz ...
Read summary statistics for 1217311 SNPs.
After merging with summary statistics, 1030075 SNPs remain.
1022881 SNPs with valid alleles.

Heritability of phenotype 35/68
-------------------------------
Total Observed scale h2: -0.0456 (0.1333)
Lambda GC: 1.0165
Mean Chi^2: 1.0081
Intercept: 1.0113 (0.0079)
Ratio: 1.3884 (0.967)

Genetic Covariance
------------------
Total Observed scale gencov: 0.0162 (0.0612)
Mean z1*z2: 0.0071
Intercept: 0.0057 (0.0046)

Genetic Correlation
-------------------
Genetic Correlation: nan (nan) (h2  out of bounds) 
Z-score: nan (nan) (h2  out of bounds)
P: nan (nan) (h2  out of bounds)
WARNING: One of the h2's was out of bounds.
This usually indicates a data-munging error or that h2 or N is low.

Computing rg for phenotype 36/68
Reading summary statistics from ../output_sumstats/output_pmid27989323_IL2ra_eur.sumstats.gz ...
Read summary statistics for 1217311 SNPs.
After merging with summary statistics, 1030075 SNPs remain.
1023141 SNPs with valid alleles.

Heritability of phenotype 36/68
-------------------------------
Total Observed scale h2: 0.0247 (0.1174)
Lambda GC: 1.0105
Mean Chi^2: 1.0068
Intercept: 1.005 (0.0071)
Ratio: 0.7358 (1.0518)

Genetic Covariance
------------------
Total Observed scale gencov: 0.0059 (0.0638)
Mean z1*z2: 0.0048
Intercept: 0.0037 (0.0046)

Genetic Correlation
-------------------
Genetic Correlation: 0.0613 (0.7637)
Z-score: 0.0802
P: 0.9361

Computing rg for phenotype 37/68
Reading summary statistics from ../output_sumstats/output_pmid27989323_IL4_eur.sumstats.gz ...
Read summary statistics for 1217311 SNPs.
After merging with summary statistics, 1030075 SNPs remain.
1022835 SNPs with valid alleles.

Heritability of phenotype 37/68
-------------------------------
Total Observed scale h2: -0.0558 (0.0583)
Lambda GC: 1.0016
Mean Chi^2: 1.0037
Intercept: 1.0127 (0.0083)
Ratio: 3.4531 (2.25)

Genetic Covariance
------------------
Total Observed scale gencov: 0.0158 (0.0448)
Mean z1*z2: 0.0093
Intercept: 0.0068 (0.0048)

Genetic Correlation
-------------------
Genetic Correlation: nan (nan) (h2  out of bounds) 
Z-score: nan (nan) (h2  out of bounds)
P: nan (nan) (h2  out of bounds)
WARNING: One of the h2's was out of bounds.
This usually indicates a data-munging error or that h2 or N is low.

Computing rg for phenotype 38/68
Reading summary statistics from ../output_sumstats/output_pmid27989323_IL5_eur.sumstats.gz ...
Read summary statistics for 1217311 SNPs.
After merging with summary statistics, 1030075 SNPs remain.
1022034 SNPs with valid alleles.

Heritability of phenotype 38/68
-------------------------------
Total Observed scale h2: -0.1335 (0.14)
Lambda GC: 1.0105
Mean Chi^2: 1.0049
Intercept: 1.0139 (0.0084)
Ratio: 2.8341 (1.7103)

Genetic Covariance
------------------
Total Observed scale gencov: 0.0076 (0.0656)
Mean z1*z2: 0.0082
Intercept: 0.0076 (0.0049)

Genetic Correlation
-------------------
Genetic Correlation: nan (nan) (h2  out of bounds) 
Z-score: nan (nan) (h2  out of bounds)
P: nan (nan) (h2  out of bounds)
WARNING: One of the h2's was out of bounds.
This usually indicates a data-munging error or that h2 or N is low.

Computing rg for phenotype 39/68
Reading summary statistics from ../output_sumstats/output_pmid27989323_IL6_eur.sumstats.gz ...
Read summary statistics for 1217311 SNPs.
After merging with summary statistics, 1030075 SNPs remain.
1023066 SNPs with valid alleles.

Heritability of phenotype 39/68
-------------------------------
Total Observed scale h2: -0.0079 (0.0573)
Lambda GC: 1.0135
Mean Chi^2: 1.0082
Intercept: 1.0095 (0.0074)
Ratio: 1.158 (0.9077)

Genetic Covariance
------------------
Total Observed scale gencov: -0.0002 (0.0445)
Mean z1*z2: 0.0079
Intercept: 0.008 (0.0046)

Genetic Correlation
-------------------
Genetic Correlation: nan (nan) (h2  out of bounds) 
Z-score: nan (nan) (h2  out of bounds)
P: nan (nan) (h2  out of bounds)
WARNING: One of the h2's was out of bounds.
This usually indicates a data-munging error or that h2 or N is low.

Computing rg for phenotype 40/68
Reading summary statistics from ../output_sumstats/output_pmid27989323_IL7_eur.sumstats.gz ...
Read summary statistics for 1217311 SNPs.
After merging with summary statistics, 1030075 SNPs remain.
1023264 SNPs with valid alleles.

Heritability of phenotype 40/68
-------------------------------
Total Observed scale h2: -0.0387 (0.1478)
Lambda GC: 1.0075
Mean Chi^2: 1.0107
Intercept: 1.0134 (0.0095)
Ratio: 1.2449 (0.8833)

Genetic Covariance
------------------
Total Observed scale gencov: 0.0251 (0.0624)
Mean z1*z2: 0.0081
Intercept: 0.0057 (0.0048)

Genetic Correlation
-------------------
Genetic Correlation: nan (nan) (h2  out of bounds) 
Z-score: nan (nan) (h2  out of bounds)
P: nan (nan) (h2  out of bounds)
WARNING: One of the h2's was out of bounds.
This usually indicates a data-munging error or that h2 or N is low.

Computing rg for phenotype 41/68
Reading summary statistics from ../output_sumstats/output_pmid27989323_IL8_eur.sumstats.gz ...
Read summary statistics for 1217311 SNPs.
After merging with summary statistics, 1030075 SNPs remain.
1022610 SNPs with valid alleles.

Heritability of phenotype 41/68
-------------------------------
Total Observed scale h2: -0.0416 (0.1303)
Lambda GC: 1.0046
Mean Chi^2: 1.006
Intercept: 1.0089 (0.0074)
Ratio: 1.487 (1.2253)

Genetic Covariance
------------------
Total Observed scale gencov: 0.0272 (0.0691)
Mean z1*z2: 0.0042
Intercept: 0.0016 (0.0051)

Genetic Correlation
-------------------
Genetic Correlation: nan (nan) (h2  out of bounds) 
Z-score: nan (nan) (h2  out of bounds)
P: nan (nan) (h2  out of bounds)
WARNING: One of the h2's was out of bounds.
This usually indicates a data-munging error or that h2 or N is low.

Computing rg for phenotype 42/68
Reading summary statistics from ../output_sumstats/output_pmid27989323_IL9_eur.sumstats.gz ...
Read summary statistics for 1217311 SNPs.
After merging with summary statistics, 1030075 SNPs remain.
1023103 SNPs with valid alleles.

Heritability of phenotype 42/68
-------------------------------
Total Observed scale h2: -0.1422 (0.1325)
Lambda GC: 1.0135
Mean Chi^2: 1.0016
Intercept: 1.0119 (0.0076)
Ratio: 7.4235 (4.7402)

Genetic Covariance
------------------
Total Observed scale gencov: 0.0391 (0.0608)
Mean z1*z2: 0.0099
Intercept: 0.006 (0.0045)

Genetic Correlation
-------------------
Genetic Correlation: nan (nan) (h2  out of bounds) 
Z-score: nan (nan) (h2  out of bounds)
P: nan (nan) (h2  out of bounds)
WARNING: One of the h2's was out of bounds.
This usually indicates a data-munging error or that h2 or N is low.

Computing rg for phenotype 43/68
Reading summary statistics from ../output_sumstats/output_pmid27989323_MCP1_eur.sumstats.gz ...
Read summary statistics for 1217311 SNPs.
After merging with summary statistics, 1030075 SNPs remain.
1023059 SNPs with valid alleles.

Heritability of phenotype 43/68
-------------------------------
Total Observed scale h2: 0.1513 (0.0719)
Lambda GC: 1.0105
Mean Chi^2: 1.0219
Intercept: 0.997 (0.0084)
Ratio < 0 (usually indicates GC correction).

Genetic Covariance
------------------
Total Observed scale gencov: -0.0324 (0.0436)
Mean z1*z2: -0.0019
Intercept: 0.0032 (0.0048)

Genetic Correlation
-------------------
Genetic Correlation: -0.1363 (0.1941)
Z-score: -0.7023
P: 0.4825

Computing rg for phenotype 44/68
Reading summary statistics from ../output_sumstats/output_pmid27989323_MCP3_eur.sumstats.gz ...
Read summary statistics for 1217311 SNPs.
After merging with summary statistics, 1030075 SNPs remain.
999998 SNPs with valid alleles.

Heritability of phenotype 44/68
-------------------------------
Total Observed scale h2: -0.9191 (0.5644)
Lambda GC: 0.9986
Mean Chi^2: 0.9971
Intercept: 1.0127 (0.008)
Ratio: NA (mean chi^2 < 1)

Genetic Covariance
------------------
Total Observed scale gencov: 0.0247 (0.1432)
Mean z1*z2: -0.0023
Intercept: -0.0037 (0.005)

Genetic Correlation
-------------------
Genetic Correlation: nan (nan) (h2  out of bounds) 
Z-score: nan (nan) (h2  out of bounds)
P: nan (nan) (h2  out of bounds)
WARNING: One of the h2's was out of bounds.
This usually indicates a data-munging error or that h2 or N is low.

Computing rg for phenotype 45/68
Reading summary statistics from ../output_sumstats/output_pmid27989323_MCSF_eur.sumstats.gz ...
Read summary statistics for 1217311 SNPs.
After merging with summary statistics, 1030075 SNPs remain.
1021905 SNPs with valid alleles.

Heritability of phenotype 45/68
-------------------------------
Total Observed scale h2: 0.2348 (0.5785)
Lambda GC: 0.9957
Mean Chi^2: 0.992
Intercept: 0.9881 (0.0071)
Ratio: NA (mean chi^2 < 1)

Genetic Covariance
------------------
Total Observed scale gencov: -0.0504 (0.1396)
Mean z1*z2: -0.0047
Intercept: -0.0022 (0.0047)

Genetic Correlation
-------------------
Genetic Correlation: -0.1669 (0.5894)
Z-score: -0.2831
P: 0.7771

Computing rg for phenotype 46/68
Reading summary statistics from ../output_sumstats/output_pmid27989323_MIF_eur.sumstats.gz ...
Read summary statistics for 1217311 SNPs.
After merging with summary statistics, 1030075 SNPs remain.
1023178 SNPs with valid alleles.

Heritability of phenotype 46/68
-------------------------------
Total Observed scale h2: 0.0976 (0.1329)
Lambda GC: 1.0105
Mean Chi^2: 1.0116
Intercept: 1.0048 (0.0075)
Ratio: 0.4151 (0.6417)

Genetic Covariance
------------------
Total Observed scale gencov: -0.0425 (0.0672)
Mean z1*z2: 0.002
Intercept: 0.0062 (0.0046)

Genetic Correlation
-------------------
Genetic Correlation: -0.2215 (0.4024)
Z-score: -0.5504
P: 0.582

Computing rg for phenotype 47/68
Reading summary statistics from ../output_sumstats/output_pmid27989323_MIG_eur.sumstats.gz ...
Read summary statistics for 1217311 SNPs.
After merging with summary statistics, 1030075 SNPs remain.
1023038 SNPs with valid alleles.

Heritability of phenotype 47/68
-------------------------------
Total Observed scale h2: -0.1726 (0.1277)
Lambda GC: 1.0046
Mean Chi^2: 1.0041
Intercept: 1.0168 (0.007)
Ratio: 4.0952 (1.6971)

Genetic Covariance
------------------
Total Observed scale gencov: 0.0782 (0.0639)
Mean z1*z2: 0.0064
Intercept: -0.002 (0.005)

Genetic Correlation
-------------------
Genetic Correlation: nan (nan) (h2  out of bounds) 
Z-score: nan (nan) (h2  out of bounds)
P: nan (nan) (h2  out of bounds)
WARNING: One of the h2's was out of bounds.
This usually indicates a data-munging error or that h2 or N is low.

Computing rg for phenotype 48/68
Reading summary statistics from ../output_sumstats/output_pmid27989323_MIP1a_eur.sumstats.gz ...
Read summary statistics for 1217311 SNPs.
After merging with summary statistics, 1030075 SNPs remain.
1022651 SNPs with valid alleles.

Heritability of phenotype 48/68
-------------------------------
Total Observed scale h2: -0.0783 (0.1426)
Lambda GC: 0.9957
Mean Chi^2: 1.
Intercept: 1.0055 (0.008)
Ratio: NA (mean chi^2 < 1)

Genetic Covariance
------------------
Total Observed scale gencov: 0.1283 (0.0603)
Mean z1*z2: 0.0146
Intercept: 0.0017 (0.0042)

Genetic Correlation
-------------------
Genetic Correlation: nan (nan) (h2  out of bounds) 
Z-score: nan (nan) (h2  out of bounds)
P: nan (nan) (h2  out of bounds)
WARNING: One of the h2's was out of bounds.
This usually indicates a data-munging error or that h2 or N is low.

Computing rg for phenotype 49/68
Reading summary statistics from ../output_sumstats/output_pmid27989323_MIP1b_eur.sumstats.gz ...
Read summary statistics for 1217311 SNPs.
After merging with summary statistics, 1030075 SNPs remain.
1023047 SNPs with valid alleles.
ERROR computing rg for phenotype 49/68, from file ../output_sumstats/output_pmid27989323_MIP1b_eur.sumstats.gz.
Traceback (most recent call last):
  File "/Users/as/Documents/UNI/Bioinformatik/2023:24_WS/GoBi_Lokal/BlockTeil_Metabolomics/ldsc/ldscore/sumstats.py", line 410, in estimate_rg
    rghat = _rg(loop, args, log, M_annot, ref_ld_cnames, w_ld_cname, i)
  File "/Users/as/Documents/UNI/Bioinformatik/2023:24_WS/GoBi_Lokal/BlockTeil_Metabolomics/ldsc/ldscore/sumstats.py", line 539, in _rg
    intercept_gencov=intercepts[2], n_blocks=n_blocks, twostep=args.two_step)
  File "/Users/as/Documents/UNI/Bioinformatik/2023:24_WS/GoBi_Lokal/BlockTeil_Metabolomics/ldsc/ldscore/regressions.py", line 705, in __init__
    np.multiply(hsq1.tot_delete_values, hsq2.tot_delete_values))
FloatingPointError: invalid value encountered in sqrt


Computing rg for phenotype 50/68
Reading summary statistics from ../output_sumstats/output_pmid27989323_PDGFbb_eur.sumstats.gz ...
Read summary statistics for 1217311 SNPs.
After merging with summary statistics, 1030075 SNPs remain.
1023057 SNPs with valid alleles.

Heritability of phenotype 50/68
-------------------------------
Total Observed scale h2: -0.0206 (0.0617)
Lambda GC: 1.0225
Mean Chi^2: 1.0219
Intercept: 1.0253 (0.0095)
Ratio: 1.1558 (0.4334)

Genetic Covariance
------------------
Total Observed scale gencov: 0.0596 (0.0446)
Mean z1*z2: 0.016
Intercept: 0.0066 (0.0051)

Genetic Correlation
-------------------
Genetic Correlation: nan (nan) (h2  out of bounds) 
Z-score: nan (nan) (h2  out of bounds)
P: nan (nan) (h2  out of bounds)
WARNING: One of the h2's was out of bounds.
This usually indicates a data-munging error or that h2 or N is low.

Computing rg for phenotype 51/68
Reading summary statistics from ../output_sumstats/output_pmid27989323_RANTES_eur.sumstats.gz ...
Read summary statistics for 1217311 SNPs.
After merging with summary statistics, 1030075 SNPs remain.
1022909 SNPs with valid alleles.

Heritability of phenotype 51/68
-------------------------------
Total Observed scale h2: 0.1259 (0.1278)
Lambda GC: 1.0016
Mean Chi^2: 1.0071
Intercept: 0.9985 (0.0071)
Ratio < 0 (usually indicates GC correction).

Genetic Covariance
------------------
Total Observed scale gencov: 0.0234 (0.0703)
Mean z1*z2: -0.0025
Intercept: -0.0049 (0.0047)

Genetic Correlation
-------------------
Genetic Correlation: 0.1078 (0.3243)
Z-score: 0.3323
P: 0.7397

Computing rg for phenotype 52/68
Reading summary statistics from ../output_sumstats/output_pmid27989323_SCF_eur.sumstats.gz ...
Read summary statistics for 1217311 SNPs.
After merging with summary statistics, 1030075 SNPs remain.
1022897 SNPs with valid alleles.

Heritability of phenotype 52/68
-------------------------------
Total Observed scale h2: -0.064 (0.0559)
Lambda GC: 1.0075
Mean Chi^2: 1.0099
Intercept: 1.0205 (0.0071)
Ratio: 2.0657 (0.7204)

Genetic Covariance
------------------
Total Observed scale gencov: 0.0277 (0.0403)
Mean z1*z2: 0.0029
Intercept: -0.0015 (0.0046)

Genetic Correlation
-------------------
Genetic Correlation: nan (nan) (h2  out of bounds) 
Z-score: nan (nan) (h2  out of bounds)
P: nan (nan) (h2  out of bounds)
WARNING: One of the h2's was out of bounds.
This usually indicates a data-munging error or that h2 or N is low.

Computing rg for phenotype 53/68
Reading summary statistics from ../output_sumstats/output_pmid27989323_SCGFb_eur.sumstats.gz ...
Read summary statistics for 1217311 SNPs.
After merging with summary statistics, 1030075 SNPs remain.
456081 SNPs with valid alleles.

Heritability of phenotype 53/68
-------------------------------
Total Observed scale h2: 0.1251 (0.1806)
Lambda GC: 1.0165
Mean Chi^2: 1.0191
Intercept: 1.0096 (0.0109)
Ratio: 0.5012 (0.5704)

Genetic Covariance
------------------
Total Observed scale gencov: 0.1866 (0.0885)
Mean z1*z2: 0.0085
Intercept: -0.012 (0.0076)

Genetic Correlation
-------------------
Genetic Correlation: 0.9091 (0.861)
Z-score: 1.0559
P: 0.291

Computing rg for phenotype 54/68
Reading summary statistics from ../output_sumstats/output_pmid27989323_SDF1_eur.sumstats.gz ...
Read summary statistics for 1217311 SNPs.
After merging with summary statistics, 1030075 SNPs remain.
1022802 SNPs with valid alleles.
ERROR computing rg for phenotype 54/68, from file ../output_sumstats/output_pmid27989323_SDF1_eur.sumstats.gz.
Traceback (most recent call last):
  File "/Users/as/Documents/UNI/Bioinformatik/2023:24_WS/GoBi_Lokal/BlockTeil_Metabolomics/ldsc/ldscore/sumstats.py", line 410, in estimate_rg
    rghat = _rg(loop, args, log, M_annot, ref_ld_cnames, w_ld_cname, i)
  File "/Users/as/Documents/UNI/Bioinformatik/2023:24_WS/GoBi_Lokal/BlockTeil_Metabolomics/ldsc/ldscore/sumstats.py", line 539, in _rg
    intercept_gencov=intercepts[2], n_blocks=n_blocks, twostep=args.two_step)
  File "/Users/as/Documents/UNI/Bioinformatik/2023:24_WS/GoBi_Lokal/BlockTeil_Metabolomics/ldsc/ldscore/regressions.py", line 705, in __init__
    np.multiply(hsq1.tot_delete_values, hsq2.tot_delete_values))
FloatingPointError: invalid value encountered in sqrt


Computing rg for phenotype 55/68
Reading summary statistics from ../output_sumstats/output_pmid27989323_TNFa_eur.sumstats.gz ...
Read summary statistics for 1217311 SNPs.
After merging with summary statistics, 1030075 SNPs remain.
1022723 SNPs with valid alleles.

Heritability of phenotype 55/68
-------------------------------
Total Observed scale h2: -0.0063 (0.1405)
Lambda GC: 0.9898
Mean Chi^2: 0.9944
Intercept: 0.9948 (0.0073)
Ratio: NA (mean chi^2 < 1)

Genetic Covariance
------------------
Total Observed scale gencov: 0.0512 (0.0661)
Mean z1*z2: 0.0114
Intercept: 0.0064 (0.0046)

Genetic Correlation
-------------------
Genetic Correlation: nan (nan) (h2  out of bounds) 
Z-score: nan (nan) (h2  out of bounds)
P: nan (nan) (h2  out of bounds)
WARNING: One of the h2's was out of bounds.
This usually indicates a data-munging error or that h2 or N is low.

Computing rg for phenotype 56/68
Reading summary statistics from ../output_sumstats/output_pmid27989323_TNFb_eur.sumstats.gz ...
Read summary statistics for 1217311 SNPs.
After merging with summary statistics, 1030075 SNPs remain.
938503 SNPs with valid alleles.

Heritability of phenotype 56/68
-------------------------------
Total Observed scale h2: -0.4134 (0.3332)
Lambda GC: 1.0075
Mean Chi^2: 0.9972
Intercept: 1.0105 (0.0084)
Ratio: NA (mean chi^2 < 1)

Genetic Covariance
------------------
Total Observed scale gencov: -0.1784 (0.0988)
Mean z1*z2: -0.0068
Intercept: 0.0057 (0.0051)

Genetic Correlation
-------------------
Genetic Correlation: nan (nan) (h2  out of bounds) 
Z-score: nan (nan) (h2  out of bounds)
P: nan (nan) (h2  out of bounds)
WARNING: One of the h2's was out of bounds.
This usually indicates a data-munging error or that h2 or N is low.

Computing rg for phenotype 57/68
Reading summary statistics from ../output_sumstats/output_pmid27989323_TRAIL_eur.sumstats.gz ...
Read summary statistics for 1217311 SNPs.
After merging with summary statistics, 1030075 SNPs remain.
1022953 SNPs with valid alleles.

Heritability of phenotype 57/68
-------------------------------
Total Observed scale h2: -0.0205 (0.0553)
Lambda GC: 1.0195
Mean Chi^2: 1.0169
Intercept: 1.0202 (0.0099)
Ratio: 1.1984 (0.5856)

Genetic Covariance
------------------
Total Observed scale gencov: 0.033 (0.0441)
Mean z1*z2: 0.0069
Intercept: 0.0016 (0.0048)

Genetic Correlation
-------------------
Genetic Correlation: nan (nan) (h2  out of bounds) 
Z-score: nan (nan) (h2  out of bounds)
P: nan (nan) (h2  out of bounds)
WARNING: One of the h2's was out of bounds.
This usually indicates a data-munging error or that h2 or N is low.

Computing rg for phenotype 58/68
Reading summary statistics from ../output_sumstats/output_pmid27989323_bNGF_eur.sumstats.gz ...
Read summary statistics for 1217311 SNPs.
After merging with summary statistics, 1030075 SNPs remain.
1022825 SNPs with valid alleles.

Heritability of phenotype 58/68
-------------------------------
Total Observed scale h2: 0.2428 (0.1392)
Lambda GC: 1.0165
Mean Chi^2: 1.0126
Intercept: 0.9954 (0.0077)
Ratio < 0 (usually indicates GC correction).

Genetic Covariance
------------------
Total Observed scale gencov: -0.0414 (0.0644)
Mean z1*z2: 0.0011
Intercept: 0.0052 (0.0049)

Genetic Correlation
-------------------
Genetic Correlation: -0.1376 (0.2228)
Z-score: -0.6173
P: 0.5371

Computing rg for phenotype 59/68
Reading summary statistics from ../output_sumstats/output_pmid27989323_eotaxin_eur.sumstats.gz ...
Read summary statistics for 1217311 SNPs.
After merging with summary statistics, 1030075 SNPs remain.
1022895 SNPs with valid alleles.

Heritability of phenotype 59/68
-------------------------------
Total Observed scale h2: 0.1077 (0.0667)
Lambda GC: 1.0105
Mean Chi^2: 1.0238
Intercept: 1.0063 (0.008)
Ratio: 0.2638 (0.3348)

Genetic Covariance
------------------
Total Observed scale gencov: -0.0137 (0.0441)
Mean z1*z2: 0.0022
Intercept: 0.0047 (0.0048)

Genetic Correlation
-------------------
Genetic Correlation: -0.0684 (0.2219)
Z-score: -0.3082
P: 0.7579

Computing rg for phenotype 60/68
Reading summary statistics from ../output_sumstats/output_pmid27989323_ip10_eur.sumstats.gz ...
Read summary statistics for 1217311 SNPs.
After merging with summary statistics, 1030075 SNPs remain.
1023017 SNPs with valid alleles.

Heritability of phenotype 60/68
-------------------------------
Total Observed scale h2: 0.0875 (0.1314)
Lambda GC: 1.0225
Mean Chi^2: 1.0169
Intercept: 1.0104 (0.0075)
Ratio: 0.6176 (0.4421)

Genetic Covariance
------------------
Total Observed scale gencov: 0.1151 (0.0617)
Mean z1*z2: 0.0117
Intercept: -0.0005 (0.005)

Genetic Correlation
-------------------
Genetic Correlation: 0.639 (0.6185)
Z-score: 1.0332
P: 0.3015

Computing rg for phenotype 61/68
Reading summary statistics from ../output_sumstats/output_pmid29566793_ALS_eur.sumstats.gz ...
Read summary statistics for 1217311 SNPs.
After merging with summary statistics, 1030075 SNPs remain.
1025586 SNPs with valid alleles.

Heritability of phenotype 61/68
-------------------------------
Total Observed scale h2: 0.0315 (0.0074)
Lambda GC: 1.0496
Mean Chi^2: 1.0729
Intercept: 1.0217 (0.0079)
Ratio: 0.2983 (0.1081)

Genetic Covariance
------------------
Total Observed scale gencov: -0.0117 (0.0141)
Mean z1*z2: -0.002
Intercept: 0.0039 (0.0049)

Genetic Correlation
-------------------
Genetic Correlation: -0.1069 (0.1279)
Z-score: -0.8359
P: 0.4032

Computing rg for phenotype 62/68
Reading summary statistics from ../output_sumstats/output_pmid29632382_T2d-BMIadj_eur.sumstats.gz ...
Read summary statistics for 1217311 SNPs.
After merging with summary statistics, 1030075 SNPs remain.
23942 SNPs with valid alleles.
WARNING: number of SNPs less than 200k; this is almost always bad.

Heritability of phenotype 62/68
-------------------------------
Total Observed scale h2: 0.1055 (0.0306)
Lambda GC: 1.2136
Mean Chi^2: 1.8239
Intercept: 1.0044 (0.104)
Ratio: 0.0054 (0.1262)

Genetic Covariance
------------------
Total Observed scale gencov: 0.0141 (0.025)
Mean z1*z2: 0.0441
Intercept: 0.0332 (0.0242)

Genetic Correlation
-------------------
Genetic Correlation: 0.0972 (0.1723)
Z-score: 0.5643
P: 0.5726

Computing rg for phenotype 63/68
Reading summary statistics from ../output_sumstats/output_pmid30054458_T2d_eur.sumstats.gz ...
Read summary statistics for 1217311 SNPs.
After merging with summary statistics, 1030075 SNPs remain.
907072 SNPs with valid alleles.

Heritability of phenotype 63/68
-------------------------------
Total Observed scale h2: 0.0452 (0.0028)
Lambda GC: 1.4602
Mean Chi^2: 1.6785
Intercept: 1.0575 (0.0185)
Ratio: 0.0848 (0.0273)

Genetic Covariance
------------------
Total Observed scale gencov: 0.0212 (0.0073)
Mean z1*z2: 0.0313
Intercept: 0.0014 (0.0072)

Genetic Correlation
-------------------
Genetic Correlation: 0.1597 (0.0544)
Z-score: 2.9336
P: 0.0034

Computing rg for phenotype 64/68
Reading summary statistics from ../output_sumstats/output_pmid33111402_PD_eur.sumstats.gz ...
Read summary statistics for 1217311 SNPs.
After merging with summary statistics, 1030075 SNPs remain.
8989 SNPs with valid alleles.
WARNING: number of SNPs less than 200k; this is almost always bad.

Heritability of phenotype 64/68
-------------------------------
Total Observed scale h2: -2.9364 (1.2239)
Lambda GC: 0.9576
Mean Chi^2: 0.9494
Intercept: 1.1021 (0.0662)
Ratio: NA (mean chi^2 < 1)

Genetic Covariance
------------------
Total Observed scale gencov: 0.4999 (0.5389)
Mean z1*z2: 0.0371
Intercept: -0.0056 (0.0429)

Genetic Correlation
-------------------
Genetic Correlation: nan (nan) (h2  out of bounds) 
Z-score: nan (nan) (h2  out of bounds)
P: nan (nan) (h2  out of bounds)
WARNING: One of the h2's was out of bounds.
This usually indicates a data-munging error or that h2 or N is low.

Computing rg for phenotype 65/68
Reading summary statistics from ../output_sumstats/output_pmid33310728_RA_eur.sumstats.gz ...
Read summary statistics for 1217311 SNPs.
After merging with summary statistics, 1030075 SNPs remain.
1023432 SNPs with valid alleles.

Heritability of phenotype 65/68
-------------------------------
Total Observed scale h2: 0.036 (0.0042)
Lambda GC: 1.071
Mean Chi^2: 1.1943
Intercept: 0.9726 (0.0133)
Ratio < 0 (usually indicates GC correction).

Genetic Covariance
------------------
Total Observed scale gencov: 0.0082 (0.0084)
Mean z1*z2: 0.0009
Intercept: -0.0077 (0.0051)

Genetic Correlation
-------------------
Genetic Correlation: 0.0705 (0.0718)
Z-score: 0.981
P: 0.3266

Computing rg for phenotype 66/68
Reading summary statistics from ../output_sumstats/output_pmid33589841_LBD_eur.sumstats.gz ...
Read summary statistics for 1217311 SNPs.
After merging with summary statistics, 1030075 SNPs remain.
941619 SNPs with valid alleles.

Heritability of phenotype 66/68
-------------------------------
Total Observed scale h2: 0.1413 (0.083)
Lambda GC: 1.0195
Mean Chi^2: 1.0234
Intercept: 1.0046 (0.008)
Ratio: 0.1975 (0.3434)

Genetic Covariance
------------------
Total Observed scale gencov: -0.1061 (0.0483)
Mean z1*z2: -0.0064
Intercept: 0.0075 (0.0048)

Genetic Correlation
-------------------
Genetic Correlation: -0.4328 (0.2274)
Z-score: -1.9033
P: 0.057

Computing rg for phenotype 67/68
Reading summary statistics from ../output_sumstats/output_pmid33987465_PD_eur.sumstats.gz ...
Read summary statistics for 1217311 SNPs.
After merging with summary statistics, 1030075 SNPs remain.
1024934 SNPs with valid alleles.

Heritability of phenotype 67/68
-------------------------------
Total Observed scale h2: 0.2775 (0.1518)
Lambda GC: 1.0046
Mean Chi^2: 1.0066
Intercept: 0.9909 (0.0064)
Ratio < 0 (usually indicates GC correction).

Genetic Covariance
------------------
Total Observed scale gencov: -0.0065 (0.0794)
Mean z1*z2: 0.0033
Intercept: 0.004 (0.0053)

Genetic Correlation
-------------------
Genetic Correlation: -0.0201 (0.2459)
Z-score: -0.0818
P: 0.9348

Computing rg for phenotype 68/68
Reading summary statistics from ../output_sumstats/output_pmid34737426_APH_eur.sumstats.gz ...
Read summary statistics for 1217311 SNPs.
After merging with summary statistics, 1030075 SNPs remain.
1012084 SNPs with valid alleles.

Heritability of phenotype 68/68
-------------------------------
Total Observed scale h2: -7.7449e-05 (0.001)
Lambda GC: 0.9957
Mean Chi^2: 0.9845
Intercept: 0.9852 (0.0069)
Ratio: NA (mean chi^2 < 1)

Genetic Covariance
------------------
Total Observed scale gencov: 0.0007 (0.0057)
Mean z1*z2: -0.0015
Intercept: -0.0024 (0.0049)

Genetic Correlation
-------------------
Genetic Correlation: nan (nan) (h2  out of bounds) 
Z-score: nan (nan) (h2  out of bounds)
P: nan (nan) (h2  out of bounds)
WARNING: One of the h2's was out of bounds.
This usually indicates a data-munging error or that h2 or N is low.


Summary of Genetic Correlation Results
                                                             p1                                                                      p2       rg         se          z          p     h2_obs  h2_obs_se  h2_int h2_int_se   gcov_int gcov_int_se
 ../output_sumstats/output_pmid24816252_proline_eur.sumstats.gz          ../output_sumstats/output_pmid24816252_proline_eur.sumstats.gz        1  4.898e-06  2.042e+05          0     0.3879    0.08827   1.036   0.01216      1.036     0.01216
 ../output_sumstats/output_pmid24816252_proline_eur.sumstats.gz               ../output_sumstats/output_pmid21833088_MS_eur.sumstats.gz -0.07105     0.1535    -0.4629     0.6434     0.0653    0.02799   1.054  0.009029   0.004465    0.005533
 ../output_sumstats/output_pmid24816252_proline_eur.sumstats.gz               ../output_sumstats/output_pmid24076602_MS_eur.sumstats.gz -0.07518     0.1262    -0.5956     0.5515      1.525     0.2708   1.031   0.09023   0.007873     0.02068
 ../output_sumstats/output_pmid24816252_proline_eur.sumstats.gz  ../output_sumstats/output_pmid24816252_acetylcarnitine_eur.sumstats.gz       NA         NA         NA         NA    -0.2399    0.08232   1.021  0.007636    -0.0596    0.004489
 ../output_sumstats/output_pmid24816252_proline_eur.sumstats.gz          ../output_sumstats/output_pmid24816252_alanine_eur.sumstats.gz   0.4378    0.09432      4.642  3.451e-06     0.5276    0.07069   1.012  0.006913     0.3662    0.005014
 ../output_sumstats/output_pmid24816252_proline_eur.sumstats.gz         ../output_sumstats/output_pmid24816252_arginine_eur.sumstats.gz       NA         NA         NA         NA  -0.006049    0.06361   1.037  0.007251    0.09116    0.004851
 ../output_sumstats/output_pmid24816252_proline_eur.sumstats.gz       ../output_sumstats/output_pmid24816252_asparagine_eur.sumstats.gz   0.1277     0.1102      1.159     0.2465     0.4987    0.06618   1.019   0.00703    0.08087    0.004993
 ../output_sumstats/output_pmid24816252_proline_eur.sumstats.gz      ../output_sumstats/output_pmid24816252_cholesterol_eur.sumstats.gz  0.06441     0.1909     0.3374     0.7358     0.1371    0.07101   1.043  0.006758   0.005724    0.004251
 ../output_sumstats/output_pmid24816252_proline_eur.sumstats.gz          ../output_sumstats/output_pmid24816252_citrate_eur.sumstats.gz -0.08905     0.1065    -0.8365     0.4029     0.4515    0.07758   1.059  0.007794 -0.0003979    0.004966
 ../output_sumstats/output_pmid24816252_proline_eur.sumstats.gz        ../output_sumstats/output_pmid24816252_glutamate_eur.sumstats.gz  0.05014     0.1841     0.2723     0.7854     0.1583    0.05728  0.9325  0.005978     0.1995    0.004812
 ../output_sumstats/output_pmid24816252_proline_eur.sumstats.gz         ../output_sumstats/output_pmid24816252_glycerol_eur.sumstats.gz       NA         NA         NA         NA    -0.1305    0.06078   1.017  0.007018    0.01714    0.004855
 ../output_sumstats/output_pmid24816252_proline_eur.sumstats.gz        ../output_sumstats/output_pmid24816252_histidine_eur.sumstats.gz   0.1357    0.09613      1.412     0.1579     0.4424    0.07195   0.757  0.006326    0.05043     0.00416
 ../output_sumstats/output_pmid24816252_proline_eur.sumstats.gz       ../output_sumstats/output_pmid24816252_isoleucine_eur.sumstats.gz       NA         NA         NA         NA    -0.2844    0.05918   1.001  0.006349     0.3856    0.004741
 ../output_sumstats/output_pmid24816252_proline_eur.sumstats.gz    ../output_sumstats/output_pmid24816252_phenylalanine_eur.sumstats.gz   0.2645     0.1021      2.591   0.009564     0.3394    0.04475  0.7761  0.005172     0.2071    0.004239
 ../output_sumstats/output_pmid24816252_proline_eur.sumstats.gz         ../output_sumstats/output_pmid24816252_pyruvate_eur.sumstats.gz  0.07725     0.1879      0.411      0.681      0.137    0.05392   1.001  0.005646    0.07298    0.004634
 ../output_sumstats/output_pmid24816252_proline_eur.sumstats.gz        ../output_sumstats/output_pmid24816252_threonine_eur.sumstats.gz   0.6107     0.5607      1.089     0.2761    0.05403    0.08267   1.009  0.006536     0.1638    0.004951
 ../output_sumstats/output_pmid24816252_proline_eur.sumstats.gz       ../output_sumstats/output_pmid24816252_tryptophan_eur.sumstats.gz   0.2365    0.07255       3.26   0.001116     0.9201    0.07416   1.049  0.007824     0.1978    0.005045
 ../output_sumstats/output_pmid24816252_proline_eur.sumstats.gz         ../output_sumstats/output_pmid24816252_tyrosine_eur.sumstats.gz   0.4897     0.1866      2.625   0.008671     0.1747    0.07338   1.031  0.007336     0.3381    0.005585
 ../output_sumstats/output_pmid24816252_proline_eur.sumstats.gz             ../output_sumstats/output_pmid24816252_urea_eur.sumstats.gz       NA         NA         NA         NA   -0.08137    0.05293   1.013  0.006229    0.08647    0.004347
 ../output_sumstats/output_pmid24816252_proline_eur.sumstats.gz               ../output_sumstats/output_pmid27386562_MS_eur.sumstats.gz -0.05004     0.1273    -0.3931     0.6943     0.2309    0.04658   1.069   0.00867  -0.000774    0.005589
 ../output_sumstats/output_pmid24816252_proline_eur.sumstats.gz              ../output_sumstats/output_pmid27455348_ALS_eur.sumstats.gz  0.06287      0.153      0.411      0.681    0.04137    0.01302   1.002  0.006815  0.0002299    0.004597
 ../output_sumstats/output_pmid24816252_proline_eur.sumstats.gz            ../output_sumstats/output_pmid27989323_CTACK_eur.sumstats.gz       NA         NA         NA         NA         NA         NA      NA        NA         NA          NA
 ../output_sumstats/output_pmid24816252_proline_eur.sumstats.gz             ../output_sumstats/output_pmid27989323_GCSF_eur.sumstats.gz   0.8128      1.367     0.5947      0.552    0.02023    0.05812   1.008  0.007908 -0.0001141    0.004669
 ../output_sumstats/output_pmid24816252_proline_eur.sumstats.gz             ../output_sumstats/output_pmid27989323_GROa_eur.sumstats.gz       NA         NA         NA         NA     -73.49      22.44   2.133    0.5225    -0.1369      0.8198
 ../output_sumstats/output_pmid24816252_proline_eur.sumstats.gz              ../output_sumstats/output_pmid27989323_HGF_eur.sumstats.gz       NA         NA         NA         NA   -0.01964    0.05762   1.009  0.007962   0.002171    0.004581
 ../output_sumstats/output_pmid24816252_proline_eur.sumstats.gz             ../output_sumstats/output_pmid27989323_IFNg_eur.sumstats.gz       NA         NA         NA         NA         NA         NA      NA        NA         NA          NA
 ../output_sumstats/output_pmid24816252_proline_eur.sumstats.gz             ../output_sumstats/output_pmid27989323_IL10_eur.sumstats.gz       NA         NA         NA         NA   -0.01302    0.08825   1.018   0.01357  0.0004242    0.004843
 ../output_sumstats/output_pmid24816252_proline_eur.sumstats.gz          ../output_sumstats/output_pmid27989323_IL12p70_eur.sumstats.gz       NA         NA         NA         NA   -0.03066     0.1141   1.036   0.02293   0.005639    0.005099
 ../output_sumstats/output_pmid24816252_proline_eur.sumstats.gz             ../output_sumstats/output_pmid27989323_IL13_eur.sumstats.gz       NA         NA         NA         NA    -0.1681     0.1663   1.017   0.01285   0.002264    0.004618
 ../output_sumstats/output_pmid24816252_proline_eur.sumstats.gz             ../output_sumstats/output_pmid27989323_IL16_eur.sumstats.gz       NA         NA         NA         NA   -0.04992     0.1319  0.9933  0.007703   0.008256    0.004595
 ../output_sumstats/output_pmid24816252_proline_eur.sumstats.gz             ../output_sumstats/output_pmid27989323_IL17_eur.sumstats.gz       NA         NA         NA         NA     -4.107      1.482   1.499    0.1364    0.03181     0.08202
 ../output_sumstats/output_pmid24816252_proline_eur.sumstats.gz             ../output_sumstats/output_pmid27989323_IL18_eur.sumstats.gz       NA         NA         NA         NA         NA         NA      NA        NA         NA          NA
 ../output_sumstats/output_pmid24816252_proline_eur.sumstats.gz            ../output_sumstats/output_pmid27989323_IL1ra_eur.sumstats.gz    0.425       1.07      0.397     0.6913    0.04909     0.1362   1.006  0.008382   0.006277    0.004437
 ../output_sumstats/output_pmid24816252_proline_eur.sumstats.gz              ../output_sumstats/output_pmid27989323_IL2_eur.sumstats.gz       NA         NA         NA         NA   -0.04561     0.1333   1.011  0.007875   0.005658    0.004556
 ../output_sumstats/output_pmid24816252_proline_eur.sumstats.gz            ../output_sumstats/output_pmid27989323_IL2ra_eur.sumstats.gz  0.06126     0.7637     0.0802     0.9361     0.0247     0.1174   1.005  0.007122   0.003726    0.004629
 ../output_sumstats/output_pmid24816252_proline_eur.sumstats.gz              ../output_sumstats/output_pmid27989323_IL4_eur.sumstats.gz       NA         NA         NA         NA   -0.05576    0.05832   1.013  0.008281   0.006789    0.004773
 ../output_sumstats/output_pmid24816252_proline_eur.sumstats.gz              ../output_sumstats/output_pmid27989323_IL5_eur.sumstats.gz       NA         NA         NA         NA    -0.1335       0.14   1.014  0.008358   0.007551    0.004934
 ../output_sumstats/output_pmid24816252_proline_eur.sumstats.gz              ../output_sumstats/output_pmid27989323_IL6_eur.sumstats.gz       NA         NA         NA         NA  -0.007915     0.0573   1.009  0.007416   0.008036    0.004642
 ../output_sumstats/output_pmid24816252_proline_eur.sumstats.gz              ../output_sumstats/output_pmid27989323_IL7_eur.sumstats.gz       NA         NA         NA         NA   -0.03867     0.1478   1.013  0.009485   0.005714     0.00481
 ../output_sumstats/output_pmid24816252_proline_eur.sumstats.gz              ../output_sumstats/output_pmid27989323_IL8_eur.sumstats.gz       NA         NA         NA         NA   -0.04155     0.1303   1.009  0.007355   0.001623    0.005135
 ../output_sumstats/output_pmid24816252_proline_eur.sumstats.gz              ../output_sumstats/output_pmid27989323_IL9_eur.sumstats.gz       NA         NA         NA         NA    -0.1422     0.1325   1.012  0.007601   0.005955    0.004477
 ../output_sumstats/output_pmid24816252_proline_eur.sumstats.gz             ../output_sumstats/output_pmid27989323_MCP1_eur.sumstats.gz  -0.1363     0.1941    -0.7023     0.4825     0.1513    0.07194   0.997  0.008382   0.003247    0.004811
 ../output_sumstats/output_pmid24816252_proline_eur.sumstats.gz             ../output_sumstats/output_pmid27989323_MCP3_eur.sumstats.gz       NA         NA         NA         NA    -0.9191     0.5644   1.013  0.008009   -0.00367    0.004985
 ../output_sumstats/output_pmid24816252_proline_eur.sumstats.gz             ../output_sumstats/output_pmid27989323_MCSF_eur.sumstats.gz  -0.1669     0.5894    -0.2831     0.7771     0.2348     0.5785  0.9881  0.007079  -0.002209    0.004743
 ../output_sumstats/output_pmid24816252_proline_eur.sumstats.gz              ../output_sumstats/output_pmid27989323_MIF_eur.sumstats.gz  -0.2215     0.4024    -0.5504      0.582    0.09759     0.1329   1.005  0.007471   0.006203    0.004579
 ../output_sumstats/output_pmid24816252_proline_eur.sumstats.gz              ../output_sumstats/output_pmid27989323_MIG_eur.sumstats.gz       NA         NA         NA         NA    -0.1726     0.1277   1.017  0.006954  -0.002045    0.004967
 ../output_sumstats/output_pmid24816252_proline_eur.sumstats.gz            ../output_sumstats/output_pmid27989323_MIP1a_eur.sumstats.gz       NA         NA         NA         NA   -0.07829     0.1426   1.005  0.007971   0.001662    0.004245
 ../output_sumstats/output_pmid24816252_proline_eur.sumstats.gz            ../output_sumstats/output_pmid27989323_MIP1b_eur.sumstats.gz       NA         NA         NA         NA         NA         NA      NA        NA         NA          NA
 ../output_sumstats/output_pmid24816252_proline_eur.sumstats.gz           ../output_sumstats/output_pmid27989323_PDGFbb_eur.sumstats.gz       NA         NA         NA         NA   -0.02063    0.06166   1.025  0.009485   0.006631    0.005148
 ../output_sumstats/output_pmid24816252_proline_eur.sumstats.gz           ../output_sumstats/output_pmid27989323_RANTES_eur.sumstats.gz   0.1078     0.3243     0.3323     0.7397     0.1259     0.1278  0.9985  0.007128  -0.004868    0.004727
 ../output_sumstats/output_pmid24816252_proline_eur.sumstats.gz              ../output_sumstats/output_pmid27989323_SCF_eur.sumstats.gz       NA         NA         NA         NA   -0.06397    0.05586    1.02  0.007141  -0.001526    0.004555
 ../output_sumstats/output_pmid24816252_proline_eur.sumstats.gz            ../output_sumstats/output_pmid27989323_SCGFb_eur.sumstats.gz   0.9091      0.861      1.056      0.291     0.1251     0.1806    1.01   0.01089   -0.01203    0.007644
 ../output_sumstats/output_pmid24816252_proline_eur.sumstats.gz             ../output_sumstats/output_pmid27989323_SDF1_eur.sumstats.gz       NA         NA         NA         NA         NA         NA      NA        NA         NA          NA
 ../output_sumstats/output_pmid24816252_proline_eur.sumstats.gz             ../output_sumstats/output_pmid27989323_TNFa_eur.sumstats.gz       NA         NA         NA         NA  -0.006272     0.1405  0.9948  0.007299   0.006393    0.004561
 ../output_sumstats/output_pmid24816252_proline_eur.sumstats.gz             ../output_sumstats/output_pmid27989323_TNFb_eur.sumstats.gz       NA         NA         NA         NA    -0.4134     0.3332   1.011  0.008366   0.005716    0.005109
 ../output_sumstats/output_pmid24816252_proline_eur.sumstats.gz            ../output_sumstats/output_pmid27989323_TRAIL_eur.sumstats.gz       NA         NA         NA         NA   -0.02053    0.05531    1.02   0.00989   0.001616    0.004759
 ../output_sumstats/output_pmid24816252_proline_eur.sumstats.gz             ../output_sumstats/output_pmid27989323_bNGF_eur.sumstats.gz  -0.1376     0.2228    -0.6173     0.5371     0.2428     0.1392  0.9954  0.007739   0.005157    0.004902
 ../output_sumstats/output_pmid24816252_proline_eur.sumstats.gz          ../output_sumstats/output_pmid27989323_eotaxin_eur.sumstats.gz -0.06841     0.2219    -0.3082     0.7579     0.1077    0.06667   1.006  0.007966    0.00469     0.00483
 ../output_sumstats/output_pmid24816252_proline_eur.sumstats.gz             ../output_sumstats/output_pmid27989323_ip10_eur.sumstats.gz    0.639     0.6185      1.033     0.3015     0.0875     0.1314    1.01  0.007451 -0.0005401    0.004963
 ../output_sumstats/output_pmid24816252_proline_eur.sumstats.gz              ../output_sumstats/output_pmid29566793_ALS_eur.sumstats.gz  -0.1069     0.1279    -0.8359     0.4032    0.03147   0.007388   1.022  0.007879   0.003867    0.004905
 ../output_sumstats/output_pmid24816252_proline_eur.sumstats.gz       ../output_sumstats/output_pmid29632382_T2d-BMIadj_eur.sumstats.gz  0.09725     0.1723     0.5643     0.5726     0.1055    0.03059   1.004     0.104    0.03318     0.02419
 ../output_sumstats/output_pmid24816252_proline_eur.sumstats.gz              ../output_sumstats/output_pmid30054458_T2d_eur.sumstats.gz   0.1597    0.05444      2.934   0.003351    0.04517   0.002753   1.058   0.01854   0.001384     0.00721
 ../output_sumstats/output_pmid24816252_proline_eur.sumstats.gz               ../output_sumstats/output_pmid33111402_PD_eur.sumstats.gz       NA         NA         NA         NA     -2.936      1.224   1.102   0.06623  -0.005561     0.04288
 ../output_sumstats/output_pmid24816252_proline_eur.sumstats.gz               ../output_sumstats/output_pmid33310728_RA_eur.sumstats.gz  0.07047    0.07183      0.981     0.3266      0.036   0.004169  0.9726   0.01333  -0.007702    0.005072
 ../output_sumstats/output_pmid24816252_proline_eur.sumstats.gz              ../output_sumstats/output_pmid33589841_LBD_eur.sumstats.gz  -0.4328     0.2274     -1.903      0.057     0.1413    0.08297   1.005  0.008041   0.007473    0.004833
 ../output_sumstats/output_pmid24816252_proline_eur.sumstats.gz               ../output_sumstats/output_pmid33987465_PD_eur.sumstats.gz -0.02011     0.2459   -0.08177     0.9348     0.2775     0.1518  0.9909  0.006447   0.003964    0.005312
 ../output_sumstats/output_pmid24816252_proline_eur.sumstats.gz              ../output_sumstats/output_pmid34737426_APH_eur.sumstats.gz       NA         NA         NA         NA -7.745e-05  0.0009752  0.9852  0.006882  -0.002439    0.004941

Analysis finished at Sat Feb 24 07:01:21 2024
Total time elapsed: 40.0m:45.72s
