*********************************************************************
* LD Score Regression (LDSC)
* Version 1.0.1
* (C) 2014-2019 Brendan Bulik-Sullivan and Hilary Finucane
* Broad Institute of MIT and Harvard / MIT Department of Mathematics
* GNU General Public License v3
*********************************************************************
Call: 
./ldsc.py \
--ref-ld-chr ../input_files/eur_w_ld_chr/ \
--out ../output_ld_regression/output_pmid24076602_MS_eur_ldReg \
--rg ../output_sumstats/output_pmid24076602_MS_eur.sumstats.gz,../output_sumstats/output_pmid24076602_MS_eur.sumstats.gz,../output_sumstats/output_pmid21833088_MS_eur.sumstats.gz,../output_sumstats/output_pmid24816252_acetylcarnitine_eur.sumstats.gz,../output_sumstats/output_pmid24816252_alanine_eur.sumstats.gz,../output_sumstats/output_pmid24816252_arginine_eur.sumstats.gz,../output_sumstats/output_pmid24816252_asparagine_eur.sumstats.gz,../output_sumstats/output_pmid24816252_cholesterol_eur.sumstats.gz,../output_sumstats/output_pmid24816252_citrate_eur.sumstats.gz,../output_sumstats/output_pmid24816252_glutamate_eur.sumstats.gz,../output_sumstats/output_pmid24816252_glycerol_eur.sumstats.gz,../output_sumstats/output_pmid24816252_histidine_eur.sumstats.gz,../output_sumstats/output_pmid24816252_isoleucine_eur.sumstats.gz,../output_sumstats/output_pmid24816252_phenylalanine_eur.sumstats.gz,../output_sumstats/output_pmid24816252_proline_eur.sumstats.gz,../output_sumstats/output_pmid24816252_pyruvate_eur.sumstats.gz,../output_sumstats/output_pmid24816252_threonine_eur.sumstats.gz,../output_sumstats/output_pmid24816252_tryptophan_eur.sumstats.gz,../output_sumstats/output_pmid24816252_tyrosine_eur.sumstats.gz,../output_sumstats/output_pmid24816252_urea_eur.sumstats.gz,../output_sumstats/output_pmid27386562_MS_eur.sumstats.gz,../output_sumstats/output_pmid27455348_ALS_eur.sumstats.gz,../output_sumstats/output_pmid27989323_CTACK_eur.sumstats.gz,../output_sumstats/output_pmid27989323_GCSF_eur.sumstats.gz,../output_sumstats/output_pmid27989323_GROa_eur.sumstats.gz,../output_sumstats/output_pmid27989323_HGF_eur.sumstats.gz,../output_sumstats/output_pmid27989323_IFNg_eur.sumstats.gz,../output_sumstats/output_pmid27989323_IL10_eur.sumstats.gz,../output_sumstats/output_pmid27989323_IL12p70_eur.sumstats.gz,../output_sumstats/output_pmid27989323_IL13_eur.sumstats.gz,../output_sumstats/output_pmid27989323_IL16_eur.sumstats.gz,../output_sumstats/output_pmid27989323_IL17_eur.sumstats.gz,../output_sumstats/output_pmid27989323_IL18_eur.sumstats.gz,../output_sumstats/output_pmid27989323_IL1ra_eur.sumstats.gz,../output_sumstats/output_pmid27989323_IL2_eur.sumstats.gz,../output_sumstats/output_pmid27989323_IL2ra_eur.sumstats.gz,../output_sumstats/output_pmid27989323_IL4_eur.sumstats.gz,../output_sumstats/output_pmid27989323_IL5_eur.sumstats.gz,../output_sumstats/output_pmid27989323_IL6_eur.sumstats.gz,../output_sumstats/output_pmid27989323_IL7_eur.sumstats.gz,../output_sumstats/output_pmid27989323_IL8_eur.sumstats.gz,../output_sumstats/output_pmid27989323_IL9_eur.sumstats.gz,../output_sumstats/output_pmid27989323_MCP1_eur.sumstats.gz,../output_sumstats/output_pmid27989323_MCP3_eur.sumstats.gz,../output_sumstats/output_pmid27989323_MCSF_eur.sumstats.gz,../output_sumstats/output_pmid27989323_MIF_eur.sumstats.gz,../output_sumstats/output_pmid27989323_MIG_eur.sumstats.gz,../output_sumstats/output_pmid27989323_MIP1a_eur.sumstats.gz,../output_sumstats/output_pmid27989323_MIP1b_eur.sumstats.gz,../output_sumstats/output_pmid27989323_PDGFbb_eur.sumstats.gz,../output_sumstats/output_pmid27989323_RANTES_eur.sumstats.gz,../output_sumstats/output_pmid27989323_SCF_eur.sumstats.gz,../output_sumstats/output_pmid27989323_SCGFb_eur.sumstats.gz,../output_sumstats/output_pmid27989323_SDF1_eur.sumstats.gz,../output_sumstats/output_pmid27989323_TNFa_eur.sumstats.gz,../output_sumstats/output_pmid27989323_TNFb_eur.sumstats.gz,../output_sumstats/output_pmid27989323_TRAIL_eur.sumstats.gz,../output_sumstats/output_pmid27989323_bNGF_eur.sumstats.gz,../output_sumstats/output_pmid27989323_eotaxin_eur.sumstats.gz,../output_sumstats/output_pmid27989323_ip10_eur.sumstats.gz,../output_sumstats/output_pmid29566793_ALS_eur.sumstats.gz,../output_sumstats/output_pmid29632382_T2d-BMIadj_eur.sumstats.gz,../output_sumstats/output_pmid30054458_T2d_eur.sumstats.gz,../output_sumstats/output_pmid33111402_PD_eur.sumstats.gz,../output_sumstats/output_pmid33310728_RA_eur.sumstats.gz,../output_sumstats/output_pmid33589841_LBD_eur.sumstats.gz,../output_sumstats/output_pmid33987465_PD_eur.sumstats.gz,../output_sumstats/output_pmid34737426_APH_eur.sumstats.gz \
--w-ld-chr ../input_files/eur_w_ld_chr/ 

Beginning analysis at Sat Feb 24 00:57:13 2024
Reading summary statistics from ../output_sumstats/output_pmid24076602_MS_eur.sumstats.gz ...
Read summary statistics for 51107 SNPs.
Reading reference panel LD Score from ../input_files/eur_w_ld_chr/[1-22] ... (ldscore_fromlist)
Read reference panel LD Scores for 1290028 SNPs.
Removing partitioned LD Scores with zero variance.
Reading regression weight LD Score from ../input_files/eur_w_ld_chr/[1-22] ... (ldscore_fromlist)
Read regression weight LD Scores for 1290028 SNPs.
After merging with reference panel LD, 49870 SNPs remain.
After merging with regression SNP LD, 49870 SNPs remain.
Computing rg for phenotype 2/68
Reading summary statistics from ../output_sumstats/output_pmid24076602_MS_eur.sumstats.gz ...
Read summary statistics for 1217311 SNPs.
After merging with summary statistics, 49870 SNPs remain.
49870 SNPs with valid alleles.
WARNING: number of SNPs less than 200k; this is almost always bad.

Heritability of phenotype 1
---------------------------
Total Observed scale h2: 1.5501 (0.2543)
Lambda GC: 1.4602
Mean Chi^2: 2.1959
Intercept: 1.032 (0.1029)
Ratio: 0.0267 (0.086)

Heritability of phenotype 2/68
------------------------------
Total Observed scale h2: 1.5501 (0.2543)
Lambda GC: 1.4602
Mean Chi^2: 2.1959
Intercept: 1.032 (0.1029)
Ratio: 0.0267 (0.086)

Genetic Covariance
------------------
Total Observed scale gencov: 1.5501 (0.2543)
Mean z1*z2: 2.1959
Intercept: 1.032 (0.1029)

Genetic Correlation
-------------------
Genetic Correlation: 1. (6.2595e-06)
Z-score: 159759.7472
P: 0.

Computing rg for phenotype 3/68
Reading summary statistics from ../output_sumstats/output_pmid21833088_MS_eur.sumstats.gz ...
Read summary statistics for 1217311 SNPs.
After merging with summary statistics, 49870 SNPs remain.
23921 SNPs with valid alleles.
WARNING: number of SNPs less than 200k; this is almost always bad.

Heritability of phenotype 3/68
------------------------------
Total Observed scale h2: 1.1896 (0.2333)
Lambda GC: 1.3824
Mean Chi^2: 1.8415
Intercept: 1.262 (0.0643)
Ratio: 0.3114 (0.0764)

Genetic Covariance
------------------
Total Observed scale gencov: 1.3051 (0.2051)
Mean z1*z2: 0.9477
Intercept: 0.1829 (0.066)

Genetic Correlation
-------------------
Genetic Correlation: 1.0192 (0.0541)
Z-score: 18.8351
P: 3.8918e-79

Computing rg for phenotype 4/68
Reading summary statistics from ../output_sumstats/output_pmid24816252_acetylcarnitine_eur.sumstats.gz ...
Read summary statistics for 1217311 SNPs.
After merging with summary statistics, 49870 SNPs remain.
44921 SNPs with valid alleles.
WARNING: number of SNPs less than 200k; this is almost always bad.
ERROR computing rg for phenotype 4/68, from file ../output_sumstats/output_pmid24816252_acetylcarnitine_eur.sumstats.gz.
Traceback (most recent call last):
  File "/Users/as/Documents/UNI/Bioinformatik/2023:24_WS/GoBi_Lokal/BlockTeil_Metabolomics/ldsc/ldscore/sumstats.py", line 410, in estimate_rg
    rghat = _rg(loop, args, log, M_annot, ref_ld_cnames, w_ld_cname, i)
  File "/Users/as/Documents/UNI/Bioinformatik/2023:24_WS/GoBi_Lokal/BlockTeil_Metabolomics/ldsc/ldscore/sumstats.py", line 539, in _rg
    intercept_gencov=intercepts[2], n_blocks=n_blocks, twostep=args.two_step)
  File "/Users/as/Documents/UNI/Bioinformatik/2023:24_WS/GoBi_Lokal/BlockTeil_Metabolomics/ldsc/ldscore/regressions.py", line 705, in __init__
    np.multiply(hsq1.tot_delete_values, hsq2.tot_delete_values))
FloatingPointError: invalid value encountered in sqrt


Computing rg for phenotype 5/68
Reading summary statistics from ../output_sumstats/output_pmid24816252_alanine_eur.sumstats.gz ...
Read summary statistics for 1217311 SNPs.
After merging with summary statistics, 49870 SNPs remain.
44921 SNPs with valid alleles.
WARNING: number of SNPs less than 200k; this is almost always bad.

Heritability of phenotype 5/68
------------------------------
Total Observed scale h2: 0.5582 (0.2108)
Lambda GC: 1.0496
Mean Chi^2: 1.0922
Intercept: 1.0005 (0.0233)
Ratio: 0.0059 (0.2527)

Genetic Covariance
------------------
Total Observed scale gencov: 0.033 (0.1108)
Mean z1*z2: 0.0208
Intercept: 0.0058 (0.0217)

Genetic Correlation
-------------------
Genetic Correlation: 0.0358 (0.1217)
Z-score: 0.2941
P: 0.7687

Computing rg for phenotype 6/68
Reading summary statistics from ../output_sumstats/output_pmid24816252_arginine_eur.sumstats.gz ...
Read summary statistics for 1217311 SNPs.
After merging with summary statistics, 49870 SNPs remain.
44921 SNPs with valid alleles.
WARNING: number of SNPs less than 200k; this is almost always bad.
ERROR computing rg for phenotype 6/68, from file ../output_sumstats/output_pmid24816252_arginine_eur.sumstats.gz.
Traceback (most recent call last):
  File "/Users/as/Documents/UNI/Bioinformatik/2023:24_WS/GoBi_Lokal/BlockTeil_Metabolomics/ldsc/ldscore/sumstats.py", line 410, in estimate_rg
    rghat = _rg(loop, args, log, M_annot, ref_ld_cnames, w_ld_cname, i)
  File "/Users/as/Documents/UNI/Bioinformatik/2023:24_WS/GoBi_Lokal/BlockTeil_Metabolomics/ldsc/ldscore/sumstats.py", line 539, in _rg
    intercept_gencov=intercepts[2], n_blocks=n_blocks, twostep=args.two_step)
  File "/Users/as/Documents/UNI/Bioinformatik/2023:24_WS/GoBi_Lokal/BlockTeil_Metabolomics/ldsc/ldscore/regressions.py", line 705, in __init__
    np.multiply(hsq1.tot_delete_values, hsq2.tot_delete_values))
FloatingPointError: invalid value encountered in sqrt


Computing rg for phenotype 7/68
Reading summary statistics from ../output_sumstats/output_pmid24816252_asparagine_eur.sumstats.gz ...
Read summary statistics for 1217311 SNPs.
After merging with summary statistics, 49870 SNPs remain.
44921 SNPs with valid alleles.
WARNING: number of SNPs less than 200k; this is almost always bad.

Heritability of phenotype 7/68
------------------------------
Total Observed scale h2: 0.5395 (0.2295)
Lambda GC: 1.105
Mean Chi^2: 1.1211
Intercept: 1.0373 (0.0231)
Ratio: 0.308 (0.1908)

Genetic Covariance
------------------
Total Observed scale gencov: -0.0195 (0.099)
Mean z1*z2: -0.0177
Intercept: -0.0213 (0.0223)

Genetic Correlation
-------------------
Genetic Correlation: -0.0215 (0.1105)
Z-score: -0.195
P: 0.8454

Computing rg for phenotype 8/68
Reading summary statistics from ../output_sumstats/output_pmid24816252_cholesterol_eur.sumstats.gz ...
Read summary statistics for 1217311 SNPs.
After merging with summary statistics, 49870 SNPs remain.
44921 SNPs with valid alleles.
WARNING: number of SNPs less than 200k; this is almost always bad.

Heritability of phenotype 8/68
------------------------------
Total Observed scale h2: 0.3485 (0.1788)
Lambda GC: 1.0895
Mean Chi^2: 1.1092
Intercept: 1.0534 (0.0211)
Ratio: 0.489 (0.1929)

Genetic Covariance
------------------
Total Observed scale gencov: -0.2393 (0.1088)
Mean z1*z2: -0.0326
Intercept: 0.0546 (0.0231)

Genetic Correlation
-------------------
Genetic Correlation: -0.3282 (0.1677)
Z-score: -1.957
P: 0.0503

Computing rg for phenotype 9/68
Reading summary statistics from ../output_sumstats/output_pmid24816252_citrate_eur.sumstats.gz ...
Read summary statistics for 1217311 SNPs.
After merging with summary statistics, 49870 SNPs remain.
44921 SNPs with valid alleles.
WARNING: number of SNPs less than 200k; this is almost always bad.

Heritability of phenotype 9/68
------------------------------
Total Observed scale h2: 0.1017 (0.1877)
Lambda GC: 1.1019
Mean Chi^2: 1.1268
Intercept: 1.1093 (0.0239)
Ratio: 0.8622 (0.1885)

Genetic Covariance
------------------
Total Observed scale gencov: -0.0236 (0.131)
Mean z1*z2: -0.0151
Intercept: -0.0039 (0.0241)

Genetic Correlation
-------------------
Genetic Correlation: -0.06 (0.3696)
Z-score: -0.1623
P: 0.8711

Computing rg for phenotype 10/68
Reading summary statistics from ../output_sumstats/output_pmid24816252_glutamate_eur.sumstats.gz ...
Read summary statistics for 1217311 SNPs.
After merging with summary statistics, 49870 SNPs remain.
44921 SNPs with valid alleles.
WARNING: number of SNPs less than 200k; this is almost always bad.

Heritability of phenotype 10/68
-------------------------------
Total Observed scale h2: 0.1991 (0.142)
Lambda GC: 0.9868
Mean Chi^2: 0.9714
Intercept: 0.9396 (0.0191)
Ratio: NA (mean chi^2 < 1)

Genetic Covariance
------------------
Total Observed scale gencov: -0.052 (0.0825)
Mean z1*z2: 0.0284
Intercept: 0.0417 (0.018)

Genetic Correlation
-------------------
Genetic Correlation: -0.0944 (0.1527)
Z-score: -0.6183
P: 0.5364

Computing rg for phenotype 11/68
Reading summary statistics from ../output_sumstats/output_pmid24816252_glycerol_eur.sumstats.gz ...
Read summary statistics for 1217311 SNPs.
After merging with summary statistics, 49870 SNPs remain.
44921 SNPs with valid alleles.
WARNING: number of SNPs less than 200k; this is almost always bad.

Heritability of phenotype 11/68
-------------------------------
Total Observed scale h2: -0.1049 (0.1776)
Lambda GC: 0.9751
Mean Chi^2: 0.9925
Intercept: 1.0095 (0.0224)
Ratio: NA (mean chi^2 < 1)

Genetic Covariance
------------------
Total Observed scale gencov: 0.043 (0.1161)
Mean z1*z2: 0.0156
Intercept: -0.0046 (0.0219)

Genetic Correlation
-------------------
Genetic Correlation: nan (nan) (h2  out of bounds) 
Z-score: nan (nan) (h2  out of bounds)
P: nan (nan) (h2  out of bounds)
WARNING: One of the h2's was out of bounds.
This usually indicates a data-munging error or that h2 or N is low.

Computing rg for phenotype 12/68
Reading summary statistics from ../output_sumstats/output_pmid24816252_histidine_eur.sumstats.gz ...
Read summary statistics for 1217311 SNPs.
After merging with summary statistics, 49870 SNPs remain.
44921 SNPs with valid alleles.
WARNING: number of SNPs less than 200k; this is almost always bad.

Heritability of phenotype 12/68
-------------------------------
Total Observed scale h2: 0.6143 (0.1447)
Lambda GC: 0.8342
Mean Chi^2: 0.8404
Intercept: 0.7449 (0.0171)
Ratio: NA (mean chi^2 < 1)

Genetic Covariance
------------------
Total Observed scale gencov: -0.1655 (0.1004)
Mean z1*z2: -0.0408
Intercept: 0.0207 (0.0209)

Genetic Correlation
-------------------
Genetic Correlation: -0.171 (0.0998)
Z-score: -1.7128
P: 0.0868

Computing rg for phenotype 13/68
Reading summary statistics from ../output_sumstats/output_pmid24816252_isoleucine_eur.sumstats.gz ...
Read summary statistics for 1217311 SNPs.
After merging with summary statistics, 49870 SNPs remain.
44921 SNPs with valid alleles.
WARNING: number of SNPs less than 200k; this is almost always bad.

Heritability of phenotype 13/68
-------------------------------
Total Observed scale h2: -0.3355 (0.1334)
Lambda GC: 0.9431
Mean Chi^2: 0.955
Intercept: 1.0107 (0.0185)
Ratio: NA (mean chi^2 < 1)

Genetic Covariance
------------------
Total Observed scale gencov: -0.1529 (0.0815)
Mean z1*z2: -0.029
Intercept: 0.0247 (0.0199)

Genetic Correlation
-------------------
Genetic Correlation: nan (nan) (h2  out of bounds) 
Z-score: nan (nan) (h2  out of bounds)
P: nan (nan) (h2  out of bounds)
WARNING: One of the h2's was out of bounds.
This usually indicates a data-munging error or that h2 or N is low.

Computing rg for phenotype 14/68
Reading summary statistics from ../output_sumstats/output_pmid24816252_phenylalanine_eur.sumstats.gz ...
Read summary statistics for 1217311 SNPs.
After merging with summary statistics, 49870 SNPs remain.
44921 SNPs with valid alleles.
WARNING: number of SNPs less than 200k; this is almost always bad.

Heritability of phenotype 14/68
-------------------------------
Total Observed scale h2: 0.1862 (0.1401)
Lambda GC: 0.7756
Mean Chi^2: 0.8149
Intercept: 0.7879 (0.0164)
Ratio: NA (mean chi^2 < 1)

Genetic Covariance
------------------
Total Observed scale gencov: -0.0064 (0.0759)
Mean z1*z2: 0.0242
Intercept: 0.0227 (0.0159)

Genetic Correlation
-------------------
Genetic Correlation: -0.0121 (0.1452)
Z-score: -0.083
P: 0.9339

Computing rg for phenotype 15/68
Reading summary statistics from ../output_sumstats/output_pmid24816252_proline_eur.sumstats.gz ...
Read summary statistics for 1217311 SNPs.
After merging with summary statistics, 49870 SNPs remain.
44921 SNPs with valid alleles.
WARNING: number of SNPs less than 200k; this is almost always bad.

Heritability of phenotype 15/68
-------------------------------
Total Observed scale h2: 0.2806 (0.1965)
Lambda GC: 1.0466
Mean Chi^2: 1.0838
Intercept: 1.042 (0.0201)
Ratio: 0.502 (0.2403)

Genetic Covariance
------------------
Total Observed scale gencov: -0.0492 (0.0815)
Mean z1*z2: -0.008
Intercept: 0.0079 (0.0207)

Genetic Correlation
-------------------
Genetic Correlation: -0.0752 (0.1262)
Z-score: -0.5956
P: 0.5515

Computing rg for phenotype 16/68
Reading summary statistics from ../output_sumstats/output_pmid24816252_pyruvate_eur.sumstats.gz ...
Read summary statistics for 1217311 SNPs.
After merging with summary statistics, 49870 SNPs remain.
44921 SNPs with valid alleles.
WARNING: number of SNPs less than 200k; this is almost always bad.
ERROR computing rg for phenotype 16/68, from file ../output_sumstats/output_pmid24816252_pyruvate_eur.sumstats.gz.
Traceback (most recent call last):
  File "/Users/as/Documents/UNI/Bioinformatik/2023:24_WS/GoBi_Lokal/BlockTeil_Metabolomics/ldsc/ldscore/sumstats.py", line 410, in estimate_rg
    rghat = _rg(loop, args, log, M_annot, ref_ld_cnames, w_ld_cname, i)
  File "/Users/as/Documents/UNI/Bioinformatik/2023:24_WS/GoBi_Lokal/BlockTeil_Metabolomics/ldsc/ldscore/sumstats.py", line 539, in _rg
    intercept_gencov=intercepts[2], n_blocks=n_blocks, twostep=args.two_step)
  File "/Users/as/Documents/UNI/Bioinformatik/2023:24_WS/GoBi_Lokal/BlockTeil_Metabolomics/ldsc/ldscore/regressions.py", line 705, in __init__
    np.multiply(hsq1.tot_delete_values, hsq2.tot_delete_values))
FloatingPointError: invalid value encountered in sqrt


Computing rg for phenotype 17/68
Reading summary statistics from ../output_sumstats/output_pmid24816252_threonine_eur.sumstats.gz ...
Read summary statistics for 1217311 SNPs.
After merging with summary statistics, 49870 SNPs remain.
44921 SNPs with valid alleles.
WARNING: number of SNPs less than 200k; this is almost always bad.
ERROR computing rg for phenotype 17/68, from file ../output_sumstats/output_pmid24816252_threonine_eur.sumstats.gz.
Traceback (most recent call last):
  File "/Users/as/Documents/UNI/Bioinformatik/2023:24_WS/GoBi_Lokal/BlockTeil_Metabolomics/ldsc/ldscore/sumstats.py", line 410, in estimate_rg
    rghat = _rg(loop, args, log, M_annot, ref_ld_cnames, w_ld_cname, i)
  File "/Users/as/Documents/UNI/Bioinformatik/2023:24_WS/GoBi_Lokal/BlockTeil_Metabolomics/ldsc/ldscore/sumstats.py", line 539, in _rg
    intercept_gencov=intercepts[2], n_blocks=n_blocks, twostep=args.two_step)
  File "/Users/as/Documents/UNI/Bioinformatik/2023:24_WS/GoBi_Lokal/BlockTeil_Metabolomics/ldsc/ldscore/regressions.py", line 705, in __init__
    np.multiply(hsq1.tot_delete_values, hsq2.tot_delete_values))
FloatingPointError: invalid value encountered in sqrt


Computing rg for phenotype 18/68
Reading summary statistics from ../output_sumstats/output_pmid24816252_tryptophan_eur.sumstats.gz ...
Read summary statistics for 1217311 SNPs.
After merging with summary statistics, 49870 SNPs remain.
44921 SNPs with valid alleles.
WARNING: number of SNPs less than 200k; this is almost always bad.

Heritability of phenotype 18/68
-------------------------------
Total Observed scale h2: 0.8952 (0.3605)
Lambda GC: 1.1082
Mean Chi^2: 1.1931
Intercept: 1.0456 (0.0328)
Ratio: 0.2361 (0.17)

Genetic Covariance
------------------
Total Observed scale gencov: -0.1638 (0.0953)
Mean z1*z2: -0.0242
Intercept: 0.0276 (0.02)

Genetic Correlation
-------------------
Genetic Correlation: -0.1402 (0.0913)
Z-score: -1.5357
P: 0.1246

Computing rg for phenotype 19/68
Reading summary statistics from ../output_sumstats/output_pmid24816252_tyrosine_eur.sumstats.gz ...
Read summary statistics for 1217311 SNPs.
After merging with summary statistics, 49870 SNPs remain.
44921 SNPs with valid alleles.
WARNING: number of SNPs less than 200k; this is almost always bad.

Heritability of phenotype 19/68
-------------------------------
Total Observed scale h2: 0.4646 (0.4848)
Lambda GC: 1.0375
Mean Chi^2: 1.0817
Intercept: 1.0116 (0.0322)
Ratio: 0.142 (0.394)

Genetic Covariance
------------------
Total Observed scale gencov: -0.1559 (0.099)
Mean z1*z2: -0.0179
Intercept: 0.0272 (0.0196)

Genetic Correlation
-------------------
Genetic Correlation: -0.1852 (0.9322)
Z-score: -0.1986
P: 0.8425

Computing rg for phenotype 20/68
Reading summary statistics from ../output_sumstats/output_pmid24816252_urea_eur.sumstats.gz ...
Read summary statistics for 1217311 SNPs.
After merging with summary statistics, 49870 SNPs remain.
44921 SNPs with valid alleles.
WARNING: number of SNPs less than 200k; this is almost always bad.

Heritability of phenotype 20/68
-------------------------------
Total Observed scale h2: -0.3297 (0.1837)
Lambda GC: 0.978
Mean Chi^2: 0.989
Intercept: 1.043 (0.0226)
Ratio: NA (mean chi^2 < 1)

Genetic Covariance
------------------
Total Observed scale gencov: -0.2428 (0.1036)
Mean z1*z2: -0.0369
Intercept: 0.0406 (0.0236)

Genetic Correlation
-------------------
Genetic Correlation: nan (nan) (h2  out of bounds) 
Z-score: nan (nan) (h2  out of bounds)
P: nan (nan) (h2  out of bounds)
WARNING: One of the h2's was out of bounds.
This usually indicates a data-munging error or that h2 or N is low.

Computing rg for phenotype 21/68
Reading summary statistics from ../output_sumstats/output_pmid27386562_MS_eur.sumstats.gz ...
Read summary statistics for 1217311 SNPs.
After merging with summary statistics, 49870 SNPs remain.
48726 SNPs with valid alleles.
WARNING: number of SNPs less than 200k; this is almost always bad.

Heritability of phenotype 21/68
-------------------------------
Total Observed scale h2: 1.4396 (0.3318)
Lambda GC: 1.3546
Mean Chi^2: 1.5949
Intercept: 1.1501 (0.0544)
Ratio: 0.2522 (0.0914)

Genetic Covariance
------------------
Total Observed scale gencov: -1.6097 (0.2544)
Mean z1*z2: -0.9705
Intercept: -0.2059 (0.0613)

Genetic Correlation
-------------------
Genetic Correlation: -1.0704 (0.0492)
Z-score: -21.7516
P: 6.6663e-105

Computing rg for phenotype 22/68
Reading summary statistics from ../output_sumstats/output_pmid27455348_ALS_eur.sumstats.gz ...
Read summary statistics for 1217311 SNPs.
After merging with summary statistics, 49870 SNPs remain.
49362 SNPs with valid alleles.
WARNING: number of SNPs less than 200k; this is almost always bad.

Heritability of phenotype 22/68
-------------------------------
Total Observed scale h2: 0.1389 (0.0541)
Lambda GC: 1.0741
Mean Chi^2: 1.1295
Intercept: 1.012 (0.0265)
Ratio: 0.0928 (0.2048)

Genetic Covariance
------------------
Total Observed scale gencov: -0.0399 (0.0618)
Mean z1*z2: -0.0239
Intercept: 0.0065 (0.024)

Genetic Correlation
-------------------
Genetic Correlation: -0.0862 (0.1421)
Z-score: -0.6069
P: 0.5439

Computing rg for phenotype 23/68
Reading summary statistics from ../output_sumstats/output_pmid27989323_CTACK_eur.sumstats.gz ...
Read summary statistics for 1217311 SNPs.
After merging with summary statistics, 49870 SNPs remain.
49483 SNPs with valid alleles.
WARNING: number of SNPs less than 200k; this is almost always bad.

Heritability of phenotype 23/68
-------------------------------
Total Observed scale h2: -0.1459 (0.3154)
Lambda GC: 0.9898
Mean Chi^2: 1.0134
Intercept: 1.0254 (0.0225)
Ratio: 1.8974 (1.6808)

Genetic Covariance
------------------
Total Observed scale gencov: 0.2272 (0.1653)
Mean z1*z2: 0.038
Intercept: -0.0115 (0.0233)

Genetic Correlation
-------------------
Genetic Correlation: nan (nan) (h2  out of bounds) 
Z-score: nan (nan) (h2  out of bounds)
P: nan (nan) (h2  out of bounds)
WARNING: One of the h2's was out of bounds.
This usually indicates a data-munging error or that h2 or N is low.

Computing rg for phenotype 24/68
Reading summary statistics from ../output_sumstats/output_pmid27989323_GCSF_eur.sumstats.gz ...
Read summary statistics for 1217311 SNPs.
After merging with summary statistics, 49870 SNPs remain.
49506 SNPs with valid alleles.
WARNING: number of SNPs less than 200k; this is almost always bad.

Heritability of phenotype 24/68
-------------------------------
Total Observed scale h2: 0.2063 (0.1755)
Lambda GC: 1.0436
Mean Chi^2: 1.0333
Intercept: 0.9956 (0.0205)
Ratio < 0 (usually indicates GC correction).

Genetic Covariance
------------------
Total Observed scale gencov: -0.0638 (0.1206)
Mean z1*z2: -0.0356
Intercept: 0.0173 (0.0232)

Genetic Correlation
-------------------
Genetic Correlation: -0.1114 (0.2107)
Z-score: -0.5289
P: 0.5969

Computing rg for phenotype 25/68
Reading summary statistics from ../output_sumstats/output_pmid27989323_GROa_eur.sumstats.gz ...
Read summary statistics for 1217311 SNPs.
After merging with summary statistics, 49870 SNPs remain.
3 SNPs with valid alleles.
WARNING: number of SNPs less than 200k; this is almost always bad.

Heritability of phenotype 25/68
-------------------------------
Total Observed scale h2: -43.0065 (4.5749)
Lambda GC: 0.2154
Mean Chi^2: 0.293
Intercept: 1.4609 (0.1485)
Ratio: NA (mean chi^2 < 1)

Genetic Covariance
------------------
Total Observed scale gencov: -10.4775 (7.4409)
Mean z1*z2: 0.1869
Intercept: 1.1309 (0.8014)

Genetic Correlation
-------------------
Genetic Correlation: nan (nan) (h2  out of bounds) 
Z-score: nan (nan) (h2  out of bounds)
P: nan (nan) (h2  out of bounds)
WARNING: One of the h2's was out of bounds.
This usually indicates a data-munging error or that h2 or N is low.

Computing rg for phenotype 26/68
Reading summary statistics from ../output_sumstats/output_pmid27989323_HGF_eur.sumstats.gz ...
Read summary statistics for 1217311 SNPs.
After merging with summary statistics, 49870 SNPs remain.
49489 SNPs with valid alleles.
WARNING: number of SNPs less than 200k; this is almost always bad.

Heritability of phenotype 26/68
-------------------------------
Total Observed scale h2: -0.1694 (0.1482)
Lambda GC: 1.0046
Mean Chi^2: 0.9988
Intercept: 1.0306 (0.0232)
Ratio: NA (mean chi^2 < 1)

Genetic Covariance
------------------
Total Observed scale gencov: 0.0013 (0.0946)
Mean z1*z2: -0.015
Intercept: -0.0067 (0.0198)

Genetic Correlation
-------------------
Genetic Correlation: nan (nan) (h2  out of bounds) 
Z-score: nan (nan) (h2  out of bounds)
P: nan (nan) (h2  out of bounds)
WARNING: One of the h2's was out of bounds.
This usually indicates a data-munging error or that h2 or N is low.

Computing rg for phenotype 27/68
Reading summary statistics from ../output_sumstats/output_pmid27989323_IFNg_eur.sumstats.gz ...
Read summary statistics for 1217311 SNPs.
After merging with summary statistics, 49870 SNPs remain.
49481 SNPs with valid alleles.
WARNING: number of SNPs less than 200k; this is almost always bad.

Heritability of phenotype 27/68
-------------------------------
Total Observed scale h2: 0.2294 (0.2079)
Lambda GC: 1.0075
Mean Chi^2: 1.0258
Intercept: 0.9853 (0.0223)
Ratio < 0 (usually indicates GC correction).

Genetic Covariance
------------------
Total Observed scale gencov: -0.0731 (0.118)
Mean z1*z2: -0.0174
Intercept: 0.0321 (0.0231)

Genetic Correlation
-------------------
Genetic Correlation: -0.1205 (0.1954)
Z-score: -0.6167
P: 0.5375

Computing rg for phenotype 28/68
Reading summary statistics from ../output_sumstats/output_pmid27989323_IL10_eur.sumstats.gz ...
Read summary statistics for 1217311 SNPs.
After merging with summary statistics, 49870 SNPs remain.
49497 SNPs with valid alleles.
WARNING: number of SNPs less than 200k; this is almost always bad.
ERROR computing rg for phenotype 28/68, from file ../output_sumstats/output_pmid27989323_IL10_eur.sumstats.gz.
Traceback (most recent call last):
  File "/Users/as/Documents/UNI/Bioinformatik/2023:24_WS/GoBi_Lokal/BlockTeil_Metabolomics/ldsc/ldscore/sumstats.py", line 410, in estimate_rg
    rghat = _rg(loop, args, log, M_annot, ref_ld_cnames, w_ld_cname, i)
  File "/Users/as/Documents/UNI/Bioinformatik/2023:24_WS/GoBi_Lokal/BlockTeil_Metabolomics/ldsc/ldscore/sumstats.py", line 539, in _rg
    intercept_gencov=intercepts[2], n_blocks=n_blocks, twostep=args.two_step)
  File "/Users/as/Documents/UNI/Bioinformatik/2023:24_WS/GoBi_Lokal/BlockTeil_Metabolomics/ldsc/ldscore/regressions.py", line 705, in __init__
    np.multiply(hsq1.tot_delete_values, hsq2.tot_delete_values))
FloatingPointError: invalid value encountered in sqrt


Computing rg for phenotype 29/68
Reading summary statistics from ../output_sumstats/output_pmid27989323_IL12p70_eur.sumstats.gz ...
Read summary statistics for 1217311 SNPs.
After merging with summary statistics, 49870 SNPs remain.
49494 SNPs with valid alleles.
WARNING: number of SNPs less than 200k; this is almost always bad.

Heritability of phenotype 29/68
-------------------------------
Total Observed scale h2: 0.1806 (0.2318)
Lambda GC: 1.0075
Mean Chi^2: 1.0478
Intercept: 1.0123 (0.0307)
Ratio: 0.257 (0.6429)

Genetic Covariance
------------------
Total Observed scale gencov: -0.2431 (0.1256)
Mean z1*z2: -0.0895
Intercept: 0.0331 (0.024)

Genetic Correlation
-------------------
Genetic Correlation: -0.4517 (0.5402)
Z-score: -0.8363
P: 0.403

Computing rg for phenotype 30/68
Reading summary statistics from ../output_sumstats/output_pmid27989323_IL13_eur.sumstats.gz ...
Read summary statistics for 1217311 SNPs.
After merging with summary statistics, 49870 SNPs remain.
49490 SNPs with valid alleles.
WARNING: number of SNPs less than 200k; this is almost always bad.

Heritability of phenotype 30/68
-------------------------------
Total Observed scale h2: -0.1952 (0.4409)
Lambda GC: 1.0135
Mean Chi^2: 1.0106
Intercept: 1.0264 (0.0238)
Ratio: 2.4776 (2.236)

Genetic Covariance
------------------
Total Observed scale gencov: -0.0149 (0.1364)
Mean z1*z2: -0.0066
Intercept: 0.0069 (0.022)

Genetic Correlation
-------------------
Genetic Correlation: nan (nan) (h2  out of bounds) 
Z-score: nan (nan) (h2  out of bounds)
P: nan (nan) (h2  out of bounds)
WARNING: One of the h2's was out of bounds.
This usually indicates a data-munging error or that h2 or N is low.

Computing rg for phenotype 31/68
Reading summary statistics from ../output_sumstats/output_pmid27989323_IL16_eur.sumstats.gz ...
Read summary statistics for 1217311 SNPs.
After merging with summary statistics, 49870 SNPs remain.
49493 SNPs with valid alleles.
WARNING: number of SNPs less than 200k; this is almost always bad.

Heritability of phenotype 31/68
-------------------------------
Total Observed scale h2: -0.3803 (0.3746)
Lambda GC: 0.9634
Mean Chi^2: 0.97
Intercept: 1. (0.0212)
Ratio: NA (mean chi^2 < 1)

Genetic Covariance
------------------
Total Observed scale gencov: -0.2955 (0.1482)
Mean z1*z2: -0.0726
Intercept: 0.0014 (0.0195)

Genetic Correlation
-------------------
Genetic Correlation: nan (nan) (h2  out of bounds) 
Z-score: nan (nan) (h2  out of bounds)
P: nan (nan) (h2  out of bounds)
WARNING: One of the h2's was out of bounds.
This usually indicates a data-munging error or that h2 or N is low.

Computing rg for phenotype 32/68
Reading summary statistics from ../output_sumstats/output_pmid27989323_IL17_eur.sumstats.gz ...
Read summary statistics for 1217311 SNPs.
After merging with summary statistics, 49870 SNPs remain.
146 SNPs with valid alleles.
WARNING: number of SNPs less than 200k; this is almost always bad.
ERROR computing rg for phenotype 32/68, from file ../output_sumstats/output_pmid27989323_IL17_eur.sumstats.gz.
Traceback (most recent call last):
  File "/Users/as/Documents/UNI/Bioinformatik/2023:24_WS/GoBi_Lokal/BlockTeil_Metabolomics/ldsc/ldscore/sumstats.py", line 410, in estimate_rg
    rghat = _rg(loop, args, log, M_annot, ref_ld_cnames, w_ld_cname, i)
  File "/Users/as/Documents/UNI/Bioinformatik/2023:24_WS/GoBi_Lokal/BlockTeil_Metabolomics/ldsc/ldscore/sumstats.py", line 539, in _rg
    intercept_gencov=intercepts[2], n_blocks=n_blocks, twostep=args.two_step)
  File "/Users/as/Documents/UNI/Bioinformatik/2023:24_WS/GoBi_Lokal/BlockTeil_Metabolomics/ldsc/ldscore/regressions.py", line 693, in __init__
    twostep=twostep)
  File "/Users/as/Documents/UNI/Bioinformatik/2023:24_WS/GoBi_Lokal/BlockTeil_Metabolomics/ldsc/ldscore/regressions.py", line 555, in __init__
    intercept=intercept_gencov, slow=slow, step1_ii=step1_ii)
  File "/Users/as/Documents/UNI/Bioinformatik/2023:24_WS/GoBi_Lokal/BlockTeil_Metabolomics/ldsc/ldscore/regressions.py", line 213, in __init__
    x, yp, update_func, n_blocks, slow=slow, w=initial_w)
  File "/Users/as/Documents/UNI/Bioinformatik/2023:24_WS/GoBi_Lokal/BlockTeil_Metabolomics/ldsc/ldscore/irwls.py", line 66, in __init__
    x, y, update_func, n_blocks, w, slow=slow, separators=separators)
  File "/Users/as/Documents/UNI/Bioinformatik/2023:24_WS/GoBi_Lokal/BlockTeil_Metabolomics/ldsc/ldscore/irwls.py", line 111, in irwls
    w = np.sqrt(w)
FloatingPointError: invalid value encountered in sqrt


Computing rg for phenotype 33/68
Reading summary statistics from ../output_sumstats/output_pmid27989323_IL18_eur.sumstats.gz ...
Read summary statistics for 1217311 SNPs.
After merging with summary statistics, 49870 SNPs remain.
17392 SNPs with valid alleles.
WARNING: number of SNPs less than 200k; this is almost always bad.

Heritability of phenotype 33/68
-------------------------------
Total Observed scale h2: -1.0423 (0.4112)
Lambda GC: 1.0375
Mean Chi^2: 0.9861
Intercept: 1.0827 (0.0356)
Ratio: NA (mean chi^2 < 1)

Genetic Covariance
------------------
Total Observed scale gencov: 0.0696 (0.165)
Mean z1*z2: -0.0062
Intercept: -0.0172 (0.0373)

Genetic Correlation
-------------------
Genetic Correlation: nan (nan) (h2  out of bounds) 
Z-score: nan (nan) (h2  out of bounds)
P: nan (nan) (h2  out of bounds)
WARNING: One of the h2's was out of bounds.
This usually indicates a data-munging error or that h2 or N is low.

Computing rg for phenotype 34/68
Reading summary statistics from ../output_sumstats/output_pmid27989323_IL1ra_eur.sumstats.gz ...
Read summary statistics for 1217311 SNPs.
After merging with summary statistics, 49870 SNPs remain.
49514 SNPs with valid alleles.
WARNING: number of SNPs less than 200k; this is almost always bad.

Heritability of phenotype 34/68
-------------------------------
Total Observed scale h2: -0.6498 (0.3232)
Lambda GC: 0.9663
Mean Chi^2: 0.9864
Intercept: 1.04 (0.0199)
Ratio: NA (mean chi^2 < 1)

Genetic Covariance
------------------
Total Observed scale gencov: -0.0637 (0.1615)
Mean z1*z2: -0.0152
Intercept: 0.0062 (0.021)

Genetic Correlation
-------------------
Genetic Correlation: nan (nan) (h2  out of bounds) 
Z-score: nan (nan) (h2  out of bounds)
P: nan (nan) (h2  out of bounds)
WARNING: One of the h2's was out of bounds.
This usually indicates a data-munging error or that h2 or N is low.

Computing rg for phenotype 35/68
Reading summary statistics from ../output_sumstats/output_pmid27989323_IL2_eur.sumstats.gz ...
Read summary statistics for 1217311 SNPs.
After merging with summary statistics, 49870 SNPs remain.
49473 SNPs with valid alleles.
WARNING: number of SNPs less than 200k; this is almost always bad.
ERROR computing rg for phenotype 35/68, from file ../output_sumstats/output_pmid27989323_IL2_eur.sumstats.gz.
Traceback (most recent call last):
  File "/Users/as/Documents/UNI/Bioinformatik/2023:24_WS/GoBi_Lokal/BlockTeil_Metabolomics/ldsc/ldscore/sumstats.py", line 410, in estimate_rg
    rghat = _rg(loop, args, log, M_annot, ref_ld_cnames, w_ld_cname, i)
  File "/Users/as/Documents/UNI/Bioinformatik/2023:24_WS/GoBi_Lokal/BlockTeil_Metabolomics/ldsc/ldscore/sumstats.py", line 539, in _rg
    intercept_gencov=intercepts[2], n_blocks=n_blocks, twostep=args.two_step)
  File "/Users/as/Documents/UNI/Bioinformatik/2023:24_WS/GoBi_Lokal/BlockTeil_Metabolomics/ldsc/ldscore/regressions.py", line 705, in __init__
    np.multiply(hsq1.tot_delete_values, hsq2.tot_delete_values))
FloatingPointError: invalid value encountered in sqrt


Computing rg for phenotype 36/68
Reading summary statistics from ../output_sumstats/output_pmid27989323_IL2ra_eur.sumstats.gz ...
Read summary statistics for 1217311 SNPs.
After merging with summary statistics, 49870 SNPs remain.
49499 SNPs with valid alleles.
WARNING: number of SNPs less than 200k; this is almost always bad.

Heritability of phenotype 36/68
-------------------------------
Total Observed scale h2: -0.4635 (0.2858)
Lambda GC: 1.0046
Mean Chi^2: 1.0185
Intercept: 1.0571 (0.041)
Ratio: 3.0928 (2.2216)

Genetic Covariance
------------------
Total Observed scale gencov: -0.0237 (0.1435)
Mean z1*z2: 0.0093
Intercept: 0.0295 (0.0234)

Genetic Correlation
-------------------
Genetic Correlation: nan (nan) (h2  out of bounds) 
Z-score: nan (nan) (h2  out of bounds)
P: nan (nan) (h2  out of bounds)
WARNING: One of the h2's was out of bounds.
This usually indicates a data-munging error or that h2 or N is low.

Computing rg for phenotype 37/68
Reading summary statistics from ../output_sumstats/output_pmid27989323_IL4_eur.sumstats.gz ...
Read summary statistics for 1217311 SNPs.
After merging with summary statistics, 49870 SNPs remain.
49476 SNPs with valid alleles.
WARNING: number of SNPs less than 200k; this is almost always bad.

Heritability of phenotype 37/68
-------------------------------
Total Observed scale h2: 0.2777 (0.1988)
Lambda GC: 1.0105
Mean Chi^2: 1.0273
Intercept: 0.9742 (0.0236)
Ratio < 0 (usually indicates GC correction).

Genetic Covariance
------------------
Total Observed scale gencov: -0.1644 (0.1344)
Mean z1*z2: -0.0557
Intercept: 0.0409 (0.0252)

Genetic Correlation
-------------------
Genetic Correlation: -0.2465 (0.1892)
Z-score: -1.3027
P: 0.1927

Computing rg for phenotype 38/68
Reading summary statistics from ../output_sumstats/output_pmid27989323_IL5_eur.sumstats.gz ...
Read summary statistics for 1217311 SNPs.
After merging with summary statistics, 49870 SNPs remain.
49433 SNPs with valid alleles.
WARNING: number of SNPs less than 200k; this is almost always bad.

Heritability of phenotype 38/68
-------------------------------
Total Observed scale h2: -0.1136 (0.3199)
Lambda GC: 1.0315
Mean Chi^2: 0.9992
Intercept: 1.0079 (0.0179)
Ratio: NA (mean chi^2 < 1)

Genetic Covariance
------------------
Total Observed scale gencov: 0.0927 (0.159)
Mean z1*z2: 0.0301
Intercept: 0.0139 (0.0221)

Genetic Correlation
-------------------
Genetic Correlation: nan (nan) (h2  out of bounds) 
Z-score: nan (nan) (h2  out of bounds)
P: nan (nan) (h2  out of bounds)
WARNING: One of the h2's was out of bounds.
This usually indicates a data-munging error or that h2 or N is low.

Computing rg for phenotype 39/68
Reading summary statistics from ../output_sumstats/output_pmid27989323_IL6_eur.sumstats.gz ...
Read summary statistics for 1217311 SNPs.
After merging with summary statistics, 49870 SNPs remain.
49497 SNPs with valid alleles.
WARNING: number of SNPs less than 200k; this is almost always bad.

Heritability of phenotype 39/68
-------------------------------
Total Observed scale h2: 0.2997 (0.1571)
Lambda GC: 0.9957
Mean Chi^2: 1.0055
Intercept: 0.9515 (0.0201)
Ratio < 0 (usually indicates GC correction).

Genetic Covariance
------------------
Total Observed scale gencov: -0.1825 (0.1201)
Mean z1*z2: -0.0732
Intercept: 0.0258 (0.0227)

Genetic Correlation
-------------------
Genetic Correlation: -0.2644 (0.1665)
Z-score: -1.5878
P: 0.1123

Computing rg for phenotype 40/68
Reading summary statistics from ../output_sumstats/output_pmid27989323_IL7_eur.sumstats.gz ...
Read summary statistics for 1217311 SNPs.
After merging with summary statistics, 49870 SNPs remain.
49506 SNPs with valid alleles.
WARNING: number of SNPs less than 200k; this is almost always bad.

Heritability of phenotype 40/68
-------------------------------
Total Observed scale h2: -0.5168 (0.3896)
Lambda GC: 1.0105
Mean Chi^2: 1.0147
Intercept: 1.0547 (0.0222)
Ratio: 3.7094 (1.5063)

Genetic Covariance
------------------
Total Observed scale gencov: -0.0625 (0.185)
Mean z1*z2: -0.0075
Intercept: 0.0133 (0.0246)

Genetic Correlation
-------------------
Genetic Correlation: nan (nan) (h2  out of bounds) 
Z-score: nan (nan) (h2  out of bounds)
P: nan (nan) (h2  out of bounds)
WARNING: One of the h2's was out of bounds.
This usually indicates a data-munging error or that h2 or N is low.

Computing rg for phenotype 41/68
Reading summary statistics from ../output_sumstats/output_pmid27989323_IL8_eur.sumstats.gz ...
Read summary statistics for 1217311 SNPs.
After merging with summary statistics, 49870 SNPs remain.
49472 SNPs with valid alleles.
WARNING: number of SNPs less than 200k; this is almost always bad.
ERROR computing rg for phenotype 41/68, from file ../output_sumstats/output_pmid27989323_IL8_eur.sumstats.gz.
Traceback (most recent call last):
  File "/Users/as/Documents/UNI/Bioinformatik/2023:24_WS/GoBi_Lokal/BlockTeil_Metabolomics/ldsc/ldscore/sumstats.py", line 410, in estimate_rg
    rghat = _rg(loop, args, log, M_annot, ref_ld_cnames, w_ld_cname, i)
  File "/Users/as/Documents/UNI/Bioinformatik/2023:24_WS/GoBi_Lokal/BlockTeil_Metabolomics/ldsc/ldscore/sumstats.py", line 539, in _rg
    intercept_gencov=intercepts[2], n_blocks=n_blocks, twostep=args.two_step)
  File "/Users/as/Documents/UNI/Bioinformatik/2023:24_WS/GoBi_Lokal/BlockTeil_Metabolomics/ldsc/ldscore/regressions.py", line 705, in __init__
    np.multiply(hsq1.tot_delete_values, hsq2.tot_delete_values))
FloatingPointError: invalid value encountered in sqrt


Computing rg for phenotype 42/68
Reading summary statistics from ../output_sumstats/output_pmid27989323_IL9_eur.sumstats.gz ...
Read summary statistics for 1217311 SNPs.
After merging with summary statistics, 49870 SNPs remain.
49485 SNPs with valid alleles.
WARNING: number of SNPs less than 200k; this is almost always bad.

Heritability of phenotype 42/68
-------------------------------
Total Observed scale h2: -0.6269 (0.3201)
Lambda GC: 0.9957
Mean Chi^2: 0.9861
Intercept: 1.0378 (0.0211)
Ratio: NA (mean chi^2 < 1)

Genetic Covariance
------------------
Total Observed scale gencov: 0.0401 (0.1337)
Mean z1*z2: 0.0009
Intercept: -0.0037 (0.0198)

Genetic Correlation
-------------------
Genetic Correlation: nan (nan) (h2  out of bounds) 
Z-score: nan (nan) (h2  out of bounds)
P: nan (nan) (h2  out of bounds)
WARNING: One of the h2's was out of bounds.
This usually indicates a data-munging error or that h2 or N is low.

Computing rg for phenotype 43/68
Reading summary statistics from ../output_sumstats/output_pmid27989323_MCP1_eur.sumstats.gz ...
Read summary statistics for 1217311 SNPs.
After merging with summary statistics, 49870 SNPs remain.
49507 SNPs with valid alleles.
WARNING: number of SNPs less than 200k; this is almost always bad.

Heritability of phenotype 43/68
-------------------------------
Total Observed scale h2: 0.6539 (0.3994)
Lambda GC: 1.0649
Mean Chi^2: 1.1089
Intercept: 0.9843 (0.0318)
Ratio < 0 (usually indicates GC correction).

Genetic Covariance
------------------
Total Observed scale gencov: -0.0796 (0.1008)
Mean z1*z2: -0.0315
Intercept: 0.0085 (0.0184)

Genetic Correlation
-------------------
Genetic Correlation: -0.0778 (0.1049)
Z-score: -0.7419
P: 0.4582

Computing rg for phenotype 44/68
Reading summary statistics from ../output_sumstats/output_pmid27989323_MCP3_eur.sumstats.gz ...
Read summary statistics for 1217311 SNPs.
After merging with summary statistics, 49870 SNPs remain.
48232 SNPs with valid alleles.
WARNING: number of SNPs less than 200k; this is almost always bad.
ERROR computing rg for phenotype 44/68, from file ../output_sumstats/output_pmid27989323_MCP3_eur.sumstats.gz.
Traceback (most recent call last):
  File "/Users/as/Documents/UNI/Bioinformatik/2023:24_WS/GoBi_Lokal/BlockTeil_Metabolomics/ldsc/ldscore/sumstats.py", line 410, in estimate_rg
    rghat = _rg(loop, args, log, M_annot, ref_ld_cnames, w_ld_cname, i)
  File "/Users/as/Documents/UNI/Bioinformatik/2023:24_WS/GoBi_Lokal/BlockTeil_Metabolomics/ldsc/ldscore/sumstats.py", line 539, in _rg
    intercept_gencov=intercepts[2], n_blocks=n_blocks, twostep=args.two_step)
  File "/Users/as/Documents/UNI/Bioinformatik/2023:24_WS/GoBi_Lokal/BlockTeil_Metabolomics/ldsc/ldscore/regressions.py", line 705, in __init__
    np.multiply(hsq1.tot_delete_values, hsq2.tot_delete_values))
FloatingPointError: invalid value encountered in sqrt


Computing rg for phenotype 45/68
Reading summary statistics from ../output_sumstats/output_pmid27989323_MCSF_eur.sumstats.gz ...
Read summary statistics for 1217311 SNPs.
After merging with summary statistics, 49870 SNPs remain.
49390 SNPs with valid alleles.
WARNING: number of SNPs less than 200k; this is almost always bad.
ERROR computing rg for phenotype 45/68, from file ../output_sumstats/output_pmid27989323_MCSF_eur.sumstats.gz.
Traceback (most recent call last):
  File "/Users/as/Documents/UNI/Bioinformatik/2023:24_WS/GoBi_Lokal/BlockTeil_Metabolomics/ldsc/ldscore/sumstats.py", line 410, in estimate_rg
    rghat = _rg(loop, args, log, M_annot, ref_ld_cnames, w_ld_cname, i)
  File "/Users/as/Documents/UNI/Bioinformatik/2023:24_WS/GoBi_Lokal/BlockTeil_Metabolomics/ldsc/ldscore/sumstats.py", line 539, in _rg
    intercept_gencov=intercepts[2], n_blocks=n_blocks, twostep=args.two_step)
  File "/Users/as/Documents/UNI/Bioinformatik/2023:24_WS/GoBi_Lokal/BlockTeil_Metabolomics/ldsc/ldscore/regressions.py", line 705, in __init__
    np.multiply(hsq1.tot_delete_values, hsq2.tot_delete_values))
FloatingPointError: invalid value encountered in sqrt


Computing rg for phenotype 46/68
Reading summary statistics from ../output_sumstats/output_pmid27989323_MIF_eur.sumstats.gz ...
Read summary statistics for 1217311 SNPs.
After merging with summary statistics, 49870 SNPs remain.
49499 SNPs with valid alleles.
WARNING: number of SNPs less than 200k; this is almost always bad.

Heritability of phenotype 46/68
-------------------------------
Total Observed scale h2: -0.4469 (0.3521)
Lambda GC: 0.9547
Mean Chi^2: 0.9817
Intercept: 1.0171 (0.0214)
Ratio: NA (mean chi^2 < 1)

Genetic Covariance
------------------
Total Observed scale gencov: -0.1443 (0.1348)
Mean z1*z2: -0.0223
Intercept: 0.0227 (0.0205)

Genetic Correlation
-------------------
Genetic Correlation: nan (nan) (h2  out of bounds) 
Z-score: nan (nan) (h2  out of bounds)
P: nan (nan) (h2  out of bounds)
WARNING: One of the h2's was out of bounds.
This usually indicates a data-munging error or that h2 or N is low.

Computing rg for phenotype 47/68
Reading summary statistics from ../output_sumstats/output_pmid27989323_MIG_eur.sumstats.gz ...
Read summary statistics for 1217311 SNPs.
After merging with summary statistics, 49870 SNPs remain.
49473 SNPs with valid alleles.
WARNING: number of SNPs less than 200k; this is almost always bad.

Heritability of phenotype 47/68
-------------------------------
Total Observed scale h2: 0.2229 (0.42)
Lambda GC: 1.0436
Mean Chi^2: 1.0318
Intercept: 1.0117 (0.0209)
Ratio: 0.369 (0.6579)

Genetic Covariance
------------------
Total Observed scale gencov: 0.1754 (0.1396)
Mean z1*z2: 0.063
Intercept: 0.0205 (0.0194)

Genetic Correlation
-------------------
Genetic Correlation: 0.2932 (0.9655)
Z-score: 0.3036
P: 0.7614

Computing rg for phenotype 48/68
Reading summary statistics from ../output_sumstats/output_pmid27989323_MIP1a_eur.sumstats.gz ...
Read summary statistics for 1217311 SNPs.
After merging with summary statistics, 49870 SNPs remain.
49490 SNPs with valid alleles.
WARNING: number of SNPs less than 200k; this is almost always bad.

Heritability of phenotype 48/68
-------------------------------
Total Observed scale h2: -0.7236 (0.3123)
Lambda GC: 0.9547
Mean Chi^2: 0.9836
Intercept: 1.0414 (0.0202)
Ratio: NA (mean chi^2 < 1)

Genetic Covariance
------------------
Total Observed scale gencov: 0.1859 (0.133)
Mean z1*z2: 0.0407
Intercept: -0.0011 (0.0214)

Genetic Correlation
-------------------
Genetic Correlation: nan (nan) (h2  out of bounds) 
Z-score: nan (nan) (h2  out of bounds)
P: nan (nan) (h2  out of bounds)
WARNING: One of the h2's was out of bounds.
This usually indicates a data-munging error or that h2 or N is low.

Computing rg for phenotype 49/68
Reading summary statistics from ../output_sumstats/output_pmid27989323_MIP1b_eur.sumstats.gz ...
Read summary statistics for 1217311 SNPs.
After merging with summary statistics, 49870 SNPs remain.
49495 SNPs with valid alleles.
WARNING: number of SNPs less than 200k; this is almost always bad.

Heritability of phenotype 49/68
-------------------------------
Total Observed scale h2: 2.7095 (1.7879)
Lambda GC: 1.0466
Mean Chi^2: 1.3599
Intercept: 0.8598 (0.0967)
Ratio < 0 (usually indicates GC correction).

Genetic Covariance
------------------
Total Observed scale gencov: -0.0916 (0.1088)
Mean z1*z2: -0.0165
Intercept: 0.006 (0.0215)

Genetic Correlation
-------------------
Genetic Correlation: -0.0441 (0.0495)
Z-score: -0.8925
P: 0.3721

Computing rg for phenotype 50/68
Reading summary statistics from ../output_sumstats/output_pmid27989323_PDGFbb_eur.sumstats.gz ...
Read summary statistics for 1217311 SNPs.
After merging with summary statistics, 49870 SNPs remain.
49497 SNPs with valid alleles.
WARNING: number of SNPs less than 200k; this is almost always bad.
ERROR computing rg for phenotype 50/68, from file ../output_sumstats/output_pmid27989323_PDGFbb_eur.sumstats.gz.
Traceback (most recent call last):
  File "/Users/as/Documents/UNI/Bioinformatik/2023:24_WS/GoBi_Lokal/BlockTeil_Metabolomics/ldsc/ldscore/sumstats.py", line 410, in estimate_rg
    rghat = _rg(loop, args, log, M_annot, ref_ld_cnames, w_ld_cname, i)
  File "/Users/as/Documents/UNI/Bioinformatik/2023:24_WS/GoBi_Lokal/BlockTeil_Metabolomics/ldsc/ldscore/sumstats.py", line 539, in _rg
    intercept_gencov=intercepts[2], n_blocks=n_blocks, twostep=args.two_step)
  File "/Users/as/Documents/UNI/Bioinformatik/2023:24_WS/GoBi_Lokal/BlockTeil_Metabolomics/ldsc/ldscore/regressions.py", line 705, in __init__
    np.multiply(hsq1.tot_delete_values, hsq2.tot_delete_values))
FloatingPointError: invalid value encountered in sqrt


Computing rg for phenotype 51/68
Reading summary statistics from ../output_sumstats/output_pmid27989323_RANTES_eur.sumstats.gz ...
Read summary statistics for 1217311 SNPs.
After merging with summary statistics, 49870 SNPs remain.
49471 SNPs with valid alleles.
WARNING: number of SNPs less than 200k; this is almost always bad.

Heritability of phenotype 51/68
-------------------------------
Total Observed scale h2: 0.9177 (0.463)
Lambda GC: 1.0466
Mean Chi^2: 1.0568
Intercept: 0.988 (0.0221)
Ratio < 0 (usually indicates GC correction).

Genetic Covariance
------------------
Total Observed scale gencov: -0.0984 (0.1727)
Mean z1*z2: -0.0032
Intercept: 0.0314 (0.0236)

Genetic Correlation
-------------------
Genetic Correlation: -0.0811 (0.1458)
Z-score: -0.556
P: 0.5782

Computing rg for phenotype 52/68
Reading summary statistics from ../output_sumstats/output_pmid27989323_SCF_eur.sumstats.gz ...
Read summary statistics for 1217311 SNPs.
After merging with summary statistics, 49870 SNPs remain.
49483 SNPs with valid alleles.
WARNING: number of SNPs less than 200k; this is almost always bad.

Heritability of phenotype 52/68
-------------------------------
Total Observed scale h2: -0.1771 (0.1484)
Lambda GC: 1.0016
Mean Chi^2: 0.996
Intercept: 1.0293 (0.0195)
Ratio: NA (mean chi^2 < 1)

Genetic Covariance
------------------
Total Observed scale gencov: 0.0776 (0.0878)
Mean z1*z2: 0.0054
Intercept: -0.0168 (0.0188)

Genetic Correlation
-------------------
Genetic Correlation: nan (nan) (h2  out of bounds) 
Z-score: nan (nan) (h2  out of bounds)
P: nan (nan) (h2  out of bounds)
WARNING: One of the h2's was out of bounds.
This usually indicates a data-munging error or that h2 or N is low.

Computing rg for phenotype 53/68
Reading summary statistics from ../output_sumstats/output_pmid27989323_SCGFb_eur.sumstats.gz ...
Read summary statistics for 1217311 SNPs.
After merging with summary statistics, 49870 SNPs remain.
23239 SNPs with valid alleles.
WARNING: number of SNPs less than 200k; this is almost always bad.

Heritability of phenotype 53/68
-------------------------------
Total Observed scale h2: 1.1329 (0.6266)
Lambda GC: 1.0375
Mean Chi^2: 1.0568
Intercept: 0.9557 (0.0326)
Ratio < 0 (usually indicates GC correction).

Genetic Covariance
------------------
Total Observed scale gencov: 0.1329 (0.1705)
Mean z1*z2: -0.0302
Intercept: -0.0515 (0.0317)

Genetic Correlation
-------------------
Genetic Correlation: 0.1082 (0.1424)
Z-score: 0.7598
P: 0.4474

Computing rg for phenotype 54/68
Reading summary statistics from ../output_sumstats/output_pmid27989323_SDF1_eur.sumstats.gz ...
Read summary statistics for 1217311 SNPs.
After merging with summary statistics, 49870 SNPs remain.
49464 SNPs with valid alleles.
WARNING: number of SNPs less than 200k; this is almost always bad.
ERROR computing rg for phenotype 54/68, from file ../output_sumstats/output_pmid27989323_SDF1_eur.sumstats.gz.
Traceback (most recent call last):
  File "/Users/as/Documents/UNI/Bioinformatik/2023:24_WS/GoBi_Lokal/BlockTeil_Metabolomics/ldsc/ldscore/sumstats.py", line 410, in estimate_rg
    rghat = _rg(loop, args, log, M_annot, ref_ld_cnames, w_ld_cname, i)
  File "/Users/as/Documents/UNI/Bioinformatik/2023:24_WS/GoBi_Lokal/BlockTeil_Metabolomics/ldsc/ldscore/sumstats.py", line 539, in _rg
    intercept_gencov=intercepts[2], n_blocks=n_blocks, twostep=args.two_step)
  File "/Users/as/Documents/UNI/Bioinformatik/2023:24_WS/GoBi_Lokal/BlockTeil_Metabolomics/ldsc/ldscore/regressions.py", line 705, in __init__
    np.multiply(hsq1.tot_delete_values, hsq2.tot_delete_values))
FloatingPointError: invalid value encountered in sqrt


Computing rg for phenotype 55/68
Reading summary statistics from ../output_sumstats/output_pmid27989323_TNFa_eur.sumstats.gz ...
Read summary statistics for 1217311 SNPs.
After merging with summary statistics, 49870 SNPs remain.
49489 SNPs with valid alleles.
WARNING: number of SNPs less than 200k; this is almost always bad.

Heritability of phenotype 55/68
-------------------------------
Total Observed scale h2: -0.4124 (0.3212)
Lambda GC: 0.9751
Mean Chi^2: 0.9877
Intercept: 1.02 (0.0198)
Ratio: NA (mean chi^2 < 1)

Genetic Covariance
------------------
Total Observed scale gencov: 0.1515 (0.1768)
Mean z1*z2: 0.0199
Intercept: -0.0077 (0.03)

Genetic Correlation
-------------------
Genetic Correlation: nan (nan) (h2  out of bounds) 
Z-score: nan (nan) (h2  out of bounds)
P: nan (nan) (h2  out of bounds)
WARNING: One of the h2's was out of bounds.
This usually indicates a data-munging error or that h2 or N is low.

Computing rg for phenotype 56/68
Reading summary statistics from ../output_sumstats/output_pmid27989323_TNFb_eur.sumstats.gz ...
Read summary statistics for 1217311 SNPs.
After merging with summary statistics, 49870 SNPs remain.
45391 SNPs with valid alleles.
WARNING: number of SNPs less than 200k; this is almost always bad.

Heritability of phenotype 56/68
-------------------------------
Total Observed scale h2: -0.4694 (0.7768)
Lambda GC: 0.9809
Mean Chi^2: 0.9687
Intercept: 0.986 (0.0217)
Ratio: NA (mean chi^2 < 1)

Genetic Covariance
------------------
Total Observed scale gencov: -0.2001 (0.2559)
Mean z1*z2: -0.0051
Intercept: 0.0396 (0.0233)

Genetic Correlation
-------------------
Genetic Correlation: nan (nan) (h2  out of bounds) 
Z-score: nan (nan) (h2  out of bounds)
P: nan (nan) (h2  out of bounds)
WARNING: One of the h2's was out of bounds.
This usually indicates a data-munging error or that h2 or N is low.

Computing rg for phenotype 57/68
Reading summary statistics from ../output_sumstats/output_pmid27989323_TRAIL_eur.sumstats.gz ...
Read summary statistics for 1217311 SNPs.
After merging with summary statistics, 49870 SNPs remain.
49487 SNPs with valid alleles.
WARNING: number of SNPs less than 200k; this is almost always bad.

Heritability of phenotype 57/68
-------------------------------
Total Observed scale h2: -0.0384 (0.1471)
Lambda GC: 0.9898
Mean Chi^2: 1.0029
Intercept: 1.01 (0.0235)
Ratio: 3.4706 (8.1317)

Genetic Covariance
------------------
Total Observed scale gencov: 0.0249 (0.0898)
Mean z1*z2: 0.0047
Intercept: -0.0042 (0.019)

Genetic Correlation
-------------------
Genetic Correlation: nan (nan) (h2  out of bounds) 
Z-score: nan (nan) (h2  out of bounds)
P: nan (nan) (h2  out of bounds)
WARNING: One of the h2's was out of bounds.
This usually indicates a data-munging error or that h2 or N is low.

Computing rg for phenotype 58/68
Reading summary statistics from ../output_sumstats/output_pmid27989323_bNGF_eur.sumstats.gz ...
Read summary statistics for 1217311 SNPs.
After merging with summary statistics, 49870 SNPs remain.
49483 SNPs with valid alleles.
WARNING: number of SNPs less than 200k; this is almost always bad.

Heritability of phenotype 58/68
-------------------------------
Total Observed scale h2: 0.3178 (0.4169)
Lambda GC: 1.0466
Mean Chi^2: 1.0414
Intercept: 1.0171 (0.0216)
Ratio: 0.414 (0.5231)

Genetic Covariance
------------------
Total Observed scale gencov: 0.047 (0.1888)
Mean z1*z2: 0.0186
Intercept: 0.0283 (0.0236)

Genetic Correlation
-------------------
Genetic Correlation: 0.0658 (0.3213)
Z-score: 0.2048
P: 0.8377

Computing rg for phenotype 59/68
Reading summary statistics from ../output_sumstats/output_pmid27989323_eotaxin_eur.sumstats.gz ...
Read summary statistics for 1217311 SNPs.
After merging with summary statistics, 49870 SNPs remain.
49482 SNPs with valid alleles.
WARNING: number of SNPs less than 200k; this is almost always bad.

Heritability of phenotype 59/68
-------------------------------
Total Observed scale h2: 0.4374 (0.2216)
Lambda GC: 1.0195
Mean Chi^2: 1.0544
Intercept: 0.9771 (0.0234)
Ratio < 0 (usually indicates GC correction).

Genetic Covariance
------------------
Total Observed scale gencov: -0.1914 (0.1225)
Mean z1*z2: -0.075
Intercept: 0.0235 (0.022)

Genetic Correlation
-------------------
Genetic Correlation: -0.2292 (0.138)
Z-score: -1.6609
P: 0.0967

Computing rg for phenotype 60/68
Reading summary statistics from ../output_sumstats/output_pmid27989323_ip10_eur.sumstats.gz ...
Read summary statistics for 1217311 SNPs.
After merging with summary statistics, 49870 SNPs remain.
49475 SNPs with valid alleles.
WARNING: number of SNPs less than 200k; this is almost always bad.
ERROR computing rg for phenotype 60/68, from file ../output_sumstats/output_pmid27989323_ip10_eur.sumstats.gz.
Traceback (most recent call last):
  File "/Users/as/Documents/UNI/Bioinformatik/2023:24_WS/GoBi_Lokal/BlockTeil_Metabolomics/ldsc/ldscore/sumstats.py", line 410, in estimate_rg
    rghat = _rg(loop, args, log, M_annot, ref_ld_cnames, w_ld_cname, i)
  File "/Users/as/Documents/UNI/Bioinformatik/2023:24_WS/GoBi_Lokal/BlockTeil_Metabolomics/ldsc/ldscore/sumstats.py", line 539, in _rg
    intercept_gencov=intercepts[2], n_blocks=n_blocks, twostep=args.two_step)
  File "/Users/as/Documents/UNI/Bioinformatik/2023:24_WS/GoBi_Lokal/BlockTeil_Metabolomics/ldsc/ldscore/regressions.py", line 705, in __init__
    np.multiply(hsq1.tot_delete_values, hsq2.tot_delete_values))
FloatingPointError: invalid value encountered in sqrt


Computing rg for phenotype 61/68
Reading summary statistics from ../output_sumstats/output_pmid29566793_ALS_eur.sumstats.gz ...
Read summary statistics for 1217311 SNPs.
After merging with summary statistics, 49870 SNPs remain.
49706 SNPs with valid alleles.
WARNING: number of SNPs less than 200k; this is almost always bad.

Heritability of phenotype 61/68
-------------------------------
Total Observed scale h2: 0.0907 (0.0304)
Lambda GC: 1.1207
Mean Chi^2: 1.204
Intercept: 1.019 (0.0383)
Ratio: 0.0934 (0.1876)

Genetic Covariance
------------------
Total Observed scale gencov: -0.0152 (0.043)
Mean z1*z2: -0.015
Intercept: 0.0121 (0.0229)

Genetic Correlation
-------------------
Genetic Correlation: -0.0408 (0.1186)
Z-score: -0.3438
P: 0.731

Computing rg for phenotype 62/68
Reading summary statistics from ../output_sumstats/output_pmid29632382_T2d-BMIadj_eur.sumstats.gz ...
Read summary statistics for 1217311 SNPs.
After merging with summary statistics, 49870 SNPs remain.
2496 SNPs with valid alleles.
WARNING: number of SNPs less than 200k; this is almost always bad.

Heritability of phenotype 62/68
-------------------------------
Total Observed scale h2: 0.3195 (0.113)
Lambda GC: 1.3737
Mean Chi^2: 3.9722
Intercept: 1.6434 (0.4885)
Ratio: 0.2165 (0.1643)

Genetic Covariance
------------------
Total Observed scale gencov: 0.0978 (0.0725)
Mean z1*z2: 0.0726
Intercept: -0.069 (0.1319)

Genetic Correlation
-------------------
Genetic Correlation: 0.1253 (0.1031)
Z-score: 1.2152
P: 0.2243

Computing rg for phenotype 63/68
Reading summary statistics from ../output_sumstats/output_pmid30054458_T2d_eur.sumstats.gz ...
Read summary statistics for 1217311 SNPs.
After merging with summary statistics, 49870 SNPs remain.
42560 SNPs with valid alleles.
WARNING: number of SNPs less than 200k; this is almost always bad.

Heritability of phenotype 63/68
-------------------------------
Total Observed scale h2: 0.0908 (0.02)
Lambda GC: 1.6601
Mean Chi^2: 2.5184
Intercept: 1.117 (0.1518)
Ratio: 0.077 (0.1)

Genetic Covariance
------------------
Total Observed scale gencov: 0.0256 (0.0187)
Mean z1*z2: 0.1109
Intercept: 0.0234 (0.0436)

Genetic Correlation
-------------------
Genetic Correlation: 0.069 (0.0509)
Z-score: 1.3552
P: 0.1753

Computing rg for phenotype 64/68
Reading summary statistics from ../output_sumstats/output_pmid33111402_PD_eur.sumstats.gz ...
Read summary statistics for 1217311 SNPs.
After merging with summary statistics, 49870 SNPs remain.
500 SNPs with valid alleles.
WARNING: number of SNPs less than 200k; this is almost always bad.

Heritability of phenotype 64/68
-------------------------------
Total Observed scale h2: -1.4514 (1.9864)
Lambda GC: 0.9032
Mean Chi^2: 0.9418
Intercept: 1.0168 (0.1198)
Ratio: NA (mean chi^2 < 1)

Genetic Covariance
------------------
Total Observed scale gencov: -0.1138 (0.6233)
Mean z1*z2: 0.0448
Intercept: 0.0795 (0.1067)

Genetic Correlation
-------------------
Genetic Correlation: nan (nan) (h2  out of bounds) 
Z-score: nan (nan) (h2  out of bounds)
P: nan (nan) (h2  out of bounds)
WARNING: One of the h2's was out of bounds.
This usually indicates a data-munging error or that h2 or N is low.

Computing rg for phenotype 65/68
Reading summary statistics from ../output_sumstats/output_pmid33310728_RA_eur.sumstats.gz ...
Read summary statistics for 1217311 SNPs.
After merging with summary statistics, 49870 SNPs remain.
49544 SNPs with valid alleles.
WARNING: number of SNPs less than 200k; this is almost always bad.

Heritability of phenotype 65/68
-------------------------------
Total Observed scale h2: 0.2559 (0.0417)
Lambda GC: 1.5845
Mean Chi^2: 2.7639
Intercept: 1.1592 (0.0958)
Ratio: 0.0902 (0.0543)

Genetic Covariance
------------------
Total Observed scale gencov: 0.0778 (0.0466)
Mean z1*z2: 0.2276
Intercept: 0.0707 (0.0439)

Genetic Correlation
-------------------
Genetic Correlation: 0.1216 (0.0724)
Z-score: 1.6795
P: 0.0931

Computing rg for phenotype 66/68
Reading summary statistics from ../output_sumstats/output_pmid33589841_LBD_eur.sumstats.gz ...
Read summary statistics for 1217311 SNPs.
After merging with summary statistics, 49870 SNPs remain.
45149 SNPs with valid alleles.
WARNING: number of SNPs less than 200k; this is almost always bad.
ERROR computing rg for phenotype 66/68, from file ../output_sumstats/output_pmid33589841_LBD_eur.sumstats.gz.
Traceback (most recent call last):
  File "/Users/as/Documents/UNI/Bioinformatik/2023:24_WS/GoBi_Lokal/BlockTeil_Metabolomics/ldsc/ldscore/sumstats.py", line 410, in estimate_rg
    rghat = _rg(loop, args, log, M_annot, ref_ld_cnames, w_ld_cname, i)
  File "/Users/as/Documents/UNI/Bioinformatik/2023:24_WS/GoBi_Lokal/BlockTeil_Metabolomics/ldsc/ldscore/sumstats.py", line 539, in _rg
    intercept_gencov=intercepts[2], n_blocks=n_blocks, twostep=args.two_step)
  File "/Users/as/Documents/UNI/Bioinformatik/2023:24_WS/GoBi_Lokal/BlockTeil_Metabolomics/ldsc/ldscore/regressions.py", line 705, in __init__
    np.multiply(hsq1.tot_delete_values, hsq2.tot_delete_values))
FloatingPointError: invalid value encountered in sqrt


Computing rg for phenotype 67/68
Reading summary statistics from ../output_sumstats/output_pmid33987465_PD_eur.sumstats.gz ...
Read summary statistics for 1217311 SNPs.
After merging with summary statistics, 49870 SNPs remain.
49783 SNPs with valid alleles.
WARNING: number of SNPs less than 200k; this is almost always bad.

Heritability of phenotype 67/68
-------------------------------
Total Observed scale h2: 0.9677 (0.6297)
Lambda GC: 1.0255
Mean Chi^2: 1.0364
Intercept: 0.9657 (0.0248)
Ratio < 0 (usually indicates GC correction).

Genetic Covariance
------------------
Total Observed scale gencov: 0.1754 (0.1596)
Mean z1*z2: 0.0453
Intercept: -0.0074 (0.0206)

Genetic Correlation
-------------------
Genetic Correlation: 0.1434 (0.1442)
Z-score: 0.9944
P: 0.32

Computing rg for phenotype 68/68
Reading summary statistics from ../output_sumstats/output_pmid34737426_APH_eur.sumstats.gz ...
Read summary statistics for 1217311 SNPs.
After merging with summary statistics, 49870 SNPs remain.
48944 SNPs with valid alleles.
WARNING: number of SNPs less than 200k; this is almost always bad.

Heritability of phenotype 68/68
-------------------------------
Total Observed scale h2: -0.0014 (0.0033)
Lambda GC: 0.9868
Mean Chi^2: 0.9933
Intercept: 1.0079 (0.0228)
Ratio: NA (mean chi^2 < 1)

Genetic Covariance
------------------
Total Observed scale gencov: -0.0004 (0.0117)
Mean z1*z2: 0.0172
Intercept: 0.016 (0.0197)

Genetic Correlation
-------------------
Genetic Correlation: nan (nan) (h2  out of bounds) 
Z-score: nan (nan) (h2  out of bounds)
P: nan (nan) (h2  out of bounds)
WARNING: One of the h2's was out of bounds.
This usually indicates a data-munging error or that h2 or N is low.


Summary of Genetic Correlation Results
                                                        p1                                                                      p2       rg         se          z           p    h2_obs h2_obs_se  h2_int h2_int_se  gcov_int gcov_int_se
 ../output_sumstats/output_pmid24076602_MS_eur.sumstats.gz               ../output_sumstats/output_pmid24076602_MS_eur.sumstats.gz        1  6.259e-06  1.598e+05           0      1.55    0.2543   1.032    0.1029     1.032      0.1029
 ../output_sumstats/output_pmid24076602_MS_eur.sumstats.gz               ../output_sumstats/output_pmid21833088_MS_eur.sumstats.gz    1.019    0.05411      18.84   3.892e-79      1.19    0.2333   1.262   0.06427    0.1829     0.06602
 ../output_sumstats/output_pmid24076602_MS_eur.sumstats.gz  ../output_sumstats/output_pmid24816252_acetylcarnitine_eur.sumstats.gz       NA         NA         NA          NA        NA        NA      NA        NA        NA          NA
 ../output_sumstats/output_pmid24076602_MS_eur.sumstats.gz          ../output_sumstats/output_pmid24816252_alanine_eur.sumstats.gz  0.03579     0.1217     0.2941      0.7687    0.5582    0.2108   1.001   0.02329  0.005791     0.02174
 ../output_sumstats/output_pmid24076602_MS_eur.sumstats.gz         ../output_sumstats/output_pmid24816252_arginine_eur.sumstats.gz       NA         NA         NA          NA        NA        NA      NA        NA        NA          NA
 ../output_sumstats/output_pmid24076602_MS_eur.sumstats.gz       ../output_sumstats/output_pmid24816252_asparagine_eur.sumstats.gz -0.02154     0.1105     -0.195      0.8454    0.5395    0.2295   1.037    0.0231  -0.02127     0.02228
 ../output_sumstats/output_pmid24076602_MS_eur.sumstats.gz      ../output_sumstats/output_pmid24816252_cholesterol_eur.sumstats.gz  -0.3282     0.1677     -1.957     0.05035    0.3485    0.1788   1.053   0.02108   0.05461     0.02309
 ../output_sumstats/output_pmid24076602_MS_eur.sumstats.gz          ../output_sumstats/output_pmid24816252_citrate_eur.sumstats.gz -0.05998     0.3696    -0.1623      0.8711    0.1017    0.1877   1.109   0.02391 -0.003903     0.02414
 ../output_sumstats/output_pmid24076602_MS_eur.sumstats.gz        ../output_sumstats/output_pmid24816252_glutamate_eur.sumstats.gz -0.09444     0.1527    -0.6183      0.5364    0.1991     0.142  0.9396   0.01907   0.04166     0.01796
 ../output_sumstats/output_pmid24076602_MS_eur.sumstats.gz         ../output_sumstats/output_pmid24816252_glycerol_eur.sumstats.gz       NA         NA         NA          NA   -0.1049    0.1776   1.009   0.02244  -0.00457     0.02187
 ../output_sumstats/output_pmid24076602_MS_eur.sumstats.gz        ../output_sumstats/output_pmid24816252_histidine_eur.sumstats.gz   -0.171    0.09981     -1.713     0.08675    0.6143    0.1447  0.7449   0.01706   0.02067     0.02086
 ../output_sumstats/output_pmid24076602_MS_eur.sumstats.gz       ../output_sumstats/output_pmid24816252_isoleucine_eur.sumstats.gz       NA         NA         NA          NA   -0.3355    0.1334   1.011   0.01845   0.02465     0.01991
 ../output_sumstats/output_pmid24076602_MS_eur.sumstats.gz    ../output_sumstats/output_pmid24816252_phenylalanine_eur.sumstats.gz -0.01205     0.1452     -0.083      0.9339    0.1862    0.1401  0.7879   0.01639    0.0227     0.01585
 ../output_sumstats/output_pmid24076602_MS_eur.sumstats.gz          ../output_sumstats/output_pmid24816252_proline_eur.sumstats.gz -0.07518     0.1262    -0.5956      0.5515    0.2806    0.1965   1.042   0.02013  0.007873     0.02068
 ../output_sumstats/output_pmid24076602_MS_eur.sumstats.gz         ../output_sumstats/output_pmid24816252_pyruvate_eur.sumstats.gz       NA         NA         NA          NA        NA        NA      NA        NA        NA          NA
 ../output_sumstats/output_pmid24076602_MS_eur.sumstats.gz        ../output_sumstats/output_pmid24816252_threonine_eur.sumstats.gz       NA         NA         NA          NA        NA        NA      NA        NA        NA          NA
 ../output_sumstats/output_pmid24076602_MS_eur.sumstats.gz       ../output_sumstats/output_pmid24816252_tryptophan_eur.sumstats.gz  -0.1402    0.09127     -1.536      0.1246    0.8952    0.3605   1.046   0.03283   0.02759     0.02003
 ../output_sumstats/output_pmid24076602_MS_eur.sumstats.gz         ../output_sumstats/output_pmid24816252_tyrosine_eur.sumstats.gz  -0.1852     0.9322    -0.1986      0.8425    0.4646    0.4848   1.012    0.0322   0.02716     0.01965
 ../output_sumstats/output_pmid24076602_MS_eur.sumstats.gz             ../output_sumstats/output_pmid24816252_urea_eur.sumstats.gz       NA         NA         NA          NA   -0.3297    0.1837   1.043   0.02264   0.04065     0.02359
 ../output_sumstats/output_pmid24076602_MS_eur.sumstats.gz               ../output_sumstats/output_pmid27386562_MS_eur.sumstats.gz    -1.07    0.04921     -21.75  6.666e-105      1.44    0.3318    1.15   0.05439   -0.2059     0.06127
 ../output_sumstats/output_pmid24076602_MS_eur.sumstats.gz              ../output_sumstats/output_pmid27455348_ALS_eur.sumstats.gz -0.08622     0.1421    -0.6069      0.5439    0.1389   0.05406   1.012   0.02653  0.006529     0.02396
 ../output_sumstats/output_pmid24076602_MS_eur.sumstats.gz            ../output_sumstats/output_pmid27989323_CTACK_eur.sumstats.gz       NA         NA         NA          NA   -0.1459    0.3154   1.025   0.02249  -0.01154     0.02332
 ../output_sumstats/output_pmid24076602_MS_eur.sumstats.gz             ../output_sumstats/output_pmid27989323_GCSF_eur.sumstats.gz  -0.1114     0.2107    -0.5289      0.5969    0.2063    0.1755  0.9956   0.02048    0.0173      0.0232
 ../output_sumstats/output_pmid24076602_MS_eur.sumstats.gz             ../output_sumstats/output_pmid27989323_GROa_eur.sumstats.gz       NA         NA         NA          NA    -43.01     4.575   1.461    0.1485     1.131      0.8014
 ../output_sumstats/output_pmid24076602_MS_eur.sumstats.gz              ../output_sumstats/output_pmid27989323_HGF_eur.sumstats.gz       NA         NA         NA          NA   -0.1694    0.1482   1.031   0.02315  -0.00672     0.01978
 ../output_sumstats/output_pmid24076602_MS_eur.sumstats.gz             ../output_sumstats/output_pmid27989323_IFNg_eur.sumstats.gz  -0.1205     0.1954    -0.6167      0.5375    0.2294    0.2079  0.9853   0.02226   0.03211     0.02311
 ../output_sumstats/output_pmid24076602_MS_eur.sumstats.gz             ../output_sumstats/output_pmid27989323_IL10_eur.sumstats.gz       NA         NA         NA          NA        NA        NA      NA        NA        NA          NA
 ../output_sumstats/output_pmid24076602_MS_eur.sumstats.gz          ../output_sumstats/output_pmid27989323_IL12p70_eur.sumstats.gz  -0.4517     0.5402    -0.8363       0.403    0.1806    0.2318   1.012   0.03072   0.03314     0.02397
 ../output_sumstats/output_pmid24076602_MS_eur.sumstats.gz             ../output_sumstats/output_pmid27989323_IL13_eur.sumstats.gz       NA         NA         NA          NA   -0.1952    0.4409   1.026   0.02381  0.006921     0.02197
 ../output_sumstats/output_pmid24076602_MS_eur.sumstats.gz             ../output_sumstats/output_pmid27989323_IL16_eur.sumstats.gz       NA         NA         NA          NA   -0.3803    0.3746       1   0.02117  0.001369     0.01951
 ../output_sumstats/output_pmid24076602_MS_eur.sumstats.gz             ../output_sumstats/output_pmid27989323_IL17_eur.sumstats.gz       NA         NA         NA          NA        NA        NA      NA        NA        NA          NA
 ../output_sumstats/output_pmid24076602_MS_eur.sumstats.gz             ../output_sumstats/output_pmid27989323_IL18_eur.sumstats.gz       NA         NA         NA          NA    -1.042    0.4112   1.083   0.03557  -0.01724     0.03729
 ../output_sumstats/output_pmid24076602_MS_eur.sumstats.gz            ../output_sumstats/output_pmid27989323_IL1ra_eur.sumstats.gz       NA         NA         NA          NA   -0.6498    0.3232    1.04   0.01989  0.006193     0.02096
 ../output_sumstats/output_pmid24076602_MS_eur.sumstats.gz              ../output_sumstats/output_pmid27989323_IL2_eur.sumstats.gz       NA         NA         NA          NA        NA        NA      NA        NA        NA          NA
 ../output_sumstats/output_pmid24076602_MS_eur.sumstats.gz            ../output_sumstats/output_pmid27989323_IL2ra_eur.sumstats.gz       NA         NA         NA          NA   -0.4635    0.2858   1.057   0.04101   0.02953     0.02338
 ../output_sumstats/output_pmid24076602_MS_eur.sumstats.gz              ../output_sumstats/output_pmid27989323_IL4_eur.sumstats.gz  -0.2465     0.1892     -1.303      0.1927    0.2777    0.1988  0.9742   0.02359   0.04091     0.02518
 ../output_sumstats/output_pmid24076602_MS_eur.sumstats.gz              ../output_sumstats/output_pmid27989323_IL5_eur.sumstats.gz       NA         NA         NA          NA   -0.1136    0.3199   1.008   0.01791   0.01388     0.02213
 ../output_sumstats/output_pmid24076602_MS_eur.sumstats.gz              ../output_sumstats/output_pmid27989323_IL6_eur.sumstats.gz  -0.2644     0.1665     -1.588      0.1123    0.2997    0.1571  0.9515   0.02011   0.02584     0.02267
 ../output_sumstats/output_pmid24076602_MS_eur.sumstats.gz              ../output_sumstats/output_pmid27989323_IL7_eur.sumstats.gz       NA         NA         NA          NA   -0.5168    0.3896   1.055   0.02219   0.01334     0.02463
 ../output_sumstats/output_pmid24076602_MS_eur.sumstats.gz              ../output_sumstats/output_pmid27989323_IL8_eur.sumstats.gz       NA         NA         NA          NA        NA        NA      NA        NA        NA          NA
 ../output_sumstats/output_pmid24076602_MS_eur.sumstats.gz              ../output_sumstats/output_pmid27989323_IL9_eur.sumstats.gz       NA         NA         NA          NA   -0.6269    0.3201   1.038    0.0211 -0.003691     0.01977
 ../output_sumstats/output_pmid24076602_MS_eur.sumstats.gz             ../output_sumstats/output_pmid27989323_MCP1_eur.sumstats.gz -0.07779     0.1049    -0.7419      0.4582    0.6539    0.3994  0.9843   0.03183   0.00854     0.01842
 ../output_sumstats/output_pmid24076602_MS_eur.sumstats.gz             ../output_sumstats/output_pmid27989323_MCP3_eur.sumstats.gz       NA         NA         NA          NA        NA        NA      NA        NA        NA          NA
 ../output_sumstats/output_pmid24076602_MS_eur.sumstats.gz             ../output_sumstats/output_pmid27989323_MCSF_eur.sumstats.gz       NA         NA         NA          NA        NA        NA      NA        NA        NA          NA
 ../output_sumstats/output_pmid24076602_MS_eur.sumstats.gz              ../output_sumstats/output_pmid27989323_MIF_eur.sumstats.gz       NA         NA         NA          NA   -0.4469    0.3521   1.017   0.02143   0.02265     0.02048
 ../output_sumstats/output_pmid24076602_MS_eur.sumstats.gz              ../output_sumstats/output_pmid27989323_MIG_eur.sumstats.gz   0.2932     0.9655     0.3036      0.7614    0.2229      0.42   1.012   0.02093   0.02053     0.01945
 ../output_sumstats/output_pmid24076602_MS_eur.sumstats.gz            ../output_sumstats/output_pmid27989323_MIP1a_eur.sumstats.gz       NA         NA         NA          NA   -0.7236    0.3123   1.041   0.02017  -0.00113     0.02142
 ../output_sumstats/output_pmid24076602_MS_eur.sumstats.gz            ../output_sumstats/output_pmid27989323_MIP1b_eur.sumstats.gz -0.04415    0.04947    -0.8925      0.3721      2.71     1.788  0.8598   0.09669  0.006047     0.02148
 ../output_sumstats/output_pmid24076602_MS_eur.sumstats.gz           ../output_sumstats/output_pmid27989323_PDGFbb_eur.sumstats.gz       NA         NA         NA          NA        NA        NA      NA        NA        NA          NA
 ../output_sumstats/output_pmid24076602_MS_eur.sumstats.gz           ../output_sumstats/output_pmid27989323_RANTES_eur.sumstats.gz -0.08106     0.1458     -0.556      0.5782    0.9177     0.463   0.988   0.02206   0.03142     0.02361
 ../output_sumstats/output_pmid24076602_MS_eur.sumstats.gz              ../output_sumstats/output_pmid27989323_SCF_eur.sumstats.gz       NA         NA         NA          NA   -0.1771    0.1484   1.029    0.0195  -0.01683     0.01883
 ../output_sumstats/output_pmid24076602_MS_eur.sumstats.gz            ../output_sumstats/output_pmid27989323_SCGFb_eur.sumstats.gz   0.1082     0.1424     0.7598      0.4474     1.133    0.6266  0.9557   0.03259  -0.05153     0.03166
 ../output_sumstats/output_pmid24076602_MS_eur.sumstats.gz             ../output_sumstats/output_pmid27989323_SDF1_eur.sumstats.gz       NA         NA         NA          NA        NA        NA      NA        NA        NA          NA
 ../output_sumstats/output_pmid24076602_MS_eur.sumstats.gz             ../output_sumstats/output_pmid27989323_TNFa_eur.sumstats.gz       NA         NA         NA          NA   -0.4124    0.3212    1.02   0.01977 -0.007654     0.02999
 ../output_sumstats/output_pmid24076602_MS_eur.sumstats.gz             ../output_sumstats/output_pmid27989323_TNFb_eur.sumstats.gz       NA         NA         NA          NA   -0.4694    0.7768   0.986   0.02173   0.03964     0.02331
 ../output_sumstats/output_pmid24076602_MS_eur.sumstats.gz            ../output_sumstats/output_pmid27989323_TRAIL_eur.sumstats.gz       NA         NA         NA          NA  -0.03844    0.1471    1.01   0.02346 -0.004217     0.01898
 ../output_sumstats/output_pmid24076602_MS_eur.sumstats.gz             ../output_sumstats/output_pmid27989323_bNGF_eur.sumstats.gz   0.0658     0.3213     0.2048      0.8377    0.3178    0.4169   1.017   0.02164   0.02826      0.0236
 ../output_sumstats/output_pmid24076602_MS_eur.sumstats.gz          ../output_sumstats/output_pmid27989323_eotaxin_eur.sumstats.gz  -0.2292      0.138     -1.661     0.09673    0.4374    0.2216  0.9771    0.0234   0.02355       0.022
 ../output_sumstats/output_pmid24076602_MS_eur.sumstats.gz             ../output_sumstats/output_pmid27989323_ip10_eur.sumstats.gz       NA         NA         NA          NA        NA        NA      NA        NA        NA          NA
 ../output_sumstats/output_pmid24076602_MS_eur.sumstats.gz              ../output_sumstats/output_pmid29566793_ALS_eur.sumstats.gz -0.04079     0.1186    -0.3438       0.731    0.0907   0.03036   1.019   0.03826   0.01211     0.02293
 ../output_sumstats/output_pmid24076602_MS_eur.sumstats.gz       ../output_sumstats/output_pmid29632382_T2d-BMIadj_eur.sumstats.gz   0.1253     0.1031      1.215      0.2243    0.3195     0.113   1.643    0.4885  -0.06901      0.1319
 ../output_sumstats/output_pmid24076602_MS_eur.sumstats.gz              ../output_sumstats/output_pmid30054458_T2d_eur.sumstats.gz  0.06895    0.05088      1.355      0.1753   0.09083   0.01997   1.117    0.1518   0.02341     0.04364
 ../output_sumstats/output_pmid24076602_MS_eur.sumstats.gz               ../output_sumstats/output_pmid33111402_PD_eur.sumstats.gz       NA         NA         NA          NA    -1.451     1.986   1.017    0.1198   0.07951      0.1067
 ../output_sumstats/output_pmid24076602_MS_eur.sumstats.gz               ../output_sumstats/output_pmid33310728_RA_eur.sumstats.gz   0.1216    0.07242       1.68     0.09305    0.2559   0.04165   1.159   0.09579   0.07074     0.04387
 ../output_sumstats/output_pmid24076602_MS_eur.sumstats.gz              ../output_sumstats/output_pmid33589841_LBD_eur.sumstats.gz       NA         NA         NA          NA        NA        NA      NA        NA        NA          NA
 ../output_sumstats/output_pmid24076602_MS_eur.sumstats.gz               ../output_sumstats/output_pmid33987465_PD_eur.sumstats.gz   0.1434     0.1442     0.9944        0.32    0.9677    0.6297  0.9657   0.02477 -0.007409     0.02063
 ../output_sumstats/output_pmid24076602_MS_eur.sumstats.gz              ../output_sumstats/output_pmid34737426_APH_eur.sumstats.gz       NA         NA         NA          NA -0.001407  0.003271   1.008   0.02284   0.01597     0.01974

Analysis finished at Sat Feb 24 01:00:27 2024
Total time elapsed: 3.0m:13.65s
