*********************************************************************
* LD Score Regression (LDSC)
* Version 1.0.1
* (C) 2014-2019 Brendan Bulik-Sullivan and Hilary Finucane
* Broad Institute of MIT and Harvard / MIT Department of Mathematics
* GNU General Public License v3
*********************************************************************
Call: 
./ldsc.py \
--ref-ld-chr ../input_files/eur_w_ld_chr/ \
--out ../output_ld_regression/output_pmid27989323_MIG_eur_ldReg \
--rg ../output_sumstats/output_pmid27989323_MIG_eur.sumstats.gz,../output_sumstats/output_pmid27989323_MIG_eur.sumstats.gz,../output_sumstats/output_pmid21833088_MS_eur.sumstats.gz,../output_sumstats/output_pmid24076602_MS_eur.sumstats.gz,../output_sumstats/output_pmid24816252_acetylcarnitine_eur.sumstats.gz,../output_sumstats/output_pmid24816252_alanine_eur.sumstats.gz,../output_sumstats/output_pmid24816252_arginine_eur.sumstats.gz,../output_sumstats/output_pmid24816252_asparagine_eur.sumstats.gz,../output_sumstats/output_pmid24816252_cholesterol_eur.sumstats.gz,../output_sumstats/output_pmid24816252_citrate_eur.sumstats.gz,../output_sumstats/output_pmid24816252_glutamate_eur.sumstats.gz,../output_sumstats/output_pmid24816252_glycerol_eur.sumstats.gz,../output_sumstats/output_pmid24816252_histidine_eur.sumstats.gz,../output_sumstats/output_pmid24816252_isoleucine_eur.sumstats.gz,../output_sumstats/output_pmid24816252_phenylalanine_eur.sumstats.gz,../output_sumstats/output_pmid24816252_proline_eur.sumstats.gz,../output_sumstats/output_pmid24816252_pyruvate_eur.sumstats.gz,../output_sumstats/output_pmid24816252_threonine_eur.sumstats.gz,../output_sumstats/output_pmid24816252_tryptophan_eur.sumstats.gz,../output_sumstats/output_pmid24816252_tyrosine_eur.sumstats.gz,../output_sumstats/output_pmid24816252_urea_eur.sumstats.gz,../output_sumstats/output_pmid27386562_MS_eur.sumstats.gz,../output_sumstats/output_pmid27455348_ALS_eur.sumstats.gz,../output_sumstats/output_pmid27989323_CTACK_eur.sumstats.gz,../output_sumstats/output_pmid27989323_GCSF_eur.sumstats.gz,../output_sumstats/output_pmid27989323_GROa_eur.sumstats.gz,../output_sumstats/output_pmid27989323_HGF_eur.sumstats.gz,../output_sumstats/output_pmid27989323_IFNg_eur.sumstats.gz,../output_sumstats/output_pmid27989323_IL10_eur.sumstats.gz,../output_sumstats/output_pmid27989323_IL12p70_eur.sumstats.gz,../output_sumstats/output_pmid27989323_IL13_eur.sumstats.gz,../output_sumstats/output_pmid27989323_IL16_eur.sumstats.gz,../output_sumstats/output_pmid27989323_IL17_eur.sumstats.gz,../output_sumstats/output_pmid27989323_IL18_eur.sumstats.gz,../output_sumstats/output_pmid27989323_IL1ra_eur.sumstats.gz,../output_sumstats/output_pmid27989323_IL2_eur.sumstats.gz,../output_sumstats/output_pmid27989323_IL2ra_eur.sumstats.gz,../output_sumstats/output_pmid27989323_IL4_eur.sumstats.gz,../output_sumstats/output_pmid27989323_IL5_eur.sumstats.gz,../output_sumstats/output_pmid27989323_IL6_eur.sumstats.gz,../output_sumstats/output_pmid27989323_IL7_eur.sumstats.gz,../output_sumstats/output_pmid27989323_IL8_eur.sumstats.gz,../output_sumstats/output_pmid27989323_IL9_eur.sumstats.gz,../output_sumstats/output_pmid27989323_MCP1_eur.sumstats.gz,../output_sumstats/output_pmid27989323_MCP3_eur.sumstats.gz,../output_sumstats/output_pmid27989323_MCSF_eur.sumstats.gz,../output_sumstats/output_pmid27989323_MIF_eur.sumstats.gz,../output_sumstats/output_pmid27989323_MIP1a_eur.sumstats.gz,../output_sumstats/output_pmid27989323_MIP1b_eur.sumstats.gz,../output_sumstats/output_pmid27989323_PDGFbb_eur.sumstats.gz,../output_sumstats/output_pmid27989323_RANTES_eur.sumstats.gz,../output_sumstats/output_pmid27989323_SCF_eur.sumstats.gz,../output_sumstats/output_pmid27989323_SCGFb_eur.sumstats.gz,../output_sumstats/output_pmid27989323_SDF1_eur.sumstats.gz,../output_sumstats/output_pmid27989323_TNFa_eur.sumstats.gz,../output_sumstats/output_pmid27989323_TNFb_eur.sumstats.gz,../output_sumstats/output_pmid27989323_TRAIL_eur.sumstats.gz,../output_sumstats/output_pmid27989323_bNGF_eur.sumstats.gz,../output_sumstats/output_pmid27989323_eotaxin_eur.sumstats.gz,../output_sumstats/output_pmid27989323_ip10_eur.sumstats.gz,../output_sumstats/output_pmid29566793_ALS_eur.sumstats.gz,../output_sumstats/output_pmid29632382_T2d-BMIadj_eur.sumstats.gz,../output_sumstats/output_pmid30054458_T2d_eur.sumstats.gz,../output_sumstats/output_pmid33111402_PD_eur.sumstats.gz,../output_sumstats/output_pmid33310728_RA_eur.sumstats.gz,../output_sumstats/output_pmid33589841_LBD_eur.sumstats.gz,../output_sumstats/output_pmid33987465_PD_eur.sumstats.gz,../output_sumstats/output_pmid34737426_APH_eur.sumstats.gz \
--w-ld-chr ../input_files/eur_w_ld_chr/ 

Beginning analysis at Sat Feb 24 20:06:34 2024
Reading summary statistics from ../output_sumstats/output_pmid27989323_MIG_eur.sumstats.gz ...
Read summary statistics for 1177372 SNPs.
Reading reference panel LD Score from ../input_files/eur_w_ld_chr/[1-22] ... (ldscore_fromlist)
Read reference panel LD Scores for 1290028 SNPs.
Removing partitioned LD Scores with zero variance.
Reading regression weight LD Score from ../input_files/eur_w_ld_chr/[1-22] ... (ldscore_fromlist)
Read regression weight LD Scores for 1290028 SNPs.
After merging with reference panel LD, 1165964 SNPs remain.
After merging with regression SNP LD, 1165964 SNPs remain.
Computing rg for phenotype 2/68
Reading summary statistics from ../output_sumstats/output_pmid27989323_MIG_eur.sumstats.gz ...
Read summary statistics for 1217311 SNPs.
After merging with summary statistics, 1165964 SNPs remain.
1165964 SNPs with valid alleles.

Heritability of phenotype 1
---------------------------
Total Observed scale h2: -0.134 (0.1093)
Lambda GC: 1.0046
Mean Chi^2: 1.0045
Intercept: 1.0143 (0.0064)
Ratio: 3.1729 (1.4096)

Heritability of phenotype 2/68
------------------------------
Total Observed scale h2: -0.134 (0.1093)
Lambda GC: 1.0046
Mean Chi^2: 1.0045
Intercept: 1.0143 (0.0064)
Ratio: 3.1729 (1.4096)

Genetic Covariance
------------------
Total Observed scale gencov: -0.1314 (0.109)
Mean z1*z2: 1.0045
Intercept: 1.0142 (0.0064)

Genetic Correlation
-------------------
Genetic Correlation: nan (nan) (h2  out of bounds) 
Z-score: nan (nan) (h2  out of bounds)
P: nan (nan) (h2  out of bounds)
WARNING: One of the h2's was out of bounds.
This usually indicates a data-munging error or that h2 or N is low.

Computing rg for phenotype 3/68
Reading summary statistics from ../output_sumstats/output_pmid21833088_MS_eur.sumstats.gz ...
Read summary statistics for 1217311 SNPs.
After merging with summary statistics, 1165964 SNPs remain.
449893 SNPs with valid alleles.

Heritability of phenotype 3/68
------------------------------
Total Observed scale h2: 0.0557 (0.0281)
Lambda GC: 1.0405
Mean Chi^2: 1.0858
Intercept: 1.0591 (0.0091)
Ratio: 0.6887 (0.1061)

Genetic Covariance
------------------
Total Observed scale gencov: -0.0447 (0.0366)
Mean z1*z2: 0.0033
Intercept: 0.0112 (0.0055)

Genetic Correlation
-------------------
Genetic Correlation: nan (nan) (h2  out of bounds) 
Z-score: nan (nan) (h2  out of bounds)
P: nan (nan) (h2  out of bounds)
WARNING: One of the h2's was out of bounds.
This usually indicates a data-munging error or that h2 or N is low.

Computing rg for phenotype 4/68
Reading summary statistics from ../output_sumstats/output_pmid24076602_MS_eur.sumstats.gz ...
Read summary statistics for 1217311 SNPs.
After merging with summary statistics, 1165964 SNPs remain.
49473 SNPs with valid alleles.
WARNING: number of SNPs less than 200k; this is almost always bad.

Heritability of phenotype 4/68
------------------------------
Total Observed scale h2: 1.6058 (0.2417)
Lambda GC: 1.4602
Mean Chi^2: 2.2021
Intercept: 1.0022 (0.0837)
Ratio: 0.0018 (0.0696)

Genetic Covariance
------------------
Total Observed scale gencov: 0.1754 (0.1396)
Mean z1*z2: 0.063
Intercept: 0.0205 (0.0194)

Genetic Correlation
-------------------
Genetic Correlation: 0.2932 (0.9655)
Z-score: 0.3036
P: 0.7614

Computing rg for phenotype 5/68
Reading summary statistics from ../output_sumstats/output_pmid24816252_acetylcarnitine_eur.sumstats.gz ...
Read summary statistics for 1217311 SNPs.
After merging with summary statistics, 1165964 SNPs remain.
1023038 SNPs with valid alleles.

Heritability of phenotype 5/68
------------------------------
Total Observed scale h2: -0.2379 (0.0833)
Lambda GC: 0.9721
Mean Chi^2: 0.9855
Intercept: 1.0204 (0.0076)
Ratio: NA (mean chi^2 < 1)

Genetic Covariance
------------------
Total Observed scale gencov: -0.0218 (0.0604)
Mean z1*z2: -0.0026
Intercept: -0.0004 (0.0046)

Genetic Correlation
-------------------
Genetic Correlation: nan (nan) (h2  out of bounds) 
Z-score: nan (nan) (h2  out of bounds)
P: nan (nan) (h2  out of bounds)
WARNING: One of the h2's was out of bounds.
This usually indicates a data-munging error or that h2 or N is low.

Computing rg for phenotype 6/68
Reading summary statistics from ../output_sumstats/output_pmid24816252_alanine_eur.sumstats.gz ...
Read summary statistics for 1217311 SNPs.
After merging with summary statistics, 1165964 SNPs remain.
1023038 SNPs with valid alleles.

Heritability of phenotype 6/68
------------------------------
Total Observed scale h2: 0.5265 (0.0707)
Lambda GC: 1.0649
Mean Chi^2: 1.0878
Intercept: 1.0118 (0.0072)
Ratio: 0.1345 (0.0815)

Genetic Covariance
------------------
Total Observed scale gencov: 0.0399 (0.0633)
Mean z1*z2: 0.0067
Intercept: 0.002 (0.0047)

Genetic Correlation
-------------------
Genetic Correlation: nan (nan) (h2  out of bounds) 
Z-score: nan (nan) (h2  out of bounds)
P: nan (nan) (h2  out of bounds)
WARNING: One of the h2's was out of bounds.
This usually indicates a data-munging error or that h2 or N is low.

Computing rg for phenotype 7/68
Reading summary statistics from ../output_sumstats/output_pmid24816252_arginine_eur.sumstats.gz ...
Read summary statistics for 1217311 SNPs.
After merging with summary statistics, 1165964 SNPs remain.
1023038 SNPs with valid alleles.

Heritability of phenotype 7/68
------------------------------
Total Observed scale h2: -0.0088 (0.0632)
Lambda GC: 1.0255
Mean Chi^2: 1.0366
Intercept: 1.0378 (0.0071)
Ratio: 1.0317 (0.195)

Genetic Covariance
------------------
Total Observed scale gencov: 0.0248 (0.0652)
Mean z1*z2: 0.0017
Intercept: -0.0009 (0.0048)

Genetic Correlation
-------------------
Genetic Correlation: nan (nan) (h2  out of bounds) 
Z-score: nan (nan) (h2  out of bounds)
P: nan (nan) (h2  out of bounds)
WARNING: One of the h2's was out of bounds.
This usually indicates a data-munging error or that h2 or N is low.

Computing rg for phenotype 8/68
Reading summary statistics from ../output_sumstats/output_pmid24816252_asparagine_eur.sumstats.gz ...
Read summary statistics for 1217311 SNPs.
After merging with summary statistics, 1165964 SNPs remain.
1023038 SNPs with valid alleles.

Heritability of phenotype 8/68
------------------------------
Total Observed scale h2: 0.4949 (0.067)
Lambda GC: 1.0679
Mean Chi^2: 1.0907
Intercept: 1.0193 (0.0073)
Ratio: 0.2133 (0.08)

Genetic Covariance
------------------
Total Observed scale gencov: 0.0066 (0.0598)
Mean z1*z2: 0.0028
Intercept: 0.0023 (0.0043)

Genetic Correlation
-------------------
Genetic Correlation: nan (nan) (h2  out of bounds) 
Z-score: nan (nan) (h2  out of bounds)
P: nan (nan) (h2  out of bounds)
WARNING: One of the h2's was out of bounds.
This usually indicates a data-munging error or that h2 or N is low.

Computing rg for phenotype 9/68
Reading summary statistics from ../output_sumstats/output_pmid24816252_cholesterol_eur.sumstats.gz ...
Read summary statistics for 1217311 SNPs.
After merging with summary statistics, 1165964 SNPs remain.
1023038 SNPs with valid alleles.

Heritability of phenotype 9/68
------------------------------
Total Observed scale h2: 0.1317 (0.0676)
Lambda GC: 1.0496
Mean Chi^2: 1.0634
Intercept: 1.0441 (0.0066)
Ratio: 0.6949 (0.1048)

Genetic Covariance
------------------
Total Observed scale gencov: -0.0325 (0.0568)
Mean z1*z2: -0.0048
Intercept: -0.0015 (0.0047)

Genetic Correlation
-------------------
Genetic Correlation: nan (nan) (h2  out of bounds) 
Z-score: nan (nan) (h2  out of bounds)
P: nan (nan) (h2  out of bounds)
WARNING: One of the h2's was out of bounds.
This usually indicates a data-munging error or that h2 or N is low.

Computing rg for phenotype 10/68
Reading summary statistics from ../output_sumstats/output_pmid24816252_citrate_eur.sumstats.gz ...
Read summary statistics for 1217311 SNPs.
After merging with summary statistics, 1165964 SNPs remain.
1023038 SNPs with valid alleles.

Heritability of phenotype 10/68
-------------------------------
Total Observed scale h2: 0.4521 (0.0801)
Lambda GC: 1.0957
Mean Chi^2: 1.1231
Intercept: 1.059 (0.0083)
Ratio: 0.479 (0.0672)

Genetic Covariance
------------------
Total Observed scale gencov: 0.0363 (0.0637)
Mean z1*z2: 0.0058
Intercept: 0.0022 (0.0046)

Genetic Correlation
-------------------
Genetic Correlation: nan (nan) (h2  out of bounds) 
Z-score: nan (nan) (h2  out of bounds)
P: nan (nan) (h2  out of bounds)
WARNING: One of the h2's was out of bounds.
This usually indicates a data-munging error or that h2 or N is low.

Computing rg for phenotype 11/68
Reading summary statistics from ../output_sumstats/output_pmid24816252_glutamate_eur.sumstats.gz ...
Read summary statistics for 1217311 SNPs.
After merging with summary statistics, 1165964 SNPs remain.
1023038 SNPs with valid alleles.

Heritability of phenotype 11/68
-------------------------------
Total Observed scale h2: 0.1609 (0.0568)
Lambda GC: 0.9576
Mean Chi^2: 0.9553
Intercept: 0.9321 (0.0058)
Ratio: NA (mean chi^2 < 1)

Genetic Covariance
------------------
Total Observed scale gencov: 0.0199 (0.0602)
Mean z1*z2: -0.0051
Intercept: -0.0072 (0.0046)

Genetic Correlation
-------------------
Genetic Correlation: nan (nan) (h2  out of bounds) 
Z-score: nan (nan) (h2  out of bounds)
P: nan (nan) (h2  out of bounds)
WARNING: One of the h2's was out of bounds.
This usually indicates a data-munging error or that h2 or N is low.

Computing rg for phenotype 12/68
Reading summary statistics from ../output_sumstats/output_pmid24816252_glycerol_eur.sumstats.gz ...
Read summary statistics for 1217311 SNPs.
After merging with summary statistics, 1165964 SNPs remain.
1023038 SNPs with valid alleles.

Heritability of phenotype 12/68
-------------------------------
Total Observed scale h2: -0.1284 (0.0607)
Lambda GC: 0.9868
Mean Chi^2: 0.9977
Intercept: 1.0164 (0.0069)
Ratio: NA (mean chi^2 < 1)

Genetic Covariance
------------------
Total Observed scale gencov: -0.0769 (0.0565)
Mean z1*z2: -0.0084
Intercept: -0.0004 (0.0047)

Genetic Correlation
-------------------
Genetic Correlation: nan (nan) (h2  out of bounds) 
Z-score: nan (nan) (h2  out of bounds)
P: nan (nan) (h2  out of bounds)
WARNING: One of the h2's was out of bounds.
This usually indicates a data-munging error or that h2 or N is low.

Computing rg for phenotype 13/68
Reading summary statistics from ../output_sumstats/output_pmid24816252_histidine_eur.sumstats.gz ...
Read summary statistics for 1217311 SNPs.
After merging with summary statistics, 1165964 SNPs remain.
1023038 SNPs with valid alleles.

Heritability of phenotype 13/68
-------------------------------
Total Observed scale h2: 0.4286 (0.0697)
Lambda GC: 0.81
Mean Chi^2: 0.8192
Intercept: 0.759 (0.0061)
Ratio: NA (mean chi^2 < 1)

Genetic Covariance
------------------
Total Observed scale gencov: 0.0796 (0.0588)
Mean z1*z2: 0.0067
Intercept: -0.0014 (0.0046)

Genetic Correlation
-------------------
Genetic Correlation: nan (nan) (h2  out of bounds) 
Z-score: nan (nan) (h2  out of bounds)
P: nan (nan) (h2  out of bounds)
WARNING: One of the h2's was out of bounds.
This usually indicates a data-munging error or that h2 or N is low.

Computing rg for phenotype 14/68
Reading summary statistics from ../output_sumstats/output_pmid24816252_isoleucine_eur.sumstats.gz ...
Read summary statistics for 1217311 SNPs.
After merging with summary statistics, 1165964 SNPs remain.
1023038 SNPs with valid alleles.

Heritability of phenotype 14/68
-------------------------------
Total Observed scale h2: -0.2797 (0.0587)
Lambda GC: 0.9489
Mean Chi^2: 0.9589
Intercept: 1. (0.0065)
Ratio: NA (mean chi^2 < 1)

Genetic Covariance
------------------
Total Observed scale gencov: 0.0293 (0.055)
Mean z1*z2: -0.0015
Intercept: -0.0046 (0.0044)

Genetic Correlation
-------------------
Genetic Correlation: nan (nan) (h2  out of bounds) 
Z-score: nan (nan) (h2  out of bounds)
P: nan (nan) (h2  out of bounds)
WARNING: One of the h2's was out of bounds.
This usually indicates a data-munging error or that h2 or N is low.

Computing rg for phenotype 15/68
Reading summary statistics from ../output_sumstats/output_pmid24816252_phenylalanine_eur.sumstats.gz ...
Read summary statistics for 1217311 SNPs.
After merging with summary statistics, 1165964 SNPs remain.
1023038 SNPs with valid alleles.

Heritability of phenotype 15/68
-------------------------------
Total Observed scale h2: 0.3261 (0.0436)
Lambda GC: 0.8207
Mean Chi^2: 0.8234
Intercept: 0.7779 (0.0051)
Ratio: NA (mean chi^2 < 1)

Genetic Covariance
------------------
Total Observed scale gencov: 0.0376 (0.0545)
Mean z1*z2: -0.0004
Intercept: -0.0042 (0.0042)

Genetic Correlation
-------------------
Genetic Correlation: nan (nan) (h2  out of bounds) 
Z-score: nan (nan) (h2  out of bounds)
P: nan (nan) (h2  out of bounds)
WARNING: One of the h2's was out of bounds.
This usually indicates a data-munging error or that h2 or N is low.

Computing rg for phenotype 16/68
Reading summary statistics from ../output_sumstats/output_pmid24816252_proline_eur.sumstats.gz ...
Read summary statistics for 1217311 SNPs.
After merging with summary statistics, 1165964 SNPs remain.
1023038 SNPs with valid alleles.

Heritability of phenotype 16/68
-------------------------------
Total Observed scale h2: 0.3763 (0.09)
Lambda GC: 1.0679
Mean Chi^2: 1.0923
Intercept: 1.0377 (0.0127)
Ratio: 0.4087 (0.1373)

Genetic Covariance
------------------
Total Observed scale gencov: 0.0782 (0.0639)
Mean z1*z2: 0.0064
Intercept: -0.002 (0.005)

Genetic Correlation
-------------------
Genetic Correlation: nan (nan) (h2  out of bounds) 
Z-score: nan (nan) (h2  out of bounds)
P: nan (nan) (h2  out of bounds)
WARNING: One of the h2's was out of bounds.
This usually indicates a data-munging error or that h2 or N is low.

Computing rg for phenotype 17/68
Reading summary statistics from ../output_sumstats/output_pmid24816252_pyruvate_eur.sumstats.gz ...
Read summary statistics for 1217311 SNPs.
After merging with summary statistics, 1165964 SNPs remain.
1023038 SNPs with valid alleles.

Heritability of phenotype 17/68
-------------------------------
Total Observed scale h2: 0.152 (0.056)
Lambda GC: 1.0195
Mean Chi^2: 1.0203
Intercept: 0.9988 (0.006)
Ratio < 0 (usually indicates GC correction).

Genetic Covariance
------------------
Total Observed scale gencov: -0.0515 (0.0639)
Mean z1*z2: 0.0005
Intercept: 0.0057 (0.0049)

Genetic Correlation
-------------------
Genetic Correlation: nan (nan) (h2  out of bounds) 
Z-score: nan (nan) (h2  out of bounds)
P: nan (nan) (h2  out of bounds)
WARNING: One of the h2's was out of bounds.
This usually indicates a data-munging error or that h2 or N is low.

Computing rg for phenotype 18/68
Reading summary statistics from ../output_sumstats/output_pmid24816252_threonine_eur.sumstats.gz ...
Read summary statistics for 1217311 SNPs.
After merging with summary statistics, 1165964 SNPs remain.
1023038 SNPs with valid alleles.

Heritability of phenotype 18/68
-------------------------------
Total Observed scale h2: 0.0514 (0.0832)
Lambda GC: 1.0016
Mean Chi^2: 1.0149
Intercept: 1.009 (0.0068)
Ratio: 0.6048 (0.4543)

Genetic Covariance
------------------
Total Observed scale gencov: 0.006 (0.0728)
Mean z1*z2: 0.002
Intercept: 0.0014 (0.0048)

Genetic Correlation
-------------------
Genetic Correlation: nan (nan) (h2  out of bounds) 
Z-score: nan (nan) (h2  out of bounds)
P: nan (nan) (h2  out of bounds)
WARNING: One of the h2's was out of bounds.
This usually indicates a data-munging error or that h2 or N is low.

Computing rg for phenotype 19/68
Reading summary statistics from ../output_sumstats/output_pmid24816252_tryptophan_eur.sumstats.gz ...
Read summary statistics for 1217311 SNPs.
After merging with summary statistics, 1165964 SNPs remain.
1023038 SNPs with valid alleles.

Heritability of phenotype 19/68
-------------------------------
Total Observed scale h2: 0.9224 (0.0746)
Lambda GC: 1.0864
Mean Chi^2: 1.1815
Intercept: 1.0487 (0.008)
Ratio: 0.2684 (0.0442)

Genetic Covariance
------------------
Total Observed scale gencov: -0.0173 (0.069)
Mean z1*z2: -0.0017
Intercept: 0.0003 (0.0051)

Genetic Correlation
-------------------
Genetic Correlation: nan (nan) (h2  out of bounds) 
Z-score: nan (nan) (h2  out of bounds)
P: nan (nan) (h2  out of bounds)
WARNING: One of the h2's was out of bounds.
This usually indicates a data-munging error or that h2 or N is low.

Computing rg for phenotype 20/68
Reading summary statistics from ../output_sumstats/output_pmid24816252_tyrosine_eur.sumstats.gz ...
Read summary statistics for 1217311 SNPs.
After merging with summary statistics, 1165964 SNPs remain.
1023038 SNPs with valid alleles.

Heritability of phenotype 20/68
-------------------------------
Total Observed scale h2: 0.1638 (0.0709)
Lambda GC: 1.0466
Mean Chi^2: 1.0567
Intercept: 1.0328 (0.0073)
Ratio: 0.5784 (0.1282)

Genetic Covariance
------------------
Total Observed scale gencov: 0.0198 (0.0621)
Mean z1*z2: 0.0028
Intercept: 0.0006 (0.0046)

Genetic Correlation
-------------------
Genetic Correlation: nan (nan) (h2  out of bounds) 
Z-score: nan (nan) (h2  out of bounds)
P: nan (nan) (h2  out of bounds)
WARNING: One of the h2's was out of bounds.
This usually indicates a data-munging error or that h2 or N is low.

Computing rg for phenotype 21/68
Reading summary statistics from ../output_sumstats/output_pmid24816252_urea_eur.sumstats.gz ...
Read summary statistics for 1217311 SNPs.
After merging with summary statistics, 1165964 SNPs remain.
1023038 SNPs with valid alleles.

Heritability of phenotype 21/68
-------------------------------
Total Observed scale h2: -0.0761 (0.0522)
Lambda GC: 0.9898
Mean Chi^2: 1.0011
Intercept: 1.0121 (0.0062)
Ratio: 11.5325 (5.9277)

Genetic Covariance
------------------
Total Observed scale gencov: -0.0105 (0.0604)
Mean z1*z2: 0.0025
Intercept: 0.0036 (0.0043)

Genetic Correlation
-------------------
Genetic Correlation: nan (nan) (h2  out of bounds) 
Z-score: nan (nan) (h2  out of bounds)
P: nan (nan) (h2  out of bounds)
WARNING: One of the h2's was out of bounds.
This usually indicates a data-munging error or that h2 or N is low.

Computing rg for phenotype 22/68
Reading summary statistics from ../output_sumstats/output_pmid27386562_MS_eur.sumstats.gz ...
Read summary statistics for 1217311 SNPs.
After merging with summary statistics, 1165964 SNPs remain.
1136464 SNPs with valid alleles.

Heritability of phenotype 22/68
-------------------------------
Total Observed scale h2: 0.2407 (0.0471)
Lambda GC: 1.1207
Mean Chi^2: 1.1417
Intercept: 1.0672 (0.0089)
Ratio: 0.4742 (0.0627)

Genetic Covariance
------------------
Total Observed scale gencov: 0.0482 (0.0507)
Mean z1*z2: 0.0075
Intercept: 2.6284e-05 (0.0054)

Genetic Correlation
-------------------
Genetic Correlation: nan (nan) (h2  out of bounds) 
Z-score: nan (nan) (h2  out of bounds)
P: nan (nan) (h2  out of bounds)
WARNING: One of the h2's was out of bounds.
This usually indicates a data-munging error or that h2 or N is low.

Computing rg for phenotype 23/68
Reading summary statistics from ../output_sumstats/output_pmid27455348_ALS_eur.sumstats.gz ...
Read summary statistics for 1217311 SNPs.
After merging with summary statistics, 1165964 SNPs remain.
1152598 SNPs with valid alleles.

Heritability of phenotype 23/68
-------------------------------
Total Observed scale h2: 0.0476 (0.0126)
Lambda GC: 1.0285
Mean Chi^2: 1.0315
Intercept: 0.9976 (0.0063)
Ratio < 0 (usually indicates GC correction).

Genetic Covariance
------------------
Total Observed scale gencov: -0.0317 (0.0274)
Mean z1*z2: -0.0044
Intercept: 0.0031 (0.0048)

Genetic Correlation
-------------------
Genetic Correlation: nan (nan) (h2  out of bounds) 
Z-score: nan (nan) (h2  out of bounds)
P: nan (nan) (h2  out of bounds)
WARNING: One of the h2's was out of bounds.
This usually indicates a data-munging error or that h2 or N is low.

Computing rg for phenotype 24/68
Reading summary statistics from ../output_sumstats/output_pmid27989323_CTACK_eur.sumstats.gz ...
Read summary statistics for 1217311 SNPs.
After merging with summary statistics, 1165964 SNPs remain.
1163850 SNPs with valid alleles.

Heritability of phenotype 24/68
-------------------------------
Total Observed scale h2: -0.011 (0.1157)
Lambda GC: 0.9957
Mean Chi^2: 1.0033
Intercept: 1.0041 (0.007)
Ratio: 1.2403 (2.1141)

Genetic Covariance
------------------
Total Observed scale gencov: -0.0474 (0.0937)
Mean z1*z2: 0.1793
Intercept: 0.1828 (0.0049)

Genetic Correlation
-------------------
Genetic Correlation: nan (nan) (h2  out of bounds) 
Z-score: nan (nan) (h2  out of bounds)
P: nan (nan) (h2  out of bounds)
WARNING: One of the h2's was out of bounds.
This usually indicates a data-munging error or that h2 or N is low.

Computing rg for phenotype 25/68
Reading summary statistics from ../output_sumstats/output_pmid27989323_GCSF_eur.sumstats.gz ...
Read summary statistics for 1217311 SNPs.
After merging with summary statistics, 1165964 SNPs remain.
1163384 SNPs with valid alleles.

Heritability of phenotype 25/68
-------------------------------
Total Observed scale h2: 0.0244 (0.0614)
Lambda GC: 1.0165
Mean Chi^2: 1.0107
Intercept: 1.0069 (0.0079)
Ratio: 0.6435 (0.7434)

Genetic Covariance
------------------
Total Observed scale gencov: 0.0382 (0.0617)
Mean z1*z2: 0.0729
Intercept: 0.0689 (0.0051)

Genetic Correlation
-------------------
Genetic Correlation: nan (nan) (h2  out of bounds) 
Z-score: nan (nan) (h2  out of bounds)
P: nan (nan) (h2  out of bounds)
WARNING: One of the h2's was out of bounds.
This usually indicates a data-munging error or that h2 or N is low.

Computing rg for phenotype 26/68
Reading summary statistics from ../output_sumstats/output_pmid27989323_GROa_eur.sumstats.gz ...
Read summary statistics for 1217311 SNPs.
After merging with summary statistics, 1165964 SNPs remain.
63 SNPs with valid alleles.
WARNING: number of SNPs less than 200k; this is almost always bad.

Heritability of phenotype 26/68
-------------------------------
Total Observed scale h2: -45.2997 (20.7723)
Lambda GC: 0.3141
Mean Chi^2: 0.4167
Intercept: 1.381 (0.479)
Ratio: NA (mean chi^2 < 1)

Genetic Covariance
------------------
Total Observed scale gencov: 1.1253 (21.2327)
Mean z1*z2: 0.1031
Intercept: 0.0784 (0.5263)

Genetic Correlation
-------------------
Genetic Correlation: nan (nan) (h2  out of bounds) 
Z-score: nan (nan) (h2  out of bounds)
P: nan (nan) (h2  out of bounds)
WARNING: One of the h2's was out of bounds.
This usually indicates a data-munging error or that h2 or N is low.

Computing rg for phenotype 27/68
Reading summary statistics from ../output_sumstats/output_pmid27989323_HGF_eur.sumstats.gz ...
Read summary statistics for 1217311 SNPs.
After merging with summary statistics, 1165964 SNPs remain.
1163406 SNPs with valid alleles.

Heritability of phenotype 27/68
-------------------------------
Total Observed scale h2: -0.0212 (0.0583)
Lambda GC: 1.0046
Mean Chi^2: 1.0063
Intercept: 1.0097 (0.0079)
Ratio: 1.5562 (1.2544)

Genetic Covariance
------------------
Total Observed scale gencov: -0.0626 (0.0633)
Mean z1*z2: 0.1877
Intercept: 0.1946 (0.0055)

Genetic Correlation
-------------------
Genetic Correlation: nan (nan) (h2  out of bounds) 
Z-score: nan (nan) (h2  out of bounds)
P: nan (nan) (h2  out of bounds)
WARNING: One of the h2's was out of bounds.
This usually indicates a data-munging error or that h2 or N is low.

Computing rg for phenotype 28/68
Reading summary statistics from ../output_sumstats/output_pmid27989323_IFNg_eur.sumstats.gz ...
Read summary statistics for 1217311 SNPs.
After merging with summary statistics, 1165964 SNPs remain.
1163386 SNPs with valid alleles.

Heritability of phenotype 28/68
-------------------------------
Total Observed scale h2: 0.0123 (0.062)
Lambda GC: 1.0046
Mean Chi^2: 1.001
Intercept: 0.9991 (0.0074)
Ratio < 0 (usually indicates GC correction).

Genetic Covariance
------------------
Total Observed scale gencov: -0.0948 (0.0644)
Mean z1*z2: 0.1014
Intercept: 0.1114 (0.0053)

Genetic Correlation
-------------------
Genetic Correlation: nan (nan) (h2  out of bounds) 
Z-score: nan (nan) (h2  out of bounds)
P: nan (nan) (h2  out of bounds)
WARNING: One of the h2's was out of bounds.
This usually indicates a data-munging error or that h2 or N is low.

Computing rg for phenotype 29/68
Reading summary statistics from ../output_sumstats/output_pmid27989323_IL10_eur.sumstats.gz ...
Read summary statistics for 1217311 SNPs.
After merging with summary statistics, 1165964 SNPs remain.
1163523 SNPs with valid alleles.

Heritability of phenotype 29/68
-------------------------------
Total Observed scale h2: -0.0097 (0.0798)
Lambda GC: 1.0016
Mean Chi^2: 1.0166
Intercept: 1.0181 (0.0124)
Ratio: 1.0888 (0.7425)

Genetic Covariance
------------------
Total Observed scale gencov: -0.138 (0.0668)
Mean z1*z2: 0.0868
Intercept: 0.1014 (0.0053)

Genetic Correlation
-------------------
Genetic Correlation: nan (nan) (h2  out of bounds) 
Z-score: nan (nan) (h2  out of bounds)
P: nan (nan) (h2  out of bounds)
WARNING: One of the h2's was out of bounds.
This usually indicates a data-munging error or that h2 or N is low.

Computing rg for phenotype 30/68
Reading summary statistics from ../output_sumstats/output_pmid27989323_IL12p70_eur.sumstats.gz ...
Read summary statistics for 1217311 SNPs.
After merging with summary statistics, 1165964 SNPs remain.
1163334 SNPs with valid alleles.

Heritability of phenotype 30/68
-------------------------------
Total Observed scale h2: -0.0188 (0.0904)
Lambda GC: 1.0255
Mean Chi^2: 1.0303
Intercept: 1.0334 (0.0194)
Ratio: 1.1019 (0.64)

Genetic Covariance
------------------
Total Observed scale gencov: -0.128 (0.0663)
Mean z1*z2: 0.0878
Intercept: 0.1018 (0.0053)

Genetic Correlation
-------------------
Genetic Correlation: nan (nan) (h2  out of bounds) 
Z-score: nan (nan) (h2  out of bounds)
P: nan (nan) (h2  out of bounds)
WARNING: One of the h2's was out of bounds.
This usually indicates a data-munging error or that h2 or N is low.

Computing rg for phenotype 31/68
Reading summary statistics from ../output_sumstats/output_pmid27989323_IL13_eur.sumstats.gz ...
Read summary statistics for 1217311 SNPs.
After merging with summary statistics, 1165964 SNPs remain.
1163555 SNPs with valid alleles.

Heritability of phenotype 31/68
-------------------------------
Total Observed scale h2: -0.1705 (0.163)
Lambda GC: 1.0046
Mean Chi^2: 1.0052
Intercept: 1.0172 (0.0124)
Ratio: 3.3136 (2.3884)

Genetic Covariance
------------------
Total Observed scale gencov: -0.1828 (0.0932)
Mean z1*z2: 0.1226
Intercept: 0.1357 (0.005)

Genetic Correlation
-------------------
Genetic Correlation: nan (nan) (h2  out of bounds) 
Z-score: nan (nan) (h2  out of bounds)
P: nan (nan) (h2  out of bounds)
WARNING: One of the h2's was out of bounds.
This usually indicates a data-munging error or that h2 or N is low.

Computing rg for phenotype 32/68
Reading summary statistics from ../output_sumstats/output_pmid27989323_IL16_eur.sumstats.gz ...
Read summary statistics for 1217311 SNPs.
After merging with summary statistics, 1165964 SNPs remain.
1163686 SNPs with valid alleles.

Heritability of phenotype 32/68
-------------------------------
Total Observed scale h2: -0.0767 (0.1278)
Lambda GC: 0.9898
Mean Chi^2: 0.9902
Intercept: 0.9955 (0.0073)
Ratio: NA (mean chi^2 < 1)

Genetic Covariance
------------------
Total Observed scale gencov: -0.0065 (0.0955)
Mean z1*z2: 0.1435
Intercept: 0.144 (0.0051)

Genetic Correlation
-------------------
Genetic Correlation: nan (nan) (h2  out of bounds) 
Z-score: nan (nan) (h2  out of bounds)
P: nan (nan) (h2  out of bounds)
WARNING: One of the h2's was out of bounds.
This usually indicates a data-munging error or that h2 or N is low.

Computing rg for phenotype 33/68
Reading summary statistics from ../output_sumstats/output_pmid27989323_IL17_eur.sumstats.gz ...
Read summary statistics for 1217311 SNPs.
After merging with summary statistics, 1165964 SNPs remain.
2120 SNPs with valid alleles.
WARNING: number of SNPs less than 200k; this is almost always bad.

Heritability of phenotype 33/68
-------------------------------
Total Observed scale h2: -3.2554 (1.3399)
Lambda GC: 1.1333
Mean Chi^2: 1.1983
Intercept: 1.4753 (0.1317)
Ratio: 2.3966 (0.6642)

Genetic Covariance
------------------
Total Observed scale gencov: 1.3623 (1.0733)
Mean z1*z2: 0.1011
Intercept: 0.0213 (0.0635)

Genetic Correlation
-------------------
Genetic Correlation: nan (nan) (h2  out of bounds) 
Z-score: nan (nan) (h2  out of bounds)
P: nan (nan) (h2  out of bounds)
WARNING: One of the h2's was out of bounds.
This usually indicates a data-munging error or that h2 or N is low.

Computing rg for phenotype 34/68
Reading summary statistics from ../output_sumstats/output_pmid27989323_IL18_eur.sumstats.gz ...
Read summary statistics for 1217311 SNPs.
After merging with summary statistics, 1165964 SNPs remain.
388713 SNPs with valid alleles.

Heritability of phenotype 34/68
-------------------------------
Total Observed scale h2: 0.3471 (0.5851)
Lambda GC: 0.9986
Mean Chi^2: 1.0255
Intercept: 0.9977 (0.023)
Ratio < 0 (usually indicates GC correction).

Genetic Covariance
------------------
Total Observed scale gencov: -0.3137 (0.151)
Mean z1*z2: 0.2264
Intercept: 0.2502 (0.0082)

Genetic Correlation
-------------------
Genetic Correlation: nan (nan) (h2  out of bounds) 
Z-score: nan (nan) (h2  out of bounds)
P: nan (nan) (h2  out of bounds)
WARNING: One of the h2's was out of bounds.
This usually indicates a data-munging error or that h2 or N is low.

Computing rg for phenotype 35/68
Reading summary statistics from ../output_sumstats/output_pmid27989323_IL1ra_eur.sumstats.gz ...
Read summary statistics for 1217311 SNPs.
After merging with summary statistics, 1165964 SNPs remain.
1163839 SNPs with valid alleles.

Heritability of phenotype 35/68
-------------------------------
Total Observed scale h2: 0.0176 (0.1447)
Lambda GC: 1.0105
Mean Chi^2: 1.0082
Intercept: 1.0069 (0.008)
Ratio: 0.847 (0.9788)

Genetic Covariance
------------------
Total Observed scale gencov: -0.0659 (0.0912)
Mean z1*z2: 0.1298
Intercept: 0.1346 (0.0052)

Genetic Correlation
-------------------
Genetic Correlation: nan (nan) (h2  out of bounds) 
Z-score: nan (nan) (h2  out of bounds)
P: nan (nan) (h2  out of bounds)
WARNING: One of the h2's was out of bounds.
This usually indicates a data-munging error or that h2 or N is low.

Computing rg for phenotype 36/68
Reading summary statistics from ../output_sumstats/output_pmid27989323_IL2_eur.sumstats.gz ...
Read summary statistics for 1217311 SNPs.
After merging with summary statistics, 1165964 SNPs remain.
1163385 SNPs with valid alleles.

Heritability of phenotype 36/68
-------------------------------
Total Observed scale h2: -0.0889 (0.1297)
Lambda GC: 1.0165
Mean Chi^2: 1.0073
Intercept: 1.0134 (0.0071)
Ratio: 1.8436 (0.975)

Genetic Covariance
------------------
Total Observed scale gencov: -0.166 (0.0909)
Mean z1*z2: 0.0899
Intercept: 0.1017 (0.0053)

Genetic Correlation
-------------------
Genetic Correlation: nan (nan) (h2  out of bounds) 
Z-score: nan (nan) (h2  out of bounds)
P: nan (nan) (h2  out of bounds)
WARNING: One of the h2's was out of bounds.
This usually indicates a data-munging error or that h2 or N is low.

Computing rg for phenotype 37/68
Reading summary statistics from ../output_sumstats/output_pmid27989323_IL2ra_eur.sumstats.gz ...
Read summary statistics for 1217311 SNPs.
After merging with summary statistics, 1165964 SNPs remain.
1163983 SNPs with valid alleles.

Heritability of phenotype 37/68
-------------------------------
Total Observed scale h2: 0.0679 (0.1195)
Lambda GC: 1.0105
Mean Chi^2: 1.0078
Intercept: 1.003 (0.0066)
Ratio: 0.3786 (0.8429)

Genetic Covariance
------------------
Total Observed scale gencov: 0.0033 (0.0891)
Mean z1*z2: 0.3443
Intercept: 0.3441 (0.0052)

Genetic Correlation
-------------------
Genetic Correlation: nan (nan) (h2  out of bounds) 
Z-score: nan (nan) (h2  out of bounds)
P: nan (nan) (h2  out of bounds)
WARNING: One of the h2's was out of bounds.
This usually indicates a data-munging error or that h2 or N is low.

Computing rg for phenotype 38/68
Reading summary statistics from ../output_sumstats/output_pmid27989323_IL4_eur.sumstats.gz ...
Read summary statistics for 1217311 SNPs.
After merging with summary statistics, 1165964 SNPs remain.
1163200 SNPs with valid alleles.

Heritability of phenotype 38/68
-------------------------------
Total Observed scale h2: -0.0439 (0.06)
Lambda GC: 1.0016
Mean Chi^2: 1.0036
Intercept: 1.0107 (0.008)
Ratio: 2.9536 (2.1961)

Genetic Covariance
------------------
Total Observed scale gencov: -0.0909 (0.0635)
Mean z1*z2: 0.0543
Intercept: 0.0641 (0.0054)

Genetic Correlation
-------------------
Genetic Correlation: nan (nan) (h2  out of bounds) 
Z-score: nan (nan) (h2  out of bounds)
P: nan (nan) (h2  out of bounds)
WARNING: One of the h2's was out of bounds.
This usually indicates a data-munging error or that h2 or N is low.

Computing rg for phenotype 39/68
Reading summary statistics from ../output_sumstats/output_pmid27989323_IL5_eur.sumstats.gz ...
Read summary statistics for 1217311 SNPs.
After merging with summary statistics, 1165964 SNPs remain.
1162169 SNPs with valid alleles.

Heritability of phenotype 39/68
-------------------------------
Total Observed scale h2: -0.1261 (0.1368)
Lambda GC: 1.0075
Mean Chi^2: 1.0039
Intercept: 1.0123 (0.0075)
Ratio: 3.1593 (1.91)

Genetic Covariance
------------------
Total Observed scale gencov: -0.0316 (0.0981)
Mean z1*z2: 0.1117
Intercept: 0.1139 (0.0056)

Genetic Correlation
-------------------
Genetic Correlation: nan (nan) (h2  out of bounds) 
Z-score: nan (nan) (h2  out of bounds)
P: nan (nan) (h2  out of bounds)
WARNING: One of the h2's was out of bounds.
This usually indicates a data-munging error or that h2 or N is low.

Computing rg for phenotype 40/68
Reading summary statistics from ../output_sumstats/output_pmid27989323_IL6_eur.sumstats.gz ...
Read summary statistics for 1217311 SNPs.
After merging with summary statistics, 1165964 SNPs remain.
1163436 SNPs with valid alleles.

Heritability of phenotype 40/68
-------------------------------
Total Observed scale h2: -0.0035 (0.0571)
Lambda GC: 1.0105
Mean Chi^2: 1.0074
Intercept: 1.008 (0.007)
Ratio: 1.0751 (0.9461)

Genetic Covariance
------------------
Total Observed scale gencov: -0.0764 (0.0618)
Mean z1*z2: 0.102
Intercept: 0.1103 (0.0053)

Genetic Correlation
-------------------
Genetic Correlation: nan (nan) (h2  out of bounds) 
Z-score: nan (nan) (h2  out of bounds)
P: nan (nan) (h2  out of bounds)
WARNING: One of the h2's was out of bounds.
This usually indicates a data-munging error or that h2 or N is low.

Computing rg for phenotype 41/68
Reading summary statistics from ../output_sumstats/output_pmid27989323_IL7_eur.sumstats.gz ...
Read summary statistics for 1217311 SNPs.
After merging with summary statistics, 1165964 SNPs remain.
1163818 SNPs with valid alleles.

Heritability of phenotype 41/68
-------------------------------
Total Observed scale h2: -0.041 (0.1576)
Lambda GC: 1.0046
Mean Chi^2: 1.0104
Intercept: 1.0132 (0.0089)
Ratio: 1.2679 (0.8621)

Genetic Covariance
------------------
Total Observed scale gencov: -0.0615 (0.1014)
Mean z1*z2: 0.0961
Intercept: 0.1005 (0.005)

Genetic Correlation
-------------------
Genetic Correlation: nan (nan) (h2  out of bounds) 
Z-score: nan (nan) (h2  out of bounds)
P: nan (nan) (h2  out of bounds)
WARNING: One of the h2's was out of bounds.
This usually indicates a data-munging error or that h2 or N is low.

Computing rg for phenotype 42/68
Reading summary statistics from ../output_sumstats/output_pmid27989323_IL8_eur.sumstats.gz ...
Read summary statistics for 1217311 SNPs.
After merging with summary statistics, 1165964 SNPs remain.
1163070 SNPs with valid alleles.

Heritability of phenotype 42/68
-------------------------------
Total Observed scale h2: -0.0262 (0.1278)
Lambda GC: 1.0016
Mean Chi^2: 1.0056
Intercept: 1.0075 (0.0068)
Ratio: 1.3264 (1.202)

Genetic Covariance
------------------
Total Observed scale gencov: -0.0309 (0.091)
Mean z1*z2: 0.1454
Intercept: 0.1476 (0.0053)

Genetic Correlation
-------------------
Genetic Correlation: nan (nan) (h2  out of bounds) 
Z-score: nan (nan) (h2  out of bounds)
P: nan (nan) (h2  out of bounds)
WARNING: One of the h2's was out of bounds.
This usually indicates a data-munging error or that h2 or N is low.

Computing rg for phenotype 43/68
Reading summary statistics from ../output_sumstats/output_pmid27989323_IL9_eur.sumstats.gz ...
Read summary statistics for 1217311 SNPs.
After merging with summary statistics, 1165964 SNPs remain.
1163830 SNPs with valid alleles.

Heritability of phenotype 43/68
-------------------------------
Total Observed scale h2: -0.163 (0.126)
Lambda GC: 1.0135
Mean Chi^2: 1.0009
Intercept: 1.0127 (0.007)
Ratio: 13.7418 (7.6193)

Genetic Covariance
------------------
Total Observed scale gencov: 0.0285 (0.0936)
Mean z1*z2: 0.123
Intercept: 0.121 (0.0058)

Genetic Correlation
-------------------
Genetic Correlation: nan (nan) (h2  out of bounds) 
Z-score: nan (nan) (h2  out of bounds)
P: nan (nan) (h2  out of bounds)
WARNING: One of the h2's was out of bounds.
This usually indicates a data-munging error or that h2 or N is low.

Computing rg for phenotype 44/68
Reading summary statistics from ../output_sumstats/output_pmid27989323_MCP1_eur.sumstats.gz ...
Read summary statistics for 1217311 SNPs.
After merging with summary statistics, 1165964 SNPs remain.
1163467 SNPs with valid alleles.

Heritability of phenotype 44/68
-------------------------------
Total Observed scale h2: 0.1687 (0.0818)
Lambda GC: 1.0105
Mean Chi^2: 1.0225
Intercept: 0.9949 (0.0079)
Ratio < 0 (usually indicates GC correction).

Genetic Covariance
------------------
Total Observed scale gencov: -0.1175 (0.0599)
Mean z1*z2: 0.0909
Intercept: 0.1041 (0.005)

Genetic Correlation
-------------------
Genetic Correlation: nan (nan) (h2  out of bounds) 
Z-score: nan (nan) (h2  out of bounds)
P: nan (nan) (h2  out of bounds)
WARNING: One of the h2's was out of bounds.
This usually indicates a data-munging error or that h2 or N is low.

Computing rg for phenotype 45/68
Reading summary statistics from ../output_sumstats/output_pmid27989323_MCP3_eur.sumstats.gz ...
Read summary statistics for 1217311 SNPs.
After merging with summary statistics, 1165964 SNPs remain.
1126334 SNPs with valid alleles.

Heritability of phenotype 45/68
-------------------------------
Total Observed scale h2: -0.8728 (0.5696)
Lambda GC: 0.9986
Mean Chi^2: 0.9992
Intercept: 1.014 (0.0077)
Ratio: NA (mean chi^2 < 1)

Genetic Covariance
------------------
Total Observed scale gencov: -0.0127 (0.1837)
Mean z1*z2: 0.1016
Intercept: 0.102 (0.0052)

Genetic Correlation
-------------------
Genetic Correlation: nan (nan) (h2  out of bounds) 
Z-score: nan (nan) (h2  out of bounds)
P: nan (nan) (h2  out of bounds)
WARNING: One of the h2's was out of bounds.
This usually indicates a data-munging error or that h2 or N is low.

Computing rg for phenotype 46/68
Reading summary statistics from ../output_sumstats/output_pmid27989323_MCSF_eur.sumstats.gz ...
Read summary statistics for 1217311 SNPs.
After merging with summary statistics, 1165964 SNPs remain.
1159837 SNPs with valid alleles.

Heritability of phenotype 46/68
-------------------------------
Total Observed scale h2: 0.1052 (0.5046)
Lambda GC: 0.9986
Mean Chi^2: 0.9931
Intercept: 0.9914 (0.0071)
Ratio: NA (mean chi^2 < 1)

Genetic Covariance
------------------
Total Observed scale gencov: 0.0738 (0.1812)
Mean z1*z2: 0.1493
Intercept: 0.1467 (0.0056)

Genetic Correlation
-------------------
Genetic Correlation: nan (nan) (h2  out of bounds) 
Z-score: nan (nan) (h2  out of bounds)
P: nan (nan) (h2  out of bounds)
WARNING: One of the h2's was out of bounds.
This usually indicates a data-munging error or that h2 or N is low.

Computing rg for phenotype 47/68
Reading summary statistics from ../output_sumstats/output_pmid27989323_MIF_eur.sumstats.gz ...
Read summary statistics for 1217311 SNPs.
After merging with summary statistics, 1165964 SNPs remain.
1163680 SNPs with valid alleles.

Heritability of phenotype 47/68
-------------------------------
Total Observed scale h2: 0.0833 (0.1366)
Lambda GC: 1.0075
Mean Chi^2: 1.011
Intercept: 1.0052 (0.007)
Ratio: 0.4706 (0.6357)

Genetic Covariance
------------------
Total Observed scale gencov: 0.0653 (0.0852)
Mean z1*z2: 0.1066
Intercept: 0.1019 (0.0049)

Genetic Correlation
-------------------
Genetic Correlation: nan (nan) (h2  out of bounds) 
Z-score: nan (nan) (h2  out of bounds)
P: nan (nan) (h2  out of bounds)
WARNING: One of the h2's was out of bounds.
This usually indicates a data-munging error or that h2 or N is low.

Computing rg for phenotype 48/68
Reading summary statistics from ../output_sumstats/output_pmid27989323_MIP1a_eur.sumstats.gz ...
Read summary statistics for 1217311 SNPs.
After merging with summary statistics, 1165964 SNPs remain.
1163135 SNPs with valid alleles.

Heritability of phenotype 48/68
-------------------------------
Total Observed scale h2: -0.1367 (0.1414)
Lambda GC: 0.9957
Mean Chi^2: 0.9992
Intercept: 1.0087 (0.0072)
Ratio: NA (mean chi^2 < 1)

Genetic Covariance
------------------
Total Observed scale gencov: -0.011 (0.0845)
Mean z1*z2: 0.1098
Intercept: 0.1106 (0.0051)

Genetic Correlation
-------------------
Genetic Correlation: nan (nan) (h2  out of bounds) 
Z-score: nan (nan) (h2  out of bounds)
P: nan (nan) (h2  out of bounds)
WARNING: One of the h2's was out of bounds.
This usually indicates a data-munging error or that h2 or N is low.

Computing rg for phenotype 49/68
Reading summary statistics from ../output_sumstats/output_pmid27989323_MIP1b_eur.sumstats.gz ...
Read summary statistics for 1217311 SNPs.
After merging with summary statistics, 1165964 SNPs remain.
1163403 SNPs with valid alleles.

Heritability of phenotype 49/68
-------------------------------
Total Observed scale h2: 0.2227 (0.2751)
Lambda GC: 1.0165
Mean Chi^2: 1.0551
Intercept: 1.0184 (0.0286)
Ratio: 0.333 (0.5179)

Genetic Covariance
------------------
Total Observed scale gencov: -0.0705 (0.0633)
Mean z1*z2: 0.1246
Intercept: 0.1324 (0.0055)

Genetic Correlation
-------------------
Genetic Correlation: nan (nan) (h2  out of bounds) 
Z-score: nan (nan) (h2  out of bounds)
P: nan (nan) (h2  out of bounds)
WARNING: One of the h2's was out of bounds.
This usually indicates a data-munging error or that h2 or N is low.

Computing rg for phenotype 50/68
Reading summary statistics from ../output_sumstats/output_pmid27989323_PDGFbb_eur.sumstats.gz ...
Read summary statistics for 1217311 SNPs.
After merging with summary statistics, 1165964 SNPs remain.
1163447 SNPs with valid alleles.

Heritability of phenotype 50/68
-------------------------------
Total Observed scale h2: -0.0082 (0.0623)
Lambda GC: 1.0225
Mean Chi^2: 1.021
Intercept: 1.0224 (0.0086)
Ratio: 1.0644 (0.4109)

Genetic Covariance
------------------
Total Observed scale gencov: -0.0403 (0.0638)
Mean z1*z2: 0.0474
Intercept: 0.0518 (0.0057)

Genetic Correlation
-------------------
Genetic Correlation: nan (nan) (h2  out of bounds) 
Z-score: nan (nan) (h2  out of bounds)
P: nan (nan) (h2  out of bounds)
WARNING: One of the h2's was out of bounds.
This usually indicates a data-munging error or that h2 or N is low.

Computing rg for phenotype 51/68
Reading summary statistics from ../output_sumstats/output_pmid27989323_RANTES_eur.sumstats.gz ...
Read summary statistics for 1217311 SNPs.
After merging with summary statistics, 1165964 SNPs remain.
1163430 SNPs with valid alleles.

Heritability of phenotype 51/68
-------------------------------
Total Observed scale h2: 0.1274 (0.1265)
Lambda GC: 1.0016
Mean Chi^2: 1.0081
Intercept: 0.9994 (0.0067)
Ratio < 0 (usually indicates GC correction).

Genetic Covariance
------------------
Total Observed scale gencov: 0.1104 (0.0855)
Mean z1*z2: 0.0444
Intercept: 0.0366 (0.0051)

Genetic Correlation
-------------------
Genetic Correlation: nan (nan) (h2  out of bounds) 
Z-score: nan (nan) (h2  out of bounds)
P: nan (nan) (h2  out of bounds)
WARNING: One of the h2's was out of bounds.
This usually indicates a data-munging error or that h2 or N is low.

Computing rg for phenotype 52/68
Reading summary statistics from ../output_sumstats/output_pmid27989323_SCF_eur.sumstats.gz ...
Read summary statistics for 1217311 SNPs.
After merging with summary statistics, 1165964 SNPs remain.
1163235 SNPs with valid alleles.

Heritability of phenotype 52/68
-------------------------------
Total Observed scale h2: -0.0527 (0.0559)
Lambda GC: 1.0046
Mean Chi^2: 1.0093
Intercept: 1.0179 (0.0073)
Ratio: 1.9347 (0.7824)

Genetic Covariance
------------------
Total Observed scale gencov: -0.0425 (0.0606)
Mean z1*z2: 0.1889
Intercept: 0.1936 (0.005)

Genetic Correlation
-------------------
Genetic Correlation: nan (nan) (h2  out of bounds) 
Z-score: nan (nan) (h2  out of bounds)
P: nan (nan) (h2  out of bounds)
WARNING: One of the h2's was out of bounds.
This usually indicates a data-munging error or that h2 or N is low.

Computing rg for phenotype 53/68
Reading summary statistics from ../output_sumstats/output_pmid27989323_SCGFb_eur.sumstats.gz ...
Read summary statistics for 1217311 SNPs.
After merging with summary statistics, 1165964 SNPs remain.
518299 SNPs with valid alleles.

Heritability of phenotype 53/68
-------------------------------
Total Observed scale h2: 0.0986 (0.1778)
Lambda GC: 1.0165
Mean Chi^2: 1.0186
Intercept: 1.0111 (0.0098)
Ratio: 0.5974 (0.5254)

Genetic Covariance
------------------
Total Observed scale gencov: -0.1697 (0.1285)
Mean z1*z2: 0.1554
Intercept: 0.1682 (0.0078)

Genetic Correlation
-------------------
Genetic Correlation: nan (nan) (h2  out of bounds) 
Z-score: nan (nan) (h2  out of bounds)
P: nan (nan) (h2  out of bounds)
WARNING: One of the h2's was out of bounds.
This usually indicates a data-munging error or that h2 or N is low.

Computing rg for phenotype 54/68
Reading summary statistics from ../output_sumstats/output_pmid27989323_SDF1_eur.sumstats.gz ...
Read summary statistics for 1217311 SNPs.
After merging with summary statistics, 1165964 SNPs remain.
1163076 SNPs with valid alleles.

Heritability of phenotype 54/68
-------------------------------
Total Observed scale h2: -0.0117 (0.0759)
Lambda GC: 0.9898
Mean Chi^2: 0.9972
Intercept: 0.9986 (0.0072)
Ratio: NA (mean chi^2 < 1)

Genetic Covariance
------------------
Total Observed scale gencov: 0.0224 (0.0691)
Mean z1*z2: 0.106
Intercept: 0.1039 (0.0049)

Genetic Correlation
-------------------
Genetic Correlation: nan (nan) (h2  out of bounds) 
Z-score: nan (nan) (h2  out of bounds)
P: nan (nan) (h2  out of bounds)
WARNING: One of the h2's was out of bounds.
This usually indicates a data-munging error or that h2 or N is low.

Computing rg for phenotype 55/68
Reading summary statistics from ../output_sumstats/output_pmid27989323_TNFa_eur.sumstats.gz ...
Read summary statistics for 1217311 SNPs.
After merging with summary statistics, 1165964 SNPs remain.
1163174 SNPs with valid alleles.

Heritability of phenotype 55/68
-------------------------------
Total Observed scale h2: -0.0583 (0.1339)
Lambda GC: 0.9868
Mean Chi^2: 0.9939
Intercept: 0.9979 (0.0069)
Ratio: NA (mean chi^2 < 1)

Genetic Covariance
------------------
Total Observed scale gencov: -0.0567 (0.0811)
Mean z1*z2: 0.1057
Intercept: 0.1097 (0.0052)

Genetic Correlation
-------------------
Genetic Correlation: nan (nan) (h2  out of bounds) 
Z-score: nan (nan) (h2  out of bounds)
P: nan (nan) (h2  out of bounds)
WARNING: One of the h2's was out of bounds.
This usually indicates a data-munging error or that h2 or N is low.

Computing rg for phenotype 56/68
Reading summary statistics from ../output_sumstats/output_pmid27989323_TNFb_eur.sumstats.gz ...
Read summary statistics for 1217311 SNPs.
After merging with summary statistics, 1165964 SNPs remain.
1048777 SNPs with valid alleles.

Heritability of phenotype 56/68
-------------------------------
Total Observed scale h2: -0.4542 (0.3082)
Lambda GC: 1.0075
Mean Chi^2: 0.9957
Intercept: 1.0104 (0.0075)
Ratio: NA (mean chi^2 < 1)

Genetic Covariance
------------------
Total Observed scale gencov: 0.1353 (0.138)
Mean z1*z2: 0.1074
Intercept: 0.1006 (0.0052)

Genetic Correlation
-------------------
Genetic Correlation: nan (nan) (h2  out of bounds) 
Z-score: nan (nan) (h2  out of bounds)
P: nan (nan) (h2  out of bounds)
WARNING: One of the h2's was out of bounds.
This usually indicates a data-munging error or that h2 or N is low.

Computing rg for phenotype 57/68
Reading summary statistics from ../output_sumstats/output_pmid27989323_TRAIL_eur.sumstats.gz ...
Read summary statistics for 1217311 SNPs.
After merging with summary statistics, 1165964 SNPs remain.
1163353 SNPs with valid alleles.

Heritability of phenotype 57/68
-------------------------------
Total Observed scale h2: -0.0193 (0.0551)
Lambda GC: 1.0195
Mean Chi^2: 1.0177
Intercept: 1.0208 (0.0117)
Ratio: 1.1774 (0.6617)

Genetic Covariance
------------------
Total Observed scale gencov: -0.0143 (0.0587)
Mean z1*z2: 0.1739
Intercept: 0.1754 (0.0049)

Genetic Correlation
-------------------
Genetic Correlation: nan (nan) (h2  out of bounds) 
Z-score: nan (nan) (h2  out of bounds)
P: nan (nan) (h2  out of bounds)
WARNING: One of the h2's was out of bounds.
This usually indicates a data-munging error or that h2 or N is low.

Computing rg for phenotype 58/68
Reading summary statistics from ../output_sumstats/output_pmid27989323_bNGF_eur.sumstats.gz ...
Read summary statistics for 1217311 SNPs.
After merging with summary statistics, 1165964 SNPs remain.
1163432 SNPs with valid alleles.

Heritability of phenotype 58/68
-------------------------------
Total Observed scale h2: 0.2628 (0.1386)
Lambda GC: 1.0165
Mean Chi^2: 1.0129
Intercept: 0.9944 (0.0077)
Ratio < 0 (usually indicates GC correction).

Genetic Covariance
------------------
Total Observed scale gencov: 0.1571 (0.0914)
Mean z1*z2: 0.2962
Intercept: 0.2849 (0.0057)

Genetic Correlation
-------------------
Genetic Correlation: nan (nan) (h2  out of bounds) 
Z-score: nan (nan) (h2  out of bounds)
P: nan (nan) (h2  out of bounds)
WARNING: One of the h2's was out of bounds.
This usually indicates a data-munging error or that h2 or N is low.

Computing rg for phenotype 59/68
Reading summary statistics from ../output_sumstats/output_pmid27989323_eotaxin_eur.sumstats.gz ...
Read summary statistics for 1217311 SNPs.
After merging with summary statistics, 1165964 SNPs remain.
1163302 SNPs with valid alleles.

Heritability of phenotype 59/68
-------------------------------
Total Observed scale h2: 0.1024 (0.0665)
Lambda GC: 1.0135
Mean Chi^2: 1.0253
Intercept: 1.0087 (0.0077)
Ratio: 0.3435 (0.3023)

Genetic Covariance
------------------
Total Observed scale gencov: -0.0017 (0.06)
Mean z1*z2: 0.0598
Intercept: 0.0603 (0.0049)

Genetic Correlation
-------------------
Genetic Correlation: nan (nan) (h2  out of bounds) 
Z-score: nan (nan) (h2  out of bounds)
P: nan (nan) (h2  out of bounds)
WARNING: One of the h2's was out of bounds.
This usually indicates a data-munging error or that h2 or N is low.

Computing rg for phenotype 60/68
Reading summary statistics from ../output_sumstats/output_pmid27989323_ip10_eur.sumstats.gz ...
Read summary statistics for 1217311 SNPs.
After merging with summary statistics, 1165964 SNPs remain.
1163895 SNPs with valid alleles.

Heritability of phenotype 60/68
-------------------------------
Total Observed scale h2: 0.1288 (0.123)
Lambda GC: 1.0225
Mean Chi^2: 1.0181
Intercept: 1.0087 (0.0072)
Ratio: 0.4808 (0.3989)

Genetic Covariance
------------------
Total Observed scale gencov: 0.0108 (0.098)
Mean z1*z2: 0.5197
Intercept: 0.5189 (0.0054)

Genetic Correlation
-------------------
Genetic Correlation: nan (nan) (h2  out of bounds) 
Z-score: nan (nan) (h2  out of bounds)
P: nan (nan) (h2  out of bounds)
WARNING: One of the h2's was out of bounds.
This usually indicates a data-munging error or that h2 or N is low.

Computing rg for phenotype 61/68
Reading summary statistics from ../output_sumstats/output_pmid29566793_ALS_eur.sumstats.gz ...
Read summary statistics for 1217311 SNPs.
After merging with summary statistics, 1165964 SNPs remain.
1160158 SNPs with valid alleles.

Heritability of phenotype 61/68
-------------------------------
Total Observed scale h2: 0.0324 (0.0072)
Lambda GC: 1.0496
Mean Chi^2: 1.0738
Intercept: 1.0212 (0.0073)
Ratio: 0.2878 (0.0984)

Genetic Covariance
------------------
Total Observed scale gencov: -0.0154 (0.0195)
Mean z1*z2: -0.0057
Intercept: 6.266e-05 (0.0048)

Genetic Correlation
-------------------
Genetic Correlation: nan (nan) (h2  out of bounds) 
Z-score: nan (nan) (h2  out of bounds)
P: nan (nan) (h2  out of bounds)
WARNING: One of the h2's was out of bounds.
This usually indicates a data-munging error or that h2 or N is low.

Computing rg for phenotype 62/68
Reading summary statistics from ../output_sumstats/output_pmid29632382_T2d-BMIadj_eur.sumstats.gz ...
Read summary statistics for 1217311 SNPs.
After merging with summary statistics, 1165964 SNPs remain.
25920 SNPs with valid alleles.
WARNING: number of SNPs less than 200k; this is almost always bad.

Heritability of phenotype 62/68
-------------------------------
Total Observed scale h2: 0.103 (0.0274)
Lambda GC: 1.2136
Mean Chi^2: 1.79
Intercept: 0.9991 (0.0832)
Ratio < 0 (usually indicates GC correction).

Genetic Covariance
------------------
Total Observed scale gencov: -0.0045 (0.0309)
Mean z1*z2: -0.0156
Intercept: -0.0083 (0.0198)

Genetic Correlation
-------------------
Genetic Correlation: -0.0255 (0.1811)
Z-score: -0.1411
P: 0.8878

Computing rg for phenotype 63/68
Reading summary statistics from ../output_sumstats/output_pmid30054458_T2d_eur.sumstats.gz ...
Read summary statistics for 1217311 SNPs.
After merging with summary statistics, 1165964 SNPs remain.
998020 SNPs with valid alleles.

Heritability of phenotype 63/68
-------------------------------
Total Observed scale h2: 0.0457 (0.003)
Lambda GC: 1.4602
Mean Chi^2: 1.6894
Intercept: 1.0547 (0.019)
Ratio: 0.0793 (0.0276)

Genetic Covariance
------------------
Total Observed scale gencov: -0.0258 (0.0115)
Mean z1*z2: -0.0171
Intercept: 0.013 (0.0071)

Genetic Correlation
-------------------
Genetic Correlation: nan (nan) (h2  out of bounds) 
Z-score: nan (nan) (h2  out of bounds)
P: nan (nan) (h2  out of bounds)
WARNING: One of the h2's was out of bounds.
This usually indicates a data-munging error or that h2 or N is low.

Computing rg for phenotype 64/68
Reading summary statistics from ../output_sumstats/output_pmid33111402_PD_eur.sumstats.gz ...
Read summary statistics for 1217311 SNPs.
After merging with summary statistics, 1165964 SNPs remain.
9914 SNPs with valid alleles.
WARNING: number of SNPs less than 200k; this is almost always bad.

Heritability of phenotype 64/68
-------------------------------
Total Observed scale h2: -2.6665 (1.1362)
Lambda GC: 0.9547
Mean Chi^2: 0.9492
Intercept: 1.0872 (0.0593)
Ratio: NA (mean chi^2 < 1)

Genetic Covariance
------------------
Total Observed scale gencov: 1.7403 (0.7835)
Mean z1*z2: 0.0056
Intercept: -0.0976 (0.0422)

Genetic Correlation
-------------------
Genetic Correlation: nan (nan) (h2  out of bounds) 
Z-score: nan (nan) (h2  out of bounds)
P: nan (nan) (h2  out of bounds)
WARNING: One of the h2's was out of bounds.
This usually indicates a data-munging error or that h2 or N is low.

Computing rg for phenotype 65/68
Reading summary statistics from ../output_sumstats/output_pmid33310728_RA_eur.sumstats.gz ...
Read summary statistics for 1217311 SNPs.
After merging with summary statistics, 1165964 SNPs remain.
1156827 SNPs with valid alleles.

Heritability of phenotype 65/68
-------------------------------
Total Observed scale h2: 0.0367 (0.0042)
Lambda GC: 1.0741
Mean Chi^2: 1.2
Intercept: 0.9738 (0.0121)
Ratio < 0 (usually indicates GC correction).

Genetic Covariance
------------------
Total Observed scale gencov: 0.0066 (0.0119)
Mean z1*z2: 0.0108
Intercept: 0.0069 (0.0046)

Genetic Correlation
-------------------
Genetic Correlation: nan (nan) (h2  out of bounds) 
Z-score: nan (nan) (h2  out of bounds)
P: nan (nan) (h2  out of bounds)
WARNING: One of the h2's was out of bounds.
This usually indicates a data-munging error or that h2 or N is low.

Computing rg for phenotype 66/68
Reading summary statistics from ../output_sumstats/output_pmid33589841_LBD_eur.sumstats.gz ...
Read summary statistics for 1217311 SNPs.
After merging with summary statistics, 1165964 SNPs remain.
1059626 SNPs with valid alleles.

Heritability of phenotype 66/68
-------------------------------
Total Observed scale h2: 0.1632 (0.0808)
Lambda GC: 1.0225
Mean Chi^2: 1.0249
Intercept: 1.0032 (0.0086)
Ratio: 0.1293 (0.3437)

Genetic Covariance
------------------
Total Observed scale gencov: 0.041 (0.0681)
Mean z1*z2: 0.002
Intercept: -0.0019 (0.0047)

Genetic Correlation
-------------------
Genetic Correlation: nan (nan) (h2  out of bounds) 
Z-score: nan (nan) (h2  out of bounds)
P: nan (nan) (h2  out of bounds)
WARNING: One of the h2's was out of bounds.
This usually indicates a data-munging error or that h2 or N is low.

Computing rg for phenotype 67/68
Reading summary statistics from ../output_sumstats/output_pmid33987465_PD_eur.sumstats.gz ...
Read summary statistics for 1217311 SNPs.
After merging with summary statistics, 1165964 SNPs remain.
1163304 SNPs with valid alleles.

Heritability of phenotype 67/68
-------------------------------
Total Observed scale h2: 0.4072 (0.1451)
Lambda GC: 1.0016
Mean Chi^2: 1.005
Intercept: 0.9821 (0.0061)
Ratio < 0 (usually indicates GC correction).

Genetic Covariance
------------------
Total Observed scale gencov: -0.1329 (0.1054)
Mean z1*z2: -0.0057
Intercept: 0.0029 (0.0047)

Genetic Correlation
-------------------
Genetic Correlation: nan (nan) (h2  out of bounds) 
Z-score: nan (nan) (h2  out of bounds)
P: nan (nan) (h2  out of bounds)
WARNING: One of the h2's was out of bounds.
This usually indicates a data-munging error or that h2 or N is low.

Computing rg for phenotype 68/68
Reading summary statistics from ../output_sumstats/output_pmid34737426_APH_eur.sumstats.gz ...
Read summary statistics for 1217311 SNPs.
After merging with summary statistics, 1165964 SNPs remain.
1140462 SNPs with valid alleles.

Heritability of phenotype 68/68
-------------------------------
Total Observed scale h2: -3.0302e-05 (0.0009)
Lambda GC: 0.9957
Mean Chi^2: 0.9851
Intercept: 0.9854 (0.0062)
Ratio: NA (mean chi^2 < 1)

Genetic Covariance
------------------
Total Observed scale gencov: -0.0057 (0.0074)
Mean z1*z2: -0.0031
Intercept: 0.0015 (0.0046)

Genetic Correlation
-------------------
Genetic Correlation: nan (nan) (h2  out of bounds) 
Z-score: nan (nan) (h2  out of bounds)
P: nan (nan) (h2  out of bounds)
WARNING: One of the h2's was out of bounds.
This usually indicates a data-munging error or that h2 or N is low.


Summary of Genetic Correlation Results
                                                         p1                                                                      p2       rg      se       z       p      h2_obs  h2_obs_se  h2_int  h2_int_se    gcov_int  gcov_int_se
 ../output_sumstats/output_pmid27989323_MIG_eur.sumstats.gz              ../output_sumstats/output_pmid27989323_MIG_eur.sumstats.gz       NA      NA      NA      NA -1.3403e-01     0.1093  1.0143     0.0064  1.0142e+00       0.0064
 ../output_sumstats/output_pmid27989323_MIG_eur.sumstats.gz               ../output_sumstats/output_pmid21833088_MS_eur.sumstats.gz       NA      NA      NA      NA  5.5701e-02     0.0281  1.0591     0.0091  1.1151e-02       0.0055
 ../output_sumstats/output_pmid27989323_MIG_eur.sumstats.gz               ../output_sumstats/output_pmid24076602_MS_eur.sumstats.gz   0.2932  0.9655  0.3036  0.7614  1.6058e+00     0.2417  1.0022     0.0837  2.0531e-02       0.0194
 ../output_sumstats/output_pmid27989323_MIG_eur.sumstats.gz  ../output_sumstats/output_pmid24816252_acetylcarnitine_eur.sumstats.gz       NA      NA      NA      NA -2.3789e-01     0.0833  1.0204     0.0076 -3.8065e-04       0.0046
 ../output_sumstats/output_pmid27989323_MIG_eur.sumstats.gz          ../output_sumstats/output_pmid24816252_alanine_eur.sumstats.gz       NA      NA      NA      NA  5.2645e-01     0.0707  1.0118     0.0072  1.9945e-03       0.0047
 ../output_sumstats/output_pmid27989323_MIG_eur.sumstats.gz         ../output_sumstats/output_pmid24816252_arginine_eur.sumstats.gz       NA      NA      NA      NA -8.8048e-03     0.0632  1.0378     0.0071 -8.5294e-04       0.0048
 ../output_sumstats/output_pmid27989323_MIG_eur.sumstats.gz       ../output_sumstats/output_pmid24816252_asparagine_eur.sumstats.gz       NA      NA      NA      NA  4.9494e-01     0.0670  1.0193     0.0073  2.2919e-03       0.0043
 ../output_sumstats/output_pmid27989323_MIG_eur.sumstats.gz      ../output_sumstats/output_pmid24816252_cholesterol_eur.sumstats.gz       NA      NA      NA      NA  1.3174e-01     0.0676  1.0441     0.0066 -1.4628e-03       0.0047
 ../output_sumstats/output_pmid27989323_MIG_eur.sumstats.gz          ../output_sumstats/output_pmid24816252_citrate_eur.sumstats.gz       NA      NA      NA      NA  4.5206e-01     0.0801  1.0590     0.0083  2.2439e-03       0.0046
 ../output_sumstats/output_pmid27989323_MIG_eur.sumstats.gz        ../output_sumstats/output_pmid24816252_glutamate_eur.sumstats.gz       NA      NA      NA      NA  1.6087e-01     0.0568  0.9321     0.0058 -7.1765e-03       0.0046
 ../output_sumstats/output_pmid27989323_MIG_eur.sumstats.gz         ../output_sumstats/output_pmid24816252_glycerol_eur.sumstats.gz       NA      NA      NA      NA -1.2844e-01     0.0607  1.0164     0.0069 -4.1396e-04       0.0047
 ../output_sumstats/output_pmid27989323_MIG_eur.sumstats.gz        ../output_sumstats/output_pmid24816252_histidine_eur.sumstats.gz       NA      NA      NA      NA  4.2859e-01     0.0697  0.7590     0.0061 -1.4164e-03       0.0046
 ../output_sumstats/output_pmid27989323_MIG_eur.sumstats.gz       ../output_sumstats/output_pmid24816252_isoleucine_eur.sumstats.gz       NA      NA      NA      NA -2.7969e-01     0.0587  1.0000     0.0065 -4.5875e-03       0.0044
 ../output_sumstats/output_pmid27989323_MIG_eur.sumstats.gz    ../output_sumstats/output_pmid24816252_phenylalanine_eur.sumstats.gz       NA      NA      NA      NA  3.2611e-01     0.0436  0.7779     0.0051 -4.1900e-03       0.0042
 ../output_sumstats/output_pmid27989323_MIG_eur.sumstats.gz          ../output_sumstats/output_pmid24816252_proline_eur.sumstats.gz       NA      NA      NA      NA  3.7626e-01     0.0900  1.0377     0.0127 -2.0452e-03       0.0050
 ../output_sumstats/output_pmid27989323_MIG_eur.sumstats.gz         ../output_sumstats/output_pmid24816252_pyruvate_eur.sumstats.gz       NA      NA      NA      NA  1.5200e-01     0.0560  0.9988     0.0060  5.7420e-03       0.0049
 ../output_sumstats/output_pmid27989323_MIG_eur.sumstats.gz        ../output_sumstats/output_pmid24816252_threonine_eur.sumstats.gz       NA      NA      NA      NA  5.1399e-02     0.0832  1.0090     0.0068  1.4302e-03       0.0048
 ../output_sumstats/output_pmid27989323_MIG_eur.sumstats.gz       ../output_sumstats/output_pmid24816252_tryptophan_eur.sumstats.gz       NA      NA      NA      NA  9.2243e-01     0.0746  1.0487     0.0080  3.4626e-04       0.0051
 ../output_sumstats/output_pmid27989323_MIG_eur.sumstats.gz         ../output_sumstats/output_pmid24816252_tyrosine_eur.sumstats.gz       NA      NA      NA      NA  1.6377e-01     0.0709  1.0328     0.0073  6.4558e-04       0.0046
 ../output_sumstats/output_pmid27989323_MIG_eur.sumstats.gz             ../output_sumstats/output_pmid24816252_urea_eur.sumstats.gz       NA      NA      NA      NA -7.6096e-02     0.0522  1.0121     0.0062  3.5857e-03       0.0043
 ../output_sumstats/output_pmid27989323_MIG_eur.sumstats.gz               ../output_sumstats/output_pmid27386562_MS_eur.sumstats.gz       NA      NA      NA      NA  2.4065e-01     0.0471  1.0672     0.0089  2.6284e-05       0.0054
 ../output_sumstats/output_pmid27989323_MIG_eur.sumstats.gz              ../output_sumstats/output_pmid27455348_ALS_eur.sumstats.gz       NA      NA      NA      NA  4.7647e-02     0.0126  0.9976     0.0063  3.0745e-03       0.0048
 ../output_sumstats/output_pmid27989323_MIG_eur.sumstats.gz            ../output_sumstats/output_pmid27989323_CTACK_eur.sumstats.gz       NA      NA      NA      NA -1.0974e-02     0.1157  1.0041     0.0070  1.8275e-01       0.0049
 ../output_sumstats/output_pmid27989323_MIG_eur.sumstats.gz             ../output_sumstats/output_pmid27989323_GCSF_eur.sumstats.gz       NA      NA      NA      NA  2.4358e-02     0.0614  1.0069     0.0079  6.8857e-02       0.0051
 ../output_sumstats/output_pmid27989323_MIG_eur.sumstats.gz             ../output_sumstats/output_pmid27989323_GROa_eur.sumstats.gz       NA      NA      NA      NA -4.5300e+01    20.7723  1.3810     0.4790  7.8425e-02       0.5263
 ../output_sumstats/output_pmid27989323_MIG_eur.sumstats.gz              ../output_sumstats/output_pmid27989323_HGF_eur.sumstats.gz       NA      NA      NA      NA -2.1152e-02     0.0583  1.0097     0.0079  1.9463e-01       0.0055
 ../output_sumstats/output_pmid27989323_MIG_eur.sumstats.gz             ../output_sumstats/output_pmid27989323_IFNg_eur.sumstats.gz       NA      NA      NA      NA  1.2299e-02     0.0620  0.9991     0.0074  1.1138e-01       0.0053
 ../output_sumstats/output_pmid27989323_MIG_eur.sumstats.gz             ../output_sumstats/output_pmid27989323_IL10_eur.sumstats.gz       NA      NA      NA      NA -9.6595e-03     0.0798  1.0181     0.0124  1.0140e-01       0.0053
 ../output_sumstats/output_pmid27989323_MIG_eur.sumstats.gz          ../output_sumstats/output_pmid27989323_IL12p70_eur.sumstats.gz       NA      NA      NA      NA -1.8825e-02     0.0904  1.0334     0.0194  1.0180e-01       0.0053
 ../output_sumstats/output_pmid27989323_MIG_eur.sumstats.gz             ../output_sumstats/output_pmid27989323_IL13_eur.sumstats.gz       NA      NA      NA      NA -1.7048e-01     0.1630  1.0172     0.0124  1.3574e-01       0.0050
 ../output_sumstats/output_pmid27989323_MIG_eur.sumstats.gz             ../output_sumstats/output_pmid27989323_IL16_eur.sumstats.gz       NA      NA      NA      NA -7.6651e-02     0.1278  0.9955     0.0073  1.4400e-01       0.0051
 ../output_sumstats/output_pmid27989323_MIG_eur.sumstats.gz             ../output_sumstats/output_pmid27989323_IL17_eur.sumstats.gz       NA      NA      NA      NA -3.2554e+00     1.3399  1.4753     0.1317  2.1267e-02       0.0635
 ../output_sumstats/output_pmid27989323_MIG_eur.sumstats.gz             ../output_sumstats/output_pmid27989323_IL18_eur.sumstats.gz       NA      NA      NA      NA  3.4707e-01     0.5851  0.9977     0.0230  2.5018e-01       0.0082
 ../output_sumstats/output_pmid27989323_MIG_eur.sumstats.gz            ../output_sumstats/output_pmid27989323_IL1ra_eur.sumstats.gz       NA      NA      NA      NA  1.7582e-02     0.1447  1.0069     0.0080  1.3456e-01       0.0052
 ../output_sumstats/output_pmid27989323_MIG_eur.sumstats.gz              ../output_sumstats/output_pmid27989323_IL2_eur.sumstats.gz       NA      NA      NA      NA -8.8902e-02     0.1297  1.0134     0.0071  1.0172e-01       0.0053
 ../output_sumstats/output_pmid27989323_MIG_eur.sumstats.gz            ../output_sumstats/output_pmid27989323_IL2ra_eur.sumstats.gz       NA      NA      NA      NA  6.7942e-02     0.1195  1.0030     0.0066  3.4409e-01       0.0052
 ../output_sumstats/output_pmid27989323_MIG_eur.sumstats.gz              ../output_sumstats/output_pmid27989323_IL4_eur.sumstats.gz       NA      NA      NA      NA -4.3899e-02     0.0600  1.0107     0.0080  6.4119e-02       0.0054
 ../output_sumstats/output_pmid27989323_MIG_eur.sumstats.gz              ../output_sumstats/output_pmid27989323_IL5_eur.sumstats.gz       NA      NA      NA      NA -1.2608e-01     0.1368  1.0123     0.0075  1.1387e-01       0.0056
 ../output_sumstats/output_pmid27989323_MIG_eur.sumstats.gz              ../output_sumstats/output_pmid27989323_IL6_eur.sumstats.gz       NA      NA      NA      NA -3.4530e-03     0.0571  1.0080     0.0070  1.1029e-01       0.0053
 ../output_sumstats/output_pmid27989323_MIG_eur.sumstats.gz              ../output_sumstats/output_pmid27989323_IL7_eur.sumstats.gz       NA      NA      NA      NA -4.1037e-02     0.1576  1.0132     0.0089  1.0048e-01       0.0050
 ../output_sumstats/output_pmid27989323_MIG_eur.sumstats.gz              ../output_sumstats/output_pmid27989323_IL8_eur.sumstats.gz       NA      NA      NA      NA -2.6216e-02     0.1278  1.0075     0.0068  1.4762e-01       0.0053
 ../output_sumstats/output_pmid27989323_MIG_eur.sumstats.gz              ../output_sumstats/output_pmid27989323_IL9_eur.sumstats.gz       NA      NA      NA      NA -1.6299e-01     0.1260  1.0127     0.0070  1.2097e-01       0.0058
 ../output_sumstats/output_pmid27989323_MIG_eur.sumstats.gz             ../output_sumstats/output_pmid27989323_MCP1_eur.sumstats.gz       NA      NA      NA      NA  1.6874e-01     0.0818  0.9949     0.0079  1.0405e-01       0.0050
 ../output_sumstats/output_pmid27989323_MIG_eur.sumstats.gz             ../output_sumstats/output_pmid27989323_MCP3_eur.sumstats.gz       NA      NA      NA      NA -8.7283e-01     0.5696  1.0140     0.0077  1.0202e-01       0.0052
 ../output_sumstats/output_pmid27989323_MIG_eur.sumstats.gz             ../output_sumstats/output_pmid27989323_MCSF_eur.sumstats.gz       NA      NA      NA      NA  1.0518e-01     0.5046  0.9914     0.0071  1.4675e-01       0.0056
 ../output_sumstats/output_pmid27989323_MIG_eur.sumstats.gz              ../output_sumstats/output_pmid27989323_MIF_eur.sumstats.gz       NA      NA      NA      NA  8.3329e-02     0.1366  1.0052     0.0070  1.0193e-01       0.0049
 ../output_sumstats/output_pmid27989323_MIG_eur.sumstats.gz            ../output_sumstats/output_pmid27989323_MIP1a_eur.sumstats.gz       NA      NA      NA      NA -1.3670e-01     0.1414  1.0087     0.0072  1.1056e-01       0.0051
 ../output_sumstats/output_pmid27989323_MIG_eur.sumstats.gz            ../output_sumstats/output_pmid27989323_MIP1b_eur.sumstats.gz       NA      NA      NA      NA  2.2272e-01     0.2751  1.0184     0.0286  1.3236e-01       0.0055
 ../output_sumstats/output_pmid27989323_MIG_eur.sumstats.gz           ../output_sumstats/output_pmid27989323_PDGFbb_eur.sumstats.gz       NA      NA      NA      NA -8.2255e-03     0.0623  1.0224     0.0086  5.1797e-02       0.0057
 ../output_sumstats/output_pmid27989323_MIG_eur.sumstats.gz           ../output_sumstats/output_pmid27989323_RANTES_eur.sumstats.gz       NA      NA      NA      NA  1.2745e-01     0.1265  0.9994     0.0067  3.6602e-02       0.0051
 ../output_sumstats/output_pmid27989323_MIG_eur.sumstats.gz              ../output_sumstats/output_pmid27989323_SCF_eur.sumstats.gz       NA      NA      NA      NA -5.2720e-02     0.0559  1.0179     0.0073  1.9355e-01       0.0050
 ../output_sumstats/output_pmid27989323_MIG_eur.sumstats.gz            ../output_sumstats/output_pmid27989323_SCGFb_eur.sumstats.gz       NA      NA      NA      NA  9.8569e-02     0.1778  1.0111     0.0098  1.6825e-01       0.0078
 ../output_sumstats/output_pmid27989323_MIG_eur.sumstats.gz             ../output_sumstats/output_pmid27989323_SDF1_eur.sumstats.gz       NA      NA      NA      NA -1.1716e-02     0.0759  0.9986     0.0072  1.0391e-01       0.0049
 ../output_sumstats/output_pmid27989323_MIG_eur.sumstats.gz             ../output_sumstats/output_pmid27989323_TNFa_eur.sumstats.gz       NA      NA      NA      NA -5.8349e-02     0.1339  0.9979     0.0069  1.0966e-01       0.0052
 ../output_sumstats/output_pmid27989323_MIG_eur.sumstats.gz             ../output_sumstats/output_pmid27989323_TNFb_eur.sumstats.gz       NA      NA      NA      NA -4.5421e-01     0.3082  1.0104     0.0075  1.0064e-01       0.0052
 ../output_sumstats/output_pmid27989323_MIG_eur.sumstats.gz            ../output_sumstats/output_pmid27989323_TRAIL_eur.sumstats.gz       NA      NA      NA      NA -1.9295e-02     0.0551  1.0208     0.0117  1.7544e-01       0.0049
 ../output_sumstats/output_pmid27989323_MIG_eur.sumstats.gz             ../output_sumstats/output_pmid27989323_bNGF_eur.sumstats.gz       NA      NA      NA      NA  2.6283e-01     0.1386  0.9944     0.0077  2.8493e-01       0.0057
 ../output_sumstats/output_pmid27989323_MIG_eur.sumstats.gz          ../output_sumstats/output_pmid27989323_eotaxin_eur.sumstats.gz       NA      NA      NA      NA  1.0241e-01     0.0665  1.0087     0.0077  6.0255e-02       0.0049
 ../output_sumstats/output_pmid27989323_MIG_eur.sumstats.gz             ../output_sumstats/output_pmid27989323_ip10_eur.sumstats.gz       NA      NA      NA      NA  1.2877e-01     0.1230  1.0087     0.0072  5.1888e-01       0.0054
 ../output_sumstats/output_pmid27989323_MIG_eur.sumstats.gz              ../output_sumstats/output_pmid29566793_ALS_eur.sumstats.gz       NA      NA      NA      NA  3.2423e-02     0.0072  1.0212     0.0073  6.2660e-05       0.0048
 ../output_sumstats/output_pmid27989323_MIG_eur.sumstats.gz       ../output_sumstats/output_pmid29632382_T2d-BMIadj_eur.sumstats.gz -0.02555  0.1811 -0.1411  0.8878  1.0302e-01     0.0274  0.9991     0.0832 -8.3462e-03       0.0198
 ../output_sumstats/output_pmid27989323_MIG_eur.sumstats.gz              ../output_sumstats/output_pmid30054458_T2d_eur.sumstats.gz       NA      NA      NA      NA  4.5712e-02     0.0030  1.0547     0.0190  1.3049e-02       0.0071
 ../output_sumstats/output_pmid27989323_MIG_eur.sumstats.gz               ../output_sumstats/output_pmid33111402_PD_eur.sumstats.gz       NA      NA      NA      NA -2.6665e+00     1.1362  1.0872     0.0593 -9.7551e-02       0.0422
 ../output_sumstats/output_pmid27989323_MIG_eur.sumstats.gz               ../output_sumstats/output_pmid33310728_RA_eur.sumstats.gz       NA      NA      NA      NA  3.6750e-02     0.0042  0.9738     0.0121  6.9494e-03       0.0046
 ../output_sumstats/output_pmid27989323_MIG_eur.sumstats.gz              ../output_sumstats/output_pmid33589841_LBD_eur.sumstats.gz       NA      NA      NA      NA  1.6322e-01     0.0808  1.0032     0.0086 -1.8712e-03       0.0047
 ../output_sumstats/output_pmid27989323_MIG_eur.sumstats.gz               ../output_sumstats/output_pmid33987465_PD_eur.sumstats.gz       NA      NA      NA      NA  4.0721e-01     0.1451  0.9821     0.0061  2.9332e-03       0.0047
 ../output_sumstats/output_pmid27989323_MIG_eur.sumstats.gz              ../output_sumstats/output_pmid34737426_APH_eur.sumstats.gz       NA      NA      NA      NA -3.0302e-05     0.0009  0.9854     0.0062  1.5206e-03       0.0046

Analysis finished at Sat Feb 24 20:13:38 2024
Total time elapsed: 7.0m:3.83s
