*********************************************************************
* LD Score Regression (LDSC)
* Version 1.0.1
* (C) 2014-2019 Brendan Bulik-Sullivan and Hilary Finucane
* Broad Institute of MIT and Harvard / MIT Department of Mathematics
* GNU General Public License v3
*********************************************************************
Call: 
./ldsc.py \
--ref-ld-chr ../input_files/eur_w_ld_chr/ \
--out ../output_ld_regression/output_pmid27989323_MCP1_eur_ldReg \
--rg ../output_sumstats/output_pmid27989323_MCP1_eur.sumstats.gz,../output_sumstats/output_pmid27989323_MCP1_eur.sumstats.gz,../output_sumstats/output_pmid21833088_MS_eur.sumstats.gz,../output_sumstats/output_pmid24076602_MS_eur.sumstats.gz,../output_sumstats/output_pmid24816252_acetylcarnitine_eur.sumstats.gz,../output_sumstats/output_pmid24816252_alanine_eur.sumstats.gz,../output_sumstats/output_pmid24816252_arginine_eur.sumstats.gz,../output_sumstats/output_pmid24816252_asparagine_eur.sumstats.gz,../output_sumstats/output_pmid24816252_cholesterol_eur.sumstats.gz,../output_sumstats/output_pmid24816252_citrate_eur.sumstats.gz,../output_sumstats/output_pmid24816252_glutamate_eur.sumstats.gz,../output_sumstats/output_pmid24816252_glycerol_eur.sumstats.gz,../output_sumstats/output_pmid24816252_histidine_eur.sumstats.gz,../output_sumstats/output_pmid24816252_isoleucine_eur.sumstats.gz,../output_sumstats/output_pmid24816252_phenylalanine_eur.sumstats.gz,../output_sumstats/output_pmid24816252_proline_eur.sumstats.gz,../output_sumstats/output_pmid24816252_pyruvate_eur.sumstats.gz,../output_sumstats/output_pmid24816252_threonine_eur.sumstats.gz,../output_sumstats/output_pmid24816252_tryptophan_eur.sumstats.gz,../output_sumstats/output_pmid24816252_tyrosine_eur.sumstats.gz,../output_sumstats/output_pmid24816252_urea_eur.sumstats.gz,../output_sumstats/output_pmid27386562_MS_eur.sumstats.gz,../output_sumstats/output_pmid27455348_ALS_eur.sumstats.gz,../output_sumstats/output_pmid27989323_CTACK_eur.sumstats.gz,../output_sumstats/output_pmid27989323_GCSF_eur.sumstats.gz,../output_sumstats/output_pmid27989323_GROa_eur.sumstats.gz,../output_sumstats/output_pmid27989323_HGF_eur.sumstats.gz,../output_sumstats/output_pmid27989323_IFNg_eur.sumstats.gz,../output_sumstats/output_pmid27989323_IL10_eur.sumstats.gz,../output_sumstats/output_pmid27989323_IL12p70_eur.sumstats.gz,../output_sumstats/output_pmid27989323_IL13_eur.sumstats.gz,../output_sumstats/output_pmid27989323_IL16_eur.sumstats.gz,../output_sumstats/output_pmid27989323_IL17_eur.sumstats.gz,../output_sumstats/output_pmid27989323_IL18_eur.sumstats.gz,../output_sumstats/output_pmid27989323_IL1ra_eur.sumstats.gz,../output_sumstats/output_pmid27989323_IL2_eur.sumstats.gz,../output_sumstats/output_pmid27989323_IL2ra_eur.sumstats.gz,../output_sumstats/output_pmid27989323_IL4_eur.sumstats.gz,../output_sumstats/output_pmid27989323_IL5_eur.sumstats.gz,../output_sumstats/output_pmid27989323_IL6_eur.sumstats.gz,../output_sumstats/output_pmid27989323_IL7_eur.sumstats.gz,../output_sumstats/output_pmid27989323_IL8_eur.sumstats.gz,../output_sumstats/output_pmid27989323_IL9_eur.sumstats.gz,../output_sumstats/output_pmid27989323_MCP3_eur.sumstats.gz,../output_sumstats/output_pmid27989323_MCSF_eur.sumstats.gz,../output_sumstats/output_pmid27989323_MIF_eur.sumstats.gz,../output_sumstats/output_pmid27989323_MIG_eur.sumstats.gz,../output_sumstats/output_pmid27989323_MIP1a_eur.sumstats.gz,../output_sumstats/output_pmid27989323_MIP1b_eur.sumstats.gz,../output_sumstats/output_pmid27989323_PDGFbb_eur.sumstats.gz,../output_sumstats/output_pmid27989323_RANTES_eur.sumstats.gz,../output_sumstats/output_pmid27989323_SCF_eur.sumstats.gz,../output_sumstats/output_pmid27989323_SCGFb_eur.sumstats.gz,../output_sumstats/output_pmid27989323_SDF1_eur.sumstats.gz,../output_sumstats/output_pmid27989323_TNFa_eur.sumstats.gz,../output_sumstats/output_pmid27989323_TNFb_eur.sumstats.gz,../output_sumstats/output_pmid27989323_TRAIL_eur.sumstats.gz,../output_sumstats/output_pmid27989323_bNGF_eur.sumstats.gz,../output_sumstats/output_pmid27989323_eotaxin_eur.sumstats.gz,../output_sumstats/output_pmid27989323_ip10_eur.sumstats.gz,../output_sumstats/output_pmid29566793_ALS_eur.sumstats.gz,../output_sumstats/output_pmid29632382_T2d-BMIadj_eur.sumstats.gz,../output_sumstats/output_pmid30054458_T2d_eur.sumstats.gz,../output_sumstats/output_pmid33111402_PD_eur.sumstats.gz,../output_sumstats/output_pmid33310728_RA_eur.sumstats.gz,../output_sumstats/output_pmid33589841_LBD_eur.sumstats.gz,../output_sumstats/output_pmid33987465_PD_eur.sumstats.gz,../output_sumstats/output_pmid34737426_APH_eur.sumstats.gz \
--w-ld-chr ../input_files/eur_w_ld_chr/ 

Beginning analysis at Sat Feb 24 19:36:34 2024
Reading summary statistics from ../output_sumstats/output_pmid27989323_MCP1_eur.sumstats.gz ...
Read summary statistics for 1179714 SNPs.
Reading reference panel LD Score from ../input_files/eur_w_ld_chr/[1-22] ... (ldscore_fromlist)
Read reference panel LD Scores for 1290028 SNPs.
Removing partitioned LD Scores with zero variance.
Reading regression weight LD Score from ../input_files/eur_w_ld_chr/[1-22] ... (ldscore_fromlist)
Read regression weight LD Scores for 1290028 SNPs.
After merging with reference panel LD, 1167184 SNPs remain.
After merging with regression SNP LD, 1167184 SNPs remain.
Computing rg for phenotype 2/68
Reading summary statistics from ../output_sumstats/output_pmid27989323_MCP1_eur.sumstats.gz ...
Read summary statistics for 1217311 SNPs.
After merging with summary statistics, 1167184 SNPs remain.
1167184 SNPs with valid alleles.

Heritability of phenotype 1
---------------------------
Total Observed scale h2: 0.1716 (0.0826)
Lambda GC: 1.0105
Mean Chi^2: 1.0225
Intercept: 0.9945 (0.0079)
Ratio < 0 (usually indicates GC correction).

Heritability of phenotype 2/68
------------------------------
Total Observed scale h2: 0.1716 (0.0826)
Lambda GC: 1.0105
Mean Chi^2: 1.0225
Intercept: 0.9945 (0.0079)
Ratio < 0 (usually indicates GC correction).

Genetic Covariance
------------------
Total Observed scale gencov: 0.1716 (0.0826)
Mean z1*z2: 1.0225
Intercept: 0.9945 (0.0079)

Genetic Correlation
-------------------
Genetic Correlation: 1. (2.0399e-06)
Z-score: 490210.4952
P: 0.

Computing rg for phenotype 3/68
Reading summary statistics from ../output_sumstats/output_pmid21833088_MS_eur.sumstats.gz ...
Read summary statistics for 1217311 SNPs.
After merging with summary statistics, 1167184 SNPs remain.
449863 SNPs with valid alleles.

Heritability of phenotype 3/68
------------------------------
Total Observed scale h2: 0.0584 (0.0281)
Lambda GC: 1.0405
Mean Chi^2: 1.0858
Intercept: 1.0578 (0.009)
Ratio: 0.6742 (0.1047)

Genetic Covariance
------------------
Total Observed scale gencov: -0.0203 (0.0269)
Mean z1*z2: -0.0029
Intercept: 0.0023 (0.0059)

Genetic Correlation
-------------------
Genetic Correlation: -0.2052 (0.2828)
Z-score: -0.7257
P: 0.468

Computing rg for phenotype 4/68
Reading summary statistics from ../output_sumstats/output_pmid24076602_MS_eur.sumstats.gz ...
Read summary statistics for 1217311 SNPs.
After merging with summary statistics, 1167184 SNPs remain.
49507 SNPs with valid alleles.
WARNING: number of SNPs less than 200k; this is almost always bad.

Heritability of phenotype 4/68
------------------------------
Total Observed scale h2: 1.6027 (0.2421)
Lambda GC: 1.4602
Mean Chi^2: 2.2015
Intercept: 1.004 (0.0832)
Ratio: 0.0033 (0.0693)

Genetic Covariance
------------------
Total Observed scale gencov: -0.0796 (0.1008)
Mean z1*z2: -0.0315
Intercept: 0.0085 (0.0184)

Genetic Correlation
-------------------
Genetic Correlation: -0.0778 (0.1049)
Z-score: -0.7419
P: 0.4582

Computing rg for phenotype 5/68
Reading summary statistics from ../output_sumstats/output_pmid24816252_acetylcarnitine_eur.sumstats.gz ...
Read summary statistics for 1217311 SNPs.
After merging with summary statistics, 1167184 SNPs remain.
1023059 SNPs with valid alleles.

Heritability of phenotype 5/68
------------------------------
Total Observed scale h2: -0.2355 (0.0829)
Lambda GC: 0.9721
Mean Chi^2: 0.9856
Intercept: 1.0202 (0.0075)
Ratio: NA (mean chi^2 < 1)

Genetic Covariance
------------------
Total Observed scale gencov: 0.0234 (0.0417)
Mean z1*z2: -0.0004
Intercept: -0.0042 (0.0045)

Genetic Correlation
-------------------
Genetic Correlation: nan (nan) (h2  out of bounds) 
Z-score: nan (nan) (h2  out of bounds)
P: nan (nan) (h2  out of bounds)
WARNING: One of the h2's was out of bounds.
This usually indicates a data-munging error or that h2 or N is low.

Computing rg for phenotype 6/68
Reading summary statistics from ../output_sumstats/output_pmid24816252_alanine_eur.sumstats.gz ...
Read summary statistics for 1217311 SNPs.
After merging with summary statistics, 1167184 SNPs remain.
1023059 SNPs with valid alleles.

Heritability of phenotype 6/68
------------------------------
Total Observed scale h2: 0.5265 (0.0705)
Lambda GC: 1.0649
Mean Chi^2: 1.0876
Intercept: 1.0117 (0.0071)
Ratio: 0.1332 (0.0814)

Genetic Covariance
------------------
Total Observed scale gencov: -0.008 (0.0428)
Mean z1*z2: -0.0031
Intercept: -0.0012 (0.0049)

Genetic Correlation
-------------------
Genetic Correlation: -0.0283 (0.1521)
Z-score: -0.1861
P: 0.8524

Computing rg for phenotype 7/68
Reading summary statistics from ../output_sumstats/output_pmid24816252_arginine_eur.sumstats.gz ...
Read summary statistics for 1217311 SNPs.
After merging with summary statistics, 1167184 SNPs remain.
1023059 SNPs with valid alleles.

Heritability of phenotype 7/68
------------------------------
Total Observed scale h2: -0.0058 (0.064)
Lambda GC: 1.0255
Mean Chi^2: 1.0367
Intercept: 1.0375 (0.0072)
Ratio: 1.02 (0.1973)

Genetic Covariance
------------------
Total Observed scale gencov: -0.0095 (0.0395)
Mean z1*z2: -0.0012
Intercept: 0.0002 (0.0041)

Genetic Correlation
-------------------
Genetic Correlation: nan (nan) (h2  out of bounds) 
Z-score: nan (nan) (h2  out of bounds)
P: nan (nan) (h2  out of bounds)
WARNING: One of the h2's was out of bounds.
This usually indicates a data-munging error or that h2 or N is low.

Computing rg for phenotype 8/68
Reading summary statistics from ../output_sumstats/output_pmid24816252_asparagine_eur.sumstats.gz ...
Read summary statistics for 1217311 SNPs.
After merging with summary statistics, 1167184 SNPs remain.
1023059 SNPs with valid alleles.

Heritability of phenotype 8/68
------------------------------
Total Observed scale h2: 0.4998 (0.0667)
Lambda GC: 1.0679
Mean Chi^2: 1.0906
Intercept: 1.0186 (0.0073)
Ratio: 0.2058 (0.08)

Genetic Covariance
------------------
Total Observed scale gencov: -0.0437 (0.044)
Mean z1*z2: -0.0009
Intercept: 0.0057 (0.0049)

Genetic Correlation
-------------------
Genetic Correlation: -0.159 (0.1584)
Z-score: -1.0036
P: 0.3156

Computing rg for phenotype 9/68
Reading summary statistics from ../output_sumstats/output_pmid24816252_cholesterol_eur.sumstats.gz ...
Read summary statistics for 1217311 SNPs.
After merging with summary statistics, 1167184 SNPs remain.
1023059 SNPs with valid alleles.

Heritability of phenotype 9/68
------------------------------
Total Observed scale h2: 0.1317 (0.0675)
Lambda GC: 1.0496
Mean Chi^2: 1.0635
Intercept: 1.0441 (0.0066)
Ratio: 0.6952 (0.1032)

Genetic Covariance
------------------
Total Observed scale gencov: 0.0274 (0.0438)
Mean z1*z2: 0.001
Intercept: -0.0031 (0.0047)

Genetic Correlation
-------------------
Genetic Correlation: 0.1938 (0.3252)
Z-score: 0.5961
P: 0.5511

Computing rg for phenotype 10/68
Reading summary statistics from ../output_sumstats/output_pmid24816252_citrate_eur.sumstats.gz ...
Read summary statistics for 1217311 SNPs.
After merging with summary statistics, 1167184 SNPs remain.
1023059 SNPs with valid alleles.

Heritability of phenotype 10/68
-------------------------------
Total Observed scale h2: 0.4495 (0.0799)
Lambda GC: 1.0957
Mean Chi^2: 1.123
Intercept: 1.0593 (0.0082)
Ratio: 0.4816 (0.0669)

Genetic Covariance
------------------
Total Observed scale gencov: 0.0365 (0.0427)
Mean z1*z2: 0.0082
Intercept: 0.0027 (0.005)

Genetic Correlation
-------------------
Genetic Correlation: 0.1398 (0.1677)
Z-score: 0.8336
P: 0.4045

Computing rg for phenotype 11/68
Reading summary statistics from ../output_sumstats/output_pmid24816252_glutamate_eur.sumstats.gz ...
Read summary statistics for 1217311 SNPs.
After merging with summary statistics, 1167184 SNPs remain.
1023059 SNPs with valid alleles.

Heritability of phenotype 11/68
-------------------------------
Total Observed scale h2: 0.1621 (0.0568)
Lambda GC: 0.9576
Mean Chi^2: 0.9552
Intercept: 0.9319 (0.0058)
Ratio: NA (mean chi^2 < 1)

Genetic Covariance
------------------
Total Observed scale gencov: 0.0377 (0.039)
Mean z1*z2: 0.0026
Intercept: -0.0034 (0.0047)

Genetic Correlation
-------------------
Genetic Correlation: 0.2409 (0.2666)
Z-score: 0.9035
P: 0.3663

Computing rg for phenotype 12/68
Reading summary statistics from ../output_sumstats/output_pmid24816252_glycerol_eur.sumstats.gz ...
Read summary statistics for 1217311 SNPs.
After merging with summary statistics, 1167184 SNPs remain.
1023059 SNPs with valid alleles.

Heritability of phenotype 12/68
-------------------------------
Total Observed scale h2: -0.1281 (0.0605)
Lambda GC: 0.9868
Mean Chi^2: 0.9976
Intercept: 1.0163 (0.0069)
Ratio: NA (mean chi^2 < 1)

Genetic Covariance
------------------
Total Observed scale gencov: 0.0209 (0.0358)
Mean z1*z2: 0.0029
Intercept: -0.0004 (0.0046)

Genetic Correlation
-------------------
Genetic Correlation: nan (nan) (h2  out of bounds) 
Z-score: nan (nan) (h2  out of bounds)
P: nan (nan) (h2  out of bounds)
WARNING: One of the h2's was out of bounds.
This usually indicates a data-munging error or that h2 or N is low.

Computing rg for phenotype 13/68
Reading summary statistics from ../output_sumstats/output_pmid24816252_histidine_eur.sumstats.gz ...
Read summary statistics for 1217311 SNPs.
After merging with summary statistics, 1167184 SNPs remain.
1023059 SNPs with valid alleles.

Heritability of phenotype 13/68
-------------------------------
Total Observed scale h2: 0.4331 (0.0692)
Lambda GC: 0.81
Mean Chi^2: 0.8191
Intercept: 0.7583 (0.0061)
Ratio: NA (mean chi^2 < 1)

Genetic Covariance
------------------
Total Observed scale gencov: -0.0204 (0.036)
Mean z1*z2: -0.0009
Intercept: 0.0025 (0.004)

Genetic Correlation
-------------------
Genetic Correlation: -0.0796 (0.1434)
Z-score: -0.5554
P: 0.5786

Computing rg for phenotype 14/68
Reading summary statistics from ../output_sumstats/output_pmid24816252_isoleucine_eur.sumstats.gz ...
Read summary statistics for 1217311 SNPs.
After merging with summary statistics, 1167184 SNPs remain.
1023059 SNPs with valid alleles.

Heritability of phenotype 14/68
-------------------------------
Total Observed scale h2: -0.2765 (0.0586)
Lambda GC: 0.9489
Mean Chi^2: 0.959
Intercept: 0.9995 (0.0064)
Ratio: NA (mean chi^2 < 1)

Genetic Covariance
------------------
Total Observed scale gencov: -0.0252 (0.0381)
Mean z1*z2: -0.0041
Intercept: -0.0002 (0.0046)

Genetic Correlation
-------------------
Genetic Correlation: nan (nan) (h2  out of bounds) 
Z-score: nan (nan) (h2  out of bounds)
P: nan (nan) (h2  out of bounds)
WARNING: One of the h2's was out of bounds.
This usually indicates a data-munging error or that h2 or N is low.

Computing rg for phenotype 15/68
Reading summary statistics from ../output_sumstats/output_pmid24816252_phenylalanine_eur.sumstats.gz ...
Read summary statistics for 1217311 SNPs.
After merging with summary statistics, 1167184 SNPs remain.
1023059 SNPs with valid alleles.

Heritability of phenotype 15/68
-------------------------------
Total Observed scale h2: 0.3305 (0.0436)
Lambda GC: 0.8207
Mean Chi^2: 0.8233
Intercept: 0.7773 (0.0051)
Ratio: NA (mean chi^2 < 1)

Genetic Covariance
------------------
Total Observed scale gencov: -0.0188 (0.0363)
Mean z1*z2: -0.0021
Intercept: 0.0006 (0.004)

Genetic Correlation
-------------------
Genetic Correlation: -0.0839 (0.168)
Z-score: -0.4994
P: 0.6175

Computing rg for phenotype 16/68
Reading summary statistics from ../output_sumstats/output_pmid24816252_proline_eur.sumstats.gz ...
Read summary statistics for 1217311 SNPs.
After merging with summary statistics, 1167184 SNPs remain.
1023059 SNPs with valid alleles.

Heritability of phenotype 16/68
-------------------------------
Total Observed scale h2: 0.3726 (0.0894)
Lambda GC: 1.0649
Mean Chi^2: 1.0921
Intercept: 1.038 (0.0126)
Ratio: 0.413 (0.1364)

Genetic Covariance
------------------
Total Observed scale gencov: -0.0324 (0.0436)
Mean z1*z2: -0.0019
Intercept: 0.0032 (0.0048)

Genetic Correlation
-------------------
Genetic Correlation: -0.1363 (0.1941)
Z-score: -0.7023
P: 0.4825

Computing rg for phenotype 17/68
Reading summary statistics from ../output_sumstats/output_pmid24816252_pyruvate_eur.sumstats.gz ...
Read summary statistics for 1217311 SNPs.
After merging with summary statistics, 1167184 SNPs remain.
1023059 SNPs with valid alleles.

Heritability of phenotype 17/68
-------------------------------
Total Observed scale h2: 0.1525 (0.0557)
Lambda GC: 1.0195
Mean Chi^2: 1.0203
Intercept: 0.9987 (0.0059)
Ratio < 0 (usually indicates GC correction).

Genetic Covariance
------------------
Total Observed scale gencov: -0.0185 (0.0396)
Mean z1*z2: -0.001
Intercept: 0.002 (0.0044)

Genetic Correlation
-------------------
Genetic Correlation: -0.122 (0.2575)
Z-score: -0.4738
P: 0.6356

Computing rg for phenotype 18/68
Reading summary statistics from ../output_sumstats/output_pmid24816252_threonine_eur.sumstats.gz ...
Read summary statistics for 1217311 SNPs.
After merging with summary statistics, 1167184 SNPs remain.
1023059 SNPs with valid alleles.

Heritability of phenotype 18/68
-------------------------------
Total Observed scale h2: 0.0472 (0.083)
Lambda GC: 1.0016
Mean Chi^2: 1.015
Intercept: 1.0096 (0.0067)
Ratio: 0.6399 (0.4457)

Genetic Covariance
------------------
Total Observed scale gencov: -0.0627 (0.0463)
Mean z1*z2: -0.0085
Intercept: 1.0897e-05 (0.0044)

Genetic Correlation
-------------------
Genetic Correlation: -0.7421 (0.9294)
Z-score: -0.7985
P: 0.4246

Computing rg for phenotype 19/68
Reading summary statistics from ../output_sumstats/output_pmid24816252_tryptophan_eur.sumstats.gz ...
Read summary statistics for 1217311 SNPs.
After merging with summary statistics, 1167184 SNPs remain.
1023059 SNPs with valid alleles.

Heritability of phenotype 19/68
-------------------------------
Total Observed scale h2: 0.9266 (0.0743)
Lambda GC: 1.0864
Mean Chi^2: 1.1815
Intercept: 1.0482 (0.0079)
Ratio: 0.2655 (0.0437)

Genetic Covariance
------------------
Total Observed scale gencov: -0.0522 (0.0453)
Mean z1*z2: -0.0111
Intercept: -0.0039 (0.005)

Genetic Correlation
-------------------
Genetic Correlation: -0.1394 (0.1301)
Z-score: -1.0717
P: 0.2839

Computing rg for phenotype 20/68
Reading summary statistics from ../output_sumstats/output_pmid24816252_tyrosine_eur.sumstats.gz ...
Read summary statistics for 1217311 SNPs.
After merging with summary statistics, 1167184 SNPs remain.
1023059 SNPs with valid alleles.

Heritability of phenotype 20/68
-------------------------------
Total Observed scale h2: 0.1648 (0.071)
Lambda GC: 1.0466
Mean Chi^2: 1.0568
Intercept: 1.0327 (0.0072)
Ratio: 0.5767 (0.1264)

Genetic Covariance
------------------
Total Observed scale gencov: -0.0436 (0.0365)
Mean z1*z2: -0.0015
Intercept: 0.0053 (0.0044)

Genetic Correlation
-------------------
Genetic Correlation: -0.2764 (0.2495)
Z-score: -1.1079
P: 0.2679

Computing rg for phenotype 21/68
Reading summary statistics from ../output_sumstats/output_pmid24816252_urea_eur.sumstats.gz ...
Read summary statistics for 1217311 SNPs.
After merging with summary statistics, 1167184 SNPs remain.
1023059 SNPs with valid alleles.

Heritability of phenotype 21/68
-------------------------------
Total Observed scale h2: -0.0794 (0.0533)
Lambda GC: 0.9898
Mean Chi^2: 1.001
Intercept: 1.0126 (0.0064)
Ratio: 12.3095 (6.2412)

Genetic Covariance
------------------
Total Observed scale gencov: 0.0094 (0.044)
Mean z1*z2: 0.0014
Intercept: -4.3095e-05 (0.005)

Genetic Correlation
-------------------
Genetic Correlation: nan (nan) (h2  out of bounds) 
Z-score: nan (nan) (h2  out of bounds)
P: nan (nan) (h2  out of bounds)
WARNING: One of the h2's was out of bounds.
This usually indicates a data-munging error or that h2 or N is low.

Computing rg for phenotype 22/68
Reading summary statistics from ../output_sumstats/output_pmid27386562_MS_eur.sumstats.gz ...
Read summary statistics for 1217311 SNPs.
After merging with summary statistics, 1167184 SNPs remain.
1136811 SNPs with valid alleles.

Heritability of phenotype 22/68
-------------------------------
Total Observed scale h2: 0.2416 (0.0472)
Lambda GC: 1.1207
Mean Chi^2: 1.1416
Intercept: 1.0668 (0.0088)
Ratio: 0.472 (0.0625)

Genetic Covariance
------------------
Total Observed scale gencov: -0.0119 (0.0347)
Mean z1*z2: -0.0009
Intercept: 0.0027 (0.0056)

Genetic Correlation
-------------------
Genetic Correlation: -0.0603 (0.1852)
Z-score: -0.3258
P: 0.7446

Computing rg for phenotype 23/68
Reading summary statistics from ../output_sumstats/output_pmid27455348_ALS_eur.sumstats.gz ...
Read summary statistics for 1217311 SNPs.
After merging with summary statistics, 1167184 SNPs remain.
1153417 SNPs with valid alleles.

Heritability of phenotype 23/68
-------------------------------
Total Observed scale h2: 0.0484 (0.0127)
Lambda GC: 1.0285
Mean Chi^2: 1.0316
Intercept: 0.9972 (0.0063)
Ratio < 0 (usually indicates GC correction).

Genetic Covariance
------------------
Total Observed scale gencov: -0.0166 (0.0199)
Mean z1*z2: -0.0021
Intercept: 0.0032 (0.0048)

Genetic Correlation
-------------------
Genetic Correlation: -0.1831 (0.214)
Z-score: -0.8558
P: 0.3921

Computing rg for phenotype 24/68
Reading summary statistics from ../output_sumstats/output_pmid27989323_CTACK_eur.sumstats.gz ...
Read summary statistics for 1217311 SNPs.
After merging with summary statistics, 1167184 SNPs remain.
1163579 SNPs with valid alleles.

Heritability of phenotype 24/68
-------------------------------
Total Observed scale h2: -0.0079 (0.1162)
Lambda GC: 0.9957
Mean Chi^2: 1.0032
Intercept: 1.0038 (0.007)
Ratio: 1.1764 (2.1535)

Genetic Covariance
------------------
Total Observed scale gencov: -0.0263 (0.0691)
Mean z1*z2: 0.0408
Intercept: 0.0436 (0.0055)

Genetic Correlation
-------------------
Genetic Correlation: nan (nan) (h2  out of bounds) 
Z-score: nan (nan) (h2  out of bounds)
P: nan (nan) (h2  out of bounds)
WARNING: One of the h2's was out of bounds.
This usually indicates a data-munging error or that h2 or N is low.

Computing rg for phenotype 25/68
Reading summary statistics from ../output_sumstats/output_pmid27989323_GCSF_eur.sumstats.gz ...
Read summary statistics for 1217311 SNPs.
After merging with summary statistics, 1167184 SNPs remain.
1164458 SNPs with valid alleles.

Heritability of phenotype 25/68
-------------------------------
Total Observed scale h2: 0.0231 (0.0613)
Lambda GC: 1.0195
Mean Chi^2: 1.0108
Intercept: 1.0072 (0.0079)
Ratio: 0.6669 (0.7297)

Genetic Covariance
------------------
Total Observed scale gencov: 0.0691 (0.0404)
Mean z1*z2: 0.2304
Intercept: 0.2193 (0.0052)

Genetic Correlation
-------------------
Genetic Correlation: 1.1066 (1.6254)
Z-score: 0.6809
P: 0.496

Computing rg for phenotype 26/68
Reading summary statistics from ../output_sumstats/output_pmid27989323_GROa_eur.sumstats.gz ...
Read summary statistics for 1217311 SNPs.
After merging with summary statistics, 1167184 SNPs remain.
63 SNPs with valid alleles.
WARNING: number of SNPs less than 200k; this is almost always bad.

Heritability of phenotype 26/68
-------------------------------
Total Observed scale h2: -45.2997 (20.7723)
Lambda GC: 0.3141
Mean Chi^2: 0.4167
Intercept: 1.381 (0.479)
Ratio: NA (mean chi^2 < 1)

Genetic Covariance
------------------
Total Observed scale gencov: -17.3497 (9.5514)
Mean z1*z2: 0.2617
Intercept: 0.8298 (0.3814)

Genetic Correlation
-------------------
Genetic Correlation: nan (nan) (h2  out of bounds) 
Z-score: nan (nan) (h2  out of bounds)
P: nan (nan) (h2  out of bounds)
WARNING: One of the h2's was out of bounds.
This usually indicates a data-munging error or that h2 or N is low.

Computing rg for phenotype 27/68
Reading summary statistics from ../output_sumstats/output_pmid27989323_HGF_eur.sumstats.gz ...
Read summary statistics for 1217311 SNPs.
After merging with summary statistics, 1167184 SNPs remain.
1164469 SNPs with valid alleles.

Heritability of phenotype 27/68
-------------------------------
Total Observed scale h2: -0.0306 (0.0585)
Lambda GC: 1.0046
Mean Chi^2: 1.0064
Intercept: 1.0114 (0.0081)
Ratio: 1.7902 (1.2739)

Genetic Covariance
------------------
Total Observed scale gencov: -0.0706 (0.0427)
Mean z1*z2: 0.29
Intercept: 0.3018 (0.0054)

Genetic Correlation
-------------------
Genetic Correlation: nan (nan) (h2  out of bounds) 
Z-score: nan (nan) (h2  out of bounds)
P: nan (nan) (h2  out of bounds)
WARNING: One of the h2's was out of bounds.
This usually indicates a data-munging error or that h2 or N is low.

Computing rg for phenotype 28/68
Reading summary statistics from ../output_sumstats/output_pmid27989323_IFNg_eur.sumstats.gz ...
Read summary statistics for 1217311 SNPs.
After merging with summary statistics, 1167184 SNPs remain.
1164467 SNPs with valid alleles.
ERROR computing rg for phenotype 28/68, from file ../output_sumstats/output_pmid27989323_IFNg_eur.sumstats.gz.
Traceback (most recent call last):
  File "/Users/as/Documents/UNI/Bioinformatik/2023:24_WS/GoBi_Lokal/BlockTeil_Metabolomics/ldsc/ldscore/sumstats.py", line 410, in estimate_rg
    rghat = _rg(loop, args, log, M_annot, ref_ld_cnames, w_ld_cname, i)
  File "/Users/as/Documents/UNI/Bioinformatik/2023:24_WS/GoBi_Lokal/BlockTeil_Metabolomics/ldsc/ldscore/sumstats.py", line 539, in _rg
    intercept_gencov=intercepts[2], n_blocks=n_blocks, twostep=args.two_step)
  File "/Users/as/Documents/UNI/Bioinformatik/2023:24_WS/GoBi_Lokal/BlockTeil_Metabolomics/ldsc/ldscore/regressions.py", line 705, in __init__
    np.multiply(hsq1.tot_delete_values, hsq2.tot_delete_values))
FloatingPointError: invalid value encountered in sqrt


Computing rg for phenotype 29/68
Reading summary statistics from ../output_sumstats/output_pmid27989323_IL10_eur.sumstats.gz ...
Read summary statistics for 1217311 SNPs.
After merging with summary statistics, 1167184 SNPs remain.
1164568 SNPs with valid alleles.

Heritability of phenotype 29/68
-------------------------------
Total Observed scale h2: -0.0089 (0.0795)
Lambda GC: 1.0016
Mean Chi^2: 1.0168
Intercept: 1.0182 (0.0123)
Ratio: 1.0809 (0.7292)

Genetic Covariance
------------------
Total Observed scale gencov: 0.0463 (0.0441)
Mean z1*z2: 0.3083
Intercept: 0.3008 (0.0054)

Genetic Correlation
-------------------
Genetic Correlation: nan (nan) (h2  out of bounds) 
Z-score: nan (nan) (h2  out of bounds)
P: nan (nan) (h2  out of bounds)
WARNING: One of the h2's was out of bounds.
This usually indicates a data-munging error or that h2 or N is low.

Computing rg for phenotype 30/68
Reading summary statistics from ../output_sumstats/output_pmid27989323_IL12p70_eur.sumstats.gz ...
Read summary statistics for 1217311 SNPs.
After merging with summary statistics, 1167184 SNPs remain.
1164451 SNPs with valid alleles.

Heritability of phenotype 30/68
-------------------------------
Total Observed scale h2: -0.0221 (0.0901)
Lambda GC: 1.0255
Mean Chi^2: 1.0305
Intercept: 1.0341 (0.0194)
Ratio: 1.1185 (0.6364)

Genetic Covariance
------------------
Total Observed scale gencov: 0.075 (0.0397)
Mean z1*z2: 0.279
Intercept: 0.2667 (0.0053)

Genetic Correlation
-------------------
Genetic Correlation: nan (nan) (h2  out of bounds) 
Z-score: nan (nan) (h2  out of bounds)
P: nan (nan) (h2  out of bounds)
WARNING: One of the h2's was out of bounds.
This usually indicates a data-munging error or that h2 or N is low.

Computing rg for phenotype 31/68
Reading summary statistics from ../output_sumstats/output_pmid27989323_IL13_eur.sumstats.gz ...
Read summary statistics for 1217311 SNPs.
After merging with summary statistics, 1167184 SNPs remain.
1163306 SNPs with valid alleles.

Heritability of phenotype 31/68
-------------------------------
Total Observed scale h2: -0.1663 (0.1625)
Lambda GC: 1.0046
Mean Chi^2: 1.0052
Intercept: 1.017 (0.0124)
Ratio: 3.2433 (2.376)

Genetic Covariance
------------------
Total Observed scale gencov: 0.0197 (0.0596)
Mean z1*z2: 0.1832
Intercept: 0.181 (0.0054)

Genetic Correlation
-------------------
Genetic Correlation: nan (nan) (h2  out of bounds) 
Z-score: nan (nan) (h2  out of bounds)
P: nan (nan) (h2  out of bounds)
WARNING: One of the h2's was out of bounds.
This usually indicates a data-munging error or that h2 or N is low.

Computing rg for phenotype 32/68
Reading summary statistics from ../output_sumstats/output_pmid27989323_IL16_eur.sumstats.gz ...
Read summary statistics for 1217311 SNPs.
After merging with summary statistics, 1167184 SNPs remain.
1163430 SNPs with valid alleles.

Heritability of phenotype 32/68
-------------------------------
Total Observed scale h2: -0.0812 (0.1281)
Lambda GC: 0.9898
Mean Chi^2: 0.9903
Intercept: 0.9959 (0.0073)
Ratio: NA (mean chi^2 < 1)

Genetic Covariance
------------------
Total Observed scale gencov: 0.0228 (0.064)
Mean z1*z2: 0.07
Intercept: 0.0675 (0.005)

Genetic Correlation
-------------------
Genetic Correlation: nan (nan) (h2  out of bounds) 
Z-score: nan (nan) (h2  out of bounds)
P: nan (nan) (h2  out of bounds)
WARNING: One of the h2's was out of bounds.
This usually indicates a data-munging error or that h2 or N is low.

Computing rg for phenotype 33/68
Reading summary statistics from ../output_sumstats/output_pmid27989323_IL17_eur.sumstats.gz ...
Read summary statistics for 1217311 SNPs.
After merging with summary statistics, 1167184 SNPs remain.
2128 SNPs with valid alleles.
WARNING: number of SNPs less than 200k; this is almost always bad.

Heritability of phenotype 33/68
-------------------------------
Total Observed scale h2: -3.0826 (1.3492)
Lambda GC: 1.1317
Mean Chi^2: 1.1988
Intercept: 1.4604 (0.1331)
Ratio: 2.3165 (0.6699)

Genetic Covariance
------------------
Total Observed scale gencov: 0.1975 (0.7589)
Mean z1*z2: 0.2443
Intercept: 0.227 (0.0679)

Genetic Correlation
-------------------
Genetic Correlation: nan (nan) (h2  out of bounds) 
Z-score: nan (nan) (h2  out of bounds)
P: nan (nan) (h2  out of bounds)
WARNING: One of the h2's was out of bounds.
This usually indicates a data-munging error or that h2 or N is low.

Computing rg for phenotype 34/68
Reading summary statistics from ../output_sumstats/output_pmid27989323_IL18_eur.sumstats.gz ...
Read summary statistics for 1217311 SNPs.
After merging with summary statistics, 1167184 SNPs remain.
388836 SNPs with valid alleles.
ERROR computing rg for phenotype 34/68, from file ../output_sumstats/output_pmid27989323_IL18_eur.sumstats.gz.
Traceback (most recent call last):
  File "/Users/as/Documents/UNI/Bioinformatik/2023:24_WS/GoBi_Lokal/BlockTeil_Metabolomics/ldsc/ldscore/sumstats.py", line 410, in estimate_rg
    rghat = _rg(loop, args, log, M_annot, ref_ld_cnames, w_ld_cname, i)
  File "/Users/as/Documents/UNI/Bioinformatik/2023:24_WS/GoBi_Lokal/BlockTeil_Metabolomics/ldsc/ldscore/sumstats.py", line 539, in _rg
    intercept_gencov=intercepts[2], n_blocks=n_blocks, twostep=args.two_step)
  File "/Users/as/Documents/UNI/Bioinformatik/2023:24_WS/GoBi_Lokal/BlockTeil_Metabolomics/ldsc/ldscore/regressions.py", line 705, in __init__
    np.multiply(hsq1.tot_delete_values, hsq2.tot_delete_values))
FloatingPointError: invalid value encountered in sqrt


Computing rg for phenotype 35/68
Reading summary statistics from ../output_sumstats/output_pmid27989323_IL1ra_eur.sumstats.gz ...
Read summary statistics for 1217311 SNPs.
After merging with summary statistics, 1167184 SNPs remain.
1163643 SNPs with valid alleles.
ERROR computing rg for phenotype 35/68, from file ../output_sumstats/output_pmid27989323_IL1ra_eur.sumstats.gz.
Traceback (most recent call last):
  File "/Users/as/Documents/UNI/Bioinformatik/2023:24_WS/GoBi_Lokal/BlockTeil_Metabolomics/ldsc/ldscore/sumstats.py", line 410, in estimate_rg
    rghat = _rg(loop, args, log, M_annot, ref_ld_cnames, w_ld_cname, i)
  File "/Users/as/Documents/UNI/Bioinformatik/2023:24_WS/GoBi_Lokal/BlockTeil_Metabolomics/ldsc/ldscore/sumstats.py", line 539, in _rg
    intercept_gencov=intercepts[2], n_blocks=n_blocks, twostep=args.two_step)
  File "/Users/as/Documents/UNI/Bioinformatik/2023:24_WS/GoBi_Lokal/BlockTeil_Metabolomics/ldsc/ldscore/regressions.py", line 705, in __init__
    np.multiply(hsq1.tot_delete_values, hsq2.tot_delete_values))
FloatingPointError: invalid value encountered in sqrt


Computing rg for phenotype 36/68
Reading summary statistics from ../output_sumstats/output_pmid27989323_IL2_eur.sumstats.gz ...
Read summary statistics for 1217311 SNPs.
After merging with summary statistics, 1167184 SNPs remain.
1163125 SNPs with valid alleles.

Heritability of phenotype 36/68
-------------------------------
Total Observed scale h2: -0.081 (0.1302)
Lambda GC: 1.0165
Mean Chi^2: 1.0072
Intercept: 1.0128 (0.0071)
Ratio: 1.7768 (0.9884)

Genetic Covariance
------------------
Total Observed scale gencov: 0.0154 (0.0602)
Mean z1*z2: 0.196
Intercept: 0.1941 (0.0048)

Genetic Correlation
-------------------
Genetic Correlation: nan (nan) (h2  out of bounds) 
Z-score: nan (nan) (h2  out of bounds)
P: nan (nan) (h2  out of bounds)
WARNING: One of the h2's was out of bounds.
This usually indicates a data-munging error or that h2 or N is low.

Computing rg for phenotype 37/68
Reading summary statistics from ../output_sumstats/output_pmid27989323_IL2ra_eur.sumstats.gz ...
Read summary statistics for 1217311 SNPs.
After merging with summary statistics, 1167184 SNPs remain.
1163670 SNPs with valid alleles.

Heritability of phenotype 37/68
-------------------------------
Total Observed scale h2: 0.0606 (0.1191)
Lambda GC: 1.0105
Mean Chi^2: 1.0078
Intercept: 1.0035 (0.0067)
Ratio: 0.4434 (0.8572)

Genetic Covariance
------------------
Total Observed scale gencov: 0.0497 (0.0644)
Mean z1*z2: 0.1485
Intercept: 0.143 (0.0052)

Genetic Correlation
-------------------
Genetic Correlation: 0.4884 (0.6872)
Z-score: 0.7107
P: 0.4773

Computing rg for phenotype 38/68
Reading summary statistics from ../output_sumstats/output_pmid27989323_IL4_eur.sumstats.gz ...
Read summary statistics for 1217311 SNPs.
After merging with summary statistics, 1167184 SNPs remain.
1164273 SNPs with valid alleles.

Heritability of phenotype 38/68
-------------------------------
Total Observed scale h2: -0.0383 (0.06)
Lambda GC: 1.0016
Mean Chi^2: 1.0036
Intercept: 1.0098 (0.008)
Ratio: 2.6928 (2.1828)

Genetic Covariance
------------------
Total Observed scale gencov: 0.0308 (0.0451)
Mean z1*z2: 0.2748
Intercept: 0.2696 (0.0055)

Genetic Correlation
-------------------
Genetic Correlation: nan (nan) (h2  out of bounds) 
Z-score: nan (nan) (h2  out of bounds)
P: nan (nan) (h2  out of bounds)
WARNING: One of the h2's was out of bounds.
This usually indicates a data-munging error or that h2 or N is low.

Computing rg for phenotype 39/68
Reading summary statistics from ../output_sumstats/output_pmid27989323_IL5_eur.sumstats.gz ...
Read summary statistics for 1217311 SNPs.
After merging with summary statistics, 1167184 SNPs remain.
1161779 SNPs with valid alleles.

Heritability of phenotype 39/68
-------------------------------
Total Observed scale h2: -0.1246 (0.1366)
Lambda GC: 1.0075
Mean Chi^2: 1.0039
Intercept: 1.0122 (0.0074)
Ratio: 3.1294 (1.8968)

Genetic Covariance
------------------
Total Observed scale gencov: 0.1043 (0.0695)
Mean z1*z2: 0.1673
Intercept: 0.1561 (0.0057)

Genetic Correlation
-------------------
Genetic Correlation: nan (nan) (h2  out of bounds) 
Z-score: nan (nan) (h2  out of bounds)
P: nan (nan) (h2  out of bounds)
WARNING: One of the h2's was out of bounds.
This usually indicates a data-munging error or that h2 or N is low.

Computing rg for phenotype 40/68
Reading summary statistics from ../output_sumstats/output_pmid27989323_IL6_eur.sumstats.gz ...
Read summary statistics for 1217311 SNPs.
After merging with summary statistics, 1167184 SNPs remain.
1164560 SNPs with valid alleles.

Heritability of phenotype 40/68
-------------------------------
Total Observed scale h2: -0.0008 (0.0564)
Lambda GC: 1.0105
Mean Chi^2: 1.0077
Intercept: 1.0078 (0.007)
Ratio: 1.0174 (0.9101)

Genetic Covariance
------------------
Total Observed scale gencov: 0.0475 (0.0445)
Mean z1*z2: 0.341
Intercept: 0.3331 (0.0055)

Genetic Correlation
-------------------
Genetic Correlation: nan (nan) (h2  out of bounds) 
Z-score: nan (nan) (h2  out of bounds)
P: nan (nan) (h2  out of bounds)
WARNING: One of the h2's was out of bounds.
This usually indicates a data-munging error or that h2 or N is low.

Computing rg for phenotype 41/68
Reading summary statistics from ../output_sumstats/output_pmid27989323_IL7_eur.sumstats.gz ...
Read summary statistics for 1217311 SNPs.
After merging with summary statistics, 1167184 SNPs remain.
1164126 SNPs with valid alleles.

Heritability of phenotype 41/68
-------------------------------
Total Observed scale h2: -0.0434 (0.1566)
Lambda GC: 1.0046
Mean Chi^2: 1.0104
Intercept: 1.0134 (0.0088)
Ratio: 1.282 (0.8493)

Genetic Covariance
------------------
Total Observed scale gencov: 0.0266 (0.0649)
Mean z1*z2: 0.1784
Intercept: 0.1755 (0.0055)

Genetic Correlation
-------------------
Genetic Correlation: nan (nan) (h2  out of bounds) 
Z-score: nan (nan) (h2  out of bounds)
P: nan (nan) (h2  out of bounds)
WARNING: One of the h2's was out of bounds.
This usually indicates a data-munging error or that h2 or N is low.

Computing rg for phenotype 42/68
Reading summary statistics from ../output_sumstats/output_pmid27989323_IL8_eur.sumstats.gz ...
Read summary statistics for 1217311 SNPs.
After merging with summary statistics, 1167184 SNPs remain.
1162751 SNPs with valid alleles.

Heritability of phenotype 42/68
-------------------------------
Total Observed scale h2: -0.0307 (0.1267)
Lambda GC: 1.0016
Mean Chi^2: 1.0057
Intercept: 1.0079 (0.0067)
Ratio: 1.374 (1.174)

Genetic Covariance
------------------
Total Observed scale gencov: 0.0664 (0.0614)
Mean z1*z2: 0.2223
Intercept: 0.2151 (0.0052)

Genetic Correlation
-------------------
Genetic Correlation: nan (nan) (h2  out of bounds) 
Z-score: nan (nan) (h2  out of bounds)
P: nan (nan) (h2  out of bounds)
WARNING: One of the h2's was out of bounds.
This usually indicates a data-munging error or that h2 or N is low.

Computing rg for phenotype 43/68
Reading summary statistics from ../output_sumstats/output_pmid27989323_IL9_eur.sumstats.gz ...
Read summary statistics for 1217311 SNPs.
After merging with summary statistics, 1167184 SNPs remain.
1163616 SNPs with valid alleles.

Heritability of phenotype 43/68
-------------------------------
Total Observed scale h2: -0.1746 (0.1251)
Lambda GC: 1.0135
Mean Chi^2: 1.001
Intercept: 1.0136 (0.007)
Ratio: 13.4771 (6.958)

Genetic Covariance
------------------
Total Observed scale gencov: -0.0666 (0.0591)
Mean z1*z2: 0.183
Intercept: 0.1902 (0.0051)

Genetic Correlation
-------------------
Genetic Correlation: nan (nan) (h2  out of bounds) 
Z-score: nan (nan) (h2  out of bounds)
P: nan (nan) (h2  out of bounds)
WARNING: One of the h2's was out of bounds.
This usually indicates a data-munging error or that h2 or N is low.

Computing rg for phenotype 44/68
Reading summary statistics from ../output_sumstats/output_pmid27989323_MCP3_eur.sumstats.gz ...
Read summary statistics for 1217311 SNPs.
After merging with summary statistics, 1167184 SNPs remain.
1125894 SNPs with valid alleles.

Heritability of phenotype 44/68
-------------------------------
Total Observed scale h2: -0.8443 (0.5702)
Lambda GC: 0.9986
Mean Chi^2: 0.9991
Intercept: 1.0135 (0.0078)
Ratio: NA (mean chi^2 < 1)

Genetic Covariance
------------------
Total Observed scale gencov: -0.0888 (0.133)
Mean z1*z2: 0.0704
Intercept: 0.0751 (0.0058)

Genetic Correlation
-------------------
Genetic Correlation: nan (nan) (h2  out of bounds) 
Z-score: nan (nan) (h2  out of bounds)
P: nan (nan) (h2  out of bounds)
WARNING: One of the h2's was out of bounds.
This usually indicates a data-munging error or that h2 or N is low.

Computing rg for phenotype 45/68
Reading summary statistics from ../output_sumstats/output_pmid27989323_MCSF_eur.sumstats.gz ...
Read summary statistics for 1217311 SNPs.
After merging with summary statistics, 1167184 SNPs remain.
1159854 SNPs with valid alleles.

Heritability of phenotype 45/68
-------------------------------
Total Observed scale h2: 0.1477 (0.5033)
Lambda GC: 0.9986
Mean Chi^2: 0.9933
Intercept: 0.9909 (0.007)
Ratio: NA (mean chi^2 < 1)

Genetic Covariance
------------------
Total Observed scale gencov: -0.0397 (0.1174)
Mean z1*z2: 0.0908
Intercept: 0.0928 (0.0044)

Genetic Correlation
-------------------
Genetic Correlation: -0.2522 (1.2881)
Z-score: -0.1958
P: 0.8448

Computing rg for phenotype 46/68
Reading summary statistics from ../output_sumstats/output_pmid27989323_MIF_eur.sumstats.gz ...
Read summary statistics for 1217311 SNPs.
After merging with summary statistics, 1167184 SNPs remain.
1163461 SNPs with valid alleles.

Heritability of phenotype 46/68
-------------------------------
Total Observed scale h2: 0.0811 (0.1372)
Lambda GC: 1.0075
Mean Chi^2: 1.011
Intercept: 1.0054 (0.007)
Ratio: 0.4879 (0.6361)

Genetic Covariance
------------------
Total Observed scale gencov: 0.0899 (0.061)
Mean z1*z2: 0.0386
Intercept: 0.0291 (0.0049)

Genetic Correlation
-------------------
Genetic Correlation: 0.7563 (0.8968)
Z-score: 0.8433
P: 0.3991

Computing rg for phenotype 47/68
Reading summary statistics from ../output_sumstats/output_pmid27989323_MIG_eur.sumstats.gz ...
Read summary statistics for 1217311 SNPs.
After merging with summary statistics, 1167184 SNPs remain.
1163467 SNPs with valid alleles.

Heritability of phenotype 47/68
-------------------------------
Total Observed scale h2: -0.1335 (0.1098)
Lambda GC: 1.0046
Mean Chi^2: 1.0045
Intercept: 1.0143 (0.0064)
Ratio: 3.1524 (1.4179)

Genetic Covariance
------------------
Total Observed scale gencov: -0.1175 (0.0599)
Mean z1*z2: 0.0909
Intercept: 0.1041 (0.005)

Genetic Correlation
-------------------
Genetic Correlation: nan (nan) (h2  out of bounds) 
Z-score: nan (nan) (h2  out of bounds)
P: nan (nan) (h2  out of bounds)
WARNING: One of the h2's was out of bounds.
This usually indicates a data-munging error or that h2 or N is low.

Computing rg for phenotype 48/68
Reading summary statistics from ../output_sumstats/output_pmid27989323_MIP1a_eur.sumstats.gz ...
Read summary statistics for 1217311 SNPs.
After merging with summary statistics, 1167184 SNPs remain.
1162831 SNPs with valid alleles.

Heritability of phenotype 48/68
-------------------------------
Total Observed scale h2: -0.1394 (0.1408)
Lambda GC: 0.9957
Mean Chi^2: 0.9991
Intercept: 1.0089 (0.0071)
Ratio: NA (mean chi^2 < 1)

Genetic Covariance
------------------
Total Observed scale gencov: 0.0295 (0.0614)
Mean z1*z2: 0.1634
Intercept: 0.1602 (0.005)

Genetic Correlation
-------------------
Genetic Correlation: nan (nan) (h2  out of bounds) 
Z-score: nan (nan) (h2  out of bounds)
P: nan (nan) (h2  out of bounds)
WARNING: One of the h2's was out of bounds.
This usually indicates a data-munging error or that h2 or N is low.

Computing rg for phenotype 49/68
Reading summary statistics from ../output_sumstats/output_pmid27989323_MIP1b_eur.sumstats.gz ...
Read summary statistics for 1217311 SNPs.
After merging with summary statistics, 1167184 SNPs remain.
1164484 SNPs with valid alleles.
ERROR computing rg for phenotype 49/68, from file ../output_sumstats/output_pmid27989323_MIP1b_eur.sumstats.gz.
Traceback (most recent call last):
  File "/Users/as/Documents/UNI/Bioinformatik/2023:24_WS/GoBi_Lokal/BlockTeil_Metabolomics/ldsc/ldscore/sumstats.py", line 410, in estimate_rg
    rghat = _rg(loop, args, log, M_annot, ref_ld_cnames, w_ld_cname, i)
  File "/Users/as/Documents/UNI/Bioinformatik/2023:24_WS/GoBi_Lokal/BlockTeil_Metabolomics/ldsc/ldscore/sumstats.py", line 539, in _rg
    intercept_gencov=intercepts[2], n_blocks=n_blocks, twostep=args.two_step)
  File "/Users/as/Documents/UNI/Bioinformatik/2023:24_WS/GoBi_Lokal/BlockTeil_Metabolomics/ldsc/ldscore/regressions.py", line 705, in __init__
    np.multiply(hsq1.tot_delete_values, hsq2.tot_delete_values))
FloatingPointError: invalid value encountered in sqrt


Computing rg for phenotype 50/68
Reading summary statistics from ../output_sumstats/output_pmid27989323_PDGFbb_eur.sumstats.gz ...
Read summary statistics for 1217311 SNPs.
After merging with summary statistics, 1167184 SNPs remain.
1164541 SNPs with valid alleles.

Heritability of phenotype 50/68
-------------------------------
Total Observed scale h2: -0.006 (0.0628)
Lambda GC: 1.0225
Mean Chi^2: 1.021
Intercept: 1.022 (0.0086)
Ratio: 1.0468 (0.4122)

Genetic Covariance
------------------
Total Observed scale gencov: 0.0267 (0.0456)
Mean z1*z2: 0.1542
Intercept: 0.1497 (0.0058)

Genetic Correlation
-------------------
Genetic Correlation: nan (nan) (h2  out of bounds) 
Z-score: nan (nan) (h2  out of bounds)
P: nan (nan) (h2  out of bounds)
WARNING: One of the h2's was out of bounds.
This usually indicates a data-munging error or that h2 or N is low.

Computing rg for phenotype 51/68
Reading summary statistics from ../output_sumstats/output_pmid27989323_RANTES_eur.sumstats.gz ...
Read summary statistics for 1217311 SNPs.
After merging with summary statistics, 1167184 SNPs remain.
1163129 SNPs with valid alleles.

Heritability of phenotype 51/68
-------------------------------
Total Observed scale h2: 0.1233 (0.1266)
Lambda GC: 1.0016
Mean Chi^2: 1.008
Intercept: 0.9996 (0.0067)
Ratio < 0 (usually indicates GC correction).

Genetic Covariance
------------------
Total Observed scale gencov: -0.0115 (0.0662)
Mean z1*z2: 0.0655
Intercept: 0.0665 (0.0058)

Genetic Correlation
-------------------
Genetic Correlation: -0.0791 (0.4815)
Z-score: -0.1644
P: 0.8694

Computing rg for phenotype 52/68
Reading summary statistics from ../output_sumstats/output_pmid27989323_SCF_eur.sumstats.gz ...
Read summary statistics for 1217311 SNPs.
After merging with summary statistics, 1167184 SNPs remain.
1164338 SNPs with valid alleles.

Heritability of phenotype 52/68
-------------------------------
Total Observed scale h2: -0.0563 (0.0557)
Lambda GC: 1.0046
Mean Chi^2: 1.0096
Intercept: 1.0188 (0.0071)
Ratio: 1.9665 (0.7471)

Genetic Covariance
------------------
Total Observed scale gencov: -0.0136 (0.0371)
Mean z1*z2: 0.2664
Intercept: 0.2687 (0.0048)

Genetic Correlation
-------------------
Genetic Correlation: nan (nan) (h2  out of bounds) 
Z-score: nan (nan) (h2  out of bounds)
P: nan (nan) (h2  out of bounds)
WARNING: One of the h2's was out of bounds.
This usually indicates a data-munging error or that h2 or N is low.

Computing rg for phenotype 53/68
Reading summary statistics from ../output_sumstats/output_pmid27989323_SCGFb_eur.sumstats.gz ...
Read summary statistics for 1217311 SNPs.
After merging with summary statistics, 1167184 SNPs remain.
518169 SNPs with valid alleles.

Heritability of phenotype 53/68
-------------------------------
Total Observed scale h2: 0.095 (0.1786)
Lambda GC: 1.0165
Mean Chi^2: 1.0188
Intercept: 1.0116 (0.01)
Ratio: 0.6168 (0.5312)

Genetic Covariance
------------------
Total Observed scale gencov: 0.0372 (0.0919)
Mean z1*z2: 0.1094
Intercept: 0.1055 (0.0075)

Genetic Correlation
-------------------
Genetic Correlation: 0.2136 (0.5282)
Z-score: 0.4043
P: 0.686

Computing rg for phenotype 54/68
Reading summary statistics from ../output_sumstats/output_pmid27989323_SDF1_eur.sumstats.gz ...
Read summary statistics for 1217311 SNPs.
After merging with summary statistics, 1167184 SNPs remain.
1163976 SNPs with valid alleles.

Heritability of phenotype 54/68
-------------------------------
Total Observed scale h2: -0.0092 (0.0754)
Lambda GC: 0.9898
Mean Chi^2: 0.9974
Intercept: 0.9985 (0.0071)
Ratio: NA (mean chi^2 < 1)

Genetic Covariance
------------------
Total Observed scale gencov: 0.0385 (0.0469)
Mean z1*z2: 0.2047
Intercept: 0.1994 (0.0054)

Genetic Correlation
-------------------
Genetic Correlation: nan (nan) (h2  out of bounds) 
Z-score: nan (nan) (h2  out of bounds)
P: nan (nan) (h2  out of bounds)
WARNING: One of the h2's was out of bounds.
This usually indicates a data-munging error or that h2 or N is low.

Computing rg for phenotype 55/68
Reading summary statistics from ../output_sumstats/output_pmid27989323_TNFa_eur.sumstats.gz ...
Read summary statistics for 1217311 SNPs.
After merging with summary statistics, 1167184 SNPs remain.
1162921 SNPs with valid alleles.

Heritability of phenotype 55/68
-------------------------------
Total Observed scale h2: -0.0521 (0.1341)
Lambda GC: 0.9868
Mean Chi^2: 0.9939
Intercept: 0.9975 (0.007)
Ratio: NA (mean chi^2 < 1)

Genetic Covariance
------------------
Total Observed scale gencov: 0.0448 (0.0662)
Mean z1*z2: 0.203
Intercept: 0.1982 (0.0055)

Genetic Correlation
-------------------
Genetic Correlation: nan (nan) (h2  out of bounds) 
Z-score: nan (nan) (h2  out of bounds)
P: nan (nan) (h2  out of bounds)
WARNING: One of the h2's was out of bounds.
This usually indicates a data-munging error or that h2 or N is low.

Computing rg for phenotype 56/68
Reading summary statistics from ../output_sumstats/output_pmid27989323_TNFb_eur.sumstats.gz ...
Read summary statistics for 1217311 SNPs.
After merging with summary statistics, 1167184 SNPs remain.
1048216 SNPs with valid alleles.

Heritability of phenotype 56/68
-------------------------------
Total Observed scale h2: -0.4503 (0.3088)
Lambda GC: 1.0075
Mean Chi^2: 0.9957
Intercept: 1.0103 (0.0075)
Ratio: NA (mean chi^2 < 1)

Genetic Covariance
------------------
Total Observed scale gencov: -0.0774 (0.0901)
Mean z1*z2: 0.0344
Intercept: 0.04 (0.006)

Genetic Correlation
-------------------
Genetic Correlation: nan (nan) (h2  out of bounds) 
Z-score: nan (nan) (h2  out of bounds)
P: nan (nan) (h2  out of bounds)
WARNING: One of the h2's was out of bounds.
This usually indicates a data-munging error or that h2 or N is low.

Computing rg for phenotype 57/68
Reading summary statistics from ../output_sumstats/output_pmid27989323_TRAIL_eur.sumstats.gz ...
Read summary statistics for 1217311 SNPs.
After merging with summary statistics, 1167184 SNPs remain.
1164405 SNPs with valid alleles.

Heritability of phenotype 57/68
-------------------------------
Total Observed scale h2: -0.0194 (0.0547)
Lambda GC: 1.0195
Mean Chi^2: 1.0176
Intercept: 1.0208 (0.0117)
Ratio: 1.1789 (0.6618)

Genetic Covariance
------------------
Total Observed scale gencov: 0.0206 (0.0405)
Mean z1*z2: 0.2228
Intercept: 0.2195 (0.005)

Genetic Correlation
-------------------
Genetic Correlation: nan (nan) (h2  out of bounds) 
Z-score: nan (nan) (h2  out of bounds)
P: nan (nan) (h2  out of bounds)
WARNING: One of the h2's was out of bounds.
This usually indicates a data-munging error or that h2 or N is low.

Computing rg for phenotype 58/68
Reading summary statistics from ../output_sumstats/output_pmid27989323_bNGF_eur.sumstats.gz ...
Read summary statistics for 1217311 SNPs.
After merging with summary statistics, 1167184 SNPs remain.
1163075 SNPs with valid alleles.

Heritability of phenotype 58/68
-------------------------------
Total Observed scale h2: 0.258 (0.1383)
Lambda GC: 1.0165
Mean Chi^2: 1.0128
Intercept: 0.9946 (0.0077)
Ratio < 0 (usually indicates GC correction).

Genetic Covariance
------------------
Total Observed scale gencov: 0.0423 (0.0703)
Mean z1*z2: 0.1166
Intercept: 0.1121 (0.0052)

Genetic Correlation
-------------------
Genetic Correlation: 0.2005 (0.3312)
Z-score: 0.6056
P: 0.5448

Computing rg for phenotype 59/68
Reading summary statistics from ../output_sumstats/output_pmid27989323_eotaxin_eur.sumstats.gz ...
Read summary statistics for 1217311 SNPs.
After merging with summary statistics, 1167184 SNPs remain.
1164380 SNPs with valid alleles.

Heritability of phenotype 59/68
-------------------------------
Total Observed scale h2: 0.1077 (0.0667)
Lambda GC: 1.0135
Mean Chi^2: 1.0256
Intercept: 1.0082 (0.0076)
Ratio: 0.3189 (0.2974)

Genetic Covariance
------------------
Total Observed scale gencov: 0.0909 (0.0432)
Mean z1*z2: 0.4029
Intercept: 0.388 (0.0048)

Genetic Correlation
-------------------
Genetic Correlation: 0.6702 (0.262)
Z-score: 2.5581
P: 0.0105

Computing rg for phenotype 60/68
Reading summary statistics from ../output_sumstats/output_pmid27989323_ip10_eur.sumstats.gz ...
Read summary statistics for 1217311 SNPs.
After merging with summary statistics, 1167184 SNPs remain.
1163483 SNPs with valid alleles.

Heritability of phenotype 60/68
-------------------------------
Total Observed scale h2: 0.1307 (0.1223)
Lambda GC: 1.0225
Mean Chi^2: 1.0178
Intercept: 1.0083 (0.0072)
Ratio: 0.4646 (0.4049)

Genetic Covariance
------------------
Total Observed scale gencov: 0.0069 (0.0596)
Mean z1*z2: 0.1232
Intercept: 0.1226 (0.0047)

Genetic Correlation
-------------------
Genetic Correlation: 0.0458 (0.3999)
Z-score: 0.1145
P: 0.9088

Computing rg for phenotype 61/68
Reading summary statistics from ../output_sumstats/output_pmid29566793_ALS_eur.sumstats.gz ...
Read summary statistics for 1217311 SNPs.
After merging with summary statistics, 1167184 SNPs remain.
1161315 SNPs with valid alleles.

Heritability of phenotype 61/68
-------------------------------
Total Observed scale h2: 0.032 (0.0072)
Lambda GC: 1.0496
Mean Chi^2: 1.0739
Intercept: 1.0221 (0.0072)
Ratio: 0.2987 (0.0967)

Genetic Covariance
------------------
Total Observed scale gencov: 0.001 (0.0124)
Mean z1*z2: 0.0006
Intercept: -0.0003 (0.0046)

Genetic Correlation
-------------------
Genetic Correlation: 0.0131 (0.1689)
Z-score: 0.0775
P: 0.9382

Computing rg for phenotype 62/68
Reading summary statistics from ../output_sumstats/output_pmid29632382_T2d-BMIadj_eur.sumstats.gz ...
Read summary statistics for 1217311 SNPs.
After merging with summary statistics, 1167184 SNPs remain.
25917 SNPs with valid alleles.
WARNING: number of SNPs less than 200k; this is almost always bad.

Heritability of phenotype 62/68
-------------------------------
Total Observed scale h2: 0.1012 (0.0273)
Lambda GC: 1.2136
Mean Chi^2: 1.7918
Intercept: 1.0122 (0.0821)
Ratio: 0.0154 (0.1037)

Genetic Covariance
------------------
Total Observed scale gencov: 0.0124 (0.022)
Mean z1*z2: 0.0063
Intercept: 0.0004 (0.02)

Genetic Correlation
-------------------
Genetic Correlation: 0.0594 (0.1088)
Z-score: 0.5459
P: 0.5851

Computing rg for phenotype 63/68
Reading summary statistics from ../output_sumstats/output_pmid30054458_T2d_eur.sumstats.gz ...
Read summary statistics for 1217311 SNPs.
After merging with summary statistics, 1167184 SNPs remain.
997859 SNPs with valid alleles.

Heritability of phenotype 63/68
-------------------------------
Total Observed scale h2: 0.0458 (0.003)
Lambda GC: 1.4602
Mean Chi^2: 1.6891
Intercept: 1.0536 (0.0189)
Ratio: 0.0778 (0.0275)

Genetic Covariance
------------------
Total Observed scale gencov: 0.0053 (0.007)
Mean z1*z2: 0.0138
Intercept: 0.0048 (0.0072)

Genetic Correlation
-------------------
Genetic Correlation: 0.0665 (0.1061)
Z-score: 0.6268
P: 0.5308

Computing rg for phenotype 64/68
Reading summary statistics from ../output_sumstats/output_pmid33111402_PD_eur.sumstats.gz ...
Read summary statistics for 1217311 SNPs.
After merging with summary statistics, 1167184 SNPs remain.
9904 SNPs with valid alleles.
WARNING: number of SNPs less than 200k; this is almost always bad.

Heritability of phenotype 64/68
-------------------------------
Total Observed scale h2: -2.6463 (1.1307)
Lambda GC: 0.9576
Mean Chi^2: 0.9494
Intercept: 1.0864 (0.0594)
Ratio: NA (mean chi^2 < 1)

Genetic Covariance
------------------
Total Observed scale gencov: 0.8454 (0.4076)
Mean z1*z2: 0.0449
Intercept: -0.0309 (0.0355)

Genetic Correlation
-------------------
Genetic Correlation: nan (nan) (h2  out of bounds) 
Z-score: nan (nan) (h2  out of bounds)
P: nan (nan) (h2  out of bounds)
WARNING: One of the h2's was out of bounds.
This usually indicates a data-munging error or that h2 or N is low.

Computing rg for phenotype 65/68
Reading summary statistics from ../output_sumstats/output_pmid33310728_RA_eur.sumstats.gz ...
Read summary statistics for 1217311 SNPs.
After merging with summary statistics, 1167184 SNPs remain.
1157712 SNPs with valid alleles.

Heritability of phenotype 65/68
-------------------------------
Total Observed scale h2: 0.0367 (0.0042)
Lambda GC: 1.0741
Mean Chi^2: 1.1998
Intercept: 0.9739 (0.0121)
Ratio < 0 (usually indicates GC correction).

Genetic Covariance
------------------
Total Observed scale gencov: 0.0056 (0.0071)
Mean z1*z2: 0.0052
Intercept: -0.0003 (0.0048)

Genetic Correlation
-------------------
Genetic Correlation: 0.0715 (0.0952)
Z-score: 0.7513
P: 0.4524

Computing rg for phenotype 66/68
Reading summary statistics from ../output_sumstats/output_pmid33589841_LBD_eur.sumstats.gz ...
Read summary statistics for 1217311 SNPs.
After merging with summary statistics, 1167184 SNPs remain.
1060429 SNPs with valid alleles.

Heritability of phenotype 66/68
-------------------------------
Total Observed scale h2: 0.1699 (0.0806)
Lambda GC: 1.0225
Mean Chi^2: 1.0249
Intercept: 1.0024 (0.0085)
Ratio: 0.0951 (0.3424)

Genetic Covariance
------------------
Total Observed scale gencov: -0.0367 (0.0462)
Mean z1*z2: -0.0053
Intercept: -5.1835e-05 (0.0049)

Genetic Correlation
-------------------
Genetic Correlation: -0.2135 (0.2865)
Z-score: -0.745
P: 0.4563

Computing rg for phenotype 67/68
Reading summary statistics from ../output_sumstats/output_pmid33987465_PD_eur.sumstats.gz ...
Read summary statistics for 1217311 SNPs.
After merging with summary statistics, 1167184 SNPs remain.
1164515 SNPs with valid alleles.

Heritability of phenotype 67/68
-------------------------------
Total Observed scale h2: 0.4061 (0.148)
Lambda GC: 1.0016
Mean Chi^2: 1.0048
Intercept: 0.9821 (0.0063)
Ratio < 0 (usually indicates GC correction).

Genetic Covariance
------------------
Total Observed scale gencov: 0.025 (0.0648)
Mean z1*z2: -0.0009
Intercept: -0.0035 (0.0042)

Genetic Correlation
-------------------
Genetic Correlation: 0.0945 (0.2461)
Z-score: 0.384
P: 0.701

Computing rg for phenotype 68/68
Reading summary statistics from ../output_sumstats/output_pmid34737426_APH_eur.sumstats.gz ...
Read summary statistics for 1217311 SNPs.
After merging with summary statistics, 1167184 SNPs remain.
1141365 SNPs with valid alleles.

Heritability of phenotype 68/68
-------------------------------
Total Observed scale h2: -4.6509e-05 (0.0009)
Lambda GC: 0.9957
Mean Chi^2: 0.985
Intercept: 0.9855 (0.0061)
Ratio: NA (mean chi^2 < 1)

Genetic Covariance
------------------
Total Observed scale gencov: -0.0004 (0.0049)
Mean z1*z2: 0.0004
Intercept: 0.0006 (0.0044)

Genetic Correlation
-------------------
Genetic Correlation: nan (nan) (h2  out of bounds) 
Z-score: nan (nan) (h2  out of bounds)
P: nan (nan) (h2  out of bounds)
WARNING: One of the h2's was out of bounds.
This usually indicates a data-munging error or that h2 or N is low.


Summary of Genetic Correlation Results
                                                          p1                                                                      p2       rg        se          z        p     h2_obs  h2_obs_se  h2_int h2_int_se   gcov_int gcov_int_se
 ../output_sumstats/output_pmid27989323_MCP1_eur.sumstats.gz             ../output_sumstats/output_pmid27989323_MCP1_eur.sumstats.gz        1  2.04e-06  4.902e+05        0     0.1716    0.08261  0.9945  0.007936     0.9945    0.007936
 ../output_sumstats/output_pmid27989323_MCP1_eur.sumstats.gz               ../output_sumstats/output_pmid21833088_MS_eur.sumstats.gz  -0.2052    0.2828    -0.7257    0.468    0.05839    0.02808   1.058   0.00898   0.002281     0.00589
 ../output_sumstats/output_pmid27989323_MCP1_eur.sumstats.gz               ../output_sumstats/output_pmid24076602_MS_eur.sumstats.gz -0.07779    0.1049    -0.7419   0.4582      1.603     0.2421   1.004   0.08324    0.00854     0.01842
 ../output_sumstats/output_pmid27989323_MCP1_eur.sumstats.gz  ../output_sumstats/output_pmid24816252_acetylcarnitine_eur.sumstats.gz       NA        NA         NA       NA    -0.2355    0.08294    1.02   0.00754  -0.004174    0.004548
 ../output_sumstats/output_pmid27989323_MCP1_eur.sumstats.gz          ../output_sumstats/output_pmid24816252_alanine_eur.sumstats.gz -0.02831    0.1521    -0.1861   0.8524     0.5265    0.07047   1.012  0.007135  -0.001231    0.004913
 ../output_sumstats/output_pmid27989323_MCP1_eur.sumstats.gz         ../output_sumstats/output_pmid24816252_arginine_eur.sumstats.gz       NA        NA         NA       NA  -0.005806    0.06396   1.037  0.007248  0.0001744    0.004103
 ../output_sumstats/output_pmid27989323_MCP1_eur.sumstats.gz       ../output_sumstats/output_pmid24816252_asparagine_eur.sumstats.gz   -0.159    0.1584     -1.004   0.3156     0.4998    0.06668   1.019   0.00725   0.005691    0.004883
 ../output_sumstats/output_pmid27989323_MCP1_eur.sumstats.gz      ../output_sumstats/output_pmid24816252_cholesterol_eur.sumstats.gz   0.1938    0.3252     0.5961   0.5511     0.1317     0.0675   1.044   0.00655  -0.003083    0.004716
 ../output_sumstats/output_pmid27989323_MCP1_eur.sumstats.gz          ../output_sumstats/output_pmid24816252_citrate_eur.sumstats.gz   0.1398    0.1677     0.8336   0.4045     0.4495    0.07986   1.059  0.008232   0.002666    0.004985
 ../output_sumstats/output_pmid27989323_MCP1_eur.sumstats.gz        ../output_sumstats/output_pmid24816252_glutamate_eur.sumstats.gz   0.2409    0.2666     0.9035   0.3663     0.1621    0.05678  0.9319  0.005844  -0.003378     0.00465
 ../output_sumstats/output_pmid27989323_MCP1_eur.sumstats.gz         ../output_sumstats/output_pmid24816252_glycerol_eur.sumstats.gz       NA        NA         NA       NA    -0.1281    0.06052   1.016  0.006939 -0.0003913    0.004627
 ../output_sumstats/output_pmid27989323_MCP1_eur.sumstats.gz        ../output_sumstats/output_pmid24816252_histidine_eur.sumstats.gz -0.07965    0.1434    -0.5554   0.5786     0.4331    0.06924  0.7583  0.006142    0.00248    0.004026
 ../output_sumstats/output_pmid27989323_MCP1_eur.sumstats.gz       ../output_sumstats/output_pmid24816252_isoleucine_eur.sumstats.gz       NA        NA         NA       NA    -0.2765    0.05863  0.9995  0.006444 -0.0001646    0.004579
 ../output_sumstats/output_pmid27989323_MCP1_eur.sumstats.gz    ../output_sumstats/output_pmid24816252_phenylalanine_eur.sumstats.gz -0.08389     0.168    -0.4994   0.6175     0.3305    0.04359  0.7773  0.005098  0.0005881    0.004037
 ../output_sumstats/output_pmid27989323_MCP1_eur.sumstats.gz          ../output_sumstats/output_pmid24816252_proline_eur.sumstats.gz  -0.1363    0.1941    -0.7023   0.4825     0.3726    0.08943   1.038   0.01256   0.003247    0.004811
 ../output_sumstats/output_pmid27989323_MCP1_eur.sumstats.gz         ../output_sumstats/output_pmid24816252_pyruvate_eur.sumstats.gz   -0.122    0.2575    -0.4738   0.6356     0.1525     0.0557  0.9987  0.005925   0.002011    0.004446
 ../output_sumstats/output_pmid27989323_MCP1_eur.sumstats.gz        ../output_sumstats/output_pmid24816252_threonine_eur.sumstats.gz  -0.7421    0.9294    -0.7985   0.4246    0.04723    0.08299    1.01   0.00668   1.09e-05     0.00439
 ../output_sumstats/output_pmid27989323_MCP1_eur.sumstats.gz       ../output_sumstats/output_pmid24816252_tryptophan_eur.sumstats.gz  -0.1394    0.1301     -1.072   0.2839     0.9266    0.07433   1.048  0.007925  -0.003947    0.005011
 ../output_sumstats/output_pmid27989323_MCP1_eur.sumstats.gz         ../output_sumstats/output_pmid24816252_tyrosine_eur.sumstats.gz  -0.2764    0.2495     -1.108   0.2679     0.1648    0.07104   1.033  0.007177    0.00529    0.004352
 ../output_sumstats/output_pmid27989323_MCP1_eur.sumstats.gz             ../output_sumstats/output_pmid24816252_urea_eur.sumstats.gz       NA        NA         NA       NA   -0.07936    0.05326   1.013  0.006375  -4.31e-05    0.005043
 ../output_sumstats/output_pmid27989323_MCP1_eur.sumstats.gz               ../output_sumstats/output_pmid27386562_MS_eur.sumstats.gz -0.06034    0.1852    -0.3258   0.7446     0.2416    0.04719   1.067  0.008845    0.00266    0.005635
 ../output_sumstats/output_pmid27989323_MCP1_eur.sumstats.gz              ../output_sumstats/output_pmid27455348_ALS_eur.sumstats.gz  -0.1831     0.214    -0.8558   0.3921    0.04838    0.01272  0.9972  0.006275   0.003188    0.004832
 ../output_sumstats/output_pmid27989323_MCP1_eur.sumstats.gz            ../output_sumstats/output_pmid27989323_CTACK_eur.sumstats.gz       NA        NA         NA       NA  -0.007902     0.1162   1.004  0.006972    0.04362    0.005471
 ../output_sumstats/output_pmid27989323_MCP1_eur.sumstats.gz             ../output_sumstats/output_pmid27989323_GCSF_eur.sumstats.gz    1.107     1.625     0.6809    0.496    0.02308    0.06127   1.007  0.007901     0.2193    0.005214
 ../output_sumstats/output_pmid27989323_MCP1_eur.sumstats.gz             ../output_sumstats/output_pmid27989323_GROa_eur.sumstats.gz       NA        NA         NA       NA      -45.3      20.77   1.381     0.479     0.8298      0.3814
 ../output_sumstats/output_pmid27989323_MCP1_eur.sumstats.gz              ../output_sumstats/output_pmid27989323_HGF_eur.sumstats.gz       NA        NA         NA       NA   -0.03056    0.05848   1.011  0.008103     0.3018    0.005374
 ../output_sumstats/output_pmid27989323_MCP1_eur.sumstats.gz             ../output_sumstats/output_pmid27989323_IFNg_eur.sumstats.gz       NA        NA         NA       NA         NA         NA      NA        NA         NA          NA
 ../output_sumstats/output_pmid27989323_MCP1_eur.sumstats.gz             ../output_sumstats/output_pmid27989323_IL10_eur.sumstats.gz       NA        NA         NA       NA  -0.008901    0.07949   1.018   0.01227     0.3008    0.005398
 ../output_sumstats/output_pmid27989323_MCP1_eur.sumstats.gz          ../output_sumstats/output_pmid27989323_IL12p70_eur.sumstats.gz       NA        NA         NA       NA   -0.02206    0.09011   1.034   0.01942     0.2667    0.005328
 ../output_sumstats/output_pmid27989323_MCP1_eur.sumstats.gz             ../output_sumstats/output_pmid27989323_IL13_eur.sumstats.gz       NA        NA         NA       NA    -0.1663     0.1625   1.017   0.01243      0.181    0.005428
 ../output_sumstats/output_pmid27989323_MCP1_eur.sumstats.gz             ../output_sumstats/output_pmid27989323_IL16_eur.sumstats.gz       NA        NA         NA       NA   -0.08116     0.1281  0.9959  0.007308    0.06751    0.005027
 ../output_sumstats/output_pmid27989323_MCP1_eur.sumstats.gz             ../output_sumstats/output_pmid27989323_IL17_eur.sumstats.gz       NA        NA         NA       NA     -3.083      1.349    1.46    0.1331      0.227      0.0679
 ../output_sumstats/output_pmid27989323_MCP1_eur.sumstats.gz             ../output_sumstats/output_pmid27989323_IL18_eur.sumstats.gz       NA        NA         NA       NA         NA         NA      NA        NA         NA          NA
 ../output_sumstats/output_pmid27989323_MCP1_eur.sumstats.gz            ../output_sumstats/output_pmid27989323_IL1ra_eur.sumstats.gz       NA        NA         NA       NA         NA         NA      NA        NA         NA          NA
 ../output_sumstats/output_pmid27989323_MCP1_eur.sumstats.gz              ../output_sumstats/output_pmid27989323_IL2_eur.sumstats.gz       NA        NA         NA       NA   -0.08096     0.1302   1.013  0.007106     0.1941    0.004817
 ../output_sumstats/output_pmid27989323_MCP1_eur.sumstats.gz            ../output_sumstats/output_pmid27989323_IL2ra_eur.sumstats.gz   0.4884    0.6872     0.7107   0.4773    0.06062     0.1191   1.003  0.006703      0.143    0.005164
 ../output_sumstats/output_pmid27989323_MCP1_eur.sumstats.gz              ../output_sumstats/output_pmid27989323_IL4_eur.sumstats.gz       NA        NA         NA       NA   -0.03834    0.05997    1.01  0.007961     0.2696    0.005536
 ../output_sumstats/output_pmid27989323_MCP1_eur.sumstats.gz              ../output_sumstats/output_pmid27989323_IL5_eur.sumstats.gz       NA        NA         NA       NA    -0.1246     0.1366   1.012  0.007417     0.1561     0.00573
 ../output_sumstats/output_pmid27989323_MCP1_eur.sumstats.gz              ../output_sumstats/output_pmid27989323_IL6_eur.sumstats.gz       NA        NA         NA       NA -0.0008395     0.0564   1.008  0.006968     0.3331    0.005472
 ../output_sumstats/output_pmid27989323_MCP1_eur.sumstats.gz              ../output_sumstats/output_pmid27989323_IL7_eur.sumstats.gz       NA        NA         NA       NA    -0.0434     0.1566   1.013   0.00885     0.1755    0.005497
 ../output_sumstats/output_pmid27989323_MCP1_eur.sumstats.gz              ../output_sumstats/output_pmid27989323_IL8_eur.sumstats.gz       NA        NA         NA       NA   -0.03065     0.1267   1.008  0.006745     0.2151    0.005238
 ../output_sumstats/output_pmid27989323_MCP1_eur.sumstats.gz              ../output_sumstats/output_pmid27989323_IL9_eur.sumstats.gz       NA        NA         NA       NA    -0.1746     0.1251   1.014   0.00702     0.1902    0.005111
 ../output_sumstats/output_pmid27989323_MCP1_eur.sumstats.gz             ../output_sumstats/output_pmid27989323_MCP3_eur.sumstats.gz       NA        NA         NA       NA    -0.8443     0.5702   1.013  0.007786     0.0751    0.005771
 ../output_sumstats/output_pmid27989323_MCP1_eur.sumstats.gz             ../output_sumstats/output_pmid27989323_MCSF_eur.sumstats.gz  -0.2522     1.288    -0.1958   0.8448     0.1477     0.5033  0.9909  0.006969    0.09279    0.004368
 ../output_sumstats/output_pmid27989323_MCP1_eur.sumstats.gz              ../output_sumstats/output_pmid27989323_MIF_eur.sumstats.gz   0.7563    0.8968     0.8433   0.3991    0.08106     0.1372   1.005  0.007014    0.02909     0.00489
 ../output_sumstats/output_pmid27989323_MCP1_eur.sumstats.gz              ../output_sumstats/output_pmid27989323_MIG_eur.sumstats.gz       NA        NA         NA       NA    -0.1335     0.1098   1.014   0.00643     0.1041    0.005004
 ../output_sumstats/output_pmid27989323_MCP1_eur.sumstats.gz            ../output_sumstats/output_pmid27989323_MIP1a_eur.sumstats.gz       NA        NA         NA       NA    -0.1394     0.1408   1.009  0.007123     0.1602    0.004993
 ../output_sumstats/output_pmid27989323_MCP1_eur.sumstats.gz            ../output_sumstats/output_pmid27989323_MIP1b_eur.sumstats.gz       NA        NA         NA       NA         NA         NA      NA        NA         NA          NA
 ../output_sumstats/output_pmid27989323_MCP1_eur.sumstats.gz           ../output_sumstats/output_pmid27989323_PDGFbb_eur.sumstats.gz       NA        NA         NA       NA   -0.00597    0.06278   1.022  0.008648     0.1497    0.005785
 ../output_sumstats/output_pmid27989323_MCP1_eur.sumstats.gz           ../output_sumstats/output_pmid27989323_RANTES_eur.sumstats.gz -0.07914    0.4815    -0.1644   0.8694     0.1233     0.1266  0.9996  0.006749    0.06655    0.005777
 ../output_sumstats/output_pmid27989323_MCP1_eur.sumstats.gz              ../output_sumstats/output_pmid27989323_SCF_eur.sumstats.gz       NA        NA         NA       NA   -0.05631     0.0557   1.019  0.007149     0.2687      0.0048
 ../output_sumstats/output_pmid27989323_MCP1_eur.sumstats.gz            ../output_sumstats/output_pmid27989323_SCGFb_eur.sumstats.gz   0.2136    0.5282     0.4043    0.686      0.095     0.1786   1.012  0.009984     0.1055    0.007475
 ../output_sumstats/output_pmid27989323_MCP1_eur.sumstats.gz             ../output_sumstats/output_pmid27989323_SDF1_eur.sumstats.gz       NA        NA         NA       NA  -0.009198    0.07538  0.9985  0.007101     0.1994    0.005435
 ../output_sumstats/output_pmid27989323_MCP1_eur.sumstats.gz             ../output_sumstats/output_pmid27989323_TNFa_eur.sumstats.gz       NA        NA         NA       NA   -0.05208     0.1341  0.9975  0.006974     0.1982    0.005475
 ../output_sumstats/output_pmid27989323_MCP1_eur.sumstats.gz             ../output_sumstats/output_pmid27989323_TNFb_eur.sumstats.gz       NA        NA         NA       NA    -0.4503     0.3088    1.01  0.007528    0.04005    0.006033
 ../output_sumstats/output_pmid27989323_MCP1_eur.sumstats.gz            ../output_sumstats/output_pmid27989323_TRAIL_eur.sumstats.gz       NA        NA         NA       NA   -0.01942    0.05469   1.021   0.01166     0.2195    0.004974
 ../output_sumstats/output_pmid27989323_MCP1_eur.sumstats.gz             ../output_sumstats/output_pmid27989323_bNGF_eur.sumstats.gz   0.2005    0.3312     0.6056   0.5448      0.258     0.1383  0.9946  0.007696     0.1121    0.005177
 ../output_sumstats/output_pmid27989323_MCP1_eur.sumstats.gz          ../output_sumstats/output_pmid27989323_eotaxin_eur.sumstats.gz   0.6702     0.262      2.558  0.01052     0.1077    0.06672   1.008  0.007625      0.388    0.004786
 ../output_sumstats/output_pmid27989323_MCP1_eur.sumstats.gz             ../output_sumstats/output_pmid27989323_ip10_eur.sumstats.gz   0.0458    0.3999     0.1145   0.9088     0.1307     0.1223   1.008  0.007221     0.1226    0.004664
 ../output_sumstats/output_pmid27989323_MCP1_eur.sumstats.gz              ../output_sumstats/output_pmid29566793_ALS_eur.sumstats.gz  0.01309    0.1689    0.07747   0.9382    0.03199   0.007173   1.022   0.00715 -0.0002893    0.004565
 ../output_sumstats/output_pmid27989323_MCP1_eur.sumstats.gz       ../output_sumstats/output_pmid29632382_T2d-BMIadj_eur.sumstats.gz  0.05938    0.1088     0.5459   0.5851     0.1012    0.02727   1.012   0.08214  0.0003657     0.01995
 ../output_sumstats/output_pmid27989323_MCP1_eur.sumstats.gz              ../output_sumstats/output_pmid30054458_T2d_eur.sumstats.gz  0.06653    0.1061     0.6268   0.5308     0.0458   0.003023   1.054   0.01892   0.004795    0.007172
 ../output_sumstats/output_pmid27989323_MCP1_eur.sumstats.gz               ../output_sumstats/output_pmid33111402_PD_eur.sumstats.gz       NA        NA         NA       NA     -2.646      1.131   1.086   0.05943   -0.03093     0.03546
 ../output_sumstats/output_pmid27989323_MCP1_eur.sumstats.gz               ../output_sumstats/output_pmid33310728_RA_eur.sumstats.gz  0.07152   0.09519     0.7513   0.4524    0.03674   0.004205  0.9739   0.01206 -0.0002622    0.004802
 ../output_sumstats/output_pmid27989323_MCP1_eur.sumstats.gz              ../output_sumstats/output_pmid33589841_LBD_eur.sumstats.gz  -0.2135    0.2865     -0.745   0.4563     0.1699    0.08056   1.002  0.008528 -5.183e-05    0.004851
 ../output_sumstats/output_pmid27989323_MCP1_eur.sumstats.gz               ../output_sumstats/output_pmid33987465_PD_eur.sumstats.gz   0.0945    0.2461      0.384    0.701     0.4061      0.148  0.9821  0.006287  -0.003486    0.004235
 ../output_sumstats/output_pmid27989323_MCP1_eur.sumstats.gz              ../output_sumstats/output_pmid34737426_APH_eur.sumstats.gz       NA        NA         NA       NA -4.651e-05  0.0009444  0.9855  0.006107  0.0005655    0.004371

Analysis finished at Sat Feb 24 19:43:48 2024
Total time elapsed: 7.0m:13.79s
