*********************************************************************
* LD Score Regression (LDSC)
* Version 1.0.1
* (C) 2014-2019 Brendan Bulik-Sullivan and Hilary Finucane
* Broad Institute of MIT and Harvard / MIT Department of Mathematics
* GNU General Public License v3
*********************************************************************
Call: 
./ldsc.py \
--ref-ld-chr ../input_files/eur_w_ld_chr/ \
--out ../output_ld_regression/output_pmid27989323_HGF_eur_ldReg \
--rg ../output_sumstats/output_pmid27989323_HGF_eur.sumstats.gz,../output_sumstats/output_pmid27989323_HGF_eur.sumstats.gz,../output_sumstats/output_pmid21833088_MS_eur.sumstats.gz,../output_sumstats/output_pmid24076602_MS_eur.sumstats.gz,../output_sumstats/output_pmid24816252_acetylcarnitine_eur.sumstats.gz,../output_sumstats/output_pmid24816252_alanine_eur.sumstats.gz,../output_sumstats/output_pmid24816252_arginine_eur.sumstats.gz,../output_sumstats/output_pmid24816252_asparagine_eur.sumstats.gz,../output_sumstats/output_pmid24816252_cholesterol_eur.sumstats.gz,../output_sumstats/output_pmid24816252_citrate_eur.sumstats.gz,../output_sumstats/output_pmid24816252_glutamate_eur.sumstats.gz,../output_sumstats/output_pmid24816252_glycerol_eur.sumstats.gz,../output_sumstats/output_pmid24816252_histidine_eur.sumstats.gz,../output_sumstats/output_pmid24816252_isoleucine_eur.sumstats.gz,../output_sumstats/output_pmid24816252_phenylalanine_eur.sumstats.gz,../output_sumstats/output_pmid24816252_proline_eur.sumstats.gz,../output_sumstats/output_pmid24816252_pyruvate_eur.sumstats.gz,../output_sumstats/output_pmid24816252_threonine_eur.sumstats.gz,../output_sumstats/output_pmid24816252_tryptophan_eur.sumstats.gz,../output_sumstats/output_pmid24816252_tyrosine_eur.sumstats.gz,../output_sumstats/output_pmid24816252_urea_eur.sumstats.gz,../output_sumstats/output_pmid27386562_MS_eur.sumstats.gz,../output_sumstats/output_pmid27455348_ALS_eur.sumstats.gz,../output_sumstats/output_pmid27989323_CTACK_eur.sumstats.gz,../output_sumstats/output_pmid27989323_GCSF_eur.sumstats.gz,../output_sumstats/output_pmid27989323_GROa_eur.sumstats.gz,../output_sumstats/output_pmid27989323_IFNg_eur.sumstats.gz,../output_sumstats/output_pmid27989323_IL10_eur.sumstats.gz,../output_sumstats/output_pmid27989323_IL12p70_eur.sumstats.gz,../output_sumstats/output_pmid27989323_IL13_eur.sumstats.gz,../output_sumstats/output_pmid27989323_IL16_eur.sumstats.gz,../output_sumstats/output_pmid27989323_IL17_eur.sumstats.gz,../output_sumstats/output_pmid27989323_IL18_eur.sumstats.gz,../output_sumstats/output_pmid27989323_IL1ra_eur.sumstats.gz,../output_sumstats/output_pmid27989323_IL2_eur.sumstats.gz,../output_sumstats/output_pmid27989323_IL2ra_eur.sumstats.gz,../output_sumstats/output_pmid27989323_IL4_eur.sumstats.gz,../output_sumstats/output_pmid27989323_IL5_eur.sumstats.gz,../output_sumstats/output_pmid27989323_IL6_eur.sumstats.gz,../output_sumstats/output_pmid27989323_IL7_eur.sumstats.gz,../output_sumstats/output_pmid27989323_IL8_eur.sumstats.gz,../output_sumstats/output_pmid27989323_IL9_eur.sumstats.gz,../output_sumstats/output_pmid27989323_MCP1_eur.sumstats.gz,../output_sumstats/output_pmid27989323_MCP3_eur.sumstats.gz,../output_sumstats/output_pmid27989323_MCSF_eur.sumstats.gz,../output_sumstats/output_pmid27989323_MIF_eur.sumstats.gz,../output_sumstats/output_pmid27989323_MIG_eur.sumstats.gz,../output_sumstats/output_pmid27989323_MIP1a_eur.sumstats.gz,../output_sumstats/output_pmid27989323_MIP1b_eur.sumstats.gz,../output_sumstats/output_pmid27989323_PDGFbb_eur.sumstats.gz,../output_sumstats/output_pmid27989323_RANTES_eur.sumstats.gz,../output_sumstats/output_pmid27989323_SCF_eur.sumstats.gz,../output_sumstats/output_pmid27989323_SCGFb_eur.sumstats.gz,../output_sumstats/output_pmid27989323_SDF1_eur.sumstats.gz,../output_sumstats/output_pmid27989323_TNFa_eur.sumstats.gz,../output_sumstats/output_pmid27989323_TNFb_eur.sumstats.gz,../output_sumstats/output_pmid27989323_TRAIL_eur.sumstats.gz,../output_sumstats/output_pmid27989323_bNGF_eur.sumstats.gz,../output_sumstats/output_pmid27989323_eotaxin_eur.sumstats.gz,../output_sumstats/output_pmid27989323_ip10_eur.sumstats.gz,../output_sumstats/output_pmid29566793_ALS_eur.sumstats.gz,../output_sumstats/output_pmid29632382_T2d-BMIadj_eur.sumstats.gz,../output_sumstats/output_pmid30054458_T2d_eur.sumstats.gz,../output_sumstats/output_pmid33111402_PD_eur.sumstats.gz,../output_sumstats/output_pmid33310728_RA_eur.sumstats.gz,../output_sumstats/output_pmid33589841_LBD_eur.sumstats.gz,../output_sumstats/output_pmid33987465_PD_eur.sumstats.gz,../output_sumstats/output_pmid34737426_APH_eur.sumstats.gz \
--w-ld-chr ../input_files/eur_w_ld_chr/ 

Beginning analysis at Sat Feb 24 09:08:53 2024
Reading summary statistics from ../output_sumstats/output_pmid27989323_HGF_eur.sumstats.gz ...
Read summary statistics for 1179579 SNPs.
Reading reference panel LD Score from ../input_files/eur_w_ld_chr/[1-22] ... (ldscore_fromlist)
Read reference panel LD Scores for 1290028 SNPs.
Removing partitioned LD Scores with zero variance.
Reading regression weight LD Score from ../input_files/eur_w_ld_chr/[1-22] ... (ldscore_fromlist)
Read regression weight LD Scores for 1290028 SNPs.
After merging with reference panel LD, 1167080 SNPs remain.
After merging with regression SNP LD, 1167080 SNPs remain.
Computing rg for phenotype 2/68
Reading summary statistics from ../output_sumstats/output_pmid27989323_HGF_eur.sumstats.gz ...
Read summary statistics for 1217311 SNPs.
After merging with summary statistics, 1167080 SNPs remain.
1167080 SNPs with valid alleles.

Heritability of phenotype 1
---------------------------
Total Observed scale h2: -0.0271 (0.0585)
Lambda GC: 1.0046
Mean Chi^2: 1.0061
Intercept: 1.0106 (0.0081)
Ratio: 1.7277 (1.3215)

Heritability of phenotype 2/68
------------------------------
Total Observed scale h2: -0.0271 (0.0585)
Lambda GC: 1.0046
Mean Chi^2: 1.0061
Intercept: 1.0106 (0.0081)
Ratio: 1.7277 (1.3215)

Genetic Covariance
------------------
Total Observed scale gencov: -0.0268 (0.0585)
Mean z1*z2: 1.0061
Intercept: 1.0106 (0.0081)

Genetic Correlation
-------------------
Genetic Correlation: nan (nan) (h2  out of bounds) 
Z-score: nan (nan) (h2  out of bounds)
P: nan (nan) (h2  out of bounds)
WARNING: One of the h2's was out of bounds.
This usually indicates a data-munging error or that h2 or N is low.

Computing rg for phenotype 3/68
Reading summary statistics from ../output_sumstats/output_pmid21833088_MS_eur.sumstats.gz ...
Read summary statistics for 1217311 SNPs.
After merging with summary statistics, 1167080 SNPs remain.
449840 SNPs with valid alleles.
ERROR computing rg for phenotype 3/68, from file ../output_sumstats/output_pmid21833088_MS_eur.sumstats.gz.
Traceback (most recent call last):
  File "/Users/as/Documents/UNI/Bioinformatik/2023:24_WS/GoBi_Lokal/BlockTeil_Metabolomics/ldsc/ldscore/sumstats.py", line 410, in estimate_rg
    rghat = _rg(loop, args, log, M_annot, ref_ld_cnames, w_ld_cname, i)
  File "/Users/as/Documents/UNI/Bioinformatik/2023:24_WS/GoBi_Lokal/BlockTeil_Metabolomics/ldsc/ldscore/sumstats.py", line 539, in _rg
    intercept_gencov=intercepts[2], n_blocks=n_blocks, twostep=args.two_step)
  File "/Users/as/Documents/UNI/Bioinformatik/2023:24_WS/GoBi_Lokal/BlockTeil_Metabolomics/ldsc/ldscore/regressions.py", line 705, in __init__
    np.multiply(hsq1.tot_delete_values, hsq2.tot_delete_values))
FloatingPointError: invalid value encountered in sqrt


Computing rg for phenotype 4/68
Reading summary statistics from ../output_sumstats/output_pmid24076602_MS_eur.sumstats.gz ...
Read summary statistics for 1217311 SNPs.
After merging with summary statistics, 1167080 SNPs remain.
49489 SNPs with valid alleles.
WARNING: number of SNPs less than 200k; this is almost always bad.

Heritability of phenotype 4/68
------------------------------
Total Observed scale h2: 1.5802 (0.2418)
Lambda GC: 1.4602
Mean Chi^2: 2.2002
Intercept: 1.0166 (0.0863)
Ratio: 0.0138 (0.0719)

Genetic Covariance
------------------
Total Observed scale gencov: 0.0013 (0.0946)
Mean z1*z2: -0.015
Intercept: -0.0067 (0.0198)

Genetic Correlation
-------------------
Genetic Correlation: nan (nan) (h2  out of bounds) 
Z-score: nan (nan) (h2  out of bounds)
P: nan (nan) (h2  out of bounds)
WARNING: One of the h2's was out of bounds.
This usually indicates a data-munging error or that h2 or N is low.

Computing rg for phenotype 5/68
Reading summary statistics from ../output_sumstats/output_pmid24816252_acetylcarnitine_eur.sumstats.gz ...
Read summary statistics for 1217311 SNPs.
After merging with summary statistics, 1167080 SNPs remain.
1023003 SNPs with valid alleles.

Heritability of phenotype 5/68
------------------------------
Total Observed scale h2: -0.2387 (0.0829)
Lambda GC: 0.9721
Mean Chi^2: 0.9856
Intercept: 1.0206 (0.0075)
Ratio: NA (mean chi^2 < 1)

Genetic Covariance
------------------
Total Observed scale gencov: -0.008 (0.0362)
Mean z1*z2: 0.0017
Intercept: 0.0029 (0.0041)

Genetic Correlation
-------------------
Genetic Correlation: nan (nan) (h2  out of bounds) 
Z-score: nan (nan) (h2  out of bounds)
P: nan (nan) (h2  out of bounds)
WARNING: One of the h2's was out of bounds.
This usually indicates a data-munging error or that h2 or N is low.

Computing rg for phenotype 6/68
Reading summary statistics from ../output_sumstats/output_pmid24816252_alanine_eur.sumstats.gz ...
Read summary statistics for 1217311 SNPs.
After merging with summary statistics, 1167080 SNPs remain.
1023003 SNPs with valid alleles.

Heritability of phenotype 6/68
------------------------------
Total Observed scale h2: 0.5277 (0.0703)
Lambda GC: 1.0649
Mean Chi^2: 1.0877
Intercept: 1.0116 (0.0071)
Ratio: 0.1322 (0.081)

Genetic Covariance
------------------
Total Observed scale gencov: 0.0191 (0.0432)
Mean z1*z2: 0.0038
Intercept: 0.0009 (0.0048)

Genetic Correlation
-------------------
Genetic Correlation: nan (nan) (h2  out of bounds) 
Z-score: nan (nan) (h2  out of bounds)
P: nan (nan) (h2  out of bounds)
WARNING: One of the h2's was out of bounds.
This usually indicates a data-munging error or that h2 or N is low.

Computing rg for phenotype 7/68
Reading summary statistics from ../output_sumstats/output_pmid24816252_arginine_eur.sumstats.gz ...
Read summary statistics for 1217311 SNPs.
After merging with summary statistics, 1167080 SNPs remain.
1023003 SNPs with valid alleles.

Heritability of phenotype 7/68
------------------------------
Total Observed scale h2: -0.0069 (0.0639)
Lambda GC: 1.0255
Mean Chi^2: 1.0368
Intercept: 1.0377 (0.0072)
Ratio: 1.0241 (0.197)

Genetic Covariance
------------------
Total Observed scale gencov: -0.064 (0.0404)
Mean z1*z2: -0.0075
Intercept: 0.0023 (0.0042)

Genetic Correlation
-------------------
Genetic Correlation: nan (nan) (h2  out of bounds) 
Z-score: nan (nan) (h2  out of bounds)
P: nan (nan) (h2  out of bounds)
WARNING: One of the h2's was out of bounds.
This usually indicates a data-munging error or that h2 or N is low.

Computing rg for phenotype 8/68
Reading summary statistics from ../output_sumstats/output_pmid24816252_asparagine_eur.sumstats.gz ...
Read summary statistics for 1217311 SNPs.
After merging with summary statistics, 1167080 SNPs remain.
1023003 SNPs with valid alleles.

Heritability of phenotype 8/68
------------------------------
Total Observed scale h2: 0.4985 (0.0669)
Lambda GC: 1.0679
Mean Chi^2: 1.0905
Intercept: 1.0187 (0.0072)
Ratio: 0.2067 (0.0796)

Genetic Covariance
------------------
Total Observed scale gencov: -0.0073 (0.0416)
Mean z1*z2: -0.0008
Intercept: 0.0004 (0.0049)

Genetic Correlation
-------------------
Genetic Correlation: nan (nan) (h2  out of bounds) 
Z-score: nan (nan) (h2  out of bounds)
P: nan (nan) (h2  out of bounds)
WARNING: One of the h2's was out of bounds.
This usually indicates a data-munging error or that h2 or N is low.

Computing rg for phenotype 9/68
Reading summary statistics from ../output_sumstats/output_pmid24816252_cholesterol_eur.sumstats.gz ...
Read summary statistics for 1217311 SNPs.
After merging with summary statistics, 1167080 SNPs remain.
1023003 SNPs with valid alleles.

Heritability of phenotype 9/68
------------------------------
Total Observed scale h2: 0.1328 (0.0676)
Lambda GC: 1.0496
Mean Chi^2: 1.0634
Intercept: 1.0439 (0.0066)
Ratio: 0.6925 (0.1038)

Genetic Covariance
------------------
Total Observed scale gencov: 0.031 (0.0444)
Mean z1*z2: 0.0013
Intercept: -0.0037 (0.0052)

Genetic Correlation
-------------------
Genetic Correlation: nan (nan) (h2  out of bounds) 
Z-score: nan (nan) (h2  out of bounds)
P: nan (nan) (h2  out of bounds)
WARNING: One of the h2's was out of bounds.
This usually indicates a data-munging error or that h2 or N is low.

Computing rg for phenotype 10/68
Reading summary statistics from ../output_sumstats/output_pmid24816252_citrate_eur.sumstats.gz ...
Read summary statistics for 1217311 SNPs.
After merging with summary statistics, 1167080 SNPs remain.
1023003 SNPs with valid alleles.

Heritability of phenotype 10/68
-------------------------------
Total Observed scale h2: 0.4485 (0.0799)
Lambda GC: 1.0957
Mean Chi^2: 1.123
Intercept: 1.0594 (0.0083)
Ratio: 0.4827 (0.0672)

Genetic Covariance
------------------
Total Observed scale gencov: -5.4995e-05 (0.0417)
Mean z1*z2: 0.0025
Intercept: 0.0023 (0.0047)

Genetic Correlation
-------------------
Genetic Correlation: nan (nan) (h2  out of bounds) 
Z-score: nan (nan) (h2  out of bounds)
P: nan (nan) (h2  out of bounds)
WARNING: One of the h2's was out of bounds.
This usually indicates a data-munging error or that h2 or N is low.

Computing rg for phenotype 11/68
Reading summary statistics from ../output_sumstats/output_pmid24816252_glutamate_eur.sumstats.gz ...
Read summary statistics for 1217311 SNPs.
After merging with summary statistics, 1167080 SNPs remain.
1023003 SNPs with valid alleles.

Heritability of phenotype 11/68
-------------------------------
Total Observed scale h2: 0.1627 (0.0572)
Lambda GC: 0.9576
Mean Chi^2: 0.9552
Intercept: 0.9318 (0.0059)
Ratio: NA (mean chi^2 < 1)

Genetic Covariance
------------------
Total Observed scale gencov: 0.0656 (0.0375)
Mean z1*z2: 0.0075
Intercept: -0.0026 (0.0046)

Genetic Correlation
-------------------
Genetic Correlation: nan (nan) (h2  out of bounds) 
Z-score: nan (nan) (h2  out of bounds)
P: nan (nan) (h2  out of bounds)
WARNING: One of the h2's was out of bounds.
This usually indicates a data-munging error or that h2 or N is low.

Computing rg for phenotype 12/68
Reading summary statistics from ../output_sumstats/output_pmid24816252_glycerol_eur.sumstats.gz ...
Read summary statistics for 1217311 SNPs.
After merging with summary statistics, 1167080 SNPs remain.
1023003 SNPs with valid alleles.

Heritability of phenotype 12/68
-------------------------------
Total Observed scale h2: -0.1297 (0.0606)
Lambda GC: 0.9868
Mean Chi^2: 0.9976
Intercept: 1.0165 (0.0069)
Ratio: NA (mean chi^2 < 1)

Genetic Covariance
------------------
Total Observed scale gencov: -0.0164 (0.041)
Mean z1*z2: 0.0005
Intercept: 0.003 (0.0049)

Genetic Correlation
-------------------
Genetic Correlation: nan (nan) (h2  out of bounds) 
Z-score: nan (nan) (h2  out of bounds)
P: nan (nan) (h2  out of bounds)
WARNING: One of the h2's was out of bounds.
This usually indicates a data-munging error or that h2 or N is low.

Computing rg for phenotype 13/68
Reading summary statistics from ../output_sumstats/output_pmid24816252_histidine_eur.sumstats.gz ...
Read summary statistics for 1217311 SNPs.
After merging with summary statistics, 1167080 SNPs remain.
1023003 SNPs with valid alleles.

Heritability of phenotype 13/68
-------------------------------
Total Observed scale h2: 0.4372 (0.0697)
Lambda GC: 0.81
Mean Chi^2: 0.8192
Intercept: 0.7578 (0.0062)
Ratio: NA (mean chi^2 < 1)

Genetic Covariance
------------------
Total Observed scale gencov: 0.0046 (0.0353)
Mean z1*z2: -0.002
Intercept: -0.0026 (0.004)

Genetic Correlation
-------------------
Genetic Correlation: nan (nan) (h2  out of bounds) 
Z-score: nan (nan) (h2  out of bounds)
P: nan (nan) (h2  out of bounds)
WARNING: One of the h2's was out of bounds.
This usually indicates a data-munging error or that h2 or N is low.

Computing rg for phenotype 14/68
Reading summary statistics from ../output_sumstats/output_pmid24816252_isoleucine_eur.sumstats.gz ...
Read summary statistics for 1217311 SNPs.
After merging with summary statistics, 1167080 SNPs remain.
1023003 SNPs with valid alleles.

Heritability of phenotype 14/68
-------------------------------
Total Observed scale h2: -0.276 (0.0586)
Lambda GC: 0.9489
Mean Chi^2: 0.9588
Intercept: 0.9994 (0.0064)
Ratio: NA (mean chi^2 < 1)

Genetic Covariance
------------------
Total Observed scale gencov: 0.0206 (0.0389)
Mean z1*z2: 0.0029
Intercept: -0.0003 (0.0044)

Genetic Correlation
-------------------
Genetic Correlation: nan (nan) (h2  out of bounds) 
Z-score: nan (nan) (h2  out of bounds)
P: nan (nan) (h2  out of bounds)
WARNING: One of the h2's was out of bounds.
This usually indicates a data-munging error or that h2 or N is low.

Computing rg for phenotype 15/68
Reading summary statistics from ../output_sumstats/output_pmid24816252_phenylalanine_eur.sumstats.gz ...
Read summary statistics for 1217311 SNPs.
After merging with summary statistics, 1167080 SNPs remain.
1023003 SNPs with valid alleles.

Heritability of phenotype 15/68
-------------------------------
Total Observed scale h2: 0.3305 (0.0436)
Lambda GC: 0.8207
Mean Chi^2: 0.8234
Intercept: 0.7774 (0.0051)
Ratio: NA (mean chi^2 < 1)

Genetic Covariance
------------------
Total Observed scale gencov: 0.0071 (0.0361)
Mean z1*z2: 0.0019
Intercept: 0.0007 (0.0044)

Genetic Correlation
-------------------
Genetic Correlation: nan (nan) (h2  out of bounds) 
Z-score: nan (nan) (h2  out of bounds)
P: nan (nan) (h2  out of bounds)
WARNING: One of the h2's was out of bounds.
This usually indicates a data-munging error or that h2 or N is low.

Computing rg for phenotype 16/68
Reading summary statistics from ../output_sumstats/output_pmid24816252_proline_eur.sumstats.gz ...
Read summary statistics for 1217311 SNPs.
After merging with summary statistics, 1167080 SNPs remain.
1023003 SNPs with valid alleles.

Heritability of phenotype 16/68
-------------------------------
Total Observed scale h2: 0.3743 (0.0891)
Lambda GC: 1.0679
Mean Chi^2: 1.0923
Intercept: 1.038 (0.0125)
Ratio: 0.4114 (0.1354)

Genetic Covariance
------------------
Total Observed scale gencov: 0.0214 (0.0412)
Mean z1*z2: 0.0055
Intercept: 0.0022 (0.0046)

Genetic Correlation
-------------------
Genetic Correlation: nan (nan) (h2  out of bounds) 
Z-score: nan (nan) (h2  out of bounds)
P: nan (nan) (h2  out of bounds)
WARNING: One of the h2's was out of bounds.
This usually indicates a data-munging error or that h2 or N is low.

Computing rg for phenotype 17/68
Reading summary statistics from ../output_sumstats/output_pmid24816252_pyruvate_eur.sumstats.gz ...
Read summary statistics for 1217311 SNPs.
After merging with summary statistics, 1167080 SNPs remain.
1023003 SNPs with valid alleles.

Heritability of phenotype 17/68
-------------------------------
Total Observed scale h2: 0.148 (0.0558)
Lambda GC: 1.0195
Mean Chi^2: 1.0203
Intercept: 0.9993 (0.006)
Ratio < 0 (usually indicates GC correction).

Genetic Covariance
------------------
Total Observed scale gencov: 0.0033 (0.0441)
Mean z1*z2: 0.0001
Intercept: -0.0005 (0.005)

Genetic Correlation
-------------------
Genetic Correlation: nan (nan) (h2  out of bounds) 
Z-score: nan (nan) (h2  out of bounds)
P: nan (nan) (h2  out of bounds)
WARNING: One of the h2's was out of bounds.
This usually indicates a data-munging error or that h2 or N is low.

Computing rg for phenotype 18/68
Reading summary statistics from ../output_sumstats/output_pmid24816252_threonine_eur.sumstats.gz ...
Read summary statistics for 1217311 SNPs.
After merging with summary statistics, 1167080 SNPs remain.
1023003 SNPs with valid alleles.

Heritability of phenotype 18/68
-------------------------------
Total Observed scale h2: 0.05 (0.0836)
Lambda GC: 1.0016
Mean Chi^2: 1.0149
Intercept: 1.0092 (0.0067)
Ratio: 0.6157 (0.4512)

Genetic Covariance
------------------
Total Observed scale gencov: 0.0022 (0.0455)
Mean z1*z2: -0.0003
Intercept: -0.0006 (0.0045)

Genetic Correlation
-------------------
Genetic Correlation: nan (nan) (h2  out of bounds) 
Z-score: nan (nan) (h2  out of bounds)
P: nan (nan) (h2  out of bounds)
WARNING: One of the h2's was out of bounds.
This usually indicates a data-munging error or that h2 or N is low.

Computing rg for phenotype 19/68
Reading summary statistics from ../output_sumstats/output_pmid24816252_tryptophan_eur.sumstats.gz ...
Read summary statistics for 1217311 SNPs.
After merging with summary statistics, 1167080 SNPs remain.
1023003 SNPs with valid alleles.

Heritability of phenotype 19/68
-------------------------------
Total Observed scale h2: 0.9249 (0.0748)
Lambda GC: 1.0864
Mean Chi^2: 1.1816
Intercept: 1.0485 (0.008)
Ratio: 0.2671 (0.0438)

Genetic Covariance
------------------
Total Observed scale gencov: -0.0658 (0.0457)
Mean z1*z2: -0.006
Intercept: 0.0041 (0.005)

Genetic Correlation
-------------------
Genetic Correlation: nan (nan) (h2  out of bounds) 
Z-score: nan (nan) (h2  out of bounds)
P: nan (nan) (h2  out of bounds)
WARNING: One of the h2's was out of bounds.
This usually indicates a data-munging error or that h2 or N is low.

Computing rg for phenotype 20/68
Reading summary statistics from ../output_sumstats/output_pmid24816252_tyrosine_eur.sumstats.gz ...
Read summary statistics for 1217311 SNPs.
After merging with summary statistics, 1167080 SNPs remain.
1023003 SNPs with valid alleles.

Heritability of phenotype 20/68
-------------------------------
Total Observed scale h2: 0.1685 (0.0707)
Lambda GC: 1.0466
Mean Chi^2: 1.0568
Intercept: 1.0322 (0.0072)
Ratio: 0.5673 (0.1262)

Genetic Covariance
------------------
Total Observed scale gencov: 0.0261 (0.0429)
Mean z1*z2: 0.0065
Intercept: 0.0024 (0.005)

Genetic Correlation
-------------------
Genetic Correlation: nan (nan) (h2  out of bounds) 
Z-score: nan (nan) (h2  out of bounds)
P: nan (nan) (h2  out of bounds)
WARNING: One of the h2's was out of bounds.
This usually indicates a data-munging error or that h2 or N is low.

Computing rg for phenotype 21/68
Reading summary statistics from ../output_sumstats/output_pmid24816252_urea_eur.sumstats.gz ...
Read summary statistics for 1217311 SNPs.
After merging with summary statistics, 1167080 SNPs remain.
1023003 SNPs with valid alleles.

Heritability of phenotype 21/68
-------------------------------
Total Observed scale h2: -0.0799 (0.0528)
Lambda GC: 0.9898
Mean Chi^2: 1.0011
Intercept: 1.0127 (0.0063)
Ratio: 11.4249 (5.6846)

Genetic Covariance
------------------
Total Observed scale gencov: -0.0768 (0.0376)
Mean z1*z2: -0.0061
Intercept: 0.0058 (0.0049)

Genetic Correlation
-------------------
Genetic Correlation: nan (nan) (h2  out of bounds) 
Z-score: nan (nan) (h2  out of bounds)
P: nan (nan) (h2  out of bounds)
WARNING: One of the h2's was out of bounds.
This usually indicates a data-munging error or that h2 or N is low.

Computing rg for phenotype 22/68
Reading summary statistics from ../output_sumstats/output_pmid27386562_MS_eur.sumstats.gz ...
Read summary statistics for 1217311 SNPs.
After merging with summary statistics, 1167080 SNPs remain.
1136755 SNPs with valid alleles.

Heritability of phenotype 22/68
-------------------------------
Total Observed scale h2: 0.241 (0.0471)
Lambda GC: 1.1207
Mean Chi^2: 1.1416
Intercept: 1.067 (0.0088)
Ratio: 0.4734 (0.0623)

Genetic Covariance
------------------
Total Observed scale gencov: -0.0041 (0.0327)
Mean z1*z2: 0.004
Intercept: 0.0055 (0.0056)

Genetic Correlation
-------------------
Genetic Correlation: nan (nan) (h2  out of bounds) 
Z-score: nan (nan) (h2  out of bounds)
P: nan (nan) (h2  out of bounds)
WARNING: One of the h2's was out of bounds.
This usually indicates a data-munging error or that h2 or N is low.

Computing rg for phenotype 23/68
Reading summary statistics from ../output_sumstats/output_pmid27455348_ALS_eur.sumstats.gz ...
Read summary statistics for 1217311 SNPs.
After merging with summary statistics, 1167080 SNPs remain.
1153317 SNPs with valid alleles.

Heritability of phenotype 23/68
-------------------------------
Total Observed scale h2: 0.0474 (0.0127)
Lambda GC: 1.0285
Mean Chi^2: 1.0316
Intercept: 0.9978 (0.0063)
Ratio < 0 (usually indicates GC correction).

Genetic Covariance
------------------
Total Observed scale gencov: -0.007 (0.0186)
Mean z1*z2: -0.0025
Intercept: -0.0001 (0.0046)

Genetic Correlation
-------------------
Genetic Correlation: nan (nan) (h2  out of bounds) 
Z-score: nan (nan) (h2  out of bounds)
P: nan (nan) (h2  out of bounds)
WARNING: One of the h2's was out of bounds.
This usually indicates a data-munging error or that h2 or N is low.

Computing rg for phenotype 24/68
Reading summary statistics from ../output_sumstats/output_pmid27989323_CTACK_eur.sumstats.gz ...
Read summary statistics for 1217311 SNPs.
After merging with summary statistics, 1167080 SNPs remain.
1163522 SNPs with valid alleles.

Heritability of phenotype 24/68
-------------------------------
Total Observed scale h2: -0.0083 (0.1161)
Lambda GC: 0.9957
Mean Chi^2: 1.0034
Intercept: 1.004 (0.007)
Ratio: 1.1793 (2.0895)

Genetic Covariance
------------------
Total Observed scale gencov: -0.0694 (0.0674)
Mean z1*z2: 0.0372
Intercept: 0.0448 (0.0058)

Genetic Correlation
-------------------
Genetic Correlation: nan (nan) (h2  out of bounds) 
Z-score: nan (nan) (h2  out of bounds)
P: nan (nan) (h2  out of bounds)
WARNING: One of the h2's was out of bounds.
This usually indicates a data-munging error or that h2 or N is low.

Computing rg for phenotype 25/68
Reading summary statistics from ../output_sumstats/output_pmid27989323_GCSF_eur.sumstats.gz ...
Read summary statistics for 1217311 SNPs.
After merging with summary statistics, 1167080 SNPs remain.
1164332 SNPs with valid alleles.

Heritability of phenotype 25/68
-------------------------------
Total Observed scale h2: 0.0226 (0.0617)
Lambda GC: 1.0195
Mean Chi^2: 1.0109
Intercept: 1.0074 (0.008)
Ratio: 0.6755 (0.7323)

Genetic Covariance
------------------
Total Observed scale gencov: -0.0221 (0.0417)
Mean z1*z2: 0.2194
Intercept: 0.223 (0.0054)

Genetic Correlation
-------------------
Genetic Correlation: nan (nan) (h2  out of bounds) 
Z-score: nan (nan) (h2  out of bounds)
P: nan (nan) (h2  out of bounds)
WARNING: One of the h2's was out of bounds.
This usually indicates a data-munging error or that h2 or N is low.

Computing rg for phenotype 26/68
Reading summary statistics from ../output_sumstats/output_pmid27989323_GROa_eur.sumstats.gz ...
Read summary statistics for 1217311 SNPs.
After merging with summary statistics, 1167080 SNPs remain.
63 SNPs with valid alleles.
WARNING: number of SNPs less than 200k; this is almost always bad.

Heritability of phenotype 26/68
-------------------------------
Total Observed scale h2: -45.2997 (20.7723)
Lambda GC: 0.3141
Mean Chi^2: 0.4167
Intercept: 1.381 (0.479)
Ratio: NA (mean chi^2 < 1)

Genetic Covariance
------------------
Total Observed scale gencov: -16.5806 (13.1845)
Mean z1*z2: 0.2027
Intercept: 0.7465 (0.4642)

Genetic Correlation
-------------------
Genetic Correlation: nan (nan) (h2  out of bounds) 
Z-score: nan (nan) (h2  out of bounds)
P: nan (nan) (h2  out of bounds)
WARNING: One of the h2's was out of bounds.
This usually indicates a data-munging error or that h2 or N is low.

Computing rg for phenotype 27/68
Reading summary statistics from ../output_sumstats/output_pmid27989323_IFNg_eur.sumstats.gz ...
Read summary statistics for 1217311 SNPs.
After merging with summary statistics, 1167080 SNPs remain.
1164320 SNPs with valid alleles.

Heritability of phenotype 27/68
-------------------------------
Total Observed scale h2: 0.0115 (0.0624)
Lambda GC: 1.0046
Mean Chi^2: 1.0011
Intercept: 0.9994 (0.0074)
Ratio < 0 (usually indicates GC correction).

Genetic Covariance
------------------
Total Observed scale gencov: -0.0747 (0.0393)
Mean z1*z2: 0.2584
Intercept: 0.2703 (0.005)

Genetic Correlation
-------------------
Genetic Correlation: nan (nan) (h2  out of bounds) 
Z-score: nan (nan) (h2  out of bounds)
P: nan (nan) (h2  out of bounds)
WARNING: One of the h2's was out of bounds.
This usually indicates a data-munging error or that h2 or N is low.

Computing rg for phenotype 28/68
Reading summary statistics from ../output_sumstats/output_pmid27989323_IL10_eur.sumstats.gz ...
Read summary statistics for 1217311 SNPs.
After merging with summary statistics, 1167080 SNPs remain.
1164429 SNPs with valid alleles.

Heritability of phenotype 28/68
-------------------------------
Total Observed scale h2: -0.0073 (0.0797)
Lambda GC: 1.0016
Mean Chi^2: 1.0169
Intercept: 1.018 (0.0123)
Ratio: 1.0667 (0.7308)

Genetic Covariance
------------------
Total Observed scale gencov: -0.0259 (0.0404)
Mean z1*z2: 0.2818
Intercept: 0.2859 (0.0051)

Genetic Correlation
-------------------
Genetic Correlation: nan (nan) (h2  out of bounds) 
Z-score: nan (nan) (h2  out of bounds)
P: nan (nan) (h2  out of bounds)
WARNING: One of the h2's was out of bounds.
This usually indicates a data-munging error or that h2 or N is low.

Computing rg for phenotype 29/68
Reading summary statistics from ../output_sumstats/output_pmid27989323_IL12p70_eur.sumstats.gz ...
Read summary statistics for 1217311 SNPs.
After merging with summary statistics, 1167080 SNPs remain.
1164299 SNPs with valid alleles.

Heritability of phenotype 29/68
-------------------------------
Total Observed scale h2: -0.0209 (0.0907)
Lambda GC: 1.0255
Mean Chi^2: 1.0306
Intercept: 1.034 (0.0195)
Ratio: 1.1117 (0.6354)

Genetic Covariance
------------------
Total Observed scale gencov: -0.0068 (0.0398)
Mean z1*z2: 0.31
Intercept: 0.3112 (0.0053)

Genetic Correlation
-------------------
Genetic Correlation: nan (nan) (h2  out of bounds) 
Z-score: nan (nan) (h2  out of bounds)
P: nan (nan) (h2  out of bounds)
WARNING: One of the h2's was out of bounds.
This usually indicates a data-munging error or that h2 or N is low.

Computing rg for phenotype 30/68
Reading summary statistics from ../output_sumstats/output_pmid27989323_IL13_eur.sumstats.gz ...
Read summary statistics for 1217311 SNPs.
After merging with summary statistics, 1167080 SNPs remain.
1163184 SNPs with valid alleles.

Heritability of phenotype 30/68
-------------------------------
Total Observed scale h2: -0.1679 (0.1636)
Lambda GC: 1.0046
Mean Chi^2: 1.0053
Intercept: 1.0171 (0.0125)
Ratio: 3.2407 (2.3612)

Genetic Covariance
------------------
Total Observed scale gencov: -0.0122 (0.0568)
Mean z1*z2: 0.098
Intercept: 0.0993 (0.0046)

Genetic Correlation
-------------------
Genetic Correlation: nan (nan) (h2  out of bounds) 
Z-score: nan (nan) (h2  out of bounds)
P: nan (nan) (h2  out of bounds)
WARNING: One of the h2's was out of bounds.
This usually indicates a data-munging error or that h2 or N is low.

Computing rg for phenotype 31/68
Reading summary statistics from ../output_sumstats/output_pmid27989323_IL16_eur.sumstats.gz ...
Read summary statistics for 1217311 SNPs.
After merging with summary statistics, 1167080 SNPs remain.
1163366 SNPs with valid alleles.

Heritability of phenotype 31/68
-------------------------------
Total Observed scale h2: -0.0779 (0.128)
Lambda GC: 0.9898
Mean Chi^2: 0.9902
Intercept: 0.9956 (0.0073)
Ratio: NA (mean chi^2 < 1)

Genetic Covariance
------------------
Total Observed scale gencov: -0.0164 (0.0568)
Mean z1*z2: 0.1948
Intercept: 0.1965 (0.0053)

Genetic Correlation
-------------------
Genetic Correlation: nan (nan) (h2  out of bounds) 
Z-score: nan (nan) (h2  out of bounds)
P: nan (nan) (h2  out of bounds)
WARNING: One of the h2's was out of bounds.
This usually indicates a data-munging error or that h2 or N is low.

Computing rg for phenotype 32/68
Reading summary statistics from ../output_sumstats/output_pmid27989323_IL17_eur.sumstats.gz ...
Read summary statistics for 1217311 SNPs.
After merging with summary statistics, 1167080 SNPs remain.
2126 SNPs with valid alleles.
WARNING: number of SNPs less than 200k; this is almost always bad.

Heritability of phenotype 32/68
-------------------------------
Total Observed scale h2: -3.0589 (1.3334)
Lambda GC: 1.1317
Mean Chi^2: 1.1987
Intercept: 1.4586 (0.1309)
Ratio: 2.3074 (0.6587)

Genetic Covariance
------------------
Total Observed scale gencov: -0.1965 (0.7033)
Mean z1*z2: 0.284
Intercept: 0.3012 (0.0784)

Genetic Correlation
-------------------
Genetic Correlation: nan (nan) (h2  out of bounds) 
Z-score: nan (nan) (h2  out of bounds)
P: nan (nan) (h2  out of bounds)
WARNING: One of the h2's was out of bounds.
This usually indicates a data-munging error or that h2 or N is low.

Computing rg for phenotype 33/68
Reading summary statistics from ../output_sumstats/output_pmid27989323_IL18_eur.sumstats.gz ...
Read summary statistics for 1217311 SNPs.
After merging with summary statistics, 1167080 SNPs remain.
388811 SNPs with valid alleles.

Heritability of phenotype 33/68
-------------------------------
Total Observed scale h2: 0.3521 (0.5835)
Lambda GC: 0.9986
Mean Chi^2: 1.0256
Intercept: 0.9974 (0.0229)
Ratio < 0 (usually indicates GC correction).

Genetic Covariance
------------------
Total Observed scale gencov: -0.0309 (0.1012)
Mean z1*z2: 0.1494
Intercept: 0.1527 (0.0082)

Genetic Correlation
-------------------
Genetic Correlation: nan (nan) (h2  out of bounds) 
Z-score: nan (nan) (h2  out of bounds)
P: nan (nan) (h2  out of bounds)
WARNING: One of the h2's was out of bounds.
This usually indicates a data-munging error or that h2 or N is low.

Computing rg for phenotype 34/68
Reading summary statistics from ../output_sumstats/output_pmid27989323_IL1ra_eur.sumstats.gz ...
Read summary statistics for 1217311 SNPs.
After merging with summary statistics, 1167080 SNPs remain.
1163494 SNPs with valid alleles.

Heritability of phenotype 34/68
-------------------------------
Total Observed scale h2: 0.0175 (0.1442)
Lambda GC: 1.0105
Mean Chi^2: 1.0082
Intercept: 1.007 (0.0081)
Ratio: 0.848 (0.9794)

Genetic Covariance
------------------
Total Observed scale gencov: -0.0162 (0.0565)
Mean z1*z2: 0.109
Intercept: 0.1108 (0.005)

Genetic Correlation
-------------------
Genetic Correlation: nan (nan) (h2  out of bounds) 
Z-score: nan (nan) (h2  out of bounds)
P: nan (nan) (h2  out of bounds)
WARNING: One of the h2's was out of bounds.
This usually indicates a data-munging error or that h2 or N is low.

Computing rg for phenotype 35/68
Reading summary statistics from ../output_sumstats/output_pmid27989323_IL2_eur.sumstats.gz ...
Read summary statistics for 1217311 SNPs.
After merging with summary statistics, 1167080 SNPs remain.
1162989 SNPs with valid alleles.

Heritability of phenotype 35/68
-------------------------------
Total Observed scale h2: -0.0851 (0.1298)
Lambda GC: 1.0165
Mean Chi^2: 1.0072
Intercept: 1.013 (0.0071)
Ratio: 1.8212 (0.9939)

Genetic Covariance
------------------
Total Observed scale gencov: -0.0722 (0.0599)
Mean z1*z2: 0.0867
Intercept: 0.0944 (0.0047)

Genetic Correlation
-------------------
Genetic Correlation: nan (nan) (h2  out of bounds) 
Z-score: nan (nan) (h2  out of bounds)
P: nan (nan) (h2  out of bounds)
WARNING: One of the h2's was out of bounds.
This usually indicates a data-munging error or that h2 or N is low.

Computing rg for phenotype 36/68
Reading summary statistics from ../output_sumstats/output_pmid27989323_IL2ra_eur.sumstats.gz ...
Read summary statistics for 1217311 SNPs.
After merging with summary statistics, 1167080 SNPs remain.
1163586 SNPs with valid alleles.

Heritability of phenotype 36/68
-------------------------------
Total Observed scale h2: 0.0581 (0.1182)
Lambda GC: 1.0105
Mean Chi^2: 1.0079
Intercept: 1.0037 (0.0066)
Ratio: 0.4702 (0.8425)

Genetic Covariance
------------------
Total Observed scale gencov: -0.0928 (0.0615)
Mean z1*z2: 0.1808
Intercept: 0.1909 (0.005)

Genetic Correlation
-------------------
Genetic Correlation: nan (nan) (h2  out of bounds) 
Z-score: nan (nan) (h2  out of bounds)
P: nan (nan) (h2  out of bounds)
WARNING: One of the h2's was out of bounds.
This usually indicates a data-munging error or that h2 or N is low.

Computing rg for phenotype 37/68
Reading summary statistics from ../output_sumstats/output_pmid27989323_IL4_eur.sumstats.gz ...
Read summary statistics for 1217311 SNPs.
After merging with summary statistics, 1167080 SNPs remain.
1164129 SNPs with valid alleles.

Heritability of phenotype 37/68
-------------------------------
Total Observed scale h2: -0.0406 (0.0599)
Lambda GC: 1.0016
Mean Chi^2: 1.0038
Intercept: 1.0103 (0.0079)
Ratio: 2.7229 (2.0853)

Genetic Covariance
------------------
Total Observed scale gencov: -0.0625 (0.0417)
Mean z1*z2: 0.2727
Intercept: 0.2829 (0.0053)

Genetic Correlation
-------------------
Genetic Correlation: nan (nan) (h2  out of bounds) 
Z-score: nan (nan) (h2  out of bounds)
P: nan (nan) (h2  out of bounds)
WARNING: One of the h2's was out of bounds.
This usually indicates a data-munging error or that h2 or N is low.

Computing rg for phenotype 38/68
Reading summary statistics from ../output_sumstats/output_pmid27989323_IL5_eur.sumstats.gz ...
Read summary statistics for 1217311 SNPs.
After merging with summary statistics, 1167080 SNPs remain.
1161682 SNPs with valid alleles.

Heritability of phenotype 38/68
-------------------------------
Total Observed scale h2: -0.1307 (0.1362)
Lambda GC: 1.0075
Mean Chi^2: 1.0039
Intercept: 1.0126 (0.0074)
Ratio: 3.2456 (1.9048)

Genetic Covariance
------------------
Total Observed scale gencov: -0.0424 (0.0614)
Mean z1*z2: 0.1098
Intercept: 0.1143 (0.005)

Genetic Correlation
-------------------
Genetic Correlation: nan (nan) (h2  out of bounds) 
Z-score: nan (nan) (h2  out of bounds)
P: nan (nan) (h2  out of bounds)
WARNING: One of the h2's was out of bounds.
This usually indicates a data-munging error or that h2 or N is low.

Computing rg for phenotype 39/68
Reading summary statistics from ../output_sumstats/output_pmid27989323_IL6_eur.sumstats.gz ...
Read summary statistics for 1217311 SNPs.
After merging with summary statistics, 1167080 SNPs remain.
1164396 SNPs with valid alleles.

Heritability of phenotype 39/68
-------------------------------
Total Observed scale h2: -0.0039 (0.0567)
Lambda GC: 1.0105
Mean Chi^2: 1.0077
Intercept: 1.0084 (0.007)
Ratio: 1.0823 (0.8998)

Genetic Covariance
------------------
Total Observed scale gencov: -0.0471 (0.0436)
Mean z1*z2: 0.3297
Intercept: 0.3374 (0.0054)

Genetic Correlation
-------------------
Genetic Correlation: nan (nan) (h2  out of bounds) 
Z-score: nan (nan) (h2  out of bounds)
P: nan (nan) (h2  out of bounds)
WARNING: One of the h2's was out of bounds.
This usually indicates a data-munging error or that h2 or N is low.

Computing rg for phenotype 40/68
Reading summary statistics from ../output_sumstats/output_pmid27989323_IL7_eur.sumstats.gz ...
Read summary statistics for 1217311 SNPs.
After merging with summary statistics, 1167080 SNPs remain.
1163993 SNPs with valid alleles.

Heritability of phenotype 40/68
-------------------------------
Total Observed scale h2: -0.0426 (0.1573)
Lambda GC: 1.0046
Mean Chi^2: 1.0106
Intercept: 1.0135 (0.0089)
Ratio: 1.2723 (0.8425)

Genetic Covariance
------------------
Total Observed scale gencov: 0.0081 (0.0653)
Mean z1*z2: 0.1201
Intercept: 0.1192 (0.005)

Genetic Correlation
-------------------
Genetic Correlation: nan (nan) (h2  out of bounds) 
Z-score: nan (nan) (h2  out of bounds)
P: nan (nan) (h2  out of bounds)
WARNING: One of the h2's was out of bounds.
This usually indicates a data-munging error or that h2 or N is low.

Computing rg for phenotype 41/68
Reading summary statistics from ../output_sumstats/output_pmid27989323_IL8_eur.sumstats.gz ...
Read summary statistics for 1217311 SNPs.
After merging with summary statistics, 1167080 SNPs remain.
1162647 SNPs with valid alleles.

Heritability of phenotype 41/68
-------------------------------
Total Observed scale h2: -0.0285 (0.1271)
Lambda GC: 1.0016
Mean Chi^2: 1.0059
Intercept: 1.0079 (0.0068)
Ratio: 1.3406 (1.1547)

Genetic Covariance
------------------
Total Observed scale gencov: 0.0467 (0.0539)
Mean z1*z2: 0.1773
Intercept: 0.1723 (0.005)

Genetic Correlation
-------------------
Genetic Correlation: nan (nan) (h2  out of bounds) 
Z-score: nan (nan) (h2  out of bounds)
P: nan (nan) (h2  out of bounds)
WARNING: One of the h2's was out of bounds.
This usually indicates a data-munging error or that h2 or N is low.

Computing rg for phenotype 42/68
Reading summary statistics from ../output_sumstats/output_pmid27989323_IL9_eur.sumstats.gz ...
Read summary statistics for 1217311 SNPs.
After merging with summary statistics, 1167080 SNPs remain.
1163480 SNPs with valid alleles.

Heritability of phenotype 42/68
-------------------------------
Total Observed scale h2: -0.1729 (0.1254)
Lambda GC: 1.0135
Mean Chi^2: 1.0011
Intercept: 1.0136 (0.0071)
Ratio: 12.4018 (6.4646)

Genetic Covariance
------------------
Total Observed scale gencov: -0.0373 (0.0581)
Mean z1*z2: 0.0871
Intercept: 0.0912 (0.005)

Genetic Correlation
-------------------
Genetic Correlation: nan (nan) (h2  out of bounds) 
Z-score: nan (nan) (h2  out of bounds)
P: nan (nan) (h2  out of bounds)
WARNING: One of the h2's was out of bounds.
This usually indicates a data-munging error or that h2 or N is low.

Computing rg for phenotype 43/68
Reading summary statistics from ../output_sumstats/output_pmid27989323_MCP1_eur.sumstats.gz ...
Read summary statistics for 1217311 SNPs.
After merging with summary statistics, 1167080 SNPs remain.
1164469 SNPs with valid alleles.

Heritability of phenotype 43/68
-------------------------------
Total Observed scale h2: 0.1706 (0.0824)
Lambda GC: 1.0105
Mean Chi^2: 1.0227
Intercept: 0.9948 (0.008)
Ratio < 0 (usually indicates GC correction).

Genetic Covariance
------------------
Total Observed scale gencov: -0.0706 (0.0427)
Mean z1*z2: 0.29
Intercept: 0.3018 (0.0054)

Genetic Correlation
-------------------
Genetic Correlation: nan (nan) (h2  out of bounds) 
Z-score: nan (nan) (h2  out of bounds)
P: nan (nan) (h2  out of bounds)
WARNING: One of the h2's was out of bounds.
This usually indicates a data-munging error or that h2 or N is low.

Computing rg for phenotype 44/68
Reading summary statistics from ../output_sumstats/output_pmid27989323_MCP3_eur.sumstats.gz ...
Read summary statistics for 1217311 SNPs.
After merging with summary statistics, 1167080 SNPs remain.
1125836 SNPs with valid alleles.

Heritability of phenotype 44/68
-------------------------------
Total Observed scale h2: -0.852 (0.5706)
Lambda GC: 0.9986
Mean Chi^2: 0.9993
Intercept: 1.0138 (0.0077)
Ratio: NA (mean chi^2 < 1)

Genetic Covariance
------------------
Total Observed scale gencov: 0.1133 (0.1226)
Mean z1*z2: 0.072
Intercept: 0.066 (0.0056)

Genetic Correlation
-------------------
Genetic Correlation: nan (nan) (h2  out of bounds) 
Z-score: nan (nan) (h2  out of bounds)
P: nan (nan) (h2  out of bounds)
WARNING: One of the h2's was out of bounds.
This usually indicates a data-munging error or that h2 or N is low.

Computing rg for phenotype 45/68
Reading summary statistics from ../output_sumstats/output_pmid27989323_MCSF_eur.sumstats.gz ...
Read summary statistics for 1217311 SNPs.
After merging with summary statistics, 1167080 SNPs remain.
1159754 SNPs with valid alleles.

Heritability of phenotype 45/68
-------------------------------
Total Observed scale h2: 0.1127 (0.5007)
Lambda GC: 0.9986
Mean Chi^2: 0.9931
Intercept: 0.9912 (0.007)
Ratio: NA (mean chi^2 < 1)

Genetic Covariance
------------------
Total Observed scale gencov: 0.039 (0.1167)
Mean z1*z2: 0.0725
Intercept: 0.0705 (0.0051)

Genetic Correlation
-------------------
Genetic Correlation: nan (nan) (h2  out of bounds) 
Z-score: nan (nan) (h2  out of bounds)
P: nan (nan) (h2  out of bounds)
WARNING: One of the h2's was out of bounds.
This usually indicates a data-munging error or that h2 or N is low.

Computing rg for phenotype 46/68
Reading summary statistics from ../output_sumstats/output_pmid27989323_MIF_eur.sumstats.gz ...
Read summary statistics for 1217311 SNPs.
After merging with summary statistics, 1167080 SNPs remain.
1163412 SNPs with valid alleles.

Heritability of phenotype 46/68
-------------------------------
Total Observed scale h2: 0.0827 (0.1361)
Lambda GC: 1.0075
Mean Chi^2: 1.0111
Intercept: 1.0053 (0.0069)
Ratio: 0.4787 (0.6282)

Genetic Covariance
------------------
Total Observed scale gencov: 0.0066 (0.0604)
Mean z1*z2: 0.1179
Intercept: 0.1172 (0.0053)

Genetic Correlation
-------------------
Genetic Correlation: nan (nan) (h2  out of bounds) 
Z-score: nan (nan) (h2  out of bounds)
P: nan (nan) (h2  out of bounds)
WARNING: One of the h2's was out of bounds.
This usually indicates a data-munging error or that h2 or N is low.

Computing rg for phenotype 47/68
Reading summary statistics from ../output_sumstats/output_pmid27989323_MIG_eur.sumstats.gz ...
Read summary statistics for 1217311 SNPs.
After merging with summary statistics, 1167080 SNPs remain.
1163406 SNPs with valid alleles.

Heritability of phenotype 47/68
-------------------------------
Total Observed scale h2: -0.1332 (0.1092)
Lambda GC: 1.0046
Mean Chi^2: 1.0046
Intercept: 1.0143 (0.0064)
Ratio: 3.1348 (1.4003)

Genetic Covariance
------------------
Total Observed scale gencov: -0.0626 (0.0633)
Mean z1*z2: 0.1877
Intercept: 0.1946 (0.0055)

Genetic Correlation
-------------------
Genetic Correlation: nan (nan) (h2  out of bounds) 
Z-score: nan (nan) (h2  out of bounds)
P: nan (nan) (h2  out of bounds)
WARNING: One of the h2's was out of bounds.
This usually indicates a data-munging error or that h2 or N is low.

Computing rg for phenotype 48/68
Reading summary statistics from ../output_sumstats/output_pmid27989323_MIP1a_eur.sumstats.gz ...
Read summary statistics for 1217311 SNPs.
After merging with summary statistics, 1167080 SNPs remain.
1162706 SNPs with valid alleles.

Heritability of phenotype 48/68
-------------------------------
Total Observed scale h2: -0.1426 (0.1407)
Lambda GC: 0.9957
Mean Chi^2: 0.9992
Intercept: 1.0091 (0.0071)
Ratio: NA (mean chi^2 < 1)

Genetic Covariance
------------------
Total Observed scale gencov: 0.0074 (0.0553)
Mean z1*z2: 0.1143
Intercept: 0.1135 (0.0046)

Genetic Correlation
-------------------
Genetic Correlation: nan (nan) (h2  out of bounds) 
Z-score: nan (nan) (h2  out of bounds)
P: nan (nan) (h2  out of bounds)
WARNING: One of the h2's was out of bounds.
This usually indicates a data-munging error or that h2 or N is low.

Computing rg for phenotype 49/68
Reading summary statistics from ../output_sumstats/output_pmid27989323_MIP1b_eur.sumstats.gz ...
Read summary statistics for 1217311 SNPs.
After merging with summary statistics, 1167080 SNPs remain.
1164379 SNPs with valid alleles.

Heritability of phenotype 49/68
-------------------------------
Total Observed scale h2: 0.2201 (0.2768)
Lambda GC: 1.0165
Mean Chi^2: 1.0554
Intercept: 1.0191 (0.0296)
Ratio: 0.3448 (0.5341)

Genetic Covariance
------------------
Total Observed scale gencov: 0.0025 (0.0419)
Mean z1*z2: 0.2627
Intercept: 0.2625 (0.0051)

Genetic Correlation
-------------------
Genetic Correlation: nan (nan) (h2  out of bounds) 
Z-score: nan (nan) (h2  out of bounds)
P: nan (nan) (h2  out of bounds)
WARNING: One of the h2's was out of bounds.
This usually indicates a data-munging error or that h2 or N is low.

Computing rg for phenotype 50/68
Reading summary statistics from ../output_sumstats/output_pmid27989323_PDGFbb_eur.sumstats.gz ...
Read summary statistics for 1217311 SNPs.
After merging with summary statistics, 1167080 SNPs remain.
1164427 SNPs with valid alleles.

Heritability of phenotype 50/68
-------------------------------
Total Observed scale h2: -0.0064 (0.0627)
Lambda GC: 1.0225
Mean Chi^2: 1.0212
Intercept: 1.0223 (0.0087)
Ratio: 1.0499 (0.409)

Genetic Covariance
------------------
Total Observed scale gencov: -0.0459 (0.0394)
Mean z1*z2: 0.2596
Intercept: 0.2671 (0.0055)

Genetic Correlation
-------------------
Genetic Correlation: nan (nan) (h2  out of bounds) 
Z-score: nan (nan) (h2  out of bounds)
P: nan (nan) (h2  out of bounds)
WARNING: One of the h2's was out of bounds.
This usually indicates a data-munging error or that h2 or N is low.

Computing rg for phenotype 51/68
Reading summary statistics from ../output_sumstats/output_pmid27989323_RANTES_eur.sumstats.gz ...
Read summary statistics for 1217311 SNPs.
After merging with summary statistics, 1167080 SNPs remain.
1163057 SNPs with valid alleles.

Heritability of phenotype 51/68
-------------------------------
Total Observed scale h2: 0.1215 (0.1263)
Lambda GC: 1.0016
Mean Chi^2: 1.008
Intercept: 0.9997 (0.0067)
Ratio < 0 (usually indicates GC correction).

Genetic Covariance
------------------
Total Observed scale gencov: -0.0816 (0.0643)
Mean z1*z2: 0.0993
Intercept: 0.108 (0.0053)

Genetic Correlation
-------------------
Genetic Correlation: nan (nan) (h2  out of bounds) 
Z-score: nan (nan) (h2  out of bounds)
P: nan (nan) (h2  out of bounds)
WARNING: One of the h2's was out of bounds.
This usually indicates a data-munging error or that h2 or N is low.

Computing rg for phenotype 52/68
Reading summary statistics from ../output_sumstats/output_pmid27989323_SCF_eur.sumstats.gz ...
Read summary statistics for 1217311 SNPs.
After merging with summary statistics, 1167080 SNPs remain.
1164244 SNPs with valid alleles.

Heritability of phenotype 52/68
-------------------------------
Total Observed scale h2: -0.0527 (0.0563)
Lambda GC: 1.0046
Mean Chi^2: 1.0095
Intercept: 1.0182 (0.0072)
Ratio: 1.9071 (0.7536)

Genetic Covariance
------------------
Total Observed scale gencov: -0.0728 (0.0402)
Mean z1*z2: 0.3329
Intercept: 0.3449 (0.005)

Genetic Correlation
-------------------
Genetic Correlation: nan (nan) (h2  out of bounds) 
Z-score: nan (nan) (h2  out of bounds)
P: nan (nan) (h2  out of bounds)
WARNING: One of the h2's was out of bounds.
This usually indicates a data-munging error or that h2 or N is low.

Computing rg for phenotype 53/68
Reading summary statistics from ../output_sumstats/output_pmid27989323_SCGFb_eur.sumstats.gz ...
Read summary statistics for 1217311 SNPs.
After merging with summary statistics, 1167080 SNPs remain.
518096 SNPs with valid alleles.

Heritability of phenotype 53/68
-------------------------------
Total Observed scale h2: 0.0963 (0.1784)
Lambda GC: 1.0165
Mean Chi^2: 1.0187
Intercept: 1.0114 (0.0099)
Ratio: 0.6097 (0.5279)

Genetic Covariance
------------------
Total Observed scale gencov: -0.0204 (0.0914)
Mean z1*z2: 0.1742
Intercept: 0.1765 (0.0076)

Genetic Correlation
-------------------
Genetic Correlation: nan (nan) (h2  out of bounds) 
Z-score: nan (nan) (h2  out of bounds)
P: nan (nan) (h2  out of bounds)
WARNING: One of the h2's was out of bounds.
This usually indicates a data-munging error or that h2 or N is low.

Computing rg for phenotype 54/68
Reading summary statistics from ../output_sumstats/output_pmid27989323_SDF1_eur.sumstats.gz ...
Read summary statistics for 1217311 SNPs.
After merging with summary statistics, 1167080 SNPs remain.
1163873 SNPs with valid alleles.

Heritability of phenotype 54/68
-------------------------------
Total Observed scale h2: -0.0153 (0.0754)
Lambda GC: 0.9898
Mean Chi^2: 0.9974
Intercept: 0.9992 (0.0071)
Ratio: NA (mean chi^2 < 1)

Genetic Covariance
------------------
Total Observed scale gencov: -0.0359 (0.0418)
Mean z1*z2: 0.2997
Intercept: 0.3047 (0.0051)

Genetic Correlation
-------------------
Genetic Correlation: nan (nan) (h2  out of bounds) 
Z-score: nan (nan) (h2  out of bounds)
P: nan (nan) (h2  out of bounds)
WARNING: One of the h2's was out of bounds.
This usually indicates a data-munging error or that h2 or N is low.

Computing rg for phenotype 55/68
Reading summary statistics from ../output_sumstats/output_pmid27989323_TNFa_eur.sumstats.gz ...
Read summary statistics for 1217311 SNPs.
After merging with summary statistics, 1167080 SNPs remain.
1162788 SNPs with valid alleles.

Heritability of phenotype 55/68
-------------------------------
Total Observed scale h2: -0.0601 (0.134)
Lambda GC: 0.9868
Mean Chi^2: 0.9939
Intercept: 0.998 (0.0069)
Ratio: NA (mean chi^2 < 1)

Genetic Covariance
------------------
Total Observed scale gencov: -0.0057 (0.0647)
Mean z1*z2: 0.09
Intercept: 0.0906 (0.0051)

Genetic Correlation
-------------------
Genetic Correlation: nan (nan) (h2  out of bounds) 
Z-score: nan (nan) (h2  out of bounds)
P: nan (nan) (h2  out of bounds)
WARNING: One of the h2's was out of bounds.
This usually indicates a data-munging error or that h2 or N is low.

Computing rg for phenotype 56/68
Reading summary statistics from ../output_sumstats/output_pmid27989323_TNFb_eur.sumstats.gz ...
Read summary statistics for 1217311 SNPs.
After merging with summary statistics, 1167080 SNPs remain.
1048140 SNPs with valid alleles.

Heritability of phenotype 56/68
-------------------------------
Total Observed scale h2: -0.4543 (0.308)
Lambda GC: 1.0075
Mean Chi^2: 0.9957
Intercept: 1.0105 (0.0075)
Ratio: NA (mean chi^2 < 1)

Genetic Covariance
------------------
Total Observed scale gencov: 0.0404 (0.0882)
Mean z1*z2: 0.0503
Intercept: 0.0473 (0.0053)

Genetic Correlation
-------------------
Genetic Correlation: nan (nan) (h2  out of bounds) 
Z-score: nan (nan) (h2  out of bounds)
P: nan (nan) (h2  out of bounds)
WARNING: One of the h2's was out of bounds.
This usually indicates a data-munging error or that h2 or N is low.

Computing rg for phenotype 57/68
Reading summary statistics from ../output_sumstats/output_pmid27989323_TRAIL_eur.sumstats.gz ...
Read summary statistics for 1217311 SNPs.
After merging with summary statistics, 1167080 SNPs remain.
1164312 SNPs with valid alleles.

Heritability of phenotype 57/68
-------------------------------
Total Observed scale h2: -0.0217 (0.0542)
Lambda GC: 1.0195
Mean Chi^2: 1.0176
Intercept: 1.0212 (0.0116)
Ratio: 1.1995 (0.6561)

Genetic Covariance
------------------
Total Observed scale gencov: -0.0186 (0.0372)
Mean z1*z2: 0.2164
Intercept: 0.2194 (0.005)

Genetic Correlation
-------------------
Genetic Correlation: nan (nan) (h2  out of bounds) 
Z-score: nan (nan) (h2  out of bounds)
P: nan (nan) (h2  out of bounds)
WARNING: One of the h2's was out of bounds.
This usually indicates a data-munging error or that h2 or N is low.

Computing rg for phenotype 58/68
Reading summary statistics from ../output_sumstats/output_pmid27989323_bNGF_eur.sumstats.gz ...
Read summary statistics for 1217311 SNPs.
After merging with summary statistics, 1167080 SNPs remain.
1162996 SNPs with valid alleles.

Heritability of phenotype 58/68
-------------------------------
Total Observed scale h2: 0.2616 (0.1384)
Lambda GC: 1.0165
Mean Chi^2: 1.013
Intercept: 0.9945 (0.0077)
Ratio < 0 (usually indicates GC correction).

Genetic Covariance
------------------
Total Observed scale gencov: 0.0251 (0.0562)
Mean z1*z2: 0.2101
Intercept: 0.2073 (0.005)

Genetic Correlation
-------------------
Genetic Correlation: nan (nan) (h2  out of bounds) 
Z-score: nan (nan) (h2  out of bounds)
P: nan (nan) (h2  out of bounds)
WARNING: One of the h2's was out of bounds.
This usually indicates a data-munging error or that h2 or N is low.

Computing rg for phenotype 59/68
Reading summary statistics from ../output_sumstats/output_pmid27989323_eotaxin_eur.sumstats.gz ...
Read summary statistics for 1217311 SNPs.
After merging with summary statistics, 1167080 SNPs remain.
1164212 SNPs with valid alleles.

Heritability of phenotype 59/68
-------------------------------
Total Observed scale h2: 0.1066 (0.0671)
Lambda GC: 1.0135
Mean Chi^2: 1.0253
Intercept: 1.008 (0.0077)
Ratio: 0.3166 (0.3031)

Genetic Covariance
------------------
Total Observed scale gencov: -0.036 (0.0399)
Mean z1*z2: 0.238
Intercept: 0.244 (0.0051)

Genetic Correlation
-------------------
Genetic Correlation: nan (nan) (h2  out of bounds) 
Z-score: nan (nan) (h2  out of bounds)
P: nan (nan) (h2  out of bounds)
WARNING: One of the h2's was out of bounds.
This usually indicates a data-munging error or that h2 or N is low.

Computing rg for phenotype 60/68
Reading summary statistics from ../output_sumstats/output_pmid27989323_ip10_eur.sumstats.gz ...
Read summary statistics for 1217311 SNPs.
After merging with summary statistics, 1167080 SNPs remain.
1163406 SNPs with valid alleles.

Heritability of phenotype 60/68
-------------------------------
Total Observed scale h2: 0.1361 (0.1221)
Lambda GC: 1.0225
Mean Chi^2: 1.0177
Intercept: 1.0078 (0.0072)
Ratio: 0.4397 (0.404)

Genetic Covariance
------------------
Total Observed scale gencov: 0.0098 (0.0648)
Mean z1*z2: 0.0657
Intercept: 0.0644 (0.0053)

Genetic Correlation
-------------------
Genetic Correlation: nan (nan) (h2  out of bounds) 
Z-score: nan (nan) (h2  out of bounds)
P: nan (nan) (h2  out of bounds)
WARNING: One of the h2's was out of bounds.
This usually indicates a data-munging error or that h2 or N is low.

Computing rg for phenotype 61/68
Reading summary statistics from ../output_sumstats/output_pmid29566793_ALS_eur.sumstats.gz ...
Read summary statistics for 1217311 SNPs.
After merging with summary statistics, 1167080 SNPs remain.
1161210 SNPs with valid alleles.

Heritability of phenotype 61/68
-------------------------------
Total Observed scale h2: 0.0314 (0.0072)
Lambda GC: 1.0496
Mean Chi^2: 1.0739
Intercept: 1.0229 (0.0072)
Ratio: 0.31 (0.0974)

Genetic Covariance
------------------
Total Observed scale gencov: -0.0028 (0.0128)
Mean z1*z2: -0.0018
Intercept: -0.0004 (0.0042)

Genetic Correlation
-------------------
Genetic Correlation: nan (nan) (h2  out of bounds) 
Z-score: nan (nan) (h2  out of bounds)
P: nan (nan) (h2  out of bounds)
WARNING: One of the h2's was out of bounds.
This usually indicates a data-munging error or that h2 or N is low.

Computing rg for phenotype 62/68
Reading summary statistics from ../output_sumstats/output_pmid29632382_T2d-BMIadj_eur.sumstats.gz ...
Read summary statistics for 1217311 SNPs.
After merging with summary statistics, 1167080 SNPs remain.
25921 SNPs with valid alleles.
WARNING: number of SNPs less than 200k; this is almost always bad.

Heritability of phenotype 62/68
-------------------------------
Total Observed scale h2: 0.1022 (0.0274)
Lambda GC: 1.2136
Mean Chi^2: 1.7906
Intercept: 1.0049 (0.0834)
Ratio: 0.0062 (0.1055)

Genetic Covariance
------------------
Total Observed scale gencov: -0.0027 (0.0245)
Mean z1*z2: 0.0148
Intercept: 0.0165 (0.0237)

Genetic Correlation
-------------------
Genetic Correlation: nan (nan) (h2  out of bounds) 
Z-score: nan (nan) (h2  out of bounds)
P: nan (nan) (h2  out of bounds)
WARNING: One of the h2's was out of bounds.
This usually indicates a data-munging error or that h2 or N is low.

Computing rg for phenotype 63/68
Reading summary statistics from ../output_sumstats/output_pmid30054458_T2d_eur.sumstats.gz ...
Read summary statistics for 1217311 SNPs.
After merging with summary statistics, 1167080 SNPs remain.
997800 SNPs with valid alleles.

Heritability of phenotype 63/68
-------------------------------
Total Observed scale h2: 0.0458 (0.003)
Lambda GC: 1.4602
Mean Chi^2: 1.689
Intercept: 1.0537 (0.0189)
Ratio: 0.078 (0.0275)

Genetic Covariance
------------------
Total Observed scale gencov: 0.0058 (0.0069)
Mean z1*z2: 0.012
Intercept: 0.0057 (0.0069)

Genetic Correlation
-------------------
Genetic Correlation: nan (nan) (h2  out of bounds) 
Z-score: nan (nan) (h2  out of bounds)
P: nan (nan) (h2  out of bounds)
WARNING: One of the h2's was out of bounds.
This usually indicates a data-munging error or that h2 or N is low.

Computing rg for phenotype 64/68
Reading summary statistics from ../output_sumstats/output_pmid33111402_PD_eur.sumstats.gz ...
Read summary statistics for 1217311 SNPs.
After merging with summary statistics, 1167080 SNPs remain.
9913 SNPs with valid alleles.
WARNING: number of SNPs less than 200k; this is almost always bad.

Heritability of phenotype 64/68
-------------------------------
Total Observed scale h2: -2.622 (1.1261)
Lambda GC: 0.9576
Mean Chi^2: 0.9492
Intercept: 1.0849 (0.0594)
Ratio: NA (mean chi^2 < 1)

Genetic Covariance
------------------
Total Observed scale gencov: -0.4297 (0.4364)
Mean z1*z2: 0.0099
Intercept: 0.0485 (0.0394)

Genetic Correlation
-------------------
Genetic Correlation: nan (nan) (h2  out of bounds) 
Z-score: nan (nan) (h2  out of bounds)
P: nan (nan) (h2  out of bounds)
WARNING: One of the h2's was out of bounds.
This usually indicates a data-munging error or that h2 or N is low.

Computing rg for phenotype 65/68
Reading summary statistics from ../output_sumstats/output_pmid33310728_RA_eur.sumstats.gz ...
Read summary statistics for 1217311 SNPs.
After merging with summary statistics, 1167080 SNPs remain.
1157626 SNPs with valid alleles.

Heritability of phenotype 65/68
-------------------------------
Total Observed scale h2: 0.0367 (0.0042)
Lambda GC: 1.0741
Mean Chi^2: 1.2
Intercept: 0.9741 (0.0121)
Ratio < 0 (usually indicates GC correction).

Genetic Covariance
------------------
Total Observed scale gencov: 0.0031 (0.0069)
Mean z1*z2: -0.0005
Intercept: -0.0038 (0.0048)

Genetic Correlation
-------------------
Genetic Correlation: nan (nan) (h2  out of bounds) 
Z-score: nan (nan) (h2  out of bounds)
P: nan (nan) (h2  out of bounds)
WARNING: One of the h2's was out of bounds.
This usually indicates a data-munging error or that h2 or N is low.

Computing rg for phenotype 66/68
Reading summary statistics from ../output_sumstats/output_pmid33589841_LBD_eur.sumstats.gz ...
Read summary statistics for 1217311 SNPs.
After merging with summary statistics, 1167080 SNPs remain.
1060348 SNPs with valid alleles.

Heritability of phenotype 66/68
-------------------------------
Total Observed scale h2: 0.1676 (0.0807)
Lambda GC: 1.0225
Mean Chi^2: 1.0247
Intercept: 1.0025 (0.0086)
Ratio: 0.1015 (0.3466)

Genetic Covariance
------------------
Total Observed scale gencov: 0.036 (0.0408)
Mean z1*z2: -0.0054
Intercept: -0.0106 (0.0043)

Genetic Correlation
-------------------
Genetic Correlation: nan (nan) (h2  out of bounds) 
Z-score: nan (nan) (h2  out of bounds)
P: nan (nan) (h2  out of bounds)
WARNING: One of the h2's was out of bounds.
This usually indicates a data-munging error or that h2 or N is low.

Computing rg for phenotype 67/68
Reading summary statistics from ../output_sumstats/output_pmid33987465_PD_eur.sumstats.gz ...
Read summary statistics for 1217311 SNPs.
After merging with summary statistics, 1167080 SNPs remain.
1164412 SNPs with valid alleles.

Heritability of phenotype 67/68
-------------------------------
Total Observed scale h2: 0.4066 (0.1477)
Lambda GC: 1.0016
Mean Chi^2: 1.0049
Intercept: 0.9821 (0.0063)
Ratio < 0 (usually indicates GC correction).

Genetic Covariance
------------------
Total Observed scale gencov: -0.0049 (0.0595)
Mean z1*z2: -0.0008
Intercept: -0.0005 (0.0046)

Genetic Correlation
-------------------
Genetic Correlation: nan (nan) (h2  out of bounds) 
Z-score: nan (nan) (h2  out of bounds)
P: nan (nan) (h2  out of bounds)
WARNING: One of the h2's was out of bounds.
This usually indicates a data-munging error or that h2 or N is low.

Computing rg for phenotype 68/68
Reading summary statistics from ../output_sumstats/output_pmid34737426_APH_eur.sumstats.gz ...
Read summary statistics for 1217311 SNPs.
After merging with summary statistics, 1167080 SNPs remain.
1141269 SNPs with valid alleles.

Heritability of phenotype 68/68
-------------------------------
Total Observed scale h2: -4.0057e-05 (0.0009)
Lambda GC: 0.9957
Mean Chi^2: 0.9852
Intercept: 0.9856 (0.0061)
Ratio: NA (mean chi^2 < 1)

Genetic Covariance
------------------
Total Observed scale gencov: -0.0006 (0.0054)
Mean z1*z2: -0.0023
Intercept: -0.0015 (0.0044)

Genetic Correlation
-------------------
Genetic Correlation: nan (nan) (h2  out of bounds) 
Z-score: nan (nan) (h2  out of bounds)
P: nan (nan) (h2  out of bounds)
WARNING: One of the h2's was out of bounds.
This usually indicates a data-munging error or that h2 or N is low.


Summary of Genetic Correlation Results
                                                         p1                                                                      p2  rg  se   z   p     h2_obs  h2_obs_se  h2_int h2_int_se   gcov_int gcov_int_se
 ../output_sumstats/output_pmid27989323_HGF_eur.sumstats.gz              ../output_sumstats/output_pmid27989323_HGF_eur.sumstats.gz  NA  NA  NA  NA   -0.02715    0.05845   1.011  0.008107      1.011    0.008113
 ../output_sumstats/output_pmid27989323_HGF_eur.sumstats.gz               ../output_sumstats/output_pmid21833088_MS_eur.sumstats.gz  NA  NA  NA  NA         NA         NA      NA        NA         NA          NA
 ../output_sumstats/output_pmid27989323_HGF_eur.sumstats.gz               ../output_sumstats/output_pmid24076602_MS_eur.sumstats.gz  NA  NA  NA  NA       1.58     0.2418   1.017    0.0863   -0.00672     0.01978
 ../output_sumstats/output_pmid27989323_HGF_eur.sumstats.gz  ../output_sumstats/output_pmid24816252_acetylcarnitine_eur.sumstats.gz  NA  NA  NA  NA    -0.2387    0.08285   1.021  0.007545   0.002896    0.004097
 ../output_sumstats/output_pmid27989323_HGF_eur.sumstats.gz          ../output_sumstats/output_pmid24816252_alanine_eur.sumstats.gz  NA  NA  NA  NA     0.5277    0.07031   1.012  0.007102   0.000878    0.004837
 ../output_sumstats/output_pmid27989323_HGF_eur.sumstats.gz         ../output_sumstats/output_pmid24816252_arginine_eur.sumstats.gz  NA  NA  NA  NA  -0.006869    0.06392   1.038  0.007247   0.002287    0.004157
 ../output_sumstats/output_pmid27989323_HGF_eur.sumstats.gz       ../output_sumstats/output_pmid24816252_asparagine_eur.sumstats.gz  NA  NA  NA  NA     0.4985     0.0669   1.019  0.007209  0.0004499    0.004892
 ../output_sumstats/output_pmid27989323_HGF_eur.sumstats.gz      ../output_sumstats/output_pmid24816252_cholesterol_eur.sumstats.gz  NA  NA  NA  NA     0.1328    0.06762   1.044  0.006579  -0.003675    0.005248
 ../output_sumstats/output_pmid27989323_HGF_eur.sumstats.gz          ../output_sumstats/output_pmid24816252_citrate_eur.sumstats.gz  NA  NA  NA  NA     0.4485    0.07992   1.059  0.008273   0.002278    0.004718
 ../output_sumstats/output_pmid27989323_HGF_eur.sumstats.gz        ../output_sumstats/output_pmid24816252_glutamate_eur.sumstats.gz  NA  NA  NA  NA     0.1627    0.05716  0.9318  0.005889  -0.002637    0.004558
 ../output_sumstats/output_pmid27989323_HGF_eur.sumstats.gz         ../output_sumstats/output_pmid24816252_glycerol_eur.sumstats.gz  NA  NA  NA  NA    -0.1297    0.06055   1.016  0.006919   0.003004    0.004852
 ../output_sumstats/output_pmid27989323_HGF_eur.sumstats.gz        ../output_sumstats/output_pmid24816252_histidine_eur.sumstats.gz  NA  NA  NA  NA     0.4372    0.06971  0.7578  0.006179  -0.002643    0.004047
 ../output_sumstats/output_pmid27989323_HGF_eur.sumstats.gz       ../output_sumstats/output_pmid24816252_isoleucine_eur.sumstats.gz  NA  NA  NA  NA     -0.276    0.05865  0.9994  0.006422 -0.0002554    0.004417
 ../output_sumstats/output_pmid27989323_HGF_eur.sumstats.gz    ../output_sumstats/output_pmid24816252_phenylalanine_eur.sumstats.gz  NA  NA  NA  NA     0.3305    0.04361  0.7774    0.0051  0.0006618    0.004359
 ../output_sumstats/output_pmid27989323_HGF_eur.sumstats.gz          ../output_sumstats/output_pmid24816252_proline_eur.sumstats.gz  NA  NA  NA  NA     0.3743    0.08908   1.038   0.01249   0.002171    0.004581
 ../output_sumstats/output_pmid27989323_HGF_eur.sumstats.gz         ../output_sumstats/output_pmid24816252_pyruvate_eur.sumstats.gz  NA  NA  NA  NA      0.148    0.05578  0.9993  0.005973 -0.0005042    0.004973
 ../output_sumstats/output_pmid27989323_HGF_eur.sumstats.gz        ../output_sumstats/output_pmid24816252_threonine_eur.sumstats.gz  NA  NA  NA  NA    0.05004    0.08362   1.009  0.006707 -0.0005639    0.004475
 ../output_sumstats/output_pmid27989323_HGF_eur.sumstats.gz       ../output_sumstats/output_pmid24816252_tryptophan_eur.sumstats.gz  NA  NA  NA  NA     0.9249    0.07482   1.048  0.007953   0.004058    0.005038
 ../output_sumstats/output_pmid27989323_HGF_eur.sumstats.gz         ../output_sumstats/output_pmid24816252_tyrosine_eur.sumstats.gz  NA  NA  NA  NA     0.1685    0.07075   1.032  0.007167    0.00237    0.004957
 ../output_sumstats/output_pmid27989323_HGF_eur.sumstats.gz             ../output_sumstats/output_pmid24816252_urea_eur.sumstats.gz  NA  NA  NA  NA    -0.0799    0.05283   1.013  0.006341   0.005795    0.004907
 ../output_sumstats/output_pmid27989323_HGF_eur.sumstats.gz               ../output_sumstats/output_pmid27386562_MS_eur.sumstats.gz  NA  NA  NA  NA      0.241    0.04713   1.067  0.008821   0.005481    0.005646
 ../output_sumstats/output_pmid27989323_HGF_eur.sumstats.gz              ../output_sumstats/output_pmid27455348_ALS_eur.sumstats.gz  NA  NA  NA  NA    0.04739    0.01274  0.9978  0.006264 -0.0001498    0.004608
 ../output_sumstats/output_pmid27989323_HGF_eur.sumstats.gz            ../output_sumstats/output_pmid27989323_CTACK_eur.sumstats.gz  NA  NA  NA  NA  -0.008312     0.1161   1.004  0.007005    0.04478    0.005833
 ../output_sumstats/output_pmid27989323_HGF_eur.sumstats.gz             ../output_sumstats/output_pmid27989323_GCSF_eur.sumstats.gz  NA  NA  NA  NA    0.02264     0.0617   1.007  0.007984      0.223    0.005362
 ../output_sumstats/output_pmid27989323_HGF_eur.sumstats.gz             ../output_sumstats/output_pmid27989323_GROa_eur.sumstats.gz  NA  NA  NA  NA      -45.3      20.77   1.381     0.479     0.7465      0.4642
 ../output_sumstats/output_pmid27989323_HGF_eur.sumstats.gz             ../output_sumstats/output_pmid27989323_IFNg_eur.sumstats.gz  NA  NA  NA  NA    0.01146    0.06244  0.9994   0.00736     0.2703    0.004979
 ../output_sumstats/output_pmid27989323_HGF_eur.sumstats.gz             ../output_sumstats/output_pmid27989323_IL10_eur.sumstats.gz  NA  NA  NA  NA  -0.007344    0.07966   1.018   0.01232     0.2859     0.00505
 ../output_sumstats/output_pmid27989323_HGF_eur.sumstats.gz          ../output_sumstats/output_pmid27989323_IL12p70_eur.sumstats.gz  NA  NA  NA  NA   -0.02085    0.09069   1.034   0.01945     0.3112    0.005253
 ../output_sumstats/output_pmid27989323_HGF_eur.sumstats.gz             ../output_sumstats/output_pmid27989323_IL13_eur.sumstats.gz  NA  NA  NA  NA    -0.1679     0.1636   1.017   0.01249     0.0993    0.004638
 ../output_sumstats/output_pmid27989323_HGF_eur.sumstats.gz             ../output_sumstats/output_pmid27989323_IL16_eur.sumstats.gz  NA  NA  NA  NA   -0.07795      0.128  0.9956  0.007277     0.1965    0.005324
 ../output_sumstats/output_pmid27989323_HGF_eur.sumstats.gz             ../output_sumstats/output_pmid27989323_IL17_eur.sumstats.gz  NA  NA  NA  NA     -3.059      1.333   1.459    0.1309     0.3012      0.0784
 ../output_sumstats/output_pmid27989323_HGF_eur.sumstats.gz             ../output_sumstats/output_pmid27989323_IL18_eur.sumstats.gz  NA  NA  NA  NA     0.3521     0.5835  0.9974   0.02291     0.1527    0.008184
 ../output_sumstats/output_pmid27989323_HGF_eur.sumstats.gz            ../output_sumstats/output_pmid27989323_IL1ra_eur.sumstats.gz  NA  NA  NA  NA    0.01754     0.1442   1.007  0.008065     0.1108     0.00496
 ../output_sumstats/output_pmid27989323_HGF_eur.sumstats.gz              ../output_sumstats/output_pmid27989323_IL2_eur.sumstats.gz  NA  NA  NA  NA   -0.08513     0.1298   1.013   0.00711    0.09439     0.00475
 ../output_sumstats/output_pmid27989323_HGF_eur.sumstats.gz            ../output_sumstats/output_pmid27989323_IL2ra_eur.sumstats.gz  NA  NA  NA  NA     0.0581     0.1182   1.004  0.006633     0.1909    0.005021
 ../output_sumstats/output_pmid27989323_HGF_eur.sumstats.gz              ../output_sumstats/output_pmid27989323_IL4_eur.sumstats.gz  NA  NA  NA  NA   -0.04061    0.05988    1.01  0.007918     0.2829    0.005271
 ../output_sumstats/output_pmid27989323_HGF_eur.sumstats.gz              ../output_sumstats/output_pmid27989323_IL5_eur.sumstats.gz  NA  NA  NA  NA    -0.1307     0.1362   1.013   0.00741     0.1143    0.004998
 ../output_sumstats/output_pmid27989323_HGF_eur.sumstats.gz              ../output_sumstats/output_pmid27989323_IL6_eur.sumstats.gz  NA  NA  NA  NA  -0.003941    0.05667   1.008  0.006953     0.3374    0.005384
 ../output_sumstats/output_pmid27989323_HGF_eur.sumstats.gz              ../output_sumstats/output_pmid27989323_IL7_eur.sumstats.gz  NA  NA  NA  NA   -0.04259     0.1573   1.013  0.008926     0.1192    0.005013
 ../output_sumstats/output_pmid27989323_HGF_eur.sumstats.gz              ../output_sumstats/output_pmid27989323_IL8_eur.sumstats.gz  NA  NA  NA  NA   -0.02849     0.1271   1.008  0.006767     0.1723    0.004964
 ../output_sumstats/output_pmid27989323_HGF_eur.sumstats.gz              ../output_sumstats/output_pmid27989323_IL9_eur.sumstats.gz  NA  NA  NA  NA    -0.1729     0.1254   1.014  0.007069    0.09119    0.005009
 ../output_sumstats/output_pmid27989323_HGF_eur.sumstats.gz             ../output_sumstats/output_pmid27989323_MCP1_eur.sumstats.gz  NA  NA  NA  NA     0.1706    0.08236  0.9948  0.007968     0.3018    0.005374
 ../output_sumstats/output_pmid27989323_HGF_eur.sumstats.gz             ../output_sumstats/output_pmid27989323_MCP3_eur.sumstats.gz  NA  NA  NA  NA     -0.852     0.5706   1.014  0.007727    0.06596    0.005633
 ../output_sumstats/output_pmid27989323_HGF_eur.sumstats.gz             ../output_sumstats/output_pmid27989323_MCSF_eur.sumstats.gz  NA  NA  NA  NA     0.1127     0.5007  0.9912  0.007004     0.0705    0.005052
 ../output_sumstats/output_pmid27989323_HGF_eur.sumstats.gz              ../output_sumstats/output_pmid27989323_MIF_eur.sumstats.gz  NA  NA  NA  NA    0.08272     0.1361   1.005  0.006944     0.1172    0.005269
 ../output_sumstats/output_pmid27989323_HGF_eur.sumstats.gz              ../output_sumstats/output_pmid27989323_MIG_eur.sumstats.gz  NA  NA  NA  NA    -0.1332     0.1092   1.014  0.006391     0.1946    0.005537
 ../output_sumstats/output_pmid27989323_HGF_eur.sumstats.gz            ../output_sumstats/output_pmid27989323_MIP1a_eur.sumstats.gz  NA  NA  NA  NA    -0.1426     0.1407   1.009  0.007118     0.1135    0.004645
 ../output_sumstats/output_pmid27989323_HGF_eur.sumstats.gz            ../output_sumstats/output_pmid27989323_MIP1b_eur.sumstats.gz  NA  NA  NA  NA     0.2201     0.2768   1.019   0.02961     0.2625    0.005062
 ../output_sumstats/output_pmid27989323_HGF_eur.sumstats.gz           ../output_sumstats/output_pmid27989323_PDGFbb_eur.sumstats.gz  NA  NA  NA  NA  -0.006432    0.06265   1.022  0.008673     0.2671    0.005507
 ../output_sumstats/output_pmid27989323_HGF_eur.sumstats.gz           ../output_sumstats/output_pmid27989323_RANTES_eur.sumstats.gz  NA  NA  NA  NA     0.1215     0.1263  0.9997  0.006726      0.108    0.005311
 ../output_sumstats/output_pmid27989323_HGF_eur.sumstats.gz              ../output_sumstats/output_pmid27989323_SCF_eur.sumstats.gz  NA  NA  NA  NA   -0.05268    0.05634   1.018   0.00719     0.3449     0.00505
 ../output_sumstats/output_pmid27989323_HGF_eur.sumstats.gz            ../output_sumstats/output_pmid27989323_SCGFb_eur.sumstats.gz  NA  NA  NA  NA    0.09625     0.1784   1.011  0.009871     0.1765    0.007621
 ../output_sumstats/output_pmid27989323_HGF_eur.sumstats.gz             ../output_sumstats/output_pmid27989323_SDF1_eur.sumstats.gz  NA  NA  NA  NA    -0.0153    0.07537  0.9992  0.007106     0.3047    0.005073
 ../output_sumstats/output_pmid27989323_HGF_eur.sumstats.gz             ../output_sumstats/output_pmid27989323_TNFa_eur.sumstats.gz  NA  NA  NA  NA   -0.06013      0.134   0.998  0.006938    0.09059    0.005089
 ../output_sumstats/output_pmid27989323_HGF_eur.sumstats.gz             ../output_sumstats/output_pmid27989323_TNFb_eur.sumstats.gz  NA  NA  NA  NA    -0.4543      0.308    1.01  0.007545    0.04726    0.005315
 ../output_sumstats/output_pmid27989323_HGF_eur.sumstats.gz            ../output_sumstats/output_pmid27989323_TRAIL_eur.sumstats.gz  NA  NA  NA  NA   -0.02168    0.05417   1.021   0.01157     0.2194    0.005002
 ../output_sumstats/output_pmid27989323_HGF_eur.sumstats.gz             ../output_sumstats/output_pmid27989323_bNGF_eur.sumstats.gz  NA  NA  NA  NA     0.2616     0.1384  0.9945  0.007703     0.2073     0.00503
 ../output_sumstats/output_pmid27989323_HGF_eur.sumstats.gz          ../output_sumstats/output_pmid27989323_eotaxin_eur.sumstats.gz  NA  NA  NA  NA     0.1066    0.06711   1.008  0.007671      0.244    0.005091
 ../output_sumstats/output_pmid27989323_HGF_eur.sumstats.gz             ../output_sumstats/output_pmid27989323_ip10_eur.sumstats.gz  NA  NA  NA  NA     0.1361     0.1221   1.008  0.007171    0.06445    0.005297
 ../output_sumstats/output_pmid27989323_HGF_eur.sumstats.gz              ../output_sumstats/output_pmid29566793_ALS_eur.sumstats.gz  NA  NA  NA  NA    0.03143   0.007226   1.023  0.007191 -0.0004235     0.00423
 ../output_sumstats/output_pmid27989323_HGF_eur.sumstats.gz       ../output_sumstats/output_pmid29632382_T2d-BMIadj_eur.sumstats.gz  NA  NA  NA  NA     0.1022    0.02738   1.005   0.08337    0.01646     0.02372
 ../output_sumstats/output_pmid27989323_HGF_eur.sumstats.gz              ../output_sumstats/output_pmid30054458_T2d_eur.sumstats.gz  NA  NA  NA  NA    0.04578   0.003026   1.054   0.01894   0.005675    0.006869
 ../output_sumstats/output_pmid27989323_HGF_eur.sumstats.gz               ../output_sumstats/output_pmid33111402_PD_eur.sumstats.gz  NA  NA  NA  NA     -2.622      1.126   1.085   0.05945     0.0485     0.03936
 ../output_sumstats/output_pmid27989323_HGF_eur.sumstats.gz               ../output_sumstats/output_pmid33310728_RA_eur.sumstats.gz  NA  NA  NA  NA    0.03674   0.004214  0.9741    0.0121   -0.00384     0.00476
 ../output_sumstats/output_pmid27989323_HGF_eur.sumstats.gz              ../output_sumstats/output_pmid33589841_LBD_eur.sumstats.gz  NA  NA  NA  NA     0.1676    0.08074   1.003  0.008576   -0.01057    0.004288
 ../output_sumstats/output_pmid27989323_HGF_eur.sumstats.gz               ../output_sumstats/output_pmid33987465_PD_eur.sumstats.gz  NA  NA  NA  NA     0.4066     0.1477  0.9821  0.006269 -0.0004524    0.004576
 ../output_sumstats/output_pmid27989323_HGF_eur.sumstats.gz              ../output_sumstats/output_pmid34737426_APH_eur.sumstats.gz  NA  NA  NA  NA -4.006e-05  0.0009417  0.9856  0.006143  -0.001471    0.004409

Analysis finished at Sat Feb 24 15:03:40 2024
Total time elapsed: 5.0h:54.0m:47.21s
