*********************************************************************
* LD Score Regression (LDSC)
* Version 1.0.1
* (C) 2014-2019 Brendan Bulik-Sullivan and Hilary Finucane
* Broad Institute of MIT and Harvard / MIT Department of Mathematics
* GNU General Public License v3
*********************************************************************
Call: 
./ldsc.py \
--ref-ld-chr ../input_files/eur_w_ld_chr/ \
--out ../output_ld_regression/output_pmid27989323_bNGF_eur_ldReg \
--rg ../output_sumstats/output_pmid27989323_bNGF_eur.sumstats.gz,../output_sumstats/output_pmid27989323_bNGF_eur.sumstats.gz,../output_sumstats/output_pmid21833088_MS_eur.sumstats.gz,../output_sumstats/output_pmid24076602_MS_eur.sumstats.gz,../output_sumstats/output_pmid24816252_acetylcarnitine_eur.sumstats.gz,../output_sumstats/output_pmid24816252_alanine_eur.sumstats.gz,../output_sumstats/output_pmid24816252_arginine_eur.sumstats.gz,../output_sumstats/output_pmid24816252_asparagine_eur.sumstats.gz,../output_sumstats/output_pmid24816252_cholesterol_eur.sumstats.gz,../output_sumstats/output_pmid24816252_citrate_eur.sumstats.gz,../output_sumstats/output_pmid24816252_glutamate_eur.sumstats.gz,../output_sumstats/output_pmid24816252_glycerol_eur.sumstats.gz,../output_sumstats/output_pmid24816252_histidine_eur.sumstats.gz,../output_sumstats/output_pmid24816252_isoleucine_eur.sumstats.gz,../output_sumstats/output_pmid24816252_phenylalanine_eur.sumstats.gz,../output_sumstats/output_pmid24816252_proline_eur.sumstats.gz,../output_sumstats/output_pmid24816252_pyruvate_eur.sumstats.gz,../output_sumstats/output_pmid24816252_threonine_eur.sumstats.gz,../output_sumstats/output_pmid24816252_tryptophan_eur.sumstats.gz,../output_sumstats/output_pmid24816252_tyrosine_eur.sumstats.gz,../output_sumstats/output_pmid24816252_urea_eur.sumstats.gz,../output_sumstats/output_pmid27386562_MS_eur.sumstats.gz,../output_sumstats/output_pmid27455348_ALS_eur.sumstats.gz,../output_sumstats/output_pmid27989323_CTACK_eur.sumstats.gz,../output_sumstats/output_pmid27989323_GCSF_eur.sumstats.gz,../output_sumstats/output_pmid27989323_GROa_eur.sumstats.gz,../output_sumstats/output_pmid27989323_HGF_eur.sumstats.gz,../output_sumstats/output_pmid27989323_IFNg_eur.sumstats.gz,../output_sumstats/output_pmid27989323_IL10_eur.sumstats.gz,../output_sumstats/output_pmid27989323_IL12p70_eur.sumstats.gz,../output_sumstats/output_pmid27989323_IL13_eur.sumstats.gz,../output_sumstats/output_pmid27989323_IL16_eur.sumstats.gz,../output_sumstats/output_pmid27989323_IL17_eur.sumstats.gz,../output_sumstats/output_pmid27989323_IL18_eur.sumstats.gz,../output_sumstats/output_pmid27989323_IL1ra_eur.sumstats.gz,../output_sumstats/output_pmid27989323_IL2_eur.sumstats.gz,../output_sumstats/output_pmid27989323_IL2ra_eur.sumstats.gz,../output_sumstats/output_pmid27989323_IL4_eur.sumstats.gz,../output_sumstats/output_pmid27989323_IL5_eur.sumstats.gz,../output_sumstats/output_pmid27989323_IL6_eur.sumstats.gz,../output_sumstats/output_pmid27989323_IL7_eur.sumstats.gz,../output_sumstats/output_pmid27989323_IL8_eur.sumstats.gz,../output_sumstats/output_pmid27989323_IL9_eur.sumstats.gz,../output_sumstats/output_pmid27989323_MCP1_eur.sumstats.gz,../output_sumstats/output_pmid27989323_MCP3_eur.sumstats.gz,../output_sumstats/output_pmid27989323_MCSF_eur.sumstats.gz,../output_sumstats/output_pmid27989323_MIF_eur.sumstats.gz,../output_sumstats/output_pmid27989323_MIG_eur.sumstats.gz,../output_sumstats/output_pmid27989323_MIP1a_eur.sumstats.gz,../output_sumstats/output_pmid27989323_MIP1b_eur.sumstats.gz,../output_sumstats/output_pmid27989323_PDGFbb_eur.sumstats.gz,../output_sumstats/output_pmid27989323_RANTES_eur.sumstats.gz,../output_sumstats/output_pmid27989323_SCF_eur.sumstats.gz,../output_sumstats/output_pmid27989323_SCGFb_eur.sumstats.gz,../output_sumstats/output_pmid27989323_SDF1_eur.sumstats.gz,../output_sumstats/output_pmid27989323_TNFa_eur.sumstats.gz,../output_sumstats/output_pmid27989323_TNFb_eur.sumstats.gz,../output_sumstats/output_pmid27989323_TRAIL_eur.sumstats.gz,../output_sumstats/output_pmid27989323_eotaxin_eur.sumstats.gz,../output_sumstats/output_pmid27989323_ip10_eur.sumstats.gz,../output_sumstats/output_pmid29566793_ALS_eur.sumstats.gz,../output_sumstats/output_pmid29632382_T2d-BMIadj_eur.sumstats.gz,../output_sumstats/output_pmid30054458_T2d_eur.sumstats.gz,../output_sumstats/output_pmid33111402_PD_eur.sumstats.gz,../output_sumstats/output_pmid33310728_RA_eur.sumstats.gz,../output_sumstats/output_pmid33589841_LBD_eur.sumstats.gz,../output_sumstats/output_pmid33987465_PD_eur.sumstats.gz,../output_sumstats/output_pmid34737426_APH_eur.sumstats.gz \
--w-ld-chr ../input_files/eur_w_ld_chr/ 

Beginning analysis at Sat Feb 24 21:46:59 2024
Reading summary statistics from ../output_sumstats/output_pmid27989323_bNGF_eur.sumstats.gz ...
Read summary statistics for 1176785 SNPs.
Reading reference panel LD Score from ../input_files/eur_w_ld_chr/[1-22] ... (ldscore_fromlist)
Read reference panel LD Scores for 1290028 SNPs.
Removing partitioned LD Scores with zero variance.
Reading regression weight LD Score from ../input_files/eur_w_ld_chr/[1-22] ... (ldscore_fromlist)
Read regression weight LD Scores for 1290028 SNPs.
After merging with reference panel LD, 1165565 SNPs remain.
After merging with regression SNP LD, 1165565 SNPs remain.
Computing rg for phenotype 2/68
Reading summary statistics from ../output_sumstats/output_pmid27989323_bNGF_eur.sumstats.gz ...
Read summary statistics for 1217311 SNPs.
After merging with summary statistics, 1165565 SNPs remain.
1165565 SNPs with valid alleles.

Heritability of phenotype 1
---------------------------
Total Observed scale h2: 0.262 (0.1383)
Lambda GC: 1.0165
Mean Chi^2: 1.0127
Intercept: 0.9943 (0.0077)
Ratio < 0 (usually indicates GC correction).

Heritability of phenotype 2/68
------------------------------
Total Observed scale h2: 0.262 (0.1383)
Lambda GC: 1.0165
Mean Chi^2: 1.0127
Intercept: 0.9943 (0.0077)
Ratio < 0 (usually indicates GC correction).

Genetic Covariance
------------------
Total Observed scale gencov: 0.262 (0.1383)
Mean z1*z2: 1.0127
Intercept: 0.9943 (0.0077)

Genetic Correlation
-------------------
Genetic Correlation: 1. (1.409e-06)
Z-score: 709729.5591
P: 0.

Computing rg for phenotype 3/68
Reading summary statistics from ../output_sumstats/output_pmid21833088_MS_eur.sumstats.gz ...
Read summary statistics for 1217311 SNPs.
After merging with summary statistics, 1165565 SNPs remain.
449781 SNPs with valid alleles.

Heritability of phenotype 3/68
------------------------------
Total Observed scale h2: 0.0536 (0.0283)
Lambda GC: 1.0405
Mean Chi^2: 1.0857
Intercept: 1.0599 (0.0091)
Ratio: 0.6997 (0.1061)

Genetic Covariance
------------------
Total Observed scale gencov: -0.0212 (0.0397)
Mean z1*z2: -0.0006
Intercept: 0.0032 (0.006)

Genetic Correlation
-------------------
Genetic Correlation: -0.2345 (0.446)
Z-score: -0.5257
P: 0.5991

Computing rg for phenotype 4/68
Reading summary statistics from ../output_sumstats/output_pmid24076602_MS_eur.sumstats.gz ...
Read summary statistics for 1217311 SNPs.
After merging with summary statistics, 1165565 SNPs remain.
49483 SNPs with valid alleles.
WARNING: number of SNPs less than 200k; this is almost always bad.

Heritability of phenotype 4/68
------------------------------
Total Observed scale h2: 1.6026 (0.2348)
Lambda GC: 1.4673
Mean Chi^2: 2.2021
Intercept: 1.0035 (0.0829)
Ratio: 0.0029 (0.069)

Genetic Covariance
------------------
Total Observed scale gencov: 0.047 (0.1888)
Mean z1*z2: 0.0186
Intercept: 0.0283 (0.0236)

Genetic Correlation
-------------------
Genetic Correlation: 0.0658 (0.3213)
Z-score: 0.2048
P: 0.8377

Computing rg for phenotype 5/68
Reading summary statistics from ../output_sumstats/output_pmid24816252_acetylcarnitine_eur.sumstats.gz ...
Read summary statistics for 1217311 SNPs.
After merging with summary statistics, 1165565 SNPs remain.
1022825 SNPs with valid alleles.

Heritability of phenotype 5/68
------------------------------
Total Observed scale h2: -0.2353 (0.0833)
Lambda GC: 0.9721
Mean Chi^2: 0.9856
Intercept: 1.0201 (0.0076)
Ratio: NA (mean chi^2 < 1)

Genetic Covariance
------------------
Total Observed scale gencov: 0.0411 (0.0608)
Mean z1*z2: 0.0054
Intercept: 0.0012 (0.0048)

Genetic Correlation
-------------------
Genetic Correlation: nan (nan) (h2  out of bounds) 
Z-score: nan (nan) (h2  out of bounds)
P: nan (nan) (h2  out of bounds)
WARNING: One of the h2's was out of bounds.
This usually indicates a data-munging error or that h2 or N is low.

Computing rg for phenotype 6/68
Reading summary statistics from ../output_sumstats/output_pmid24816252_alanine_eur.sumstats.gz ...
Read summary statistics for 1217311 SNPs.
After merging with summary statistics, 1165565 SNPs remain.
1022825 SNPs with valid alleles.

Heritability of phenotype 6/68
------------------------------
Total Observed scale h2: 0.5282 (0.0708)
Lambda GC: 1.0649
Mean Chi^2: 1.0876
Intercept: 1.0114 (0.0072)
Ratio: 0.1304 (0.0822)

Genetic Covariance
------------------
Total Observed scale gencov: -0.0075 (0.0695)
Mean z1*z2: 0.0008
Intercept: 0.001 (0.0047)

Genetic Correlation
-------------------
Genetic Correlation: -0.0211 (0.1963)
Z-score: -0.1073
P: 0.9145

Computing rg for phenotype 7/68
Reading summary statistics from ../output_sumstats/output_pmid24816252_arginine_eur.sumstats.gz ...
Read summary statistics for 1217311 SNPs.
After merging with summary statistics, 1165565 SNPs remain.
1022825 SNPs with valid alleles.

Heritability of phenotype 7/68
------------------------------
Total Observed scale h2: -0.0075 (0.0638)
Lambda GC: 1.0255
Mean Chi^2: 1.0368
Intercept: 1.0377 (0.0072)
Ratio: 1.0266 (0.1962)

Genetic Covariance
------------------
Total Observed scale gencov: 0.0067 (0.0638)
Mean z1*z2: 0.0034
Intercept: 0.0027 (0.0046)

Genetic Correlation
-------------------
Genetic Correlation: nan (nan) (h2  out of bounds) 
Z-score: nan (nan) (h2  out of bounds)
P: nan (nan) (h2  out of bounds)
WARNING: One of the h2's was out of bounds.
This usually indicates a data-munging error or that h2 or N is low.

Computing rg for phenotype 8/68
Reading summary statistics from ../output_sumstats/output_pmid24816252_asparagine_eur.sumstats.gz ...
Read summary statistics for 1217311 SNPs.
After merging with summary statistics, 1165565 SNPs remain.
1022825 SNPs with valid alleles.

Heritability of phenotype 8/68
------------------------------
Total Observed scale h2: 0.4975 (0.0674)
Lambda GC: 1.0679
Mean Chi^2: 1.0907
Intercept: 1.019 (0.0073)
Ratio: 0.2095 (0.0806)

Genetic Covariance
------------------
Total Observed scale gencov: 0.0159 (0.0664)
Mean z1*z2: -0.0003
Intercept: -0.0022 (0.0045)

Genetic Correlation
-------------------
Genetic Correlation: 0.0457 (0.193)
Z-score: 0.2369
P: 0.8127

Computing rg for phenotype 9/68
Reading summary statistics from ../output_sumstats/output_pmid24816252_cholesterol_eur.sumstats.gz ...
Read summary statistics for 1217311 SNPs.
After merging with summary statistics, 1165565 SNPs remain.
1022825 SNPs with valid alleles.

Heritability of phenotype 9/68
------------------------------
Total Observed scale h2: 0.1356 (0.0676)
Lambda GC: 1.0496
Mean Chi^2: 1.0632
Intercept: 1.0433 (0.0066)
Ratio: 0.6852 (0.1038)

Genetic Covariance
------------------
Total Observed scale gencov: 0.0268 (0.0646)
Mean z1*z2: 0.0021
Intercept: -0.0009 (0.0047)

Genetic Correlation
-------------------
Genetic Correlation: 0.1477 (0.3604)
Z-score: 0.4097
P: 0.682

Computing rg for phenotype 10/68
Reading summary statistics from ../output_sumstats/output_pmid24816252_citrate_eur.sumstats.gz ...
Read summary statistics for 1217311 SNPs.
After merging with summary statistics, 1165565 SNPs remain.
1022825 SNPs with valid alleles.

Heritability of phenotype 10/68
-------------------------------
Total Observed scale h2: 0.4473 (0.0799)
Lambda GC: 1.0957
Mean Chi^2: 1.123
Intercept: 1.0595 (0.0082)
Ratio: 0.4837 (0.0669)

Genetic Covariance
------------------
Total Observed scale gencov: 0.0563 (0.064)
Mean z1*z2: 0.0063
Intercept: -9.1579e-05 (0.0046)

Genetic Correlation
-------------------
Genetic Correlation: 0.1708 (0.2037)
Z-score: 0.8382
P: 0.4019

Computing rg for phenotype 11/68
Reading summary statistics from ../output_sumstats/output_pmid24816252_glutamate_eur.sumstats.gz ...
Read summary statistics for 1217311 SNPs.
After merging with summary statistics, 1165565 SNPs remain.
1022825 SNPs with valid alleles.

Heritability of phenotype 11/68
-------------------------------
Total Observed scale h2: 0.1598 (0.0574)
Lambda GC: 0.9576
Mean Chi^2: 0.9552
Intercept: 0.9322 (0.0059)
Ratio: NA (mean chi^2 < 1)

Genetic Covariance
------------------
Total Observed scale gencov: 0.0054 (0.0607)
Mean z1*z2: -0.0021
Intercept: -0.0024 (0.0046)

Genetic Correlation
-------------------
Genetic Correlation: 0.0273 (0.3134)
Z-score: 0.0871
P: 0.9306

Computing rg for phenotype 12/68
Reading summary statistics from ../output_sumstats/output_pmid24816252_glycerol_eur.sumstats.gz ...
Read summary statistics for 1217311 SNPs.
After merging with summary statistics, 1165565 SNPs remain.
1022825 SNPs with valid alleles.

Heritability of phenotype 12/68
-------------------------------
Total Observed scale h2: -0.1292 (0.0608)
Lambda GC: 0.9868
Mean Chi^2: 0.9977
Intercept: 1.0165 (0.007)
Ratio: NA (mean chi^2 < 1)

Genetic Covariance
------------------
Total Observed scale gencov: -0.0322 (0.0653)
Mean z1*z2: -0.0001
Intercept: 0.003 (0.0048)

Genetic Correlation
-------------------
Genetic Correlation: nan (nan) (h2  out of bounds) 
Z-score: nan (nan) (h2  out of bounds)
P: nan (nan) (h2  out of bounds)
WARNING: One of the h2's was out of bounds.
This usually indicates a data-munging error or that h2 or N is low.

Computing rg for phenotype 13/68
Reading summary statistics from ../output_sumstats/output_pmid24816252_histidine_eur.sumstats.gz ...
Read summary statistics for 1217311 SNPs.
After merging with summary statistics, 1165565 SNPs remain.
1022825 SNPs with valid alleles.

Heritability of phenotype 13/68
-------------------------------
Total Observed scale h2: 0.4303 (0.0693)
Lambda GC: 0.81
Mean Chi^2: 0.8194
Intercept: 0.7589 (0.0061)
Ratio: NA (mean chi^2 < 1)

Genetic Covariance
------------------
Total Observed scale gencov: -0.0145 (0.0498)
Mean z1*z2: 0.0002
Intercept: 0.0015 (0.0036)

Genetic Correlation
-------------------
Genetic Correlation: -0.0449 (0.1556)
Z-score: -0.2883
P: 0.7731

Computing rg for phenotype 14/68
Reading summary statistics from ../output_sumstats/output_pmid24816252_isoleucine_eur.sumstats.gz ...
Read summary statistics for 1217311 SNPs.
After merging with summary statistics, 1165565 SNPs remain.
1022825 SNPs with valid alleles.

Heritability of phenotype 14/68
-------------------------------
Total Observed scale h2: -0.2804 (0.059)
Lambda GC: 0.9489
Mean Chi^2: 0.9588
Intercept: 0.9999 (0.0065)
Ratio: NA (mean chi^2 < 1)

Genetic Covariance
------------------
Total Observed scale gencov: -0.0683 (0.0536)
Mean z1*z2: 0.001
Intercept: 0.008 (0.0044)

Genetic Correlation
-------------------
Genetic Correlation: nan (nan) (h2  out of bounds) 
Z-score: nan (nan) (h2  out of bounds)
P: nan (nan) (h2  out of bounds)
WARNING: One of the h2's was out of bounds.
This usually indicates a data-munging error or that h2 or N is low.

Computing rg for phenotype 15/68
Reading summary statistics from ../output_sumstats/output_pmid24816252_phenylalanine_eur.sumstats.gz ...
Read summary statistics for 1217311 SNPs.
After merging with summary statistics, 1165565 SNPs remain.
1022825 SNPs with valid alleles.

Heritability of phenotype 15/68
-------------------------------
Total Observed scale h2: 0.3255 (0.0436)
Lambda GC: 0.8207
Mean Chi^2: 0.8235
Intercept: 0.7781 (0.0051)
Ratio: NA (mean chi^2 < 1)

Genetic Covariance
------------------
Total Observed scale gencov: -0.074 (0.0535)
Mean z1*z2: -0.004
Intercept: 0.0034 (0.004)

Genetic Correlation
-------------------
Genetic Correlation: -0.2632 (0.2092)
Z-score: -1.2584
P: 0.2082

Computing rg for phenotype 16/68
Reading summary statistics from ../output_sumstats/output_pmid24816252_proline_eur.sumstats.gz ...
Read summary statistics for 1217311 SNPs.
After merging with summary statistics, 1165565 SNPs remain.
1022825 SNPs with valid alleles.

Heritability of phenotype 16/68
-------------------------------
Total Observed scale h2: 0.3727 (0.0901)
Lambda GC: 1.0679
Mean Chi^2: 1.0922
Intercept: 1.0381 (0.0127)
Ratio: 0.4134 (0.1379)

Genetic Covariance
------------------
Total Observed scale gencov: -0.0414 (0.0644)
Mean z1*z2: 0.0011
Intercept: 0.0052 (0.0049)

Genetic Correlation
-------------------
Genetic Correlation: -0.1376 (0.2228)
Z-score: -0.6173
P: 0.5371

Computing rg for phenotype 17/68
Reading summary statistics from ../output_sumstats/output_pmid24816252_pyruvate_eur.sumstats.gz ...
Read summary statistics for 1217311 SNPs.
After merging with summary statistics, 1165565 SNPs remain.
1022825 SNPs with valid alleles.

Heritability of phenotype 17/68
-------------------------------
Total Observed scale h2: 0.1531 (0.056)
Lambda GC: 1.0195
Mean Chi^2: 1.0203
Intercept: 0.9986 (0.006)
Ratio < 0 (usually indicates GC correction).

Genetic Covariance
------------------
Total Observed scale gencov: 0.0211 (0.067)
Mean z1*z2: 0.0003
Intercept: -0.002 (0.0048)

Genetic Correlation
-------------------
Genetic Correlation: 0.1092 (0.3511)
Z-score: 0.311
P: 0.7558

Computing rg for phenotype 18/68
Reading summary statistics from ../output_sumstats/output_pmid24816252_threonine_eur.sumstats.gz ...
Read summary statistics for 1217311 SNPs.
After merging with summary statistics, 1165565 SNPs remain.
1022825 SNPs with valid alleles.

Heritability of phenotype 18/68
-------------------------------
Total Observed scale h2: 0.0494 (0.0838)
Lambda GC: 1.0016
Mean Chi^2: 1.015
Intercept: 1.0093 (0.0067)
Ratio: 0.6227 (0.45)

Genetic Covariance
------------------
Total Observed scale gencov: -0.0323 (0.075)
Mean z1*z2: -0.0026
Intercept: 0.0002 (0.0051)

Genetic Correlation
-------------------
Genetic Correlation: -0.2953 (0.7546)
Z-score: -0.3913
P: 0.6955

Computing rg for phenotype 19/68
Reading summary statistics from ../output_sumstats/output_pmid24816252_tryptophan_eur.sumstats.gz ...
Read summary statistics for 1217311 SNPs.
After merging with summary statistics, 1165565 SNPs remain.
1022825 SNPs with valid alleles.

Heritability of phenotype 19/68
-------------------------------
Total Observed scale h2: 0.9303 (0.0746)
Lambda GC: 1.0864
Mean Chi^2: 1.1817
Intercept: 1.0478 (0.0079)
Ratio: 0.2632 (0.0437)

Genetic Covariance
------------------
Total Observed scale gencov: -0.1854 (0.0686)
Mean z1*z2: -0.0138
Intercept: 0.0048 (0.0049)

Genetic Correlation
-------------------
Genetic Correlation: -0.3901 (0.1704)
Z-score: -2.2896
P: 0.022

Computing rg for phenotype 20/68
Reading summary statistics from ../output_sumstats/output_pmid24816252_tyrosine_eur.sumstats.gz ...
Read summary statistics for 1217311 SNPs.
After merging with summary statistics, 1165565 SNPs remain.
1022825 SNPs with valid alleles.

Heritability of phenotype 20/68
-------------------------------
Total Observed scale h2: 0.1666 (0.0708)
Lambda GC: 1.0466
Mean Chi^2: 1.0567
Intercept: 1.0324 (0.0072)
Ratio: 0.5711 (0.1269)

Genetic Covariance
------------------
Total Observed scale gencov: -0.0382 (0.0655)
Mean z1*z2: -0.0018
Intercept: 0.0018 (0.005)

Genetic Correlation
-------------------
Genetic Correlation: -0.19 (0.3287)
Z-score: -0.578
P: 0.5633

Computing rg for phenotype 21/68
Reading summary statistics from ../output_sumstats/output_pmid24816252_urea_eur.sumstats.gz ...
Read summary statistics for 1217311 SNPs.
After merging with summary statistics, 1165565 SNPs remain.
1022825 SNPs with valid alleles.

Heritability of phenotype 21/68
-------------------------------
Total Observed scale h2: -0.079 (0.0524)
Lambda GC: 0.9898
Mean Chi^2: 1.0009
Intercept: 1.0124 (0.0063)
Ratio: 13.3361 (6.7318)

Genetic Covariance
------------------
Total Observed scale gencov: 0.0332 (0.0583)
Mean z1*z2: -0.0016
Intercept: -0.005 (0.0045)

Genetic Correlation
-------------------
Genetic Correlation: nan (nan) (h2  out of bounds) 
Z-score: nan (nan) (h2  out of bounds)
P: nan (nan) (h2  out of bounds)
WARNING: One of the h2's was out of bounds.
This usually indicates a data-munging error or that h2 or N is low.

Computing rg for phenotype 22/68
Reading summary statistics from ../output_sumstats/output_pmid27386562_MS_eur.sumstats.gz ...
Read summary statistics for 1217311 SNPs.
After merging with summary statistics, 1165565 SNPs remain.
1136234 SNPs with valid alleles.

Heritability of phenotype 22/68
-------------------------------
Total Observed scale h2: 0.2448 (0.0474)
Lambda GC: 1.1238
Mean Chi^2: 1.1417
Intercept: 1.066 (0.0089)
Ratio: 0.4657 (0.0631)

Genetic Covariance
------------------
Total Observed scale gencov: -0.0145 (0.0475)
Mean z1*z2: -0.0032
Intercept: -0.0013 (0.0049)

Genetic Correlation
-------------------
Genetic Correlation: -0.0545 (0.1827)
Z-score: -0.2981
P: 0.7656

Computing rg for phenotype 23/68
Reading summary statistics from ../output_sumstats/output_pmid27455348_ALS_eur.sumstats.gz ...
Read summary statistics for 1217311 SNPs.
After merging with summary statistics, 1165565 SNPs remain.
1152286 SNPs with valid alleles.

Heritability of phenotype 23/68
-------------------------------
Total Observed scale h2: 0.0476 (0.0127)
Lambda GC: 1.0285
Mean Chi^2: 1.0317
Intercept: 0.9978 (0.0063)
Ratio < 0 (usually indicates GC correction).

Genetic Covariance
------------------
Total Observed scale gencov: 0.0269 (0.0279)
Mean z1*z2: 0.0051
Intercept: -0.0008 (0.005)

Genetic Correlation
-------------------
Genetic Correlation: 0.2412 (0.2673)
Z-score: 0.9023
P: 0.3669

Computing rg for phenotype 24/68
Reading summary statistics from ../output_sumstats/output_pmid27989323_CTACK_eur.sumstats.gz ...
Read summary statistics for 1217311 SNPs.
After merging with summary statistics, 1165565 SNPs remain.
1163458 SNPs with valid alleles.

Heritability of phenotype 24/68
-------------------------------
Total Observed scale h2: -0.0097 (0.1163)
Lambda GC: 0.9957
Mean Chi^2: 1.0033
Intercept: 1.004 (0.007)
Ratio: 1.2113 (2.1135)

Genetic Covariance
------------------
Total Observed scale gencov: 0.0836 (0.0943)
Mean z1*z2: 0.0621
Intercept: 0.0562 (0.0048)

Genetic Correlation
-------------------
Genetic Correlation: nan (nan) (h2  out of bounds) 
Z-score: nan (nan) (h2  out of bounds)
P: nan (nan) (h2  out of bounds)
WARNING: One of the h2's was out of bounds.
This usually indicates a data-munging error or that h2 or N is low.

Computing rg for phenotype 25/68
Reading summary statistics from ../output_sumstats/output_pmid27989323_GCSF_eur.sumstats.gz ...
Read summary statistics for 1217311 SNPs.
After merging with summary statistics, 1165565 SNPs remain.
1163042 SNPs with valid alleles.

Heritability of phenotype 25/68
-------------------------------
Total Observed scale h2: 0.0262 (0.0615)
Lambda GC: 1.0165
Mean Chi^2: 1.0107
Intercept: 1.0066 (0.008)
Ratio: 0.6163 (0.749)

Genetic Covariance
------------------
Total Observed scale gencov: 0.1703 (0.0644)
Mean z1*z2: 0.1721
Intercept: 0.1542 (0.0055)

Genetic Correlation
-------------------
Genetic Correlation: nan (nan) (rg out of bounds) 
Z-score: nan (nan) (rg out of bounds)
P: nan (nan) (rg out of bounds)
WARNING: rg was out of bounds.
This often means that h2 is not significantly different from zero.

Computing rg for phenotype 26/68
Reading summary statistics from ../output_sumstats/output_pmid27989323_GROa_eur.sumstats.gz ...
Read summary statistics for 1217311 SNPs.
After merging with summary statistics, 1165565 SNPs remain.
63 SNPs with valid alleles.
WARNING: number of SNPs less than 200k; this is almost always bad.

Heritability of phenotype 26/68
-------------------------------
Total Observed scale h2: -45.2997 (20.7723)
Lambda GC: 0.3141
Mean Chi^2: 0.4167
Intercept: 1.381 (0.479)
Ratio: NA (mean chi^2 < 1)

Genetic Covariance
------------------
Total Observed scale gencov: 0.7158 (11.4165)
Mean z1*z2: -0.0382
Intercept: -0.0535 (0.3071)

Genetic Correlation
-------------------
Genetic Correlation: nan (nan) (h2  out of bounds) 
Z-score: nan (nan) (h2  out of bounds)
P: nan (nan) (h2  out of bounds)
WARNING: One of the h2's was out of bounds.
This usually indicates a data-munging error or that h2 or N is low.

Computing rg for phenotype 27/68
Reading summary statistics from ../output_sumstats/output_pmid27989323_HGF_eur.sumstats.gz ...
Read summary statistics for 1217311 SNPs.
After merging with summary statistics, 1165565 SNPs remain.
1162996 SNPs with valid alleles.

Heritability of phenotype 27/68
-------------------------------
Total Observed scale h2: -0.0233 (0.0586)
Lambda GC: 1.0046
Mean Chi^2: 1.0063
Intercept: 1.0101 (0.008)
Ratio: 1.6065 (1.2662)

Genetic Covariance
------------------
Total Observed scale gencov: 0.0251 (0.0562)
Mean z1*z2: 0.2101
Intercept: 0.2073 (0.005)

Genetic Correlation
-------------------
Genetic Correlation: nan (nan) (h2  out of bounds) 
Z-score: nan (nan) (h2  out of bounds)
P: nan (nan) (h2  out of bounds)
WARNING: One of the h2's was out of bounds.
This usually indicates a data-munging error or that h2 or N is low.

Computing rg for phenotype 28/68
Reading summary statistics from ../output_sumstats/output_pmid27989323_IFNg_eur.sumstats.gz ...
Read summary statistics for 1217311 SNPs.
After merging with summary statistics, 1165565 SNPs remain.
1163036 SNPs with valid alleles.
ERROR computing rg for phenotype 28/68, from file ../output_sumstats/output_pmid27989323_IFNg_eur.sumstats.gz.
Traceback (most recent call last):
  File "/Users/as/Documents/UNI/Bioinformatik/2023:24_WS/GoBi_Lokal/BlockTeil_Metabolomics/ldsc/ldscore/sumstats.py", line 410, in estimate_rg
    rghat = _rg(loop, args, log, M_annot, ref_ld_cnames, w_ld_cname, i)
  File "/Users/as/Documents/UNI/Bioinformatik/2023:24_WS/GoBi_Lokal/BlockTeil_Metabolomics/ldsc/ldscore/sumstats.py", line 539, in _rg
    intercept_gencov=intercepts[2], n_blocks=n_blocks, twostep=args.two_step)
  File "/Users/as/Documents/UNI/Bioinformatik/2023:24_WS/GoBi_Lokal/BlockTeil_Metabolomics/ldsc/ldscore/regressions.py", line 705, in __init__
    np.multiply(hsq1.tot_delete_values, hsq2.tot_delete_values))
FloatingPointError: invalid value encountered in sqrt


Computing rg for phenotype 29/68
Reading summary statistics from ../output_sumstats/output_pmid27989323_IL10_eur.sumstats.gz ...
Read summary statistics for 1217311 SNPs.
After merging with summary statistics, 1165565 SNPs remain.
1163123 SNPs with valid alleles.

Heritability of phenotype 29/68
-------------------------------
Total Observed scale h2: -0.0113 (0.0799)
Lambda GC: 1.0016
Mean Chi^2: 1.0168
Intercept: 1.0185 (0.0123)
Ratio: 1.1029 (0.7332)

Genetic Covariance
------------------
Total Observed scale gencov: 0.0362 (0.0643)
Mean z1*z2: 0.1299
Intercept: 0.1262 (0.0052)

Genetic Correlation
-------------------
Genetic Correlation: nan (nan) (h2  out of bounds) 
Z-score: nan (nan) (h2  out of bounds)
P: nan (nan) (h2  out of bounds)
WARNING: One of the h2's was out of bounds.
This usually indicates a data-munging error or that h2 or N is low.

Computing rg for phenotype 30/68
Reading summary statistics from ../output_sumstats/output_pmid27989323_IL12p70_eur.sumstats.gz ...
Read summary statistics for 1217311 SNPs.
After merging with summary statistics, 1165565 SNPs remain.
1162947 SNPs with valid alleles.

Heritability of phenotype 30/68
-------------------------------
Total Observed scale h2: -0.0194 (0.0903)
Lambda GC: 1.0255
Mean Chi^2: 1.0304
Intercept: 1.0336 (0.0194)
Ratio: 1.105 (0.6387)

Genetic Covariance
------------------
Total Observed scale gencov: 0.0356 (0.0594)
Mean z1*z2: 0.1098
Intercept: 0.106 (0.0051)

Genetic Correlation
-------------------
Genetic Correlation: nan (nan) (h2  out of bounds) 
Z-score: nan (nan) (h2  out of bounds)
P: nan (nan) (h2  out of bounds)
WARNING: One of the h2's was out of bounds.
This usually indicates a data-munging error or that h2 or N is low.

Computing rg for phenotype 31/68
Reading summary statistics from ../output_sumstats/output_pmid27989323_IL13_eur.sumstats.gz ...
Read summary statistics for 1217311 SNPs.
After merging with summary statistics, 1165565 SNPs remain.
1163328 SNPs with valid alleles.

Heritability of phenotype 31/68
-------------------------------
Total Observed scale h2: -0.1595 (0.1628)
Lambda GC: 1.0046
Mean Chi^2: 1.0052
Intercept: 1.0164 (0.0124)
Ratio: 3.1742 (2.3969)

Genetic Covariance
------------------
Total Observed scale gencov: 0.0835 (0.0893)
Mean z1*z2: 0.1662
Intercept: 0.1603 (0.0053)

Genetic Correlation
-------------------
Genetic Correlation: nan (nan) (h2  out of bounds) 
Z-score: nan (nan) (h2  out of bounds)
P: nan (nan) (h2  out of bounds)
WARNING: One of the h2's was out of bounds.
This usually indicates a data-munging error or that h2 or N is low.

Computing rg for phenotype 32/68
Reading summary statistics from ../output_sumstats/output_pmid27989323_IL16_eur.sumstats.gz ...
Read summary statistics for 1217311 SNPs.
After merging with summary statistics, 1165565 SNPs remain.
1163395 SNPs with valid alleles.

Heritability of phenotype 32/68
-------------------------------
Total Observed scale h2: -0.0726 (0.1277)
Lambda GC: 0.9898
Mean Chi^2: 0.9901
Intercept: 0.9952 (0.0072)
Ratio: NA (mean chi^2 < 1)

Genetic Covariance
------------------
Total Observed scale gencov: -0.0212 (0.1025)
Mean z1*z2: 0.1673
Intercept: 0.1687 (0.0052)

Genetic Correlation
-------------------
Genetic Correlation: nan (nan) (h2  out of bounds) 
Z-score: nan (nan) (h2  out of bounds)
P: nan (nan) (h2  out of bounds)
WARNING: One of the h2's was out of bounds.
This usually indicates a data-munging error or that h2 or N is low.

Computing rg for phenotype 33/68
Reading summary statistics from ../output_sumstats/output_pmid27989323_IL17_eur.sumstats.gz ...
Read summary statistics for 1217311 SNPs.
After merging with summary statistics, 1165565 SNPs remain.
2118 SNPs with valid alleles.
WARNING: number of SNPs less than 200k; this is almost always bad.

Heritability of phenotype 33/68
-------------------------------
Total Observed scale h2: -3.2462 (1.4003)
Lambda GC: 1.1317
Mean Chi^2: 1.1989
Intercept: 1.475 (0.1385)
Ratio: 2.3881 (0.6964)

Genetic Covariance
------------------
Total Observed scale gencov: 1.3021 (1.3918)
Mean z1*z2: 0.0397
Intercept: -0.0352 (0.0965)

Genetic Correlation
-------------------
Genetic Correlation: nan (nan) (h2  out of bounds) 
Z-score: nan (nan) (h2  out of bounds)
P: nan (nan) (h2  out of bounds)
WARNING: One of the h2's was out of bounds.
This usually indicates a data-munging error or that h2 or N is low.

Computing rg for phenotype 34/68
Reading summary statistics from ../output_sumstats/output_pmid27989323_IL18_eur.sumstats.gz ...
Read summary statistics for 1217311 SNPs.
After merging with summary statistics, 1165565 SNPs remain.
388570 SNPs with valid alleles.
ERROR computing rg for phenotype 34/68, from file ../output_sumstats/output_pmid27989323_IL18_eur.sumstats.gz.
Traceback (most recent call last):
  File "/Users/as/Documents/UNI/Bioinformatik/2023:24_WS/GoBi_Lokal/BlockTeil_Metabolomics/ldsc/ldscore/sumstats.py", line 410, in estimate_rg
    rghat = _rg(loop, args, log, M_annot, ref_ld_cnames, w_ld_cname, i)
  File "/Users/as/Documents/UNI/Bioinformatik/2023:24_WS/GoBi_Lokal/BlockTeil_Metabolomics/ldsc/ldscore/sumstats.py", line 539, in _rg
    intercept_gencov=intercepts[2], n_blocks=n_blocks, twostep=args.two_step)
  File "/Users/as/Documents/UNI/Bioinformatik/2023:24_WS/GoBi_Lokal/BlockTeil_Metabolomics/ldsc/ldscore/regressions.py", line 705, in __init__
    np.multiply(hsq1.tot_delete_values, hsq2.tot_delete_values))
FloatingPointError: invalid value encountered in sqrt


Computing rg for phenotype 35/68
Reading summary statistics from ../output_sumstats/output_pmid27989323_IL1ra_eur.sumstats.gz ...
Read summary statistics for 1217311 SNPs.
After merging with summary statistics, 1165565 SNPs remain.
1163530 SNPs with valid alleles.
ERROR computing rg for phenotype 35/68, from file ../output_sumstats/output_pmid27989323_IL1ra_eur.sumstats.gz.
Traceback (most recent call last):
  File "/Users/as/Documents/UNI/Bioinformatik/2023:24_WS/GoBi_Lokal/BlockTeil_Metabolomics/ldsc/ldscore/sumstats.py", line 410, in estimate_rg
    rghat = _rg(loop, args, log, M_annot, ref_ld_cnames, w_ld_cname, i)
  File "/Users/as/Documents/UNI/Bioinformatik/2023:24_WS/GoBi_Lokal/BlockTeil_Metabolomics/ldsc/ldscore/sumstats.py", line 539, in _rg
    intercept_gencov=intercepts[2], n_blocks=n_blocks, twostep=args.two_step)
  File "/Users/as/Documents/UNI/Bioinformatik/2023:24_WS/GoBi_Lokal/BlockTeil_Metabolomics/ldsc/ldscore/regressions.py", line 705, in __init__
    np.multiply(hsq1.tot_delete_values, hsq2.tot_delete_values))
FloatingPointError: invalid value encountered in sqrt


Computing rg for phenotype 36/68
Reading summary statistics from ../output_sumstats/output_pmid27989323_IL2_eur.sumstats.gz ...
Read summary statistics for 1217311 SNPs.
After merging with summary statistics, 1165565 SNPs remain.
1163167 SNPs with valid alleles.

Heritability of phenotype 36/68
-------------------------------
Total Observed scale h2: -0.0919 (0.1302)
Lambda GC: 1.0165
Mean Chi^2: 1.0072
Intercept: 1.0136 (0.0071)
Ratio: 1.876 (0.9871)

Genetic Covariance
------------------
Total Observed scale gencov: 0.0054 (0.1012)
Mean z1*z2: 0.252
Intercept: 0.2518 (0.0054)

Genetic Correlation
-------------------
Genetic Correlation: nan (nan) (h2  out of bounds) 
Z-score: nan (nan) (h2  out of bounds)
P: nan (nan) (h2  out of bounds)
WARNING: One of the h2's was out of bounds.
This usually indicates a data-munging error or that h2 or N is low.

Computing rg for phenotype 37/68
Reading summary statistics from ../output_sumstats/output_pmid27989323_IL2ra_eur.sumstats.gz ...
Read summary statistics for 1217311 SNPs.
After merging with summary statistics, 1165565 SNPs remain.
1163605 SNPs with valid alleles.

Heritability of phenotype 37/68
-------------------------------
Total Observed scale h2: 0.0651 (0.118)
Lambda GC: 1.0105
Mean Chi^2: 1.0079
Intercept: 1.0032 (0.0067)
Ratio: 0.4068 (0.8453)

Genetic Covariance
------------------
Total Observed scale gencov: 0.1067 (0.0893)
Mean z1*z2: 0.2874
Intercept: 0.2798 (0.0053)

Genetic Correlation
-------------------
Genetic Correlation: 0.8212 (0.7549)
Z-score: 1.0878
P: 0.2767

Computing rg for phenotype 38/68
Reading summary statistics from ../output_sumstats/output_pmid27989323_IL4_eur.sumstats.gz ...
Read summary statistics for 1217311 SNPs.
After merging with summary statistics, 1165565 SNPs remain.
1162838 SNPs with valid alleles.

Heritability of phenotype 38/68
-------------------------------
Total Observed scale h2: -0.0401 (0.0601)
Lambda GC: 1.0016
Mean Chi^2: 1.0036
Intercept: 1.0101 (0.008)
Ratio: 2.7806 (2.2034)

Genetic Covariance
------------------
Total Observed scale gencov: -0.023 (0.0615)
Mean z1*z2: 0.1744
Intercept: 0.1768 (0.0056)

Genetic Correlation
-------------------
Genetic Correlation: nan (nan) (h2  out of bounds) 
Z-score: nan (nan) (h2  out of bounds)
P: nan (nan) (h2  out of bounds)
WARNING: One of the h2's was out of bounds.
This usually indicates a data-munging error or that h2 or N is low.

Computing rg for phenotype 39/68
Reading summary statistics from ../output_sumstats/output_pmid27989323_IL5_eur.sumstats.gz ...
Read summary statistics for 1217311 SNPs.
After merging with summary statistics, 1165565 SNPs remain.
1162028 SNPs with valid alleles.

Heritability of phenotype 39/68
-------------------------------
Total Observed scale h2: -0.1284 (0.1364)
Lambda GC: 1.0075
Mean Chi^2: 1.004
Intercept: 1.0126 (0.0075)
Ratio: 3.1523 (1.8746)

Genetic Covariance
------------------
Total Observed scale gencov: 0.031 (0.0998)
Mean z1*z2: 0.2496
Intercept: 0.2475 (0.0058)

Genetic Correlation
-------------------
Genetic Correlation: nan (nan) (h2  out of bounds) 
Z-score: nan (nan) (h2  out of bounds)
P: nan (nan) (h2  out of bounds)
WARNING: One of the h2's was out of bounds.
This usually indicates a data-munging error or that h2 or N is low.

Computing rg for phenotype 40/68
Reading summary statistics from ../output_sumstats/output_pmid27989323_IL6_eur.sumstats.gz ...
Read summary statistics for 1217311 SNPs.
After merging with summary statistics, 1165565 SNPs remain.
1163084 SNPs with valid alleles.
ERROR computing rg for phenotype 40/68, from file ../output_sumstats/output_pmid27989323_IL6_eur.sumstats.gz.
Traceback (most recent call last):
  File "/Users/as/Documents/UNI/Bioinformatik/2023:24_WS/GoBi_Lokal/BlockTeil_Metabolomics/ldsc/ldscore/sumstats.py", line 410, in estimate_rg
    rghat = _rg(loop, args, log, M_annot, ref_ld_cnames, w_ld_cname, i)
  File "/Users/as/Documents/UNI/Bioinformatik/2023:24_WS/GoBi_Lokal/BlockTeil_Metabolomics/ldsc/ldscore/sumstats.py", line 539, in _rg
    intercept_gencov=intercepts[2], n_blocks=n_blocks, twostep=args.two_step)
  File "/Users/as/Documents/UNI/Bioinformatik/2023:24_WS/GoBi_Lokal/BlockTeil_Metabolomics/ldsc/ldscore/regressions.py", line 705, in __init__
    np.multiply(hsq1.tot_delete_values, hsq2.tot_delete_values))
FloatingPointError: invalid value encountered in sqrt


Computing rg for phenotype 41/68
Reading summary statistics from ../output_sumstats/output_pmid27989323_IL7_eur.sumstats.gz ...
Read summary statistics for 1217311 SNPs.
After merging with summary statistics, 1165565 SNPs remain.
1163503 SNPs with valid alleles.

Heritability of phenotype 41/68
-------------------------------
Total Observed scale h2: -0.0316 (0.1574)
Lambda GC: 1.0046
Mean Chi^2: 1.0104
Intercept: 1.0125 (0.0089)
Ratio: 1.2059 (0.8601)

Genetic Covariance
------------------
Total Observed scale gencov: 0.0728 (0.1111)
Mean z1*z2: 0.1933
Intercept: 0.1884 (0.0058)

Genetic Correlation
-------------------
Genetic Correlation: nan (nan) (h2  out of bounds) 
Z-score: nan (nan) (h2  out of bounds)
P: nan (nan) (h2  out of bounds)
WARNING: One of the h2's was out of bounds.
This usually indicates a data-munging error or that h2 or N is low.

Computing rg for phenotype 42/68
Reading summary statistics from ../output_sumstats/output_pmid27989323_IL8_eur.sumstats.gz ...
Read summary statistics for 1217311 SNPs.
After merging with summary statistics, 1165565 SNPs remain.
1162855 SNPs with valid alleles.

Heritability of phenotype 42/68
-------------------------------
Total Observed scale h2: -0.0341 (0.1271)
Lambda GC: 1.0016
Mean Chi^2: 1.0059
Intercept: 1.0083 (0.0067)
Ratio: 1.4047 (1.1416)

Genetic Covariance
------------------
Total Observed scale gencov: -0.0272 (0.0934)
Mean z1*z2: 0.2225
Intercept: 0.2245 (0.0051)

Genetic Correlation
-------------------
Genetic Correlation: nan (nan) (h2  out of bounds) 
Z-score: nan (nan) (h2  out of bounds)
P: nan (nan) (h2  out of bounds)
WARNING: One of the h2's was out of bounds.
This usually indicates a data-munging error or that h2 or N is low.

Computing rg for phenotype 43/68
Reading summary statistics from ../output_sumstats/output_pmid27989323_IL9_eur.sumstats.gz ...
Read summary statistics for 1217311 SNPs.
After merging with summary statistics, 1165565 SNPs remain.
1163476 SNPs with valid alleles.

Heritability of phenotype 43/68
-------------------------------
Total Observed scale h2: -0.1779 (0.1257)
Lambda GC: 1.0135
Mean Chi^2: 1.001
Intercept: 1.0138 (0.0071)
Ratio: 14.0939 (7.2249)

Genetic Covariance
------------------
Total Observed scale gencov: 0.0286 (0.0956)
Mean z1*z2: 0.2096
Intercept: 0.2076 (0.0057)

Genetic Correlation
-------------------
Genetic Correlation: nan (nan) (h2  out of bounds) 
Z-score: nan (nan) (h2  out of bounds)
P: nan (nan) (h2  out of bounds)
WARNING: One of the h2's was out of bounds.
This usually indicates a data-munging error or that h2 or N is low.

Computing rg for phenotype 44/68
Reading summary statistics from ../output_sumstats/output_pmid27989323_MCP1_eur.sumstats.gz ...
Read summary statistics for 1217311 SNPs.
After merging with summary statistics, 1165565 SNPs remain.
1163075 SNPs with valid alleles.

Heritability of phenotype 44/68
-------------------------------
Total Observed scale h2: 0.1726 (0.0823)
Lambda GC: 1.0105
Mean Chi^2: 1.0225
Intercept: 0.9943 (0.008)
Ratio < 0 (usually indicates GC correction).

Genetic Covariance
------------------
Total Observed scale gencov: 0.0423 (0.0703)
Mean z1*z2: 0.1166
Intercept: 0.1121 (0.0052)

Genetic Correlation
-------------------
Genetic Correlation: 0.2005 (0.3312)
Z-score: 0.6056
P: 0.5448

Computing rg for phenotype 45/68
Reading summary statistics from ../output_sumstats/output_pmid27989323_MCP3_eur.sumstats.gz ...
Read summary statistics for 1217311 SNPs.
After merging with summary statistics, 1165565 SNPs remain.
1126210 SNPs with valid alleles.

Heritability of phenotype 45/68
-------------------------------
Total Observed scale h2: -0.8597 (0.5705)
Lambda GC: 0.9986
Mean Chi^2: 0.9992
Intercept: 1.0139 (0.0078)
Ratio: NA (mean chi^2 < 1)

Genetic Covariance
------------------
Total Observed scale gencov: -0.0166 (0.2034)
Mean z1*z2: 0.1316
Intercept: 0.1321 (0.0054)

Genetic Correlation
-------------------
Genetic Correlation: nan (nan) (h2  out of bounds) 
Z-score: nan (nan) (h2  out of bounds)
P: nan (nan) (h2  out of bounds)
WARNING: One of the h2's was out of bounds.
This usually indicates a data-munging error or that h2 or N is low.

Computing rg for phenotype 46/68
Reading summary statistics from ../output_sumstats/output_pmid27989323_MCSF_eur.sumstats.gz ...
Read summary statistics for 1217311 SNPs.
After merging with summary statistics, 1165565 SNPs remain.
1159668 SNPs with valid alleles.

Heritability of phenotype 46/68
-------------------------------
Total Observed scale h2: 0.1591 (0.5038)
Lambda GC: 0.9986
Mean Chi^2: 0.9931
Intercept: 0.9905 (0.0071)
Ratio: NA (mean chi^2 < 1)

Genetic Covariance
------------------
Total Observed scale gencov: 0.0765 (0.1868)
Mean z1*z2: 0.1688
Intercept: 0.1661 (0.005)

Genetic Correlation
-------------------
Genetic Correlation: 0.3655 (1.0657)
Z-score: 0.343
P: 0.7316

Computing rg for phenotype 47/68
Reading summary statistics from ../output_sumstats/output_pmid27989323_MIF_eur.sumstats.gz ...
Read summary statistics for 1217311 SNPs.
After merging with summary statistics, 1165565 SNPs remain.
1163440 SNPs with valid alleles.

Heritability of phenotype 47/68
-------------------------------
Total Observed scale h2: 0.0906 (0.1353)
Lambda GC: 1.0075
Mean Chi^2: 1.011
Intercept: 1.0046 (0.0069)
Ratio: 0.4241 (0.6294)

Genetic Covariance
------------------
Total Observed scale gencov: 0.1297 (0.1021)
Mean z1*z2: 0.1215
Intercept: 0.1125 (0.0049)

Genetic Correlation
-------------------
Genetic Correlation: 0.8278 (0.793)
Z-score: 1.044
P: 0.2965

Computing rg for phenotype 48/68
Reading summary statistics from ../output_sumstats/output_pmid27989323_MIG_eur.sumstats.gz ...
Read summary statistics for 1217311 SNPs.
After merging with summary statistics, 1165565 SNPs remain.
1163432 SNPs with valid alleles.

Heritability of phenotype 48/68
-------------------------------
Total Observed scale h2: -0.1285 (0.1094)
Lambda GC: 1.0046
Mean Chi^2: 1.0047
Intercept: 1.0141 (0.0064)
Ratio: 3.0011 (1.3699)

Genetic Covariance
------------------
Total Observed scale gencov: 0.1571 (0.0914)
Mean z1*z2: 0.2962
Intercept: 0.2849 (0.0057)

Genetic Correlation
-------------------
Genetic Correlation: nan (nan) (h2  out of bounds) 
Z-score: nan (nan) (h2  out of bounds)
P: nan (nan) (h2  out of bounds)
WARNING: One of the h2's was out of bounds.
This usually indicates a data-munging error or that h2 or N is low.

Computing rg for phenotype 49/68
Reading summary statistics from ../output_sumstats/output_pmid27989323_MIP1a_eur.sumstats.gz ...
Read summary statistics for 1217311 SNPs.
After merging with summary statistics, 1165565 SNPs remain.
1162943 SNPs with valid alleles.

Heritability of phenotype 49/68
-------------------------------
Total Observed scale h2: -0.1378 (0.1413)
Lambda GC: 0.9957
Mean Chi^2: 0.9992
Intercept: 1.0088 (0.0072)
Ratio: NA (mean chi^2 < 1)

Genetic Covariance
------------------
Total Observed scale gencov: 0.1118 (0.0991)
Mean z1*z2: 0.2223
Intercept: 0.2146 (0.0057)

Genetic Correlation
-------------------
Genetic Correlation: nan (nan) (h2  out of bounds) 
Z-score: nan (nan) (h2  out of bounds)
P: nan (nan) (h2  out of bounds)
WARNING: One of the h2's was out of bounds.
This usually indicates a data-munging error or that h2 or N is low.

Computing rg for phenotype 50/68
Reading summary statistics from ../output_sumstats/output_pmid27989323_MIP1b_eur.sumstats.gz ...
Read summary statistics for 1217311 SNPs.
After merging with summary statistics, 1165565 SNPs remain.
1162999 SNPs with valid alleles.
ERROR computing rg for phenotype 50/68, from file ../output_sumstats/output_pmid27989323_MIP1b_eur.sumstats.gz.
Traceback (most recent call last):
  File "/Users/as/Documents/UNI/Bioinformatik/2023:24_WS/GoBi_Lokal/BlockTeil_Metabolomics/ldsc/ldscore/sumstats.py", line 410, in estimate_rg
    rghat = _rg(loop, args, log, M_annot, ref_ld_cnames, w_ld_cname, i)
  File "/Users/as/Documents/UNI/Bioinformatik/2023:24_WS/GoBi_Lokal/BlockTeil_Metabolomics/ldsc/ldscore/sumstats.py", line 539, in _rg
    intercept_gencov=intercepts[2], n_blocks=n_blocks, twostep=args.two_step)
  File "/Users/as/Documents/UNI/Bioinformatik/2023:24_WS/GoBi_Lokal/BlockTeil_Metabolomics/ldsc/ldscore/regressions.py", line 705, in __init__
    np.multiply(hsq1.tot_delete_values, hsq2.tot_delete_values))
FloatingPointError: invalid value encountered in sqrt


Computing rg for phenotype 51/68
Reading summary statistics from ../output_sumstats/output_pmid27989323_PDGFbb_eur.sumstats.gz ...
Read summary statistics for 1217311 SNPs.
After merging with summary statistics, 1165565 SNPs remain.
1163031 SNPs with valid alleles.

Heritability of phenotype 51/68
-------------------------------
Total Observed scale h2: -0.0065 (0.0625)
Lambda GC: 1.0225
Mean Chi^2: 1.021
Intercept: 1.022 (0.0086)
Ratio: 1.0514 (0.4112)

Genetic Covariance
------------------
Total Observed scale gencov: 0.0438 (0.0608)
Mean z1*z2: 0.0763
Intercept: 0.0716 (0.0052)

Genetic Correlation
-------------------
Genetic Correlation: nan (nan) (h2  out of bounds) 
Z-score: nan (nan) (h2  out of bounds)
P: nan (nan) (h2  out of bounds)
WARNING: One of the h2's was out of bounds.
This usually indicates a data-munging error or that h2 or N is low.

Computing rg for phenotype 52/68
Reading summary statistics from ../output_sumstats/output_pmid27989323_RANTES_eur.sumstats.gz ...
Read summary statistics for 1217311 SNPs.
After merging with summary statistics, 1165565 SNPs remain.
1163170 SNPs with valid alleles.

Heritability of phenotype 52/68
-------------------------------
Total Observed scale h2: 0.1225 (0.1267)
Lambda GC: 1.0046
Mean Chi^2: 1.008
Intercept: 0.9997 (0.0067)
Ratio < 0 (usually indicates GC correction).

Genetic Covariance
------------------
Total Observed scale gencov: 0.0794 (0.0942)
Mean z1*z2: 0.0706
Intercept: 0.0652 (0.0049)

Genetic Correlation
-------------------
Genetic Correlation: 0.4468 (0.6225)
Z-score: 0.7177
P: 0.4729

Computing rg for phenotype 53/68
Reading summary statistics from ../output_sumstats/output_pmid27989323_SCF_eur.sumstats.gz ...
Read summary statistics for 1217311 SNPs.
After merging with summary statistics, 1165565 SNPs remain.
1162845 SNPs with valid alleles.

Heritability of phenotype 53/68
-------------------------------
Total Observed scale h2: -0.0585 (0.0562)
Lambda GC: 1.0046
Mean Chi^2: 1.0093
Intercept: 1.0189 (0.0073)
Ratio: 2.0383 (0.7873)

Genetic Covariance
------------------
Total Observed scale gencov: -0.0165 (0.0551)
Mean z1*z2: 0.1331
Intercept: 0.1349 (0.0052)

Genetic Correlation
-------------------
Genetic Correlation: nan (nan) (h2  out of bounds) 
Z-score: nan (nan) (h2  out of bounds)
P: nan (nan) (h2  out of bounds)
WARNING: One of the h2's was out of bounds.
This usually indicates a data-munging error or that h2 or N is low.

Computing rg for phenotype 54/68
Reading summary statistics from ../output_sumstats/output_pmid27989323_SCGFb_eur.sumstats.gz ...
Read summary statistics for 1217311 SNPs.
After merging with summary statistics, 1165565 SNPs remain.
518111 SNPs with valid alleles.

Heritability of phenotype 54/68
-------------------------------
Total Observed scale h2: 0.1012 (0.1779)
Lambda GC: 1.0165
Mean Chi^2: 1.0186
Intercept: 1.0109 (0.01)
Ratio: 0.5866 (0.539)

Genetic Covariance
------------------
Total Observed scale gencov: -0.0119 (0.1422)
Mean z1*z2: 0.2015
Intercept: 0.2023 (0.0079)

Genetic Correlation
-------------------
Genetic Correlation: -0.1304 (1.9135)
Z-score: -0.0681
P: 0.9457

Computing rg for phenotype 55/68
Reading summary statistics from ../output_sumstats/output_pmid27989323_SDF1_eur.sumstats.gz ...
Read summary statistics for 1217311 SNPs.
After merging with summary statistics, 1165565 SNPs remain.
1162789 SNPs with valid alleles.

Heritability of phenotype 55/68
-------------------------------
Total Observed scale h2: -0.011 (0.0757)
Lambda GC: 0.9898
Mean Chi^2: 0.9972
Intercept: 0.9986 (0.0072)
Ratio: NA (mean chi^2 < 1)

Genetic Covariance
------------------
Total Observed scale gencov: -0.0123 (0.069)
Mean z1*z2: 0.144
Intercept: 0.1451 (0.0051)

Genetic Correlation
-------------------
Genetic Correlation: nan (nan) (h2  out of bounds) 
Z-score: nan (nan) (h2  out of bounds)
P: nan (nan) (h2  out of bounds)
WARNING: One of the h2's was out of bounds.
This usually indicates a data-munging error or that h2 or N is low.

Computing rg for phenotype 56/68
Reading summary statistics from ../output_sumstats/output_pmid27989323_TNFa_eur.sumstats.gz ...
Read summary statistics for 1217311 SNPs.
After merging with summary statistics, 1165565 SNPs remain.
1162978 SNPs with valid alleles.

Heritability of phenotype 56/68
-------------------------------
Total Observed scale h2: -0.0573 (0.1335)
Lambda GC: 0.9868
Mean Chi^2: 0.994
Intercept: 0.9979 (0.007)
Ratio: NA (mean chi^2 < 1)

Genetic Covariance
------------------
Total Observed scale gencov: 0.0486 (0.1057)
Mean z1*z2: 0.2811
Intercept: 0.2779 (0.0057)

Genetic Correlation
-------------------
Genetic Correlation: nan (nan) (h2  out of bounds) 
Z-score: nan (nan) (h2  out of bounds)
P: nan (nan) (h2  out of bounds)
WARNING: One of the h2's was out of bounds.
This usually indicates a data-munging error or that h2 or N is low.

Computing rg for phenotype 57/68
Reading summary statistics from ../output_sumstats/output_pmid27989323_TNFb_eur.sumstats.gz ...
Read summary statistics for 1217311 SNPs.
After merging with summary statistics, 1165565 SNPs remain.
1048726 SNPs with valid alleles.

Heritability of phenotype 57/68
-------------------------------
Total Observed scale h2: -0.4551 (0.3083)
Lambda GC: 1.0075
Mean Chi^2: 0.9957
Intercept: 1.0104 (0.0075)
Ratio: NA (mean chi^2 < 1)

Genetic Covariance
------------------
Total Observed scale gencov: 0.3363 (0.1477)
Mean z1*z2: 0.1131
Intercept: 0.0966 (0.0052)

Genetic Correlation
-------------------
Genetic Correlation: nan (nan) (h2  out of bounds) 
Z-score: nan (nan) (h2  out of bounds)
P: nan (nan) (h2  out of bounds)
WARNING: One of the h2's was out of bounds.
This usually indicates a data-munging error or that h2 or N is low.

Computing rg for phenotype 58/68
Reading summary statistics from ../output_sumstats/output_pmid27989323_TRAIL_eur.sumstats.gz ...
Read summary statistics for 1217311 SNPs.
After merging with summary statistics, 1165565 SNPs remain.
1162974 SNPs with valid alleles.

Heritability of phenotype 58/68
-------------------------------
Total Observed scale h2: -0.0209 (0.055)
Lambda GC: 1.0195
Mean Chi^2: 1.0175
Intercept: 1.0209 (0.0116)
Ratio: 1.1936 (0.6626)

Genetic Covariance
------------------
Total Observed scale gencov: 0.0576 (0.0587)
Mean z1*z2: 0.0836
Intercept: 0.0774 (0.0048)

Genetic Correlation
-------------------
Genetic Correlation: nan (nan) (h2  out of bounds) 
Z-score: nan (nan) (h2  out of bounds)
P: nan (nan) (h2  out of bounds)
WARNING: One of the h2's was out of bounds.
This usually indicates a data-munging error or that h2 or N is low.

Computing rg for phenotype 59/68
Reading summary statistics from ../output_sumstats/output_pmid27989323_eotaxin_eur.sumstats.gz ...
Read summary statistics for 1217311 SNPs.
After merging with summary statistics, 1165565 SNPs remain.
1162951 SNPs with valid alleles.

Heritability of phenotype 59/68
-------------------------------
Total Observed scale h2: 0.1043 (0.0671)
Lambda GC: 1.0135
Mean Chi^2: 1.0254
Intercept: 1.0085 (0.0076)
Ratio: 0.3329 (0.2997)

Genetic Covariance
------------------
Total Observed scale gencov: -0.0155 (0.0664)
Mean z1*z2: 0.059
Intercept: 0.0608 (0.0051)

Genetic Correlation
-------------------
Genetic Correlation: -0.0937 (0.4188)
Z-score: -0.2238
P: 0.8229

Computing rg for phenotype 60/68
Reading summary statistics from ../output_sumstats/output_pmid27989323_ip10_eur.sumstats.gz ...
Read summary statistics for 1217311 SNPs.
After merging with summary statistics, 1165565 SNPs remain.
1163436 SNPs with valid alleles.

Heritability of phenotype 60/68
-------------------------------
Total Observed scale h2: 0.1336 (0.1236)
Lambda GC: 1.0225
Mean Chi^2: 1.0178
Intercept: 1.008 (0.0073)
Ratio: 0.4507 (0.4094)

Genetic Covariance
------------------
Total Observed scale gencov: 0.1867 (0.0996)
Mean z1*z2: 0.1619
Intercept: 0.1485 (0.0054)

Genetic Correlation
-------------------
Genetic Correlation: 1.0104 (0.6132)
Z-score: 1.6478
P: 0.0994

Computing rg for phenotype 61/68
Reading summary statistics from ../output_sumstats/output_pmid29566793_ALS_eur.sumstats.gz ...
Read summary statistics for 1217311 SNPs.
After merging with summary statistics, 1165565 SNPs remain.
1159767 SNPs with valid alleles.

Heritability of phenotype 61/68
-------------------------------
Total Observed scale h2: 0.0323 (0.0072)
Lambda GC: 1.0496
Mean Chi^2: 1.0738
Intercept: 1.0214 (0.0072)
Ratio: 0.2899 (0.0975)

Genetic Covariance
------------------
Total Observed scale gencov: 0.0325 (0.0192)
Mean z1*z2: 0.0044
Intercept: -0.0062 (0.0047)

Genetic Correlation
-------------------
Genetic Correlation: 0.351 (0.2407)
Z-score: 1.4581
P: 0.1448

Computing rg for phenotype 62/68
Reading summary statistics from ../output_sumstats/output_pmid29632382_T2d-BMIadj_eur.sumstats.gz ...
Read summary statistics for 1217311 SNPs.
After merging with summary statistics, 1165565 SNPs remain.
25921 SNPs with valid alleles.
WARNING: number of SNPs less than 200k; this is almost always bad.

Heritability of phenotype 62/68
-------------------------------
Total Observed scale h2: 0.1027 (0.0273)
Lambda GC: 1.2136
Mean Chi^2: 1.7896
Intercept: 1.0003 (0.0826)
Ratio: 0.0004 (0.1046)

Genetic Covariance
------------------
Total Observed scale gencov: 0.0066 (0.033)
Mean z1*z2: -0.0079
Intercept: -0.0102 (0.0212)

Genetic Correlation
-------------------
Genetic Correlation: 0.0308 (0.154)
Z-score: 0.2
P: 0.8415

Computing rg for phenotype 63/68
Reading summary statistics from ../output_sumstats/output_pmid30054458_T2d_eur.sumstats.gz ...
Read summary statistics for 1217311 SNPs.
After merging with summary statistics, 1165565 SNPs remain.
997970 SNPs with valid alleles.

Heritability of phenotype 63/68
-------------------------------
Total Observed scale h2: 0.0457 (0.003)
Lambda GC: 1.4602
Mean Chi^2: 1.6895
Intercept: 1.0548 (0.019)
Ratio: 0.0795 (0.0276)

Genetic Covariance
------------------
Total Observed scale gencov: -0.004 (0.0109)
Mean z1*z2: 0.0023
Intercept: 0.009 (0.0071)

Genetic Correlation
-------------------
Genetic Correlation: -0.0388 (0.1057)
Z-score: -0.3672
P: 0.7135

Computing rg for phenotype 64/68
Reading summary statistics from ../output_sumstats/output_pmid33111402_PD_eur.sumstats.gz ...
Read summary statistics for 1217311 SNPs.
After merging with summary statistics, 1165565 SNPs remain.
9910 SNPs with valid alleles.
WARNING: number of SNPs less than 200k; this is almost always bad.

Heritability of phenotype 64/68
-------------------------------
Total Observed scale h2: -2.6995 (1.1448)
Lambda GC: 0.9547
Mean Chi^2: 0.9484
Intercept: 1.0882 (0.0604)
Ratio: NA (mean chi^2 < 1)

Genetic Covariance
------------------
Total Observed scale gencov: 1.0304 (0.76)
Mean z1*z2: 0.0079
Intercept: -0.0522 (0.0416)

Genetic Correlation
-------------------
Genetic Correlation: nan (nan) (h2  out of bounds) 
Z-score: nan (nan) (h2  out of bounds)
P: nan (nan) (h2  out of bounds)
WARNING: One of the h2's was out of bounds.
This usually indicates a data-munging error or that h2 or N is low.

Computing rg for phenotype 65/68
Reading summary statistics from ../output_sumstats/output_pmid33310728_RA_eur.sumstats.gz ...
Read summary statistics for 1217311 SNPs.
After merging with summary statistics, 1165565 SNPs remain.
1156480 SNPs with valid alleles.

Heritability of phenotype 65/68
-------------------------------
Total Observed scale h2: 0.0367 (0.0042)
Lambda GC: 1.0741
Mean Chi^2: 1.2001
Intercept: 0.974 (0.0122)
Ratio < 0 (usually indicates GC correction).

Genetic Covariance
------------------
Total Observed scale gencov: 0.0035 (0.0106)
Mean z1*z2: 0.0043
Intercept: 0.0025 (0.0046)

Genetic Correlation
-------------------
Genetic Correlation: 0.0355 (0.1086)
Z-score: 0.3266
P: 0.744

Computing rg for phenotype 66/68
Reading summary statistics from ../output_sumstats/output_pmid33589841_LBD_eur.sumstats.gz ...
Read summary statistics for 1217311 SNPs.
After merging with summary statistics, 1165565 SNPs remain.
1059357 SNPs with valid alleles.

Heritability of phenotype 66/68
-------------------------------
Total Observed scale h2: 0.1662 (0.0803)
Lambda GC: 1.0225
Mean Chi^2: 1.0249
Intercept: 1.0028 (0.0086)
Ratio: 0.1112 (0.3448)

Genetic Covariance
------------------
Total Observed scale gencov: -0.0204 (0.0674)
Mean z1*z2: -0.0021
Intercept: 2.2885e-05 (0.0043)

Genetic Correlation
-------------------
Genetic Correlation: -0.1048 (0.3538)
Z-score: -0.2963
P: 0.767

Computing rg for phenotype 67/68
Reading summary statistics from ../output_sumstats/output_pmid33987465_PD_eur.sumstats.gz ...
Read summary statistics for 1217311 SNPs.
After merging with summary statistics, 1165565 SNPs remain.
1162910 SNPs with valid alleles.

Heritability of phenotype 67/68
-------------------------------
Total Observed scale h2: 0.3982 (0.1467)
Lambda GC: 1.0016
Mean Chi^2: 1.005
Intercept: 0.9826 (0.0061)
Ratio < 0 (usually indicates GC correction).

Genetic Covariance
------------------
Total Observed scale gencov: -0.3077 (0.11)
Mean z1*z2: -0.011
Intercept: 0.0082 (0.0049)

Genetic Correlation
-------------------
Genetic Correlation: -0.9535 (0.4556)
Z-score: -2.0926
P: 0.0364

Computing rg for phenotype 68/68
Reading summary statistics from ../output_sumstats/output_pmid34737426_APH_eur.sumstats.gz ...
Read summary statistics for 1217311 SNPs.
After merging with summary statistics, 1165565 SNPs remain.
1140143 SNPs with valid alleles.

Heritability of phenotype 68/68
-------------------------------
Total Observed scale h2: -1.655e-05 (0.0009)
Lambda GC: 0.9957
Mean Chi^2: 0.9851
Intercept: 0.9852 (0.0062)
Ratio: NA (mean chi^2 < 1)

Genetic Covariance
------------------
Total Observed scale gencov: -0.0007 (0.0077)
Mean z1*z2: -0.0055
Intercept: -0.0049 (0.0045)

Genetic Correlation
-------------------
Genetic Correlation: nan (nan) (h2  out of bounds) 
Z-score: nan (nan) (h2  out of bounds)
P: nan (nan) (h2  out of bounds)
WARNING: One of the h2's was out of bounds.
This usually indicates a data-munging error or that h2 or N is low.


Summary of Genetic Correlation Results
                                                          p1                                                                      p2       rg         se          z        p     h2_obs  h2_obs_se  h2_int h2_int_se   gcov_int gcov_int_se
 ../output_sumstats/output_pmid27989323_bNGF_eur.sumstats.gz             ../output_sumstats/output_pmid27989323_bNGF_eur.sumstats.gz        1  1.409e-06  7.097e+05        0      0.262     0.1383  0.9943  0.007721     0.9943    0.007721
 ../output_sumstats/output_pmid27989323_bNGF_eur.sumstats.gz               ../output_sumstats/output_pmid21833088_MS_eur.sumstats.gz  -0.2345      0.446    -0.5257   0.5991     0.0536    0.02828    1.06  0.009088   0.003194    0.005951
 ../output_sumstats/output_pmid27989323_bNGF_eur.sumstats.gz               ../output_sumstats/output_pmid24076602_MS_eur.sumstats.gz   0.0658     0.3213     0.2048   0.8377      1.603     0.2348   1.003   0.08293    0.02826      0.0236
 ../output_sumstats/output_pmid27989323_bNGF_eur.sumstats.gz  ../output_sumstats/output_pmid24816252_acetylcarnitine_eur.sumstats.gz       NA         NA         NA       NA    -0.2353    0.08334    1.02   0.00761   0.001166    0.004758
 ../output_sumstats/output_pmid27989323_bNGF_eur.sumstats.gz          ../output_sumstats/output_pmid24816252_alanine_eur.sumstats.gz -0.02108     0.1963    -0.1073   0.9145     0.5282    0.07085   1.011  0.007202  0.0009871    0.004696
 ../output_sumstats/output_pmid27989323_bNGF_eur.sumstats.gz         ../output_sumstats/output_pmid24816252_arginine_eur.sumstats.gz       NA         NA         NA       NA  -0.007514    0.06385   1.038  0.007214   0.002698    0.004612
 ../output_sumstats/output_pmid27989323_bNGF_eur.sumstats.gz       ../output_sumstats/output_pmid24816252_asparagine_eur.sumstats.gz  0.04572      0.193     0.2369   0.8127     0.4975    0.06738   1.019  0.007313  -0.002194    0.004526
 ../output_sumstats/output_pmid27989323_bNGF_eur.sumstats.gz      ../output_sumstats/output_pmid24816252_cholesterol_eur.sumstats.gz   0.1477     0.3604     0.4097    0.682     0.1356    0.06758   1.043  0.006564 -0.0008951    0.004684
 ../output_sumstats/output_pmid27989323_bNGF_eur.sumstats.gz          ../output_sumstats/output_pmid24816252_citrate_eur.sumstats.gz   0.1708     0.2037     0.8382   0.4019     0.4473    0.07994    1.06  0.008228 -9.158e-05    0.004572
 ../output_sumstats/output_pmid27989323_bNGF_eur.sumstats.gz        ../output_sumstats/output_pmid24816252_glutamate_eur.sumstats.gz  0.02729     0.3134    0.08706   0.9306     0.1598    0.05741  0.9322  0.005926  -0.002422    0.004642
 ../output_sumstats/output_pmid27989323_bNGF_eur.sumstats.gz         ../output_sumstats/output_pmid24816252_glycerol_eur.sumstats.gz       NA         NA         NA       NA    -0.1292    0.06084   1.017  0.006985   0.003028    0.004843
 ../output_sumstats/output_pmid27989323_bNGF_eur.sumstats.gz        ../output_sumstats/output_pmid24816252_histidine_eur.sumstats.gz -0.04487     0.1556    -0.2883   0.7731     0.4303    0.06928  0.7589  0.006104   0.001493    0.003621
 ../output_sumstats/output_pmid27989323_bNGF_eur.sumstats.gz       ../output_sumstats/output_pmid24816252_isoleucine_eur.sumstats.gz       NA         NA         NA       NA    -0.2804    0.05904  0.9999  0.006507   0.007973    0.004409
 ../output_sumstats/output_pmid27989323_bNGF_eur.sumstats.gz    ../output_sumstats/output_pmid24816252_phenylalanine_eur.sumstats.gz  -0.2632     0.2092     -1.258   0.2082     0.3255    0.04356  0.7781  0.005113    0.00338    0.004002
 ../output_sumstats/output_pmid27989323_bNGF_eur.sumstats.gz          ../output_sumstats/output_pmid24816252_proline_eur.sumstats.gz  -0.1376     0.2228    -0.6173   0.5371     0.3727    0.09006   1.038   0.01272   0.005157    0.004902
 ../output_sumstats/output_pmid27989323_bNGF_eur.sumstats.gz         ../output_sumstats/output_pmid24816252_pyruvate_eur.sumstats.gz   0.1092     0.3511      0.311   0.7558     0.1531    0.05598  0.9986  0.005992   -0.00198    0.004773
 ../output_sumstats/output_pmid27989323_bNGF_eur.sumstats.gz        ../output_sumstats/output_pmid24816252_threonine_eur.sumstats.gz  -0.2953     0.7546    -0.3913   0.6955    0.04943    0.08385   1.009  0.006746  0.0001602     0.00505
 ../output_sumstats/output_pmid27989323_bNGF_eur.sumstats.gz       ../output_sumstats/output_pmid24816252_tryptophan_eur.sumstats.gz  -0.3901     0.1704      -2.29  0.02205     0.9303    0.07462   1.048   0.00794   0.004826    0.004929
 ../output_sumstats/output_pmid27989323_bNGF_eur.sumstats.gz         ../output_sumstats/output_pmid24816252_tyrosine_eur.sumstats.gz    -0.19     0.3287     -0.578   0.5633     0.1666    0.07082   1.032  0.007193   0.001752    0.004984
 ../output_sumstats/output_pmid27989323_bNGF_eur.sumstats.gz             ../output_sumstats/output_pmid24816252_urea_eur.sumstats.gz       NA         NA         NA       NA   -0.07901    0.05242   1.012  0.006281  -0.004994    0.004515
 ../output_sumstats/output_pmid27989323_bNGF_eur.sumstats.gz               ../output_sumstats/output_pmid27386562_MS_eur.sumstats.gz -0.05447     0.1827    -0.2981   0.7656     0.2448    0.04741   1.066  0.008947  -0.001285    0.004882
 ../output_sumstats/output_pmid27989323_bNGF_eur.sumstats.gz              ../output_sumstats/output_pmid27455348_ALS_eur.sumstats.gz   0.2412     0.2673     0.9023   0.3669    0.04757    0.01267  0.9978  0.006275 -0.0008241    0.005023
 ../output_sumstats/output_pmid27989323_bNGF_eur.sumstats.gz            ../output_sumstats/output_pmid27989323_CTACK_eur.sumstats.gz       NA         NA         NA       NA  -0.009702     0.1163   1.004  0.007013    0.05623    0.004823
 ../output_sumstats/output_pmid27989323_bNGF_eur.sumstats.gz             ../output_sumstats/output_pmid27989323_GCSF_eur.sumstats.gz    2.048      2.563     0.7992   0.4242    0.02622    0.06155   1.007  0.008004     0.1542    0.005533
 ../output_sumstats/output_pmid27989323_bNGF_eur.sumstats.gz             ../output_sumstats/output_pmid27989323_GROa_eur.sumstats.gz       NA         NA         NA       NA      -45.3      20.77   1.381     0.479   -0.05346      0.3071
 ../output_sumstats/output_pmid27989323_bNGF_eur.sumstats.gz              ../output_sumstats/output_pmid27989323_HGF_eur.sumstats.gz       NA         NA         NA       NA   -0.02326    0.05863    1.01  0.007998     0.2073     0.00503
 ../output_sumstats/output_pmid27989323_bNGF_eur.sumstats.gz             ../output_sumstats/output_pmid27989323_IFNg_eur.sumstats.gz       NA         NA         NA       NA         NA         NA      NA        NA         NA          NA
 ../output_sumstats/output_pmid27989323_bNGF_eur.sumstats.gz             ../output_sumstats/output_pmid27989323_IL10_eur.sumstats.gz       NA         NA         NA       NA   -0.01131     0.0799   1.019   0.01232     0.1262    0.005189
 ../output_sumstats/output_pmid27989323_bNGF_eur.sumstats.gz          ../output_sumstats/output_pmid27989323_IL12p70_eur.sumstats.gz       NA         NA         NA       NA   -0.01943    0.09032   1.034   0.01941      0.106     0.00512
 ../output_sumstats/output_pmid27989323_bNGF_eur.sumstats.gz             ../output_sumstats/output_pmid27989323_IL13_eur.sumstats.gz       NA         NA         NA       NA    -0.1595     0.1628   1.016   0.01242     0.1603    0.005288
 ../output_sumstats/output_pmid27989323_bNGF_eur.sumstats.gz             ../output_sumstats/output_pmid27989323_IL16_eur.sumstats.gz       NA         NA         NA       NA   -0.07255     0.1277  0.9952  0.007227     0.1687    0.005229
 ../output_sumstats/output_pmid27989323_bNGF_eur.sumstats.gz             ../output_sumstats/output_pmid27989323_IL17_eur.sumstats.gz       NA         NA         NA       NA     -3.246        1.4   1.475    0.1385    -0.0352     0.09653
 ../output_sumstats/output_pmid27989323_bNGF_eur.sumstats.gz             ../output_sumstats/output_pmid27989323_IL18_eur.sumstats.gz       NA         NA         NA       NA         NA         NA      NA        NA         NA          NA
 ../output_sumstats/output_pmid27989323_bNGF_eur.sumstats.gz            ../output_sumstats/output_pmid27989323_IL1ra_eur.sumstats.gz       NA         NA         NA       NA         NA         NA      NA        NA         NA          NA
 ../output_sumstats/output_pmid27989323_bNGF_eur.sumstats.gz              ../output_sumstats/output_pmid27989323_IL2_eur.sumstats.gz       NA         NA         NA       NA    -0.0919     0.1302   1.014  0.007147     0.2518    0.005429
 ../output_sumstats/output_pmid27989323_bNGF_eur.sumstats.gz            ../output_sumstats/output_pmid27989323_IL2ra_eur.sumstats.gz   0.8212     0.7549      1.088   0.2767    0.06508      0.118   1.003  0.006658     0.2798    0.005252
 ../output_sumstats/output_pmid27989323_bNGF_eur.sumstats.gz              ../output_sumstats/output_pmid27989323_IL4_eur.sumstats.gz       NA         NA         NA       NA   -0.04012    0.06008    1.01  0.008008     0.1768    0.005561
 ../output_sumstats/output_pmid27989323_bNGF_eur.sumstats.gz              ../output_sumstats/output_pmid27989323_IL5_eur.sumstats.gz       NA         NA         NA       NA    -0.1284     0.1364   1.013  0.007475     0.2475    0.005782
 ../output_sumstats/output_pmid27989323_bNGF_eur.sumstats.gz              ../output_sumstats/output_pmid27989323_IL6_eur.sumstats.gz       NA         NA         NA       NA         NA         NA      NA        NA         NA          NA
 ../output_sumstats/output_pmid27989323_bNGF_eur.sumstats.gz              ../output_sumstats/output_pmid27989323_IL7_eur.sumstats.gz       NA         NA         NA       NA   -0.03157     0.1574   1.013  0.008942     0.1884    0.005754
 ../output_sumstats/output_pmid27989323_bNGF_eur.sumstats.gz              ../output_sumstats/output_pmid27989323_IL8_eur.sumstats.gz       NA         NA         NA       NA   -0.03414     0.1271   1.008  0.006748     0.2245    0.005059
 ../output_sumstats/output_pmid27989323_bNGF_eur.sumstats.gz              ../output_sumstats/output_pmid27989323_IL9_eur.sumstats.gz       NA         NA         NA       NA    -0.1779     0.1257   1.014  0.007082     0.2076     0.00567
 ../output_sumstats/output_pmid27989323_bNGF_eur.sumstats.gz             ../output_sumstats/output_pmid27989323_MCP1_eur.sumstats.gz   0.2005     0.3312     0.6056   0.5448     0.1726    0.08226  0.9943  0.007954     0.1121    0.005177
 ../output_sumstats/output_pmid27989323_bNGF_eur.sumstats.gz             ../output_sumstats/output_pmid27989323_MCP3_eur.sumstats.gz       NA         NA         NA       NA    -0.8597     0.5705   1.014  0.007761     0.1321    0.005365
 ../output_sumstats/output_pmid27989323_bNGF_eur.sumstats.gz             ../output_sumstats/output_pmid27989323_MCSF_eur.sumstats.gz   0.3655      1.066      0.343   0.7316     0.1591     0.5038  0.9905  0.007137     0.1661    0.004994
 ../output_sumstats/output_pmid27989323_bNGF_eur.sumstats.gz              ../output_sumstats/output_pmid27989323_MIF_eur.sumstats.gz   0.8278      0.793      1.044   0.2965    0.09058     0.1353   1.005  0.006893     0.1125    0.004917
 ../output_sumstats/output_pmid27989323_bNGF_eur.sumstats.gz              ../output_sumstats/output_pmid27989323_MIG_eur.sumstats.gz       NA         NA         NA       NA    -0.1285     0.1094   1.014  0.006435     0.2849    0.005654
 ../output_sumstats/output_pmid27989323_bNGF_eur.sumstats.gz            ../output_sumstats/output_pmid27989323_MIP1a_eur.sumstats.gz       NA         NA         NA       NA    -0.1378     0.1413   1.009  0.007151     0.2146    0.005681
 ../output_sumstats/output_pmid27989323_bNGF_eur.sumstats.gz            ../output_sumstats/output_pmid27989323_MIP1b_eur.sumstats.gz       NA         NA         NA       NA         NA         NA      NA        NA         NA          NA
 ../output_sumstats/output_pmid27989323_bNGF_eur.sumstats.gz           ../output_sumstats/output_pmid27989323_PDGFbb_eur.sumstats.gz       NA         NA         NA       NA  -0.006533    0.06253   1.022  0.008616    0.07155     0.00523
 ../output_sumstats/output_pmid27989323_bNGF_eur.sumstats.gz           ../output_sumstats/output_pmid27989323_RANTES_eur.sumstats.gz   0.4468     0.6225     0.7177   0.4729     0.1225     0.1267  0.9997   0.00669    0.06524    0.004943
 ../output_sumstats/output_pmid27989323_bNGF_eur.sumstats.gz              ../output_sumstats/output_pmid27989323_SCF_eur.sumstats.gz       NA         NA         NA       NA   -0.05847    0.05618   1.019  0.007292     0.1349    0.005191
 ../output_sumstats/output_pmid27989323_bNGF_eur.sumstats.gz            ../output_sumstats/output_pmid27989323_SCGFb_eur.sumstats.gz  -0.1304      1.913   -0.06813   0.9457     0.1012     0.1779   1.011   0.01001     0.2023    0.007862
 ../output_sumstats/output_pmid27989323_bNGF_eur.sumstats.gz             ../output_sumstats/output_pmid27989323_SDF1_eur.sumstats.gz       NA         NA         NA       NA   -0.01104    0.07569  0.9986  0.007203     0.1451    0.005103
 ../output_sumstats/output_pmid27989323_bNGF_eur.sumstats.gz             ../output_sumstats/output_pmid27989323_TNFa_eur.sumstats.gz       NA         NA         NA       NA   -0.05729     0.1335  0.9979  0.006986     0.2779     0.00574
 ../output_sumstats/output_pmid27989323_bNGF_eur.sumstats.gz             ../output_sumstats/output_pmid27989323_TNFb_eur.sumstats.gz       NA         NA         NA       NA    -0.4551     0.3083    1.01  0.007537    0.09664    0.005245
 ../output_sumstats/output_pmid27989323_bNGF_eur.sumstats.gz            ../output_sumstats/output_pmid27989323_TRAIL_eur.sumstats.gz       NA         NA         NA       NA    -0.0209    0.05502   1.021   0.01162    0.07742     0.00478
 ../output_sumstats/output_pmid27989323_bNGF_eur.sumstats.gz          ../output_sumstats/output_pmid27989323_eotaxin_eur.sumstats.gz -0.09372     0.4188    -0.2238   0.8229     0.1043    0.06708   1.008  0.007608    0.06084    0.005112
 ../output_sumstats/output_pmid27989323_bNGF_eur.sumstats.gz             ../output_sumstats/output_pmid27989323_ip10_eur.sumstats.gz     1.01     0.6132      1.648  0.09938     0.1336     0.1236   1.008  0.007274     0.1485    0.005358
 ../output_sumstats/output_pmid27989323_bNGF_eur.sumstats.gz              ../output_sumstats/output_pmid29566793_ALS_eur.sumstats.gz    0.351     0.2407      1.458   0.1448    0.03234   0.007195   1.021    0.0072  -0.006176    0.004695
 ../output_sumstats/output_pmid27989323_bNGF_eur.sumstats.gz       ../output_sumstats/output_pmid29632382_T2d-BMIadj_eur.sumstats.gz  0.03081      0.154        0.2   0.8415     0.1027    0.02735       1   0.08262   -0.01017     0.02121
 ../output_sumstats/output_pmid27989323_bNGF_eur.sumstats.gz              ../output_sumstats/output_pmid30054458_T2d_eur.sumstats.gz -0.03882     0.1057    -0.3672   0.7135    0.04571   0.003023   1.055     0.019   0.009041    0.007103
 ../output_sumstats/output_pmid27989323_bNGF_eur.sumstats.gz               ../output_sumstats/output_pmid33111402_PD_eur.sumstats.gz       NA         NA         NA       NA     -2.699      1.145   1.088   0.06036   -0.05219     0.04156
 ../output_sumstats/output_pmid27989323_bNGF_eur.sumstats.gz               ../output_sumstats/output_pmid33310728_RA_eur.sumstats.gz  0.03548     0.1086     0.3266    0.744    0.03672   0.004195   0.974   0.01219   0.002515    0.004607
 ../output_sumstats/output_pmid27989323_bNGF_eur.sumstats.gz              ../output_sumstats/output_pmid33589841_LBD_eur.sumstats.gz  -0.1048     0.3538    -0.2963    0.767     0.1662     0.0803   1.003  0.008571  2.288e-05     0.00427
 ../output_sumstats/output_pmid27989323_bNGF_eur.sumstats.gz               ../output_sumstats/output_pmid33987465_PD_eur.sumstats.gz  -0.9535     0.4556     -2.093  0.03638     0.3982     0.1467  0.9826  0.006133   0.008233    0.004861
 ../output_sumstats/output_pmid27989323_bNGF_eur.sumstats.gz              ../output_sumstats/output_pmid34737426_APH_eur.sumstats.gz       NA         NA         NA       NA -1.655e-05  0.0009389  0.9852  0.006177  -0.004908    0.004462

Analysis finished at Sat Feb 24 21:53:46 2024
Total time elapsed: 6.0m:46.83s
