*********************************************************************
* LD Score Regression (LDSC)
* Version 1.0.1
* (C) 2014-2019 Brendan Bulik-Sullivan and Hilary Finucane
* Broad Institute of MIT and Harvard / MIT Department of Mathematics
* GNU General Public License v3
*********************************************************************
Call: 
./ldsc.py \
--ref-ld-chr ../input_files/eur_w_ld_chr/ \
--out ../output_ld_regression/output_pmid27989323_CTACK_eur_ldReg \
--rg ../output_sumstats/output_pmid27989323_CTACK_eur.sumstats.gz,../output_sumstats/output_pmid27989323_CTACK_eur.sumstats.gz,../output_sumstats/output_pmid21833088_MS_eur.sumstats.gz,../output_sumstats/output_pmid24076602_MS_eur.sumstats.gz,../output_sumstats/output_pmid24816252_acetylcarnitine_eur.sumstats.gz,../output_sumstats/output_pmid24816252_alanine_eur.sumstats.gz,../output_sumstats/output_pmid24816252_arginine_eur.sumstats.gz,../output_sumstats/output_pmid24816252_asparagine_eur.sumstats.gz,../output_sumstats/output_pmid24816252_cholesterol_eur.sumstats.gz,../output_sumstats/output_pmid24816252_citrate_eur.sumstats.gz,../output_sumstats/output_pmid24816252_glutamate_eur.sumstats.gz,../output_sumstats/output_pmid24816252_glycerol_eur.sumstats.gz,../output_sumstats/output_pmid24816252_histidine_eur.sumstats.gz,../output_sumstats/output_pmid24816252_isoleucine_eur.sumstats.gz,../output_sumstats/output_pmid24816252_phenylalanine_eur.sumstats.gz,../output_sumstats/output_pmid24816252_proline_eur.sumstats.gz,../output_sumstats/output_pmid24816252_pyruvate_eur.sumstats.gz,../output_sumstats/output_pmid24816252_threonine_eur.sumstats.gz,../output_sumstats/output_pmid24816252_tryptophan_eur.sumstats.gz,../output_sumstats/output_pmid24816252_tyrosine_eur.sumstats.gz,../output_sumstats/output_pmid24816252_urea_eur.sumstats.gz,../output_sumstats/output_pmid27386562_MS_eur.sumstats.gz,../output_sumstats/output_pmid27455348_ALS_eur.sumstats.gz,../output_sumstats/output_pmid27989323_GCSF_eur.sumstats.gz,../output_sumstats/output_pmid27989323_GROa_eur.sumstats.gz,../output_sumstats/output_pmid27989323_HGF_eur.sumstats.gz,../output_sumstats/output_pmid27989323_IFNg_eur.sumstats.gz,../output_sumstats/output_pmid27989323_IL10_eur.sumstats.gz,../output_sumstats/output_pmid27989323_IL12p70_eur.sumstats.gz,../output_sumstats/output_pmid27989323_IL13_eur.sumstats.gz,../output_sumstats/output_pmid27989323_IL16_eur.sumstats.gz,../output_sumstats/output_pmid27989323_IL17_eur.sumstats.gz,../output_sumstats/output_pmid27989323_IL18_eur.sumstats.gz,../output_sumstats/output_pmid27989323_IL1ra_eur.sumstats.gz,../output_sumstats/output_pmid27989323_IL2_eur.sumstats.gz,../output_sumstats/output_pmid27989323_IL2ra_eur.sumstats.gz,../output_sumstats/output_pmid27989323_IL4_eur.sumstats.gz,../output_sumstats/output_pmid27989323_IL5_eur.sumstats.gz,../output_sumstats/output_pmid27989323_IL6_eur.sumstats.gz,../output_sumstats/output_pmid27989323_IL7_eur.sumstats.gz,../output_sumstats/output_pmid27989323_IL8_eur.sumstats.gz,../output_sumstats/output_pmid27989323_IL9_eur.sumstats.gz,../output_sumstats/output_pmid27989323_MCP1_eur.sumstats.gz,../output_sumstats/output_pmid27989323_MCP3_eur.sumstats.gz,../output_sumstats/output_pmid27989323_MCSF_eur.sumstats.gz,../output_sumstats/output_pmid27989323_MIF_eur.sumstats.gz,../output_sumstats/output_pmid27989323_MIG_eur.sumstats.gz,../output_sumstats/output_pmid27989323_MIP1a_eur.sumstats.gz,../output_sumstats/output_pmid27989323_MIP1b_eur.sumstats.gz,../output_sumstats/output_pmid27989323_PDGFbb_eur.sumstats.gz,../output_sumstats/output_pmid27989323_RANTES_eur.sumstats.gz,../output_sumstats/output_pmid27989323_SCF_eur.sumstats.gz,../output_sumstats/output_pmid27989323_SCGFb_eur.sumstats.gz,../output_sumstats/output_pmid27989323_SDF1_eur.sumstats.gz,../output_sumstats/output_pmid27989323_TNFa_eur.sumstats.gz,../output_sumstats/output_pmid27989323_TNFb_eur.sumstats.gz,../output_sumstats/output_pmid27989323_TRAIL_eur.sumstats.gz,../output_sumstats/output_pmid27989323_bNGF_eur.sumstats.gz,../output_sumstats/output_pmid27989323_eotaxin_eur.sumstats.gz,../output_sumstats/output_pmid27989323_ip10_eur.sumstats.gz,../output_sumstats/output_pmid29566793_ALS_eur.sumstats.gz,../output_sumstats/output_pmid29632382_T2d-BMIadj_eur.sumstats.gz,../output_sumstats/output_pmid30054458_T2d_eur.sumstats.gz,../output_sumstats/output_pmid33111402_PD_eur.sumstats.gz,../output_sumstats/output_pmid33310728_RA_eur.sumstats.gz,../output_sumstats/output_pmid33589841_LBD_eur.sumstats.gz,../output_sumstats/output_pmid33987465_PD_eur.sumstats.gz,../output_sumstats/output_pmid34737426_APH_eur.sumstats.gz \
--w-ld-chr ../input_files/eur_w_ld_chr/ 

Beginning analysis at Sat Feb 24 08:22:31 2024
Reading summary statistics from ../output_sumstats/output_pmid27989323_CTACK_eur.sumstats.gz ...
Read summary statistics for 1177438 SNPs.
Reading reference panel LD Score from ../input_files/eur_w_ld_chr/[1-22] ... (ldscore_fromlist)
Read reference panel LD Scores for 1290028 SNPs.
Removing partitioned LD Scores with zero variance.
Reading regression weight LD Score from ../input_files/eur_w_ld_chr/[1-22] ... (ldscore_fromlist)
Read regression weight LD Scores for 1290028 SNPs.
After merging with reference panel LD, 1166104 SNPs remain.
After merging with regression SNP LD, 1166104 SNPs remain.
Computing rg for phenotype 2/68
Reading summary statistics from ../output_sumstats/output_pmid27989323_CTACK_eur.sumstats.gz ...
Read summary statistics for 1217311 SNPs.
After merging with summary statistics, 1166104 SNPs remain.
1166104 SNPs with valid alleles.

Heritability of phenotype 1
---------------------------
Total Observed scale h2: -0.0086 (0.1155)
Lambda GC: 0.9957
Mean Chi^2: 1.0033
Intercept: 1.0039 (0.0069)
Ratio: 1.1895 (2.1108)

Heritability of phenotype 2/68
------------------------------
Total Observed scale h2: -0.0086 (0.1155)
Lambda GC: 0.9957
Mean Chi^2: 1.0033
Intercept: 1.0039 (0.0069)
Ratio: 1.1895 (2.1108)

Genetic Covariance
------------------
Total Observed scale gencov: -0.0086 (0.1155)
Mean z1*z2: 1.0033
Intercept: 1.0039 (0.0069)

Genetic Correlation
-------------------
Genetic Correlation: nan (nan) (h2  out of bounds) 
Z-score: nan (nan) (h2  out of bounds)
P: nan (nan) (h2  out of bounds)
WARNING: One of the h2's was out of bounds.
This usually indicates a data-munging error or that h2 or N is low.

Computing rg for phenotype 3/68
Reading summary statistics from ../output_sumstats/output_pmid21833088_MS_eur.sumstats.gz ...
Read summary statistics for 1217311 SNPs.
After merging with summary statistics, 1166104 SNPs remain.
449956 SNPs with valid alleles.

Heritability of phenotype 3/68
------------------------------
Total Observed scale h2: 0.056 (0.0283)
Lambda GC: 1.0405
Mean Chi^2: 1.0856
Intercept: 1.0587 (0.0091)
Ratio: 0.6862 (0.1059)

Genetic Covariance
------------------
Total Observed scale gencov: -0.0353 (0.0367)
Mean z1*z2: -0.0053
Intercept: 0.0008 (0.0054)

Genetic Correlation
-------------------
Genetic Correlation: nan (nan) (h2  out of bounds) 
Z-score: nan (nan) (h2  out of bounds)
P: nan (nan) (h2  out of bounds)
WARNING: One of the h2's was out of bounds.
This usually indicates a data-munging error or that h2 or N is low.

Computing rg for phenotype 4/68
Reading summary statistics from ../output_sumstats/output_pmid24076602_MS_eur.sumstats.gz ...
Read summary statistics for 1217311 SNPs.
After merging with summary statistics, 1166104 SNPs remain.
49483 SNPs with valid alleles.
WARNING: number of SNPs less than 200k; this is almost always bad.

Heritability of phenotype 4/68
------------------------------
Total Observed scale h2: 1.6022 (0.2409)
Lambda GC: 1.4673
Mean Chi^2: 2.202
Intercept: 1.0046 (0.0831)
Ratio: 0.0038 (0.0691)

Genetic Covariance
------------------
Total Observed scale gencov: 0.2272 (0.1653)
Mean z1*z2: 0.038
Intercept: -0.0115 (0.0233)

Genetic Correlation
-------------------
Genetic Correlation: nan (nan) (h2  out of bounds) 
Z-score: nan (nan) (h2  out of bounds)
P: nan (nan) (h2  out of bounds)
WARNING: One of the h2's was out of bounds.
This usually indicates a data-munging error or that h2 or N is low.

Computing rg for phenotype 5/68
Reading summary statistics from ../output_sumstats/output_pmid24816252_acetylcarnitine_eur.sumstats.gz ...
Read summary statistics for 1217311 SNPs.
After merging with summary statistics, 1166104 SNPs remain.
1023065 SNPs with valid alleles.

Heritability of phenotype 5/68
------------------------------
Total Observed scale h2: -0.235 (0.0831)
Lambda GC: 0.9721
Mean Chi^2: 0.9856
Intercept: 1.0201 (0.0076)
Ratio: NA (mean chi^2 < 1)

Genetic Covariance
------------------
Total Observed scale gencov: 0.0569 (0.0646)
Mean z1*z2: -0.0025
Intercept: -0.0084 (0.0051)

Genetic Correlation
-------------------
Genetic Correlation: nan (nan) (h2  out of bounds) 
Z-score: nan (nan) (h2  out of bounds)
P: nan (nan) (h2  out of bounds)
WARNING: One of the h2's was out of bounds.
This usually indicates a data-munging error or that h2 or N is low.

Computing rg for phenotype 6/68
Reading summary statistics from ../output_sumstats/output_pmid24816252_alanine_eur.sumstats.gz ...
Read summary statistics for 1217311 SNPs.
After merging with summary statistics, 1166104 SNPs remain.
1023065 SNPs with valid alleles.
ERROR computing rg for phenotype 6/68, from file ../output_sumstats/output_pmid24816252_alanine_eur.sumstats.gz.
Traceback (most recent call last):
  File "/Users/as/Documents/UNI/Bioinformatik/2023:24_WS/GoBi_Lokal/BlockTeil_Metabolomics/ldsc/ldscore/sumstats.py", line 410, in estimate_rg
    rghat = _rg(loop, args, log, M_annot, ref_ld_cnames, w_ld_cname, i)
  File "/Users/as/Documents/UNI/Bioinformatik/2023:24_WS/GoBi_Lokal/BlockTeil_Metabolomics/ldsc/ldscore/sumstats.py", line 539, in _rg
    intercept_gencov=intercepts[2], n_blocks=n_blocks, twostep=args.two_step)
  File "/Users/as/Documents/UNI/Bioinformatik/2023:24_WS/GoBi_Lokal/BlockTeil_Metabolomics/ldsc/ldscore/regressions.py", line 705, in __init__
    np.multiply(hsq1.tot_delete_values, hsq2.tot_delete_values))
FloatingPointError: invalid value encountered in sqrt


Computing rg for phenotype 7/68
Reading summary statistics from ../output_sumstats/output_pmid24816252_arginine_eur.sumstats.gz ...
Read summary statistics for 1217311 SNPs.
After merging with summary statistics, 1166104 SNPs remain.
1023065 SNPs with valid alleles.

Heritability of phenotype 7/68
------------------------------
Total Observed scale h2: -0.008 (0.0635)
Lambda GC: 1.0255
Mean Chi^2: 1.0368
Intercept: 1.0379 (0.0072)
Ratio: 1.0285 (0.1944)

Genetic Covariance
------------------
Total Observed scale gencov: 0.0073 (0.0619)
Mean z1*z2: 0.0017
Intercept: 0.001 (0.0045)

Genetic Correlation
-------------------
Genetic Correlation: nan (nan) (h2  out of bounds) 
Z-score: nan (nan) (h2  out of bounds)
P: nan (nan) (h2  out of bounds)
WARNING: One of the h2's was out of bounds.
This usually indicates a data-munging error or that h2 or N is low.

Computing rg for phenotype 8/68
Reading summary statistics from ../output_sumstats/output_pmid24816252_asparagine_eur.sumstats.gz ...
Read summary statistics for 1217311 SNPs.
After merging with summary statistics, 1166104 SNPs remain.
1023065 SNPs with valid alleles.
ERROR computing rg for phenotype 8/68, from file ../output_sumstats/output_pmid24816252_asparagine_eur.sumstats.gz.
Traceback (most recent call last):
  File "/Users/as/Documents/UNI/Bioinformatik/2023:24_WS/GoBi_Lokal/BlockTeil_Metabolomics/ldsc/ldscore/sumstats.py", line 410, in estimate_rg
    rghat = _rg(loop, args, log, M_annot, ref_ld_cnames, w_ld_cname, i)
  File "/Users/as/Documents/UNI/Bioinformatik/2023:24_WS/GoBi_Lokal/BlockTeil_Metabolomics/ldsc/ldscore/sumstats.py", line 539, in _rg
    intercept_gencov=intercepts[2], n_blocks=n_blocks, twostep=args.two_step)
  File "/Users/as/Documents/UNI/Bioinformatik/2023:24_WS/GoBi_Lokal/BlockTeil_Metabolomics/ldsc/ldscore/regressions.py", line 705, in __init__
    np.multiply(hsq1.tot_delete_values, hsq2.tot_delete_values))
FloatingPointError: invalid value encountered in sqrt


Computing rg for phenotype 9/68
Reading summary statistics from ../output_sumstats/output_pmid24816252_cholesterol_eur.sumstats.gz ...
Read summary statistics for 1217311 SNPs.
After merging with summary statistics, 1166104 SNPs remain.
1023065 SNPs with valid alleles.
ERROR computing rg for phenotype 9/68, from file ../output_sumstats/output_pmid24816252_cholesterol_eur.sumstats.gz.
Traceback (most recent call last):
  File "/Users/as/Documents/UNI/Bioinformatik/2023:24_WS/GoBi_Lokal/BlockTeil_Metabolomics/ldsc/ldscore/sumstats.py", line 410, in estimate_rg
    rghat = _rg(loop, args, log, M_annot, ref_ld_cnames, w_ld_cname, i)
  File "/Users/as/Documents/UNI/Bioinformatik/2023:24_WS/GoBi_Lokal/BlockTeil_Metabolomics/ldsc/ldscore/sumstats.py", line 539, in _rg
    intercept_gencov=intercepts[2], n_blocks=n_blocks, twostep=args.two_step)
  File "/Users/as/Documents/UNI/Bioinformatik/2023:24_WS/GoBi_Lokal/BlockTeil_Metabolomics/ldsc/ldscore/regressions.py", line 705, in __init__
    np.multiply(hsq1.tot_delete_values, hsq2.tot_delete_values))
FloatingPointError: invalid value encountered in sqrt


Computing rg for phenotype 10/68
Reading summary statistics from ../output_sumstats/output_pmid24816252_citrate_eur.sumstats.gz ...
Read summary statistics for 1217311 SNPs.
After merging with summary statistics, 1166104 SNPs remain.
1023065 SNPs with valid alleles.
ERROR computing rg for phenotype 10/68, from file ../output_sumstats/output_pmid24816252_citrate_eur.sumstats.gz.
Traceback (most recent call last):
  File "/Users/as/Documents/UNI/Bioinformatik/2023:24_WS/GoBi_Lokal/BlockTeil_Metabolomics/ldsc/ldscore/sumstats.py", line 410, in estimate_rg
    rghat = _rg(loop, args, log, M_annot, ref_ld_cnames, w_ld_cname, i)
  File "/Users/as/Documents/UNI/Bioinformatik/2023:24_WS/GoBi_Lokal/BlockTeil_Metabolomics/ldsc/ldscore/sumstats.py", line 539, in _rg
    intercept_gencov=intercepts[2], n_blocks=n_blocks, twostep=args.two_step)
  File "/Users/as/Documents/UNI/Bioinformatik/2023:24_WS/GoBi_Lokal/BlockTeil_Metabolomics/ldsc/ldscore/regressions.py", line 705, in __init__
    np.multiply(hsq1.tot_delete_values, hsq2.tot_delete_values))
FloatingPointError: invalid value encountered in sqrt


Computing rg for phenotype 11/68
Reading summary statistics from ../output_sumstats/output_pmid24816252_glutamate_eur.sumstats.gz ...
Read summary statistics for 1217311 SNPs.
After merging with summary statistics, 1166104 SNPs remain.
1023065 SNPs with valid alleles.
ERROR computing rg for phenotype 11/68, from file ../output_sumstats/output_pmid24816252_glutamate_eur.sumstats.gz.
Traceback (most recent call last):
  File "/Users/as/Documents/UNI/Bioinformatik/2023:24_WS/GoBi_Lokal/BlockTeil_Metabolomics/ldsc/ldscore/sumstats.py", line 410, in estimate_rg
    rghat = _rg(loop, args, log, M_annot, ref_ld_cnames, w_ld_cname, i)
  File "/Users/as/Documents/UNI/Bioinformatik/2023:24_WS/GoBi_Lokal/BlockTeil_Metabolomics/ldsc/ldscore/sumstats.py", line 539, in _rg
    intercept_gencov=intercepts[2], n_blocks=n_blocks, twostep=args.two_step)
  File "/Users/as/Documents/UNI/Bioinformatik/2023:24_WS/GoBi_Lokal/BlockTeil_Metabolomics/ldsc/ldscore/regressions.py", line 705, in __init__
    np.multiply(hsq1.tot_delete_values, hsq2.tot_delete_values))
FloatingPointError: invalid value encountered in sqrt


Computing rg for phenotype 12/68
Reading summary statistics from ../output_sumstats/output_pmid24816252_glycerol_eur.sumstats.gz ...
Read summary statistics for 1217311 SNPs.
After merging with summary statistics, 1166104 SNPs remain.
1023065 SNPs with valid alleles.

Heritability of phenotype 12/68
-------------------------------
Total Observed scale h2: -0.1269 (0.0605)
Lambda GC: 0.9868
Mean Chi^2: 0.9976
Intercept: 1.0161 (0.0069)
Ratio: NA (mean chi^2 < 1)

Genetic Covariance
------------------
Total Observed scale gencov: 0.0443 (0.0603)
Mean z1*z2: -0.0023
Intercept: -0.0069 (0.0046)

Genetic Correlation
-------------------
Genetic Correlation: nan (nan) (h2  out of bounds) 
Z-score: nan (nan) (h2  out of bounds)
P: nan (nan) (h2  out of bounds)
WARNING: One of the h2's was out of bounds.
This usually indicates a data-munging error or that h2 or N is low.

Computing rg for phenotype 13/68
Reading summary statistics from ../output_sumstats/output_pmid24816252_histidine_eur.sumstats.gz ...
Read summary statistics for 1217311 SNPs.
After merging with summary statistics, 1166104 SNPs remain.
1023065 SNPs with valid alleles.
ERROR computing rg for phenotype 13/68, from file ../output_sumstats/output_pmid24816252_histidine_eur.sumstats.gz.
Traceback (most recent call last):
  File "/Users/as/Documents/UNI/Bioinformatik/2023:24_WS/GoBi_Lokal/BlockTeil_Metabolomics/ldsc/ldscore/sumstats.py", line 410, in estimate_rg
    rghat = _rg(loop, args, log, M_annot, ref_ld_cnames, w_ld_cname, i)
  File "/Users/as/Documents/UNI/Bioinformatik/2023:24_WS/GoBi_Lokal/BlockTeil_Metabolomics/ldsc/ldscore/sumstats.py", line 539, in _rg
    intercept_gencov=intercepts[2], n_blocks=n_blocks, twostep=args.two_step)
  File "/Users/as/Documents/UNI/Bioinformatik/2023:24_WS/GoBi_Lokal/BlockTeil_Metabolomics/ldsc/ldscore/regressions.py", line 705, in __init__
    np.multiply(hsq1.tot_delete_values, hsq2.tot_delete_values))
FloatingPointError: invalid value encountered in sqrt


Computing rg for phenotype 14/68
Reading summary statistics from ../output_sumstats/output_pmid24816252_isoleucine_eur.sumstats.gz ...
Read summary statistics for 1217311 SNPs.
After merging with summary statistics, 1166104 SNPs remain.
1023065 SNPs with valid alleles.

Heritability of phenotype 14/68
-------------------------------
Total Observed scale h2: -0.2772 (0.0586)
Lambda GC: 0.9489
Mean Chi^2: 0.9588
Intercept: 0.9995 (0.0064)
Ratio: NA (mean chi^2 < 1)

Genetic Covariance
------------------
Total Observed scale gencov: 0.0392 (0.0606)
Mean z1*z2: 0.0009
Intercept: -0.0031 (0.0045)

Genetic Correlation
-------------------
Genetic Correlation: nan (nan) (h2  out of bounds) 
Z-score: nan (nan) (h2  out of bounds)
P: nan (nan) (h2  out of bounds)
WARNING: One of the h2's was out of bounds.
This usually indicates a data-munging error or that h2 or N is low.

Computing rg for phenotype 15/68
Reading summary statistics from ../output_sumstats/output_pmid24816252_phenylalanine_eur.sumstats.gz ...
Read summary statistics for 1217311 SNPs.
After merging with summary statistics, 1166104 SNPs remain.
1023065 SNPs with valid alleles.
ERROR computing rg for phenotype 15/68, from file ../output_sumstats/output_pmid24816252_phenylalanine_eur.sumstats.gz.
Traceback (most recent call last):
  File "/Users/as/Documents/UNI/Bioinformatik/2023:24_WS/GoBi_Lokal/BlockTeil_Metabolomics/ldsc/ldscore/sumstats.py", line 410, in estimate_rg
    rghat = _rg(loop, args, log, M_annot, ref_ld_cnames, w_ld_cname, i)
  File "/Users/as/Documents/UNI/Bioinformatik/2023:24_WS/GoBi_Lokal/BlockTeil_Metabolomics/ldsc/ldscore/sumstats.py", line 539, in _rg
    intercept_gencov=intercepts[2], n_blocks=n_blocks, twostep=args.two_step)
  File "/Users/as/Documents/UNI/Bioinformatik/2023:24_WS/GoBi_Lokal/BlockTeil_Metabolomics/ldsc/ldscore/regressions.py", line 705, in __init__
    np.multiply(hsq1.tot_delete_values, hsq2.tot_delete_values))
FloatingPointError: invalid value encountered in sqrt


Computing rg for phenotype 16/68
Reading summary statistics from ../output_sumstats/output_pmid24816252_proline_eur.sumstats.gz ...
Read summary statistics for 1217311 SNPs.
After merging with summary statistics, 1166104 SNPs remain.
1023065 SNPs with valid alleles.
ERROR computing rg for phenotype 16/68, from file ../output_sumstats/output_pmid24816252_proline_eur.sumstats.gz.
Traceback (most recent call last):
  File "/Users/as/Documents/UNI/Bioinformatik/2023:24_WS/GoBi_Lokal/BlockTeil_Metabolomics/ldsc/ldscore/sumstats.py", line 410, in estimate_rg
    rghat = _rg(loop, args, log, M_annot, ref_ld_cnames, w_ld_cname, i)
  File "/Users/as/Documents/UNI/Bioinformatik/2023:24_WS/GoBi_Lokal/BlockTeil_Metabolomics/ldsc/ldscore/sumstats.py", line 539, in _rg
    intercept_gencov=intercepts[2], n_blocks=n_blocks, twostep=args.two_step)
  File "/Users/as/Documents/UNI/Bioinformatik/2023:24_WS/GoBi_Lokal/BlockTeil_Metabolomics/ldsc/ldscore/regressions.py", line 705, in __init__
    np.multiply(hsq1.tot_delete_values, hsq2.tot_delete_values))
FloatingPointError: invalid value encountered in sqrt


Computing rg for phenotype 17/68
Reading summary statistics from ../output_sumstats/output_pmid24816252_pyruvate_eur.sumstats.gz ...
Read summary statistics for 1217311 SNPs.
After merging with summary statistics, 1166104 SNPs remain.
1023065 SNPs with valid alleles.
ERROR computing rg for phenotype 17/68, from file ../output_sumstats/output_pmid24816252_pyruvate_eur.sumstats.gz.
Traceback (most recent call last):
  File "/Users/as/Documents/UNI/Bioinformatik/2023:24_WS/GoBi_Lokal/BlockTeil_Metabolomics/ldsc/ldscore/sumstats.py", line 410, in estimate_rg
    rghat = _rg(loop, args, log, M_annot, ref_ld_cnames, w_ld_cname, i)
  File "/Users/as/Documents/UNI/Bioinformatik/2023:24_WS/GoBi_Lokal/BlockTeil_Metabolomics/ldsc/ldscore/sumstats.py", line 539, in _rg
    intercept_gencov=intercepts[2], n_blocks=n_blocks, twostep=args.two_step)
  File "/Users/as/Documents/UNI/Bioinformatik/2023:24_WS/GoBi_Lokal/BlockTeil_Metabolomics/ldsc/ldscore/regressions.py", line 705, in __init__
    np.multiply(hsq1.tot_delete_values, hsq2.tot_delete_values))
FloatingPointError: invalid value encountered in sqrt


Computing rg for phenotype 18/68
Reading summary statistics from ../output_sumstats/output_pmid24816252_threonine_eur.sumstats.gz ...
Read summary statistics for 1217311 SNPs.
After merging with summary statistics, 1166104 SNPs remain.
1023065 SNPs with valid alleles.
ERROR computing rg for phenotype 18/68, from file ../output_sumstats/output_pmid24816252_threonine_eur.sumstats.gz.
Traceback (most recent call last):
  File "/Users/as/Documents/UNI/Bioinformatik/2023:24_WS/GoBi_Lokal/BlockTeil_Metabolomics/ldsc/ldscore/sumstats.py", line 410, in estimate_rg
    rghat = _rg(loop, args, log, M_annot, ref_ld_cnames, w_ld_cname, i)
  File "/Users/as/Documents/UNI/Bioinformatik/2023:24_WS/GoBi_Lokal/BlockTeil_Metabolomics/ldsc/ldscore/sumstats.py", line 539, in _rg
    intercept_gencov=intercepts[2], n_blocks=n_blocks, twostep=args.two_step)
  File "/Users/as/Documents/UNI/Bioinformatik/2023:24_WS/GoBi_Lokal/BlockTeil_Metabolomics/ldsc/ldscore/regressions.py", line 705, in __init__
    np.multiply(hsq1.tot_delete_values, hsq2.tot_delete_values))
FloatingPointError: invalid value encountered in sqrt


Computing rg for phenotype 19/68
Reading summary statistics from ../output_sumstats/output_pmid24816252_tryptophan_eur.sumstats.gz ...
Read summary statistics for 1217311 SNPs.
After merging with summary statistics, 1166104 SNPs remain.
1023065 SNPs with valid alleles.
ERROR computing rg for phenotype 19/68, from file ../output_sumstats/output_pmid24816252_tryptophan_eur.sumstats.gz.
Traceback (most recent call last):
  File "/Users/as/Documents/UNI/Bioinformatik/2023:24_WS/GoBi_Lokal/BlockTeil_Metabolomics/ldsc/ldscore/sumstats.py", line 410, in estimate_rg
    rghat = _rg(loop, args, log, M_annot, ref_ld_cnames, w_ld_cname, i)
  File "/Users/as/Documents/UNI/Bioinformatik/2023:24_WS/GoBi_Lokal/BlockTeil_Metabolomics/ldsc/ldscore/sumstats.py", line 539, in _rg
    intercept_gencov=intercepts[2], n_blocks=n_blocks, twostep=args.two_step)
  File "/Users/as/Documents/UNI/Bioinformatik/2023:24_WS/GoBi_Lokal/BlockTeil_Metabolomics/ldsc/ldscore/regressions.py", line 705, in __init__
    np.multiply(hsq1.tot_delete_values, hsq2.tot_delete_values))
FloatingPointError: invalid value encountered in sqrt


Computing rg for phenotype 20/68
Reading summary statistics from ../output_sumstats/output_pmid24816252_tyrosine_eur.sumstats.gz ...
Read summary statistics for 1217311 SNPs.
After merging with summary statistics, 1166104 SNPs remain.
1023065 SNPs with valid alleles.
ERROR computing rg for phenotype 20/68, from file ../output_sumstats/output_pmid24816252_tyrosine_eur.sumstats.gz.
Traceback (most recent call last):
  File "/Users/as/Documents/UNI/Bioinformatik/2023:24_WS/GoBi_Lokal/BlockTeil_Metabolomics/ldsc/ldscore/sumstats.py", line 410, in estimate_rg
    rghat = _rg(loop, args, log, M_annot, ref_ld_cnames, w_ld_cname, i)
  File "/Users/as/Documents/UNI/Bioinformatik/2023:24_WS/GoBi_Lokal/BlockTeil_Metabolomics/ldsc/ldscore/sumstats.py", line 539, in _rg
    intercept_gencov=intercepts[2], n_blocks=n_blocks, twostep=args.two_step)
  File "/Users/as/Documents/UNI/Bioinformatik/2023:24_WS/GoBi_Lokal/BlockTeil_Metabolomics/ldsc/ldscore/regressions.py", line 705, in __init__
    np.multiply(hsq1.tot_delete_values, hsq2.tot_delete_values))
FloatingPointError: invalid value encountered in sqrt


Computing rg for phenotype 21/68
Reading summary statistics from ../output_sumstats/output_pmid24816252_urea_eur.sumstats.gz ...
Read summary statistics for 1217311 SNPs.
After merging with summary statistics, 1166104 SNPs remain.
1023065 SNPs with valid alleles.

Heritability of phenotype 21/68
-------------------------------
Total Observed scale h2: -0.0784 (0.0525)
Lambda GC: 0.9898
Mean Chi^2: 1.001
Intercept: 1.0124 (0.0063)
Ratio: 12.9207 (6.5514)

Genetic Covariance
------------------
Total Observed scale gencov: -0.033 (0.0558)
Mean z1*z2: -0.0042
Intercept: -0.0009 (0.0043)

Genetic Correlation
-------------------
Genetic Correlation: nan (nan) (h2  out of bounds) 
Z-score: nan (nan) (h2  out of bounds)
P: nan (nan) (h2  out of bounds)
WARNING: One of the h2's was out of bounds.
This usually indicates a data-munging error or that h2 or N is low.

Computing rg for phenotype 22/68
Reading summary statistics from ../output_sumstats/output_pmid27386562_MS_eur.sumstats.gz ...
Read summary statistics for 1217311 SNPs.
After merging with summary statistics, 1166104 SNPs remain.
1136531 SNPs with valid alleles.

Heritability of phenotype 22/68
-------------------------------
Total Observed scale h2: 0.2418 (0.0473)
Lambda GC: 1.1207
Mean Chi^2: 1.1417
Intercept: 1.0669 (0.0089)
Ratio: 0.4719 (0.063)

Genetic Covariance
------------------
Total Observed scale gencov: -0.0969 (0.0487)
Mean z1*z2: -0.0056
Intercept: 0.0093 (0.0046)

Genetic Correlation
-------------------
Genetic Correlation: -0.9712 (10.5394)
Z-score: -0.0922
P: 0.9266

Computing rg for phenotype 23/68
Reading summary statistics from ../output_sumstats/output_pmid27455348_ALS_eur.sumstats.gz ...
Read summary statistics for 1217311 SNPs.
After merging with summary statistics, 1166104 SNPs remain.
1152767 SNPs with valid alleles.

Heritability of phenotype 23/68
-------------------------------
Total Observed scale h2: 0.0474 (0.0127)
Lambda GC: 1.0285
Mean Chi^2: 1.0316
Intercept: 0.9978 (0.0063)
Ratio < 0 (usually indicates GC correction).

Genetic Covariance
------------------
Total Observed scale gencov: 0.01 (0.0272)
Mean z1*z2: 0.0035
Intercept: 0.001 (0.0046)

Genetic Correlation
-------------------
Genetic Correlation: nan (nan) (h2  out of bounds) 
Z-score: nan (nan) (h2  out of bounds)
P: nan (nan) (h2  out of bounds)
WARNING: One of the h2's was out of bounds.
This usually indicates a data-munging error or that h2 or N is low.

Computing rg for phenotype 24/68
Reading summary statistics from ../output_sumstats/output_pmid27989323_GCSF_eur.sumstats.gz ...
Read summary statistics for 1217311 SNPs.
After merging with summary statistics, 1166104 SNPs remain.
1163489 SNPs with valid alleles.

Heritability of phenotype 24/68
-------------------------------
Total Observed scale h2: 0.0242 (0.0616)
Lambda GC: 1.0165
Mean Chi^2: 1.0108
Intercept: 1.007 (0.008)
Ratio: 0.6476 (0.7406)

Genetic Covariance
------------------
Total Observed scale gencov: 0.0231 (0.0636)
Mean z1*z2: 0.0691
Intercept: 0.0666 (0.0052)

Genetic Correlation
-------------------
Genetic Correlation: nan (nan) (h2  out of bounds) 
Z-score: nan (nan) (h2  out of bounds)
P: nan (nan) (h2  out of bounds)
WARNING: One of the h2's was out of bounds.
This usually indicates a data-munging error or that h2 or N is low.

Computing rg for phenotype 25/68
Reading summary statistics from ../output_sumstats/output_pmid27989323_GROa_eur.sumstats.gz ...
Read summary statistics for 1217311 SNPs.
After merging with summary statistics, 1166104 SNPs remain.
63 SNPs with valid alleles.
WARNING: number of SNPs less than 200k; this is almost always bad.

Heritability of phenotype 25/68
-------------------------------
Total Observed scale h2: -45.2997 (20.7723)
Lambda GC: 0.3141
Mean Chi^2: 0.4167
Intercept: 1.381 (0.479)
Ratio: NA (mean chi^2 < 1)

Genetic Covariance
------------------
Total Observed scale gencov: -8.1054 (8.7288)
Mean z1*z2: 0.057
Intercept: 0.2318 (0.208)

Genetic Correlation
-------------------
Genetic Correlation: nan (nan) (h2  out of bounds) 
Z-score: nan (nan) (h2  out of bounds)
P: nan (nan) (h2  out of bounds)
WARNING: One of the h2's was out of bounds.
This usually indicates a data-munging error or that h2 or N is low.

Computing rg for phenotype 26/68
Reading summary statistics from ../output_sumstats/output_pmid27989323_HGF_eur.sumstats.gz ...
Read summary statistics for 1217311 SNPs.
After merging with summary statistics, 1166104 SNPs remain.
1163522 SNPs with valid alleles.

Heritability of phenotype 26/68
-------------------------------
Total Observed scale h2: -0.0242 (0.0585)
Lambda GC: 1.0046
Mean Chi^2: 1.0062
Intercept: 1.0102 (0.0079)
Ratio: 1.6421 (1.2682)

Genetic Covariance
------------------
Total Observed scale gencov: -0.0694 (0.0674)
Mean z1*z2: 0.0372
Intercept: 0.0448 (0.0058)

Genetic Correlation
-------------------
Genetic Correlation: nan (nan) (h2  out of bounds) 
Z-score: nan (nan) (h2  out of bounds)
P: nan (nan) (h2  out of bounds)
WARNING: One of the h2's was out of bounds.
This usually indicates a data-munging error or that h2 or N is low.

Computing rg for phenotype 27/68
Reading summary statistics from ../output_sumstats/output_pmid27989323_IFNg_eur.sumstats.gz ...
Read summary statistics for 1217311 SNPs.
After merging with summary statistics, 1166104 SNPs remain.
1163488 SNPs with valid alleles.

Heritability of phenotype 27/68
-------------------------------
Total Observed scale h2: 0.0174 (0.0621)
Lambda GC: 1.0046
Mean Chi^2: 1.0009
Intercept: 0.9982 (0.0074)
Ratio < 0 (usually indicates GC correction).

Genetic Covariance
------------------
Total Observed scale gencov: 0.0554 (0.0604)
Mean z1*z2: 0.0144
Intercept: 0.0086 (0.005)

Genetic Correlation
-------------------
Genetic Correlation: nan (nan) (h2  out of bounds) 
Z-score: nan (nan) (h2  out of bounds)
P: nan (nan) (h2  out of bounds)
WARNING: One of the h2's was out of bounds.
This usually indicates a data-munging error or that h2 or N is low.

Computing rg for phenotype 28/68
Reading summary statistics from ../output_sumstats/output_pmid27989323_IL10_eur.sumstats.gz ...
Read summary statistics for 1217311 SNPs.
After merging with summary statistics, 1166104 SNPs remain.
1163625 SNPs with valid alleles.

Heritability of phenotype 28/68
-------------------------------
Total Observed scale h2: -0.0107 (0.0799)
Lambda GC: 1.0016
Mean Chi^2: 1.0166
Intercept: 1.0183 (0.0124)
Ratio: 1.098 (0.7446)

Genetic Covariance
------------------
Total Observed scale gencov: -0.034 (0.0647)
Mean z1*z2: 0.0348
Intercept: 0.0383 (0.0055)

Genetic Correlation
-------------------
Genetic Correlation: nan (nan) (h2  out of bounds) 
Z-score: nan (nan) (h2  out of bounds)
P: nan (nan) (h2  out of bounds)
WARNING: One of the h2's was out of bounds.
This usually indicates a data-munging error or that h2 or N is low.

Computing rg for phenotype 29/68
Reading summary statistics from ../output_sumstats/output_pmid27989323_IL12p70_eur.sumstats.gz ...
Read summary statistics for 1217311 SNPs.
After merging with summary statistics, 1166104 SNPs remain.
1163442 SNPs with valid alleles.

Heritability of phenotype 29/68
-------------------------------
Total Observed scale h2: -0.0175 (0.0901)
Lambda GC: 1.024
Mean Chi^2: 1.0302
Intercept: 1.0331 (0.0194)
Ratio: 1.0951 (0.6427)

Genetic Covariance
------------------
Total Observed scale gencov: -0.0371 (0.0623)
Mean z1*z2: 0.0437
Intercept: 0.0477 (0.0053)

Genetic Correlation
-------------------
Genetic Correlation: nan (nan) (h2  out of bounds) 
Z-score: nan (nan) (h2  out of bounds)
P: nan (nan) (h2  out of bounds)
WARNING: One of the h2's was out of bounds.
This usually indicates a data-munging error or that h2 or N is low.

Computing rg for phenotype 30/68
Reading summary statistics from ../output_sumstats/output_pmid27989323_IL13_eur.sumstats.gz ...
Read summary statistics for 1217311 SNPs.
After merging with summary statistics, 1166104 SNPs remain.
1163641 SNPs with valid alleles.

Heritability of phenotype 30/68
-------------------------------
Total Observed scale h2: -0.1674 (0.1626)
Lambda GC: 1.0046
Mean Chi^2: 1.0052
Intercept: 1.017 (0.0124)
Ratio: 3.2805 (2.4)

Genetic Covariance
------------------
Total Observed scale gencov: -0.011 (0.0897)
Mean z1*z2: 0.0221
Intercept: 0.0229 (0.0054)

Genetic Correlation
-------------------
Genetic Correlation: nan (nan) (h2  out of bounds) 
Z-score: nan (nan) (h2  out of bounds)
P: nan (nan) (h2  out of bounds)
WARNING: One of the h2's was out of bounds.
This usually indicates a data-munging error or that h2 or N is low.

Computing rg for phenotype 31/68
Reading summary statistics from ../output_sumstats/output_pmid27989323_IL16_eur.sumstats.gz ...
Read summary statistics for 1217311 SNPs.
After merging with summary statistics, 1166104 SNPs remain.
1163787 SNPs with valid alleles.

Heritability of phenotype 31/68
-------------------------------
Total Observed scale h2: -0.0746 (0.1282)
Lambda GC: 0.9898
Mean Chi^2: 0.9902
Intercept: 0.9954 (0.0073)
Ratio: NA (mean chi^2 < 1)

Genetic Covariance
------------------
Total Observed scale gencov: -0.004 (0.0971)
Mean z1*z2: -0.0152
Intercept: -0.0149 (0.005)

Genetic Correlation
-------------------
Genetic Correlation: nan (nan) (h2  out of bounds) 
Z-score: nan (nan) (h2  out of bounds)
P: nan (nan) (h2  out of bounds)
WARNING: One of the h2's was out of bounds.
This usually indicates a data-munging error or that h2 or N is low.

Computing rg for phenotype 32/68
Reading summary statistics from ../output_sumstats/output_pmid27989323_IL17_eur.sumstats.gz ...
Read summary statistics for 1217311 SNPs.
After merging with summary statistics, 1166104 SNPs remain.
2120 SNPs with valid alleles.
WARNING: number of SNPs less than 200k; this is almost always bad.

Heritability of phenotype 32/68
-------------------------------
Total Observed scale h2: -3.4515 (1.3957)
Lambda GC: 1.1317
Mean Chi^2: 1.198
Intercept: 1.4918 (0.1396)
Ratio: 2.4836 (0.7048)

Genetic Covariance
------------------
Total Observed scale gencov: 0.8723 (1.1103)
Mean z1*z2: 0.0932
Intercept: 0.0424 (0.0719)

Genetic Correlation
-------------------
Genetic Correlation: nan (nan) (h2  out of bounds) 
Z-score: nan (nan) (h2  out of bounds)
P: nan (nan) (h2  out of bounds)
WARNING: One of the h2's was out of bounds.
This usually indicates a data-munging error or that h2 or N is low.

Computing rg for phenotype 33/68
Reading summary statistics from ../output_sumstats/output_pmid27989323_IL18_eur.sumstats.gz ...
Read summary statistics for 1217311 SNPs.
After merging with summary statistics, 1166104 SNPs remain.
388763 SNPs with valid alleles.
ERROR computing rg for phenotype 33/68, from file ../output_sumstats/output_pmid27989323_IL18_eur.sumstats.gz.
Traceback (most recent call last):
  File "/Users/as/Documents/UNI/Bioinformatik/2023:24_WS/GoBi_Lokal/BlockTeil_Metabolomics/ldsc/ldscore/sumstats.py", line 410, in estimate_rg
    rghat = _rg(loop, args, log, M_annot, ref_ld_cnames, w_ld_cname, i)
  File "/Users/as/Documents/UNI/Bioinformatik/2023:24_WS/GoBi_Lokal/BlockTeil_Metabolomics/ldsc/ldscore/sumstats.py", line 539, in _rg
    intercept_gencov=intercepts[2], n_blocks=n_blocks, twostep=args.two_step)
  File "/Users/as/Documents/UNI/Bioinformatik/2023:24_WS/GoBi_Lokal/BlockTeil_Metabolomics/ldsc/ldscore/regressions.py", line 705, in __init__
    np.multiply(hsq1.tot_delete_values, hsq2.tot_delete_values))
FloatingPointError: invalid value encountered in sqrt


Computing rg for phenotype 34/68
Reading summary statistics from ../output_sumstats/output_pmid27989323_IL1ra_eur.sumstats.gz ...
Read summary statistics for 1217311 SNPs.
After merging with summary statistics, 1166104 SNPs remain.
1163911 SNPs with valid alleles.

Heritability of phenotype 34/68
-------------------------------
Total Observed scale h2: 0.0223 (0.1446)
Lambda GC: 1.0105
Mean Chi^2: 1.0082
Intercept: 1.0066 (0.008)
Ratio: 0.805 (0.9855)

Genetic Covariance
------------------
Total Observed scale gencov: -0.0472 (0.0894)
Mean z1*z2: 0.0351
Intercept: 0.0385 (0.0052)

Genetic Correlation
-------------------
Genetic Correlation: nan (nan) (h2  out of bounds) 
Z-score: nan (nan) (h2  out of bounds)
P: nan (nan) (h2  out of bounds)
WARNING: One of the h2's was out of bounds.
This usually indicates a data-munging error or that h2 or N is low.

Computing rg for phenotype 35/68
Reading summary statistics from ../output_sumstats/output_pmid27989323_IL2_eur.sumstats.gz ...
Read summary statistics for 1217311 SNPs.
After merging with summary statistics, 1166104 SNPs remain.
1163474 SNPs with valid alleles.

Heritability of phenotype 35/68
-------------------------------
Total Observed scale h2: -0.0898 (0.13)
Lambda GC: 1.0165
Mean Chi^2: 1.0072
Intercept: 1.0134 (0.0071)
Ratio: 1.862 (0.9861)

Genetic Covariance
------------------
Total Observed scale gencov: -0.1923 (0.0981)
Mean z1*z2: 0.0564
Intercept: 0.0699 (0.0055)

Genetic Correlation
-------------------
Genetic Correlation: nan (nan) (h2  out of bounds) 
Z-score: nan (nan) (h2  out of bounds)
P: nan (nan) (h2  out of bounds)
WARNING: One of the h2's was out of bounds.
This usually indicates a data-munging error or that h2 or N is low.

Computing rg for phenotype 36/68
Reading summary statistics from ../output_sumstats/output_pmid27989323_IL2ra_eur.sumstats.gz ...
Read summary statistics for 1217311 SNPs.
After merging with summary statistics, 1166104 SNPs remain.
1164018 SNPs with valid alleles.

Heritability of phenotype 36/68
-------------------------------
Total Observed scale h2: 0.0597 (0.1183)
Lambda GC: 1.0105
Mean Chi^2: 1.0078
Intercept: 1.0035 (0.0066)
Ratio: 0.4488 (0.8519)

Genetic Covariance
------------------
Total Observed scale gencov: -0.0189 (0.0933)
Mean z1*z2: 0.1111
Intercept: 0.1125 (0.0057)

Genetic Correlation
-------------------
Genetic Correlation: nan (nan) (h2  out of bounds) 
Z-score: nan (nan) (h2  out of bounds)
P: nan (nan) (h2  out of bounds)
WARNING: One of the h2's was out of bounds.
This usually indicates a data-munging error or that h2 or N is low.

Computing rg for phenotype 37/68
Reading summary statistics from ../output_sumstats/output_pmid27989323_IL4_eur.sumstats.gz ...
Read summary statistics for 1217311 SNPs.
After merging with summary statistics, 1166104 SNPs remain.
1163292 SNPs with valid alleles.

Heritability of phenotype 37/68
-------------------------------
Total Observed scale h2: -0.0393 (0.0599)
Lambda GC: 1.0016
Mean Chi^2: 1.0037
Intercept: 1.01 (0.008)
Ratio: 2.7246 (2.1776)

Genetic Covariance
------------------
Total Observed scale gencov: -0.0253 (0.0563)
Mean z1*z2: 0.0199
Intercept: 0.0226 (0.0047)

Genetic Correlation
-------------------
Genetic Correlation: nan (nan) (h2  out of bounds) 
Z-score: nan (nan) (h2  out of bounds)
P: nan (nan) (h2  out of bounds)
WARNING: One of the h2's was out of bounds.
This usually indicates a data-munging error or that h2 or N is low.

Computing rg for phenotype 38/68
Reading summary statistics from ../output_sumstats/output_pmid27989323_IL5_eur.sumstats.gz ...
Read summary statistics for 1217311 SNPs.
After merging with summary statistics, 1166104 SNPs remain.
1162189 SNPs with valid alleles.

Heritability of phenotype 38/68
-------------------------------
Total Observed scale h2: -0.1303 (0.1367)
Lambda GC: 1.0075
Mean Chi^2: 1.0039
Intercept: 1.0126 (0.0074)
Ratio: 3.239 (1.9092)

Genetic Covariance
------------------
Total Observed scale gencov: 0.0516 (0.0932)
Mean z1*z2: 0.0466
Intercept: 0.043 (0.0051)

Genetic Correlation
-------------------
Genetic Correlation: nan (nan) (h2  out of bounds) 
Z-score: nan (nan) (h2  out of bounds)
P: nan (nan) (h2  out of bounds)
WARNING: One of the h2's was out of bounds.
This usually indicates a data-munging error or that h2 or N is low.

Computing rg for phenotype 39/68
Reading summary statistics from ../output_sumstats/output_pmid27989323_IL6_eur.sumstats.gz ...
Read summary statistics for 1217311 SNPs.
After merging with summary statistics, 1166104 SNPs remain.
1163550 SNPs with valid alleles.

Heritability of phenotype 39/68
-------------------------------
Total Observed scale h2: -0.0023 (0.0569)
Lambda GC: 1.0105
Mean Chi^2: 1.0076
Intercept: 1.008 (0.0071)
Ratio: 1.0479 (0.933)

Genetic Covariance
------------------
Total Observed scale gencov: -0.0039 (0.0623)
Mean z1*z2: 0.0367
Intercept: 0.0371 (0.0051)

Genetic Correlation
-------------------
Genetic Correlation: nan (nan) (h2  out of bounds) 
Z-score: nan (nan) (h2  out of bounds)
P: nan (nan) (h2  out of bounds)
WARNING: One of the h2's was out of bounds.
This usually indicates a data-munging error or that h2 or N is low.

Computing rg for phenotype 40/68
Reading summary statistics from ../output_sumstats/output_pmid27989323_IL7_eur.sumstats.gz ...
Read summary statistics for 1217311 SNPs.
After merging with summary statistics, 1166104 SNPs remain.
1163875 SNPs with valid alleles.

Heritability of phenotype 40/68
-------------------------------
Total Observed scale h2: -0.0327 (0.1569)
Lambda GC: 1.0046
Mean Chi^2: 1.0104
Intercept: 1.0126 (0.0089)
Ratio: 1.2138 (0.8584)

Genetic Covariance
------------------
Total Observed scale gencov: -0.015 (0.1002)
Mean z1*z2: 0.0518
Intercept: 0.0529 (0.0052)

Genetic Correlation
-------------------
Genetic Correlation: nan (nan) (h2  out of bounds) 
Z-score: nan (nan) (h2  out of bounds)
P: nan (nan) (h2  out of bounds)
WARNING: One of the h2's was out of bounds.
This usually indicates a data-munging error or that h2 or N is low.

Computing rg for phenotype 41/68
Reading summary statistics from ../output_sumstats/output_pmid27989323_IL8_eur.sumstats.gz ...
Read summary statistics for 1217311 SNPs.
After merging with summary statistics, 1166104 SNPs remain.
1163122 SNPs with valid alleles.

Heritability of phenotype 41/68
-------------------------------
Total Observed scale h2: -0.0311 (0.1276)
Lambda GC: 1.0016
Mean Chi^2: 1.0057
Intercept: 1.0079 (0.0068)
Ratio: 1.3836 (1.1972)

Genetic Covariance
------------------
Total Observed scale gencov: -0.0126 (0.0957)
Mean z1*z2: 0.0814
Intercept: 0.0823 (0.0054)

Genetic Correlation
-------------------
Genetic Correlation: nan (nan) (h2  out of bounds) 
Z-score: nan (nan) (h2  out of bounds)
P: nan (nan) (h2  out of bounds)
WARNING: One of the h2's was out of bounds.
This usually indicates a data-munging error or that h2 or N is low.

Computing rg for phenotype 42/68
Reading summary statistics from ../output_sumstats/output_pmid27989323_IL9_eur.sumstats.gz ...
Read summary statistics for 1217311 SNPs.
After merging with summary statistics, 1166104 SNPs remain.
1163893 SNPs with valid alleles.

Heritability of phenotype 42/68
-------------------------------
Total Observed scale h2: -0.1723 (0.1257)
Lambda GC: 1.0135
Mean Chi^2: 1.001
Intercept: 1.0134 (0.0071)
Ratio: 13.2506 (6.9595)

Genetic Covariance
------------------
Total Observed scale gencov: -0.0995 (0.0866)
Mean z1*z2: 0.0064
Intercept: 0.0136 (0.0053)

Genetic Correlation
-------------------
Genetic Correlation: nan (nan) (h2  out of bounds) 
Z-score: nan (nan) (h2  out of bounds)
P: nan (nan) (h2  out of bounds)
WARNING: One of the h2's was out of bounds.
This usually indicates a data-munging error or that h2 or N is low.

Computing rg for phenotype 43/68
Reading summary statistics from ../output_sumstats/output_pmid27989323_MCP1_eur.sumstats.gz ...
Read summary statistics for 1217311 SNPs.
After merging with summary statistics, 1166104 SNPs remain.
1163579 SNPs with valid alleles.

Heritability of phenotype 43/68
-------------------------------
Total Observed scale h2: 0.1677 (0.0819)
Lambda GC: 1.0105
Mean Chi^2: 1.0225
Intercept: 0.9951 (0.0079)
Ratio < 0 (usually indicates GC correction).

Genetic Covariance
------------------
Total Observed scale gencov: -0.0263 (0.0691)
Mean z1*z2: 0.0408
Intercept: 0.0436 (0.0055)

Genetic Correlation
-------------------
Genetic Correlation: nan (nan) (h2  out of bounds) 
Z-score: nan (nan) (h2  out of bounds)
P: nan (nan) (h2  out of bounds)
WARNING: One of the h2's was out of bounds.
This usually indicates a data-munging error or that h2 or N is low.

Computing rg for phenotype 44/68
Reading summary statistics from ../output_sumstats/output_pmid27989323_MCP3_eur.sumstats.gz ...
Read summary statistics for 1217311 SNPs.
After merging with summary statistics, 1166104 SNPs remain.
1126422 SNPs with valid alleles.

Heritability of phenotype 44/68
-------------------------------
Total Observed scale h2: -0.8648 (0.5715)
Lambda GC: 0.9986
Mean Chi^2: 0.9992
Intercept: 1.0139 (0.0078)
Ratio: NA (mean chi^2 < 1)

Genetic Covariance
------------------
Total Observed scale gencov: -0.2679 (0.1924)
Mean z1*z2: 0.019
Intercept: 0.0284 (0.0057)

Genetic Correlation
-------------------
Genetic Correlation: nan (nan) (h2  out of bounds) 
Z-score: nan (nan) (h2  out of bounds)
P: nan (nan) (h2  out of bounds)
WARNING: One of the h2's was out of bounds.
This usually indicates a data-munging error or that h2 or N is low.

Computing rg for phenotype 45/68
Reading summary statistics from ../output_sumstats/output_pmid27989323_MCSF_eur.sumstats.gz ...
Read summary statistics for 1217311 SNPs.
After merging with summary statistics, 1166104 SNPs remain.
1159954 SNPs with valid alleles.

Heritability of phenotype 45/68
-------------------------------
Total Observed scale h2: 0.1008 (0.5063)
Lambda GC: 0.9986
Mean Chi^2: 0.9932
Intercept: 0.9915 (0.0071)
Ratio: NA (mean chi^2 < 1)

Genetic Covariance
------------------
Total Observed scale gencov: 0.3871 (0.1811)
Mean z1*z2: 0.1292
Intercept: 0.1157 (0.005)

Genetic Correlation
-------------------
Genetic Correlation: nan (nan) (h2  out of bounds) 
Z-score: nan (nan) (h2  out of bounds)
P: nan (nan) (h2  out of bounds)
WARNING: One of the h2's was out of bounds.
This usually indicates a data-munging error or that h2 or N is low.

Computing rg for phenotype 46/68
Reading summary statistics from ../output_sumstats/output_pmid27989323_MIF_eur.sumstats.gz ...
Read summary statistics for 1217311 SNPs.
After merging with summary statistics, 1166104 SNPs remain.
1163804 SNPs with valid alleles.

Heritability of phenotype 46/68
-------------------------------
Total Observed scale h2: 0.086 (0.1368)
Lambda GC: 1.0075
Mean Chi^2: 1.011
Intercept: 1.005 (0.007)
Ratio: 0.4563 (0.6343)

Genetic Covariance
------------------
Total Observed scale gencov: 0.2359 (0.0924)
Mean z1*z2: 0.1259
Intercept: 0.1093 (0.0057)

Genetic Correlation
-------------------
Genetic Correlation: nan (nan) (h2  out of bounds) 
Z-score: nan (nan) (h2  out of bounds)
P: nan (nan) (h2  out of bounds)
WARNING: One of the h2's was out of bounds.
This usually indicates a data-munging error or that h2 or N is low.

Computing rg for phenotype 47/68
Reading summary statistics from ../output_sumstats/output_pmid27989323_MIG_eur.sumstats.gz ...
Read summary statistics for 1217311 SNPs.
After merging with summary statistics, 1166104 SNPs remain.
1163850 SNPs with valid alleles.

Heritability of phenotype 47/68
-------------------------------
Total Observed scale h2: -0.1336 (0.1096)
Lambda GC: 1.0046
Mean Chi^2: 1.0045
Intercept: 1.0143 (0.0064)
Ratio: 3.1592 (1.4226)

Genetic Covariance
------------------
Total Observed scale gencov: -0.0474 (0.0937)
Mean z1*z2: 0.1793
Intercept: 0.1828 (0.0049)

Genetic Correlation
-------------------
Genetic Correlation: nan (nan) (h2  out of bounds) 
Z-score: nan (nan) (h2  out of bounds)
P: nan (nan) (h2  out of bounds)
WARNING: One of the h2's was out of bounds.
This usually indicates a data-munging error or that h2 or N is low.

Computing rg for phenotype 48/68
Reading summary statistics from ../output_sumstats/output_pmid27989323_MIP1a_eur.sumstats.gz ...
Read summary statistics for 1217311 SNPs.
After merging with summary statistics, 1166104 SNPs remain.
1163192 SNPs with valid alleles.

Heritability of phenotype 48/68
-------------------------------
Total Observed scale h2: -0.1413 (0.1409)
Lambda GC: 0.9957
Mean Chi^2: 0.9991
Intercept: 1.009 (0.0072)
Ratio: NA (mean chi^2 < 1)

Genetic Covariance
------------------
Total Observed scale gencov: -0.0562 (0.0892)
Mean z1*z2: 0.0487
Intercept: 0.0527 (0.0056)

Genetic Correlation
-------------------
Genetic Correlation: nan (nan) (h2  out of bounds) 
Z-score: nan (nan) (h2  out of bounds)
P: nan (nan) (h2  out of bounds)
WARNING: One of the h2's was out of bounds.
This usually indicates a data-munging error or that h2 or N is low.

Computing rg for phenotype 49/68
Reading summary statistics from ../output_sumstats/output_pmid27989323_MIP1b_eur.sumstats.gz ...
Read summary statistics for 1217311 SNPs.
After merging with summary statistics, 1166104 SNPs remain.
1163508 SNPs with valid alleles.

Heritability of phenotype 49/68
-------------------------------
Total Observed scale h2: 0.2247 (0.2756)
Lambda GC: 1.0165
Mean Chi^2: 1.0551
Intercept: 1.018 (0.0285)
Ratio: 0.3264 (0.5179)

Genetic Covariance
------------------
Total Observed scale gencov: -0.059 (0.0591)
Mean z1*z2: 0.0616
Intercept: 0.0678 (0.005)

Genetic Correlation
-------------------
Genetic Correlation: nan (nan) (h2  out of bounds) 
Z-score: nan (nan) (h2  out of bounds)
P: nan (nan) (h2  out of bounds)
WARNING: One of the h2's was out of bounds.
This usually indicates a data-munging error or that h2 or N is low.

Computing rg for phenotype 50/68
Reading summary statistics from ../output_sumstats/output_pmid27989323_PDGFbb_eur.sumstats.gz ...
Read summary statistics for 1217311 SNPs.
After merging with summary statistics, 1166104 SNPs remain.
1163567 SNPs with valid alleles.

Heritability of phenotype 50/68
-------------------------------
Total Observed scale h2: -0.0038 (0.0628)
Lambda GC: 1.0225
Mean Chi^2: 1.0209
Intercept: 1.0216 (0.0087)
Ratio: 1.0299 (0.4149)

Genetic Covariance
------------------
Total Observed scale gencov: 0.1048 (0.0599)
Mean z1*z2: 0.0249
Intercept: 0.0135 (0.0057)

Genetic Correlation
-------------------
Genetic Correlation: nan (nan) (h2  out of bounds) 
Z-score: nan (nan) (h2  out of bounds)
P: nan (nan) (h2  out of bounds)
WARNING: One of the h2's was out of bounds.
This usually indicates a data-munging error or that h2 or N is low.

Computing rg for phenotype 51/68
Reading summary statistics from ../output_sumstats/output_pmid27989323_RANTES_eur.sumstats.gz ...
Read summary statistics for 1217311 SNPs.
After merging with summary statistics, 1166104 SNPs remain.
1163533 SNPs with valid alleles.

Heritability of phenotype 51/68
-------------------------------
Total Observed scale h2: 0.1252 (0.1269)
Lambda GC: 1.0046
Mean Chi^2: 1.0081
Intercept: 0.9995 (0.0067)
Ratio < 0 (usually indicates GC correction).

Genetic Covariance
------------------
Total Observed scale gencov: 0.1677 (0.0906)
Mean z1*z2: 0.0744
Intercept: 0.0626 (0.0051)

Genetic Correlation
-------------------
Genetic Correlation: nan (nan) (h2  out of bounds) 
Z-score: nan (nan) (h2  out of bounds)
P: nan (nan) (h2  out of bounds)
WARNING: One of the h2's was out of bounds.
This usually indicates a data-munging error or that h2 or N is low.

Computing rg for phenotype 52/68
Reading summary statistics from ../output_sumstats/output_pmid27989323_SCF_eur.sumstats.gz ...
Read summary statistics for 1217311 SNPs.
After merging with summary statistics, 1166104 SNPs remain.
1163337 SNPs with valid alleles.

Heritability of phenotype 52/68
-------------------------------
Total Observed scale h2: -0.0543 (0.0563)
Lambda GC: 1.0046
Mean Chi^2: 1.0092
Intercept: 1.0181 (0.0073)
Ratio: 1.9705 (0.7926)

Genetic Covariance
------------------
Total Observed scale gencov: -0.0787 (0.0627)
Mean z1*z2: 0.0966
Intercept: 0.1051 (0.0053)

Genetic Correlation
-------------------
Genetic Correlation: nan (nan) (h2  out of bounds) 
Z-score: nan (nan) (h2  out of bounds)
P: nan (nan) (h2  out of bounds)
WARNING: One of the h2's was out of bounds.
This usually indicates a data-munging error or that h2 or N is low.

Computing rg for phenotype 53/68
Reading summary statistics from ../output_sumstats/output_pmid27989323_SCGFb_eur.sumstats.gz ...
Read summary statistics for 1217311 SNPs.
After merging with summary statistics, 1166104 SNPs remain.
518320 SNPs with valid alleles.

Heritability of phenotype 53/68
-------------------------------
Total Observed scale h2: 0.0931 (0.1792)
Lambda GC: 1.0165
Mean Chi^2: 1.0187
Intercept: 1.0116 (0.0101)
Ratio: 0.6217 (0.5435)

Genetic Covariance
------------------
Total Observed scale gencov: 0.2561 (0.1348)
Mean z1*z2: 0.1784
Intercept: 0.1596 (0.0078)

Genetic Correlation
-------------------
Genetic Correlation: nan (nan) (rg out of bounds) 
Z-score: nan (nan) (rg out of bounds)
P: nan (nan) (rg out of bounds)
WARNING: rg was out of bounds.
This often means that h2 is not significantly different from zero.

Computing rg for phenotype 54/68
Reading summary statistics from ../output_sumstats/output_pmid27989323_SDF1_eur.sumstats.gz ...
Read summary statistics for 1217311 SNPs.
After merging with summary statistics, 1166104 SNPs remain.
1163177 SNPs with valid alleles.

Heritability of phenotype 54/68
-------------------------------
Total Observed scale h2: -0.0127 (0.0759)
Lambda GC: 0.9898
Mean Chi^2: 0.9973
Intercept: 0.9988 (0.0072)
Ratio: NA (mean chi^2 < 1)

Genetic Covariance
------------------
Total Observed scale gencov: 0.0168 (0.0633)
Mean z1*z2: 0.0098
Intercept: 0.0083 (0.0047)

Genetic Correlation
-------------------
Genetic Correlation: nan (nan) (h2  out of bounds) 
Z-score: nan (nan) (h2  out of bounds)
P: nan (nan) (h2  out of bounds)
WARNING: One of the h2's was out of bounds.
This usually indicates a data-munging error or that h2 or N is low.

Computing rg for phenotype 55/68
Reading summary statistics from ../output_sumstats/output_pmid27989323_TNFa_eur.sumstats.gz ...
Read summary statistics for 1217311 SNPs.
After merging with summary statistics, 1166104 SNPs remain.
1163251 SNPs with valid alleles.

Heritability of phenotype 55/68
-------------------------------
Total Observed scale h2: -0.0549 (0.1338)
Lambda GC: 0.9868
Mean Chi^2: 0.9938
Intercept: 0.9976 (0.007)
Ratio: NA (mean chi^2 < 1)

Genetic Covariance
------------------
Total Observed scale gencov: -0.0621 (0.0964)
Mean z1*z2: 0.0049
Intercept: 0.0093 (0.0056)

Genetic Correlation
-------------------
Genetic Correlation: nan (nan) (h2  out of bounds) 
Z-score: nan (nan) (h2  out of bounds)
P: nan (nan) (h2  out of bounds)
WARNING: One of the h2's was out of bounds.
This usually indicates a data-munging error or that h2 or N is low.

Computing rg for phenotype 56/68
Reading summary statistics from ../output_sumstats/output_pmid27989323_TNFb_eur.sumstats.gz ...
Read summary statistics for 1217311 SNPs.
After merging with summary statistics, 1166104 SNPs remain.
1048797 SNPs with valid alleles.

Heritability of phenotype 56/68
-------------------------------
Total Observed scale h2: -0.4564 (0.3083)
Lambda GC: 1.0075
Mean Chi^2: 0.9959
Intercept: 1.0107 (0.0076)
Ratio: NA (mean chi^2 < 1)

Genetic Covariance
------------------
Total Observed scale gencov: 0.0662 (0.1386)
Mean z1*z2: 0.0815
Intercept: 0.0783 (0.0063)

Genetic Correlation
-------------------
Genetic Correlation: nan (nan) (h2  out of bounds) 
Z-score: nan (nan) (h2  out of bounds)
P: nan (nan) (h2  out of bounds)
WARNING: One of the h2's was out of bounds.
This usually indicates a data-munging error or that h2 or N is low.

Computing rg for phenotype 57/68
Reading summary statistics from ../output_sumstats/output_pmid27989323_TRAIL_eur.sumstats.gz ...
Read summary statistics for 1217311 SNPs.
After merging with summary statistics, 1166104 SNPs remain.
1163461 SNPs with valid alleles.

Heritability of phenotype 57/68
-------------------------------
Total Observed scale h2: -0.0196 (0.0552)
Lambda GC: 1.0195
Mean Chi^2: 1.0175
Intercept: 1.0207 (0.0117)
Ratio: 1.1818 (0.6674)

Genetic Covariance
------------------
Total Observed scale gencov: -0.106 (0.0613)
Mean z1*z2: 0.046
Intercept: 0.0574 (0.005)

Genetic Correlation
-------------------
Genetic Correlation: nan (nan) (h2  out of bounds) 
Z-score: nan (nan) (h2  out of bounds)
P: nan (nan) (h2  out of bounds)
WARNING: One of the h2's was out of bounds.
This usually indicates a data-munging error or that h2 or N is low.

Computing rg for phenotype 58/68
Reading summary statistics from ../output_sumstats/output_pmid27989323_bNGF_eur.sumstats.gz ...
Read summary statistics for 1217311 SNPs.
After merging with summary statistics, 1166104 SNPs remain.
1163458 SNPs with valid alleles.

Heritability of phenotype 58/68
-------------------------------
Total Observed scale h2: 0.2619 (0.1384)
Lambda GC: 1.0165
Mean Chi^2: 1.0127
Intercept: 0.9942 (0.0077)
Ratio < 0 (usually indicates GC correction).

Genetic Covariance
------------------
Total Observed scale gencov: 0.0836 (0.0943)
Mean z1*z2: 0.0621
Intercept: 0.0562 (0.0048)

Genetic Correlation
-------------------
Genetic Correlation: nan (nan) (h2  out of bounds) 
Z-score: nan (nan) (h2  out of bounds)
P: nan (nan) (h2  out of bounds)
WARNING: One of the h2's was out of bounds.
This usually indicates a data-munging error or that h2 or N is low.

Computing rg for phenotype 59/68
Reading summary statistics from ../output_sumstats/output_pmid27989323_eotaxin_eur.sumstats.gz ...
Read summary statistics for 1217311 SNPs.
After merging with summary statistics, 1166104 SNPs remain.
1163395 SNPs with valid alleles.

Heritability of phenotype 59/68
-------------------------------
Total Observed scale h2: 0.1049 (0.0666)
Lambda GC: 1.0135
Mean Chi^2: 1.0253
Intercept: 1.0083 (0.0077)
Ratio: 0.3274 (0.3038)

Genetic Covariance
------------------
Total Observed scale gencov: -0.0773 (0.0632)
Mean z1*z2: 0.0108
Intercept: 0.0192 (0.0052)

Genetic Correlation
-------------------
Genetic Correlation: nan (nan) (h2  out of bounds) 
Z-score: nan (nan) (h2  out of bounds)
P: nan (nan) (h2  out of bounds)
WARNING: One of the h2's was out of bounds.
This usually indicates a data-munging error or that h2 or N is low.

Computing rg for phenotype 60/68
Reading summary statistics from ../output_sumstats/output_pmid27989323_ip10_eur.sumstats.gz ...
Read summary statistics for 1217311 SNPs.
After merging with summary statistics, 1166104 SNPs remain.
1163843 SNPs with valid alleles.

Heritability of phenotype 60/68
-------------------------------
Total Observed scale h2: 0.1321 (0.1227)
Lambda GC: 1.0225
Mean Chi^2: 1.0177
Intercept: 1.0081 (0.0073)
Ratio: 0.4556 (0.4105)

Genetic Covariance
------------------
Total Observed scale gencov: 0.1143 (0.0941)
Mean z1*z2: 0.0662
Intercept: 0.0578 (0.0049)

Genetic Correlation
-------------------
Genetic Correlation: nan (nan) (h2  out of bounds) 
Z-score: nan (nan) (h2  out of bounds)
P: nan (nan) (h2  out of bounds)
WARNING: One of the h2's was out of bounds.
This usually indicates a data-munging error or that h2 or N is low.

Computing rg for phenotype 61/68
Reading summary statistics from ../output_sumstats/output_pmid29566793_ALS_eur.sumstats.gz ...
Read summary statistics for 1217311 SNPs.
After merging with summary statistics, 1166104 SNPs remain.
1160300 SNPs with valid alleles.

Heritability of phenotype 61/68
-------------------------------
Total Observed scale h2: 0.0319 (0.0072)
Lambda GC: 1.0496
Mean Chi^2: 1.0739
Intercept: 1.0222 (0.0072)
Ratio: 0.3003 (0.0969)

Genetic Covariance
------------------
Total Observed scale gencov: 0.0275 (0.0191)
Mean z1*z2: 0.004
Intercept: -0.0057 (0.0046)

Genetic Correlation
-------------------
Genetic Correlation: nan (nan) (h2  out of bounds) 
Z-score: nan (nan) (h2  out of bounds)
P: nan (nan) (h2  out of bounds)
WARNING: One of the h2's was out of bounds.
This usually indicates a data-munging error or that h2 or N is low.

Computing rg for phenotype 62/68
Reading summary statistics from ../output_sumstats/output_pmid29632382_T2d-BMIadj_eur.sumstats.gz ...
Read summary statistics for 1217311 SNPs.
After merging with summary statistics, 1166104 SNPs remain.
25919 SNPs with valid alleles.
WARNING: number of SNPs less than 200k; this is almost always bad.

Heritability of phenotype 62/68
-------------------------------
Total Observed scale h2: 0.1023 (0.0274)
Lambda GC: 1.2136
Mean Chi^2: 1.7904
Intercept: 1.0034 (0.0831)
Ratio: 0.0043 (0.1051)

Genetic Covariance
------------------
Total Observed scale gencov: 0.0164 (0.0342)
Mean z1*z2: -0.0135
Intercept: -0.0286 (0.0244)

Genetic Correlation
-------------------
Genetic Correlation: nan (nan) (h2  out of bounds) 
Z-score: nan (nan) (h2  out of bounds)
P: nan (nan) (h2  out of bounds)
WARNING: One of the h2's was out of bounds.
This usually indicates a data-munging error or that h2 or N is low.

Computing rg for phenotype 63/68
Reading summary statistics from ../output_sumstats/output_pmid30054458_T2d_eur.sumstats.gz ...
Read summary statistics for 1217311 SNPs.
After merging with summary statistics, 1166104 SNPs remain.
998063 SNPs with valid alleles.

Heritability of phenotype 63/68
-------------------------------
Total Observed scale h2: 0.0457 (0.003)
Lambda GC: 1.4602
Mean Chi^2: 1.6894
Intercept: 1.0551 (0.019)
Ratio: 0.0799 (0.0276)

Genetic Covariance
------------------
Total Observed scale gencov: -0.0039 (0.0105)
Mean z1*z2: -0.0036
Intercept: -0.0005 (0.0067)

Genetic Correlation
-------------------
Genetic Correlation: -0.0598 (0.1733)
Z-score: -0.3449
P: 0.7301

Computing rg for phenotype 64/68
Reading summary statistics from ../output_sumstats/output_pmid33111402_PD_eur.sumstats.gz ...
Read summary statistics for 1217311 SNPs.
After merging with summary statistics, 1166104 SNPs remain.
9917 SNPs with valid alleles.
WARNING: number of SNPs less than 200k; this is almost always bad.

Heritability of phenotype 64/68
-------------------------------
Total Observed scale h2: -2.659 (1.1393)
Lambda GC: 0.9547
Mean Chi^2: 0.9492
Intercept: 1.0868 (0.0593)
Ratio: NA (mean chi^2 < 1)

Genetic Covariance
------------------
Total Observed scale gencov: -0.0837 (0.7584)
Mean z1*z2: 0.0162
Intercept: 0.0223 (0.0428)

Genetic Correlation
-------------------
Genetic Correlation: nan (nan) (h2  out of bounds) 
Z-score: nan (nan) (h2  out of bounds)
P: nan (nan) (h2  out of bounds)
WARNING: One of the h2's was out of bounds.
This usually indicates a data-munging error or that h2 or N is low.

Computing rg for phenotype 65/68
Reading summary statistics from ../output_sumstats/output_pmid33310728_RA_eur.sumstats.gz ...
Read summary statistics for 1217311 SNPs.
After merging with summary statistics, 1166104 SNPs remain.
1156975 SNPs with valid alleles.
ERROR computing rg for phenotype 65/68, from file ../output_sumstats/output_pmid33310728_RA_eur.sumstats.gz.
Traceback (most recent call last):
  File "/Users/as/Documents/UNI/Bioinformatik/2023:24_WS/GoBi_Lokal/BlockTeil_Metabolomics/ldsc/ldscore/sumstats.py", line 410, in estimate_rg
    rghat = _rg(loop, args, log, M_annot, ref_ld_cnames, w_ld_cname, i)
  File "/Users/as/Documents/UNI/Bioinformatik/2023:24_WS/GoBi_Lokal/BlockTeil_Metabolomics/ldsc/ldscore/sumstats.py", line 539, in _rg
    intercept_gencov=intercepts[2], n_blocks=n_blocks, twostep=args.two_step)
  File "/Users/as/Documents/UNI/Bioinformatik/2023:24_WS/GoBi_Lokal/BlockTeil_Metabolomics/ldsc/ldscore/regressions.py", line 705, in __init__
    np.multiply(hsq1.tot_delete_values, hsq2.tot_delete_values))
FloatingPointError: invalid value encountered in sqrt


Computing rg for phenotype 66/68
Reading summary statistics from ../output_sumstats/output_pmid33589841_LBD_eur.sumstats.gz ...
Read summary statistics for 1217311 SNPs.
After merging with summary statistics, 1166104 SNPs remain.
1059768 SNPs with valid alleles.

Heritability of phenotype 66/68
-------------------------------
Total Observed scale h2: 0.1667 (0.0797)
Lambda GC: 1.0225
Mean Chi^2: 1.025
Intercept: 1.0028 (0.0085)
Ratio: 0.1133 (0.3396)

Genetic Covariance
------------------
Total Observed scale gencov: -0.0562 (0.0663)
Mean z1*z2: -0.0008
Intercept: 0.0046 (0.0046)

Genetic Correlation
-------------------
Genetic Correlation: nan (nan) (h2  out of bounds) 
Z-score: nan (nan) (h2  out of bounds)
P: nan (nan) (h2  out of bounds)
WARNING: One of the h2's was out of bounds.
This usually indicates a data-munging error or that h2 or N is low.

Computing rg for phenotype 67/68
Reading summary statistics from ../output_sumstats/output_pmid33987465_PD_eur.sumstats.gz ...
Read summary statistics for 1217311 SNPs.
After merging with summary statistics, 1166104 SNPs remain.
1163450 SNPs with valid alleles.

Heritability of phenotype 67/68
-------------------------------
Total Observed scale h2: 0.4152 (0.1475)
Lambda GC: 1.0016
Mean Chi^2: 1.005
Intercept: 0.9817 (0.0062)
Ratio < 0 (usually indicates GC correction).

Genetic Covariance
------------------
Total Observed scale gencov: 0.0885 (0.099)
Mean z1*z2: -0.0011
Intercept: -0.0068 (0.0041)

Genetic Correlation
-------------------
Genetic Correlation: nan (nan) (h2  out of bounds) 
Z-score: nan (nan) (h2  out of bounds)
P: nan (nan) (h2  out of bounds)
WARNING: One of the h2's was out of bounds.
This usually indicates a data-munging error or that h2 or N is low.

Computing rg for phenotype 68/68
Reading summary statistics from ../output_sumstats/output_pmid34737426_APH_eur.sumstats.gz ...
Read summary statistics for 1217311 SNPs.
After merging with summary statistics, 1166104 SNPs remain.
1140587 SNPs with valid alleles.

Heritability of phenotype 68/68
-------------------------------
Total Observed scale h2: -2.2042e-05 (0.0009)
Lambda GC: 0.9957
Mean Chi^2: 0.9851
Intercept: 0.9853 (0.0061)
Ratio: NA (mean chi^2 < 1)

Genetic Covariance
------------------
Total Observed scale gencov: 0.0092 (0.007)
Mean z1*z2: 0.0056
Intercept: -0.0019 (0.0042)

Genetic Correlation
-------------------
Genetic Correlation: nan (nan) (h2  out of bounds) 
Z-score: nan (nan) (h2  out of bounds)
P: nan (nan) (h2  out of bounds)
WARNING: One of the h2's was out of bounds.
This usually indicates a data-munging error or that h2 or N is low.


Summary of Genetic Correlation Results
                                                           p1                                                                      p2       rg      se        z       p     h2_obs  h2_obs_se  h2_int h2_int_se   gcov_int gcov_int_se
 ../output_sumstats/output_pmid27989323_CTACK_eur.sumstats.gz            ../output_sumstats/output_pmid27989323_CTACK_eur.sumstats.gz       NA      NA       NA      NA  -0.008627     0.1155   1.004  0.006949      1.004    0.006949
 ../output_sumstats/output_pmid27989323_CTACK_eur.sumstats.gz               ../output_sumstats/output_pmid21833088_MS_eur.sumstats.gz       NA      NA       NA      NA    0.05604    0.02825   1.059  0.009063  0.0008441    0.005371
 ../output_sumstats/output_pmid27989323_CTACK_eur.sumstats.gz               ../output_sumstats/output_pmid24076602_MS_eur.sumstats.gz       NA      NA       NA      NA      1.602     0.2409   1.005   0.08308   -0.01154     0.02332
 ../output_sumstats/output_pmid27989323_CTACK_eur.sumstats.gz  ../output_sumstats/output_pmid24816252_acetylcarnitine_eur.sumstats.gz       NA      NA       NA      NA     -0.235     0.0831    1.02  0.007571  -0.008373    0.005087
 ../output_sumstats/output_pmid27989323_CTACK_eur.sumstats.gz          ../output_sumstats/output_pmid24816252_alanine_eur.sumstats.gz       NA      NA       NA      NA         NA         NA      NA        NA         NA          NA
 ../output_sumstats/output_pmid27989323_CTACK_eur.sumstats.gz         ../output_sumstats/output_pmid24816252_arginine_eur.sumstats.gz       NA      NA       NA      NA  -0.007985    0.06353   1.038  0.007158   0.001003    0.004476
 ../output_sumstats/output_pmid27989323_CTACK_eur.sumstats.gz       ../output_sumstats/output_pmid24816252_asparagine_eur.sumstats.gz       NA      NA       NA      NA         NA         NA      NA        NA         NA          NA
 ../output_sumstats/output_pmid27989323_CTACK_eur.sumstats.gz      ../output_sumstats/output_pmid24816252_cholesterol_eur.sumstats.gz       NA      NA       NA      NA         NA         NA      NA        NA         NA          NA
 ../output_sumstats/output_pmid27989323_CTACK_eur.sumstats.gz          ../output_sumstats/output_pmid24816252_citrate_eur.sumstats.gz       NA      NA       NA      NA         NA         NA      NA        NA         NA          NA
 ../output_sumstats/output_pmid27989323_CTACK_eur.sumstats.gz        ../output_sumstats/output_pmid24816252_glutamate_eur.sumstats.gz       NA      NA       NA      NA         NA         NA      NA        NA         NA          NA
 ../output_sumstats/output_pmid27989323_CTACK_eur.sumstats.gz         ../output_sumstats/output_pmid24816252_glycerol_eur.sumstats.gz       NA      NA       NA      NA    -0.1269    0.06049   1.016  0.006935   -0.00693     0.00462
 ../output_sumstats/output_pmid27989323_CTACK_eur.sumstats.gz        ../output_sumstats/output_pmid24816252_histidine_eur.sumstats.gz       NA      NA       NA      NA         NA         NA      NA        NA         NA          NA
 ../output_sumstats/output_pmid27989323_CTACK_eur.sumstats.gz       ../output_sumstats/output_pmid24816252_isoleucine_eur.sumstats.gz       NA      NA       NA      NA    -0.2772    0.05856  0.9995  0.006449  -0.003124    0.004458
 ../output_sumstats/output_pmid27989323_CTACK_eur.sumstats.gz    ../output_sumstats/output_pmid24816252_phenylalanine_eur.sumstats.gz       NA      NA       NA      NA         NA         NA      NA        NA         NA          NA
 ../output_sumstats/output_pmid27989323_CTACK_eur.sumstats.gz          ../output_sumstats/output_pmid24816252_proline_eur.sumstats.gz       NA      NA       NA      NA         NA         NA      NA        NA         NA          NA
 ../output_sumstats/output_pmid27989323_CTACK_eur.sumstats.gz         ../output_sumstats/output_pmid24816252_pyruvate_eur.sumstats.gz       NA      NA       NA      NA         NA         NA      NA        NA         NA          NA
 ../output_sumstats/output_pmid27989323_CTACK_eur.sumstats.gz        ../output_sumstats/output_pmid24816252_threonine_eur.sumstats.gz       NA      NA       NA      NA         NA         NA      NA        NA         NA          NA
 ../output_sumstats/output_pmid27989323_CTACK_eur.sumstats.gz       ../output_sumstats/output_pmid24816252_tryptophan_eur.sumstats.gz       NA      NA       NA      NA         NA         NA      NA        NA         NA          NA
 ../output_sumstats/output_pmid27989323_CTACK_eur.sumstats.gz         ../output_sumstats/output_pmid24816252_tyrosine_eur.sumstats.gz       NA      NA       NA      NA         NA         NA      NA        NA         NA          NA
 ../output_sumstats/output_pmid27989323_CTACK_eur.sumstats.gz             ../output_sumstats/output_pmid24816252_urea_eur.sumstats.gz       NA      NA       NA      NA   -0.07836    0.05251   1.012  0.006274  -0.000861    0.004344
 ../output_sumstats/output_pmid27989323_CTACK_eur.sumstats.gz               ../output_sumstats/output_pmid27386562_MS_eur.sumstats.gz  -0.9712   10.54 -0.09215  0.9266     0.2418    0.04734   1.067  0.008926   0.009336    0.004592
 ../output_sumstats/output_pmid27989323_CTACK_eur.sumstats.gz              ../output_sumstats/output_pmid27455348_ALS_eur.sumstats.gz       NA      NA       NA      NA    0.04736    0.01269  0.9978  0.006307   0.001028    0.004603
 ../output_sumstats/output_pmid27989323_CTACK_eur.sumstats.gz             ../output_sumstats/output_pmid27989323_GCSF_eur.sumstats.gz       NA      NA       NA      NA    0.02425    0.06156   1.007  0.007969    0.06662     0.00524
 ../output_sumstats/output_pmid27989323_CTACK_eur.sumstats.gz             ../output_sumstats/output_pmid27989323_GROa_eur.sumstats.gz       NA      NA       NA      NA      -45.3      20.77   1.381     0.479     0.2318       0.208
 ../output_sumstats/output_pmid27989323_CTACK_eur.sumstats.gz              ../output_sumstats/output_pmid27989323_HGF_eur.sumstats.gz       NA      NA       NA      NA   -0.02423    0.05849    1.01  0.007879    0.04478    0.005833
 ../output_sumstats/output_pmid27989323_CTACK_eur.sumstats.gz             ../output_sumstats/output_pmid27989323_IFNg_eur.sumstats.gz       NA      NA       NA      NA    0.01737     0.0621  0.9982  0.007385     0.0086    0.005015
 ../output_sumstats/output_pmid27989323_CTACK_eur.sumstats.gz             ../output_sumstats/output_pmid27989323_IL10_eur.sumstats.gz       NA      NA       NA      NA   -0.01066    0.07992   1.018   0.01239    0.03834    0.005457
 ../output_sumstats/output_pmid27989323_CTACK_eur.sumstats.gz          ../output_sumstats/output_pmid27989323_IL12p70_eur.sumstats.gz       NA      NA       NA      NA   -0.01752    0.09014   1.033   0.01943    0.04774    0.005324
 ../output_sumstats/output_pmid27989323_CTACK_eur.sumstats.gz             ../output_sumstats/output_pmid27989323_IL13_eur.sumstats.gz       NA      NA       NA      NA    -0.1674     0.1626   1.017   0.01244    0.02285    0.005432
 ../output_sumstats/output_pmid27989323_CTACK_eur.sumstats.gz             ../output_sumstats/output_pmid27989323_IL16_eur.sumstats.gz       NA      NA       NA      NA   -0.07463     0.1282  0.9954  0.007295   -0.01494     0.00496
 ../output_sumstats/output_pmid27989323_CTACK_eur.sumstats.gz             ../output_sumstats/output_pmid27989323_IL17_eur.sumstats.gz       NA      NA       NA      NA     -3.451      1.396   1.492    0.1396    0.04245     0.07194
 ../output_sumstats/output_pmid27989323_CTACK_eur.sumstats.gz             ../output_sumstats/output_pmid27989323_IL18_eur.sumstats.gz       NA      NA       NA      NA         NA         NA      NA        NA         NA          NA
 ../output_sumstats/output_pmid27989323_CTACK_eur.sumstats.gz            ../output_sumstats/output_pmid27989323_IL1ra_eur.sumstats.gz       NA      NA       NA      NA     0.0223     0.1446   1.007  0.008047    0.03851    0.005151
 ../output_sumstats/output_pmid27989323_CTACK_eur.sumstats.gz              ../output_sumstats/output_pmid27989323_IL2_eur.sumstats.gz       NA      NA       NA      NA    -0.0898       0.13   1.013  0.007088    0.06993    0.005525
 ../output_sumstats/output_pmid27989323_CTACK_eur.sumstats.gz            ../output_sumstats/output_pmid27989323_IL2ra_eur.sumstats.gz       NA      NA       NA      NA    0.05975     0.1183   1.003  0.006631     0.1125    0.005661
 ../output_sumstats/output_pmid27989323_CTACK_eur.sumstats.gz              ../output_sumstats/output_pmid27989323_IL4_eur.sumstats.gz       NA      NA       NA      NA   -0.03929    0.05994    1.01  0.007998     0.0226    0.004697
 ../output_sumstats/output_pmid27989323_CTACK_eur.sumstats.gz              ../output_sumstats/output_pmid27989323_IL5_eur.sumstats.gz       NA      NA       NA      NA    -0.1303     0.1367   1.013  0.007429    0.04299    0.005146
 ../output_sumstats/output_pmid27989323_CTACK_eur.sumstats.gz              ../output_sumstats/output_pmid27989323_IL6_eur.sumstats.gz       NA      NA       NA      NA  -0.002262    0.05694   1.008   0.00708    0.03712    0.005135
 ../output_sumstats/output_pmid27989323_CTACK_eur.sumstats.gz              ../output_sumstats/output_pmid27989323_IL7_eur.sumstats.gz       NA      NA       NA      NA   -0.03273     0.1569   1.013  0.008907    0.05287    0.005214
 ../output_sumstats/output_pmid27989323_CTACK_eur.sumstats.gz              ../output_sumstats/output_pmid27989323_IL8_eur.sumstats.gz       NA      NA       NA      NA    -0.0311     0.1276   1.008  0.006799    0.08232    0.005414
 ../output_sumstats/output_pmid27989323_CTACK_eur.sumstats.gz              ../output_sumstats/output_pmid27989323_IL9_eur.sumstats.gz       NA      NA       NA      NA    -0.1723     0.1257   1.013  0.007061     0.0136    0.005306
 ../output_sumstats/output_pmid27989323_CTACK_eur.sumstats.gz             ../output_sumstats/output_pmid27989323_MCP1_eur.sumstats.gz       NA      NA       NA      NA     0.1677    0.08194  0.9951  0.007924    0.04362    0.005471
 ../output_sumstats/output_pmid27989323_CTACK_eur.sumstats.gz             ../output_sumstats/output_pmid27989323_MCP3_eur.sumstats.gz       NA      NA       NA      NA    -0.8648     0.5715   1.014  0.007764    0.02844    0.005709
 ../output_sumstats/output_pmid27989323_CTACK_eur.sumstats.gz             ../output_sumstats/output_pmid27989323_MCSF_eur.sumstats.gz       NA      NA       NA      NA     0.1008     0.5063  0.9915  0.007092     0.1157    0.004988
 ../output_sumstats/output_pmid27989323_CTACK_eur.sumstats.gz              ../output_sumstats/output_pmid27989323_MIF_eur.sumstats.gz       NA      NA       NA      NA    0.08602     0.1368   1.005   0.00699     0.1093    0.005661
 ../output_sumstats/output_pmid27989323_CTACK_eur.sumstats.gz              ../output_sumstats/output_pmid27989323_MIG_eur.sumstats.gz       NA      NA       NA      NA    -0.1336     0.1096   1.014  0.006437     0.1828    0.004949
 ../output_sumstats/output_pmid27989323_CTACK_eur.sumstats.gz            ../output_sumstats/output_pmid27989323_MIP1a_eur.sumstats.gz       NA      NA       NA      NA    -0.1413     0.1409   1.009  0.007152    0.05268    0.005603
 ../output_sumstats/output_pmid27989323_CTACK_eur.sumstats.gz            ../output_sumstats/output_pmid27989323_MIP1b_eur.sumstats.gz       NA      NA       NA      NA     0.2247     0.2756   1.018   0.02853    0.06784    0.005047
 ../output_sumstats/output_pmid27989323_CTACK_eur.sumstats.gz           ../output_sumstats/output_pmid27989323_PDGFbb_eur.sumstats.gz       NA      NA       NA      NA  -0.003797    0.06282   1.022  0.008684    0.01349    0.005725
 ../output_sumstats/output_pmid27989323_CTACK_eur.sumstats.gz           ../output_sumstats/output_pmid27989323_RANTES_eur.sumstats.gz       NA      NA       NA      NA     0.1252     0.1269  0.9995  0.006728    0.06265    0.005068
 ../output_sumstats/output_pmid27989323_CTACK_eur.sumstats.gz              ../output_sumstats/output_pmid27989323_SCF_eur.sumstats.gz       NA      NA       NA      NA   -0.05431    0.05634   1.018  0.007293     0.1051    0.005256
 ../output_sumstats/output_pmid27989323_CTACK_eur.sumstats.gz            ../output_sumstats/output_pmid27989323_SCGFb_eur.sumstats.gz    1.387   1.564   0.8871   0.375    0.09314     0.1792   1.012   0.01015     0.1596    0.007768
 ../output_sumstats/output_pmid27989323_CTACK_eur.sumstats.gz             ../output_sumstats/output_pmid27989323_SDF1_eur.sumstats.gz       NA      NA       NA      NA    -0.0127    0.07585  0.9988  0.007192   0.008288    0.004668
 ../output_sumstats/output_pmid27989323_CTACK_eur.sumstats.gz             ../output_sumstats/output_pmid27989323_TNFa_eur.sumstats.gz       NA      NA       NA      NA   -0.05494     0.1338  0.9976  0.006977   0.009259    0.005644
 ../output_sumstats/output_pmid27989323_CTACK_eur.sumstats.gz             ../output_sumstats/output_pmid27989323_TNFb_eur.sumstats.gz       NA      NA       NA      NA    -0.4564     0.3083   1.011  0.007553    0.07827    0.006344
 ../output_sumstats/output_pmid27989323_CTACK_eur.sumstats.gz            ../output_sumstats/output_pmid27989323_TRAIL_eur.sumstats.gz       NA      NA       NA      NA   -0.01957    0.05517   1.021   0.01166    0.05745       0.005
 ../output_sumstats/output_pmid27989323_CTACK_eur.sumstats.gz             ../output_sumstats/output_pmid27989323_bNGF_eur.sumstats.gz       NA      NA       NA      NA     0.2619     0.1384  0.9942  0.007715    0.05623    0.004823
 ../output_sumstats/output_pmid27989323_CTACK_eur.sumstats.gz          ../output_sumstats/output_pmid27989323_eotaxin_eur.sumstats.gz       NA      NA       NA      NA     0.1049    0.06665   1.008  0.007694    0.01922      0.0052
 ../output_sumstats/output_pmid27989323_CTACK_eur.sumstats.gz             ../output_sumstats/output_pmid27989323_ip10_eur.sumstats.gz       NA      NA       NA      NA     0.1321     0.1227   1.008  0.007274    0.05784    0.004904
 ../output_sumstats/output_pmid27989323_CTACK_eur.sumstats.gz              ../output_sumstats/output_pmid29566793_ALS_eur.sumstats.gz       NA      NA       NA      NA    0.03186   0.007206   1.022  0.007158  -0.005651    0.004632
 ../output_sumstats/output_pmid27989323_CTACK_eur.sumstats.gz       ../output_sumstats/output_pmid29632382_T2d-BMIadj_eur.sumstats.gz       NA      NA       NA      NA     0.1023    0.02739   1.003   0.08309   -0.02857     0.02445
 ../output_sumstats/output_pmid27989323_CTACK_eur.sumstats.gz              ../output_sumstats/output_pmid30054458_T2d_eur.sumstats.gz -0.05978  0.1733  -0.3449  0.7301    0.04568   0.003027   1.055   0.01901 -0.0004901    0.006712
 ../output_sumstats/output_pmid27989323_CTACK_eur.sumstats.gz               ../output_sumstats/output_pmid33111402_PD_eur.sumstats.gz       NA      NA       NA      NA     -2.659      1.139   1.087   0.05931     0.0223     0.04282
 ../output_sumstats/output_pmid27989323_CTACK_eur.sumstats.gz               ../output_sumstats/output_pmid33310728_RA_eur.sumstats.gz       NA      NA       NA      NA         NA         NA      NA        NA         NA          NA
 ../output_sumstats/output_pmid27989323_CTACK_eur.sumstats.gz              ../output_sumstats/output_pmid33589841_LBD_eur.sumstats.gz       NA      NA       NA      NA     0.1667    0.07973   1.003  0.008479   0.004625    0.004614
 ../output_sumstats/output_pmid27989323_CTACK_eur.sumstats.gz               ../output_sumstats/output_pmid33987465_PD_eur.sumstats.gz       NA      NA       NA      NA     0.4152     0.1475  0.9817  0.006203  -0.006794    0.004087
 ../output_sumstats/output_pmid27989323_CTACK_eur.sumstats.gz              ../output_sumstats/output_pmid34737426_APH_eur.sumstats.gz       NA      NA       NA      NA -2.204e-05  0.0009365  0.9853  0.006147    -0.0019    0.004159

Analysis finished at Sat Feb 24 08:29:40 2024
Total time elapsed: 7.0m:8.49s
