*********************************************************************
* LD Score Regression (LDSC)
* Version 1.0.1
* (C) 2014-2019 Brendan Bulik-Sullivan and Hilary Finucane
* Broad Institute of MIT and Harvard / MIT Department of Mathematics
* GNU General Public License v3
*********************************************************************
Call: 
./ldsc.py \
--ref-ld-chr ../input_files/eur_w_ld_chr/ \
--out ../output_ld_regression/output_pmid27989323_IL9_eur_ldReg \
--rg ../output_sumstats/output_pmid27989323_IL9_eur.sumstats.gz,../output_sumstats/output_pmid27989323_IL9_eur.sumstats.gz,../output_sumstats/output_pmid21833088_MS_eur.sumstats.gz,../output_sumstats/output_pmid24076602_MS_eur.sumstats.gz,../output_sumstats/output_pmid24816252_acetylcarnitine_eur.sumstats.gz,../output_sumstats/output_pmid24816252_alanine_eur.sumstats.gz,../output_sumstats/output_pmid24816252_arginine_eur.sumstats.gz,../output_sumstats/output_pmid24816252_asparagine_eur.sumstats.gz,../output_sumstats/output_pmid24816252_cholesterol_eur.sumstats.gz,../output_sumstats/output_pmid24816252_citrate_eur.sumstats.gz,../output_sumstats/output_pmid24816252_glutamate_eur.sumstats.gz,../output_sumstats/output_pmid24816252_glycerol_eur.sumstats.gz,../output_sumstats/output_pmid24816252_histidine_eur.sumstats.gz,../output_sumstats/output_pmid24816252_isoleucine_eur.sumstats.gz,../output_sumstats/output_pmid24816252_phenylalanine_eur.sumstats.gz,../output_sumstats/output_pmid24816252_proline_eur.sumstats.gz,../output_sumstats/output_pmid24816252_pyruvate_eur.sumstats.gz,../output_sumstats/output_pmid24816252_threonine_eur.sumstats.gz,../output_sumstats/output_pmid24816252_tryptophan_eur.sumstats.gz,../output_sumstats/output_pmid24816252_tyrosine_eur.sumstats.gz,../output_sumstats/output_pmid24816252_urea_eur.sumstats.gz,../output_sumstats/output_pmid27386562_MS_eur.sumstats.gz,../output_sumstats/output_pmid27455348_ALS_eur.sumstats.gz,../output_sumstats/output_pmid27989323_CTACK_eur.sumstats.gz,../output_sumstats/output_pmid27989323_GCSF_eur.sumstats.gz,../output_sumstats/output_pmid27989323_GROa_eur.sumstats.gz,../output_sumstats/output_pmid27989323_HGF_eur.sumstats.gz,../output_sumstats/output_pmid27989323_IFNg_eur.sumstats.gz,../output_sumstats/output_pmid27989323_IL10_eur.sumstats.gz,../output_sumstats/output_pmid27989323_IL12p70_eur.sumstats.gz,../output_sumstats/output_pmid27989323_IL13_eur.sumstats.gz,../output_sumstats/output_pmid27989323_IL16_eur.sumstats.gz,../output_sumstats/output_pmid27989323_IL17_eur.sumstats.gz,../output_sumstats/output_pmid27989323_IL18_eur.sumstats.gz,../output_sumstats/output_pmid27989323_IL1ra_eur.sumstats.gz,../output_sumstats/output_pmid27989323_IL2_eur.sumstats.gz,../output_sumstats/output_pmid27989323_IL2ra_eur.sumstats.gz,../output_sumstats/output_pmid27989323_IL4_eur.sumstats.gz,../output_sumstats/output_pmid27989323_IL5_eur.sumstats.gz,../output_sumstats/output_pmid27989323_IL6_eur.sumstats.gz,../output_sumstats/output_pmid27989323_IL7_eur.sumstats.gz,../output_sumstats/output_pmid27989323_IL8_eur.sumstats.gz,../output_sumstats/output_pmid27989323_MCP1_eur.sumstats.gz,../output_sumstats/output_pmid27989323_MCP3_eur.sumstats.gz,../output_sumstats/output_pmid27989323_MCSF_eur.sumstats.gz,../output_sumstats/output_pmid27989323_MIF_eur.sumstats.gz,../output_sumstats/output_pmid27989323_MIG_eur.sumstats.gz,../output_sumstats/output_pmid27989323_MIP1a_eur.sumstats.gz,../output_sumstats/output_pmid27989323_MIP1b_eur.sumstats.gz,../output_sumstats/output_pmid27989323_PDGFbb_eur.sumstats.gz,../output_sumstats/output_pmid27989323_RANTES_eur.sumstats.gz,../output_sumstats/output_pmid27989323_SCF_eur.sumstats.gz,../output_sumstats/output_pmid27989323_SCGFb_eur.sumstats.gz,../output_sumstats/output_pmid27989323_SDF1_eur.sumstats.gz,../output_sumstats/output_pmid27989323_TNFa_eur.sumstats.gz,../output_sumstats/output_pmid27989323_TNFb_eur.sumstats.gz,../output_sumstats/output_pmid27989323_TRAIL_eur.sumstats.gz,../output_sumstats/output_pmid27989323_bNGF_eur.sumstats.gz,../output_sumstats/output_pmid27989323_eotaxin_eur.sumstats.gz,../output_sumstats/output_pmid27989323_ip10_eur.sumstats.gz,../output_sumstats/output_pmid29566793_ALS_eur.sumstats.gz,../output_sumstats/output_pmid29632382_T2d-BMIadj_eur.sumstats.gz,../output_sumstats/output_pmid30054458_T2d_eur.sumstats.gz,../output_sumstats/output_pmid33111402_PD_eur.sumstats.gz,../output_sumstats/output_pmid33310728_RA_eur.sumstats.gz,../output_sumstats/output_pmid33589841_LBD_eur.sumstats.gz,../output_sumstats/output_pmid33987465_PD_eur.sumstats.gz,../output_sumstats/output_pmid34737426_APH_eur.sumstats.gz \
--w-ld-chr ../input_files/eur_w_ld_chr/ 

Beginning analysis at Sat Feb 24 19:27:13 2024
Reading summary statistics from ../output_sumstats/output_pmid27989323_IL9_eur.sumstats.gz ...
Read summary statistics for 1177479 SNPs.
Reading reference panel LD Score from ../input_files/eur_w_ld_chr/[1-22] ... (ldscore_fromlist)
Read reference panel LD Scores for 1290028 SNPs.
Removing partitioned LD Scores with zero variance.
Reading regression weight LD Score from ../input_files/eur_w_ld_chr/[1-22] ... (ldscore_fromlist)
Read regression weight LD Scores for 1290028 SNPs.
After merging with reference panel LD, 1166119 SNPs remain.
After merging with regression SNP LD, 1166119 SNPs remain.
Computing rg for phenotype 2/68
Reading summary statistics from ../output_sumstats/output_pmid27989323_IL9_eur.sumstats.gz ...
Read summary statistics for 1217311 SNPs.
After merging with summary statistics, 1166119 SNPs remain.
1166119 SNPs with valid alleles.

Heritability of phenotype 1
---------------------------
Total Observed scale h2: -0.1684 (0.1253)
Lambda GC: 1.0135
Mean Chi^2: 1.001
Intercept: 1.0131 (0.0071)
Ratio: 13.632 (7.3599)

Heritability of phenotype 2/68
------------------------------
Total Observed scale h2: -0.1684 (0.1253)
Lambda GC: 1.0135
Mean Chi^2: 1.001
Intercept: 1.0131 (0.0071)
Ratio: 13.632 (7.3599)

Genetic Covariance
------------------
Total Observed scale gencov: -0.1744 (0.1251)
Mean z1*z2: 1.001
Intercept: 1.0134 (0.0071)

Genetic Correlation
-------------------
Genetic Correlation: nan (nan) (h2  out of bounds) 
Z-score: nan (nan) (h2  out of bounds)
P: nan (nan) (h2  out of bounds)
WARNING: One of the h2's was out of bounds.
This usually indicates a data-munging error or that h2 or N is low.

Computing rg for phenotype 3/68
Reading summary statistics from ../output_sumstats/output_pmid21833088_MS_eur.sumstats.gz ...
Read summary statistics for 1217311 SNPs.
After merging with summary statistics, 1166119 SNPs remain.
449948 SNPs with valid alleles.

Heritability of phenotype 3/68
------------------------------
Total Observed scale h2: 0.0566 (0.0282)
Lambda GC: 1.0405
Mean Chi^2: 1.0856
Intercept: 1.0585 (0.009)
Ratio: 0.6832 (0.1046)

Genetic Covariance
------------------
Total Observed scale gencov: 0.002 (0.0369)
Mean z1*z2: -0.0005
Intercept: -0.0007 (0.006)

Genetic Correlation
-------------------
Genetic Correlation: nan (nan) (h2  out of bounds) 
Z-score: nan (nan) (h2  out of bounds)
P: nan (nan) (h2  out of bounds)
WARNING: One of the h2's was out of bounds.
This usually indicates a data-munging error or that h2 or N is low.

Computing rg for phenotype 4/68
Reading summary statistics from ../output_sumstats/output_pmid24076602_MS_eur.sumstats.gz ...
Read summary statistics for 1217311 SNPs.
After merging with summary statistics, 1166119 SNPs remain.
49485 SNPs with valid alleles.
WARNING: number of SNPs less than 200k; this is almost always bad.

Heritability of phenotype 4/68
------------------------------
Total Observed scale h2: 1.6024 (0.2404)
Lambda GC: 1.4673
Mean Chi^2: 2.2033
Intercept: 1.0051 (0.0834)
Ratio: 0.0042 (0.0693)

Genetic Covariance
------------------
Total Observed scale gencov: 0.0401 (0.1337)
Mean z1*z2: 0.0009
Intercept: -0.0037 (0.0198)

Genetic Correlation
-------------------
Genetic Correlation: nan (nan) (h2  out of bounds) 
Z-score: nan (nan) (h2  out of bounds)
P: nan (nan) (h2  out of bounds)
WARNING: One of the h2's was out of bounds.
This usually indicates a data-munging error or that h2 or N is low.

Computing rg for phenotype 5/68
Reading summary statistics from ../output_sumstats/output_pmid24816252_acetylcarnitine_eur.sumstats.gz ...
Read summary statistics for 1217311 SNPs.
After merging with summary statistics, 1166119 SNPs remain.
1023103 SNPs with valid alleles.

Heritability of phenotype 5/68
------------------------------
Total Observed scale h2: -0.2357 (0.0833)
Lambda GC: 0.9721
Mean Chi^2: 0.9854
Intercept: 1.02 (0.0076)
Ratio: NA (mean chi^2 < 1)

Genetic Covariance
------------------
Total Observed scale gencov: 0.0345 (0.0556)
Mean z1*z2: 0.0015
Intercept: -0.002 (0.0048)

Genetic Correlation
-------------------
Genetic Correlation: nan (nan) (h2  out of bounds) 
Z-score: nan (nan) (h2  out of bounds)
P: nan (nan) (h2  out of bounds)
WARNING: One of the h2's was out of bounds.
This usually indicates a data-munging error or that h2 or N is low.

Computing rg for phenotype 6/68
Reading summary statistics from ../output_sumstats/output_pmid24816252_alanine_eur.sumstats.gz ...
Read summary statistics for 1217311 SNPs.
After merging with summary statistics, 1166119 SNPs remain.
1023103 SNPs with valid alleles.

Heritability of phenotype 6/68
------------------------------
Total Observed scale h2: 0.5302 (0.0706)
Lambda GC: 1.0649
Mean Chi^2: 1.0877
Intercept: 1.0112 (0.0071)
Ratio: 0.1279 (0.0814)

Genetic Covariance
------------------
Total Observed scale gencov: 0.0387 (0.0641)
Mean z1*z2: 0.0049
Intercept: 0.0009 (0.0047)

Genetic Correlation
-------------------
Genetic Correlation: nan (nan) (h2  out of bounds) 
Z-score: nan (nan) (h2  out of bounds)
P: nan (nan) (h2  out of bounds)
WARNING: One of the h2's was out of bounds.
This usually indicates a data-munging error or that h2 or N is low.

Computing rg for phenotype 7/68
Reading summary statistics from ../output_sumstats/output_pmid24816252_arginine_eur.sumstats.gz ...
Read summary statistics for 1217311 SNPs.
After merging with summary statistics, 1166119 SNPs remain.
1023103 SNPs with valid alleles.

Heritability of phenotype 7/68
------------------------------
Total Observed scale h2: -0.0092 (0.0638)
Lambda GC: 1.0255
Mean Chi^2: 1.0367
Intercept: 1.0379 (0.0072)
Ratio: 1.0334 (0.1962)

Genetic Covariance
------------------
Total Observed scale gencov: 0.0136 (0.0584)
Mean z1*z2: -0.003
Intercept: -0.0044 (0.0045)

Genetic Correlation
-------------------
Genetic Correlation: nan (nan) (h2  out of bounds) 
Z-score: nan (nan) (h2  out of bounds)
P: nan (nan) (h2  out of bounds)
WARNING: One of the h2's was out of bounds.
This usually indicates a data-munging error or that h2 or N is low.

Computing rg for phenotype 8/68
Reading summary statistics from ../output_sumstats/output_pmid24816252_asparagine_eur.sumstats.gz ...
Read summary statistics for 1217311 SNPs.
After merging with summary statistics, 1166119 SNPs remain.
1023103 SNPs with valid alleles.

Heritability of phenotype 8/68
------------------------------
Total Observed scale h2: 0.4978 (0.067)
Lambda GC: 1.0679
Mean Chi^2: 1.0906
Intercept: 1.0189 (0.0073)
Ratio: 0.2081 (0.0802)

Genetic Covariance
------------------
Total Observed scale gencov: -0.0113 (0.0608)
Mean z1*z2: -0.0098
Intercept: -0.0088 (0.0043)

Genetic Correlation
-------------------
Genetic Correlation: nan (nan) (h2  out of bounds) 
Z-score: nan (nan) (h2  out of bounds)
P: nan (nan) (h2  out of bounds)
WARNING: One of the h2's was out of bounds.
This usually indicates a data-munging error or that h2 or N is low.

Computing rg for phenotype 9/68
Reading summary statistics from ../output_sumstats/output_pmid24816252_cholesterol_eur.sumstats.gz ...
Read summary statistics for 1217311 SNPs.
After merging with summary statistics, 1166119 SNPs remain.
1023103 SNPs with valid alleles.

Heritability of phenotype 9/68
------------------------------
Total Observed scale h2: 0.1328 (0.0675)
Lambda GC: 1.0496
Mean Chi^2: 1.0634
Intercept: 1.0439 (0.0066)
Ratio: 0.6924 (0.1042)

Genetic Covariance
------------------
Total Observed scale gencov: 0.0292 (0.0605)
Mean z1*z2: -2.2423e-05
Intercept: -0.0031 (0.0051)

Genetic Correlation
-------------------
Genetic Correlation: nan (nan) (h2  out of bounds) 
Z-score: nan (nan) (h2  out of bounds)
P: nan (nan) (h2  out of bounds)
WARNING: One of the h2's was out of bounds.
This usually indicates a data-munging error or that h2 or N is low.

Computing rg for phenotype 10/68
Reading summary statistics from ../output_sumstats/output_pmid24816252_citrate_eur.sumstats.gz ...
Read summary statistics for 1217311 SNPs.
After merging with summary statistics, 1166119 SNPs remain.
1023103 SNPs with valid alleles.

Heritability of phenotype 10/68
-------------------------------
Total Observed scale h2: 0.4536 (0.0796)
Lambda GC: 1.0957
Mean Chi^2: 1.123
Intercept: 1.0587 (0.0082)
Ratio: 0.4768 (0.0668)

Genetic Covariance
------------------
Total Observed scale gencov: 0.0315 (0.0633)
Mean z1*z2: 0.0053
Intercept: 0.0019 (0.0046)

Genetic Correlation
-------------------
Genetic Correlation: nan (nan) (h2  out of bounds) 
Z-score: nan (nan) (h2  out of bounds)
P: nan (nan) (h2  out of bounds)
WARNING: One of the h2's was out of bounds.
This usually indicates a data-munging error or that h2 or N is low.

Computing rg for phenotype 11/68
Reading summary statistics from ../output_sumstats/output_pmid24816252_glutamate_eur.sumstats.gz ...
Read summary statistics for 1217311 SNPs.
After merging with summary statistics, 1166119 SNPs remain.
1023103 SNPs with valid alleles.

Heritability of phenotype 11/68
-------------------------------
Total Observed scale h2: 0.1614 (0.0574)
Lambda GC: 0.9576
Mean Chi^2: 0.9552
Intercept: 0.932 (0.0059)
Ratio: NA (mean chi^2 < 1)

Genetic Covariance
------------------
Total Observed scale gencov: 0.0885 (0.056)
Mean z1*z2: 0.0098
Intercept: 0.0007 (0.0048)

Genetic Correlation
-------------------
Genetic Correlation: nan (nan) (h2  out of bounds) 
Z-score: nan (nan) (h2  out of bounds)
P: nan (nan) (h2  out of bounds)
WARNING: One of the h2's was out of bounds.
This usually indicates a data-munging error or that h2 or N is low.

Computing rg for phenotype 12/68
Reading summary statistics from ../output_sumstats/output_pmid24816252_glycerol_eur.sumstats.gz ...
Read summary statistics for 1217311 SNPs.
After merging with summary statistics, 1166119 SNPs remain.
1023103 SNPs with valid alleles.

Heritability of phenotype 12/68
-------------------------------
Total Observed scale h2: -0.1292 (0.0605)
Lambda GC: 0.9868
Mean Chi^2: 0.9975
Intercept: 1.0163 (0.007)
Ratio: NA (mean chi^2 < 1)

Genetic Covariance
------------------
Total Observed scale gencov: -0.0221 (0.058)
Mean z1*z2: -0.0004
Intercept: 0.0019 (0.0047)

Genetic Correlation
-------------------
Genetic Correlation: nan (nan) (h2  out of bounds) 
Z-score: nan (nan) (h2  out of bounds)
P: nan (nan) (h2  out of bounds)
WARNING: One of the h2's was out of bounds.
This usually indicates a data-munging error or that h2 or N is low.

Computing rg for phenotype 13/68
Reading summary statistics from ../output_sumstats/output_pmid24816252_histidine_eur.sumstats.gz ...
Read summary statistics for 1217311 SNPs.
After merging with summary statistics, 1166119 SNPs remain.
1023103 SNPs with valid alleles.

Heritability of phenotype 13/68
-------------------------------
Total Observed scale h2: 0.4309 (0.0694)
Lambda GC: 0.81
Mean Chi^2: 0.8193
Intercept: 0.7587 (0.0061)
Ratio: NA (mean chi^2 < 1)

Genetic Covariance
------------------
Total Observed scale gencov: -0.0367 (0.0546)
Mean z1*z2: -0.0009
Intercept: 0.0028 (0.0039)

Genetic Correlation
-------------------
Genetic Correlation: nan (nan) (h2  out of bounds) 
Z-score: nan (nan) (h2  out of bounds)
P: nan (nan) (h2  out of bounds)
WARNING: One of the h2's was out of bounds.
This usually indicates a data-munging error or that h2 or N is low.

Computing rg for phenotype 14/68
Reading summary statistics from ../output_sumstats/output_pmid24816252_isoleucine_eur.sumstats.gz ...
Read summary statistics for 1217311 SNPs.
After merging with summary statistics, 1166119 SNPs remain.
1023103 SNPs with valid alleles.

Heritability of phenotype 14/68
-------------------------------
Total Observed scale h2: -0.2742 (0.0589)
Lambda GC: 0.9489
Mean Chi^2: 0.9587
Intercept: 0.9989 (0.0065)
Ratio: NA (mean chi^2 < 1)

Genetic Covariance
------------------
Total Observed scale gencov: 0.0522 (0.0561)
Mean z1*z2: 0.008
Intercept: 0.0026 (0.0046)

Genetic Correlation
-------------------
Genetic Correlation: nan (nan) (h2  out of bounds) 
Z-score: nan (nan) (h2  out of bounds)
P: nan (nan) (h2  out of bounds)
WARNING: One of the h2's was out of bounds.
This usually indicates a data-munging error or that h2 or N is low.

Computing rg for phenotype 15/68
Reading summary statistics from ../output_sumstats/output_pmid24816252_phenylalanine_eur.sumstats.gz ...
Read summary statistics for 1217311 SNPs.
After merging with summary statistics, 1166119 SNPs remain.
1023103 SNPs with valid alleles.

Heritability of phenotype 15/68
-------------------------------
Total Observed scale h2: 0.329 (0.0435)
Lambda GC: 0.8207
Mean Chi^2: 0.8234
Intercept: 0.7775 (0.0051)
Ratio: NA (mean chi^2 < 1)

Genetic Covariance
------------------
Total Observed scale gencov: 0.1688 (0.0499)
Mean z1*z2: 0.0074
Intercept: -0.0099 (0.0038)

Genetic Correlation
-------------------
Genetic Correlation: nan (nan) (h2  out of bounds) 
Z-score: nan (nan) (h2  out of bounds)
P: nan (nan) (h2  out of bounds)
WARNING: One of the h2's was out of bounds.
This usually indicates a data-munging error or that h2 or N is low.

Computing rg for phenotype 16/68
Reading summary statistics from ../output_sumstats/output_pmid24816252_proline_eur.sumstats.gz ...
Read summary statistics for 1217311 SNPs.
After merging with summary statistics, 1166119 SNPs remain.
1023103 SNPs with valid alleles.

Heritability of phenotype 16/68
-------------------------------
Total Observed scale h2: 0.3718 (0.0901)
Lambda GC: 1.0649
Mean Chi^2: 1.0922
Intercept: 1.0383 (0.0127)
Ratio: 0.4148 (0.1378)

Genetic Covariance
------------------
Total Observed scale gencov: 0.0391 (0.0608)
Mean z1*z2: 0.0099
Intercept: 0.006 (0.0045)

Genetic Correlation
-------------------
Genetic Correlation: nan (nan) (h2  out of bounds) 
Z-score: nan (nan) (h2  out of bounds)
P: nan (nan) (h2  out of bounds)
WARNING: One of the h2's was out of bounds.
This usually indicates a data-munging error or that h2 or N is low.

Computing rg for phenotype 17/68
Reading summary statistics from ../output_sumstats/output_pmid24816252_pyruvate_eur.sumstats.gz ...
Read summary statistics for 1217311 SNPs.
After merging with summary statistics, 1166119 SNPs remain.
1023103 SNPs with valid alleles.

Heritability of phenotype 17/68
-------------------------------
Total Observed scale h2: 0.1514 (0.0559)
Lambda GC: 1.0195
Mean Chi^2: 1.0202
Intercept: 0.9988 (0.006)
Ratio < 0 (usually indicates GC correction).

Genetic Covariance
------------------
Total Observed scale gencov: -0.1048 (0.0623)
Mean z1*z2: -0.0057
Intercept: 0.0049 (0.0044)

Genetic Correlation
-------------------
Genetic Correlation: nan (nan) (h2  out of bounds) 
Z-score: nan (nan) (h2  out of bounds)
P: nan (nan) (h2  out of bounds)
WARNING: One of the h2's was out of bounds.
This usually indicates a data-munging error or that h2 or N is low.

Computing rg for phenotype 18/68
Reading summary statistics from ../output_sumstats/output_pmid24816252_threonine_eur.sumstats.gz ...
Read summary statistics for 1217311 SNPs.
After merging with summary statistics, 1166119 SNPs remain.
1023103 SNPs with valid alleles.

Heritability of phenotype 18/68
-------------------------------
Total Observed scale h2: 0.0466 (0.0839)
Lambda GC: 1.0016
Mean Chi^2: 1.015
Intercept: 1.0097 (0.0068)
Ratio: 0.6443 (0.4512)

Genetic Covariance
------------------
Total Observed scale gencov: -0.0903 (0.0725)
Mean z1*z2: -0.004
Intercept: 0.0042 (0.0045)

Genetic Correlation
-------------------
Genetic Correlation: nan (nan) (h2  out of bounds) 
Z-score: nan (nan) (h2  out of bounds)
P: nan (nan) (h2  out of bounds)
WARNING: One of the h2's was out of bounds.
This usually indicates a data-munging error or that h2 or N is low.

Computing rg for phenotype 19/68
Reading summary statistics from ../output_sumstats/output_pmid24816252_tryptophan_eur.sumstats.gz ...
Read summary statistics for 1217311 SNPs.
After merging with summary statistics, 1166119 SNPs remain.
1023103 SNPs with valid alleles.

Heritability of phenotype 19/68
-------------------------------
Total Observed scale h2: 0.9279 (0.075)
Lambda GC: 1.0864
Mean Chi^2: 1.1816
Intercept: 1.048 (0.008)
Ratio: 0.2645 (0.044)

Genetic Covariance
------------------
Total Observed scale gencov: -0.0025 (0.0611)
Mean z1*z2: 0.0011
Intercept: 0.0015 (0.0047)

Genetic Correlation
-------------------
Genetic Correlation: nan (nan) (h2  out of bounds) 
Z-score: nan (nan) (h2  out of bounds)
P: nan (nan) (h2  out of bounds)
WARNING: One of the h2's was out of bounds.
This usually indicates a data-munging error or that h2 or N is low.

Computing rg for phenotype 20/68
Reading summary statistics from ../output_sumstats/output_pmid24816252_tyrosine_eur.sumstats.gz ...
Read summary statistics for 1217311 SNPs.
After merging with summary statistics, 1166119 SNPs remain.
1023103 SNPs with valid alleles.

Heritability of phenotype 20/68
-------------------------------
Total Observed scale h2: 0.1673 (0.0712)
Lambda GC: 1.0466
Mean Chi^2: 1.0567
Intercept: 1.0322 (0.0072)
Ratio: 0.5691 (0.1268)

Genetic Covariance
------------------
Total Observed scale gencov: 0.0312 (0.0556)
Mean z1*z2: 0.0048
Intercept: 0.0017 (0.0045)

Genetic Correlation
-------------------
Genetic Correlation: nan (nan) (h2  out of bounds) 
Z-score: nan (nan) (h2  out of bounds)
P: nan (nan) (h2  out of bounds)
WARNING: One of the h2's was out of bounds.
This usually indicates a data-munging error or that h2 or N is low.

Computing rg for phenotype 21/68
Reading summary statistics from ../output_sumstats/output_pmid24816252_urea_eur.sumstats.gz ...
Read summary statistics for 1217311 SNPs.
After merging with summary statistics, 1166119 SNPs remain.
1023103 SNPs with valid alleles.

Heritability of phenotype 21/68
-------------------------------
Total Observed scale h2: -0.0773 (0.0524)
Lambda GC: 0.9898
Mean Chi^2: 1.0009
Intercept: 1.0122 (0.0063)
Ratio: 12.9044 (6.6464)

Genetic Covariance
------------------
Total Observed scale gencov: 0.1457 (0.0609)
Mean z1*z2: 0.0049
Intercept: -0.0101 (0.0045)

Genetic Correlation
-------------------
Genetic Correlation: nan (nan) (h2  out of bounds) 
Z-score: nan (nan) (h2  out of bounds)
P: nan (nan) (h2  out of bounds)
WARNING: One of the h2's was out of bounds.
This usually indicates a data-munging error or that h2 or N is low.

Computing rg for phenotype 22/68
Reading summary statistics from ../output_sumstats/output_pmid27386562_MS_eur.sumstats.gz ...
Read summary statistics for 1217311 SNPs.
After merging with summary statistics, 1166119 SNPs remain.
1136560 SNPs with valid alleles.

Heritability of phenotype 22/68
-------------------------------
Total Observed scale h2: 0.2407 (0.0471)
Lambda GC: 1.1207
Mean Chi^2: 1.1417
Intercept: 1.0671 (0.0089)
Ratio: 0.4738 (0.0628)

Genetic Covariance
------------------
Total Observed scale gencov: 0.061 (0.0438)
Mean z1*z2: 0.0003
Intercept: -0.0084 (0.005)

Genetic Correlation
-------------------
Genetic Correlation: nan (nan) (h2  out of bounds) 
Z-score: nan (nan) (h2  out of bounds)
P: nan (nan) (h2  out of bounds)
WARNING: One of the h2's was out of bounds.
This usually indicates a data-munging error or that h2 or N is low.

Computing rg for phenotype 23/68
Reading summary statistics from ../output_sumstats/output_pmid27455348_ALS_eur.sumstats.gz ...
Read summary statistics for 1217311 SNPs.
After merging with summary statistics, 1166119 SNPs remain.
1152751 SNPs with valid alleles.

Heritability of phenotype 23/68
-------------------------------
Total Observed scale h2: 0.0477 (0.0127)
Lambda GC: 1.0285
Mean Chi^2: 1.0316
Intercept: 0.9977 (0.0063)
Ratio < 0 (usually indicates GC correction).

Genetic Covariance
------------------
Total Observed scale gencov: 0.0153 (0.0261)
Mean z1*z2: -0.0007
Intercept: -0.0042 (0.0044)

Genetic Correlation
-------------------
Genetic Correlation: nan (nan) (h2  out of bounds) 
Z-score: nan (nan) (h2  out of bounds)
P: nan (nan) (h2  out of bounds)
WARNING: One of the h2's was out of bounds.
This usually indicates a data-munging error or that h2 or N is low.

Computing rg for phenotype 24/68
Reading summary statistics from ../output_sumstats/output_pmid27989323_CTACK_eur.sumstats.gz ...
Read summary statistics for 1217311 SNPs.
After merging with summary statistics, 1166119 SNPs remain.
1163893 SNPs with valid alleles.

Heritability of phenotype 24/68
-------------------------------
Total Observed scale h2: -0.0084 (0.1158)
Lambda GC: 0.9957
Mean Chi^2: 1.0033
Intercept: 1.0039 (0.007)
Ratio: 1.1854 (2.1191)

Genetic Covariance
------------------
Total Observed scale gencov: -0.0995 (0.0866)
Mean z1*z2: 0.0064
Intercept: 0.0136 (0.0053)

Genetic Correlation
-------------------
Genetic Correlation: nan (nan) (h2  out of bounds) 
Z-score: nan (nan) (h2  out of bounds)
P: nan (nan) (h2  out of bounds)
WARNING: One of the h2's was out of bounds.
This usually indicates a data-munging error or that h2 or N is low.

Computing rg for phenotype 25/68
Reading summary statistics from ../output_sumstats/output_pmid27989323_GCSF_eur.sumstats.gz ...
Read summary statistics for 1217311 SNPs.
After merging with summary statistics, 1166119 SNPs remain.
1163565 SNPs with valid alleles.

Heritability of phenotype 25/68
-------------------------------
Total Observed scale h2: 0.0259 (0.0616)
Lambda GC: 1.0165
Mean Chi^2: 1.0108
Intercept: 1.0068 (0.008)
Ratio: 0.6262 (0.7378)

Genetic Covariance
------------------
Total Observed scale gencov: -0.0408 (0.065)
Mean z1*z2: 0.3061
Intercept: 0.3105 (0.0055)

Genetic Correlation
-------------------
Genetic Correlation: nan (nan) (h2  out of bounds) 
Z-score: nan (nan) (h2  out of bounds)
P: nan (nan) (h2  out of bounds)
WARNING: One of the h2's was out of bounds.
This usually indicates a data-munging error or that h2 or N is low.

Computing rg for phenotype 26/68
Reading summary statistics from ../output_sumstats/output_pmid27989323_GROa_eur.sumstats.gz ...
Read summary statistics for 1217311 SNPs.
After merging with summary statistics, 1166119 SNPs remain.
62 SNPs with valid alleles.
WARNING: number of SNPs less than 200k; this is almost always bad.

Heritability of phenotype 26/68
-------------------------------
Total Observed scale h2: -45.3264 (20.7893)
Lambda GC: 0.3059
Mean Chi^2: 0.4181
Intercept: 1.3812 (0.479)
Ratio: NA (mean chi^2 < 1)

Genetic Covariance
------------------
Total Observed scale gencov: 1.1873 (10.7045)
Mean z1*z2: 0.1094
Intercept: 0.0845 (0.2593)

Genetic Correlation
-------------------
Genetic Correlation: nan (nan) (h2  out of bounds) 
Z-score: nan (nan) (h2  out of bounds)
P: nan (nan) (h2  out of bounds)
WARNING: One of the h2's was out of bounds.
This usually indicates a data-munging error or that h2 or N is low.

Computing rg for phenotype 27/68
Reading summary statistics from ../output_sumstats/output_pmid27989323_HGF_eur.sumstats.gz ...
Read summary statistics for 1217311 SNPs.
After merging with summary statistics, 1166119 SNPs remain.
1163480 SNPs with valid alleles.

Heritability of phenotype 27/68
-------------------------------
Total Observed scale h2: -0.0228 (0.0585)
Lambda GC: 1.0046
Mean Chi^2: 1.0063
Intercept: 1.01 (0.0079)
Ratio: 1.5993 (1.2655)

Genetic Covariance
------------------
Total Observed scale gencov: -0.0373 (0.0581)
Mean z1*z2: 0.0871
Intercept: 0.0912 (0.005)

Genetic Correlation
-------------------
Genetic Correlation: nan (nan) (h2  out of bounds) 
Z-score: nan (nan) (h2  out of bounds)
P: nan (nan) (h2  out of bounds)
WARNING: One of the h2's was out of bounds.
This usually indicates a data-munging error or that h2 or N is low.

Computing rg for phenotype 28/68
Reading summary statistics from ../output_sumstats/output_pmid27989323_IFNg_eur.sumstats.gz ...
Read summary statistics for 1217311 SNPs.
After merging with summary statistics, 1166119 SNPs remain.
1163566 SNPs with valid alleles.

Heritability of phenotype 28/68
-------------------------------
Total Observed scale h2: 0.0144 (0.0622)
Lambda GC: 1.0046
Mean Chi^2: 1.001
Intercept: 0.9988 (0.0074)
Ratio < 0 (usually indicates GC correction).

Genetic Covariance
------------------
Total Observed scale gencov: -0.0681 (0.0654)
Mean z1*z2: 0.3091
Intercept: 0.3162 (0.0059)

Genetic Correlation
-------------------
Genetic Correlation: nan (nan) (h2  out of bounds) 
Z-score: nan (nan) (h2  out of bounds)
P: nan (nan) (h2  out of bounds)
WARNING: One of the h2's was out of bounds.
This usually indicates a data-munging error or that h2 or N is low.

Computing rg for phenotype 29/68
Reading summary statistics from ../output_sumstats/output_pmid27989323_IL10_eur.sumstats.gz ...
Read summary statistics for 1217311 SNPs.
After merging with summary statistics, 1166119 SNPs remain.
1163681 SNPs with valid alleles.

Heritability of phenotype 29/68
-------------------------------
Total Observed scale h2: -0.0058 (0.08)
Lambda GC: 1.0016
Mean Chi^2: 1.0167
Intercept: 1.0176 (0.0123)
Ratio: 1.0533 (0.7382)

Genetic Covariance
------------------
Total Observed scale gencov: -0.0647 (0.0653)
Mean z1*z2: 0.3329
Intercept: 0.3397 (0.0061)

Genetic Correlation
-------------------
Genetic Correlation: nan (nan) (h2  out of bounds) 
Z-score: nan (nan) (h2  out of bounds)
P: nan (nan) (h2  out of bounds)
WARNING: One of the h2's was out of bounds.
This usually indicates a data-munging error or that h2 or N is low.

Computing rg for phenotype 30/68
Reading summary statistics from ../output_sumstats/output_pmid27989323_IL12p70_eur.sumstats.gz ...
Read summary statistics for 1217311 SNPs.
After merging with summary statistics, 1166119 SNPs remain.
1163539 SNPs with valid alleles.

Heritability of phenotype 30/68
-------------------------------
Total Observed scale h2: -0.0146 (0.0901)
Lambda GC: 1.0255
Mean Chi^2: 1.0304
Intercept: 1.0328 (0.0194)
Ratio: 1.0791 (0.6381)

Genetic Covariance
------------------
Total Observed scale gencov: -0.0369 (0.0638)
Mean z1*z2: 0.3466
Intercept: 0.3507 (0.0061)

Genetic Correlation
-------------------
Genetic Correlation: nan (nan) (h2  out of bounds) 
Z-score: nan (nan) (h2  out of bounds)
P: nan (nan) (h2  out of bounds)
WARNING: One of the h2's was out of bounds.
This usually indicates a data-munging error or that h2 or N is low.

Computing rg for phenotype 31/68
Reading summary statistics from ../output_sumstats/output_pmid27989323_IL13_eur.sumstats.gz ...
Read summary statistics for 1217311 SNPs.
After merging with summary statistics, 1166119 SNPs remain.
1163747 SNPs with valid alleles.

Heritability of phenotype 31/68
-------------------------------
Total Observed scale h2: -0.1629 (0.1629)
Lambda GC: 1.0046
Mean Chi^2: 1.0056
Intercept: 1.0171 (0.0124)
Ratio: 3.0387 (2.2036)

Genetic Covariance
------------------
Total Observed scale gencov: -0.0526 (0.1062)
Mean z1*z2: 0.5472
Intercept: 0.551 (0.0063)

Genetic Correlation
-------------------
Genetic Correlation: nan (nan) (h2  out of bounds) 
Z-score: nan (nan) (h2  out of bounds)
P: nan (nan) (h2  out of bounds)
WARNING: One of the h2's was out of bounds.
This usually indicates a data-munging error or that h2 or N is low.

Computing rg for phenotype 32/68
Reading summary statistics from ../output_sumstats/output_pmid27989323_IL16_eur.sumstats.gz ...
Read summary statistics for 1217311 SNPs.
After merging with summary statistics, 1166119 SNPs remain.
1163765 SNPs with valid alleles.

Heritability of phenotype 32/68
-------------------------------
Total Observed scale h2: -0.0795 (0.1275)
Lambda GC: 0.9898
Mean Chi^2: 0.9902
Intercept: 0.9957 (0.0073)
Ratio: NA (mean chi^2 < 1)

Genetic Covariance
------------------
Total Observed scale gencov: -0.1133 (0.0888)
Mean z1*z2: 0.0424
Intercept: 0.0504 (0.0052)

Genetic Correlation
-------------------
Genetic Correlation: nan (nan) (h2  out of bounds) 
Z-score: nan (nan) (h2  out of bounds)
P: nan (nan) (h2  out of bounds)
WARNING: One of the h2's was out of bounds.
This usually indicates a data-munging error or that h2 or N is low.

Computing rg for phenotype 33/68
Reading summary statistics from ../output_sumstats/output_pmid27989323_IL17_eur.sumstats.gz ...
Read summary statistics for 1217311 SNPs.
After merging with summary statistics, 1166119 SNPs remain.
2119 SNPs with valid alleles.
WARNING: number of SNPs less than 200k; this is almost always bad.

Heritability of phenotype 33/68
-------------------------------
Total Observed scale h2: -3.4329 (1.3591)
Lambda GC: 1.1333
Mean Chi^2: 1.201
Intercept: 1.4934 (0.1348)
Ratio: 2.4548 (0.6705)

Genetic Covariance
------------------
Total Observed scale gencov: -0.7798 (1.6792)
Mean z1*z2: 0.4738
Intercept: 0.5193 (0.1007)

Genetic Correlation
-------------------
Genetic Correlation: nan (nan) (h2  out of bounds) 
Z-score: nan (nan) (h2  out of bounds)
P: nan (nan) (h2  out of bounds)
WARNING: One of the h2's was out of bounds.
This usually indicates a data-munging error or that h2 or N is low.

Computing rg for phenotype 34/68
Reading summary statistics from ../output_sumstats/output_pmid27989323_IL18_eur.sumstats.gz ...
Read summary statistics for 1217311 SNPs.
After merging with summary statistics, 1166119 SNPs remain.
388734 SNPs with valid alleles.
ERROR computing rg for phenotype 34/68, from file ../output_sumstats/output_pmid27989323_IL18_eur.sumstats.gz.
Traceback (most recent call last):
  File "/Users/as/Documents/UNI/Bioinformatik/2023:24_WS/GoBi_Lokal/BlockTeil_Metabolomics/ldsc/ldscore/sumstats.py", line 410, in estimate_rg
    rghat = _rg(loop, args, log, M_annot, ref_ld_cnames, w_ld_cname, i)
  File "/Users/as/Documents/UNI/Bioinformatik/2023:24_WS/GoBi_Lokal/BlockTeil_Metabolomics/ldsc/ldscore/sumstats.py", line 539, in _rg
    intercept_gencov=intercepts[2], n_blocks=n_blocks, twostep=args.two_step)
  File "/Users/as/Documents/UNI/Bioinformatik/2023:24_WS/GoBi_Lokal/BlockTeil_Metabolomics/ldsc/ldscore/regressions.py", line 705, in __init__
    np.multiply(hsq1.tot_delete_values, hsq2.tot_delete_values))
FloatingPointError: invalid value encountered in sqrt


Computing rg for phenotype 35/68
Reading summary statistics from ../output_sumstats/output_pmid27989323_IL1ra_eur.sumstats.gz ...
Read summary statistics for 1217311 SNPs.
After merging with summary statistics, 1166119 SNPs remain.
1164106 SNPs with valid alleles.

Heritability of phenotype 35/68
-------------------------------
Total Observed scale h2: 0.0214 (0.1443)
Lambda GC: 1.0105
Mean Chi^2: 1.0086
Intercept: 1.0071 (0.008)
Ratio: 0.8221 (0.9346)

Genetic Covariance
------------------
Total Observed scale gencov: -0.1245 (0.1133)
Mean z1*z2: 0.5784
Intercept: 0.5873 (0.0065)

Genetic Correlation
-------------------
Genetic Correlation: nan (nan) (h2  out of bounds) 
Z-score: nan (nan) (h2  out of bounds)
P: nan (nan) (h2  out of bounds)
WARNING: One of the h2's was out of bounds.
This usually indicates a data-munging error or that h2 or N is low.

Computing rg for phenotype 36/68
Reading summary statistics from ../output_sumstats/output_pmid27989323_IL2_eur.sumstats.gz ...
Read summary statistics for 1217311 SNPs.
After merging with summary statistics, 1166119 SNPs remain.
1163639 SNPs with valid alleles.

Heritability of phenotype 36/68
-------------------------------
Total Observed scale h2: -0.0898 (0.1303)
Lambda GC: 1.0165
Mean Chi^2: 1.0075
Intercept: 1.0137 (0.0071)
Ratio: 1.8249 (0.9451)

Genetic Covariance
------------------
Total Observed scale gencov: -0.2001 (0.1068)
Mean z1*z2: 0.5385
Intercept: 0.5524 (0.0059)

Genetic Correlation
-------------------
Genetic Correlation: nan (nan) (h2  out of bounds) 
Z-score: nan (nan) (h2  out of bounds)
P: nan (nan) (h2  out of bounds)
WARNING: One of the h2's was out of bounds.
This usually indicates a data-munging error or that h2 or N is low.

Computing rg for phenotype 37/68
Reading summary statistics from ../output_sumstats/output_pmid27989323_IL2ra_eur.sumstats.gz ...
Read summary statistics for 1217311 SNPs.
After merging with summary statistics, 1166119 SNPs remain.
1163995 SNPs with valid alleles.

Heritability of phenotype 37/68
-------------------------------
Total Observed scale h2: 0.0653 (0.118)
Lambda GC: 1.0105
Mean Chi^2: 1.0078
Intercept: 1.0031 (0.0066)
Ratio: 0.399 (0.85)

Genetic Covariance
------------------
Total Observed scale gencov: 0.0091 (0.0909)
Mean z1*z2: 0.1201
Intercept: 0.1195 (0.0054)

Genetic Correlation
-------------------
Genetic Correlation: nan (nan) (h2  out of bounds) 
Z-score: nan (nan) (h2  out of bounds)
P: nan (nan) (h2  out of bounds)
WARNING: One of the h2's was out of bounds.
This usually indicates a data-munging error or that h2 or N is low.

Computing rg for phenotype 38/68
Reading summary statistics from ../output_sumstats/output_pmid27989323_IL4_eur.sumstats.gz ...
Read summary statistics for 1217311 SNPs.
After merging with summary statistics, 1166119 SNPs remain.
1163352 SNPs with valid alleles.

Heritability of phenotype 38/68
-------------------------------
Total Observed scale h2: -0.0391 (0.06)
Lambda GC: 1.0016
Mean Chi^2: 1.0037
Intercept: 1.01 (0.0081)
Ratio: 2.6983 (2.1684)

Genetic Covariance
------------------
Total Observed scale gencov: -0.0643 (0.0581)
Mean z1*z2: 0.262
Intercept: 0.269 (0.0058)

Genetic Correlation
-------------------
Genetic Correlation: nan (nan) (h2  out of bounds) 
Z-score: nan (nan) (h2  out of bounds)
P: nan (nan) (h2  out of bounds)
WARNING: One of the h2's was out of bounds.
This usually indicates a data-munging error or that h2 or N is low.

Computing rg for phenotype 39/68
Reading summary statistics from ../output_sumstats/output_pmid27989323_IL5_eur.sumstats.gz ...
Read summary statistics for 1217311 SNPs.
After merging with summary statistics, 1166119 SNPs remain.
1162277 SNPs with valid alleles.

Heritability of phenotype 39/68
-------------------------------
Total Observed scale h2: -0.124 (0.1364)
Lambda GC: 1.0075
Mean Chi^2: 1.0042
Intercept: 1.0124 (0.0074)
Ratio: 2.997 (1.7884)

Genetic Covariance
------------------
Total Observed scale gencov: -0.1121 (0.0989)
Mean z1*z2: 0.4133
Intercept: 0.4211 (0.006)

Genetic Correlation
-------------------
Genetic Correlation: nan (nan) (h2  out of bounds) 
Z-score: nan (nan) (h2  out of bounds)
P: nan (nan) (h2  out of bounds)
WARNING: One of the h2's was out of bounds.
This usually indicates a data-munging error or that h2 or N is low.

Computing rg for phenotype 40/68
Reading summary statistics from ../output_sumstats/output_pmid27989323_IL6_eur.sumstats.gz ...
Read summary statistics for 1217311 SNPs.
After merging with summary statistics, 1166119 SNPs remain.
1163624 SNPs with valid alleles.

Heritability of phenotype 40/68
-------------------------------
Total Observed scale h2: 3.6492e-05 (0.0568)
Lambda GC: 1.0105
Mean Chi^2: 1.0076
Intercept: 1.0076 (0.007)
Ratio: 0.9989 (0.9184)

Genetic Covariance
------------------
Total Observed scale gencov: -0.0679 (0.0638)
Mean z1*z2: 0.3292
Intercept: 0.3365 (0.0055)

Genetic Correlation
-------------------
Genetic Correlation: nan (nan) (h2  out of bounds) 
Z-score: nan (nan) (h2  out of bounds)
P: nan (nan) (h2  out of bounds)
WARNING: One of the h2's was out of bounds.
This usually indicates a data-munging error or that h2 or N is low.

Computing rg for phenotype 41/68
Reading summary statistics from ../output_sumstats/output_pmid27989323_IL7_eur.sumstats.gz ...
Read summary statistics for 1217311 SNPs.
After merging with summary statistics, 1166119 SNPs remain.
1163992 SNPs with valid alleles.

Heritability of phenotype 41/68
-------------------------------
Total Observed scale h2: -0.0329 (0.1576)
Lambda GC: 1.0046
Mean Chi^2: 1.0107
Intercept: 1.0129 (0.0089)
Ratio: 1.2087 (0.831)

Genetic Covariance
------------------
Total Observed scale gencov: -0.0771 (0.1042)
Mean z1*z2: 0.4353
Intercept: 0.4407 (0.0056)

Genetic Correlation
-------------------
Genetic Correlation: nan (nan) (h2  out of bounds) 
Z-score: nan (nan) (h2  out of bounds)
P: nan (nan) (h2  out of bounds)
WARNING: One of the h2's was out of bounds.
This usually indicates a data-munging error or that h2 or N is low.

Computing rg for phenotype 42/68
Reading summary statistics from ../output_sumstats/output_pmid27989323_IL8_eur.sumstats.gz ...
Read summary statistics for 1217311 SNPs.
After merging with summary statistics, 1166119 SNPs remain.
1163249 SNPs with valid alleles.

Heritability of phenotype 42/68
-------------------------------
Total Observed scale h2: -0.0292 (0.1269)
Lambda GC: 1.0016
Mean Chi^2: 1.006
Intercept: 1.0081 (0.0068)
Ratio: 1.3394 (1.1229)

Genetic Covariance
------------------
Total Observed scale gencov: -0.1258 (0.1014)
Mean z1*z2: 0.4398
Intercept: 0.4487 (0.0053)

Genetic Correlation
-------------------
Genetic Correlation: nan (nan) (h2  out of bounds) 
Z-score: nan (nan) (h2  out of bounds)
P: nan (nan) (h2  out of bounds)
WARNING: One of the h2's was out of bounds.
This usually indicates a data-munging error or that h2 or N is low.

Computing rg for phenotype 43/68
Reading summary statistics from ../output_sumstats/output_pmid27989323_MCP1_eur.sumstats.gz ...
Read summary statistics for 1217311 SNPs.
After merging with summary statistics, 1166119 SNPs remain.
1163616 SNPs with valid alleles.

Heritability of phenotype 43/68
-------------------------------
Total Observed scale h2: 0.1728 (0.0825)
Lambda GC: 1.0105
Mean Chi^2: 1.0225
Intercept: 0.9942 (0.0079)
Ratio < 0 (usually indicates GC correction).

Genetic Covariance
------------------
Total Observed scale gencov: -0.0666 (0.0591)
Mean z1*z2: 0.183
Intercept: 0.1902 (0.0051)

Genetic Correlation
-------------------
Genetic Correlation: nan (nan) (h2  out of bounds) 
Z-score: nan (nan) (h2  out of bounds)
P: nan (nan) (h2  out of bounds)
WARNING: One of the h2's was out of bounds.
This usually indicates a data-munging error or that h2 or N is low.

Computing rg for phenotype 44/68
Reading summary statistics from ../output_sumstats/output_pmid27989323_MCP3_eur.sumstats.gz ...
Read summary statistics for 1217311 SNPs.
After merging with summary statistics, 1166119 SNPs remain.
1126449 SNPs with valid alleles.

Heritability of phenotype 44/68
-------------------------------
Total Observed scale h2: -0.8431 (0.5696)
Lambda GC: 0.9986
Mean Chi^2: 0.9992
Intercept: 1.0136 (0.0078)
Ratio: NA (mean chi^2 < 1)

Genetic Covariance
------------------
Total Observed scale gencov: -0.1082 (0.1757)
Mean z1*z2: 0.1249
Intercept: 0.1287 (0.0051)

Genetic Correlation
-------------------
Genetic Correlation: nan (nan) (h2  out of bounds) 
Z-score: nan (nan) (h2  out of bounds)
P: nan (nan) (h2  out of bounds)
WARNING: One of the h2's was out of bounds.
This usually indicates a data-munging error or that h2 or N is low.

Computing rg for phenotype 45/68
Reading summary statistics from ../output_sumstats/output_pmid27989323_MCSF_eur.sumstats.gz ...
Read summary statistics for 1217311 SNPs.
After merging with summary statistics, 1166119 SNPs remain.
1159971 SNPs with valid alleles.

Heritability of phenotype 45/68
-------------------------------
Total Observed scale h2: 0.1379 (0.502)
Lambda GC: 0.9986
Mean Chi^2: 0.9931
Intercept: 0.9908 (0.0071)
Ratio: NA (mean chi^2 < 1)

Genetic Covariance
------------------
Total Observed scale gencov: -0.0955 (0.1716)
Mean z1*z2: 0.0684
Intercept: 0.0718 (0.0052)

Genetic Correlation
-------------------
Genetic Correlation: nan (nan) (h2  out of bounds) 
Z-score: nan (nan) (h2  out of bounds)
P: nan (nan) (h2  out of bounds)
WARNING: One of the h2's was out of bounds.
This usually indicates a data-munging error or that h2 or N is low.

Computing rg for phenotype 46/68
Reading summary statistics from ../output_sumstats/output_pmid27989323_MIF_eur.sumstats.gz ...
Read summary statistics for 1217311 SNPs.
After merging with summary statistics, 1166119 SNPs remain.
1163758 SNPs with valid alleles.

Heritability of phenotype 46/68
-------------------------------
Total Observed scale h2: 0.0857 (0.1363)
Lambda GC: 1.0075
Mean Chi^2: 1.011
Intercept: 1.005 (0.007)
Ratio: 0.4557 (0.6364)

Genetic Covariance
------------------
Total Observed scale gencov: -0.0799 (0.0926)
Mean z1*z2: 0.0305
Intercept: 0.0362 (0.0052)

Genetic Correlation
-------------------
Genetic Correlation: nan (nan) (h2  out of bounds) 
Z-score: nan (nan) (h2  out of bounds)
P: nan (nan) (h2  out of bounds)
WARNING: One of the h2's was out of bounds.
This usually indicates a data-munging error or that h2 or N is low.

Computing rg for phenotype 47/68
Reading summary statistics from ../output_sumstats/output_pmid27989323_MIG_eur.sumstats.gz ...
Read summary statistics for 1217311 SNPs.
After merging with summary statistics, 1166119 SNPs remain.
1163830 SNPs with valid alleles.

Heritability of phenotype 47/68
-------------------------------
Total Observed scale h2: -0.1377 (0.1095)
Lambda GC: 1.0046
Mean Chi^2: 1.0044
Intercept: 1.0145 (0.0064)
Ratio: 3.275 (1.4439)

Genetic Covariance
------------------
Total Observed scale gencov: 0.0285 (0.0936)
Mean z1*z2: 0.123
Intercept: 0.121 (0.0058)

Genetic Correlation
-------------------
Genetic Correlation: nan (nan) (h2  out of bounds) 
Z-score: nan (nan) (h2  out of bounds)
P: nan (nan) (h2  out of bounds)
WARNING: One of the h2's was out of bounds.
This usually indicates a data-munging error or that h2 or N is low.

Computing rg for phenotype 48/68
Reading summary statistics from ../output_sumstats/output_pmid27989323_MIP1a_eur.sumstats.gz ...
Read summary statistics for 1217311 SNPs.
After merging with summary statistics, 1166119 SNPs remain.
1163381 SNPs with valid alleles.

Heritability of phenotype 48/68
-------------------------------
Total Observed scale h2: -0.1366 (0.1404)
Lambda GC: 0.9957
Mean Chi^2: 0.9996
Intercept: 1.0092 (0.0071)
Ratio: NA (mean chi^2 < 1)

Genetic Covariance
------------------
Total Observed scale gencov: -0.1821 (0.1102)
Mean z1*z2: 0.636
Intercept: 0.6488 (0.0064)

Genetic Correlation
-------------------
Genetic Correlation: nan (nan) (h2  out of bounds) 
Z-score: nan (nan) (h2  out of bounds)
P: nan (nan) (h2  out of bounds)
WARNING: One of the h2's was out of bounds.
This usually indicates a data-munging error or that h2 or N is low.

Computing rg for phenotype 49/68
Reading summary statistics from ../output_sumstats/output_pmid27989323_MIP1b_eur.sumstats.gz ...
Read summary statistics for 1217311 SNPs.
After merging with summary statistics, 1166119 SNPs remain.
1163532 SNPs with valid alleles.

Heritability of phenotype 49/68
-------------------------------
Total Observed scale h2: 0.2273 (0.2757)
Lambda GC: 1.0165
Mean Chi^2: 1.055
Intercept: 1.0175 (0.0286)
Ratio: 0.3184 (0.5194)

Genetic Covariance
------------------
Total Observed scale gencov: -0.0505 (0.0651)
Mean z1*z2: 0.1495
Intercept: 0.1551 (0.0054)

Genetic Correlation
-------------------
Genetic Correlation: nan (nan) (h2  out of bounds) 
Z-score: nan (nan) (h2  out of bounds)
P: nan (nan) (h2  out of bounds)
WARNING: One of the h2's was out of bounds.
This usually indicates a data-munging error or that h2 or N is low.

Computing rg for phenotype 50/68
Reading summary statistics from ../output_sumstats/output_pmid27989323_PDGFbb_eur.sumstats.gz ...
Read summary statistics for 1217311 SNPs.
After merging with summary statistics, 1166119 SNPs remain.
1163582 SNPs with valid alleles.

Heritability of phenotype 50/68
-------------------------------
Total Observed scale h2: -0.0078 (0.0624)
Lambda GC: 1.0225
Mean Chi^2: 1.021
Intercept: 1.0223 (0.0087)
Ratio: 1.0611 (0.414)

Genetic Covariance
------------------
Total Observed scale gencov: -0.1055 (0.0617)
Mean z1*z2: 0.1768
Intercept: 0.1883 (0.0053)

Genetic Correlation
-------------------
Genetic Correlation: nan (nan) (h2  out of bounds) 
Z-score: nan (nan) (h2  out of bounds)
P: nan (nan) (h2  out of bounds)
WARNING: One of the h2's was out of bounds.
This usually indicates a data-munging error or that h2 or N is low.

Computing rg for phenotype 51/68
Reading summary statistics from ../output_sumstats/output_pmid27989323_RANTES_eur.sumstats.gz ...
Read summary statistics for 1217311 SNPs.
After merging with summary statistics, 1166119 SNPs remain.
1163498 SNPs with valid alleles.

Heritability of phenotype 51/68
-------------------------------
Total Observed scale h2: 0.1144 (0.1271)
Lambda GC: 1.0016
Mean Chi^2: 1.008
Intercept: 1.0002 (0.0067)
Ratio: 0.0276 (0.8335)

Genetic Covariance
------------------
Total Observed scale gencov: -0.1603 (0.0839)
Mean z1*z2: 0.0381
Intercept: 0.0493 (0.0049)

Genetic Correlation
-------------------
Genetic Correlation: nan (nan) (h2  out of bounds) 
Z-score: nan (nan) (h2  out of bounds)
P: nan (nan) (h2  out of bounds)
WARNING: One of the h2's was out of bounds.
This usually indicates a data-munging error or that h2 or N is low.

Computing rg for phenotype 52/68
Reading summary statistics from ../output_sumstats/output_pmid27989323_SCF_eur.sumstats.gz ...
Read summary statistics for 1217311 SNPs.
After merging with summary statistics, 1166119 SNPs remain.
1163354 SNPs with valid alleles.

Heritability of phenotype 52/68
-------------------------------
Total Observed scale h2: -0.0566 (0.0566)
Lambda GC: 1.0046
Mean Chi^2: 1.0093
Intercept: 1.0186 (0.0073)
Ratio: 2.0003 (0.7876)

Genetic Covariance
------------------
Total Observed scale gencov: -0.0146 (0.058)
Mean z1*z2: 0.0102
Intercept: 0.0117 (0.0052)

Genetic Correlation
-------------------
Genetic Correlation: nan (nan) (h2  out of bounds) 
Z-score: nan (nan) (h2  out of bounds)
P: nan (nan) (h2  out of bounds)
WARNING: One of the h2's was out of bounds.
This usually indicates a data-munging error or that h2 or N is low.

Computing rg for phenotype 53/68
Reading summary statistics from ../output_sumstats/output_pmid27989323_SCGFb_eur.sumstats.gz ...
Read summary statistics for 1217311 SNPs.
After merging with summary statistics, 1166119 SNPs remain.
518302 SNPs with valid alleles.

Heritability of phenotype 53/68
-------------------------------
Total Observed scale h2: 0.0928 (0.1811)
Lambda GC: 1.0165
Mean Chi^2: 1.0188
Intercept: 1.0117 (0.0103)
Ratio: 0.6248 (0.5464)

Genetic Covariance
------------------
Total Observed scale gencov: -0.0805 (0.1432)
Mean z1*z2: 0.1029
Intercept: 0.1089 (0.008)

Genetic Correlation
-------------------
Genetic Correlation: nan (nan) (h2  out of bounds) 
Z-score: nan (nan) (h2  out of bounds)
P: nan (nan) (h2  out of bounds)
WARNING: One of the h2's was out of bounds.
This usually indicates a data-munging error or that h2 or N is low.

Computing rg for phenotype 54/68
Reading summary statistics from ../output_sumstats/output_pmid27989323_SDF1_eur.sumstats.gz ...
Read summary statistics for 1217311 SNPs.
After merging with summary statistics, 1166119 SNPs remain.
1163203 SNPs with valid alleles.

Heritability of phenotype 54/68
-------------------------------
Total Observed scale h2: -0.0093 (0.076)
Lambda GC: 0.9898
Mean Chi^2: 0.9973
Intercept: 0.9984 (0.0072)
Ratio: NA (mean chi^2 < 1)

Genetic Covariance
------------------
Total Observed scale gencov: 0.0542 (0.0663)
Mean z1*z2: 0.0615
Intercept: 0.0565 (0.0052)

Genetic Correlation
-------------------
Genetic Correlation: nan (nan) (h2  out of bounds) 
Z-score: nan (nan) (h2  out of bounds)
P: nan (nan) (h2  out of bounds)
WARNING: One of the h2's was out of bounds.
This usually indicates a data-munging error or that h2 or N is low.

Computing rg for phenotype 55/68
Reading summary statistics from ../output_sumstats/output_pmid27989323_TNFa_eur.sumstats.gz ...
Read summary statistics for 1217311 SNPs.
After merging with summary statistics, 1166119 SNPs remain.
1163341 SNPs with valid alleles.

Heritability of phenotype 55/68
-------------------------------
Total Observed scale h2: -0.0561 (0.1336)
Lambda GC: 0.9868
Mean Chi^2: 0.9942
Intercept: 0.998 (0.007)
Ratio: NA (mean chi^2 < 1)

Genetic Covariance
------------------
Total Observed scale gencov: -0.1259 (0.1072)
Mean z1*z2: 0.458
Intercept: 0.4668 (0.0058)

Genetic Correlation
-------------------
Genetic Correlation: nan (nan) (h2  out of bounds) 
Z-score: nan (nan) (h2  out of bounds)
P: nan (nan) (h2  out of bounds)
WARNING: One of the h2's was out of bounds.
This usually indicates a data-munging error or that h2 or N is low.

Computing rg for phenotype 56/68
Reading summary statistics from ../output_sumstats/output_pmid27989323_TNFb_eur.sumstats.gz ...
Read summary statistics for 1217311 SNPs.
After merging with summary statistics, 1166119 SNPs remain.
1048833 SNPs with valid alleles.

Heritability of phenotype 56/68
-------------------------------
Total Observed scale h2: -0.4524 (0.3077)
Lambda GC: 1.0075
Mean Chi^2: 0.9957
Intercept: 1.0103 (0.0075)
Ratio: NA (mean chi^2 < 1)

Genetic Covariance
------------------
Total Observed scale gencov: 0.1668 (0.142)
Mean z1*z2: 0.0584
Intercept: 0.0501 (0.006)

Genetic Correlation
-------------------
Genetic Correlation: nan (nan) (h2  out of bounds) 
Z-score: nan (nan) (h2  out of bounds)
P: nan (nan) (h2  out of bounds)
WARNING: One of the h2's was out of bounds.
This usually indicates a data-munging error or that h2 or N is low.

Computing rg for phenotype 57/68
Reading summary statistics from ../output_sumstats/output_pmid27989323_TRAIL_eur.sumstats.gz ...
Read summary statistics for 1217311 SNPs.
After merging with summary statistics, 1166119 SNPs remain.
1163459 SNPs with valid alleles.

Heritability of phenotype 57/68
-------------------------------
Total Observed scale h2: -0.0156 (0.0553)
Lambda GC: 1.0195
Mean Chi^2: 1.0175
Intercept: 1.0201 (0.0117)
Ratio: 1.1448 (0.6669)

Genetic Covariance
------------------
Total Observed scale gencov: -0.0546 (0.0591)
Mean z1*z2: 0.0196
Intercept: 0.0255 (0.0055)

Genetic Correlation
-------------------
Genetic Correlation: nan (nan) (h2  out of bounds) 
Z-score: nan (nan) (h2  out of bounds)
P: nan (nan) (h2  out of bounds)
WARNING: One of the h2's was out of bounds.
This usually indicates a data-munging error or that h2 or N is low.

Computing rg for phenotype 58/68
Reading summary statistics from ../output_sumstats/output_pmid27989323_bNGF_eur.sumstats.gz ...
Read summary statistics for 1217311 SNPs.
After merging with summary statistics, 1166119 SNPs remain.
1163476 SNPs with valid alleles.

Heritability of phenotype 58/68
-------------------------------
Total Observed scale h2: 0.264 (0.1388)
Lambda GC: 1.0165
Mean Chi^2: 1.0127
Intercept: 0.9941 (0.0077)
Ratio < 0 (usually indicates GC correction).

Genetic Covariance
------------------
Total Observed scale gencov: 0.0286 (0.0956)
Mean z1*z2: 0.2096
Intercept: 0.2076 (0.0057)

Genetic Correlation
-------------------
Genetic Correlation: nan (nan) (h2  out of bounds) 
Z-score: nan (nan) (h2  out of bounds)
P: nan (nan) (h2  out of bounds)
WARNING: One of the h2's was out of bounds.
This usually indicates a data-munging error or that h2 or N is low.

Computing rg for phenotype 59/68
Reading summary statistics from ../output_sumstats/output_pmid27989323_eotaxin_eur.sumstats.gz ...
Read summary statistics for 1217311 SNPs.
After merging with summary statistics, 1166119 SNPs remain.
1163461 SNPs with valid alleles.

Heritability of phenotype 59/68
-------------------------------
Total Observed scale h2: 0.1081 (0.0666)
Lambda GC: 1.0135
Mean Chi^2: 1.0253
Intercept: 1.0078 (0.0076)
Ratio: 0.3071 (0.299)

Genetic Covariance
------------------
Total Observed scale gencov: -0.017 (0.0617)
Mean z1*z2: 0.2671
Intercept: 0.2689 (0.005)

Genetic Correlation
-------------------
Genetic Correlation: nan (nan) (h2  out of bounds) 
Z-score: nan (nan) (h2  out of bounds)
P: nan (nan) (h2  out of bounds)
WARNING: One of the h2's was out of bounds.
This usually indicates a data-munging error or that h2 or N is low.

Computing rg for phenotype 60/68
Reading summary statistics from ../output_sumstats/output_pmid27989323_ip10_eur.sumstats.gz ...
Read summary statistics for 1217311 SNPs.
After merging with summary statistics, 1166119 SNPs remain.
1163847 SNPs with valid alleles.

Heritability of phenotype 60/68
-------------------------------
Total Observed scale h2: 0.1333 (0.1229)
Lambda GC: 1.0225
Mean Chi^2: 1.0178
Intercept: 1.008 (0.0073)
Ratio: 0.4522 (0.4121)

Genetic Covariance
------------------
Total Observed scale gencov: 0.0421 (0.0853)
Mean z1*z2: 0.1764
Intercept: 0.1734 (0.0052)

Genetic Correlation
-------------------
Genetic Correlation: nan (nan) (h2  out of bounds) 
Z-score: nan (nan) (h2  out of bounds)
P: nan (nan) (h2  out of bounds)
WARNING: One of the h2's was out of bounds.
This usually indicates a data-munging error or that h2 or N is low.

Computing rg for phenotype 61/68
Reading summary statistics from ../output_sumstats/output_pmid29566793_ALS_eur.sumstats.gz ...
Read summary statistics for 1217311 SNPs.
After merging with summary statistics, 1166119 SNPs remain.
1160313 SNPs with valid alleles.

Heritability of phenotype 61/68
-------------------------------
Total Observed scale h2: 0.0321 (0.0072)
Lambda GC: 1.0496
Mean Chi^2: 1.0739
Intercept: 1.0218 (0.0073)
Ratio: 0.2957 (0.0986)

Genetic Covariance
------------------
Total Observed scale gencov: 0.0019 (0.0176)
Mean z1*z2: -0.0008
Intercept: -0.0014 (0.0046)

Genetic Correlation
-------------------
Genetic Correlation: nan (nan) (h2  out of bounds) 
Z-score: nan (nan) (h2  out of bounds)
P: nan (nan) (h2  out of bounds)
WARNING: One of the h2's was out of bounds.
This usually indicates a data-munging error or that h2 or N is low.

Computing rg for phenotype 62/68
Reading summary statistics from ../output_sumstats/output_pmid29632382_T2d-BMIadj_eur.sumstats.gz ...
Read summary statistics for 1217311 SNPs.
After merging with summary statistics, 1166119 SNPs remain.
25914 SNPs with valid alleles.
WARNING: number of SNPs less than 200k; this is almost always bad.
ERROR computing rg for phenotype 62/68, from file ../output_sumstats/output_pmid29632382_T2d-BMIadj_eur.sumstats.gz.
Traceback (most recent call last):
  File "/Users/as/Documents/UNI/Bioinformatik/2023:24_WS/GoBi_Lokal/BlockTeil_Metabolomics/ldsc/ldscore/sumstats.py", line 410, in estimate_rg
    rghat = _rg(loop, args, log, M_annot, ref_ld_cnames, w_ld_cname, i)
  File "/Users/as/Documents/UNI/Bioinformatik/2023:24_WS/GoBi_Lokal/BlockTeil_Metabolomics/ldsc/ldscore/sumstats.py", line 539, in _rg
    intercept_gencov=intercepts[2], n_blocks=n_blocks, twostep=args.two_step)
  File "/Users/as/Documents/UNI/Bioinformatik/2023:24_WS/GoBi_Lokal/BlockTeil_Metabolomics/ldsc/ldscore/regressions.py", line 705, in __init__
    np.multiply(hsq1.tot_delete_values, hsq2.tot_delete_values))
FloatingPointError: invalid value encountered in sqrt


Computing rg for phenotype 63/68
Reading summary statistics from ../output_sumstats/output_pmid30054458_T2d_eur.sumstats.gz ...
Read summary statistics for 1217311 SNPs.
After merging with summary statistics, 1166119 SNPs remain.
998085 SNPs with valid alleles.

Heritability of phenotype 63/68
-------------------------------
Total Observed scale h2: 0.0457 (0.003)
Lambda GC: 1.4602
Mean Chi^2: 1.6893
Intercept: 1.0546 (0.019)
Ratio: 0.0792 (0.0276)

Genetic Covariance
------------------
Total Observed scale gencov: -0.0026 (0.0102)
Mean z1*z2: -0.0017
Intercept: 0.0039 (0.0075)

Genetic Correlation
-------------------
Genetic Correlation: nan (nan) (h2  out of bounds) 
Z-score: nan (nan) (h2  out of bounds)
P: nan (nan) (h2  out of bounds)
WARNING: One of the h2's was out of bounds.
This usually indicates a data-munging error or that h2 or N is low.

Computing rg for phenotype 64/68
Reading summary statistics from ../output_sumstats/output_pmid33111402_PD_eur.sumstats.gz ...
Read summary statistics for 1217311 SNPs.
After merging with summary statistics, 1166119 SNPs remain.
9913 SNPs with valid alleles.
WARNING: number of SNPs less than 200k; this is almost always bad.

Heritability of phenotype 64/68
-------------------------------
Total Observed scale h2: -2.646 (1.1454)
Lambda GC: 0.9547
Mean Chi^2: 0.9496
Intercept: 1.0865 (0.0602)
Ratio: NA (mean chi^2 < 1)

Genetic Covariance
------------------
Total Observed scale gencov: -1.3403 (0.7777)
Mean z1*z2: -0.0508
Intercept: 0.0288 (0.0509)

Genetic Correlation
-------------------
Genetic Correlation: nan (nan) (h2  out of bounds) 
Z-score: nan (nan) (h2  out of bounds)
P: nan (nan) (h2  out of bounds)
WARNING: One of the h2's was out of bounds.
This usually indicates a data-munging error or that h2 or N is low.

Computing rg for phenotype 65/68
Reading summary statistics from ../output_sumstats/output_pmid33310728_RA_eur.sumstats.gz ...
Read summary statistics for 1217311 SNPs.
After merging with summary statistics, 1166119 SNPs remain.
1156969 SNPs with valid alleles.

Heritability of phenotype 65/68
-------------------------------
Total Observed scale h2: 0.0368 (0.0042)
Lambda GC: 1.0741
Mean Chi^2: 1.2002
Intercept: 0.9738 (0.0122)
Ratio < 0 (usually indicates GC correction).

Genetic Covariance
------------------
Total Observed scale gencov: 0.0222 (0.0107)
Mean z1*z2: 0.0081
Intercept: -0.0069 (0.0045)

Genetic Correlation
-------------------
Genetic Correlation: nan (nan) (h2  out of bounds) 
Z-score: nan (nan) (h2  out of bounds)
P: nan (nan) (h2  out of bounds)
WARNING: One of the h2's was out of bounds.
This usually indicates a data-munging error or that h2 or N is low.

Computing rg for phenotype 66/68
Reading summary statistics from ../output_sumstats/output_pmid33589841_LBD_eur.sumstats.gz ...
Read summary statistics for 1217311 SNPs.
After merging with summary statistics, 1166119 SNPs remain.
1059800 SNPs with valid alleles.

Heritability of phenotype 66/68
-------------------------------
Total Observed scale h2: 0.1689 (0.0797)
Lambda GC: 1.0225
Mean Chi^2: 1.0249
Intercept: 1.0025 (0.0085)
Ratio: 0.0997 (0.3409)

Genetic Covariance
------------------
Total Observed scale gencov: -0.1017 (0.0629)
Mean z1*z2: -0.0091
Intercept: 0.0008 (0.005)

Genetic Correlation
-------------------
Genetic Correlation: nan (nan) (h2  out of bounds) 
Z-score: nan (nan) (h2  out of bounds)
P: nan (nan) (h2  out of bounds)
WARNING: One of the h2's was out of bounds.
This usually indicates a data-munging error or that h2 or N is low.

Computing rg for phenotype 67/68
Reading summary statistics from ../output_sumstats/output_pmid33987465_PD_eur.sumstats.gz ...
Read summary statistics for 1217311 SNPs.
After merging with summary statistics, 1166119 SNPs remain.
1163462 SNPs with valid alleles.

Heritability of phenotype 67/68
-------------------------------
Total Observed scale h2: 0.3989 (0.1466)
Lambda GC: 1.0016
Mean Chi^2: 1.0051
Intercept: 0.9827 (0.0061)
Ratio < 0 (usually indicates GC correction).

Genetic Covariance
------------------
Total Observed scale gencov: -0.1456 (0.0834)
Mean z1*z2: -0.0071
Intercept: 0.002 (0.0043)

Genetic Correlation
-------------------
Genetic Correlation: nan (nan) (h2  out of bounds) 
Z-score: nan (nan) (h2  out of bounds)
P: nan (nan) (h2  out of bounds)
WARNING: One of the h2's was out of bounds.
This usually indicates a data-munging error or that h2 or N is low.

Computing rg for phenotype 68/68
Reading summary statistics from ../output_sumstats/output_pmid34737426_APH_eur.sumstats.gz ...
Read summary statistics for 1217311 SNPs.
After merging with summary statistics, 1166119 SNPs remain.
1140597 SNPs with valid alleles.

Heritability of phenotype 68/68
-------------------------------
Total Observed scale h2: -5.0041e-05 (0.0009)
Lambda GC: 0.9957
Mean Chi^2: 0.9852
Intercept: 0.9856 (0.0062)
Ratio: NA (mean chi^2 < 1)

Genetic Covariance
------------------
Total Observed scale gencov: 0.0061 (0.0079)
Mean z1*z2: 0.002
Intercept: -0.003 (0.0053)

Genetic Correlation
-------------------
Genetic Correlation: nan (nan) (h2  out of bounds) 
Z-score: nan (nan) (h2  out of bounds)
P: nan (nan) (h2  out of bounds)
WARNING: One of the h2's was out of bounds.
This usually indicates a data-munging error or that h2 or N is low.


Summary of Genetic Correlation Results
                                                         p1                                                                      p2  rg  se   z   p     h2_obs  h2_obs_se  h2_int h2_int_se   gcov_int gcov_int_se
 ../output_sumstats/output_pmid27989323_IL9_eur.sumstats.gz              ../output_sumstats/output_pmid27989323_IL9_eur.sumstats.gz  NA  NA  NA  NA    -0.1684     0.1253   1.013  0.007076      1.013    0.007081
 ../output_sumstats/output_pmid27989323_IL9_eur.sumstats.gz               ../output_sumstats/output_pmid21833088_MS_eur.sumstats.gz  NA  NA  NA  NA    0.05663    0.02819   1.059  0.008955  -0.000688    0.005985
 ../output_sumstats/output_pmid27989323_IL9_eur.sumstats.gz               ../output_sumstats/output_pmid24076602_MS_eur.sumstats.gz  NA  NA  NA  NA      1.602     0.2404   1.005    0.0834  -0.003691     0.01977
 ../output_sumstats/output_pmid27989323_IL9_eur.sumstats.gz  ../output_sumstats/output_pmid24816252_acetylcarnitine_eur.sumstats.gz  NA  NA  NA  NA    -0.2357    0.08332    1.02   0.00759   -0.00202    0.004823
 ../output_sumstats/output_pmid27989323_IL9_eur.sumstats.gz          ../output_sumstats/output_pmid24816252_alanine_eur.sumstats.gz  NA  NA  NA  NA     0.5302    0.07056   1.011  0.007138  0.0009168    0.004714
 ../output_sumstats/output_pmid27989323_IL9_eur.sumstats.gz         ../output_sumstats/output_pmid24816252_arginine_eur.sumstats.gz  NA  NA  NA  NA  -0.009223    0.06376   1.038  0.007192  -0.004382    0.004529
 ../output_sumstats/output_pmid27989323_IL9_eur.sumstats.gz       ../output_sumstats/output_pmid24816252_asparagine_eur.sumstats.gz  NA  NA  NA  NA     0.4978    0.06695   1.019   0.00727  -0.008798    0.004268
 ../output_sumstats/output_pmid27989323_IL9_eur.sumstats.gz      ../output_sumstats/output_pmid24816252_cholesterol_eur.sumstats.gz  NA  NA  NA  NA     0.1328    0.06754   1.044  0.006603  -0.003102    0.005071
 ../output_sumstats/output_pmid27989323_IL9_eur.sumstats.gz          ../output_sumstats/output_pmid24816252_citrate_eur.sumstats.gz  NA  NA  NA  NA     0.4536    0.07962   1.059  0.008212    0.00192    0.004565
 ../output_sumstats/output_pmid27989323_IL9_eur.sumstats.gz        ../output_sumstats/output_pmid24816252_glutamate_eur.sumstats.gz  NA  NA  NA  NA     0.1614    0.05735   0.932  0.005917  0.0007414    0.004835
 ../output_sumstats/output_pmid27989323_IL9_eur.sumstats.gz         ../output_sumstats/output_pmid24816252_glycerol_eur.sumstats.gz  NA  NA  NA  NA    -0.1292     0.0605   1.016  0.006951   0.001875    0.004745
 ../output_sumstats/output_pmid27989323_IL9_eur.sumstats.gz        ../output_sumstats/output_pmid24816252_histidine_eur.sumstats.gz  NA  NA  NA  NA     0.4309    0.06941  0.7587  0.006129    0.00279    0.003947
 ../output_sumstats/output_pmid27989323_IL9_eur.sumstats.gz       ../output_sumstats/output_pmid24816252_isoleucine_eur.sumstats.gz  NA  NA  NA  NA    -0.2742    0.05888  0.9989  0.006494   0.002597    0.004645
 ../output_sumstats/output_pmid27989323_IL9_eur.sumstats.gz    ../output_sumstats/output_pmid24816252_phenylalanine_eur.sumstats.gz  NA  NA  NA  NA      0.329    0.04348  0.7775  0.005085  -0.009863     0.00382
 ../output_sumstats/output_pmid27989323_IL9_eur.sumstats.gz          ../output_sumstats/output_pmid24816252_proline_eur.sumstats.gz  NA  NA  NA  NA     0.3718    0.09006   1.038   0.01271   0.005955    0.004477
 ../output_sumstats/output_pmid27989323_IL9_eur.sumstats.gz         ../output_sumstats/output_pmid24816252_pyruvate_eur.sumstats.gz  NA  NA  NA  NA     0.1514    0.05587  0.9988   0.00601   0.004924    0.004438
 ../output_sumstats/output_pmid27989323_IL9_eur.sumstats.gz        ../output_sumstats/output_pmid24816252_threonine_eur.sumstats.gz  NA  NA  NA  NA    0.04662    0.08387    1.01  0.006765   0.004191    0.004536
 ../output_sumstats/output_pmid27989323_IL9_eur.sumstats.gz       ../output_sumstats/output_pmid24816252_tryptophan_eur.sumstats.gz  NA  NA  NA  NA     0.9279    0.07505   1.048  0.007993    0.00147    0.004734
 ../output_sumstats/output_pmid27989323_IL9_eur.sumstats.gz         ../output_sumstats/output_pmid24816252_tyrosine_eur.sumstats.gz  NA  NA  NA  NA     0.1673    0.07117   1.032  0.007184   0.001667    0.004486
 ../output_sumstats/output_pmid27989323_IL9_eur.sumstats.gz             ../output_sumstats/output_pmid24816252_urea_eur.sumstats.gz  NA  NA  NA  NA   -0.07731    0.05237   1.012  0.006289   -0.01012    0.004513
 ../output_sumstats/output_pmid27989323_IL9_eur.sumstats.gz               ../output_sumstats/output_pmid27386562_MS_eur.sumstats.gz  NA  NA  NA  NA     0.2407    0.04713   1.067    0.0089  -0.008447    0.005016
 ../output_sumstats/output_pmid27989323_IL9_eur.sumstats.gz              ../output_sumstats/output_pmid27455348_ALS_eur.sumstats.gz  NA  NA  NA  NA    0.04765     0.0127  0.9977  0.006309  -0.004191    0.004359
 ../output_sumstats/output_pmid27989323_IL9_eur.sumstats.gz            ../output_sumstats/output_pmid27989323_CTACK_eur.sumstats.gz  NA  NA  NA  NA   -0.00844     0.1158   1.004  0.006981     0.0136    0.005306
 ../output_sumstats/output_pmid27989323_IL9_eur.sumstats.gz             ../output_sumstats/output_pmid27989323_GCSF_eur.sumstats.gz  NA  NA  NA  NA    0.02591    0.06156   1.007  0.007996     0.3105    0.005517
 ../output_sumstats/output_pmid27989323_IL9_eur.sumstats.gz             ../output_sumstats/output_pmid27989323_GROa_eur.sumstats.gz  NA  NA  NA  NA     -45.33      20.79   1.381     0.479    0.08453      0.2593
 ../output_sumstats/output_pmid27989323_IL9_eur.sumstats.gz              ../output_sumstats/output_pmid27989323_HGF_eur.sumstats.gz  NA  NA  NA  NA   -0.02278    0.05854    1.01  0.007921    0.09119    0.005009
 ../output_sumstats/output_pmid27989323_IL9_eur.sumstats.gz             ../output_sumstats/output_pmid27989323_IFNg_eur.sumstats.gz  NA  NA  NA  NA    0.01441    0.06217  0.9988  0.007375     0.3162    0.005909
 ../output_sumstats/output_pmid27989323_IL9_eur.sumstats.gz             ../output_sumstats/output_pmid27989323_IL10_eur.sumstats.gz  NA  NA  NA  NA  -0.005804    0.08002   1.018   0.01234     0.3397    0.006121
 ../output_sumstats/output_pmid27989323_IL9_eur.sumstats.gz          ../output_sumstats/output_pmid27989323_IL12p70_eur.sumstats.gz  NA  NA  NA  NA   -0.01465    0.09014   1.033    0.0194     0.3507     0.00613
 ../output_sumstats/output_pmid27989323_IL9_eur.sumstats.gz             ../output_sumstats/output_pmid27989323_IL13_eur.sumstats.gz  NA  NA  NA  NA    -0.1629     0.1629   1.017   0.01243      0.551    0.006251
 ../output_sumstats/output_pmid27989323_IL9_eur.sumstats.gz             ../output_sumstats/output_pmid27989323_IL16_eur.sumstats.gz  NA  NA  NA  NA   -0.07946     0.1275  0.9957  0.007291    0.05041    0.005219
 ../output_sumstats/output_pmid27989323_IL9_eur.sumstats.gz             ../output_sumstats/output_pmid27989323_IL17_eur.sumstats.gz  NA  NA  NA  NA     -3.433      1.359   1.493    0.1348     0.5193      0.1007
 ../output_sumstats/output_pmid27989323_IL9_eur.sumstats.gz             ../output_sumstats/output_pmid27989323_IL18_eur.sumstats.gz  NA  NA  NA  NA         NA         NA      NA        NA         NA          NA
 ../output_sumstats/output_pmid27989323_IL9_eur.sumstats.gz            ../output_sumstats/output_pmid27989323_IL1ra_eur.sumstats.gz  NA  NA  NA  NA    0.02143     0.1443   1.007  0.008035     0.5873    0.006485
 ../output_sumstats/output_pmid27989323_IL9_eur.sumstats.gz              ../output_sumstats/output_pmid27989323_IL2_eur.sumstats.gz  NA  NA  NA  NA   -0.08977     0.1303   1.014  0.007097     0.5524    0.005933
 ../output_sumstats/output_pmid27989323_IL9_eur.sumstats.gz            ../output_sumstats/output_pmid27989323_IL2ra_eur.sumstats.gz  NA  NA  NA  NA    0.06532      0.118   1.003  0.006632     0.1195    0.005387
 ../output_sumstats/output_pmid27989323_IL9_eur.sumstats.gz              ../output_sumstats/output_pmid27989323_IL4_eur.sumstats.gz  NA  NA  NA  NA   -0.03915       0.06    1.01   0.00806      0.269    0.005821
 ../output_sumstats/output_pmid27989323_IL9_eur.sumstats.gz              ../output_sumstats/output_pmid27989323_IL5_eur.sumstats.gz  NA  NA  NA  NA     -0.124     0.1364   1.012  0.007425     0.4211    0.005983
 ../output_sumstats/output_pmid27989323_IL9_eur.sumstats.gz              ../output_sumstats/output_pmid27989323_IL6_eur.sumstats.gz  NA  NA  NA  NA  3.649e-05    0.05679   1.008  0.007012     0.3365    0.005452
 ../output_sumstats/output_pmid27989323_IL9_eur.sumstats.gz              ../output_sumstats/output_pmid27989323_IL7_eur.sumstats.gz  NA  NA  NA  NA   -0.03293     0.1576   1.013  0.008886     0.4407    0.005606
 ../output_sumstats/output_pmid27989323_IL9_eur.sumstats.gz              ../output_sumstats/output_pmid27989323_IL8_eur.sumstats.gz  NA  NA  NA  NA   -0.02922     0.1269   1.008  0.006772     0.4487    0.005345
 ../output_sumstats/output_pmid27989323_IL9_eur.sumstats.gz             ../output_sumstats/output_pmid27989323_MCP1_eur.sumstats.gz  NA  NA  NA  NA     0.1728    0.08246  0.9942  0.007928     0.1902    0.005111
 ../output_sumstats/output_pmid27989323_IL9_eur.sumstats.gz             ../output_sumstats/output_pmid27989323_MCP3_eur.sumstats.gz  NA  NA  NA  NA    -0.8431     0.5696   1.014  0.007751     0.1287    0.005062
 ../output_sumstats/output_pmid27989323_IL9_eur.sumstats.gz             ../output_sumstats/output_pmid27989323_MCSF_eur.sumstats.gz  NA  NA  NA  NA     0.1379      0.502  0.9908  0.007075    0.07176    0.005192
 ../output_sumstats/output_pmid27989323_IL9_eur.sumstats.gz              ../output_sumstats/output_pmid27989323_MIF_eur.sumstats.gz  NA  NA  NA  NA    0.08569     0.1363   1.005  0.006979    0.03617     0.00519
 ../output_sumstats/output_pmid27989323_IL9_eur.sumstats.gz              ../output_sumstats/output_pmid27989323_MIG_eur.sumstats.gz  NA  NA  NA  NA    -0.1377     0.1095   1.015  0.006394      0.121    0.005762
 ../output_sumstats/output_pmid27989323_IL9_eur.sumstats.gz            ../output_sumstats/output_pmid27989323_MIP1a_eur.sumstats.gz  NA  NA  NA  NA    -0.1366     0.1404   1.009  0.007117     0.6488    0.006437
 ../output_sumstats/output_pmid27989323_IL9_eur.sumstats.gz            ../output_sumstats/output_pmid27989323_MIP1b_eur.sumstats.gz  NA  NA  NA  NA     0.2273     0.2757   1.018   0.02858     0.1551    0.005376
 ../output_sumstats/output_pmid27989323_IL9_eur.sumstats.gz           ../output_sumstats/output_pmid27989323_PDGFbb_eur.sumstats.gz  NA  NA  NA  NA  -0.007781    0.06235   1.022  0.008694     0.1883    0.005348
 ../output_sumstats/output_pmid27989323_IL9_eur.sumstats.gz           ../output_sumstats/output_pmid27989323_RANTES_eur.sumstats.gz  NA  NA  NA  NA     0.1144     0.1271       1  0.006699    0.04934    0.004922
 ../output_sumstats/output_pmid27989323_IL9_eur.sumstats.gz              ../output_sumstats/output_pmid27989323_SCF_eur.sumstats.gz  NA  NA  NA  NA   -0.05664    0.05662   1.019  0.007333    0.01175    0.005157
 ../output_sumstats/output_pmid27989323_IL9_eur.sumstats.gz            ../output_sumstats/output_pmid27989323_SCGFb_eur.sumstats.gz  NA  NA  NA  NA    0.09282     0.1811   1.012   0.01025     0.1089    0.008029
 ../output_sumstats/output_pmid27989323_IL9_eur.sumstats.gz             ../output_sumstats/output_pmid27989323_SDF1_eur.sumstats.gz  NA  NA  NA  NA  -0.009317    0.07605  0.9984  0.007212    0.05649    0.005222
 ../output_sumstats/output_pmid27989323_IL9_eur.sumstats.gz             ../output_sumstats/output_pmid27989323_TNFa_eur.sumstats.gz  NA  NA  NA  NA   -0.05613     0.1336   0.998   0.00695     0.4668    0.005751
 ../output_sumstats/output_pmid27989323_IL9_eur.sumstats.gz             ../output_sumstats/output_pmid27989323_TNFb_eur.sumstats.gz  NA  NA  NA  NA    -0.4524     0.3077    1.01  0.007515    0.05014       0.006
 ../output_sumstats/output_pmid27989323_IL9_eur.sumstats.gz            ../output_sumstats/output_pmid27989323_TRAIL_eur.sumstats.gz  NA  NA  NA  NA   -0.01562    0.05527    1.02   0.01169    0.02549    0.005467
 ../output_sumstats/output_pmid27989323_IL9_eur.sumstats.gz             ../output_sumstats/output_pmid27989323_bNGF_eur.sumstats.gz  NA  NA  NA  NA      0.264     0.1388  0.9941  0.007723     0.2076     0.00567
 ../output_sumstats/output_pmid27989323_IL9_eur.sumstats.gz          ../output_sumstats/output_pmid27989323_eotaxin_eur.sumstats.gz  NA  NA  NA  NA     0.1081    0.06661   1.008   0.00757     0.2689    0.004994
 ../output_sumstats/output_pmid27989323_IL9_eur.sumstats.gz             ../output_sumstats/output_pmid27989323_ip10_eur.sumstats.gz  NA  NA  NA  NA     0.1333     0.1229   1.008  0.007324     0.1734    0.005233
 ../output_sumstats/output_pmid27989323_IL9_eur.sumstats.gz              ../output_sumstats/output_pmid29566793_ALS_eur.sumstats.gz  NA  NA  NA  NA    0.03208   0.007247   1.022  0.007279  -0.001416    0.004599
 ../output_sumstats/output_pmid27989323_IL9_eur.sumstats.gz       ../output_sumstats/output_pmid29632382_T2d-BMIadj_eur.sumstats.gz  NA  NA  NA  NA         NA         NA      NA        NA         NA          NA
 ../output_sumstats/output_pmid27989323_IL9_eur.sumstats.gz              ../output_sumstats/output_pmid30054458_T2d_eur.sumstats.gz  NA  NA  NA  NA    0.04571    0.00302   1.055   0.01902   0.003882    0.007457
 ../output_sumstats/output_pmid27989323_IL9_eur.sumstats.gz               ../output_sumstats/output_pmid33111402_PD_eur.sumstats.gz  NA  NA  NA  NA     -2.646      1.145   1.087   0.06018    0.02879     0.05088
 ../output_sumstats/output_pmid27989323_IL9_eur.sumstats.gz               ../output_sumstats/output_pmid33310728_RA_eur.sumstats.gz  NA  NA  NA  NA    0.03679   0.004198  0.9738   0.01215    -0.0069    0.004484
 ../output_sumstats/output_pmid27989323_IL9_eur.sumstats.gz              ../output_sumstats/output_pmid33589841_LBD_eur.sumstats.gz  NA  NA  NA  NA     0.1689    0.07972   1.002   0.00849  0.0007924    0.004991
 ../output_sumstats/output_pmid27989323_IL9_eur.sumstats.gz               ../output_sumstats/output_pmid33987465_PD_eur.sumstats.gz  NA  NA  NA  NA     0.3989     0.1466  0.9827  0.006149   0.001978    0.004278
 ../output_sumstats/output_pmid27989323_IL9_eur.sumstats.gz              ../output_sumstats/output_pmid34737426_APH_eur.sumstats.gz  NA  NA  NA  NA -5.004e-05  0.0009418  0.9856  0.006189  -0.002985    0.005278

Analysis finished at Sat Feb 24 19:36:32 2024
Total time elapsed: 9.0m:19.26s
